2021-10-31 04:22:48,916 - INFO - python main.py algo -dl d1 -ml h1 brute -ol I W RI RW -ll 2 -g 10 -bl 1 2
2021-10-31 04:22:48,933 - INFO - load:../zdata/residence_217_spl.pkl
2021-10-31 04:22:48,933 - INFO - Finish random requester set R and supplier set S 
                             percent_R=0.25, num_R=55, len_R=55 
                             percent_S=0.25, num_S=55, len_S=54
2021-10-31 04:22:49,265 - INFO - d1, 2.0, I, h1, 1, (0.0, 0.0), {53}, 821
2021-10-31 04:22:49,630 - INFO - d1, 2.0, I, h1, 2, (0.0, 0.2), {125, 53}, 1455
2021-10-31 04:22:49,949 - INFO - d1, 2.0, I, brute, 1, (0.0, 0.0), {53}, 821
2021-10-31 04:22:50,310 - INFO - d1, 2.0, I, brute, 2, (0.0, 0.2), {125, 53}, 1455
2021-10-31 04:22:50,623 - INFO - d1, 2.0, W, h1, 1, (0.0, 0.0), {53}, 390.49
2021-10-31 04:22:50,982 - INFO - d1, 2.0, W, h1, 2, (0.0, 0.2), {53, 125}, 692.84
2021-10-31 04:22:51,299 - INFO - d1, 2.0, W, brute, 1, (0.0, 0.0), {53}, 390.49
2021-10-31 04:22:51,662 - INFO - d1, 2.0, W, brute, 2, (0.0, 0.2), {125, 53}, 692.84
2021-10-31 04:22:51,975 - INFO - d1, 2.0, RI, h1, 1, (0.0, 0.0), {53}, 0.0
2021-10-31 04:22:52,337 - INFO - d1, 2.0, RI, h1, 2, (0.0, 0.2), {53, 125}, -291.0
2021-10-31 04:22:52,657 - INFO - d1, 2.0, RI, brute, 1, (0.0, 0.0), {53}, 0.0
2021-10-31 04:22:53,014 - INFO - d1, 2.0, RI, brute, 2, (0.0, 0.2), {125, 53}, -291.0
2021-10-31 04:22:53,328 - INFO - d1, 2.0, RW, h1, 1, (0.4, 0.0), {53}, 262.0
2021-10-31 04:22:53,693 - INFO - d1, 2.0, RW, h1, 2, (0.4, 0.0), {53}, 262.0
2021-10-31 04:22:54,012 - INFO - d1, 2.0, RW, brute, 1, (0.4, 0.0), {53}, 262.0
2021-10-31 04:22:54,375 - INFO - d1, 2.0, RW, brute, 2, (0.4, 0.0), {53}, 262.0
