2021-11-05 14:07:21,645 - INFO - python main.py algo -dl d1 -ll 2 -ol I W RI RW -ml brute -gl 2 -bl 1 2
2021-11-05 14:07:21,646 - INFO - ====================_2.0
2021-11-05 14:07:21,660 - INFO - load:../zdata/residence_217_spl.pkl
2021-11-05 14:07:21,661 - INFO - Finish random requester set R and supplier set S 
                             percent_R=0.25, num_R=55, len_R=55 
                             percent_S=0.25, num_S=55, len_S=54
2021-11-05 14:07:21,672 - INFO - ============================== d1_2_A_brute  b=1
2021-11-05 14:07:21,672 - INFO - skip (0.0, 0.0) 
2021-11-05 14:07:21,672 - INFO - skip (0.0, 0.5) 
2021-11-05 14:07:21,672 - INFO - skip (0.0, 1.0) 
2021-11-05 14:07:21,673 - INFO - skip (0.5, 0.0) 
2021-11-05 14:07:21,673 - INFO - skip (0.5, 0.5) 
2021-11-05 14:07:21,673 - INFO - skip (0.5, 1.0) 
2021-11-05 14:07:21,673 - INFO - skip (1.0, 0.0) 
2021-11-05 14:07:21,673 - INFO - skip (1.0, 0.5) 
2021-11-05 14:07:21,673 - INFO - skip (1.0, 1.0) 
2021-11-05 14:07:21,677 - INFO - ============================== d1_2_A_brute  b=2
2021-11-05 14:07:21,678 - INFO - compute (0.0, 0.0)
2021-11-05 14:07:21,678 - INFO - compute (0.0, 0.5)
2021-11-05 14:07:22,830 - INFO - compute (0.0, 1.0)
2021-11-05 14:07:26,750 - INFO - compute (0.5, 0.0)
2021-11-05 14:07:26,750 - INFO - compute (0.5, 0.5)
2021-11-05 14:07:27,356 - INFO - compute (0.5, 1.0)
2021-11-05 14:07:29,453 - INFO - compute (1.0, 0.0)
2021-11-05 14:07:29,453 - INFO - compute (1.0, 0.5)
2021-11-05 14:07:29,454 - INFO - compute (1.0, 1.0)
