2021-11-05 14:47:36,087 - INFO - python /Users/zsy/Desktop/work2exp/exp2/main.py algo -dl d1 -ll 2 -ol I W RI RW -ml brute -gl 2 -bl 1 2
2021-11-05 14:47:36,088 - INFO - ====================_2.0
2021-11-05 14:47:36,113 - INFO - load:../zdata/residence_217_spl.pkl
2021-11-05 14:47:36,115 - INFO - Finish random requester set R and supplier set S 
                             percent_R=0.25, num_R=55, len_R=55 
                             percent_S=0.25, num_S=55, len_S=54
2021-11-05 14:47:36,138 - INFO - ============================== d1_2_A_brute  b=1
2021-11-05 14:47:36,138 - INFO - compute (0.0, 0.0)
2021-11-05 14:47:36,143 - INFO - compute (0.0, 0.5)
2021-11-05 14:47:36,256 - INFO - compute (0.0, 1.0)
2021-11-05 14:47:36,463 - INFO - compute (0.5, 0.0)
2021-11-05 14:47:36,465 - INFO - compute (0.5, 0.5)
2021-11-05 14:47:36,526 - INFO - compute (0.5, 1.0)
2021-11-05 14:47:36,631 - INFO - compute (1.0, 0.0)
2021-11-05 14:47:36,632 - INFO - compute (1.0, 0.5)
2021-11-05 14:47:36,632 - INFO - compute (1.0, 1.0)
2021-11-05 14:50:02,076 - INFO - ============================== d1_2_A_brute  b=2
2021-11-05 14:50:02,076 - INFO - compute (0.0, 0.0)
2021-11-05 14:50:02,076 - INFO - compute (0.0, 0.5)
2021-11-05 14:50:04,251 - INFO - compute (0.0, 1.0)
2021-11-05 14:50:11,623 - INFO - compute (0.5, 0.0)
2021-11-05 14:50:11,623 - INFO - compute (0.5, 0.5)
2021-11-05 14:50:12,730 - INFO - compute (0.5, 1.0)
2021-11-05 14:50:16,580 - INFO - compute (1.0, 0.0)
2021-11-05 14:50:16,580 - INFO - compute (1.0, 0.5)
2021-11-05 14:50:16,585 - INFO - compute (1.0, 1.0)
