2021-11-05 05:34:06,801 - INFO - python main.py algo -dl d1 -ll 2 -ol I W RI RW -ml brute -gl 2 -bl 1 2
2021-11-05 05:34:06,801 - INFO - ====================_2.0
2021-11-05 05:34:06,816 - INFO - load:../zdata/residence_217_spl.pkl
2021-11-05 05:34:06,816 - INFO - Finish random requester set R and supplier set S 
                             percent_R=0.25, num_R=55, len_R=55 
                             percent_S=0.25, num_S=55, len_S=54
2021-11-05 05:34:06,827 - INFO - ============================== d1_2_A_brute  b=1
2021-11-05 05:34:06,827 - INFO - compute (0.0, 0.0)
2021-11-05 05:34:06,829 - INFO - compute (0.0, 0.5)
2021-11-05 05:34:06,890 - INFO - compute (0.0, 1.0)
2021-11-05 05:34:07,000 - INFO - compute (0.5, 0.0)
2021-11-05 05:34:07,001 - INFO - compute (0.5, 0.5)
2021-11-05 05:34:07,034 - INFO - compute (0.5, 1.0)
2021-11-05 05:34:07,088 - INFO - compute (1.0, 0.0)
2021-11-05 05:34:07,089 - INFO - compute (1.0, 0.5)
2021-11-05 05:34:07,089 - INFO - compute (1.0, 1.0)
2021-11-05 05:34:07,093 - INFO - ============================== d1_2_A_brute  b=2
2021-11-05 05:34:07,093 - INFO - compute (0.0, 0.0)
2021-11-05 05:34:07,094 - INFO - compute (0.0, 0.5)
2021-11-05 05:34:08,310 - INFO - compute (0.0, 1.0)
2021-11-05 05:34:12,457 - INFO - compute (0.5, 0.0)
2021-11-05 05:34:12,457 - INFO - compute (0.5, 0.5)
2021-11-05 05:34:13,093 - INFO - compute (0.5, 1.0)
2021-11-05 05:34:15,268 - INFO - compute (1.0, 0.0)
2021-11-05 05:34:15,269 - INFO - compute (1.0, 0.5)
2021-11-05 05:34:15,270 - INFO - compute (1.0, 1.0)
