2021-11-05 14:55:28,120 - INFO - python main.py algo -dl d1 -ll 2 -ol I W RI RW -ml brute -gl 2 -bl 1 2
2021-11-05 14:55:28,121 - INFO - ====================_2.0
2021-11-05 14:55:28,136 - INFO - load:../zdata/residence_217_spl.pkl
2021-11-05 14:55:28,137 - INFO - Finish random requester set R and supplier set S 
                             percent_R=0.25, num_R=55, len_R=55 
                             percent_S=0.25, num_S=55, len_S=54
2021-11-05 14:55:28,148 - INFO - ============================== d1_2_A_brute  b=1
2021-11-05 14:55:28,148 - INFO - compute (0.0, 0.0)
2021-11-05 14:55:28,151 - INFO - compute (0.0, 0.5)
2021-11-05 14:55:28,206 - INFO - compute (0.0, 1.0)
2021-11-05 14:55:28,308 - INFO - compute (0.5, 0.0)
2021-11-05 14:55:28,310 - INFO - compute (0.5, 0.5)
2021-11-05 14:55:28,338 - INFO - compute (0.5, 1.0)
2021-11-05 14:55:28,393 - INFO - compute (1.0, 0.0)
2021-11-05 14:55:28,394 - INFO - compute (1.0, 0.5)
2021-11-05 14:55:28,394 - INFO - compute (1.0, 1.0)
2021-11-05 14:55:28,408 - INFO - ============================== d1_2_A_brute  b=2
2021-11-05 14:55:28,408 - INFO - compute (0.0, 0.0)
2021-11-05 14:55:28,409 - INFO - compute (0.0, 0.5)
2021-11-05 14:55:29,612 - INFO - compute (0.0, 1.0)
2021-11-05 14:55:33,573 - INFO - compute (0.5, 0.0)
2021-11-05 14:55:33,573 - INFO - compute (0.5, 0.5)
2021-11-05 14:55:34,155 - INFO - compute (0.5, 1.0)
2021-11-05 14:55:36,133 - INFO - compute (1.0, 0.0)
2021-11-05 14:55:36,133 - INFO - compute (1.0, 0.5)
2021-11-05 14:55:36,134 - INFO - compute (1.0, 1.0)
