2021-11-05 13:58:24,167 - INFO - python main.py algo -dl d1 -ll 2 -ol I W RI RW -ml brute -gl 2 -bl 1 2
2021-11-05 13:58:24,167 - INFO - ====================_2.0
2021-11-05 13:58:24,183 - INFO - load:../zdata/residence_217_spl.pkl
2021-11-05 13:58:24,183 - INFO - Finish random requester set R and supplier set S 
                             percent_R=0.25, num_R=55, len_R=55 
                             percent_S=0.25, num_S=55, len_S=54
2021-11-05 13:58:24,194 - INFO - ============================== d1_2_A_brute  b=1
2021-11-05 13:58:24,194 - INFO - compute (0.0, 0.0)
2021-11-05 13:58:24,196 - INFO - compute (0.0, 0.5)
2021-11-05 13:58:24,255 - INFO - compute (0.0, 1.0)
2021-11-05 13:58:24,355 - INFO - compute (0.5, 0.0)
2021-11-05 13:58:24,356 - INFO - compute (0.5, 0.5)
2021-11-05 13:58:24,387 - INFO - compute (0.5, 1.0)
2021-11-05 13:58:24,441 - INFO - compute (1.0, 0.0)
2021-11-05 13:58:24,441 - INFO - compute (1.0, 0.5)
2021-11-05 13:58:24,441 - INFO - compute (1.0, 1.0)
2021-11-05 13:58:24,445 - INFO - ============================== d1_2_A_brute  b=2
2021-11-05 13:58:24,445 - INFO - compute (0.0, 0.0)
2021-11-05 13:58:24,445 - INFO - compute (0.0, 0.5)
2021-11-05 13:58:25,614 - INFO - compute (0.0, 1.0)
2021-11-05 13:58:29,476 - INFO - compute (0.5, 0.0)
2021-11-05 13:58:29,477 - INFO - compute (0.5, 0.5)
2021-11-05 13:58:30,056 - INFO - compute (0.5, 1.0)
2021-11-05 13:58:32,020 - INFO - compute (1.0, 0.0)
2021-11-05 13:58:32,020 - INFO - compute (1.0, 0.5)
2021-11-05 13:58:32,021 - INFO - compute (1.0, 1.0)
