2021-09-06 06:39:42,933 - INFO - Namespace(beta_paras='3,6,6,3', budget_list='2', did='d1', grain_list_p='10', grain_list_pq='5+5', grain_list_q='10', method='brute', percent_R='0.25', percent_S='0.25', seed='32', version='v09060639')
2021-09-06 06:39:42,949 - INFO - Finish random requester set R and supplier set S 
                             percent_R=0.25, num_R=55, len_R=55 
                             percent_S=0.25, num_S=55, len_S=54
2021-09-06 06:39:42,949 - INFO - Finish random valuations using v_beta_paras for R and costs using c_beta_paras for S
2021-09-06 06:39:44,145 - INFO - compute: budget=2, scheme=(0.0,0.4), result=((172, 109), 876) 
 tilderR(55)={0, 130, 2, 133, 6, 134, 5, 9, 138, 136, 12, 14, 142, 145, 19, 20, 153, 25, 28, 30, 32, 37, 40, 41, 42, 176, 178, 51, 181, 54, 184, 58, 187, 60, 188, 192, 193, 73, 76, 77, 207, 79, 83, 84, 85, 90, 94, 110, 112, 114, 119, 120, 124, 126, 127}, 
 tilderS(3)={17, 172, 109})
2021-09-06 06:39:55,180 - INFO - compute: budget=2, scheme=(0.0,0.6000000000000001), result=((167, 49), 1351) 
 tilderR(55)={0, 130, 2, 133, 6, 134, 5, 9, 138, 136, 12, 14, 142, 145, 19, 20, 153, 25, 28, 30, 32, 37, 40, 41, 42, 176, 178, 51, 181, 54, 184, 58, 187, 60, 188, 192, 193, 73, 76, 77, 207, 79, 83, 84, 85, 90, 94, 110, 112, 114, 119, 120, 124, 126, 127}, 
 tilderS(18)={161, 65, 167, 169, 74, 202, 172, 109, 205, 175, 17, 49, 146, 151, 185, 154, 156, 31})
2021-09-06 06:41:15,438 - INFO - compute: budget=2, scheme=(0.0,0.8), result=((1, 150), 1668) 
 tilderR(55)={0, 130, 2, 133, 6, 134, 5, 9, 138, 136, 12, 14, 142, 145, 19, 20, 153, 25, 28, 30, 32, 37, 40, 41, 42, 176, 178, 51, 181, 54, 184, 58, 187, 60, 188, 192, 193, 73, 76, 77, 207, 79, 83, 84, 85, 90, 94, 110, 112, 114, 119, 120, 124, 126, 127}, 
 tilderS(47)={1, 132, 8, 15, 17, 146, 147, 21, 150, 23, 151, 24, 154, 156, 29, 31, 161, 33, 167, 169, 170, 172, 173, 174, 175, 48, 49, 47, 185, 189, 61, 65, 66, 67, 74, 203, 202, 205, 208, 210, 213, 214, 92, 98, 109, 122, 125})
2021-09-06 06:43:02,016 - INFO - compute: budget=2, scheme=(0.0,1.0), result=((1, 150), 1668) 
 tilderR(55)={0, 130, 2, 133, 6, 134, 5, 9, 138, 136, 12, 14, 142, 145, 19, 20, 153, 25, 28, 30, 32, 37, 40, 41, 42, 176, 178, 51, 181, 54, 184, 58, 187, 60, 188, 192, 193, 73, 76, 77, 207, 79, 83, 84, 85, 90, 94, 110, 112, 114, 119, 120, 124, 126, 127}, 
 tilderS(54)={1, 132, 8, 15, 17, 146, 147, 21, 150, 23, 151, 149, 154, 24, 156, 29, 31, 161, 33, 167, 168, 169, 170, 172, 173, 46, 174, 175, 49, 48, 179, 47, 185, 189, 62, 191, 61, 65, 66, 67, 74, 203, 202, 205, 208, 210, 213, 214, 92, 98, 102, 109, 122, 125})
2021-09-06 06:43:02,159 - INFO - compute: budget=2, scheme=(0.2,0.4), result=((172, 109), 742) 
 tilderR(45)={0, 130, 2, 133, 134, 5, 136, 9, 138, 12, 142, 145, 19, 20, 153, 25, 30, 32, 37, 41, 42, 176, 178, 51, 54, 58, 187, 60, 188, 192, 193, 76, 207, 79, 83, 84, 85, 90, 94, 112, 114, 119, 124, 126, 127}, 
 tilderS(3)={17, 172, 109})
2021-09-06 06:43:09,588 - INFO - compute: budget=2, scheme=(0.2,0.6000000000000001), result=((167, 49), 1098) 
 tilderR(45)={0, 130, 2, 133, 134, 5, 136, 9, 138, 12, 142, 145, 19, 20, 153, 25, 30, 32, 37, 41, 42, 176, 178, 51, 54, 58, 187, 60, 188, 192, 193, 76, 207, 79, 83, 84, 85, 90, 94, 112, 114, 119, 124, 126, 127}, 
 tilderS(18)={161, 65, 167, 169, 74, 202, 172, 109, 205, 175, 17, 49, 146, 151, 185, 154, 156, 31})
2021-09-06 06:44:03,444 - INFO - compute: budget=2, scheme=(0.2,0.8), result=((150, 49), 1361) 
 tilderR(45)={0, 130, 2, 133, 134, 5, 136, 9, 138, 12, 142, 145, 19, 20, 153, 25, 30, 32, 37, 41, 42, 176, 178, 51, 54, 58, 187, 60, 188, 192, 193, 76, 207, 79, 83, 84, 85, 90, 94, 112, 114, 119, 124, 126, 127}, 
 tilderS(47)={1, 132, 8, 15, 17, 146, 147, 21, 150, 23, 151, 24, 154, 156, 29, 31, 161, 33, 167, 169, 170, 172, 173, 174, 175, 48, 49, 47, 185, 189, 61, 65, 66, 67, 74, 203, 202, 205, 208, 210, 213, 214, 92, 98, 109, 122, 125})
2021-09-06 06:45:14,834 - INFO - compute: budget=2, scheme=(0.2,1.0), result=((150, 49), 1361) 
 tilderR(45)={0, 130, 2, 133, 134, 5, 136, 9, 138, 12, 142, 145, 19, 20, 153, 25, 30, 32, 37, 41, 42, 176, 178, 51, 54, 58, 187, 60, 188, 192, 193, 76, 207, 79, 83, 84, 85, 90, 94, 112, 114, 119, 124, 126, 127}, 
 tilderS(54)={1, 132, 8, 15, 17, 146, 147, 21, 150, 23, 151, 149, 154, 24, 156, 29, 31, 161, 33, 167, 168, 169, 170, 172, 173, 46, 174, 175, 49, 48, 179, 47, 185, 189, 62, 191, 61, 65, 66, 67, 74, 203, 202, 205, 208, 210, 213, 214, 92, 98, 102, 109, 122, 125})
2021-09-06 06:45:14,858 - INFO - compute: budget=2, scheme=(0.4,0.4), result=((17, 109), 332) 
 tilderR(18)={0, 193, 192, 58, 133, 134, 207, 112, 79, 188, 83, 114, 85, 145, 30, 90, 124, 94}, 
 tilderS(3)={17, 172, 109})
2021-09-06 06:45:16,064 - INFO - compute: budget=2, scheme=(0.4,0.6000000000000001), result=((205, 49), 505) 
 tilderR(18)={0, 193, 192, 58, 133, 134, 207, 112, 79, 188, 83, 114, 85, 145, 30, 90, 124, 94}, 
 tilderS(18)={161, 65, 167, 169, 74, 202, 172, 109, 205, 175, 17, 49, 146, 151, 185, 154, 156, 31})
2021-09-06 06:45:24,589 - INFO - compute: budget=2, scheme=(0.4,0.8), result=((150, 49), 568) 
 tilderR(18)={0, 193, 192, 58, 133, 134, 207, 112, 79, 188, 83, 114, 85, 145, 30, 90, 124, 94}, 
 tilderS(47)={1, 132, 8, 15, 17, 146, 147, 21, 150, 23, 151, 24, 154, 156, 29, 31, 161, 33, 167, 169, 170, 172, 173, 174, 175, 48, 49, 47, 185, 189, 61, 65, 66, 67, 74, 203, 202, 205, 208, 210, 213, 214, 92, 98, 109, 122, 125})
2021-09-06 06:45:35,897 - INFO - compute: budget=2, scheme=(0.4,1.0), result=((150, 49), 568) 
 tilderR(18)={0, 193, 192, 58, 133, 134, 207, 112, 79, 188, 83, 114, 85, 145, 30, 90, 124, 94}, 
 tilderS(54)={1, 132, 8, 15, 17, 146, 147, 21, 150, 23, 151, 149, 154, 24, 156, 29, 31, 161, 33, 167, 168, 169, 170, 172, 173, 46, 174, 175, 49, 48, 179, 47, 185, 189, 62, 191, 61, 65, 66, 67, 74, 203, 202, 205, 208, 210, 213, 214, 92, 98, 102, 109, 122, 125})
2021-09-06 06:45:35,897 - INFO - compute: budget=2, scheme=(0.6000000000000001,0.4), result=((17, 109), 20) 
 tilderR(1)={133}, 
 tilderS(3)={17, 172, 109})
2021-09-06 06:45:35,905 - INFO - compute: budget=2, scheme=(0.6000000000000001,0.6000000000000001), result=((169, 49), 37) 
 tilderR(1)={133}, 
 tilderS(18)={161, 65, 167, 169, 74, 202, 172, 109, 205, 175, 17, 49, 146, 151, 185, 154, 156, 31})
2021-09-06 06:45:35,960 - INFO - compute: budget=2, scheme=(0.6000000000000001,0.8), result=((1, 169), 38) 
 tilderR(1)={133}, 
 tilderS(47)={1, 132, 8, 15, 17, 146, 147, 21, 150, 23, 151, 24, 154, 156, 29, 31, 161, 33, 167, 169, 170, 172, 173, 174, 175, 48, 49, 47, 185, 189, 61, 65, 66, 67, 74, 203, 202, 205, 208, 210, 213, 214, 92, 98, 109, 122, 125})
2021-09-06 06:45:36,034 - INFO - compute: budget=2, scheme=(0.6000000000000001,1.0), result=((46, 49), 39) 
 tilderR(1)={133}, 
 tilderS(54)={1, 132, 8, 15, 17, 146, 147, 21, 150, 23, 151, 149, 154, 24, 156, 29, 31, 161, 33, 167, 168, 169, 170, 172, 173, 46, 174, 175, 49, 48, 179, 47, 185, 189, 62, 191, 61, 65, 66, 67, 74, 203, 202, 205, 208, 210, 213, 214, 92, 98, 102, 109, 122, 125})
