2021-09-06 08:13:34,255 - INFO - Namespace(beta_paras='3,6,6,3', budget_list='1', did='d1', grain_list_p='10', grain_list_pq='5+5', grain_list_q='10', method='brute', percent_R='0.25', percent_S='0.25', seed='32', version='v09060813')
2021-09-06 08:13:34,271 - INFO - Finish random requester set R and supplier set S 
                             percent_R=0.25, num_R=55, len_R=55 
                             percent_S=0.25, num_S=55, len_S=54
2021-09-06 08:13:34,271 - INFO - Finish random valuations using v_beta_paras for R and costs using c_beta_paras for S
2021-09-06 08:13:35,233 - INFO - compute: budget=1, scheme=(0.0,0.4), result=((109,), 455) 
 tilderR(55)={0, 130, 2, 133, 6, 134, 5, 9, 138, 136, 12, 14, 142, 145, 19, 20, 153, 25, 28, 30, 32, 37, 40, 41, 42, 176, 178, 51, 181, 54, 184, 58, 187, 60, 188, 192, 193, 73, 76, 77, 207, 79, 83, 84, 85, 90, 94, 110, 112, 114, 119, 120, 124, 126, 127}, 
 tilderS(3)={17, 172, 109})
2021-09-06 08:13:35,267 - INFO - compute: budget=1, scheme=(0.0,0.6000000000000001), result=((49,), 751) 
 tilderR(55)={0, 130, 2, 133, 6, 134, 5, 9, 138, 136, 12, 14, 142, 145, 19, 20, 153, 25, 28, 30, 32, 37, 40, 41, 42, 176, 178, 51, 181, 54, 184, 58, 187, 60, 188, 192, 193, 73, 76, 77, 207, 79, 83, 84, 85, 90, 94, 110, 112, 114, 119, 120, 124, 126, 127}, 
 tilderS(18)={161, 65, 167, 169, 74, 202, 172, 109, 205, 175, 17, 49, 146, 151, 185, 154, 156, 31})
2021-09-06 08:13:35,355 - INFO - compute: budget=1, scheme=(0.0,0.8), result=((150,), 914) 
 tilderR(55)={0, 130, 2, 133, 6, 134, 5, 9, 138, 136, 12, 14, 142, 145, 19, 20, 153, 25, 28, 30, 32, 37, 40, 41, 42, 176, 178, 51, 181, 54, 184, 58, 187, 60, 188, 192, 193, 73, 76, 77, 207, 79, 83, 84, 85, 90, 94, 110, 112, 114, 119, 120, 124, 126, 127}, 
 tilderS(47)={1, 132, 8, 15, 17, 146, 147, 21, 150, 23, 151, 24, 154, 156, 29, 31, 161, 33, 167, 169, 170, 172, 173, 174, 175, 48, 49, 47, 185, 189, 61, 65, 66, 67, 74, 203, 202, 205, 208, 210, 213, 214, 92, 98, 109, 122, 125})
2021-09-06 08:13:35,457 - INFO - compute: budget=1, scheme=(0.0,1.0), result=((150,), 914) 
 tilderR(55)={0, 130, 2, 133, 6, 134, 5, 9, 138, 136, 12, 14, 142, 145, 19, 20, 153, 25, 28, 30, 32, 37, 40, 41, 42, 176, 178, 51, 181, 54, 184, 58, 187, 60, 188, 192, 193, 73, 76, 77, 207, 79, 83, 84, 85, 90, 94, 110, 112, 114, 119, 120, 124, 126, 127}, 
 tilderS(54)={1, 132, 8, 15, 17, 146, 147, 21, 150, 23, 151, 149, 154, 24, 156, 29, 31, 161, 33, 167, 168, 169, 170, 172, 173, 46, 174, 175, 49, 48, 179, 47, 185, 189, 62, 191, 61, 65, 66, 67, 74, 203, 202, 205, 208, 210, 213, 214, 92, 98, 102, 109, 122, 125})
2021-09-06 08:13:35,462 - INFO - compute: budget=1, scheme=(0.2,0.4), result=((109,), 393) 
 tilderR(45)={0, 130, 2, 133, 134, 5, 136, 9, 138, 12, 142, 145, 19, 20, 153, 25, 30, 32, 37, 41, 42, 176, 178, 51, 54, 58, 187, 60, 188, 192, 193, 76, 207, 79, 83, 84, 85, 90, 94, 112, 114, 119, 124, 126, 127}, 
 tilderS(3)={17, 172, 109})
2021-09-06 08:13:35,490 - INFO - compute: budget=1, scheme=(0.2,0.6000000000000001), result=((49,), 599) 
 tilderR(45)={0, 130, 2, 133, 134, 5, 136, 9, 138, 12, 142, 145, 19, 20, 153, 25, 30, 32, 37, 41, 42, 176, 178, 51, 54, 58, 187, 60, 188, 192, 193, 76, 207, 79, 83, 84, 85, 90, 94, 112, 114, 119, 124, 126, 127}, 
 tilderS(18)={161, 65, 167, 169, 74, 202, 172, 109, 205, 175, 17, 49, 146, 151, 185, 154, 156, 31})
2021-09-06 08:13:35,563 - INFO - compute: budget=1, scheme=(0.2,0.8), result=((150,), 762) 
 tilderR(45)={0, 130, 2, 133, 134, 5, 136, 9, 138, 12, 142, 145, 19, 20, 153, 25, 30, 32, 37, 41, 42, 176, 178, 51, 54, 58, 187, 60, 188, 192, 193, 76, 207, 79, 83, 84, 85, 90, 94, 112, 114, 119, 124, 126, 127}, 
 tilderS(47)={1, 132, 8, 15, 17, 146, 147, 21, 150, 23, 151, 24, 154, 156, 29, 31, 161, 33, 167, 169, 170, 172, 173, 174, 175, 48, 49, 47, 185, 189, 61, 65, 66, 67, 74, 203, 202, 205, 208, 210, 213, 214, 92, 98, 109, 122, 125})
2021-09-06 08:13:35,648 - INFO - compute: budget=1, scheme=(0.2,1.0), result=((150,), 762) 
 tilderR(45)={0, 130, 2, 133, 134, 5, 136, 9, 138, 12, 142, 145, 19, 20, 153, 25, 30, 32, 37, 41, 42, 176, 178, 51, 54, 58, 187, 60, 188, 192, 193, 76, 207, 79, 83, 84, 85, 90, 94, 112, 114, 119, 124, 126, 127}, 
 tilderS(54)={1, 132, 8, 15, 17, 146, 147, 21, 150, 23, 151, 149, 154, 24, 156, 29, 31, 161, 33, 167, 168, 169, 170, 172, 173, 46, 174, 175, 49, 48, 179, 47, 185, 189, 62, 191, 61, 65, 66, 67, 74, 203, 202, 205, 208, 210, 213, 214, 92, 98, 102, 109, 122, 125})
2021-09-06 08:13:35,650 - INFO - compute: budget=1, scheme=(0.4,0.4), result=((109,), 187) 
 tilderR(18)={0, 193, 192, 58, 133, 134, 207, 112, 79, 188, 83, 114, 85, 145, 30, 90, 124, 94}, 
 tilderS(3)={17, 172, 109})
2021-09-06 08:13:35,661 - INFO - compute: budget=1, scheme=(0.4,0.6000000000000001), result=((49,), 292) 
 tilderR(18)={0, 193, 192, 58, 133, 134, 207, 112, 79, 188, 83, 114, 85, 145, 30, 90, 124, 94}, 
 tilderS(18)={161, 65, 167, 169, 74, 202, 172, 109, 205, 175, 17, 49, 146, 151, 185, 154, 156, 31})
2021-09-06 08:13:35,690 - INFO - compute: budget=1, scheme=(0.4,0.8), result=((49,), 292) 
 tilderR(18)={0, 193, 192, 58, 133, 134, 207, 112, 79, 188, 83, 114, 85, 145, 30, 90, 124, 94}, 
 tilderS(47)={1, 132, 8, 15, 17, 146, 147, 21, 150, 23, 151, 24, 154, 156, 29, 31, 161, 33, 167, 169, 170, 172, 173, 174, 175, 48, 49, 47, 185, 189, 61, 65, 66, 67, 74, 203, 202, 205, 208, 210, 213, 214, 92, 98, 109, 122, 125})
2021-09-06 08:13:35,722 - INFO - compute: budget=1, scheme=(0.4,1.0), result=((49,), 292) 
 tilderR(18)={0, 193, 192, 58, 133, 134, 207, 112, 79, 188, 83, 114, 85, 145, 30, 90, 124, 94}, 
 tilderS(54)={1, 132, 8, 15, 17, 146, 147, 21, 150, 23, 151, 149, 154, 24, 156, 29, 31, 161, 33, 167, 168, 169, 170, 172, 173, 46, 174, 175, 49, 48, 179, 47, 185, 189, 62, 191, 61, 65, 66, 67, 74, 203, 202, 205, 208, 210, 213, 214, 92, 98, 102, 109, 122, 125})
2021-09-06 08:13:35,722 - INFO - compute: budget=1, scheme=(0.6000000000000001,0.4), result=((109,), 11) 
 tilderR(1)={133}, 
 tilderS(3)={17, 172, 109})
2021-09-06 08:13:35,723 - INFO - compute: budget=1, scheme=(0.6000000000000001,0.6000000000000001), result=((49,), 22) 
 tilderR(1)={133}, 
 tilderS(18)={161, 65, 167, 169, 74, 202, 172, 109, 205, 175, 17, 49, 146, 151, 185, 154, 156, 31})
2021-09-06 08:13:35,725 - INFO - compute: budget=1, scheme=(0.6000000000000001,0.8), result=((49,), 22) 
 tilderR(1)={133}, 
 tilderS(47)={1, 132, 8, 15, 17, 146, 147, 21, 150, 23, 151, 24, 154, 156, 29, 31, 161, 33, 167, 169, 170, 172, 173, 174, 175, 48, 49, 47, 185, 189, 61, 65, 66, 67, 74, 203, 202, 205, 208, 210, 213, 214, 92, 98, 109, 122, 125})
2021-09-06 08:13:35,727 - INFO - compute: budget=1, scheme=(0.6000000000000001,1.0), result=((49,), 22) 
 tilderR(1)={133}, 
 tilderS(54)={1, 132, 8, 15, 17, 146, 147, 21, 150, 23, 151, 149, 154, 24, 156, 29, 31, 161, 33, 167, 168, 169, 170, 172, 173, 46, 174, 175, 49, 48, 179, 47, 185, 189, 62, 191, 61, 65, 66, 67, 74, 203, 202, 205, 208, 210, 213, 214, 92, 98, 102, 109, 122, 125})
