2021-09-13 03:01:19,512 - INFO - Namespace(beta_paras='3,6,6,3', budget_list='4', did='d1', grain_list_p='10', grain_list_pq='10+10', grain_list_q='10', method='brute', percent_R='0.25', percent_S='0.25', seed='32', version='v09130301')
2021-09-13 03:01:19,527 - INFO - Finish random requester set R and supplier set S 
                             percent_R=0.25, num_R=55, len_R=55 
                             percent_S=0.25, num_S=55, len_S=54
2021-09-13 03:01:19,528 - INFO - Finish random valuations using v_beta_paras for R and costs using c_beta_paras for S
2021-09-13 03:01:20,540 - INFO - load: budget=4, scheme=(0.0,0.30000000000000004), result=({17, 172, 109}, 1279) 
 tilderR(55)={0, 130, 2, 133, 6, 134, 5, 9, 138, 136, 12, 14, 142, 145, 19, 20, 153, 25, 28, 30, 32, 37, 40, 41, 42, 176, 178, 51, 181, 54, 184, 58, 187, 60, 188, 192, 193, 73, 76, 77, 207, 79, 83, 84, 85, 90, 94, 110, 112, 114, 119, 120, 124, 126, 127}, 
 tilderS(3)={17, 172, 109})
2021-09-13 03:01:20,540 - INFO - load: budget=4, scheme=(0.0,0.4), result=({17, 172, 109}, 1279) 
 tilderR(55)={0, 130, 2, 133, 6, 134, 5, 9, 138, 136, 12, 14, 142, 145, 19, 20, 153, 25, 28, 30, 32, 37, 40, 41, 42, 176, 178, 51, 181, 54, 184, 58, 187, 60, 188, 192, 193, 73, 76, 77, 207, 79, 83, 84, 85, 90, 94, 110, 112, 114, 119, 120, 124, 126, 127}, 
 tilderS(3)={17, 172, 109})
2021-09-13 03:01:21,972 - INFO - compute: budget=4, scheme=(0.0,0.5), result=((74, 172, 205, 49), 1961) 
 tilderR(55)={0, 130, 2, 133, 6, 134, 5, 9, 138, 136, 12, 14, 142, 145, 19, 20, 153, 25, 28, 30, 32, 37, 40, 41, 42, 176, 178, 51, 181, 54, 184, 58, 187, 60, 188, 192, 193, 73, 76, 77, 207, 79, 83, 84, 85, 90, 94, 110, 112, 114, 119, 120, 124, 126, 127}, 
 tilderS(11)={161, 74, 172, 109, 205, 17, 49, 146, 151, 185, 154})
2021-09-13 03:01:21,973 - INFO - load: budget=4, scheme=(0.0,0.6000000000000001), result=((65, 167, 169, 49), 2405) 
 tilderR(55)={0, 130, 2, 133, 6, 134, 5, 9, 138, 136, 12, 14, 142, 145, 19, 20, 153, 25, 28, 30, 32, 37, 40, 41, 42, 176, 178, 51, 181, 54, 184, 58, 187, 60, 188, 192, 193, 73, 76, 77, 207, 79, 83, 84, 85, 90, 94, 110, 112, 114, 119, 120, 124, 126, 127}, 
 tilderS(18)={161, 65, 167, 169, 74, 202, 172, 109, 205, 175, 17, 49, 146, 151, 185, 154, 156, 31})
2021-09-13 03:04:16,701 - INFO - compute: budget=4, scheme=(0.0,0.7000000000000001), result=((167, 169, 49, 125), 2428) 
 tilderR(55)={0, 130, 2, 133, 6, 134, 5, 9, 138, 136, 12, 14, 142, 145, 19, 20, 153, 25, 28, 30, 32, 37, 40, 41, 42, 176, 178, 51, 181, 54, 184, 58, 187, 60, 188, 192, 193, 73, 76, 77, 207, 79, 83, 84, 85, 90, 94, 110, 112, 114, 119, 120, 124, 126, 127}, 
 tilderS(33)={15, 17, 146, 147, 23, 151, 154, 156, 29, 31, 161, 33, 167, 169, 170, 172, 174, 175, 48, 49, 185, 189, 65, 66, 74, 203, 202, 205, 213, 214, 92, 109, 125})
2021-09-13 03:04:16,701 - INFO - load: budget=4, scheme=(0.0,0.8), result=((1, 150, 61, 125), 2815) 
 tilderR(55)={0, 130, 2, 133, 6, 134, 5, 9, 138, 136, 12, 14, 142, 145, 19, 20, 153, 25, 28, 30, 32, 37, 40, 41, 42, 176, 178, 51, 181, 54, 184, 58, 187, 60, 188, 192, 193, 73, 76, 77, 207, 79, 83, 84, 85, 90, 94, 110, 112, 114, 119, 120, 124, 126, 127}, 
 tilderS(47)={1, 132, 8, 15, 17, 146, 147, 21, 150, 23, 151, 24, 154, 156, 29, 31, 161, 33, 167, 169, 170, 172, 173, 174, 175, 48, 49, 47, 185, 189, 61, 65, 66, 67, 74, 203, 202, 205, 208, 210, 213, 214, 92, 98, 109, 122, 125})
2021-09-13 03:25:11,763 - INFO - compute: budget=4, scheme=(0.0,0.9), result=((1, 150, 149, 49), 2870) 
 tilderR(55)={0, 130, 2, 133, 6, 134, 5, 9, 138, 136, 12, 14, 142, 145, 19, 20, 153, 25, 28, 30, 32, 37, 40, 41, 42, 176, 178, 51, 181, 54, 184, 58, 187, 60, 188, 192, 193, 73, 76, 77, 207, 79, 83, 84, 85, 90, 94, 110, 112, 114, 119, 120, 124, 126, 127}, 
 tilderS(53)={1, 132, 8, 15, 17, 146, 147, 21, 150, 23, 151, 149, 154, 24, 156, 29, 31, 161, 33, 167, 168, 169, 170, 172, 173, 46, 174, 175, 49, 48, 47, 185, 189, 62, 191, 61, 65, 66, 67, 74, 203, 202, 205, 208, 210, 213, 214, 92, 98, 102, 109, 122, 125})
2021-09-13 03:25:11,764 - INFO - load: budget=4, scheme=(0.0,1.0), result=((1, 150, 149, 49), 2870) 
 tilderR(55)={0, 130, 2, 133, 6, 134, 5, 9, 138, 136, 12, 14, 142, 145, 19, 20, 153, 25, 28, 30, 32, 37, 40, 41, 42, 176, 178, 51, 181, 54, 184, 58, 187, 60, 188, 192, 193, 73, 76, 77, 207, 79, 83, 84, 85, 90, 94, 110, 112, 114, 119, 120, 124, 126, 127}, 
 tilderS(54)={1, 132, 8, 15, 17, 146, 147, 21, 150, 23, 151, 149, 154, 24, 156, 29, 31, 161, 33, 167, 168, 169, 170, 172, 173, 46, 174, 175, 49, 48, 179, 47, 185, 189, 62, 191, 61, 65, 66, 67, 74, 203, 202, 205, 208, 210, 213, 214, 92, 98, 102, 109, 122, 125})
2021-09-13 03:25:11,767 - INFO - compute: budget=4, scheme=(0.1,0.30000000000000004), result=({17, 172, 109}, 1207) 
 tilderR(52)={0, 130, 2, 133, 6, 134, 5, 9, 138, 136, 12, 14, 142, 145, 19, 20, 153, 25, 30, 32, 37, 40, 41, 42, 176, 178, 51, 54, 184, 58, 187, 60, 188, 192, 193, 73, 76, 77, 207, 79, 83, 84, 85, 90, 94, 110, 112, 114, 119, 124, 126, 127}, 
 tilderS(3)={17, 172, 109})
2021-09-13 03:25:11,767 - INFO - load: budget=4, scheme=(0.1,0.4), result=({17, 172, 109}, 1207) 
 tilderR(52)={0, 130, 2, 133, 6, 134, 5, 9, 138, 136, 12, 14, 142, 145, 19, 20, 153, 25, 30, 32, 37, 40, 41, 42, 176, 178, 51, 54, 184, 58, 187, 60, 188, 192, 193, 73, 76, 77, 207, 79, 83, 84, 85, 90, 94, 110, 112, 114, 119, 124, 126, 127}, 
 tilderS(3)={17, 172, 109})
2021-09-13 03:25:13,057 - INFO - compute: budget=4, scheme=(0.1,0.5), result=((74, 172, 205, 49), 1853) 
 tilderR(52)={0, 130, 2, 133, 6, 134, 5, 9, 138, 136, 12, 14, 142, 145, 19, 20, 153, 25, 30, 32, 37, 40, 41, 42, 176, 178, 51, 54, 184, 58, 187, 60, 188, 192, 193, 73, 76, 77, 207, 79, 83, 84, 85, 90, 94, 110, 112, 114, 119, 124, 126, 127}, 
 tilderS(11)={161, 74, 172, 109, 205, 17, 49, 146, 151, 185, 154})
2021-09-13 03:25:25,189 - INFO - compute: budget=4, scheme=(0.1,0.6000000000000001), result=((65, 167, 169, 49), 2266) 
 tilderR(52)={0, 130, 2, 133, 6, 134, 5, 9, 138, 136, 12, 14, 142, 145, 19, 20, 153, 25, 30, 32, 37, 40, 41, 42, 176, 178, 51, 54, 184, 58, 187, 60, 188, 192, 193, 73, 76, 77, 207, 79, 83, 84, 85, 90, 94, 110, 112, 114, 119, 124, 126, 127}, 
 tilderS(18)={161, 65, 167, 169, 74, 202, 172, 109, 205, 175, 17, 49, 146, 151, 185, 154, 156, 31})
2021-09-13 03:28:10,631 - INFO - compute: budget=4, scheme=(0.1,0.7000000000000001), result=((169, 49, 205, 125), 2294) 
 tilderR(52)={0, 130, 2, 133, 6, 134, 5, 9, 138, 136, 12, 14, 142, 145, 19, 20, 153, 25, 30, 32, 37, 40, 41, 42, 176, 178, 51, 54, 184, 58, 187, 60, 188, 192, 193, 73, 76, 77, 207, 79, 83, 84, 85, 90, 94, 110, 112, 114, 119, 124, 126, 127}, 
 tilderS(33)={15, 17, 146, 147, 23, 151, 154, 156, 29, 31, 161, 33, 167, 169, 170, 172, 174, 175, 48, 49, 185, 189, 65, 66, 74, 203, 202, 205, 213, 214, 92, 109, 125})
2021-09-13 03:40:10,255 - INFO - compute: budget=4, scheme=(0.1,0.8), result=((1, 150, 61, 125), 2661) 
 tilderR(52)={0, 130, 2, 133, 6, 134, 5, 9, 138, 136, 12, 14, 142, 145, 19, 20, 153, 25, 30, 32, 37, 40, 41, 42, 176, 178, 51, 54, 184, 58, 187, 60, 188, 192, 193, 73, 76, 77, 207, 79, 83, 84, 85, 90, 94, 110, 112, 114, 119, 124, 126, 127}, 
 tilderS(47)={1, 132, 8, 15, 17, 146, 147, 21, 150, 23, 151, 24, 154, 156, 29, 31, 161, 33, 167, 169, 170, 172, 173, 174, 175, 48, 49, 47, 185, 189, 61, 65, 66, 67, 74, 203, 202, 205, 208, 210, 213, 214, 92, 98, 109, 122, 125})
2021-09-13 03:59:45,729 - INFO - compute: budget=4, scheme=(0.1,0.9), result=((1, 150, 149, 49), 2699) 
 tilderR(52)={0, 130, 2, 133, 6, 134, 5, 9, 138, 136, 12, 14, 142, 145, 19, 20, 153, 25, 30, 32, 37, 40, 41, 42, 176, 178, 51, 54, 184, 58, 187, 60, 188, 192, 193, 73, 76, 77, 207, 79, 83, 84, 85, 90, 94, 110, 112, 114, 119, 124, 126, 127}, 
 tilderS(53)={1, 132, 8, 15, 17, 146, 147, 21, 150, 23, 151, 149, 154, 24, 156, 29, 31, 161, 33, 167, 168, 169, 170, 172, 173, 46, 174, 175, 49, 48, 47, 185, 189, 62, 191, 61, 65, 66, 67, 74, 203, 202, 205, 208, 210, 213, 214, 92, 98, 102, 109, 122, 125})
2021-09-13 04:20:59,659 - INFO - compute: budget=4, scheme=(0.1,1.0), result=((1, 150, 149, 49), 2699) 
 tilderR(52)={0, 130, 2, 133, 6, 134, 5, 9, 138, 136, 12, 14, 142, 145, 19, 20, 153, 25, 30, 32, 37, 40, 41, 42, 176, 178, 51, 54, 184, 58, 187, 60, 188, 192, 193, 73, 76, 77, 207, 79, 83, 84, 85, 90, 94, 110, 112, 114, 119, 124, 126, 127}, 
 tilderS(54)={1, 132, 8, 15, 17, 146, 147, 21, 150, 23, 151, 149, 154, 24, 156, 29, 31, 161, 33, 167, 168, 169, 170, 172, 173, 46, 174, 175, 49, 48, 179, 47, 185, 189, 62, 191, 61, 65, 66, 67, 74, 203, 202, 205, 208, 210, 213, 214, 92, 98, 102, 109, 122, 125})
2021-09-13 04:20:59,660 - INFO - load: budget=4, scheme=(0.2,0.30000000000000004), result=({17, 172, 109}, 1069) 
 tilderR(45)={0, 130, 2, 133, 134, 5, 136, 9, 138, 12, 142, 145, 19, 20, 153, 25, 30, 32, 37, 41, 42, 176, 178, 51, 54, 58, 187, 60, 188, 192, 193, 76, 207, 79, 83, 84, 85, 90, 94, 112, 114, 119, 124, 126, 127}, 
 tilderS(3)={17, 172, 109})
2021-09-13 04:20:59,660 - INFO - load: budget=4, scheme=(0.2,0.4), result=({17, 172, 109}, 1069) 
 tilderR(45)={0, 130, 2, 133, 134, 5, 136, 9, 138, 12, 142, 145, 19, 20, 153, 25, 30, 32, 37, 41, 42, 176, 178, 51, 54, 58, 187, 60, 188, 192, 193, 76, 207, 79, 83, 84, 85, 90, 94, 112, 114, 119, 124, 126, 127}, 
 tilderS(3)={17, 172, 109})
2021-09-13 04:21:00,836 - INFO - compute: budget=4, scheme=(0.2,0.5), result=((74, 172, 205, 49), 1628) 
 tilderR(45)={0, 130, 2, 133, 134, 5, 136, 9, 138, 12, 142, 145, 19, 20, 153, 25, 30, 32, 37, 41, 42, 176, 178, 51, 54, 58, 187, 60, 188, 192, 193, 76, 207, 79, 83, 84, 85, 90, 94, 112, 114, 119, 124, 126, 127}, 
 tilderS(11)={161, 74, 172, 109, 205, 17, 49, 146, 151, 185, 154})
2021-09-13 04:21:00,836 - INFO - load: budget=4, scheme=(0.2,0.6000000000000001), result=((65, 167, 169, 49), 1978) 
 tilderR(45)={0, 130, 2, 133, 134, 5, 136, 9, 138, 12, 142, 145, 19, 20, 153, 25, 30, 32, 37, 41, 42, 176, 178, 51, 54, 58, 187, 60, 188, 192, 193, 76, 207, 79, 83, 84, 85, 90, 94, 112, 114, 119, 124, 126, 127}, 
 tilderS(18)={161, 65, 167, 169, 74, 202, 172, 109, 205, 175, 17, 49, 146, 151, 185, 154, 156, 31})
2021-09-13 04:23:23,850 - INFO - compute: budget=4, scheme=(0.2,0.7000000000000001), result=((169, 49, 205, 125), 2002) 
 tilderR(45)={0, 130, 2, 133, 134, 5, 136, 9, 138, 12, 142, 145, 19, 20, 153, 25, 30, 32, 37, 41, 42, 176, 178, 51, 54, 58, 187, 60, 188, 192, 193, 76, 207, 79, 83, 84, 85, 90, 94, 112, 114, 119, 124, 126, 127}, 
 tilderS(33)={15, 17, 146, 147, 23, 151, 154, 156, 29, 31, 161, 33, 167, 169, 170, 172, 174, 175, 48, 49, 185, 189, 65, 66, 74, 203, 202, 205, 213, 214, 92, 109, 125})
2021-09-13 04:23:23,857 - INFO - load: budget=4, scheme=(0.2,0.8), result=((1, 150, 61, 125), 2344) 
 tilderR(45)={0, 130, 2, 133, 134, 5, 136, 9, 138, 12, 142, 145, 19, 20, 153, 25, 30, 32, 37, 41, 42, 176, 178, 51, 54, 58, 187, 60, 188, 192, 193, 76, 207, 79, 83, 84, 85, 90, 94, 112, 114, 119, 124, 126, 127}, 
 tilderS(47)={1, 132, 8, 15, 17, 146, 147, 21, 150, 23, 151, 24, 154, 156, 29, 31, 161, 33, 167, 169, 170, 172, 173, 174, 175, 48, 49, 47, 185, 189, 61, 65, 66, 67, 74, 203, 202, 205, 208, 210, 213, 214, 92, 98, 109, 122, 125})
2021-09-13 04:40:38,421 - INFO - compute: budget=4, scheme=(0.2,0.9), result=((1, 150, 149, 49), 2364) 
 tilderR(45)={0, 130, 2, 133, 134, 5, 136, 9, 138, 12, 142, 145, 19, 20, 153, 25, 30, 32, 37, 41, 42, 176, 178, 51, 54, 58, 187, 60, 188, 192, 193, 76, 207, 79, 83, 84, 85, 90, 94, 112, 114, 119, 124, 126, 127}, 
 tilderS(53)={1, 132, 8, 15, 17, 146, 147, 21, 150, 23, 151, 149, 154, 24, 156, 29, 31, 161, 33, 167, 168, 169, 170, 172, 173, 46, 174, 175, 49, 48, 47, 185, 189, 62, 191, 61, 65, 66, 67, 74, 203, 202, 205, 208, 210, 213, 214, 92, 98, 102, 109, 122, 125})
2021-09-13 04:40:38,421 - INFO - load: budget=4, scheme=(0.2,1.0), result=((1, 150, 149, 49), 2364) 
 tilderR(45)={0, 130, 2, 133, 134, 5, 136, 9, 138, 12, 142, 145, 19, 20, 153, 25, 30, 32, 37, 41, 42, 176, 178, 51, 54, 58, 187, 60, 188, 192, 193, 76, 207, 79, 83, 84, 85, 90, 94, 112, 114, 119, 124, 126, 127}, 
 tilderS(54)={1, 132, 8, 15, 17, 146, 147, 21, 150, 23, 151, 149, 154, 24, 156, 29, 31, 161, 33, 167, 168, 169, 170, 172, 173, 46, 174, 175, 49, 48, 179, 47, 185, 189, 62, 191, 61, 65, 66, 67, 74, 203, 202, 205, 208, 210, 213, 214, 92, 98, 102, 109, 122, 125})
2021-09-13 04:40:38,423 - INFO - compute: budget=4, scheme=(0.30000000000000004,0.30000000000000004), result=({17, 172, 109}, 693) 
 tilderR(28)={0, 2, 133, 134, 136, 138, 145, 30, 37, 41, 51, 54, 58, 188, 192, 193, 76, 207, 79, 83, 84, 85, 90, 94, 112, 114, 124, 126}, 
 tilderS(3)={17, 172, 109})
2021-09-13 04:40:38,423 - INFO - load: budget=4, scheme=(0.30000000000000004,0.4), result=({17, 172, 109}, 693) 
 tilderR(28)={0, 2, 133, 134, 136, 138, 145, 30, 37, 41, 51, 54, 58, 188, 192, 193, 76, 207, 79, 83, 84, 85, 90, 94, 112, 114, 124, 126}, 
 tilderS(3)={17, 172, 109})
2021-09-13 04:40:39,122 - INFO - compute: budget=4, scheme=(0.30000000000000004,0.5), result=((172, 205, 17, 49), 1046) 
 tilderR(28)={0, 2, 133, 134, 136, 138, 145, 30, 37, 41, 51, 54, 58, 188, 192, 193, 76, 207, 79, 83, 84, 85, 90, 94, 112, 114, 124, 126}, 
 tilderS(11)={161, 74, 172, 109, 205, 17, 49, 146, 151, 185, 154})
2021-09-13 04:40:45,621 - INFO - compute: budget=4, scheme=(0.30000000000000004,0.6000000000000001), result=((167, 169, 205, 49), 1295) 
 tilderR(28)={0, 2, 133, 134, 136, 138, 145, 30, 37, 41, 51, 54, 58, 188, 192, 193, 76, 207, 79, 83, 84, 85, 90, 94, 112, 114, 124, 126}, 
 tilderS(18)={161, 65, 167, 169, 74, 202, 172, 109, 205, 175, 17, 49, 146, 151, 185, 154, 156, 31})
2021-09-13 04:42:16,024 - INFO - compute: budget=4, scheme=(0.30000000000000004,0.7000000000000001), result=((169, 49, 205, 125), 1307) 
 tilderR(28)={0, 2, 133, 134, 136, 138, 145, 30, 37, 41, 51, 54, 58, 188, 192, 193, 76, 207, 79, 83, 84, 85, 90, 94, 112, 114, 124, 126}, 
 tilderS(33)={15, 17, 146, 147, 23, 151, 154, 156, 29, 31, 161, 33, 167, 169, 170, 172, 174, 175, 48, 49, 185, 189, 65, 66, 74, 203, 202, 205, 213, 214, 92, 109, 125})
2021-09-13 04:48:53,299 - INFO - compute: budget=4, scheme=(0.30000000000000004,0.8), result=((1, 150, 49, 205), 1449) 
 tilderR(28)={0, 2, 133, 134, 136, 138, 145, 30, 37, 41, 51, 54, 58, 188, 192, 193, 76, 207, 79, 83, 84, 85, 90, 94, 112, 114, 124, 126}, 
 tilderS(47)={1, 132, 8, 15, 17, 146, 147, 21, 150, 23, 151, 24, 154, 156, 29, 31, 161, 33, 167, 169, 170, 172, 173, 174, 175, 48, 49, 47, 185, 189, 61, 65, 66, 67, 74, 203, 202, 205, 208, 210, 213, 214, 92, 98, 109, 122, 125})
2021-09-13 05:04:14,144 - INFO - compute: budget=4, scheme=(0.30000000000000004,0.9), result=((1, 150, 149, 49), 1468) 
 tilderR(28)={0, 2, 133, 134, 136, 138, 145, 30, 37, 41, 51, 54, 58, 188, 192, 193, 76, 207, 79, 83, 84, 85, 90, 94, 112, 114, 124, 126}, 
 tilderS(53)={1, 132, 8, 15, 17, 146, 147, 21, 150, 23, 151, 149, 154, 24, 156, 29, 31, 161, 33, 167, 168, 169, 170, 172, 173, 46, 174, 175, 49, 48, 47, 185, 189, 62, 191, 61, 65, 66, 67, 74, 203, 202, 205, 208, 210, 213, 214, 92, 98, 102, 109, 122, 125})
2021-09-13 05:15:31,989 - INFO - compute: budget=4, scheme=(0.30000000000000004,1.0), result=((1, 150, 149, 49), 1468) 
 tilderR(28)={0, 2, 133, 134, 136, 138, 145, 30, 37, 41, 51, 54, 58, 188, 192, 193, 76, 207, 79, 83, 84, 85, 90, 94, 112, 114, 124, 126}, 
 tilderS(54)={1, 132, 8, 15, 17, 146, 147, 21, 150, 23, 151, 149, 154, 24, 156, 29, 31, 161, 33, 167, 168, 169, 170, 172, 173, 46, 174, 175, 49, 48, 179, 47, 185, 189, 62, 191, 61, 65, 66, 67, 74, 203, 202, 205, 208, 210, 213, 214, 92, 98, 102, 109, 122, 125})
2021-09-13 05:15:31,989 - INFO - load: budget=4, scheme=(0.4,0.30000000000000004), result=({17, 172, 109}, 470) 
 tilderR(18)={0, 193, 192, 58, 133, 134, 207, 112, 79, 188, 83, 114, 85, 145, 30, 90, 124, 94}, 
 tilderS(3)={17, 172, 109})
2021-09-13 05:15:31,989 - INFO - load: budget=4, scheme=(0.4,0.4), result=({17, 172, 109}, 470) 
 tilderR(18)={0, 193, 192, 58, 133, 134, 207, 112, 79, 188, 83, 114, 85, 145, 30, 90, 124, 94}, 
 tilderS(3)={17, 172, 109})
2021-09-13 05:15:32,433 - INFO - compute: budget=4, scheme=(0.4,0.5), result=((172, 205, 17, 49), 714) 
 tilderR(18)={0, 193, 192, 58, 133, 134, 207, 112, 79, 188, 83, 114, 85, 145, 30, 90, 124, 94}, 
 tilderS(11)={161, 74, 172, 109, 205, 17, 49, 146, 151, 185, 154})
2021-09-13 05:15:32,433 - INFO - load: budget=4, scheme=(0.4,0.6000000000000001), result=((167, 169, 205, 49), 879) 
 tilderR(18)={0, 193, 192, 58, 133, 134, 207, 112, 79, 188, 83, 114, 85, 145, 30, 90, 124, 94}, 
 tilderS(18)={161, 65, 167, 169, 74, 202, 172, 109, 205, 175, 17, 49, 146, 151, 185, 154, 156, 31})
2021-09-13 05:16:27,545 - INFO - compute: budget=4, scheme=(0.4,0.7000000000000001), result=((169, 49, 205, 125), 896) 
 tilderR(18)={0, 193, 192, 58, 133, 134, 207, 112, 79, 188, 83, 114, 85, 145, 30, 90, 124, 94}, 
 tilderS(33)={15, 17, 146, 147, 23, 151, 154, 156, 29, 31, 161, 33, 167, 169, 170, 172, 174, 175, 48, 49, 185, 189, 65, 66, 74, 203, 202, 205, 213, 214, 92, 109, 125})
2021-09-13 05:16:27,545 - INFO - load: budget=4, scheme=(0.4,0.8), result=((1, 150, 49, 205), 988) 
 tilderR(18)={0, 193, 192, 58, 133, 134, 207, 112, 79, 188, 83, 114, 85, 145, 30, 90, 124, 94}, 
 tilderS(47)={1, 132, 8, 15, 17, 146, 147, 21, 150, 23, 151, 24, 154, 156, 29, 31, 161, 33, 167, 169, 170, 172, 173, 174, 175, 48, 49, 47, 185, 189, 61, 65, 66, 67, 74, 203, 202, 205, 208, 210, 213, 214, 92, 98, 109, 122, 125})
2021-09-13 06:00:45,672 - INFO - compute: budget=4, scheme=(0.4,0.9), result=((1, 150, 149, 49), 990) 
 tilderR(18)={0, 193, 192, 58, 133, 134, 207, 112, 79, 188, 83, 114, 85, 145, 30, 90, 124, 94}, 
 tilderS(53)={1, 132, 8, 15, 17, 146, 147, 21, 150, 23, 151, 149, 154, 24, 156, 29, 31, 161, 33, 167, 168, 169, 170, 172, 173, 46, 174, 175, 49, 48, 47, 185, 189, 62, 191, 61, 65, 66, 67, 74, 203, 202, 205, 208, 210, 213, 214, 92, 98, 102, 109, 122, 125})
2021-09-13 06:00:46,180 - INFO - load: budget=4, scheme=(0.4,1.0), result=((1, 150, 149, 49), 990) 
 tilderR(18)={0, 193, 192, 58, 133, 134, 207, 112, 79, 188, 83, 114, 85, 145, 30, 90, 124, 94}, 
 tilderS(54)={1, 132, 8, 15, 17, 146, 147, 21, 150, 23, 151, 149, 154, 24, 156, 29, 31, 161, 33, 167, 168, 169, 170, 172, 173, 46, 174, 175, 49, 48, 179, 47, 185, 189, 62, 191, 61, 65, 66, 67, 74, 203, 202, 205, 208, 210, 213, 214, 92, 98, 102, 109, 122, 125})
2021-09-13 06:00:46,181 - INFO - compute: budget=4, scheme=(0.5,0.30000000000000004), result=({17, 172, 109}, 173) 
 tilderR(7)={0, 133, 145, 114, 85, 58, 94}, 
 tilderS(3)={17, 172, 109})
2021-09-13 06:00:46,181 - INFO - load: budget=4, scheme=(0.5,0.4), result=({17, 172, 109}, 173) 
 tilderR(7)={0, 133, 145, 114, 85, 58, 94}, 
 tilderS(3)={17, 172, 109})
2021-09-13 06:00:47,194 - INFO - compute: budget=4, scheme=(0.5,0.5), result=((161, 172, 205, 49), 264) 
 tilderR(7)={0, 133, 145, 114, 85, 58, 94}, 
 tilderS(11)={161, 74, 172, 109, 205, 17, 49, 146, 151, 185, 154})
2021-09-13 06:00:49,030 - INFO - compute: budget=4, scheme=(0.5,0.6000000000000001), result=((167, 169, 205, 49), 312) 
 tilderR(7)={0, 133, 145, 114, 85, 58, 94}, 
 tilderS(18)={161, 65, 167, 169, 74, 202, 172, 109, 205, 175, 17, 49, 146, 151, 185, 154, 156, 31})
2021-09-13 06:01:45,436 - INFO - compute: budget=4, scheme=(0.5,0.7000000000000001), result=((167, 169, 49, 205), 312) 
 tilderR(7)={0, 133, 145, 114, 85, 58, 94}, 
 tilderS(33)={15, 17, 146, 147, 23, 151, 154, 156, 29, 31, 161, 33, 167, 169, 170, 172, 174, 175, 48, 49, 185, 189, 65, 66, 74, 203, 202, 205, 213, 214, 92, 109, 125})
2021-09-13 06:06:52,932 - INFO - compute: budget=4, scheme=(0.5,0.8), result=((1, 150, 49, 205), 356) 
 tilderR(7)={0, 133, 145, 114, 85, 58, 94}, 
 tilderS(47)={1, 132, 8, 15, 17, 146, 147, 21, 150, 23, 151, 24, 154, 156, 29, 31, 161, 33, 167, 169, 170, 172, 173, 174, 175, 48, 49, 47, 185, 189, 61, 65, 66, 67, 74, 203, 202, 205, 208, 210, 213, 214, 92, 98, 109, 122, 125})
2021-09-13 06:49:04,523 - INFO - compute: budget=4, scheme=(0.5,0.9), result=((1, 150, 49, 205), 356) 
 tilderR(7)={0, 133, 145, 114, 85, 58, 94}, 
 tilderS(53)={1, 132, 8, 15, 17, 146, 147, 21, 150, 23, 151, 149, 154, 24, 156, 29, 31, 161, 33, 167, 168, 169, 170, 172, 173, 46, 174, 175, 49, 48, 47, 185, 189, 62, 191, 61, 65, 66, 67, 74, 203, 202, 205, 208, 210, 213, 214, 92, 98, 102, 109, 122, 125})
2021-09-13 06:55:17,063 - INFO - compute: budget=4, scheme=(0.5,1.0), result=((1, 150, 49, 205), 356) 
 tilderR(7)={0, 133, 145, 114, 85, 58, 94}, 
 tilderS(54)={1, 132, 8, 15, 17, 146, 147, 21, 150, 23, 151, 149, 154, 24, 156, 29, 31, 161, 33, 167, 168, 169, 170, 172, 173, 46, 174, 175, 49, 48, 179, 47, 185, 189, 62, 191, 61, 65, 66, 67, 74, 203, 202, 205, 208, 210, 213, 214, 92, 98, 102, 109, 122, 125})
2021-09-13 06:55:17,064 - INFO - load: budget=4, scheme=(0.6000000000000001,0.30000000000000004), result=({17, 172, 109}, 23) 
 tilderR(1)={133}, 
 tilderS(3)={17, 172, 109})
2021-09-13 06:55:17,064 - INFO - load: budget=4, scheme=(0.6000000000000001,0.4), result=({17, 172, 109}, 23) 
 tilderR(1)={133}, 
 tilderS(3)={17, 172, 109})
2021-09-13 06:55:17,127 - INFO - compute: budget=4, scheme=(0.6000000000000001,0.5), result=((205, 17, 49, 146), 49) 
 tilderR(1)={133}, 
 tilderS(11)={161, 74, 172, 109, 205, 17, 49, 146, 151, 185, 154})
2021-09-13 06:55:17,127 - INFO - load: budget=4, scheme=(0.6000000000000001,0.6000000000000001), result=((169, 205, 17, 49), 55) 
 tilderR(1)={133}, 
 tilderS(18)={161, 65, 167, 169, 74, 202, 172, 109, 205, 175, 17, 49, 146, 151, 185, 154, 156, 31})
2021-09-13 06:55:24,576 - INFO - compute: budget=4, scheme=(0.6000000000000001,0.7000000000000001), result=((33, 169, 49, 205), 58) 
 tilderR(1)={133}, 
 tilderS(33)={15, 17, 146, 147, 23, 151, 154, 156, 29, 31, 161, 33, 167, 169, 170, 172, 174, 175, 48, 49, 185, 189, 65, 66, 74, 203, 202, 205, 213, 214, 92, 109, 125})
2021-09-13 06:55:24,576 - INFO - load: budget=4, scheme=(0.6000000000000001,0.8), result=((1, 169, 49, 205), 63) 
 tilderR(1)={133}, 
 tilderS(47)={1, 132, 8, 15, 17, 146, 147, 21, 150, 23, 151, 24, 154, 156, 29, 31, 161, 33, 167, 169, 170, 172, 173, 174, 175, 48, 49, 47, 185, 189, 61, 65, 66, 67, 74, 203, 202, 205, 208, 210, 213, 214, 92, 98, 109, 122, 125})
2021-09-13 06:56:14,527 - INFO - compute: budget=4, scheme=(0.6000000000000001,0.9), result=((1, 46, 49, 205), 65) 
 tilderR(1)={133}, 
 tilderS(53)={1, 132, 8, 15, 17, 146, 147, 21, 150, 23, 151, 149, 154, 24, 156, 29, 31, 161, 33, 167, 168, 169, 170, 172, 173, 46, 174, 175, 49, 48, 47, 185, 189, 62, 191, 61, 65, 66, 67, 74, 203, 202, 205, 208, 210, 213, 214, 92, 98, 102, 109, 122, 125})
2021-09-13 06:56:14,527 - INFO - load: budget=4, scheme=(0.6000000000000001,1.0), result=((1, 46, 49, 205), 65) 
 tilderR(1)={133}, 
 tilderS(54)={1, 132, 8, 15, 17, 146, 147, 21, 150, 23, 151, 149, 154, 24, 156, 29, 31, 161, 33, 167, 168, 169, 170, 172, 173, 46, 174, 175, 49, 48, 179, 47, 185, 189, 62, 191, 61, 65, 66, 67, 74, 203, 202, 205, 208, 210, 213, 214, 92, 98, 102, 109, 122, 125})
2021-09-13 06:56:14,528 - INFO - load: budget=4, scheme=(0.7000000000000001,0.30000000000000004), result=({17, 172, 109}, 23) 
 tilderR(1)={133}, 
 tilderS(3)={17, 172, 109})
2021-09-13 06:56:14,528 - INFO - load: budget=4, scheme=(0.7000000000000001,0.4), result=({17, 172, 109}, 23) 
 tilderR(1)={133}, 
 tilderS(3)={17, 172, 109})
2021-09-13 06:56:14,529 - INFO - load: budget=4, scheme=(0.7000000000000001,0.5), result=((205, 17, 49, 146), 49) 
 tilderR(1)={133}, 
 tilderS(11)={161, 74, 172, 109, 205, 17, 49, 146, 151, 185, 154})
2021-09-13 06:56:14,530 - INFO - load: budget=4, scheme=(0.7000000000000001,0.6000000000000001), result=((169, 205, 17, 49), 55) 
 tilderR(1)={133}, 
 tilderS(18)={161, 65, 167, 169, 74, 202, 172, 109, 205, 175, 17, 49, 146, 151, 185, 154, 156, 31})
2021-09-13 06:56:14,530 - INFO - load: budget=4, scheme=(0.7000000000000001,0.7000000000000001), result=((33, 169, 49, 205), 58) 
 tilderR(1)={133}, 
 tilderS(33)={15, 17, 146, 147, 23, 151, 154, 156, 29, 31, 161, 33, 167, 169, 170, 172, 174, 175, 48, 49, 185, 189, 65, 66, 74, 203, 202, 205, 213, 214, 92, 109, 125})
2021-09-13 06:56:14,530 - INFO - load: budget=4, scheme=(0.7000000000000001,0.8), result=((1, 169, 49, 205), 63) 
 tilderR(1)={133}, 
 tilderS(47)={1, 132, 8, 15, 17, 146, 147, 21, 150, 23, 151, 24, 154, 156, 29, 31, 161, 33, 167, 169, 170, 172, 173, 174, 175, 48, 49, 47, 185, 189, 61, 65, 66, 67, 74, 203, 202, 205, 208, 210, 213, 214, 92, 98, 109, 122, 125})
2021-09-13 06:56:14,530 - INFO - load: budget=4, scheme=(0.7000000000000001,0.9), result=((1, 46, 49, 205), 65) 
 tilderR(1)={133}, 
 tilderS(53)={1, 132, 8, 15, 17, 146, 147, 21, 150, 23, 151, 149, 154, 24, 156, 29, 31, 161, 33, 167, 168, 169, 170, 172, 173, 46, 174, 175, 49, 48, 47, 185, 189, 62, 191, 61, 65, 66, 67, 74, 203, 202, 205, 208, 210, 213, 214, 92, 98, 102, 109, 122, 125})
2021-09-13 06:56:14,531 - INFO - load: budget=4, scheme=(0.7000000000000001,1.0), result=((1, 46, 49, 205), 65) 
 tilderR(1)={133}, 
 tilderS(54)={1, 132, 8, 15, 17, 146, 147, 21, 150, 23, 151, 149, 154, 24, 156, 29, 31, 161, 33, 167, 168, 169, 170, 172, 173, 46, 174, 175, 49, 48, 179, 47, 185, 189, 62, 191, 61, 65, 66, 67, 74, 203, 202, 205, 208, 210, 213, 214, 92, 98, 102, 109, 122, 125})
