2021-09-13 02:16:58,212 - INFO - Namespace(beta_paras='3,6,6,3', budget_list='1', did='d1', grain_list_p='10', grain_list_pq='10+10', grain_list_q='10', method='brute', percent_R='0.25', percent_S='0.25', seed='32', version='v09130216')
2021-09-13 02:16:58,229 - INFO - Finish random requester set R and supplier set S 
                             percent_R=0.25, num_R=55, len_R=55 
                             percent_S=0.25, num_S=55, len_S=54
2021-09-13 02:16:58,229 - INFO - Finish random valuations using v_beta_paras for R and costs using c_beta_paras for S
2021-09-13 02:16:59,235 - INFO - load: budget=1, scheme=(0.0,0.30000000000000004), result=((109,), 455) 
 tilderR(55)={0, 130, 2, 133, 6, 134, 5, 9, 138, 136, 12, 14, 142, 145, 19, 20, 153, 25, 28, 30, 32, 37, 40, 41, 42, 176, 178, 51, 181, 54, 184, 58, 187, 60, 188, 192, 193, 73, 76, 77, 207, 79, 83, 84, 85, 90, 94, 110, 112, 114, 119, 120, 124, 126, 127}, 
 tilderS(3)={17, 172, 109})
2021-09-13 02:16:59,236 - INFO - load: budget=1, scheme=(0.0,0.4), result=((109,), 455) 
 tilderR(55)={0, 130, 2, 133, 6, 134, 5, 9, 138, 136, 12, 14, 142, 145, 19, 20, 153, 25, 28, 30, 32, 37, 40, 41, 42, 176, 178, 51, 181, 54, 184, 58, 187, 60, 188, 192, 193, 73, 76, 77, 207, 79, 83, 84, 85, 90, 94, 110, 112, 114, 119, 120, 124, 126, 127}, 
 tilderS(3)={17, 172, 109})
2021-09-13 02:16:59,257 - INFO - compute: budget=1, scheme=(0.0,0.5), result=((49,), 751) 
 tilderR(55)={0, 130, 2, 133, 6, 134, 5, 9, 138, 136, 12, 14, 142, 145, 19, 20, 153, 25, 28, 30, 32, 37, 40, 41, 42, 176, 178, 51, 181, 54, 184, 58, 187, 60, 188, 192, 193, 73, 76, 77, 207, 79, 83, 84, 85, 90, 94, 110, 112, 114, 119, 120, 124, 126, 127}, 
 tilderS(11)={161, 74, 172, 109, 205, 17, 49, 146, 151, 185, 154})
2021-09-13 02:16:59,257 - INFO - load: budget=1, scheme=(0.0,0.6000000000000001), result=((49,), 751) 
 tilderR(55)={0, 130, 2, 133, 6, 134, 5, 9, 138, 136, 12, 14, 142, 145, 19, 20, 153, 25, 28, 30, 32, 37, 40, 41, 42, 176, 178, 51, 181, 54, 184, 58, 187, 60, 188, 192, 193, 73, 76, 77, 207, 79, 83, 84, 85, 90, 94, 110, 112, 114, 119, 120, 124, 126, 127}, 
 tilderS(18)={161, 65, 167, 169, 74, 202, 172, 109, 205, 175, 17, 49, 146, 151, 185, 154, 156, 31})
2021-09-13 02:16:59,319 - INFO - compute: budget=1, scheme=(0.0,0.7000000000000001), result=((49,), 751) 
 tilderR(55)={0, 130, 2, 133, 6, 134, 5, 9, 138, 136, 12, 14, 142, 145, 19, 20, 153, 25, 28, 30, 32, 37, 40, 41, 42, 176, 178, 51, 181, 54, 184, 58, 187, 60, 188, 192, 193, 73, 76, 77, 207, 79, 83, 84, 85, 90, 94, 110, 112, 114, 119, 120, 124, 126, 127}, 
 tilderS(33)={15, 17, 146, 147, 23, 151, 154, 156, 29, 31, 161, 33, 167, 169, 170, 172, 174, 175, 48, 49, 185, 189, 65, 66, 74, 203, 202, 205, 213, 214, 92, 109, 125})
2021-09-13 02:16:59,319 - INFO - load: budget=1, scheme=(0.0,0.8), result=((150,), 914) 
 tilderR(55)={0, 130, 2, 133, 6, 134, 5, 9, 138, 136, 12, 14, 142, 145, 19, 20, 153, 25, 28, 30, 32, 37, 40, 41, 42, 176, 178, 51, 181, 54, 184, 58, 187, 60, 188, 192, 193, 73, 76, 77, 207, 79, 83, 84, 85, 90, 94, 110, 112, 114, 119, 120, 124, 126, 127}, 
 tilderS(47)={1, 132, 8, 15, 17, 146, 147, 21, 150, 23, 151, 24, 154, 156, 29, 31, 161, 33, 167, 169, 170, 172, 173, 174, 175, 48, 49, 47, 185, 189, 61, 65, 66, 67, 74, 203, 202, 205, 208, 210, 213, 214, 92, 98, 109, 122, 125})
2021-09-13 02:16:59,417 - INFO - compute: budget=1, scheme=(0.0,0.9), result=((150,), 914) 
 tilderR(55)={0, 130, 2, 133, 6, 134, 5, 9, 138, 136, 12, 14, 142, 145, 19, 20, 153, 25, 28, 30, 32, 37, 40, 41, 42, 176, 178, 51, 181, 54, 184, 58, 187, 60, 188, 192, 193, 73, 76, 77, 207, 79, 83, 84, 85, 90, 94, 110, 112, 114, 119, 120, 124, 126, 127}, 
 tilderS(53)={1, 132, 8, 15, 17, 146, 147, 21, 150, 23, 151, 149, 154, 24, 156, 29, 31, 161, 33, 167, 168, 169, 170, 172, 173, 46, 174, 175, 49, 48, 47, 185, 189, 62, 191, 61, 65, 66, 67, 74, 203, 202, 205, 208, 210, 213, 214, 92, 98, 102, 109, 122, 125})
2021-09-13 02:16:59,417 - INFO - load: budget=1, scheme=(0.0,1.0), result=((150,), 914) 
 tilderR(55)={0, 130, 2, 133, 6, 134, 5, 9, 138, 136, 12, 14, 142, 145, 19, 20, 153, 25, 28, 30, 32, 37, 40, 41, 42, 176, 178, 51, 181, 54, 184, 58, 187, 60, 188, 192, 193, 73, 76, 77, 207, 79, 83, 84, 85, 90, 94, 110, 112, 114, 119, 120, 124, 126, 127}, 
 tilderS(54)={1, 132, 8, 15, 17, 146, 147, 21, 150, 23, 151, 149, 154, 24, 156, 29, 31, 161, 33, 167, 168, 169, 170, 172, 173, 46, 174, 175, 49, 48, 179, 47, 185, 189, 62, 191, 61, 65, 66, 67, 74, 203, 202, 205, 208, 210, 213, 214, 92, 98, 102, 109, 122, 125})
2021-09-13 02:16:59,422 - INFO - compute: budget=1, scheme=(0.1,0.30000000000000004), result=((109,), 441) 
 tilderR(52)={0, 130, 2, 133, 6, 134, 5, 9, 138, 136, 12, 14, 142, 145, 19, 20, 153, 25, 30, 32, 37, 40, 41, 42, 176, 178, 51, 54, 184, 58, 187, 60, 188, 192, 193, 73, 76, 77, 207, 79, 83, 84, 85, 90, 94, 110, 112, 114, 119, 124, 126, 127}, 
 tilderS(3)={17, 172, 109})
2021-09-13 02:16:59,422 - INFO - load: budget=1, scheme=(0.1,0.4), result=((109,), 441) 
 tilderR(52)={0, 130, 2, 133, 6, 134, 5, 9, 138, 136, 12, 14, 142, 145, 19, 20, 153, 25, 30, 32, 37, 40, 41, 42, 176, 178, 51, 54, 184, 58, 187, 60, 188, 192, 193, 73, 76, 77, 207, 79, 83, 84, 85, 90, 94, 110, 112, 114, 119, 124, 126, 127}, 
 tilderS(3)={17, 172, 109})
2021-09-13 02:16:59,442 - INFO - compute: budget=1, scheme=(0.1,0.5), result=((49,), 702) 
 tilderR(52)={0, 130, 2, 133, 6, 134, 5, 9, 138, 136, 12, 14, 142, 145, 19, 20, 153, 25, 30, 32, 37, 40, 41, 42, 176, 178, 51, 54, 184, 58, 187, 60, 188, 192, 193, 73, 76, 77, 207, 79, 83, 84, 85, 90, 94, 110, 112, 114, 119, 124, 126, 127}, 
 tilderS(11)={161, 74, 172, 109, 205, 17, 49, 146, 151, 185, 154})
2021-09-13 02:16:59,476 - INFO - compute: budget=1, scheme=(0.1,0.6000000000000001), result=((49,), 702) 
 tilderR(52)={0, 130, 2, 133, 6, 134, 5, 9, 138, 136, 12, 14, 142, 145, 19, 20, 153, 25, 30, 32, 37, 40, 41, 42, 176, 178, 51, 54, 184, 58, 187, 60, 188, 192, 193, 73, 76, 77, 207, 79, 83, 84, 85, 90, 94, 110, 112, 114, 119, 124, 126, 127}, 
 tilderS(18)={161, 65, 167, 169, 74, 202, 172, 109, 205, 175, 17, 49, 146, 151, 185, 154, 156, 31})
2021-09-13 02:16:59,535 - INFO - compute: budget=1, scheme=(0.1,0.7000000000000001), result=((49,), 702) 
 tilderR(52)={0, 130, 2, 133, 6, 134, 5, 9, 138, 136, 12, 14, 142, 145, 19, 20, 153, 25, 30, 32, 37, 40, 41, 42, 176, 178, 51, 54, 184, 58, 187, 60, 188, 192, 193, 73, 76, 77, 207, 79, 83, 84, 85, 90, 94, 110, 112, 114, 119, 124, 126, 127}, 
 tilderS(33)={15, 17, 146, 147, 23, 151, 154, 156, 29, 31, 161, 33, 167, 169, 170, 172, 174, 175, 48, 49, 185, 189, 65, 66, 74, 203, 202, 205, 213, 214, 92, 109, 125})
2021-09-13 02:16:59,617 - INFO - compute: budget=1, scheme=(0.1,0.8), result=((150,), 857) 
 tilderR(52)={0, 130, 2, 133, 6, 134, 5, 9, 138, 136, 12, 14, 142, 145, 19, 20, 153, 25, 30, 32, 37, 40, 41, 42, 176, 178, 51, 54, 184, 58, 187, 60, 188, 192, 193, 73, 76, 77, 207, 79, 83, 84, 85, 90, 94, 110, 112, 114, 119, 124, 126, 127}, 
 tilderS(47)={1, 132, 8, 15, 17, 146, 147, 21, 150, 23, 151, 24, 154, 156, 29, 31, 161, 33, 167, 169, 170, 172, 173, 174, 175, 48, 49, 47, 185, 189, 61, 65, 66, 67, 74, 203, 202, 205, 208, 210, 213, 214, 92, 98, 109, 122, 125})
2021-09-13 02:16:59,710 - INFO - compute: budget=1, scheme=(0.1,0.9), result=((150,), 857) 
 tilderR(52)={0, 130, 2, 133, 6, 134, 5, 9, 138, 136, 12, 14, 142, 145, 19, 20, 153, 25, 30, 32, 37, 40, 41, 42, 176, 178, 51, 54, 184, 58, 187, 60, 188, 192, 193, 73, 76, 77, 207, 79, 83, 84, 85, 90, 94, 110, 112, 114, 119, 124, 126, 127}, 
 tilderS(53)={1, 132, 8, 15, 17, 146, 147, 21, 150, 23, 151, 149, 154, 24, 156, 29, 31, 161, 33, 167, 168, 169, 170, 172, 173, 46, 174, 175, 49, 48, 47, 185, 189, 62, 191, 61, 65, 66, 67, 74, 203, 202, 205, 208, 210, 213, 214, 92, 98, 102, 109, 122, 125})
2021-09-13 02:16:59,804 - INFO - compute: budget=1, scheme=(0.1,1.0), result=((150,), 857) 
 tilderR(52)={0, 130, 2, 133, 6, 134, 5, 9, 138, 136, 12, 14, 142, 145, 19, 20, 153, 25, 30, 32, 37, 40, 41, 42, 176, 178, 51, 54, 184, 58, 187, 60, 188, 192, 193, 73, 76, 77, 207, 79, 83, 84, 85, 90, 94, 110, 112, 114, 119, 124, 126, 127}, 
 tilderS(54)={1, 132, 8, 15, 17, 146, 147, 21, 150, 23, 151, 149, 154, 24, 156, 29, 31, 161, 33, 167, 168, 169, 170, 172, 173, 46, 174, 175, 49, 48, 179, 47, 185, 189, 62, 191, 61, 65, 66, 67, 74, 203, 202, 205, 208, 210, 213, 214, 92, 98, 102, 109, 122, 125})
2021-09-13 02:16:59,804 - INFO - load: budget=1, scheme=(0.2,0.30000000000000004), result=((109,), 393) 
 tilderR(45)={0, 130, 2, 133, 134, 5, 136, 9, 138, 12, 142, 145, 19, 20, 153, 25, 30, 32, 37, 41, 42, 176, 178, 51, 54, 58, 187, 60, 188, 192, 193, 76, 207, 79, 83, 84, 85, 90, 94, 112, 114, 119, 124, 126, 127}, 
 tilderS(3)={17, 172, 109})
2021-09-13 02:16:59,804 - INFO - load: budget=1, scheme=(0.2,0.4), result=((109,), 393) 
 tilderR(45)={0, 130, 2, 133, 134, 5, 136, 9, 138, 12, 142, 145, 19, 20, 153, 25, 30, 32, 37, 41, 42, 176, 178, 51, 54, 58, 187, 60, 188, 192, 193, 76, 207, 79, 83, 84, 85, 90, 94, 112, 114, 119, 124, 126, 127}, 
 tilderS(3)={17, 172, 109})
2021-09-13 02:16:59,821 - INFO - compute: budget=1, scheme=(0.2,0.5), result=((49,), 599) 
 tilderR(45)={0, 130, 2, 133, 134, 5, 136, 9, 138, 12, 142, 145, 19, 20, 153, 25, 30, 32, 37, 41, 42, 176, 178, 51, 54, 58, 187, 60, 188, 192, 193, 76, 207, 79, 83, 84, 85, 90, 94, 112, 114, 119, 124, 126, 127}, 
 tilderS(11)={161, 74, 172, 109, 205, 17, 49, 146, 151, 185, 154})
2021-09-13 02:16:59,821 - INFO - load: budget=1, scheme=(0.2,0.6000000000000001), result=((49,), 599) 
 tilderR(45)={0, 130, 2, 133, 134, 5, 136, 9, 138, 12, 142, 145, 19, 20, 153, 25, 30, 32, 37, 41, 42, 176, 178, 51, 54, 58, 187, 60, 188, 192, 193, 76, 207, 79, 83, 84, 85, 90, 94, 112, 114, 119, 124, 126, 127}, 
 tilderS(18)={161, 65, 167, 169, 74, 202, 172, 109, 205, 175, 17, 49, 146, 151, 185, 154, 156, 31})
2021-09-13 02:16:59,873 - INFO - compute: budget=1, scheme=(0.2,0.7000000000000001), result=((49,), 599) 
 tilderR(45)={0, 130, 2, 133, 134, 5, 136, 9, 138, 12, 142, 145, 19, 20, 153, 25, 30, 32, 37, 41, 42, 176, 178, 51, 54, 58, 187, 60, 188, 192, 193, 76, 207, 79, 83, 84, 85, 90, 94, 112, 114, 119, 124, 126, 127}, 
 tilderS(33)={15, 17, 146, 147, 23, 151, 154, 156, 29, 31, 161, 33, 167, 169, 170, 172, 174, 175, 48, 49, 185, 189, 65, 66, 74, 203, 202, 205, 213, 214, 92, 109, 125})
2021-09-13 02:16:59,873 - INFO - load: budget=1, scheme=(0.2,0.8), result=((150,), 762) 
 tilderR(45)={0, 130, 2, 133, 134, 5, 136, 9, 138, 12, 142, 145, 19, 20, 153, 25, 30, 32, 37, 41, 42, 176, 178, 51, 54, 58, 187, 60, 188, 192, 193, 76, 207, 79, 83, 84, 85, 90, 94, 112, 114, 119, 124, 126, 127}, 
 tilderS(47)={1, 132, 8, 15, 17, 146, 147, 21, 150, 23, 151, 24, 154, 156, 29, 31, 161, 33, 167, 169, 170, 172, 173, 174, 175, 48, 49, 47, 185, 189, 61, 65, 66, 67, 74, 203, 202, 205, 208, 210, 213, 214, 92, 98, 109, 122, 125})
2021-09-13 02:16:59,954 - INFO - compute: budget=1, scheme=(0.2,0.9), result=((150,), 762) 
 tilderR(45)={0, 130, 2, 133, 134, 5, 136, 9, 138, 12, 142, 145, 19, 20, 153, 25, 30, 32, 37, 41, 42, 176, 178, 51, 54, 58, 187, 60, 188, 192, 193, 76, 207, 79, 83, 84, 85, 90, 94, 112, 114, 119, 124, 126, 127}, 
 tilderS(53)={1, 132, 8, 15, 17, 146, 147, 21, 150, 23, 151, 149, 154, 24, 156, 29, 31, 161, 33, 167, 168, 169, 170, 172, 173, 46, 174, 175, 49, 48, 47, 185, 189, 62, 191, 61, 65, 66, 67, 74, 203, 202, 205, 208, 210, 213, 214, 92, 98, 102, 109, 122, 125})
2021-09-13 02:16:59,954 - INFO - load: budget=1, scheme=(0.2,1.0), result=((150,), 762) 
 tilderR(45)={0, 130, 2, 133, 134, 5, 136, 9, 138, 12, 142, 145, 19, 20, 153, 25, 30, 32, 37, 41, 42, 176, 178, 51, 54, 58, 187, 60, 188, 192, 193, 76, 207, 79, 83, 84, 85, 90, 94, 112, 114, 119, 124, 126, 127}, 
 tilderS(54)={1, 132, 8, 15, 17, 146, 147, 21, 150, 23, 151, 149, 154, 24, 156, 29, 31, 161, 33, 167, 168, 169, 170, 172, 173, 46, 174, 175, 49, 48, 179, 47, 185, 189, 62, 191, 61, 65, 66, 67, 74, 203, 202, 205, 208, 210, 213, 214, 92, 98, 102, 109, 122, 125})
2021-09-13 02:16:59,957 - INFO - compute: budget=1, scheme=(0.30000000000000004,0.30000000000000004), result=((109,), 259) 
 tilderR(28)={0, 2, 133, 134, 136, 138, 145, 30, 37, 41, 51, 54, 58, 188, 192, 193, 76, 207, 79, 83, 84, 85, 90, 94, 112, 114, 124, 126}, 
 tilderS(3)={17, 172, 109})
2021-09-13 02:16:59,957 - INFO - load: budget=1, scheme=(0.30000000000000004,0.4), result=((109,), 259) 
 tilderR(28)={0, 2, 133, 134, 136, 138, 145, 30, 37, 41, 51, 54, 58, 188, 192, 193, 76, 207, 79, 83, 84, 85, 90, 94, 112, 114, 124, 126}, 
 tilderS(3)={17, 172, 109})
2021-09-13 02:16:59,967 - INFO - compute: budget=1, scheme=(0.30000000000000004,0.5), result=((49,), 421) 
 tilderR(28)={0, 2, 133, 134, 136, 138, 145, 30, 37, 41, 51, 54, 58, 188, 192, 193, 76, 207, 79, 83, 84, 85, 90, 94, 112, 114, 124, 126}, 
 tilderS(11)={161, 74, 172, 109, 205, 17, 49, 146, 151, 185, 154})
2021-09-13 02:16:59,984 - INFO - compute: budget=1, scheme=(0.30000000000000004,0.6000000000000001), result=((49,), 421) 
 tilderR(28)={0, 2, 133, 134, 136, 138, 145, 30, 37, 41, 51, 54, 58, 188, 192, 193, 76, 207, 79, 83, 84, 85, 90, 94, 112, 114, 124, 126}, 
 tilderS(18)={161, 65, 167, 169, 74, 202, 172, 109, 205, 175, 17, 49, 146, 151, 185, 154, 156, 31})
2021-09-13 02:17:00,017 - INFO - compute: budget=1, scheme=(0.30000000000000004,0.7000000000000001), result=((49,), 421) 
 tilderR(28)={0, 2, 133, 134, 136, 138, 145, 30, 37, 41, 51, 54, 58, 188, 192, 193, 76, 207, 79, 83, 84, 85, 90, 94, 112, 114, 124, 126}, 
 tilderS(33)={15, 17, 146, 147, 23, 151, 154, 156, 29, 31, 161, 33, 167, 169, 170, 172, 174, 175, 48, 49, 185, 189, 65, 66, 74, 203, 202, 205, 213, 214, 92, 109, 125})
2021-09-13 02:17:00,063 - INFO - compute: budget=1, scheme=(0.30000000000000004,0.8), result=((150,), 440) 
 tilderR(28)={0, 2, 133, 134, 136, 138, 145, 30, 37, 41, 51, 54, 58, 188, 192, 193, 76, 207, 79, 83, 84, 85, 90, 94, 112, 114, 124, 126}, 
 tilderS(47)={1, 132, 8, 15, 17, 146, 147, 21, 150, 23, 151, 24, 154, 156, 29, 31, 161, 33, 167, 169, 170, 172, 173, 174, 175, 48, 49, 47, 185, 189, 61, 65, 66, 67, 74, 203, 202, 205, 208, 210, 213, 214, 92, 98, 109, 122, 125})
2021-09-13 02:17:00,114 - INFO - compute: budget=1, scheme=(0.30000000000000004,0.9), result=((150,), 440) 
 tilderR(28)={0, 2, 133, 134, 136, 138, 145, 30, 37, 41, 51, 54, 58, 188, 192, 193, 76, 207, 79, 83, 84, 85, 90, 94, 112, 114, 124, 126}, 
 tilderS(53)={1, 132, 8, 15, 17, 146, 147, 21, 150, 23, 151, 149, 154, 24, 156, 29, 31, 161, 33, 167, 168, 169, 170, 172, 173, 46, 174, 175, 49, 48, 47, 185, 189, 62, 191, 61, 65, 66, 67, 74, 203, 202, 205, 208, 210, 213, 214, 92, 98, 102, 109, 122, 125})
2021-09-13 02:17:00,166 - INFO - compute: budget=1, scheme=(0.30000000000000004,1.0), result=((150,), 440) 
 tilderR(28)={0, 2, 133, 134, 136, 138, 145, 30, 37, 41, 51, 54, 58, 188, 192, 193, 76, 207, 79, 83, 84, 85, 90, 94, 112, 114, 124, 126}, 
 tilderS(54)={1, 132, 8, 15, 17, 146, 147, 21, 150, 23, 151, 149, 154, 24, 156, 29, 31, 161, 33, 167, 168, 169, 170, 172, 173, 46, 174, 175, 49, 48, 179, 47, 185, 189, 62, 191, 61, 65, 66, 67, 74, 203, 202, 205, 208, 210, 213, 214, 92, 98, 102, 109, 122, 125})
2021-09-13 02:17:00,166 - INFO - load: budget=1, scheme=(0.4,0.30000000000000004), result=((109,), 187) 
 tilderR(18)={0, 193, 192, 58, 133, 134, 207, 112, 79, 188, 83, 114, 85, 145, 30, 90, 124, 94}, 
 tilderS(3)={17, 172, 109})
2021-09-13 02:17:00,166 - INFO - load: budget=1, scheme=(0.4,0.4), result=((109,), 187) 
 tilderR(18)={0, 193, 192, 58, 133, 134, 207, 112, 79, 188, 83, 114, 85, 145, 30, 90, 124, 94}, 
 tilderS(3)={17, 172, 109})
2021-09-13 02:17:00,173 - INFO - compute: budget=1, scheme=(0.4,0.5), result=((49,), 292) 
 tilderR(18)={0, 193, 192, 58, 133, 134, 207, 112, 79, 188, 83, 114, 85, 145, 30, 90, 124, 94}, 
 tilderS(11)={161, 74, 172, 109, 205, 17, 49, 146, 151, 185, 154})
2021-09-13 02:17:00,173 - INFO - load: budget=1, scheme=(0.4,0.6000000000000001), result=((49,), 292) 
 tilderR(18)={0, 193, 192, 58, 133, 134, 207, 112, 79, 188, 83, 114, 85, 145, 30, 90, 124, 94}, 
 tilderS(18)={161, 65, 167, 169, 74, 202, 172, 109, 205, 175, 17, 49, 146, 151, 185, 154, 156, 31})
2021-09-13 02:17:00,194 - INFO - compute: budget=1, scheme=(0.4,0.7000000000000001), result=((49,), 292) 
 tilderR(18)={0, 193, 192, 58, 133, 134, 207, 112, 79, 188, 83, 114, 85, 145, 30, 90, 124, 94}, 
 tilderS(33)={15, 17, 146, 147, 23, 151, 154, 156, 29, 31, 161, 33, 167, 169, 170, 172, 174, 175, 48, 49, 185, 189, 65, 66, 74, 203, 202, 205, 213, 214, 92, 109, 125})
2021-09-13 02:17:00,194 - INFO - load: budget=1, scheme=(0.4,0.8), result=((49,), 292) 
 tilderR(18)={0, 193, 192, 58, 133, 134, 207, 112, 79, 188, 83, 114, 85, 145, 30, 90, 124, 94}, 
 tilderS(47)={1, 132, 8, 15, 17, 146, 147, 21, 150, 23, 151, 24, 154, 156, 29, 31, 161, 33, 167, 169, 170, 172, 173, 174, 175, 48, 49, 47, 185, 189, 61, 65, 66, 67, 74, 203, 202, 205, 208, 210, 213, 214, 92, 98, 109, 122, 125})
2021-09-13 02:17:00,226 - INFO - compute: budget=1, scheme=(0.4,0.9), result=((49,), 292) 
 tilderR(18)={0, 193, 192, 58, 133, 134, 207, 112, 79, 188, 83, 114, 85, 145, 30, 90, 124, 94}, 
 tilderS(53)={1, 132, 8, 15, 17, 146, 147, 21, 150, 23, 151, 149, 154, 24, 156, 29, 31, 161, 33, 167, 168, 169, 170, 172, 173, 46, 174, 175, 49, 48, 47, 185, 189, 62, 191, 61, 65, 66, 67, 74, 203, 202, 205, 208, 210, 213, 214, 92, 98, 102, 109, 122, 125})
2021-09-13 02:17:00,227 - INFO - load: budget=1, scheme=(0.4,1.0), result=((49,), 292) 
 tilderR(18)={0, 193, 192, 58, 133, 134, 207, 112, 79, 188, 83, 114, 85, 145, 30, 90, 124, 94}, 
 tilderS(54)={1, 132, 8, 15, 17, 146, 147, 21, 150, 23, 151, 149, 154, 24, 156, 29, 31, 161, 33, 167, 168, 169, 170, 172, 173, 46, 174, 175, 49, 48, 179, 47, 185, 189, 62, 191, 61, 65, 66, 67, 74, 203, 202, 205, 208, 210, 213, 214, 92, 98, 102, 109, 122, 125})
2021-09-13 02:17:00,228 - INFO - compute: budget=1, scheme=(0.5,0.30000000000000004), result=((109,), 73) 
 tilderR(7)={0, 133, 145, 114, 85, 58, 94}, 
 tilderS(3)={17, 172, 109})
2021-09-13 02:17:00,228 - INFO - load: budget=1, scheme=(0.5,0.4), result=((109,), 73) 
 tilderR(7)={0, 133, 145, 114, 85, 58, 94}, 
 tilderS(3)={17, 172, 109})
2021-09-13 02:17:00,231 - INFO - compute: budget=1, scheme=(0.5,0.5), result=((49,), 107) 
 tilderR(7)={0, 133, 145, 114, 85, 58, 94}, 
 tilderS(11)={161, 74, 172, 109, 205, 17, 49, 146, 151, 185, 154})
2021-09-13 02:17:00,235 - INFO - compute: budget=1, scheme=(0.5,0.6000000000000001), result=((49,), 107) 
 tilderR(7)={0, 133, 145, 114, 85, 58, 94}, 
 tilderS(18)={161, 65, 167, 169, 74, 202, 172, 109, 205, 175, 17, 49, 146, 151, 185, 154, 156, 31})
2021-09-13 02:17:00,243 - INFO - compute: budget=1, scheme=(0.5,0.7000000000000001), result=((49,), 107) 
 tilderR(7)={0, 133, 145, 114, 85, 58, 94}, 
 tilderS(33)={15, 17, 146, 147, 23, 151, 154, 156, 29, 31, 161, 33, 167, 169, 170, 172, 174, 175, 48, 49, 185, 189, 65, 66, 74, 203, 202, 205, 213, 214, 92, 109, 125})
2021-09-13 02:17:00,255 - INFO - compute: budget=1, scheme=(0.5,0.8), result=((49,), 107) 
 tilderR(7)={0, 133, 145, 114, 85, 58, 94}, 
 tilderS(47)={1, 132, 8, 15, 17, 146, 147, 21, 150, 23, 151, 24, 154, 156, 29, 31, 161, 33, 167, 169, 170, 172, 173, 174, 175, 48, 49, 47, 185, 189, 61, 65, 66, 67, 74, 203, 202, 205, 208, 210, 213, 214, 92, 98, 109, 122, 125})
2021-09-13 02:17:00,269 - INFO - compute: budget=1, scheme=(0.5,0.9), result=((49,), 107) 
 tilderR(7)={0, 133, 145, 114, 85, 58, 94}, 
 tilderS(53)={1, 132, 8, 15, 17, 146, 147, 21, 150, 23, 151, 149, 154, 24, 156, 29, 31, 161, 33, 167, 168, 169, 170, 172, 173, 46, 174, 175, 49, 48, 47, 185, 189, 62, 191, 61, 65, 66, 67, 74, 203, 202, 205, 208, 210, 213, 214, 92, 98, 102, 109, 122, 125})
2021-09-13 02:17:00,282 - INFO - compute: budget=1, scheme=(0.5,1.0), result=((49,), 107) 
 tilderR(7)={0, 133, 145, 114, 85, 58, 94}, 
 tilderS(54)={1, 132, 8, 15, 17, 146, 147, 21, 150, 23, 151, 149, 154, 24, 156, 29, 31, 161, 33, 167, 168, 169, 170, 172, 173, 46, 174, 175, 49, 48, 179, 47, 185, 189, 62, 191, 61, 65, 66, 67, 74, 203, 202, 205, 208, 210, 213, 214, 92, 98, 102, 109, 122, 125})
2021-09-13 02:17:00,282 - INFO - load: budget=1, scheme=(0.6000000000000001,0.30000000000000004), result=((109,), 11) 
 tilderR(1)={133}, 
 tilderS(3)={17, 172, 109})
2021-09-13 02:17:00,283 - INFO - load: budget=1, scheme=(0.6000000000000001,0.4), result=((109,), 11) 
 tilderR(1)={133}, 
 tilderS(3)={17, 172, 109})
2021-09-13 02:17:00,283 - INFO - compute: budget=1, scheme=(0.6000000000000001,0.5), result=((49,), 22) 
 tilderR(1)={133}, 
 tilderS(11)={161, 74, 172, 109, 205, 17, 49, 146, 151, 185, 154})
2021-09-13 02:17:00,283 - INFO - load: budget=1, scheme=(0.6000000000000001,0.6000000000000001), result=((49,), 22) 
 tilderR(1)={133}, 
 tilderS(18)={161, 65, 167, 169, 74, 202, 172, 109, 205, 175, 17, 49, 146, 151, 185, 154, 156, 31})
2021-09-13 02:17:00,284 - INFO - compute: budget=1, scheme=(0.6000000000000001,0.7000000000000001), result=((49,), 22) 
 tilderR(1)={133}, 
 tilderS(33)={15, 17, 146, 147, 23, 151, 154, 156, 29, 31, 161, 33, 167, 169, 170, 172, 174, 175, 48, 49, 185, 189, 65, 66, 74, 203, 202, 205, 213, 214, 92, 109, 125})
2021-09-13 02:17:00,285 - INFO - load: budget=1, scheme=(0.6000000000000001,0.8), result=((49,), 22) 
 tilderR(1)={133}, 
 tilderS(47)={1, 132, 8, 15, 17, 146, 147, 21, 150, 23, 151, 24, 154, 156, 29, 31, 161, 33, 167, 169, 170, 172, 173, 174, 175, 48, 49, 47, 185, 189, 61, 65, 66, 67, 74, 203, 202, 205, 208, 210, 213, 214, 92, 98, 109, 122, 125})
2021-09-13 02:17:00,287 - INFO - compute: budget=1, scheme=(0.6000000000000001,0.9), result=((49,), 22) 
 tilderR(1)={133}, 
 tilderS(53)={1, 132, 8, 15, 17, 146, 147, 21, 150, 23, 151, 149, 154, 24, 156, 29, 31, 161, 33, 167, 168, 169, 170, 172, 173, 46, 174, 175, 49, 48, 47, 185, 189, 62, 191, 61, 65, 66, 67, 74, 203, 202, 205, 208, 210, 213, 214, 92, 98, 102, 109, 122, 125})
2021-09-13 02:17:00,287 - INFO - load: budget=1, scheme=(0.6000000000000001,1.0), result=((49,), 22) 
 tilderR(1)={133}, 
 tilderS(54)={1, 132, 8, 15, 17, 146, 147, 21, 150, 23, 151, 149, 154, 24, 156, 29, 31, 161, 33, 167, 168, 169, 170, 172, 173, 46, 174, 175, 49, 48, 179, 47, 185, 189, 62, 191, 61, 65, 66, 67, 74, 203, 202, 205, 208, 210, 213, 214, 92, 98, 102, 109, 122, 125})
2021-09-13 02:17:00,287 - INFO - load: budget=1, scheme=(0.7000000000000001,0.30000000000000004), result=((109,), 11) 
 tilderR(1)={133}, 
 tilderS(3)={17, 172, 109})
2021-09-13 02:17:00,287 - INFO - load: budget=1, scheme=(0.7000000000000001,0.4), result=((109,), 11) 
 tilderR(1)={133}, 
 tilderS(3)={17, 172, 109})
2021-09-13 02:17:00,287 - INFO - load: budget=1, scheme=(0.7000000000000001,0.5), result=((49,), 22) 
 tilderR(1)={133}, 
 tilderS(11)={161, 74, 172, 109, 205, 17, 49, 146, 151, 185, 154})
2021-09-13 02:17:00,288 - INFO - load: budget=1, scheme=(0.7000000000000001,0.6000000000000001), result=((49,), 22) 
 tilderR(1)={133}, 
 tilderS(18)={161, 65, 167, 169, 74, 202, 172, 109, 205, 175, 17, 49, 146, 151, 185, 154, 156, 31})
2021-09-13 02:17:00,288 - INFO - load: budget=1, scheme=(0.7000000000000001,0.7000000000000001), result=((49,), 22) 
 tilderR(1)={133}, 
 tilderS(33)={15, 17, 146, 147, 23, 151, 154, 156, 29, 31, 161, 33, 167, 169, 170, 172, 174, 175, 48, 49, 185, 189, 65, 66, 74, 203, 202, 205, 213, 214, 92, 109, 125})
2021-09-13 02:17:00,288 - INFO - load: budget=1, scheme=(0.7000000000000001,0.8), result=((49,), 22) 
 tilderR(1)={133}, 
 tilderS(47)={1, 132, 8, 15, 17, 146, 147, 21, 150, 23, 151, 24, 154, 156, 29, 31, 161, 33, 167, 169, 170, 172, 173, 174, 175, 48, 49, 47, 185, 189, 61, 65, 66, 67, 74, 203, 202, 205, 208, 210, 213, 214, 92, 98, 109, 122, 125})
2021-09-13 02:17:00,288 - INFO - load: budget=1, scheme=(0.7000000000000001,0.9), result=((49,), 22) 
 tilderR(1)={133}, 
 tilderS(53)={1, 132, 8, 15, 17, 146, 147, 21, 150, 23, 151, 149, 154, 24, 156, 29, 31, 161, 33, 167, 168, 169, 170, 172, 173, 46, 174, 175, 49, 48, 47, 185, 189, 62, 191, 61, 65, 66, 67, 74, 203, 202, 205, 208, 210, 213, 214, 92, 98, 102, 109, 122, 125})
2021-09-13 02:17:00,288 - INFO - load: budget=1, scheme=(0.7000000000000001,1.0), result=((49,), 22) 
 tilderR(1)={133}, 
 tilderS(54)={1, 132, 8, 15, 17, 146, 147, 21, 150, 23, 151, 149, 154, 24, 156, 29, 31, 161, 33, 167, 168, 169, 170, 172, 173, 46, 174, 175, 49, 48, 179, 47, 185, 189, 62, 191, 61, 65, 66, 67, 74, 203, 202, 205, 208, 210, 213, 214, 92, 98, 102, 109, 122, 125})
