2021-09-13 04:36:24,377 - INFO - Namespace(beta_paras='3,6,6,3', budget_list='4', did='d1', grain_list_p='10', grain_list_pq='10+10', grain_list_q='10', method='greedy', percent_R='0.25', percent_S='0.25', seed='32', version='v09130436')
2021-09-13 04:36:24,391 - INFO - Finish random requester set R and supplier set S 
                             percent_R=0.25, num_R=55, len_R=55 
                             percent_S=0.25, num_S=55, len_S=54
2021-09-13 04:36:24,391 - INFO - Finish random valuations using v_beta_paras for R and costs using c_beta_paras for S
2021-09-13 04:36:25,381 - INFO - length of pq_list = 64 under grain_tuple = 10+10
2021-09-13 04:36:25,381 - INFO - budget_last = 0
2021-09-13 04:36:25,389 - INFO - compute: budget=1; scheme=(0.0,0.30000000000000004); result=({109}, 455) 
2021-09-13 04:36:25,389 - INFO - budget_last = 1
2021-09-13 04:36:25,395 - INFO - compute: budget=2; scheme=(0.0,0.30000000000000004); result=({172, 109}, 876) 
2021-09-13 04:36:25,395 - INFO - budget_last = 2
2021-09-13 04:36:25,401 - INFO - compute: budget=3; scheme=(0.0,0.30000000000000004); result=({17, 172, 109}, 1279) 
2021-09-13 04:36:25,401 - INFO - budget_last = 3
2021-09-13 04:36:25,405 - INFO - compute: budget=4; scheme=(0.0,0.30000000000000004); result=({17, 172, 109}, 1279) 
2021-09-13 04:36:25,405 - INFO -  max history budget=4
2021-09-13 04:36:25,405 - INFO - load: budget=1; scheme=(0.0,0.4); result=({109}, 455) 
2021-09-13 04:36:25,405 - INFO - load: budget=2; scheme=(0.0,0.4); result=({172, 109}, 876) 
2021-09-13 04:36:25,405 - INFO - load: budget=3; scheme=(0.0,0.4); result=({17, 172, 109}, 1279) 
2021-09-13 04:36:25,406 - INFO - load: budget=4; scheme=(0.0,0.4); result=({17, 172, 109}, 1279) 
2021-09-13 04:36:25,406 - INFO - budget_last = 0
2021-09-13 04:36:25,429 - INFO - compute: budget=1; scheme=(0.0,0.5); result=({49}, 751) 
2021-09-13 04:36:25,429 - INFO - budget_last = 1
2021-09-13 04:36:25,452 - INFO - compute: budget=2; scheme=(0.0,0.5); result=({49, 205}, 1267) 
2021-09-13 04:36:25,452 - INFO - budget_last = 2
2021-09-13 04:36:25,473 - INFO - compute: budget=3; scheme=(0.0,0.5); result=({49, 109, 205}, 1352) 
2021-09-13 04:36:25,474 - INFO - budget_last = 3
2021-09-13 04:36:25,494 - INFO - compute: budget=4; scheme=(0.0,0.5); result=({49, 109, 172, 205}, 1731) 
2021-09-13 04:36:25,495 - INFO - budget_last = 0
2021-09-13 04:36:25,533 - INFO - compute: budget=1; scheme=(0.0,0.6000000000000001); result=({49}, 751) 
2021-09-13 04:36:25,533 - INFO - budget_last = 1
2021-09-13 04:36:25,570 - INFO - compute: budget=2; scheme=(0.0,0.6000000000000001); result=({49, 169}, 1295) 
2021-09-13 04:36:25,571 - INFO - budget_last = 2
2021-09-13 04:36:25,608 - INFO - compute: budget=3; scheme=(0.0,0.6000000000000001); result=({49, 169, 167}, 1895) 
2021-09-13 04:36:25,608 - INFO - budget_last = 3
2021-09-13 04:36:25,642 - INFO - compute: budget=4; scheme=(0.0,0.6000000000000001); result=({65, 49, 169, 167}, 2405) 
2021-09-13 04:36:25,642 - INFO - budget_last = 0
2021-09-13 04:36:25,710 - INFO - compute: budget=1; scheme=(0.0,0.7000000000000001); result=({49}, 751) 
2021-09-13 04:36:25,710 - INFO - budget_last = 1
2021-09-13 04:36:25,775 - INFO - compute: budget=2; scheme=(0.0,0.7000000000000001); result=({49, 125}, 1398) 
2021-09-13 04:36:25,775 - INFO - budget_last = 2
2021-09-13 04:36:25,838 - INFO - compute: budget=3; scheme=(0.0,0.7000000000000001); result=({49, 169, 125}, 1942) 
2021-09-13 04:36:25,838 - INFO - budget_last = 3
2021-09-13 04:36:25,900 - INFO - compute: budget=4; scheme=(0.0,0.7000000000000001); result=({49, 169, 125, 167}, 2428) 
2021-09-13 04:36:25,900 - INFO - budget_last = 0
2021-09-13 04:36:25,992 - INFO - compute: budget=1; scheme=(0.0,0.8); result=({150}, 914) 
2021-09-13 04:36:25,992 - INFO - budget_last = 1
2021-09-13 04:36:26,083 - INFO - compute: budget=2; scheme=(0.0,0.8); result=({1, 150}, 1668) 
2021-09-13 04:36:26,083 - INFO - budget_last = 2
2021-09-13 04:36:26,173 - INFO - compute: budget=3; scheme=(0.0,0.8); result=({1, 150, 49}, 2236) 
2021-09-13 04:36:26,173 - INFO - budget_last = 3
2021-09-13 04:36:26,261 - INFO - compute: budget=4; scheme=(0.0,0.8); result=({1, 125, 150, 49}, 2785) 
2021-09-13 04:36:26,262 - INFO - budget_last = 0
2021-09-13 04:36:26,368 - INFO - compute: budget=1; scheme=(0.0,0.9); result=({150}, 914) 
2021-09-13 04:36:26,368 - INFO - budget_last = 1
2021-09-13 04:36:26,483 - INFO - compute: budget=2; scheme=(0.0,0.9); result=({46, 150}, 1568) 
2021-09-13 04:36:26,484 - INFO - budget_last = 2
2021-09-13 04:36:26,586 - INFO - compute: budget=3; scheme=(0.0,0.9); result=({46, 1, 150}, 2246) 
2021-09-13 04:36:26,586 - INFO - budget_last = 3
2021-09-13 04:36:26,687 - INFO - compute: budget=4; scheme=(0.0,0.9); result=({46, 1, 150, 49}, 2780) 
2021-09-13 04:36:26,687 - INFO - budget_last = 0
2021-09-13 04:36:26,794 - INFO - compute: budget=1; scheme=(0.0,1.0); result=({150}, 914) 
2021-09-13 04:36:26,795 - INFO - budget_last = 1
2021-09-13 04:36:26,900 - INFO - compute: budget=2; scheme=(0.0,1.0); result=({46, 150}, 1568) 
2021-09-13 04:36:26,900 - INFO - budget_last = 2
2021-09-13 04:36:27,003 - INFO - compute: budget=3; scheme=(0.0,1.0); result=({46, 1, 150}, 2246) 
2021-09-13 04:36:27,003 - INFO - budget_last = 3
2021-09-13 04:36:27,105 - INFO - compute: budget=4; scheme=(0.0,1.0); result=({46, 1, 150, 49}, 2780) 
2021-09-13 04:36:27,105 - INFO - budget_last = 0
2021-09-13 04:36:27,113 - INFO - compute: budget=1; scheme=(0.1,0.30000000000000004); result=({109}, 441) 
2021-09-13 04:36:27,113 - INFO - budget_last = 1
2021-09-13 04:36:27,120 - INFO - compute: budget=2; scheme=(0.1,0.30000000000000004); result=({172, 109}, 831) 
2021-09-13 04:36:27,120 - INFO - budget_last = 2
2021-09-13 04:36:27,125 - INFO - compute: budget=3; scheme=(0.1,0.30000000000000004); result=({17, 172, 109}, 1207) 
2021-09-13 04:36:27,125 - INFO - budget_last = 3
2021-09-13 04:36:27,129 - INFO - compute: budget=4; scheme=(0.1,0.30000000000000004); result=({17, 172, 109}, 1207) 
2021-09-13 04:36:27,129 - INFO -  max history budget=4
2021-09-13 04:36:27,129 - INFO - load: budget=1; scheme=(0.1,0.4); result=({109}, 441) 
2021-09-13 04:36:27,129 - INFO - load: budget=2; scheme=(0.1,0.4); result=({172, 109}, 831) 
2021-09-13 04:36:27,129 - INFO - load: budget=3; scheme=(0.1,0.4); result=({17, 172, 109}, 1207) 
2021-09-13 04:36:27,129 - INFO - load: budget=4; scheme=(0.1,0.4); result=({17, 172, 109}, 1207) 
2021-09-13 04:36:27,129 - INFO - budget_last = 0
2021-09-13 04:36:27,151 - INFO - compute: budget=1; scheme=(0.1,0.5); result=({49}, 702) 
2021-09-13 04:36:27,152 - INFO - budget_last = 1
2021-09-13 04:36:27,173 - INFO - compute: budget=2; scheme=(0.1,0.5); result=({49, 205}, 1200) 
2021-09-13 04:36:27,173 - INFO - budget_last = 2
2021-09-13 04:36:27,194 - INFO - compute: budget=3; scheme=(0.1,0.5); result=({49, 109, 205}, 1283) 
2021-09-13 04:36:27,194 - INFO - budget_last = 3
2021-09-13 04:36:27,214 - INFO - compute: budget=4; scheme=(0.1,0.5); result=({49, 109, 172, 205}, 1634) 
2021-09-13 04:36:27,214 - INFO - budget_last = 0
2021-09-13 04:36:27,249 - INFO - compute: budget=1; scheme=(0.1,0.6000000000000001); result=({49}, 702) 
2021-09-13 04:36:27,249 - INFO - budget_last = 1
2021-09-13 04:36:27,283 - INFO - compute: budget=2; scheme=(0.1,0.6000000000000001); result=({49, 169}, 1219) 
2021-09-13 04:36:27,283 - INFO - budget_last = 2
2021-09-13 04:36:27,316 - INFO - compute: budget=3; scheme=(0.1,0.6000000000000001); result=({49, 169, 167}, 1778) 
2021-09-13 04:36:27,317 - INFO - budget_last = 3
2021-09-13 04:36:27,348 - INFO - compute: budget=4; scheme=(0.1,0.6000000000000001); result=({65, 49, 169, 167}, 2266) 
2021-09-13 04:36:27,348 - INFO - budget_last = 0
2021-09-13 04:36:27,411 - INFO - compute: budget=1; scheme=(0.1,0.7000000000000001); result=({49}, 702) 
2021-09-13 04:36:27,411 - INFO - budget_last = 1
2021-09-13 04:36:27,472 - INFO - compute: budget=2; scheme=(0.1,0.7000000000000001); result=({49, 125}, 1320) 
2021-09-13 04:36:27,472 - INFO - budget_last = 2
2021-09-13 04:36:27,532 - INFO - compute: budget=3; scheme=(0.1,0.7000000000000001); result=({49, 169, 125}, 1837) 
2021-09-13 04:36:27,532 - INFO - budget_last = 3
2021-09-13 04:36:27,591 - INFO - compute: budget=4; scheme=(0.1,0.7000000000000001); result=({49, 169, 125, 167}, 2290) 
2021-09-13 04:36:27,592 - INFO - budget_last = 0
2021-09-13 04:36:27,679 - INFO - compute: budget=1; scheme=(0.1,0.8); result=({150}, 857) 
2021-09-13 04:36:27,679 - INFO - budget_last = 1
2021-09-13 04:36:27,765 - INFO - compute: budget=2; scheme=(0.1,0.8); result=({1, 150}, 1562) 
2021-09-13 04:36:27,765 - INFO - budget_last = 2
2021-09-13 04:36:27,851 - INFO - compute: budget=3; scheme=(0.1,0.8); result=({1, 150, 49}, 2094) 
2021-09-13 04:36:27,852 - INFO - budget_last = 3
2021-09-13 04:36:27,942 - INFO - compute: budget=4; scheme=(0.1,0.8); result=({1, 125, 150, 49}, 2622) 
2021-09-13 04:36:27,942 - INFO - budget_last = 0
2021-09-13 04:36:28,040 - INFO - compute: budget=1; scheme=(0.1,0.9); result=({150}, 857) 
2021-09-13 04:36:28,041 - INFO - budget_last = 1
2021-09-13 04:36:28,138 - INFO - compute: budget=2; scheme=(0.1,0.9); result=({46, 150}, 1476) 
2021-09-13 04:36:28,138 - INFO - budget_last = 2
2021-09-13 04:36:28,234 - INFO - compute: budget=3; scheme=(0.1,0.9); result=({46, 1, 150}, 2111) 
2021-09-13 04:36:28,234 - INFO - budget_last = 3
2021-09-13 04:36:28,330 - INFO - compute: budget=4; scheme=(0.1,0.9); result=({46, 1, 150, 49}, 2611) 
2021-09-13 04:36:28,330 - INFO - budget_last = 0
2021-09-13 04:36:28,431 - INFO - compute: budget=1; scheme=(0.1,1.0); result=({150}, 857) 
2021-09-13 04:36:28,431 - INFO - budget_last = 1
2021-09-13 04:36:28,531 - INFO - compute: budget=2; scheme=(0.1,1.0); result=({46, 150}, 1476) 
2021-09-13 04:36:28,531 - INFO - budget_last = 2
2021-09-13 04:36:28,628 - INFO - compute: budget=3; scheme=(0.1,1.0); result=({46, 1, 150}, 2111) 
2021-09-13 04:36:28,629 - INFO - budget_last = 3
2021-09-13 04:36:28,726 - INFO - compute: budget=4; scheme=(0.1,1.0); result=({46, 1, 150, 49}, 2611) 
2021-09-13 04:36:28,726 - INFO - budget_last = 0
2021-09-13 04:36:28,733 - INFO - compute: budget=1; scheme=(0.2,0.30000000000000004); result=({109}, 393) 
2021-09-13 04:36:28,733 - INFO - budget_last = 1
2021-09-13 04:36:28,738 - INFO - compute: budget=2; scheme=(0.2,0.30000000000000004); result=({172, 109}, 742) 
2021-09-13 04:36:28,738 - INFO - budget_last = 2
2021-09-13 04:36:28,742 - INFO - compute: budget=3; scheme=(0.2,0.30000000000000004); result=({17, 172, 109}, 1069) 
2021-09-13 04:36:28,743 - INFO - budget_last = 3
2021-09-13 04:36:28,745 - INFO - compute: budget=4; scheme=(0.2,0.30000000000000004); result=({17, 172, 109}, 1069) 
2021-09-13 04:36:28,746 - INFO -  max history budget=4
2021-09-13 04:36:28,746 - INFO - load: budget=1; scheme=(0.2,0.4); result=({109}, 393) 
2021-09-13 04:36:28,746 - INFO - load: budget=2; scheme=(0.2,0.4); result=({172, 109}, 742) 
2021-09-13 04:36:28,746 - INFO - load: budget=3; scheme=(0.2,0.4); result=({17, 172, 109}, 1069) 
2021-09-13 04:36:28,746 - INFO - load: budget=4; scheme=(0.2,0.4); result=({17, 172, 109}, 1069) 
2021-09-13 04:36:28,746 - INFO - budget_last = 0
2021-09-13 04:36:28,766 - INFO - compute: budget=1; scheme=(0.2,0.5); result=({49}, 599) 
2021-09-13 04:36:28,766 - INFO - budget_last = 1
2021-09-13 04:36:28,784 - INFO - compute: budget=2; scheme=(0.2,0.5); result=({49, 205}, 1043) 
2021-09-13 04:36:28,784 - INFO - budget_last = 2
2021-09-13 04:36:28,802 - INFO - compute: budget=3; scheme=(0.2,0.5); result=({49, 109, 205}, 1116) 
2021-09-13 04:36:28,802 - INFO - budget_last = 3
2021-09-13 04:36:28,818 - INFO - compute: budget=4; scheme=(0.2,0.5); result=({49, 109, 172, 205}, 1430) 
2021-09-13 04:36:28,819 - INFO - budget_last = 0
2021-09-13 04:36:28,849 - INFO - compute: budget=1; scheme=(0.2,0.6000000000000001); result=({49}, 599) 
2021-09-13 04:36:28,849 - INFO - budget_last = 1
2021-09-13 04:36:28,879 - INFO - compute: budget=2; scheme=(0.2,0.6000000000000001); result=({49, 169}, 1050) 
2021-09-13 04:36:28,880 - INFO - budget_last = 2
2021-09-13 04:36:28,908 - INFO - compute: budget=3; scheme=(0.2,0.6000000000000001); result=({49, 169, 167}, 1549) 
2021-09-13 04:36:28,908 - INFO - budget_last = 3
2021-09-13 04:36:28,936 - INFO - compute: budget=4; scheme=(0.2,0.6000000000000001); result=({65, 49, 169, 167}, 1978) 
2021-09-13 04:36:28,936 - INFO - budget_last = 0
2021-09-13 04:36:28,990 - INFO - compute: budget=1; scheme=(0.2,0.7000000000000001); result=({49}, 599) 
2021-09-13 04:36:28,990 - INFO - budget_last = 1
2021-09-13 04:36:29,043 - INFO - compute: budget=2; scheme=(0.2,0.7000000000000001); result=({49, 125}, 1145) 
2021-09-13 04:36:29,043 - INFO - budget_last = 2
2021-09-13 04:36:29,096 - INFO - compute: budget=3; scheme=(0.2,0.7000000000000001); result=({49, 169, 125}, 1596) 
2021-09-13 04:36:29,096 - INFO - budget_last = 3
2021-09-13 04:36:29,147 - INFO - compute: budget=4; scheme=(0.2,0.7000000000000001); result=({49, 169, 125, 167}, 2001) 
2021-09-13 04:36:29,147 - INFO - budget_last = 0
2021-09-13 04:36:29,223 - INFO - compute: budget=1; scheme=(0.2,0.8); result=({150}, 762) 
2021-09-13 04:36:29,223 - INFO - budget_last = 1
2021-09-13 04:36:29,297 - INFO - compute: budget=2; scheme=(0.2,0.8); result=({49, 150}, 1361) 
2021-09-13 04:36:29,297 - INFO - budget_last = 2
2021-09-13 04:36:29,371 - INFO - compute: budget=3; scheme=(0.2,0.8); result=({49, 150, 1}, 1815) 
2021-09-13 04:36:29,371 - INFO - budget_last = 3
2021-09-13 04:36:29,444 - INFO - compute: budget=4; scheme=(0.2,0.8); result=({49, 125, 150, 1}, 2283) 
2021-09-13 04:36:29,444 - INFO - budget_last = 0
2021-09-13 04:36:29,529 - INFO - compute: budget=1; scheme=(0.2,0.9); result=({150}, 762) 
2021-09-13 04:36:29,530 - INFO - budget_last = 1
2021-09-13 04:36:29,614 - INFO - compute: budget=2; scheme=(0.2,0.9); result=({46, 150}, 1295) 
2021-09-13 04:36:29,614 - INFO - budget_last = 2
2021-09-13 04:36:29,697 - INFO - compute: budget=3; scheme=(0.2,0.9); result=({46, 49, 150}, 1821) 
2021-09-13 04:36:29,698 - INFO - budget_last = 3
2021-09-13 04:36:29,779 - INFO - compute: budget=4; scheme=(0.2,0.9); result=({46, 49, 150, 1}, 2264) 
2021-09-13 04:36:29,780 - INFO - budget_last = 0
2021-09-13 04:36:29,866 - INFO - compute: budget=1; scheme=(0.2,1.0); result=({150}, 762) 
2021-09-13 04:36:29,866 - INFO - budget_last = 1
2021-09-13 04:36:29,952 - INFO - compute: budget=2; scheme=(0.2,1.0); result=({46, 150}, 1295) 
2021-09-13 04:36:29,952 - INFO - budget_last = 2
2021-09-13 04:36:30,037 - INFO - compute: budget=3; scheme=(0.2,1.0); result=({46, 49, 150}, 1821) 
2021-09-13 04:36:30,038 - INFO - budget_last = 3
2021-09-13 04:36:30,121 - INFO - compute: budget=4; scheme=(0.2,1.0); result=({46, 49, 150, 1}, 2264) 
2021-09-13 04:36:30,122 - INFO - budget_last = 0
2021-09-13 04:36:30,126 - INFO - compute: budget=1; scheme=(0.30000000000000004,0.30000000000000004); result=({109}, 259) 
2021-09-13 04:36:30,126 - INFO - budget_last = 1
2021-09-13 04:36:30,129 - INFO - compute: budget=2; scheme=(0.30000000000000004,0.30000000000000004); result=({17, 109}, 477) 
2021-09-13 04:36:30,129 - INFO - budget_last = 2
2021-09-13 04:36:30,132 - INFO - compute: budget=3; scheme=(0.30000000000000004,0.30000000000000004); result=({17, 172, 109}, 693) 
2021-09-13 04:36:30,132 - INFO - budget_last = 3
2021-09-13 04:36:30,134 - INFO - compute: budget=4; scheme=(0.30000000000000004,0.30000000000000004); result=({17, 172, 109}, 693) 
2021-09-13 04:36:30,134 - INFO -  max history budget=4
2021-09-13 04:36:30,134 - INFO - load: budget=1; scheme=(0.30000000000000004,0.4); result=({109}, 259) 
2021-09-13 04:36:30,134 - INFO - load: budget=2; scheme=(0.30000000000000004,0.4); result=({17, 109}, 477) 
2021-09-13 04:36:30,134 - INFO - load: budget=3; scheme=(0.30000000000000004,0.4); result=({17, 172, 109}, 693) 
2021-09-13 04:36:30,134 - INFO - load: budget=4; scheme=(0.30000000000000004,0.4); result=({17, 172, 109}, 693) 
2021-09-13 04:36:30,135 - INFO - budget_last = 0
2021-09-13 04:36:30,147 - INFO - compute: budget=1; scheme=(0.30000000000000004,0.5); result=({49}, 421) 
2021-09-13 04:36:30,147 - INFO - budget_last = 1
2021-09-13 04:36:30,159 - INFO - compute: budget=2; scheme=(0.30000000000000004,0.5); result=({49, 205}, 716) 
2021-09-13 04:36:30,159 - INFO - budget_last = 2
2021-09-13 04:36:30,170 - INFO - compute: budget=3; scheme=(0.30000000000000004,0.5); result=({49, 109, 205}, 765) 
2021-09-13 04:36:30,170 - INFO - budget_last = 3
2021-09-13 04:36:30,181 - INFO - compute: budget=4; scheme=(0.30000000000000004,0.5); result=({49, 109, 205, 17}, 909) 
2021-09-13 04:36:30,181 - INFO - budget_last = 0
2021-09-13 04:36:30,201 - INFO - compute: budget=1; scheme=(0.30000000000000004,0.6000000000000001); result=({49}, 421) 
2021-09-13 04:36:30,201 - INFO - budget_last = 1
2021-09-13 04:36:30,221 - INFO - compute: budget=2; scheme=(0.30000000000000004,0.6000000000000001); result=({49, 169}, 729) 
2021-09-13 04:36:30,221 - INFO - budget_last = 2
2021-09-13 04:36:30,239 - INFO - compute: budget=3; scheme=(0.30000000000000004,0.6000000000000001); result=({49, 169, 167}, 1026) 
2021-09-13 04:36:30,239 - INFO - budget_last = 3
2021-09-13 04:36:30,258 - INFO - compute: budget=4; scheme=(0.30000000000000004,0.6000000000000001); result=({49, 169, 205, 167}, 1295) 
2021-09-13 04:36:30,258 - INFO - budget_last = 0
2021-09-13 04:36:30,292 - INFO - compute: budget=1; scheme=(0.30000000000000004,0.7000000000000001); result=({49}, 421) 
2021-09-13 04:36:30,293 - INFO - budget_last = 1
2021-09-13 04:36:30,326 - INFO - compute: budget=2; scheme=(0.30000000000000004,0.7000000000000001); result=({49, 169}, 729) 
2021-09-13 04:36:30,326 - INFO - budget_last = 2
2021-09-13 04:36:30,359 - INFO - compute: budget=3; scheme=(0.30000000000000004,0.7000000000000001); result=({49, 169, 125}, 1038) 
2021-09-13 04:36:30,359 - INFO - budget_last = 3
2021-09-13 04:36:30,391 - INFO - compute: budget=4; scheme=(0.30000000000000004,0.7000000000000001); result=({49, 169, 125, 167}, 1276) 
2021-09-13 04:36:30,391 - INFO - budget_last = 0
2021-09-13 04:36:30,439 - INFO - compute: budget=1; scheme=(0.30000000000000004,0.8); result=({150}, 440) 
2021-09-13 04:36:30,439 - INFO - budget_last = 1
2021-09-13 04:36:30,486 - INFO - compute: budget=2; scheme=(0.30000000000000004,0.8); result=({49, 150}, 861) 
2021-09-13 04:36:30,486 - INFO - budget_last = 2
2021-09-13 04:36:30,532 - INFO - compute: budget=3; scheme=(0.30000000000000004,0.8); result=({49, 150, 1}, 1154) 
2021-09-13 04:36:30,533 - INFO - budget_last = 3
2021-09-13 04:36:30,578 - INFO - compute: budget=4; scheme=(0.30000000000000004,0.8); result=({49, 169, 150, 1}, 1430) 
2021-09-13 04:36:30,579 - INFO - budget_last = 0
2021-09-13 04:36:30,632 - INFO - compute: budget=1; scheme=(0.30000000000000004,0.9); result=({150}, 440) 
2021-09-13 04:36:30,632 - INFO - budget_last = 1
2021-09-13 04:36:30,684 - INFO - compute: budget=2; scheme=(0.30000000000000004,0.9); result=({46, 150}, 796) 
2021-09-13 04:36:30,684 - INFO - budget_last = 2
2021-09-13 04:36:30,737 - INFO - compute: budget=3; scheme=(0.30000000000000004,0.9); result=({46, 49, 150}, 1163) 
2021-09-13 04:36:30,737 - INFO - budget_last = 3
2021-09-13 04:36:30,789 - INFO - compute: budget=4; scheme=(0.30000000000000004,0.9); result=({46, 49, 150, 1}, 1450) 
2021-09-13 04:36:30,789 - INFO - budget_last = 0
2021-09-13 04:36:30,843 - INFO - compute: budget=1; scheme=(0.30000000000000004,1.0); result=({150}, 440) 
2021-09-13 04:36:30,843 - INFO - budget_last = 1
2021-09-13 04:36:30,897 - INFO - compute: budget=2; scheme=(0.30000000000000004,1.0); result=({46, 150}, 796) 
2021-09-13 04:36:30,897 - INFO - budget_last = 2
2021-09-13 04:36:30,950 - INFO - compute: budget=3; scheme=(0.30000000000000004,1.0); result=({46, 49, 150}, 1163) 
2021-09-13 04:36:30,950 - INFO - budget_last = 3
2021-09-13 04:36:31,003 - INFO - compute: budget=4; scheme=(0.30000000000000004,1.0); result=({46, 49, 150, 1}, 1450) 
2021-09-13 04:36:31,003 - INFO - budget_last = 0
2021-09-13 04:36:31,006 - INFO - compute: budget=1; scheme=(0.4,0.30000000000000004); result=({109}, 187) 
2021-09-13 04:36:31,006 - INFO - budget_last = 1
2021-09-13 04:36:31,009 - INFO - compute: budget=2; scheme=(0.4,0.30000000000000004); result=({17, 109}, 332) 
2021-09-13 04:36:31,009 - INFO - budget_last = 2
2021-09-13 04:36:31,011 - INFO - compute: budget=3; scheme=(0.4,0.30000000000000004); result=({17, 172, 109}, 470) 
2021-09-13 04:36:31,011 - INFO - budget_last = 3
2021-09-13 04:36:31,012 - INFO - compute: budget=4; scheme=(0.4,0.30000000000000004); result=({17, 172, 109}, 470) 
2021-09-13 04:36:31,012 - INFO -  max history budget=4
2021-09-13 04:36:31,012 - INFO - load: budget=1; scheme=(0.4,0.4); result=({109}, 187) 
2021-09-13 04:36:31,012 - INFO - load: budget=2; scheme=(0.4,0.4); result=({17, 109}, 332) 
2021-09-13 04:36:31,012 - INFO - load: budget=3; scheme=(0.4,0.4); result=({17, 172, 109}, 470) 
2021-09-13 04:36:31,012 - INFO - load: budget=4; scheme=(0.4,0.4); result=({17, 172, 109}, 470) 
2021-09-13 04:36:31,013 - INFO - budget_last = 0
2021-09-13 04:36:31,020 - INFO - compute: budget=1; scheme=(0.4,0.5); result=({49}, 292) 
2021-09-13 04:36:31,020 - INFO - budget_last = 1
2021-09-13 04:36:31,027 - INFO - compute: budget=2; scheme=(0.4,0.5); result=({49, 205}, 505) 
2021-09-13 04:36:31,027 - INFO - budget_last = 2
2021-09-13 04:36:31,035 - INFO - compute: budget=3; scheme=(0.4,0.5); result=({49, 109, 205}, 541) 
2021-09-13 04:36:31,035 - INFO - budget_last = 3
2021-09-13 04:36:31,042 - INFO - compute: budget=4; scheme=(0.4,0.5); result=({49, 109, 205, 17}, 635) 
2021-09-13 04:36:31,042 - INFO - budget_last = 0
2021-09-13 04:36:31,054 - INFO - compute: budget=1; scheme=(0.4,0.6000000000000001); result=({49}, 292) 
2021-09-13 04:36:31,055 - INFO - budget_last = 1
2021-09-13 04:36:31,066 - INFO - compute: budget=2; scheme=(0.4,0.6000000000000001); result=({49, 169}, 500) 
2021-09-13 04:36:31,067 - INFO - budget_last = 2
2021-09-13 04:36:31,078 - INFO - compute: budget=3; scheme=(0.4,0.6000000000000001); result=({49, 169, 205}, 695) 
2021-09-13 04:36:31,078 - INFO - budget_last = 3
2021-09-13 04:36:31,089 - INFO - compute: budget=4; scheme=(0.4,0.6000000000000001); result=({49, 109, 169, 205}, 731) 
2021-09-13 04:36:31,090 - INFO - budget_last = 0
2021-09-13 04:36:31,112 - INFO - compute: budget=1; scheme=(0.4,0.7000000000000001); result=({49}, 292) 
2021-09-13 04:36:31,112 - INFO - budget_last = 1
2021-09-13 04:36:31,133 - INFO - compute: budget=2; scheme=(0.4,0.7000000000000001); result=({49, 169}, 500) 
2021-09-13 04:36:31,133 - INFO - budget_last = 2
2021-09-13 04:36:31,154 - INFO - compute: budget=3; scheme=(0.4,0.7000000000000001); result=({49, 169, 205}, 695) 
2021-09-13 04:36:31,154 - INFO - budget_last = 3
2021-09-13 04:36:31,175 - INFO - compute: budget=4; scheme=(0.4,0.7000000000000001); result=({49, 125, 169, 205}, 896) 
2021-09-13 04:36:31,175 - INFO - budget_last = 0
2021-09-13 04:36:31,206 - INFO - compute: budget=1; scheme=(0.4,0.8); result=({49}, 292) 
2021-09-13 04:36:31,206 - INFO - budget_last = 1
2021-09-13 04:36:31,236 - INFO - compute: budget=2; scheme=(0.4,0.8); result=({49, 1}, 499) 
2021-09-13 04:36:31,236 - INFO - budget_last = 2
2021-09-13 04:36:31,266 - INFO - compute: budget=3; scheme=(0.4,0.8); result=({49, 150, 1}, 775) 
2021-09-13 04:36:31,266 - INFO - budget_last = 3
2021-09-13 04:36:31,295 - INFO - compute: budget=4; scheme=(0.4,0.8); result=({169, 49, 150, 1}, 963) 
2021-09-13 04:36:31,295 - INFO - budget_last = 0
2021-09-13 04:36:31,329 - INFO - compute: budget=1; scheme=(0.4,0.9); result=({49}, 292) 
2021-09-13 04:36:31,330 - INFO - budget_last = 1
2021-09-13 04:36:31,363 - INFO - compute: budget=2; scheme=(0.4,0.9); result=({49, 1}, 499) 
2021-09-13 04:36:31,363 - INFO - budget_last = 2
2021-09-13 04:36:31,397 - INFO - compute: budget=3; scheme=(0.4,0.9); result=({46, 49, 1}, 738) 
2021-09-13 04:36:31,398 - INFO - budget_last = 3
2021-09-13 04:36:31,431 - INFO - compute: budget=4; scheme=(0.4,0.9); result=({46, 49, 150, 1}, 970) 
2021-09-13 04:36:31,431 - INFO - budget_last = 0
2021-09-13 04:36:31,466 - INFO - compute: budget=1; scheme=(0.4,1.0); result=({49}, 292) 
2021-09-13 04:36:31,466 - INFO - budget_last = 1
2021-09-13 04:36:31,501 - INFO - compute: budget=2; scheme=(0.4,1.0); result=({49, 1}, 499) 
2021-09-13 04:36:31,501 - INFO - budget_last = 2
2021-09-13 04:36:31,535 - INFO - compute: budget=3; scheme=(0.4,1.0); result=({46, 49, 1}, 738) 
2021-09-13 04:36:31,535 - INFO - budget_last = 3
2021-09-13 04:36:31,569 - INFO - compute: budget=4; scheme=(0.4,1.0); result=({46, 49, 150, 1}, 970) 
2021-09-13 04:36:31,569 - INFO - budget_last = 0
2021-09-13 04:36:31,570 - INFO - compute: budget=1; scheme=(0.5,0.30000000000000004); result=({109}, 73) 
2021-09-13 04:36:31,570 - INFO - budget_last = 1
2021-09-13 04:36:31,571 - INFO - compute: budget=2; scheme=(0.5,0.30000000000000004); result=({17, 109}, 125) 
2021-09-13 04:36:31,571 - INFO - budget_last = 2
2021-09-13 04:36:31,572 - INFO - compute: budget=3; scheme=(0.5,0.30000000000000004); result=({17, 172, 109}, 173) 
2021-09-13 04:36:31,572 - INFO - budget_last = 3
2021-09-13 04:36:31,573 - INFO - compute: budget=4; scheme=(0.5,0.30000000000000004); result=({17, 172, 109}, 173) 
2021-09-13 04:36:31,573 - INFO -  max history budget=4
2021-09-13 04:36:31,573 - INFO - load: budget=1; scheme=(0.5,0.4); result=({109}, 73) 
2021-09-13 04:36:31,573 - INFO - load: budget=2; scheme=(0.5,0.4); result=({17, 109}, 125) 
2021-09-13 04:36:31,573 - INFO - load: budget=3; scheme=(0.5,0.4); result=({17, 172, 109}, 173) 
2021-09-13 04:36:31,573 - INFO - load: budget=4; scheme=(0.5,0.4); result=({17, 172, 109}, 173) 
2021-09-13 04:36:31,573 - INFO - budget_last = 0
2021-09-13 04:36:31,576 - INFO - compute: budget=1; scheme=(0.5,0.5); result=({49}, 107) 
2021-09-13 04:36:31,576 - INFO - budget_last = 1
2021-09-13 04:36:31,580 - INFO - compute: budget=2; scheme=(0.5,0.5); result=({49, 205}, 189) 
2021-09-13 04:36:31,580 - INFO - budget_last = 2
2021-09-13 04:36:31,584 - INFO - compute: budget=3; scheme=(0.5,0.5); result=({49, 109, 205}, 203) 
2021-09-13 04:36:31,584 - INFO - budget_last = 3
2021-09-13 04:36:31,587 - INFO - compute: budget=4; scheme=(0.5,0.5); result=({49, 109, 161, 205}, 238) 
2021-09-13 04:36:31,587 - INFO - budget_last = 0
2021-09-13 04:36:31,592 - INFO - compute: budget=1; scheme=(0.5,0.6000000000000001); result=({49}, 107) 
2021-09-13 04:36:31,592 - INFO - budget_last = 1
2021-09-13 04:36:31,596 - INFO - compute: budget=2; scheme=(0.5,0.6000000000000001); result=({49, 205}, 189) 
2021-09-13 04:36:31,597 - INFO - budget_last = 2
2021-09-13 04:36:31,601 - INFO - compute: budget=3; scheme=(0.5,0.6000000000000001); result=({49, 169, 205}, 246) 
2021-09-13 04:36:31,601 - INFO - budget_last = 3
2021-09-13 04:36:31,606 - INFO - compute: budget=4; scheme=(0.5,0.6000000000000001); result=({49, 109, 169, 205}, 260) 
2021-09-13 04:36:31,607 - INFO - budget_last = 0
2021-09-13 04:36:31,615 - INFO - compute: budget=1; scheme=(0.5,0.7000000000000001); result=({49}, 107) 
2021-09-13 04:36:31,615 - INFO - budget_last = 1
2021-09-13 04:36:31,624 - INFO - compute: budget=2; scheme=(0.5,0.7000000000000001); result=({49, 205}, 189) 
2021-09-13 04:36:31,624 - INFO - budget_last = 2
2021-09-13 04:36:31,633 - INFO - compute: budget=3; scheme=(0.5,0.7000000000000001); result=({49, 169, 205}, 246) 
2021-09-13 04:36:31,633 - INFO - budget_last = 3
2021-09-13 04:36:31,641 - INFO - compute: budget=4; scheme=(0.5,0.7000000000000001); result=({49, 109, 169, 205}, 260) 
2021-09-13 04:36:31,651 - INFO - budget_last = 0
2021-09-13 04:36:31,664 - INFO - compute: budget=1; scheme=(0.5,0.8); result=({49}, 107) 
2021-09-13 04:36:31,664 - INFO - budget_last = 1
2021-09-13 04:36:31,677 - INFO - compute: budget=2; scheme=(0.5,0.8); result=({49, 1}, 180) 
2021-09-13 04:36:31,677 - INFO - budget_last = 2
2021-09-13 04:36:31,689 - INFO - compute: budget=3; scheme=(0.5,0.8); result=({49, 150, 1}, 274) 
2021-09-13 04:36:31,689 - INFO - budget_last = 3
2021-09-13 04:36:31,702 - INFO - compute: budget=4; scheme=(0.5,0.8); result=({49, 150, 205, 1}, 356) 
2021-09-13 04:36:31,702 - INFO - budget_last = 0
2021-09-13 04:36:31,716 - INFO - compute: budget=1; scheme=(0.5,0.9); result=({49}, 107) 
2021-09-13 04:36:31,717 - INFO - budget_last = 1
2021-09-13 04:36:31,730 - INFO - compute: budget=2; scheme=(0.5,0.9); result=({49, 1}, 180) 
2021-09-13 04:36:31,730 - INFO - budget_last = 2
2021-09-13 04:36:31,744 - INFO - compute: budget=3; scheme=(0.5,0.9); result=({49, 150, 1}, 274) 
2021-09-13 04:36:31,744 - INFO - budget_last = 3
2021-09-13 04:36:31,757 - INFO - compute: budget=4; scheme=(0.5,0.9); result=({46, 49, 150, 1}, 333) 
2021-09-13 04:36:31,758 - INFO - budget_last = 0
2021-09-13 04:36:31,772 - INFO - compute: budget=1; scheme=(0.5,1.0); result=({49}, 107) 
2021-09-13 04:36:31,772 - INFO - budget_last = 1
2021-09-13 04:36:31,787 - INFO - compute: budget=2; scheme=(0.5,1.0); result=({49, 1}, 180) 
2021-09-13 04:36:31,787 - INFO - budget_last = 2
2021-09-13 04:36:31,800 - INFO - compute: budget=3; scheme=(0.5,1.0); result=({49, 150, 1}, 274) 
2021-09-13 04:36:31,801 - INFO - budget_last = 3
2021-09-13 04:36:31,814 - INFO - compute: budget=4; scheme=(0.5,1.0); result=({46, 49, 150, 1}, 333) 
2021-09-13 04:36:31,815 - INFO - budget_last = 0
2021-09-13 04:36:31,815 - INFO - compute: budget=1; scheme=(0.6000000000000001,0.30000000000000004); result=({109}, 11) 
2021-09-13 04:36:31,815 - INFO - budget_last = 1
2021-09-13 04:36:31,815 - INFO - compute: budget=2; scheme=(0.6000000000000001,0.30000000000000004); result=({17, 109}, 20) 
2021-09-13 04:36:31,815 - INFO - budget_last = 2
2021-09-13 04:36:31,815 - INFO - compute: budget=3; scheme=(0.6000000000000001,0.30000000000000004); result=({17, 172, 109}, 23) 
2021-09-13 04:36:31,815 - INFO - budget_last = 3
2021-09-13 04:36:31,816 - INFO - compute: budget=4; scheme=(0.6000000000000001,0.30000000000000004); result=({17, 172, 109}, 23) 
2021-09-13 04:36:31,816 - INFO -  max history budget=4
2021-09-13 04:36:31,816 - INFO - load: budget=1; scheme=(0.6000000000000001,0.4); result=({109}, 11) 
2021-09-13 04:36:31,816 - INFO - load: budget=2; scheme=(0.6000000000000001,0.4); result=({17, 109}, 20) 
2021-09-13 04:36:31,816 - INFO - load: budget=3; scheme=(0.6000000000000001,0.4); result=({17, 172, 109}, 23) 
2021-09-13 04:36:31,816 - INFO - load: budget=4; scheme=(0.6000000000000001,0.4); result=({17, 172, 109}, 23) 
2021-09-13 04:36:31,816 - INFO - budget_last = 0
2021-09-13 04:36:31,817 - INFO - compute: budget=1; scheme=(0.6000000000000001,0.5); result=({49}, 22) 
2021-09-13 04:36:31,817 - INFO - budget_last = 1
2021-09-13 04:36:31,817 - INFO - compute: budget=2; scheme=(0.6000000000000001,0.5); result=({49, 205}, 35) 
2021-09-13 04:36:31,817 - INFO - budget_last = 2
2021-09-13 04:36:31,818 - INFO - compute: budget=3; scheme=(0.6000000000000001,0.5); result=({49, 109, 205}, 37) 
2021-09-13 04:36:31,818 - INFO - budget_last = 3
2021-09-13 04:36:31,818 - INFO - compute: budget=4; scheme=(0.6000000000000001,0.5); result=({49, 109, 205, 146}, 45) 
2021-09-13 04:36:31,818 - INFO - budget_last = 0
2021-09-13 04:36:31,819 - INFO - compute: budget=1; scheme=(0.6000000000000001,0.6000000000000001); result=({49}, 22) 
2021-09-13 04:36:31,819 - INFO - budget_last = 1
2021-09-13 04:36:31,820 - INFO - compute: budget=2; scheme=(0.6000000000000001,0.6000000000000001); result=({49, 169}, 37) 
2021-09-13 04:36:31,820 - INFO - budget_last = 2
2021-09-13 04:36:31,821 - INFO - compute: budget=3; scheme=(0.6000000000000001,0.6000000000000001); result=({49, 169, 31}, 42) 
2021-09-13 04:36:31,821 - INFO - budget_last = 3
2021-09-13 04:36:31,822 - INFO - compute: budget=4; scheme=(0.6000000000000001,0.6000000000000001); result=({49, 169, 205, 31}, 54) 
2021-09-13 04:36:31,822 - INFO - budget_last = 0
2021-09-13 04:36:31,823 - INFO - compute: budget=1; scheme=(0.6000000000000001,0.7000000000000001); result=({49}, 22) 
2021-09-13 04:36:31,823 - INFO - budget_last = 1
2021-09-13 04:36:31,825 - INFO - compute: budget=2; scheme=(0.6000000000000001,0.7000000000000001); result=({49, 169}, 37) 
2021-09-13 04:36:31,825 - INFO - budget_last = 2
2021-09-13 04:36:31,826 - INFO - compute: budget=3; scheme=(0.6000000000000001,0.7000000000000001); result=({49, 169, 205}, 49) 
2021-09-13 04:36:31,826 - INFO - budget_last = 3
2021-09-13 04:36:31,827 - INFO - compute: budget=4; scheme=(0.6000000000000001,0.7000000000000001); result=({49, 169, 205, 31}, 54) 
2021-09-13 04:36:31,827 - INFO - budget_last = 0
2021-09-13 04:36:31,829 - INFO - compute: budget=1; scheme=(0.6000000000000001,0.8); result=({49}, 22) 
2021-09-13 04:36:31,830 - INFO - budget_last = 1
2021-09-13 04:36:31,831 - INFO - compute: budget=2; scheme=(0.6000000000000001,0.8); result=({49, 1}, 36) 
2021-09-13 04:36:31,831 - INFO - budget_last = 2
2021-09-13 04:36:31,833 - INFO - compute: budget=3; scheme=(0.6000000000000001,0.8); result=({49, 169, 1}, 51) 
2021-09-13 04:36:31,833 - INFO - budget_last = 3
2021-09-13 04:36:31,835 - INFO - compute: budget=4; scheme=(0.6000000000000001,0.8); result=({49, 169, 1, 47}, 57) 
2021-09-13 04:36:31,835 - INFO - budget_last = 0
2021-09-13 04:36:31,837 - INFO - compute: budget=1; scheme=(0.6000000000000001,0.9); result=({49}, 22) 
2021-09-13 04:36:31,837 - INFO - budget_last = 1
2021-09-13 04:36:31,839 - INFO - compute: budget=2; scheme=(0.6000000000000001,0.9); result=({49, 1}, 36) 
2021-09-13 04:36:31,840 - INFO - budget_last = 2
2021-09-13 04:36:31,842 - INFO - compute: budget=3; scheme=(0.6000000000000001,0.9); result=({46, 49, 1}, 53) 
2021-09-13 04:36:31,842 - INFO - budget_last = 3
2021-09-13 04:36:31,844 - INFO - compute: budget=4; scheme=(0.6000000000000001,0.9); result=({46, 49, 169, 1}, 57) 
2021-09-13 04:36:31,844 - INFO - budget_last = 0
2021-09-13 04:36:31,846 - INFO - compute: budget=1; scheme=(0.6000000000000001,1.0); result=({49}, 22) 
2021-09-13 04:36:31,846 - INFO - budget_last = 1
2021-09-13 04:36:31,848 - INFO - compute: budget=2; scheme=(0.6000000000000001,1.0); result=({49, 1}, 36) 
2021-09-13 04:36:31,848 - INFO - budget_last = 2
2021-09-13 04:36:31,851 - INFO - compute: budget=3; scheme=(0.6000000000000001,1.0); result=({46, 49, 1}, 53) 
2021-09-13 04:36:31,851 - INFO - budget_last = 3
2021-09-13 04:36:31,853 - INFO - compute: budget=4; scheme=(0.6000000000000001,1.0); result=({46, 49, 169, 1}, 57) 
2021-09-13 04:36:31,853 - INFO -  max history budget=4
2021-09-13 04:36:31,853 - INFO - load: budget=1; scheme=(0.7000000000000001,0.30000000000000004); result=({109}, 11) 
2021-09-13 04:36:31,853 - INFO - load: budget=2; scheme=(0.7000000000000001,0.30000000000000004); result=({17, 109}, 20) 
2021-09-13 04:36:31,853 - INFO - load: budget=3; scheme=(0.7000000000000001,0.30000000000000004); result=({17, 172, 109}, 23) 
2021-09-13 04:36:31,853 - INFO - load: budget=4; scheme=(0.7000000000000001,0.30000000000000004); result=({17, 172, 109}, 23) 
2021-09-13 04:36:31,853 - INFO -  max history budget=4
2021-09-13 04:36:31,853 - INFO - load: budget=1; scheme=(0.7000000000000001,0.4); result=({109}, 11) 
2021-09-13 04:36:31,854 - INFO - load: budget=2; scheme=(0.7000000000000001,0.4); result=({17, 109}, 20) 
2021-09-13 04:36:31,854 - INFO - load: budget=3; scheme=(0.7000000000000001,0.4); result=({17, 172, 109}, 23) 
2021-09-13 04:36:31,854 - INFO - load: budget=4; scheme=(0.7000000000000001,0.4); result=({17, 172, 109}, 23) 
2021-09-13 04:36:31,854 - INFO -  max history budget=4
2021-09-13 04:36:31,854 - INFO - load: budget=1; scheme=(0.7000000000000001,0.5); result=({49}, 22) 
2021-09-13 04:36:31,854 - INFO - load: budget=2; scheme=(0.7000000000000001,0.5); result=({49, 205}, 35) 
2021-09-13 04:36:31,854 - INFO - load: budget=3; scheme=(0.7000000000000001,0.5); result=({49, 109, 205}, 37) 
2021-09-13 04:36:31,854 - INFO - load: budget=4; scheme=(0.7000000000000001,0.5); result=({49, 109, 205, 146}, 45) 
2021-09-13 04:36:31,854 - INFO -  max history budget=4
2021-09-13 04:36:31,854 - INFO - load: budget=1; scheme=(0.7000000000000001,0.6000000000000001); result=({49}, 22) 
2021-09-13 04:36:31,854 - INFO - load: budget=2; scheme=(0.7000000000000001,0.6000000000000001); result=({49, 169}, 37) 
2021-09-13 04:36:31,854 - INFO - load: budget=3; scheme=(0.7000000000000001,0.6000000000000001); result=({49, 169, 31}, 42) 
2021-09-13 04:36:31,855 - INFO - load: budget=4; scheme=(0.7000000000000001,0.6000000000000001); result=({49, 169, 205, 31}, 54) 
2021-09-13 04:36:31,855 - INFO -  max history budget=4
2021-09-13 04:36:31,855 - INFO - load: budget=1; scheme=(0.7000000000000001,0.7000000000000001); result=({49}, 22) 
2021-09-13 04:36:31,855 - INFO - load: budget=2; scheme=(0.7000000000000001,0.7000000000000001); result=({49, 169}, 37) 
2021-09-13 04:36:31,855 - INFO - load: budget=3; scheme=(0.7000000000000001,0.7000000000000001); result=({49, 169, 205}, 49) 
2021-09-13 04:36:31,855 - INFO - load: budget=4; scheme=(0.7000000000000001,0.7000000000000001); result=({49, 169, 205, 31}, 54) 
2021-09-13 04:36:31,855 - INFO -  max history budget=4
2021-09-13 04:36:31,855 - INFO - load: budget=1; scheme=(0.7000000000000001,0.8); result=({49}, 22) 
2021-09-13 04:36:31,855 - INFO - load: budget=2; scheme=(0.7000000000000001,0.8); result=({49, 1}, 36) 
2021-09-13 04:36:31,855 - INFO - load: budget=3; scheme=(0.7000000000000001,0.8); result=({49, 169, 1}, 51) 
2021-09-13 04:36:31,856 - INFO - load: budget=4; scheme=(0.7000000000000001,0.8); result=({49, 169, 1, 47}, 57) 
2021-09-13 04:36:31,856 - INFO -  max history budget=4
2021-09-13 04:36:31,856 - INFO - load: budget=1; scheme=(0.7000000000000001,0.9); result=({49}, 22) 
2021-09-13 04:36:31,856 - INFO - load: budget=2; scheme=(0.7000000000000001,0.9); result=({49, 1}, 36) 
2021-09-13 04:36:31,856 - INFO - load: budget=3; scheme=(0.7000000000000001,0.9); result=({46, 49, 1}, 53) 
2021-09-13 04:36:31,856 - INFO - load: budget=4; scheme=(0.7000000000000001,0.9); result=({46, 49, 169, 1}, 57) 
2021-09-13 04:36:31,856 - INFO -  max history budget=4
2021-09-13 04:36:31,856 - INFO - load: budget=1; scheme=(0.7000000000000001,1.0); result=({49}, 22) 
2021-09-13 04:36:31,856 - INFO - load: budget=2; scheme=(0.7000000000000001,1.0); result=({49, 1}, 36) 
2021-09-13 04:36:31,857 - INFO - load: budget=3; scheme=(0.7000000000000001,1.0); result=({46, 49, 1}, 53) 
2021-09-13 04:36:31,857 - INFO - load: budget=4; scheme=(0.7000000000000001,1.0); result=({46, 49, 169, 1}, 57) 
