2021-10-31 02:32:45,630 - INFO - python main.py algo -dl d1 -ml greedy -ol I W -ll 2 3 -g 10 -bl 1 2
2021-10-31 02:32:45,645 - INFO - load:../zdata/residence_217_spl.pkl
2021-10-31 02:32:45,646 - INFO - Finish random requester set R and supplier set S 
                             percent_R=0.25, num_R=55, len_R=55 
                             percent_S=0.25, num_S=55, len_S=54
2021-10-31 02:32:45,656 - INFO - max_history_budget=2, max_history_result=({53}, 821, 390.48921946740137)
2021-10-31 02:32:45,657 - INFO - max_history_budget=2, max_history_result=({53}, 821, 390.48921946740137)
2021-10-31 02:32:45,657 - INFO - max_history_budget=2, max_history_result=({125, 53}, 1455, 692.8445087235997)
2021-10-31 02:32:45,657 - INFO - max_history_budget=2, max_history_result=({125, 53}, 1455, 692.8445087235997)
2021-10-31 02:32:45,658 - INFO - max_history_budget=2, max_history_result=({125, 53}, 1455, 692.8445087235997)
2021-10-31 02:32:45,658 - INFO - max_history_budget=2, max_history_result=({125, 53}, 1455, 692.8445087235997)
2021-10-31 02:32:45,659 - INFO - max_history_budget=2, max_history_result=({125, 53}, 1455, 692.8445087235997)
2021-10-31 02:32:45,659 - INFO - max_history_budget=2, max_history_result=({125, 53}, 1455, 692.8445087235997)
2021-10-31 02:32:45,660 - INFO - max_history_budget=2, max_history_result=({125, 53}, 1455, 692.8445087235997)
2021-10-31 02:32:45,660 - INFO - max_history_budget=2, max_history_result=({125, 53}, 1455, 692.8445087235997)
2021-10-31 02:32:45,661 - INFO - max_history_budget=2, max_history_result=({125, 53}, 1455, 692.8445087235997)
2021-10-31 02:32:45,661 - INFO - max_history_budget=2, max_history_result=({53}, 821, 390.48921946740137)
2021-10-31 02:32:45,661 - INFO - max_history_budget=2, max_history_result=({53}, 821, 390.48921946740137)
2021-10-31 02:32:45,662 - INFO - max_history_budget=2, max_history_result=({125, 53}, 1455, 692.8445087235997)
2021-10-31 02:32:45,662 - INFO - max_history_budget=2, max_history_result=({125, 53}, 1455, 692.8445087235997)
2021-10-31 02:32:45,662 - INFO - max_history_budget=2, max_history_result=({125, 53}, 1455, 692.8445087235997)
2021-10-31 02:32:45,663 - INFO - max_history_budget=2, max_history_result=({125, 53}, 1455, 692.8445087235997)
2021-10-31 02:32:45,663 - INFO - max_history_budget=2, max_history_result=({125, 53}, 1455, 692.8445087235997)
2021-10-31 02:32:45,664 - INFO - max_history_budget=2, max_history_result=({125, 53}, 1455, 692.8445087235997)
2021-10-31 02:32:45,664 - INFO - max_history_budget=2, max_history_result=({125, 53}, 1455, 692.8445087235997)
2021-10-31 02:32:45,665 - INFO - max_history_budget=2, max_history_result=({125, 53}, 1455, 692.8445087235997)
2021-10-31 02:32:45,665 - INFO - max_history_budget=2, max_history_result=({125, 53}, 1455, 692.8445087235997)
2021-10-31 02:32:45,666 - INFO - max_history_budget=2, max_history_result=({53}, 821, 390.48921946740137)
2021-10-31 02:32:45,666 - INFO - max_history_budget=2, max_history_result=({53}, 821, 390.48921946740137)
2021-10-31 02:32:45,666 - INFO - max_history_budget=2, max_history_result=({125, 53}, 1455, 692.8445087235997)
2021-10-31 02:32:45,666 - INFO - max_history_budget=2, max_history_result=({125, 53}, 1455, 692.8445087235997)
2021-10-31 02:32:45,667 - INFO - max_history_budget=2, max_history_result=({125, 53}, 1455, 692.8445087235997)
2021-10-31 02:32:45,667 - INFO - max_history_budget=2, max_history_result=({125, 53}, 1455, 692.8445087235997)
2021-10-31 02:32:45,668 - INFO - max_history_budget=2, max_history_result=({125, 53}, 1455, 692.8445087235997)
2021-10-31 02:32:45,668 - INFO - max_history_budget=2, max_history_result=({125, 53}, 1455, 692.8445087235997)
2021-10-31 02:32:45,669 - INFO - max_history_budget=2, max_history_result=({125, 53}, 1455, 692.8445087235997)
2021-10-31 02:32:45,670 - INFO - max_history_budget=2, max_history_result=({125, 53}, 1455, 692.8445087235997)
2021-10-31 02:32:45,670 - INFO - max_history_budget=2, max_history_result=({125, 53}, 1455, 692.8445087235997)
2021-10-31 02:32:45,673 - INFO - max_history_budget=2, max_history_result=({53}, 793, 383.0585491276401)
2021-10-31 02:32:45,677 - INFO - max_history_budget=2, max_history_result=({53}, 793, 383.0585491276401)
2021-10-31 02:32:45,681 - INFO - max_history_budget=2, max_history_result=({125, 53}, 1408, 680.3715977961433)
2021-10-31 02:32:45,683 - INFO - max_history_budget=2, max_history_result=({125, 53}, 1408, 680.3715977961433)
2021-10-31 02:32:45,685 - INFO - max_history_budget=2, max_history_result=({125, 53}, 1408, 680.3715977961433)
2021-10-31 02:32:45,688 - INFO - max_history_budget=2, max_history_result=({125, 53}, 1408, 680.3715977961433)
2021-10-31 02:32:45,690 - INFO - max_history_budget=2, max_history_result=({125, 53}, 1408, 680.3715977961433)
2021-10-31 02:32:45,694 - INFO - max_history_budget=2, max_history_result=({125, 53}, 1408, 680.3715977961433)
2021-10-31 02:32:45,698 - INFO - max_history_budget=2, max_history_result=({125, 53}, 1408, 680.3715977961433)
2021-10-31 02:32:45,701 - INFO - max_history_budget=2, max_history_result=({125, 53}, 1408, 680.3715977961433)
2021-10-31 02:32:45,703 - INFO - max_history_budget=2, max_history_result=({125, 53}, 1408, 680.3715977961433)
2021-10-31 02:32:45,707 - INFO - max_history_budget=2, max_history_result=({53}, 655, 334.3144628099174)
2021-10-31 02:32:45,710 - INFO - max_history_budget=2, max_history_result=({53}, 655, 334.3144628099174)
2021-10-31 02:32:45,713 - INFO - max_history_budget=2, max_history_result=({125, 53}, 1162, 593.4395684113866)
2021-10-31 02:32:45,715 - INFO - max_history_budget=2, max_history_result=({125, 53}, 1162, 593.4395684113866)
2021-10-31 02:32:45,719 - INFO - max_history_budget=2, max_history_result=({125, 53}, 1162, 593.4395684113866)
2021-10-31 02:32:45,722 - INFO - max_history_budget=2, max_history_result=({125, 53}, 1162, 593.4395684113866)
2021-10-31 02:32:45,725 - INFO - max_history_budget=2, max_history_result=({125, 53}, 1162, 593.4395684113866)
2021-10-31 02:32:45,728 - INFO - max_history_budget=2, max_history_result=({125, 53}, 1162, 593.4395684113866)
2021-10-31 02:32:45,731 - INFO - max_history_budget=2, max_history_result=({125, 53}, 1162, 593.4395684113866)
2021-10-31 02:32:45,734 - INFO - max_history_budget=2, max_history_result=({125, 53}, 1162, 593.4395684113866)
2021-10-31 02:32:45,737 - INFO - max_history_budget=2, max_history_result=({125, 53}, 1162, 593.4395684113866)
2021-10-31 02:32:45,741 - INFO - max_history_budget=2, max_history_result=({53}, 272, 163.40988980716256)
2021-10-31 02:32:45,744 - INFO - max_history_budget=2, max_history_result=({53}, 272, 163.40988980716256)
2021-10-31 02:32:45,747 - INFO - max_history_budget=2, max_history_result=({125, 53}, 477, 288.1122865013774)
2021-10-31 02:32:45,750 - INFO - max_history_budget=2, max_history_result=({125, 53}, 477, 288.1122865013774)
2021-10-31 02:32:45,753 - INFO - max_history_budget=2, max_history_result=({125, 53}, 477, 288.1122865013774)
2021-10-31 02:32:45,757 - INFO - max_history_budget=2, max_history_result=({125, 53}, 477, 288.1122865013774)
2021-10-31 02:32:45,760 - INFO - max_history_budget=2, max_history_result=({125, 53}, 477, 288.1122865013774)
2021-10-31 02:32:45,763 - INFO - max_history_budget=2, max_history_result=({125, 53}, 477, 288.1122865013774)
2021-10-31 02:32:45,767 - INFO - max_history_budget=2, max_history_result=({125, 53}, 477, 288.1122865013774)
2021-10-31 02:32:45,771 - INFO - max_history_budget=2, max_history_result=({125, 53}, 477, 288.1122865013774)
2021-10-31 02:32:45,774 - INFO - max_history_budget=2, max_history_result=({125, 53}, 477, 288.1122865013774)
2021-10-31 02:32:45,778 - INFO - max_history_budget=2, max_history_result=({53}, 123, 82.6)
2021-10-31 02:32:45,781 - INFO - max_history_budget=2, max_history_result=({53}, 123, 82.6)
2021-10-31 02:32:45,785 - INFO - max_history_budget=2, max_history_result=({125, 53}, 215, 146.77422405876953)
2021-10-31 02:32:45,791 - INFO - max_history_budget=2, max_history_result=({125, 53}, 215, 146.77422405876953)
2021-10-31 02:32:45,795 - INFO - max_history_budget=2, max_history_result=({125, 53}, 215, 146.77422405876953)
2021-10-31 02:32:45,799 - INFO - max_history_budget=2, max_history_result=({125, 53}, 215, 146.77422405876953)
2021-10-31 02:32:45,802 - INFO - max_history_budget=2, max_history_result=({125, 53}, 215, 146.77422405876953)
2021-10-31 02:32:45,807 - INFO - max_history_budget=2, max_history_result=({125, 53}, 215, 146.77422405876953)
2021-10-31 02:32:45,811 - INFO - max_history_budget=2, max_history_result=({125, 53}, 215, 146.77422405876953)
2021-10-31 02:32:45,815 - INFO - max_history_budget=2, max_history_result=({125, 53}, 215, 146.77422405876953)
2021-10-31 02:32:45,819 - INFO - max_history_budget=2, max_history_result=({125, 53}, 215, 146.77422405876953)
2021-10-31 02:32:45,823 - INFO - max_history_budget=2, max_history_result=({53}, 39, 30.361542699724524)
2021-10-31 02:32:45,828 - INFO - max_history_budget=2, max_history_result=({53}, 39, 30.361542699724524)
2021-10-31 02:32:45,832 - INFO - max_history_budget=2, max_history_result=({125, 53}, 70, 55.249274563820016)
2021-10-31 02:32:45,837 - INFO - max_history_budget=2, max_history_result=({125, 53}, 70, 55.249274563820016)
2021-10-31 02:32:45,841 - INFO - max_history_budget=2, max_history_result=({125, 53}, 70, 55.249274563820016)
2021-10-31 02:32:45,845 - INFO - max_history_budget=2, max_history_result=({125, 53}, 70, 55.249274563820016)
2021-10-31 02:32:45,849 - INFO - max_history_budget=2, max_history_result=({125, 53}, 70, 55.249274563820016)
2021-10-31 02:32:45,854 - INFO - max_history_budget=2, max_history_result=({125, 53}, 70, 55.249274563820016)
2021-10-31 02:32:45,858 - INFO - max_history_budget=2, max_history_result=({125, 53}, 70, 55.249274563820016)
2021-10-31 02:32:45,863 - INFO - max_history_budget=2, max_history_result=({125, 53}, 70, 55.249274563820016)
2021-10-31 02:32:45,867 - INFO - max_history_budget=2, max_history_result=({125, 53}, 70, 55.249274563820016)
2021-10-31 02:32:45,872 - INFO - max_history_budget=2, max_history_result=({53}, 9, 8.142745638200184)
2021-10-31 02:32:45,877 - INFO - max_history_budget=2, max_history_result=({53}, 9, 8.142745638200184)
2021-10-31 02:32:45,882 - INFO - max_history_budget=2, max_history_result=({125, 53}, 31, 26.488879706152435)
2021-10-31 02:32:45,886 - INFO - max_history_budget=2, max_history_result=({125, 53}, 31, 26.488879706152435)
2021-10-31 02:32:45,891 - INFO - max_history_budget=2, max_history_result=({125, 53}, 31, 26.488879706152435)
2021-10-31 02:32:45,896 - INFO - max_history_budget=2, max_history_result=({125, 53}, 31, 26.488879706152435)
2021-10-31 02:32:45,901 - INFO - max_history_budget=2, max_history_result=({125, 53}, 31, 26.488879706152435)
2021-10-31 02:32:45,906 - INFO - max_history_budget=2, max_history_result=({125, 53}, 31, 26.488879706152435)
2021-10-31 02:32:45,910 - INFO - max_history_budget=2, max_history_result=({125, 53}, 31, 26.488879706152435)
2021-10-31 02:32:45,916 - INFO - max_history_budget=2, max_history_result=({125, 53}, 31, 26.488879706152435)
2021-10-31 02:32:45,921 - INFO - max_history_budget=2, max_history_result=({125, 53}, 31, 26.488879706152435)
2021-10-31 02:32:45,926 - INFO - max_history_budget=2, max_history_result=({53}, 4, 3.6446280991735542)
2021-10-31 02:32:45,931 - INFO - max_history_budget=2, max_history_result=({53}, 4, 3.6446280991735542)
2021-10-31 02:32:45,937 - INFO - max_history_budget=2, max_history_result=({125, 53}, 6, 5.466942148760332)
2021-10-31 02:32:45,943 - INFO - max_history_budget=2, max_history_result=({125, 53}, 6, 5.466942148760332)
2021-10-31 02:32:45,948 - INFO - max_history_budget=2, max_history_result=({125, 53}, 6, 5.466942148760332)
2021-10-31 02:32:45,954 - INFO - max_history_budget=2, max_history_result=({125, 53}, 6, 5.466942148760332)
2021-10-31 02:32:45,964 - INFO - max_history_budget=2, max_history_result=({125, 53}, 6, 5.466942148760332)
2021-10-31 02:32:45,970 - INFO - max_history_budget=2, max_history_result=({125, 53}, 6, 5.466942148760332)
2021-10-31 02:32:45,976 - INFO - max_history_budget=2, max_history_result=({125, 53}, 6, 5.466942148760332)
2021-10-31 02:32:45,982 - INFO - max_history_budget=2, max_history_result=({125, 53}, 6, 5.466942148760332)
2021-10-31 02:32:45,988 - INFO - max_history_budget=2, max_history_result=({125, 53}, 6, 5.466942148760332)
2021-10-31 02:32:45,994 - INFO - max_history_budget=2, max_history_result=({53}, 0, 0)
2021-10-31 02:32:45,999 - INFO - max_history_budget=2, max_history_result=({53}, 0, 0)
2021-10-31 02:32:46,006 - INFO - max_history_budget=2, max_history_result=({125, 53}, 0, 0)
2021-10-31 02:32:46,011 - INFO - max_history_budget=2, max_history_result=({125, 53}, 0, 0)
2021-10-31 02:32:46,017 - INFO - max_history_budget=2, max_history_result=({125, 53}, 0, 0)
2021-10-31 02:32:46,024 - INFO - max_history_budget=2, max_history_result=({125, 53}, 0, 0)
2021-10-31 02:32:46,030 - INFO - max_history_budget=2, max_history_result=({125, 53}, 0, 0)
2021-10-31 02:32:46,036 - INFO - max_history_budget=2, max_history_result=({125, 53}, 0, 0)
2021-10-31 02:32:46,042 - INFO - max_history_budget=2, max_history_result=({125, 53}, 0, 0)
2021-10-31 02:32:46,048 - INFO - max_history_budget=2, max_history_result=({125, 53}, 0, 0)
2021-10-31 02:32:46,055 - INFO - max_history_budget=2, max_history_result=({125, 53}, 0, 0)
2021-10-31 02:32:46,058 - INFO - max_history_budget=2, max_history_result=({53}, 821, 390.48921946740137)
2021-10-31 02:32:46,058 - INFO - max_history_budget=2, max_history_result=({53}, 821, 390.48921946740137)
2021-10-31 02:32:46,058 - INFO - max_history_budget=2, max_history_result=({125, 53}, 1455, 692.8445087235997)
2021-10-31 02:32:46,059 - INFO - max_history_budget=2, max_history_result=({125, 53}, 1455, 692.8445087235997)
2021-10-31 02:32:46,059 - INFO - max_history_budget=2, max_history_result=({125, 53}, 1455, 692.8445087235997)
2021-10-31 02:32:46,060 - INFO - max_history_budget=2, max_history_result=({125, 53}, 1455, 692.8445087235997)
2021-10-31 02:32:46,060 - INFO - max_history_budget=2, max_history_result=({125, 53}, 1455, 692.8445087235997)
2021-10-31 02:32:46,061 - INFO - max_history_budget=2, max_history_result=({125, 53}, 1455, 692.8445087235997)
2021-10-31 02:32:46,061 - INFO - max_history_budget=2, max_history_result=({125, 53}, 1455, 692.8445087235997)
2021-10-31 02:32:46,062 - INFO - max_history_budget=2, max_history_result=({125, 53}, 1455, 692.8445087235997)
2021-10-31 02:32:46,062 - INFO - max_history_budget=2, max_history_result=({125, 53}, 1455, 692.8445087235997)
2021-10-31 02:32:46,063 - INFO - max_history_budget=2, max_history_result=({53}, 821, 390.48921946740137)
2021-10-31 02:32:46,063 - INFO - max_history_budget=2, max_history_result=({53}, 821, 390.48921946740137)
2021-10-31 02:32:46,063 - INFO - max_history_budget=2, max_history_result=({125, 53}, 1455, 692.8445087235997)
2021-10-31 02:32:46,063 - INFO - max_history_budget=2, max_history_result=({125, 53}, 1455, 692.8445087235997)
2021-10-31 02:32:46,064 - INFO - max_history_budget=2, max_history_result=({125, 53}, 1455, 692.8445087235997)
2021-10-31 02:32:46,064 - INFO - max_history_budget=2, max_history_result=({125, 53}, 1455, 692.8445087235997)
2021-10-31 02:32:46,065 - INFO - max_history_budget=2, max_history_result=({125, 53}, 1455, 692.8445087235997)
2021-10-31 02:32:46,065 - INFO - max_history_budget=2, max_history_result=({125, 53}, 1455, 692.8445087235997)
2021-10-31 02:32:46,066 - INFO - max_history_budget=2, max_history_result=({125, 53}, 1455, 692.8445087235997)
2021-10-31 02:32:46,067 - INFO - max_history_budget=2, max_history_result=({125, 53}, 1455, 692.8445087235997)
2021-10-31 02:32:46,067 - INFO - max_history_budget=2, max_history_result=({125, 53}, 1455, 692.8445087235997)
2021-10-31 02:32:46,068 - INFO - max_history_budget=2, max_history_result=({53}, 821, 390.48921946740137)
2021-10-31 02:32:46,068 - INFO - max_history_budget=2, max_history_result=({53}, 821, 390.48921946740137)
2021-10-31 02:32:46,068 - INFO - max_history_budget=2, max_history_result=({125, 53}, 1455, 692.8445087235997)
2021-10-31 02:32:46,068 - INFO - max_history_budget=2, max_history_result=({125, 53}, 1455, 692.8445087235997)
2021-10-31 02:32:46,069 - INFO - max_history_budget=2, max_history_result=({125, 53}, 1455, 692.8445087235997)
2021-10-31 02:32:46,069 - INFO - max_history_budget=2, max_history_result=({125, 53}, 1455, 692.8445087235997)
2021-10-31 02:32:46,070 - INFO - max_history_budget=2, max_history_result=({125, 53}, 1455, 692.8445087235997)
2021-10-31 02:32:46,070 - INFO - max_history_budget=2, max_history_result=({125, 53}, 1455, 692.8445087235997)
2021-10-31 02:32:46,071 - INFO - max_history_budget=2, max_history_result=({125, 53}, 1455, 692.8445087235997)
2021-10-31 02:32:46,071 - INFO - max_history_budget=2, max_history_result=({125, 53}, 1455, 692.8445087235997)
2021-10-31 02:32:46,072 - INFO - max_history_budget=2, max_history_result=({125, 53}, 1455, 692.8445087235997)
2021-10-31 02:32:46,074 - INFO - max_history_budget=2, max_history_result=({53}, 793, 383.0585491276401)
2021-10-31 02:32:46,076 - INFO - max_history_budget=2, max_history_result=({53}, 793, 383.0585491276401)
2021-10-31 02:32:46,078 - INFO - max_history_budget=2, max_history_result=({125, 53}, 1408, 680.3715977961433)
2021-10-31 02:32:46,080 - INFO - max_history_budget=2, max_history_result=({125, 53}, 1408, 680.3715977961433)
2021-10-31 02:32:46,082 - INFO - max_history_budget=2, max_history_result=({125, 53}, 1408, 680.3715977961433)
2021-10-31 02:32:46,084 - INFO - max_history_budget=2, max_history_result=({125, 53}, 1408, 680.3715977961433)
2021-10-31 02:32:46,086 - INFO - max_history_budget=2, max_history_result=({125, 53}, 1408, 680.3715977961433)
2021-10-31 02:32:46,088 - INFO - max_history_budget=2, max_history_result=({125, 53}, 1408, 680.3715977961433)
2021-10-31 02:32:46,091 - INFO - max_history_budget=2, max_history_result=({125, 53}, 1408, 680.3715977961433)
2021-10-31 02:32:46,093 - INFO - max_history_budget=2, max_history_result=({125, 53}, 1408, 680.3715977961433)
2021-10-31 02:32:46,096 - INFO - max_history_budget=2, max_history_result=({125, 53}, 1408, 680.3715977961433)
2021-10-31 02:32:46,098 - INFO - max_history_budget=2, max_history_result=({53}, 655, 334.3144628099174)
2021-10-31 02:32:46,100 - INFO - max_history_budget=2, max_history_result=({53}, 655, 334.3144628099174)
2021-10-31 02:32:46,103 - INFO - max_history_budget=2, max_history_result=({125, 53}, 1162, 593.4395684113866)
2021-10-31 02:32:46,106 - INFO - max_history_budget=2, max_history_result=({125, 53}, 1162, 593.4395684113866)
2021-10-31 02:32:46,109 - INFO - max_history_budget=2, max_history_result=({125, 53}, 1162, 593.4395684113866)
2021-10-31 02:32:46,112 - INFO - max_history_budget=2, max_history_result=({125, 53}, 1162, 593.4395684113866)
2021-10-31 02:32:46,114 - INFO - max_history_budget=2, max_history_result=({125, 53}, 1162, 593.4395684113866)
2021-10-31 02:32:46,117 - INFO - max_history_budget=2, max_history_result=({125, 53}, 1162, 593.4395684113866)
2021-10-31 02:32:46,120 - INFO - max_history_budget=2, max_history_result=({125, 53}, 1162, 593.4395684113866)
2021-10-31 02:32:46,124 - INFO - max_history_budget=2, max_history_result=({125, 53}, 1162, 593.4395684113866)
2021-10-31 02:32:46,127 - INFO - max_history_budget=2, max_history_result=({125, 53}, 1162, 593.4395684113866)
2021-10-31 02:32:46,130 - INFO - max_history_budget=2, max_history_result=({53}, 272, 163.40988980716256)
2021-10-31 02:32:46,133 - INFO - max_history_budget=2, max_history_result=({53}, 272, 163.40988980716256)
2021-10-31 02:32:46,137 - INFO - max_history_budget=2, max_history_result=({125, 53}, 477, 288.1122865013774)
2021-10-31 02:32:46,140 - INFO - max_history_budget=2, max_history_result=({125, 53}, 477, 288.1122865013774)
2021-10-31 02:32:46,143 - INFO - max_history_budget=2, max_history_result=({125, 53}, 477, 288.1122865013774)
2021-10-31 02:32:46,146 - INFO - max_history_budget=2, max_history_result=({125, 53}, 477, 288.1122865013774)
2021-10-31 02:32:46,150 - INFO - max_history_budget=2, max_history_result=({125, 53}, 477, 288.1122865013774)
2021-10-31 02:32:46,153 - INFO - max_history_budget=2, max_history_result=({125, 53}, 477, 288.1122865013774)
2021-10-31 02:32:46,157 - INFO - max_history_budget=2, max_history_result=({125, 53}, 477, 288.1122865013774)
2021-10-31 02:32:46,161 - INFO - max_history_budget=2, max_history_result=({125, 53}, 477, 288.1122865013774)
2021-10-31 02:32:46,164 - INFO - max_history_budget=2, max_history_result=({125, 53}, 477, 288.1122865013774)
2021-10-31 02:32:46,168 - INFO - max_history_budget=2, max_history_result=({53}, 123, 82.6)
2021-10-31 02:32:46,171 - INFO - max_history_budget=2, max_history_result=({53}, 123, 82.6)
2021-10-31 02:32:46,176 - INFO - max_history_budget=2, max_history_result=({125, 53}, 215, 146.77422405876953)
2021-10-31 02:32:46,179 - INFO - max_history_budget=2, max_history_result=({125, 53}, 215, 146.77422405876953)
2021-10-31 02:32:46,183 - INFO - max_history_budget=2, max_history_result=({125, 53}, 215, 146.77422405876953)
2021-10-31 02:32:46,187 - INFO - max_history_budget=2, max_history_result=({125, 53}, 215, 146.77422405876953)
2021-10-31 02:32:46,191 - INFO - max_history_budget=2, max_history_result=({125, 53}, 215, 146.77422405876953)
2021-10-31 02:32:46,195 - INFO - max_history_budget=2, max_history_result=({125, 53}, 215, 146.77422405876953)
2021-10-31 02:32:46,199 - INFO - max_history_budget=2, max_history_result=({125, 53}, 215, 146.77422405876953)
2021-10-31 02:32:46,203 - INFO - max_history_budget=2, max_history_result=({125, 53}, 215, 146.77422405876953)
2021-10-31 02:32:46,207 - INFO - max_history_budget=2, max_history_result=({125, 53}, 215, 146.77422405876953)
2021-10-31 02:32:46,211 - INFO - max_history_budget=2, max_history_result=({53}, 39, 30.361542699724524)
2021-10-31 02:32:46,215 - INFO - max_history_budget=2, max_history_result=({53}, 39, 30.361542699724524)
2021-10-31 02:32:46,219 - INFO - max_history_budget=2, max_history_result=({125, 53}, 70, 55.249274563820016)
2021-10-31 02:32:46,223 - INFO - max_history_budget=2, max_history_result=({125, 53}, 70, 55.249274563820016)
2021-10-31 02:32:46,228 - INFO - max_history_budget=2, max_history_result=({125, 53}, 70, 55.249274563820016)
2021-10-31 02:32:46,232 - INFO - max_history_budget=2, max_history_result=({125, 53}, 70, 55.249274563820016)
2021-10-31 02:32:46,236 - INFO - max_history_budget=2, max_history_result=({125, 53}, 70, 55.249274563820016)
2021-10-31 02:32:46,241 - INFO - max_history_budget=2, max_history_result=({125, 53}, 70, 55.249274563820016)
2021-10-31 02:32:46,245 - INFO - max_history_budget=2, max_history_result=({125, 53}, 70, 55.249274563820016)
2021-10-31 02:32:46,249 - INFO - max_history_budget=2, max_history_result=({125, 53}, 70, 55.249274563820016)
2021-10-31 02:32:46,254 - INFO - max_history_budget=2, max_history_result=({125, 53}, 70, 55.249274563820016)
2021-10-31 02:32:46,260 - INFO - max_history_budget=2, max_history_result=({53}, 9, 8.142745638200184)
2021-10-31 02:32:46,265 - INFO - max_history_budget=2, max_history_result=({53}, 9, 8.142745638200184)
2021-10-31 02:32:46,270 - INFO - max_history_budget=2, max_history_result=({125, 53}, 31, 26.488879706152435)
2021-10-31 02:32:46,274 - INFO - max_history_budget=2, max_history_result=({125, 53}, 31, 26.488879706152435)
2021-10-31 02:32:46,279 - INFO - max_history_budget=2, max_history_result=({125, 53}, 31, 26.488879706152435)
2021-10-31 02:32:46,284 - INFO - max_history_budget=2, max_history_result=({125, 53}, 31, 26.488879706152435)
2021-10-31 02:32:46,289 - INFO - max_history_budget=2, max_history_result=({125, 53}, 31, 26.488879706152435)
2021-10-31 02:32:46,294 - INFO - max_history_budget=2, max_history_result=({125, 53}, 31, 26.488879706152435)
2021-10-31 02:32:46,299 - INFO - max_history_budget=2, max_history_result=({125, 53}, 31, 26.488879706152435)
2021-10-31 02:32:46,305 - INFO - max_history_budget=2, max_history_result=({125, 53}, 31, 26.488879706152435)
2021-10-31 02:32:46,310 - INFO - max_history_budget=2, max_history_result=({125, 53}, 31, 26.488879706152435)
2021-10-31 02:32:46,315 - INFO - max_history_budget=2, max_history_result=({53}, 4, 3.6446280991735542)
2021-10-31 02:32:46,320 - INFO - max_history_budget=2, max_history_result=({53}, 4, 3.6446280991735542)
2021-10-31 02:32:46,325 - INFO - max_history_budget=2, max_history_result=({125, 53}, 6, 5.466942148760332)
2021-10-31 02:32:46,331 - INFO - max_history_budget=2, max_history_result=({125, 53}, 6, 5.466942148760332)
2021-10-31 02:32:46,337 - INFO - max_history_budget=2, max_history_result=({125, 53}, 6, 5.466942148760332)
2021-10-31 02:32:46,342 - INFO - max_history_budget=2, max_history_result=({125, 53}, 6, 5.466942148760332)
2021-10-31 02:32:46,347 - INFO - max_history_budget=2, max_history_result=({125, 53}, 6, 5.466942148760332)
2021-10-31 02:32:46,353 - INFO - max_history_budget=2, max_history_result=({125, 53}, 6, 5.466942148760332)
2021-10-31 02:32:46,358 - INFO - max_history_budget=2, max_history_result=({125, 53}, 6, 5.466942148760332)
2021-10-31 02:32:46,364 - INFO - max_history_budget=2, max_history_result=({125, 53}, 6, 5.466942148760332)
2021-10-31 02:32:46,369 - INFO - max_history_budget=2, max_history_result=({125, 53}, 6, 5.466942148760332)
2021-10-31 02:32:46,375 - INFO - max_history_budget=2, max_history_result=({53}, 0, 0)
2021-10-31 02:32:46,380 - INFO - max_history_budget=2, max_history_result=({53}, 0, 0)
2021-10-31 02:32:46,386 - INFO - max_history_budget=2, max_history_result=({125, 53}, 0, 0)
2021-10-31 02:32:46,392 - INFO - max_history_budget=2, max_history_result=({125, 53}, 0, 0)
2021-10-31 02:32:46,397 - INFO - max_history_budget=2, max_history_result=({125, 53}, 0, 0)
2021-10-31 02:32:46,403 - INFO - max_history_budget=2, max_history_result=({125, 53}, 0, 0)
2021-10-31 02:32:46,409 - INFO - max_history_budget=2, max_history_result=({125, 53}, 0, 0)
2021-10-31 02:32:46,415 - INFO - max_history_budget=2, max_history_result=({125, 53}, 0, 0)
2021-10-31 02:32:46,422 - INFO - max_history_budget=2, max_history_result=({125, 53}, 0, 0)
2021-10-31 02:32:46,428 - INFO - max_history_budget=2, max_history_result=({125, 53}, 0, 0)
2021-10-31 02:32:46,434 - INFO - max_history_budget=2, max_history_result=({125, 53}, 0, 0)
2021-10-31 02:32:46,450 - INFO - load:../zdata/residence_217_spl.pkl
2021-10-31 02:32:46,450 - INFO - Finish random requester set R and supplier set S 
                             percent_R=0.25, num_R=55, len_R=55 
                             percent_S=0.25, num_S=55, len_S=54
2021-10-31 02:32:46,462 - INFO - max_history_budget=2, max_history_result=({53}, 821, 275.01438088877757)
2021-10-31 02:32:46,462 - INFO - max_history_budget=2, max_history_result=({53}, 821, 275.01438088877757)
2021-10-31 02:32:46,462 - INFO - max_history_budget=2, max_history_result=({125, 53}, 1455, 488.5292925118958)
2021-10-31 02:32:46,463 - INFO - max_history_budget=2, max_history_result=({125, 53}, 1455, 488.5292925118958)
2021-10-31 02:32:46,463 - INFO - max_history_budget=2, max_history_result=({125, 53}, 1455, 488.5292925118958)
2021-10-31 02:32:46,464 - INFO - max_history_budget=2, max_history_result=({125, 53}, 1455, 488.5292925118958)
2021-10-31 02:32:46,464 - INFO - max_history_budget=2, max_history_result=({125, 53}, 1455, 488.5292925118958)
2021-10-31 02:32:46,465 - INFO - max_history_budget=2, max_history_result=({125, 53}, 1455, 488.5292925118958)
2021-10-31 02:32:46,466 - INFO - max_history_budget=2, max_history_result=({125, 53}, 1455, 488.5292925118958)
2021-10-31 02:32:46,467 - INFO - max_history_budget=2, max_history_result=({125, 53}, 1455, 488.5292925118958)
2021-10-31 02:32:46,467 - INFO - max_history_budget=2, max_history_result=({125, 53}, 1455, 488.5292925118958)
2021-10-31 02:32:46,467 - INFO - max_history_budget=2, max_history_result=({53}, 821, 275.01438088877757)
2021-10-31 02:32:46,468 - INFO - max_history_budget=2, max_history_result=({53}, 821, 275.01438088877757)
2021-10-31 02:32:46,468 - INFO - max_history_budget=2, max_history_result=({125, 53}, 1455, 488.5292925118958)
2021-10-31 02:32:46,468 - INFO - max_history_budget=2, max_history_result=({125, 53}, 1455, 488.5292925118958)
2021-10-31 02:32:46,469 - INFO - max_history_budget=2, max_history_result=({125, 53}, 1455, 488.5292925118958)
2021-10-31 02:32:46,469 - INFO - max_history_budget=2, max_history_result=({125, 53}, 1455, 488.5292925118958)
2021-10-31 02:32:46,470 - INFO - max_history_budget=2, max_history_result=({125, 53}, 1455, 488.5292925118958)
2021-10-31 02:32:46,470 - INFO - max_history_budget=2, max_history_result=({125, 53}, 1455, 488.5292925118958)
2021-10-31 02:32:46,471 - INFO - max_history_budget=2, max_history_result=({125, 53}, 1455, 488.5292925118958)
2021-10-31 02:32:46,472 - INFO - max_history_budget=2, max_history_result=({125, 53}, 1455, 488.5292925118958)
2021-10-31 02:32:46,472 - INFO - max_history_budget=2, max_history_result=({125, 53}, 1455, 488.5292925118958)
2021-10-31 02:32:46,474 - INFO - max_history_budget=2, max_history_result=({53}, 744, 262.7628220218716)
2021-10-31 02:32:46,475 - INFO - max_history_budget=2, max_history_result=({53}, 744, 262.7628220218716)
2021-10-31 02:32:46,476 - INFO - max_history_budget=2, max_history_result=({125, 53}, 1321, 467.1465087514259)
2021-10-31 02:32:46,478 - INFO - max_history_budget=2, max_history_result=({125, 53}, 1321, 467.1465087514259)
2021-10-31 02:32:46,479 - INFO - max_history_budget=2, max_history_result=({125, 53}, 1321, 467.1465087514259)
2021-10-31 02:32:46,481 - INFO - max_history_budget=2, max_history_result=({125, 53}, 1321, 467.1465087514259)
2021-10-31 02:32:46,482 - INFO - max_history_budget=2, max_history_result=({125, 53}, 1321, 467.1465087514259)
2021-10-31 02:32:46,484 - INFO - max_history_budget=2, max_history_result=({125, 53}, 1321, 467.1465087514259)
2021-10-31 02:32:46,486 - INFO - max_history_budget=2, max_history_result=({125, 53}, 1321, 467.1465087514259)
2021-10-31 02:32:46,488 - INFO - max_history_budget=2, max_history_result=({125, 53}, 1321, 467.1465087514259)
2021-10-31 02:32:46,489 - INFO - max_history_budget=2, max_history_result=({125, 53}, 1321, 467.1465087514259)
2021-10-31 02:32:46,491 - INFO - max_history_budget=2, max_history_result=({53}, 485, 197.1157091576926)
2021-10-31 02:32:46,493 - INFO - max_history_budget=2, max_history_result=({53}, 485, 197.1157091576926)
2021-10-31 02:32:46,495 - INFO - max_history_budget=2, max_history_result=({125, 53}, 850, 347.40300659487434)
2021-10-31 02:32:46,497 - INFO - max_history_budget=2, max_history_result=({125, 53}, 850, 347.40300659487434)
2021-10-31 02:32:46,499 - INFO - max_history_budget=2, max_history_result=({125, 53}, 850, 347.40300659487434)
2021-10-31 02:32:46,502 - INFO - max_history_budget=2, max_history_result=({125, 53}, 850, 347.40300659487434)
2021-10-31 02:32:46,504 - INFO - max_history_budget=2, max_history_result=({125, 53}, 850, 347.40300659487434)
2021-10-31 02:32:46,506 - INFO - max_history_budget=2, max_history_result=({125, 53}, 850, 347.40300659487434)
2021-10-31 02:32:46,508 - INFO - max_history_budget=2, max_history_result=({125, 53}, 850, 347.40300659487434)
2021-10-31 02:32:46,511 - INFO - max_history_budget=2, max_history_result=({125, 53}, 850, 347.40300659487434)
2021-10-31 02:32:46,513 - INFO - max_history_budget=2, max_history_result=({125, 53}, 850, 347.40300659487434)
2021-10-31 02:32:46,515 - INFO - max_history_budget=2, max_history_result=({53}, 184, 95.20984097170047)
2021-10-31 02:32:46,518 - INFO - max_history_budget=2, max_history_result=({53}, 184, 95.20984097170047)
2021-10-31 02:32:46,521 - INFO - max_history_budget=2, max_history_result=({125, 53}, 310, 164.23430058157334)
2021-10-31 02:32:46,523 - INFO - max_history_budget=2, max_history_result=({125, 53}, 310, 164.23430058157334)
2021-10-31 02:32:46,526 - INFO - max_history_budget=2, max_history_result=({125, 53}, 310, 164.23430058157334)
2021-10-31 02:32:46,528 - INFO - max_history_budget=2, max_history_result=({125, 53}, 310, 164.23430058157334)
2021-10-31 02:32:46,531 - INFO - max_history_budget=2, max_history_result=({125, 53}, 310, 164.23430058157334)
2021-10-31 02:32:46,533 - INFO - max_history_budget=2, max_history_result=({125, 53}, 310, 164.23430058157334)
2021-10-31 02:32:46,536 - INFO - max_history_budget=2, max_history_result=({125, 53}, 310, 164.23430058157334)
2021-10-31 02:32:46,539 - INFO - max_history_budget=2, max_history_result=({125, 53}, 310, 164.23430058157334)
2021-10-31 02:32:46,543 - INFO - max_history_budget=2, max_history_result=({125, 53}, 310, 164.23430058157334)
2021-10-31 02:32:46,546 - INFO - max_history_budget=2, max_history_result=({53}, 68, 42.164652836909035)
2021-10-31 02:32:46,549 - INFO - max_history_budget=2, max_history_result=({53}, 68, 42.164652836909035)
2021-10-31 02:32:46,553 - INFO - max_history_budget=2, max_history_result=({125, 53}, 138, 85.43902704733284)
2021-10-31 02:32:46,556 - INFO - max_history_budget=2, max_history_result=({125, 53}, 138, 85.43902704733284)
2021-10-31 02:32:46,559 - INFO - max_history_budget=2, max_history_result=({125, 53}, 138, 85.43902704733284)
2021-10-31 02:32:46,563 - INFO - max_history_budget=2, max_history_result=({125, 53}, 138, 85.43902704733284)
2021-10-31 02:32:46,567 - INFO - max_history_budget=2, max_history_result=({125, 53}, 138, 85.43902704733284)
2021-10-31 02:32:46,571 - INFO - max_history_budget=2, max_history_result=({125, 53}, 138, 85.43902704733284)
2021-10-31 02:32:46,574 - INFO - max_history_budget=2, max_history_result=({125, 53}, 138, 85.43902704733284)
2021-10-31 02:32:46,578 - INFO - max_history_budget=2, max_history_result=({125, 53}, 138, 85.43902704733284)
2021-10-31 02:32:46,582 - INFO - max_history_budget=2, max_history_result=({125, 53}, 138, 85.43902704733284)
2021-10-31 02:32:46,585 - INFO - max_history_budget=2, max_history_result=({53}, 32, 22.687907560453013)
2021-10-31 02:32:46,589 - INFO - max_history_budget=2, max_history_result=({53}, 32, 22.687907560453013)
2021-10-31 02:32:46,592 - INFO - max_history_budget=2, max_history_result=({125, 53}, 62, 44.43467579375017)
2021-10-31 02:32:46,596 - INFO - max_history_budget=2, max_history_result=({125, 53}, 62, 44.43467579375017)
2021-10-31 02:32:46,599 - INFO - max_history_budget=2, max_history_result=({125, 53}, 62, 44.43467579375017)
2021-10-31 02:32:46,603 - INFO - max_history_budget=2, max_history_result=({125, 53}, 62, 44.43467579375017)
2021-10-31 02:32:46,607 - INFO - max_history_budget=2, max_history_result=({125, 53}, 62, 44.43467579375017)
2021-10-31 02:32:46,611 - INFO - max_history_budget=2, max_history_result=({125, 53}, 62, 44.43467579375017)
2021-10-31 02:32:46,615 - INFO - max_history_budget=2, max_history_result=({125, 53}, 62, 44.43467579375017)
2021-10-31 02:32:46,619 - INFO - max_history_budget=2, max_history_result=({125, 53}, 62, 44.43467579375017)
2021-10-31 02:32:46,623 - INFO - max_history_budget=2, max_history_result=({125, 53}, 62, 44.43467579375017)
2021-10-31 02:32:46,626 - INFO - max_history_budget=2, max_history_result=({53}, 9, 7.745359518045468)
2021-10-31 02:32:46,631 - INFO - max_history_budget=2, max_history_result=({53}, 9, 7.745359518045468)
2021-10-31 02:32:46,635 - INFO - max_history_budget=2, max_history_result=({125, 53}, 31, 24.512407963936887)
2021-10-31 02:32:46,639 - INFO - max_history_budget=2, max_history_result=({125, 53}, 31, 24.512407963936887)
2021-10-31 02:32:46,643 - INFO - max_history_budget=2, max_history_result=({125, 53}, 31, 24.512407963936887)
2021-10-31 02:32:46,647 - INFO - max_history_budget=2, max_history_result=({125, 53}, 31, 24.512407963936887)
2021-10-31 02:32:46,651 - INFO - max_history_budget=2, max_history_result=({125, 53}, 31, 24.512407963936887)
2021-10-31 02:32:46,656 - INFO - max_history_budget=2, max_history_result=({125, 53}, 31, 24.512407963936887)
2021-10-31 02:32:46,660 - INFO - max_history_budget=2, max_history_result=({125, 53}, 31, 24.512407963936887)
2021-10-31 02:32:46,664 - INFO - max_history_budget=2, max_history_result=({125, 53}, 31, 24.512407963936887)
2021-10-31 02:32:46,668 - INFO - max_history_budget=2, max_history_result=({125, 53}, 31, 24.512407963936887)
2021-10-31 02:32:46,674 - INFO - max_history_budget=2, max_history_result=({53}, 9, 7.745359518045468)
2021-10-31 02:32:46,680 - INFO - max_history_budget=2, max_history_result=({53}, 9, 7.745359518045468)
2021-10-31 02:32:46,685 - INFO - max_history_budget=2, max_history_result=({125, 53}, 14, 12.044678910315275)
2021-10-31 02:32:46,690 - INFO - max_history_budget=2, max_history_result=({125, 53}, 14, 12.044678910315275)
2021-10-31 02:32:46,696 - INFO - max_history_budget=2, max_history_result=({125, 53}, 14, 12.044678910315275)
2021-10-31 02:32:46,701 - INFO - max_history_budget=2, max_history_result=({125, 53}, 14, 12.044678910315275)
2021-10-31 02:32:46,706 - INFO - max_history_budget=2, max_history_result=({125, 53}, 14, 12.044678910315275)
2021-10-31 02:32:46,712 - INFO - max_history_budget=2, max_history_result=({125, 53}, 14, 12.044678910315275)
2021-10-31 02:32:46,717 - INFO - max_history_budget=2, max_history_result=({125, 53}, 14, 12.044678910315275)
2021-10-31 02:32:46,723 - INFO - max_history_budget=2, max_history_result=({125, 53}, 14, 12.044678910315275)
2021-10-31 02:32:46,729 - INFO - max_history_budget=2, max_history_result=({125, 53}, 14, 12.044678910315275)
2021-10-31 02:32:46,735 - INFO - max_history_budget=2, max_history_result=({53}, 0, 0)
2021-10-31 02:32:46,744 - INFO - max_history_budget=2, max_history_result=({53}, 0, 0)
2021-10-31 02:32:46,751 - INFO - max_history_budget=2, max_history_result=({125, 53}, 0, 0)
2021-10-31 02:32:46,758 - INFO - max_history_budget=2, max_history_result=({125, 53}, 0, 0)
2021-10-31 02:32:46,767 - INFO - max_history_budget=2, max_history_result=({125, 53}, 0, 0)
2021-10-31 02:32:46,772 - INFO - max_history_budget=2, max_history_result=({125, 53}, 0, 0)
2021-10-31 02:32:46,781 - INFO - max_history_budget=2, max_history_result=({125, 53}, 0, 0)
2021-10-31 02:32:46,790 - INFO - max_history_budget=2, max_history_result=({125, 53}, 0, 0)
2021-10-31 02:32:46,795 - INFO - max_history_budget=2, max_history_result=({125, 53}, 0, 0)
2021-10-31 02:32:46,800 - INFO - max_history_budget=2, max_history_result=({125, 53}, 0, 0)
2021-10-31 02:32:46,806 - INFO - max_history_budget=2, max_history_result=({125, 53}, 0, 0)
2021-10-31 02:32:46,811 - INFO - max_history_budget=2, max_history_result=({53}, 0, 0)
2021-10-31 02:32:46,816 - INFO - max_history_budget=2, max_history_result=({53}, 0, 0)
2021-10-31 02:32:46,821 - INFO - max_history_budget=2, max_history_result=({125, 53}, 0, 0)
2021-10-31 02:32:46,826 - INFO - max_history_budget=2, max_history_result=({125, 53}, 0, 0)
2021-10-31 02:32:46,831 - INFO - max_history_budget=2, max_history_result=({125, 53}, 0, 0)
2021-10-31 02:32:46,836 - INFO - max_history_budget=2, max_history_result=({125, 53}, 0, 0)
2021-10-31 02:32:46,843 - INFO - max_history_budget=2, max_history_result=({125, 53}, 0, 0)
2021-10-31 02:32:46,848 - INFO - max_history_budget=2, max_history_result=({125, 53}, 0, 0)
2021-10-31 02:32:46,854 - INFO - max_history_budget=2, max_history_result=({125, 53}, 0, 0)
2021-10-31 02:32:46,860 - INFO - max_history_budget=2, max_history_result=({125, 53}, 0, 0)
2021-10-31 02:32:46,865 - INFO - max_history_budget=2, max_history_result=({125, 53}, 0, 0)
2021-10-31 02:32:46,868 - INFO - max_history_budget=2, max_history_result=({53}, 821, 275.01438088877757)
2021-10-31 02:32:46,869 - INFO - max_history_budget=2, max_history_result=({53}, 821, 275.01438088877757)
2021-10-31 02:32:46,869 - INFO - max_history_budget=2, max_history_result=({125, 53}, 1455, 488.5292925118958)
2021-10-31 02:32:46,869 - INFO - max_history_budget=2, max_history_result=({125, 53}, 1455, 488.5292925118958)
2021-10-31 02:32:46,870 - INFO - max_history_budget=2, max_history_result=({125, 53}, 1455, 488.5292925118958)
2021-10-31 02:32:46,870 - INFO - max_history_budget=2, max_history_result=({125, 53}, 1455, 488.5292925118958)
2021-10-31 02:32:46,871 - INFO - max_history_budget=2, max_history_result=({125, 53}, 1455, 488.5292925118958)
2021-10-31 02:32:46,871 - INFO - max_history_budget=2, max_history_result=({125, 53}, 1455, 488.5292925118958)
2021-10-31 02:32:46,872 - INFO - max_history_budget=2, max_history_result=({125, 53}, 1455, 488.5292925118958)
2021-10-31 02:32:46,873 - INFO - max_history_budget=2, max_history_result=({125, 53}, 1455, 488.5292925118958)
2021-10-31 02:32:46,873 - INFO - max_history_budget=2, max_history_result=({125, 53}, 1455, 488.5292925118958)
2021-10-31 02:32:46,874 - INFO - max_history_budget=2, max_history_result=({53}, 821, 275.01438088877757)
2021-10-31 02:32:46,874 - INFO - max_history_budget=2, max_history_result=({53}, 821, 275.01438088877757)
2021-10-31 02:32:46,874 - INFO - max_history_budget=2, max_history_result=({125, 53}, 1455, 488.5292925118958)
2021-10-31 02:32:46,875 - INFO - max_history_budget=2, max_history_result=({125, 53}, 1455, 488.5292925118958)
2021-10-31 02:32:46,875 - INFO - max_history_budget=2, max_history_result=({125, 53}, 1455, 488.5292925118958)
2021-10-31 02:32:46,875 - INFO - max_history_budget=2, max_history_result=({125, 53}, 1455, 488.5292925118958)
2021-10-31 02:32:46,876 - INFO - max_history_budget=2, max_history_result=({125, 53}, 1455, 488.5292925118958)
2021-10-31 02:32:46,877 - INFO - max_history_budget=2, max_history_result=({125, 53}, 1455, 488.5292925118958)
2021-10-31 02:32:46,877 - INFO - max_history_budget=2, max_history_result=({125, 53}, 1455, 488.5292925118958)
2021-10-31 02:32:46,878 - INFO - max_history_budget=2, max_history_result=({125, 53}, 1455, 488.5292925118958)
2021-10-31 02:32:46,879 - INFO - max_history_budget=2, max_history_result=({125, 53}, 1455, 488.5292925118958)
2021-10-31 02:32:46,880 - INFO - max_history_budget=2, max_history_result=({53}, 744, 262.7628220218716)
2021-10-31 02:32:46,881 - INFO - max_history_budget=2, max_history_result=({53}, 744, 262.7628220218716)
2021-10-31 02:32:46,883 - INFO - max_history_budget=2, max_history_result=({125, 53}, 1321, 467.1465087514259)
2021-10-31 02:32:46,884 - INFO - max_history_budget=2, max_history_result=({125, 53}, 1321, 467.1465087514259)
2021-10-31 02:32:46,886 - INFO - max_history_budget=2, max_history_result=({125, 53}, 1321, 467.1465087514259)
2021-10-31 02:32:46,888 - INFO - max_history_budget=2, max_history_result=({125, 53}, 1321, 467.1465087514259)
2021-10-31 02:32:46,890 - INFO - max_history_budget=2, max_history_result=({125, 53}, 1321, 467.1465087514259)
2021-10-31 02:32:46,892 - INFO - max_history_budget=2, max_history_result=({125, 53}, 1321, 467.1465087514259)
2021-10-31 02:32:46,893 - INFO - max_history_budget=2, max_history_result=({125, 53}, 1321, 467.1465087514259)
2021-10-31 02:32:46,895 - INFO - max_history_budget=2, max_history_result=({125, 53}, 1321, 467.1465087514259)
2021-10-31 02:32:46,897 - INFO - max_history_budget=2, max_history_result=({125, 53}, 1321, 467.1465087514259)
2021-10-31 02:32:46,899 - INFO - max_history_budget=2, max_history_result=({53}, 485, 197.1157091576926)
2021-10-31 02:32:46,901 - INFO - max_history_budget=2, max_history_result=({53}, 485, 197.1157091576926)
2021-10-31 02:32:46,903 - INFO - max_history_budget=2, max_history_result=({125, 53}, 850, 347.40300659487434)
2021-10-31 02:32:46,905 - INFO - max_history_budget=2, max_history_result=({125, 53}, 850, 347.40300659487434)
2021-10-31 02:32:46,907 - INFO - max_history_budget=2, max_history_result=({125, 53}, 850, 347.40300659487434)
2021-10-31 02:32:46,909 - INFO - max_history_budget=2, max_history_result=({125, 53}, 850, 347.40300659487434)
2021-10-31 02:32:46,911 - INFO - max_history_budget=2, max_history_result=({125, 53}, 850, 347.40300659487434)
2021-10-31 02:32:46,914 - INFO - max_history_budget=2, max_history_result=({125, 53}, 850, 347.40300659487434)
2021-10-31 02:32:46,916 - INFO - max_history_budget=2, max_history_result=({125, 53}, 850, 347.40300659487434)
2021-10-31 02:32:46,919 - INFO - max_history_budget=2, max_history_result=({125, 53}, 850, 347.40300659487434)
2021-10-31 02:32:46,921 - INFO - max_history_budget=2, max_history_result=({125, 53}, 850, 347.40300659487434)
2021-10-31 02:32:46,923 - INFO - max_history_budget=2, max_history_result=({53}, 184, 95.20984097170047)
2021-10-31 02:32:46,926 - INFO - max_history_budget=2, max_history_result=({53}, 184, 95.20984097170047)
2021-10-31 02:32:46,929 - INFO - max_history_budget=2, max_history_result=({125, 53}, 310, 164.23430058157334)
2021-10-31 02:32:46,931 - INFO - max_history_budget=2, max_history_result=({125, 53}, 310, 164.23430058157334)
2021-10-31 02:32:46,934 - INFO - max_history_budget=2, max_history_result=({125, 53}, 310, 164.23430058157334)
2021-10-31 02:32:46,936 - INFO - max_history_budget=2, max_history_result=({125, 53}, 310, 164.23430058157334)
2021-10-31 02:32:46,939 - INFO - max_history_budget=2, max_history_result=({125, 53}, 310, 164.23430058157334)
2021-10-31 02:32:46,942 - INFO - max_history_budget=2, max_history_result=({125, 53}, 310, 164.23430058157334)
2021-10-31 02:32:46,945 - INFO - max_history_budget=2, max_history_result=({125, 53}, 310, 164.23430058157334)
2021-10-31 02:32:46,948 - INFO - max_history_budget=2, max_history_result=({125, 53}, 310, 164.23430058157334)
2021-10-31 02:32:46,950 - INFO - max_history_budget=2, max_history_result=({125, 53}, 310, 164.23430058157334)
2021-10-31 02:32:46,954 - INFO - max_history_budget=2, max_history_result=({53}, 68, 42.164652836909035)
2021-10-31 02:32:46,956 - INFO - max_history_budget=2, max_history_result=({53}, 68, 42.164652836909035)
2021-10-31 02:32:46,959 - INFO - max_history_budget=2, max_history_result=({125, 53}, 138, 85.43902704733284)
2021-10-31 02:32:46,963 - INFO - max_history_budget=2, max_history_result=({125, 53}, 138, 85.43902704733284)
2021-10-31 02:32:46,966 - INFO - max_history_budget=2, max_history_result=({125, 53}, 138, 85.43902704733284)
2021-10-31 02:32:46,969 - INFO - max_history_budget=2, max_history_result=({125, 53}, 138, 85.43902704733284)
2021-10-31 02:32:46,972 - INFO - max_history_budget=2, max_history_result=({125, 53}, 138, 85.43902704733284)
2021-10-31 02:32:46,975 - INFO - max_history_budget=2, max_history_result=({125, 53}, 138, 85.43902704733284)
2021-10-31 02:32:46,979 - INFO - max_history_budget=2, max_history_result=({125, 53}, 138, 85.43902704733284)
2021-10-31 02:32:46,982 - INFO - max_history_budget=2, max_history_result=({125, 53}, 138, 85.43902704733284)
2021-10-31 02:32:46,987 - INFO - max_history_budget=2, max_history_result=({125, 53}, 138, 85.43902704733284)
2021-10-31 02:32:46,990 - INFO - max_history_budget=2, max_history_result=({53}, 32, 22.687907560453013)
2021-10-31 02:32:46,994 - INFO - max_history_budget=2, max_history_result=({53}, 32, 22.687907560453013)
2021-10-31 02:32:46,997 - INFO - max_history_budget=2, max_history_result=({125, 53}, 62, 44.43467579375017)
2021-10-31 02:32:47,002 - INFO - max_history_budget=2, max_history_result=({125, 53}, 62, 44.43467579375017)
2021-10-31 02:32:47,006 - INFO - max_history_budget=2, max_history_result=({125, 53}, 62, 44.43467579375017)
2021-10-31 02:32:47,010 - INFO - max_history_budget=2, max_history_result=({125, 53}, 62, 44.43467579375017)
2021-10-31 02:32:47,014 - INFO - max_history_budget=2, max_history_result=({125, 53}, 62, 44.43467579375017)
2021-10-31 02:32:47,018 - INFO - max_history_budget=2, max_history_result=({125, 53}, 62, 44.43467579375017)
2021-10-31 02:32:47,023 - INFO - max_history_budget=2, max_history_result=({125, 53}, 62, 44.43467579375017)
2021-10-31 02:32:47,027 - INFO - max_history_budget=2, max_history_result=({125, 53}, 62, 44.43467579375017)
2021-10-31 02:32:47,031 - INFO - max_history_budget=2, max_history_result=({125, 53}, 62, 44.43467579375017)
2021-10-31 02:32:47,035 - INFO - max_history_budget=2, max_history_result=({53}, 9, 7.745359518045468)
2021-10-31 02:32:47,039 - INFO - max_history_budget=2, max_history_result=({53}, 9, 7.745359518045468)
2021-10-31 02:32:47,043 - INFO - max_history_budget=2, max_history_result=({125, 53}, 31, 24.512407963936887)
2021-10-31 02:32:47,048 - INFO - max_history_budget=2, max_history_result=({125, 53}, 31, 24.512407963936887)
2021-10-31 02:32:47,052 - INFO - max_history_budget=2, max_history_result=({125, 53}, 31, 24.512407963936887)
2021-10-31 02:32:47,056 - INFO - max_history_budget=2, max_history_result=({125, 53}, 31, 24.512407963936887)
2021-10-31 02:32:47,060 - INFO - max_history_budget=2, max_history_result=({125, 53}, 31, 24.512407963936887)
2021-10-31 02:32:47,064 - INFO - max_history_budget=2, max_history_result=({125, 53}, 31, 24.512407963936887)
2021-10-31 02:32:47,068 - INFO - max_history_budget=2, max_history_result=({125, 53}, 31, 24.512407963936887)
2021-10-31 02:32:47,073 - INFO - max_history_budget=2, max_history_result=({125, 53}, 31, 24.512407963936887)
2021-10-31 02:32:47,077 - INFO - max_history_budget=2, max_history_result=({125, 53}, 31, 24.512407963936887)
2021-10-31 02:32:47,081 - INFO - max_history_budget=2, max_history_result=({53}, 9, 7.745359518045468)
2021-10-31 02:32:47,086 - INFO - max_history_budget=2, max_history_result=({53}, 9, 7.745359518045468)
2021-10-31 02:32:47,090 - INFO - max_history_budget=2, max_history_result=({125, 53}, 14, 12.044678910315275)
2021-10-31 02:32:47,095 - INFO - max_history_budget=2, max_history_result=({125, 53}, 14, 12.044678910315275)
2021-10-31 02:32:47,099 - INFO - max_history_budget=2, max_history_result=({125, 53}, 14, 12.044678910315275)
2021-10-31 02:32:47,104 - INFO - max_history_budget=2, max_history_result=({125, 53}, 14, 12.044678910315275)
2021-10-31 02:32:47,109 - INFO - max_history_budget=2, max_history_result=({125, 53}, 14, 12.044678910315275)
2021-10-31 02:32:47,113 - INFO - max_history_budget=2, max_history_result=({125, 53}, 14, 12.044678910315275)
2021-10-31 02:32:47,118 - INFO - max_history_budget=2, max_history_result=({125, 53}, 14, 12.044678910315275)
2021-10-31 02:32:47,123 - INFO - max_history_budget=2, max_history_result=({125, 53}, 14, 12.044678910315275)
2021-10-31 02:32:47,127 - INFO - max_history_budget=2, max_history_result=({125, 53}, 14, 12.044678910315275)
2021-10-31 02:32:47,132 - INFO - max_history_budget=2, max_history_result=({53}, 0, 0)
2021-10-31 02:32:47,138 - INFO - max_history_budget=2, max_history_result=({53}, 0, 0)
2021-10-31 02:32:47,143 - INFO - max_history_budget=2, max_history_result=({125, 53}, 0, 0)
2021-10-31 02:32:47,148 - INFO - max_history_budget=2, max_history_result=({125, 53}, 0, 0)
2021-10-31 02:32:47,154 - INFO - max_history_budget=2, max_history_result=({125, 53}, 0, 0)
2021-10-31 02:32:47,159 - INFO - max_history_budget=2, max_history_result=({125, 53}, 0, 0)
2021-10-31 02:32:47,165 - INFO - max_history_budget=2, max_history_result=({125, 53}, 0, 0)
2021-10-31 02:32:47,171 - INFO - max_history_budget=2, max_history_result=({125, 53}, 0, 0)
2021-10-31 02:32:47,176 - INFO - max_history_budget=2, max_history_result=({125, 53}, 0, 0)
2021-10-31 02:32:47,182 - INFO - max_history_budget=2, max_history_result=({125, 53}, 0, 0)
2021-10-31 02:32:47,187 - INFO - max_history_budget=2, max_history_result=({125, 53}, 0, 0)
2021-10-31 02:32:47,192 - INFO - max_history_budget=2, max_history_result=({53}, 0, 0)
2021-10-31 02:32:47,197 - INFO - max_history_budget=2, max_history_result=({53}, 0, 0)
2021-10-31 02:32:47,202 - INFO - max_history_budget=2, max_history_result=({125, 53}, 0, 0)
2021-10-31 02:32:47,207 - INFO - max_history_budget=2, max_history_result=({125, 53}, 0, 0)
2021-10-31 02:32:47,212 - INFO - max_history_budget=2, max_history_result=({125, 53}, 0, 0)
2021-10-31 02:32:47,217 - INFO - max_history_budget=2, max_history_result=({125, 53}, 0, 0)
2021-10-31 02:32:47,222 - INFO - max_history_budget=2, max_history_result=({125, 53}, 0, 0)
2021-10-31 02:32:47,227 - INFO - max_history_budget=2, max_history_result=({125, 53}, 0, 0)
2021-10-31 02:32:47,232 - INFO - max_history_budget=2, max_history_result=({125, 53}, 0, 0)
2021-10-31 02:32:47,238 - INFO - max_history_budget=2, max_history_result=({125, 53}, 0, 0)
2021-10-31 02:32:47,243 - INFO - max_history_budget=2, max_history_result=({125, 53}, 0, 0)
