2021-10-31 02:34:24,980 - INFO - python main.py algo -dl d1 -ml greedy -ol I -ll 2 -g 10 -bl 1 2
2021-10-31 02:34:25,000 - INFO - load:../zdata/residence_217_spl.pkl
2021-10-31 02:34:25,001 - INFO - Finish random requester set R and supplier set S 
                             percent_R=0.25, num_R=55, len_R=55 
                             percent_S=0.25, num_S=55, len_S=54
2021-10-31 02:34:25,012 - INFO - max_history_budget=2, max_history_result=({53}, 821, 390.48921946740137)
2021-10-31 02:34:25,012 - INFO - max_history_budget=2, max_history_result=({53}, 821, 390.48921946740137)
2021-10-31 02:34:25,012 - INFO - max_history_budget=2, max_history_result=({125, 53}, 1455, 692.8445087235997)
2021-10-31 02:34:25,012 - INFO - max_history_budget=2, max_history_result=({125, 53}, 1455, 692.8445087235997)
2021-10-31 02:34:25,013 - INFO - max_history_budget=2, max_history_result=({125, 53}, 1455, 692.8445087235997)
2021-10-31 02:34:25,013 - INFO - max_history_budget=2, max_history_result=({125, 53}, 1455, 692.8445087235997)
2021-10-31 02:34:25,014 - INFO - max_history_budget=2, max_history_result=({125, 53}, 1455, 692.8445087235997)
2021-10-31 02:34:25,014 - INFO - max_history_budget=2, max_history_result=({125, 53}, 1455, 692.8445087235997)
2021-10-31 02:34:25,015 - INFO - max_history_budget=2, max_history_result=({125, 53}, 1455, 692.8445087235997)
2021-10-31 02:34:25,016 - INFO - max_history_budget=2, max_history_result=({125, 53}, 1455, 692.8445087235997)
2021-10-31 02:34:25,016 - INFO - max_history_budget=2, max_history_result=({125, 53}, 1455, 692.8445087235997)
2021-10-31 02:34:25,017 - INFO - max_history_budget=2, max_history_result=({53}, 821, 390.48921946740137)
2021-10-31 02:34:25,017 - INFO - max_history_budget=2, max_history_result=({53}, 821, 390.48921946740137)
2021-10-31 02:34:25,017 - INFO - max_history_budget=2, max_history_result=({125, 53}, 1455, 692.8445087235997)
2021-10-31 02:34:25,017 - INFO - max_history_budget=2, max_history_result=({125, 53}, 1455, 692.8445087235997)
2021-10-31 02:34:25,018 - INFO - max_history_budget=2, max_history_result=({125, 53}, 1455, 692.8445087235997)
2021-10-31 02:34:25,018 - INFO - max_history_budget=2, max_history_result=({125, 53}, 1455, 692.8445087235997)
2021-10-31 02:34:25,019 - INFO - max_history_budget=2, max_history_result=({125, 53}, 1455, 692.8445087235997)
2021-10-31 02:34:25,019 - INFO - max_history_budget=2, max_history_result=({125, 53}, 1455, 692.8445087235997)
2021-10-31 02:34:25,020 - INFO - max_history_budget=2, max_history_result=({125, 53}, 1455, 692.8445087235997)
2021-10-31 02:34:25,020 - INFO - max_history_budget=2, max_history_result=({125, 53}, 1455, 692.8445087235997)
2021-10-31 02:34:25,021 - INFO - max_history_budget=2, max_history_result=({125, 53}, 1455, 692.8445087235997)
2021-10-31 02:34:25,021 - INFO - max_history_budget=2, max_history_result=({53}, 821, 390.48921946740137)
2021-10-31 02:34:25,021 - INFO - max_history_budget=2, max_history_result=({53}, 821, 390.48921946740137)
2021-10-31 02:34:25,021 - INFO - max_history_budget=2, max_history_result=({125, 53}, 1455, 692.8445087235997)
2021-10-31 02:34:25,022 - INFO - max_history_budget=2, max_history_result=({125, 53}, 1455, 692.8445087235997)
2021-10-31 02:34:25,022 - INFO - max_history_budget=2, max_history_result=({125, 53}, 1455, 692.8445087235997)
2021-10-31 02:34:25,022 - INFO - max_history_budget=2, max_history_result=({125, 53}, 1455, 692.8445087235997)
2021-10-31 02:34:25,023 - INFO - max_history_budget=2, max_history_result=({125, 53}, 1455, 692.8445087235997)
2021-10-31 02:34:25,023 - INFO - max_history_budget=2, max_history_result=({125, 53}, 1455, 692.8445087235997)
2021-10-31 02:34:25,024 - INFO - max_history_budget=2, max_history_result=({125, 53}, 1455, 692.8445087235997)
2021-10-31 02:34:25,025 - INFO - max_history_budget=2, max_history_result=({125, 53}, 1455, 692.8445087235997)
2021-10-31 02:34:25,025 - INFO - max_history_budget=2, max_history_result=({125, 53}, 1455, 692.8445087235997)
2021-10-31 02:34:25,027 - INFO - max_history_budget=2, max_history_result=({53}, 793, 383.0585491276401)
2021-10-31 02:34:25,029 - INFO - max_history_budget=2, max_history_result=({53}, 793, 383.0585491276401)
2021-10-31 02:34:25,031 - INFO - max_history_budget=2, max_history_result=({125, 53}, 1408, 680.3715977961433)
2021-10-31 02:34:25,033 - INFO - max_history_budget=2, max_history_result=({125, 53}, 1408, 680.3715977961433)
2021-10-31 02:34:25,035 - INFO - max_history_budget=2, max_history_result=({125, 53}, 1408, 680.3715977961433)
2021-10-31 02:34:25,037 - INFO - max_history_budget=2, max_history_result=({125, 53}, 1408, 680.3715977961433)
2021-10-31 02:34:25,039 - INFO - max_history_budget=2, max_history_result=({125, 53}, 1408, 680.3715977961433)
2021-10-31 02:34:25,042 - INFO - max_history_budget=2, max_history_result=({125, 53}, 1408, 680.3715977961433)
2021-10-31 02:34:25,044 - INFO - max_history_budget=2, max_history_result=({125, 53}, 1408, 680.3715977961433)
2021-10-31 02:34:25,046 - INFO - max_history_budget=2, max_history_result=({125, 53}, 1408, 680.3715977961433)
2021-10-31 02:34:25,049 - INFO - max_history_budget=2, max_history_result=({125, 53}, 1408, 680.3715977961433)
2021-10-31 02:34:25,051 - INFO - max_history_budget=2, max_history_result=({53}, 655, 334.3144628099174)
2021-10-31 02:34:25,054 - INFO - max_history_budget=2, max_history_result=({53}, 655, 334.3144628099174)
2021-10-31 02:34:25,056 - INFO - max_history_budget=2, max_history_result=({125, 53}, 1162, 593.4395684113866)
2021-10-31 02:34:25,059 - INFO - max_history_budget=2, max_history_result=({125, 53}, 1162, 593.4395684113866)
2021-10-31 02:34:25,061 - INFO - max_history_budget=2, max_history_result=({125, 53}, 1162, 593.4395684113866)
2021-10-31 02:34:25,064 - INFO - max_history_budget=2, max_history_result=({125, 53}, 1162, 593.4395684113866)
2021-10-31 02:34:25,068 - INFO - max_history_budget=2, max_history_result=({125, 53}, 1162, 593.4395684113866)
2021-10-31 02:34:25,071 - INFO - max_history_budget=2, max_history_result=({125, 53}, 1162, 593.4395684113866)
2021-10-31 02:34:25,074 - INFO - max_history_budget=2, max_history_result=({125, 53}, 1162, 593.4395684113866)
2021-10-31 02:34:25,077 - INFO - max_history_budget=2, max_history_result=({125, 53}, 1162, 593.4395684113866)
2021-10-31 02:34:25,080 - INFO - max_history_budget=2, max_history_result=({125, 53}, 1162, 593.4395684113866)
2021-10-31 02:34:25,083 - INFO - max_history_budget=2, max_history_result=({53}, 272, 163.40988980716256)
2021-10-31 02:34:25,086 - INFO - max_history_budget=2, max_history_result=({53}, 272, 163.40988980716256)
2021-10-31 02:34:25,089 - INFO - max_history_budget=2, max_history_result=({125, 53}, 477, 288.1122865013774)
2021-10-31 02:34:25,092 - INFO - max_history_budget=2, max_history_result=({125, 53}, 477, 288.1122865013774)
2021-10-31 02:34:25,095 - INFO - max_history_budget=2, max_history_result=({125, 53}, 477, 288.1122865013774)
2021-10-31 02:34:25,099 - INFO - max_history_budget=2, max_history_result=({125, 53}, 477, 288.1122865013774)
2021-10-31 02:34:25,103 - INFO - max_history_budget=2, max_history_result=({125, 53}, 477, 288.1122865013774)
2021-10-31 02:34:25,106 - INFO - max_history_budget=2, max_history_result=({125, 53}, 477, 288.1122865013774)
2021-10-31 02:34:25,110 - INFO - max_history_budget=2, max_history_result=({125, 53}, 477, 288.1122865013774)
2021-10-31 02:34:25,114 - INFO - max_history_budget=2, max_history_result=({125, 53}, 477, 288.1122865013774)
2021-10-31 02:34:25,117 - INFO - max_history_budget=2, max_history_result=({125, 53}, 477, 288.1122865013774)
2021-10-31 02:34:25,121 - INFO - max_history_budget=2, max_history_result=({53}, 123, 82.6)
2021-10-31 02:34:25,125 - INFO - max_history_budget=2, max_history_result=({53}, 123, 82.6)
2021-10-31 02:34:25,128 - INFO - max_history_budget=2, max_history_result=({125, 53}, 215, 146.77422405876953)
2021-10-31 02:34:25,132 - INFO - max_history_budget=2, max_history_result=({125, 53}, 215, 146.77422405876953)
2021-10-31 02:34:25,136 - INFO - max_history_budget=2, max_history_result=({125, 53}, 215, 146.77422405876953)
2021-10-31 02:34:25,140 - INFO - max_history_budget=2, max_history_result=({125, 53}, 215, 146.77422405876953)
2021-10-31 02:34:25,143 - INFO - max_history_budget=2, max_history_result=({125, 53}, 215, 146.77422405876953)
2021-10-31 02:34:25,147 - INFO - max_history_budget=2, max_history_result=({125, 53}, 215, 146.77422405876953)
2021-10-31 02:34:25,152 - INFO - max_history_budget=2, max_history_result=({125, 53}, 215, 146.77422405876953)
2021-10-31 02:34:25,155 - INFO - max_history_budget=2, max_history_result=({125, 53}, 215, 146.77422405876953)
2021-10-31 02:34:25,159 - INFO - max_history_budget=2, max_history_result=({125, 53}, 215, 146.77422405876953)
2021-10-31 02:34:25,163 - INFO - max_history_budget=2, max_history_result=({53}, 39, 30.361542699724524)
2021-10-31 02:34:25,167 - INFO - max_history_budget=2, max_history_result=({53}, 39, 30.361542699724524)
2021-10-31 02:34:25,172 - INFO - max_history_budget=2, max_history_result=({125, 53}, 70, 55.249274563820016)
2021-10-31 02:34:25,176 - INFO - max_history_budget=2, max_history_result=({125, 53}, 70, 55.249274563820016)
2021-10-31 02:34:25,181 - INFO - max_history_budget=2, max_history_result=({125, 53}, 70, 55.249274563820016)
2021-10-31 02:34:25,185 - INFO - max_history_budget=2, max_history_result=({125, 53}, 70, 55.249274563820016)
2021-10-31 02:34:25,190 - INFO - max_history_budget=2, max_history_result=({125, 53}, 70, 55.249274563820016)
2021-10-31 02:34:25,194 - INFO - max_history_budget=2, max_history_result=({125, 53}, 70, 55.249274563820016)
2021-10-31 02:34:25,199 - INFO - max_history_budget=2, max_history_result=({125, 53}, 70, 55.249274563820016)
2021-10-31 02:34:25,203 - INFO - max_history_budget=2, max_history_result=({125, 53}, 70, 55.249274563820016)
2021-10-31 02:34:25,208 - INFO - max_history_budget=2, max_history_result=({125, 53}, 70, 55.249274563820016)
2021-10-31 02:34:25,213 - INFO - max_history_budget=2, max_history_result=({53}, 9, 8.142745638200184)
2021-10-31 02:34:25,218 - INFO - max_history_budget=2, max_history_result=({53}, 9, 8.142745638200184)
2021-10-31 02:34:25,223 - INFO - max_history_budget=2, max_history_result=({125, 53}, 31, 26.488879706152435)
2021-10-31 02:34:25,228 - INFO - max_history_budget=2, max_history_result=({125, 53}, 31, 26.488879706152435)
2021-10-31 02:34:25,233 - INFO - max_history_budget=2, max_history_result=({125, 53}, 31, 26.488879706152435)
2021-10-31 02:34:25,238 - INFO - max_history_budget=2, max_history_result=({125, 53}, 31, 26.488879706152435)
2021-10-31 02:34:25,243 - INFO - max_history_budget=2, max_history_result=({125, 53}, 31, 26.488879706152435)
2021-10-31 02:34:25,248 - INFO - max_history_budget=2, max_history_result=({125, 53}, 31, 26.488879706152435)
2021-10-31 02:34:25,253 - INFO - max_history_budget=2, max_history_result=({125, 53}, 31, 26.488879706152435)
2021-10-31 02:34:25,258 - INFO - max_history_budget=2, max_history_result=({125, 53}, 31, 26.488879706152435)
2021-10-31 02:34:25,263 - INFO - max_history_budget=2, max_history_result=({125, 53}, 31, 26.488879706152435)
2021-10-31 02:34:25,269 - INFO - max_history_budget=2, max_history_result=({53}, 4, 3.6446280991735542)
2021-10-31 02:34:25,274 - INFO - max_history_budget=2, max_history_result=({53}, 4, 3.6446280991735542)
2021-10-31 02:34:25,279 - INFO - max_history_budget=2, max_history_result=({125, 53}, 6, 5.466942148760332)
2021-10-31 02:34:25,284 - INFO - max_history_budget=2, max_history_result=({125, 53}, 6, 5.466942148760332)
2021-10-31 02:34:25,289 - INFO - max_history_budget=2, max_history_result=({125, 53}, 6, 5.466942148760332)
2021-10-31 02:34:25,294 - INFO - max_history_budget=2, max_history_result=({125, 53}, 6, 5.466942148760332)
2021-10-31 02:34:25,303 - INFO - max_history_budget=2, max_history_result=({125, 53}, 6, 5.466942148760332)
2021-10-31 02:34:25,310 - INFO - max_history_budget=2, max_history_result=({125, 53}, 6, 5.466942148760332)
2021-10-31 02:34:25,315 - INFO - max_history_budget=2, max_history_result=({125, 53}, 6, 5.466942148760332)
2021-10-31 02:34:25,321 - INFO - max_history_budget=2, max_history_result=({125, 53}, 6, 5.466942148760332)
2021-10-31 02:34:25,326 - INFO - max_history_budget=2, max_history_result=({125, 53}, 6, 5.466942148760332)
2021-10-31 02:34:25,332 - INFO - max_history_budget=2, max_history_result=({53}, 0, 0)
2021-10-31 02:34:25,337 - INFO - max_history_budget=2, max_history_result=({53}, 0, 0)
2021-10-31 02:34:25,343 - INFO - max_history_budget=2, max_history_result=({125, 53}, 0, 0)
2021-10-31 02:34:25,349 - INFO - max_history_budget=2, max_history_result=({125, 53}, 0, 0)
2021-10-31 02:34:25,354 - INFO - max_history_budget=2, max_history_result=({125, 53}, 0, 0)
2021-10-31 02:34:25,360 - INFO - max_history_budget=2, max_history_result=({125, 53}, 0, 0)
2021-10-31 02:34:25,366 - INFO - max_history_budget=2, max_history_result=({125, 53}, 0, 0)
2021-10-31 02:34:25,372 - INFO - max_history_budget=2, max_history_result=({125, 53}, 0, 0)
2021-10-31 02:34:25,378 - INFO - max_history_budget=2, max_history_result=({125, 53}, 0, 0)
2021-10-31 02:34:25,385 - INFO - max_history_budget=2, max_history_result=({125, 53}, 0, 0)
2021-10-31 02:34:25,391 - INFO - max_history_budget=2, max_history_result=({125, 53}, 0, 0)
