2021-10-30 22:30:49,356 - INFO - 217
2021-10-30 22:30:49,357 - INFO - 217
2021-10-30 22:30:49,362 - INFO - load:
2021-10-30 22:30:49,362 - INFO - Finish random requester set R and supplier set S 
                             percent_R=0.25, num_R=55, len_R=55 
                             percent_S=0.25, num_S=55, len_S=54
2021-10-30 22:30:49,737 - INFO - Given did=d1, lamb=2.0, obj=I, method=h1 and given budget=1 opt_scheme=(0.0, 0.0), opt_setM_star={53}, opt_obj_star=821
2021-10-30 22:30:50,154 - INFO - Given did=d1, lamb=2.0, obj=I, method=h1 and given budget=2 opt_scheme=(0.0, 0.2), opt_setM_star={125, 53}, opt_obj_star=1455
2021-10-30 22:30:50,519 - INFO - Given did=d1, lamb=2.0, obj=W, method=h1 and given budget=1 opt_scheme=(0.0, 0.0), opt_setM_star={53}, opt_obj_star=390.48921946740137
2021-10-30 22:30:50,935 - INFO - Given did=d1, lamb=2.0, obj=W, method=h1 and given budget=2 opt_scheme=(0.0, 0.2), opt_setM_star={125, 53}, opt_obj_star=692.8445087235997
2021-10-30 22:30:50,946 - INFO - 217
2021-10-30 22:30:50,947 - INFO - 217
2021-10-30 22:30:50,951 - INFO - load:
2021-10-30 22:30:50,951 - INFO - Finish random requester set R and supplier set S 
                             percent_R=0.25, num_R=55, len_R=55 
                             percent_S=0.25, num_S=55, len_S=54
2021-10-30 22:30:51,294 - INFO - Given did=d1, lamb=3.0, obj=I, method=h1 and given budget=1 opt_scheme=(0.0, 0.0), opt_setM_star={53}, opt_obj_star=821
2021-10-30 22:30:51,661 - INFO - Given did=d1, lamb=3.0, obj=I, method=h1 and given budget=2 opt_scheme=(0.0, 0.2), opt_setM_star={125, 53}, opt_obj_star=1455
2021-10-30 22:30:51,990 - INFO - Given did=d1, lamb=3.0, obj=W, method=h1 and given budget=1 opt_scheme=(0.0, 0.0), opt_setM_star={53}, opt_obj_star=275.01438088877757
2021-10-30 22:30:52,358 - INFO - Given did=d1, lamb=3.0, obj=W, method=h1 and given budget=2 opt_scheme=(0.0, 0.2), opt_setM_star={125, 53}, opt_obj_star=488.5292925118958
