2021-09-25 17:23:41,734 - INFO - run analyze
2021-09-25 17:23:41,751 - INFO - when budget=1, method=brute, 
 opt_scheme=p      p      p        0.4
alpha  alpha  alpha    0.4
Name: 14, dtype: object, 
 opt_result=1  brute  M            (125,)
          increase        560
          sw            134.4
          rev         297.089
Name: 14, dtype: object
2021-09-25 17:23:41,753 - INFO - when budget=1, method=greedy, 
 opt_scheme=p      p      p        0.4
alpha  alpha  alpha    0.4
Name: 14, dtype: object, 
 opt_result=1  greedy  M             {125}
           increase    297.089
           sw          71.3013
           rev         297.089
Name: 14, dtype: object
2021-09-25 17:23:41,756 - INFO - when budget=2, method=brute, 
 opt_scheme=p      p      p        0.4
alpha  alpha  alpha    0.4
Name: 14, dtype: object, 
 opt_result=1  brute  M            (125,)
          increase        560
          sw            134.4
          rev         297.089
Name: 14, dtype: object
2021-09-25 17:23:41,759 - INFO - when budget=2, method=greedy, 
 opt_scheme=p      p      p        0.4
alpha  alpha  alpha    0.4
Name: 14, dtype: object, 
 opt_result=2  brute  M           {168, 125}
          increase           898
          sw              215.52
          rev                898
Name: 14, dtype: object
2021-09-25 17:23:41,761 - INFO - when budget=3, method=brute, 
 opt_scheme=p      p      p        0.4
alpha  alpha  alpha    0.4
Name: 14, dtype: object, 
 opt_result=1  brute  M            (125,)
          increase        560
          sw            134.4
          rev         297.089
Name: 14, dtype: object
2021-09-25 17:23:41,764 - INFO - when budget=3, method=greedy, 
 opt_scheme=p      p      p        0.4
alpha  alpha  alpha    0.4
Name: 14, dtype: object, 
 opt_result=2  greedy  M           {168, 125}
           increase       470.656
           sw             112.958
           rev            470.656
Name: 14, dtype: object
