2021-09-29 03:36:17,866 - INFO - run analyze
2021-09-29 03:36:17,866 - INFO - excute function Analyst.plot_dist
2021-09-29 03:36:17,878 - INFO - 217
2021-09-29 03:36:17,878 - INFO - 217
2021-09-29 03:36:17,882 - INFO - load:
2021-09-29 03:36:17,883 - INFO - Finish random requester set R and supplier set S 
                             percent_R=0.25, num_R=55, len_R=55 
                             percent_S=0.25, num_S=55, len_S=54
2021-09-29 03:36:18,494 - INFO - 217
2021-09-29 03:36:18,494 - INFO - 217
2021-09-29 03:36:18,498 - INFO - load:
2021-09-29 03:36:18,498 - INFO - Finish random requester set R and supplier set S 
                             percent_R=0.25, num_R=55, len_R=55 
                             percent_S=0.25, num_S=55, len_S=54
2021-09-29 03:36:18,946 - INFO - 217
2021-09-29 03:36:18,947 - INFO - 217
2021-09-29 03:36:18,950 - INFO - load:
2021-09-29 03:36:18,950 - INFO - Finish random requester set R and supplier set S 
                             percent_R=0.25, num_R=55, len_R=55 
                             percent_S=0.25, num_S=55, len_S=54
2021-09-29 03:36:19,369 - INFO - 217
2021-09-29 03:36:19,369 - INFO - 217
2021-09-29 03:36:19,373 - INFO - load:
2021-09-29 03:36:19,373 - INFO - Finish random requester set R and supplier set S 
                             percent_R=0.25, num_R=55, len_R=55 
                             percent_S=0.25, num_S=55, len_S=54
