2021-09-27 00:43:38,117 - INFO - run algo
2021-09-27 00:43:38,126 - INFO - 217
2021-09-27 00:43:38,127 - INFO - 217
2021-09-27 00:43:38,130 - INFO - load:
2021-09-27 00:43:38,131 - INFO - Finish random requester set R and supplier set S 
                             percent_R=0.25, num_R=55, len_R=55 
                             percent_S=0.25, num_S=55, len_S=54
2021-09-27 00:43:38,145 - INFO - compute | 3 | (0.0, 0.0) | 55 | 1 | {53} | 821| 0.0 | 390.48921946740137 
2021-09-27 00:43:38,145 - INFO - load | 3 | (0.0, 0.1) | 55 | 1 | {53} | 821| 0.0 | 390.48921946740137 
2021-09-27 00:43:38,145 - INFO - load | 3 | (0.0, 0.2) | 55 | 1 | {53} | 821| 0.0 | 390.48921946740137 
2021-09-27 00:43:38,145 - INFO - load | 3 | (0.0, 0.30000000000000004) | 55 | 1 | {53} | 821| 0.0 | 390.48921946740137 
2021-09-27 00:43:38,145 - INFO - load | 3 | (0.0, 0.4) | 55 | 1 | {53} | 821| 0.0 | 390.48921946740137 
2021-09-27 00:43:38,145 - INFO - load | 3 | (0.0, 0.5) | 55 | 1 | {53} | 821| 0.0 | 390.48921946740137 
2021-09-27 00:43:38,146 - INFO - load | 3 | (0.0, 0.6000000000000001) | 55 | 1 | {53} | 821| 0.0 | 390.48921946740137 
2021-09-27 00:43:38,146 - INFO - load | 3 | (0.0, 0.7000000000000001) | 55 | 1 | {53} | 821| 0.0 | 390.48921946740137 
2021-09-27 00:43:38,146 - INFO - load | 3 | (0.0, 0.8) | 55 | 1 | {53} | 821| 0.0 | 390.48921946740137 
2021-09-27 00:43:38,146 - INFO - load | 3 | (0.0, 0.9) | 55 | 1 | {53} | 821| 0.0 | 390.48921946740137 
2021-09-27 00:43:38,146 - INFO - load | 3 | (0.0, 1.0) | 55 | 1 | {53} | 821| 0.0 | 390.48921946740137 
2021-09-27 00:43:38,146 - INFO - load | 3 | (0.1, 0.0) | 55 | 1 | {53} | 821| 82.10000000000001 | 390.48921946740137 
2021-09-27 00:43:38,147 - INFO - load | 3 | (0.1, 0.1) | 55 | 1 | {53} | 821| 73.89 | 390.48921946740137 
2021-09-27 00:43:38,147 - INFO - load | 3 | (0.1, 0.2) | 55 | 1 | {53} | 821| 65.68 | 390.48921946740137 
2021-09-27 00:43:38,147 - INFO - load | 3 | (0.1, 0.30000000000000004) | 55 | 1 | {53} | 821| 57.470000000000006 | 390.48921946740137 
2021-09-27 00:43:38,147 - INFO - load | 3 | (0.1, 0.4) | 55 | 1 | {53} | 821| 49.26 | 390.48921946740137 
2021-09-27 00:43:38,147 - INFO - load | 3 | (0.1, 0.5) | 55 | 1 | {53} | 821| 41.050000000000004 | 390.48921946740137 
2021-09-27 00:43:38,147 - INFO - load | 3 | (0.1, 0.6000000000000001) | 55 | 1 | {53} | 821| 32.839999999999996 | 390.48921946740137 
2021-09-27 00:43:38,147 - INFO - load | 3 | (0.1, 0.7000000000000001) | 55 | 1 | {53} | 821| 24.63 | 390.48921946740137 
2021-09-27 00:43:38,148 - INFO - load | 3 | (0.1, 0.8) | 55 | 1 | {53} | 821| 16.41999999999999 | 390.48921946740137 
2021-09-27 00:43:38,148 - INFO - load | 3 | (0.1, 0.9) | 55 | 1 | {53} | 821| 8.209999999999996 | 390.48921946740137 
2021-09-27 00:43:38,148 - INFO - load | 3 | (0.1, 1.0) | 55 | 1 | {53} | 821| 0.0 | 390.48921946740137 
2021-09-27 00:43:38,148 - INFO - load | 3 | (0.2, 0.0) | 55 | 1 | {53} | 821| 164.20000000000002 | 390.48921946740137 
2021-09-27 00:43:38,148 - INFO - load | 3 | (0.2, 0.1) | 55 | 1 | {53} | 821| 147.78 | 390.48921946740137 
2021-09-27 00:43:38,148 - INFO - load | 3 | (0.2, 0.2) | 55 | 1 | {53} | 821| 131.36 | 390.48921946740137 
2021-09-27 00:43:38,148 - INFO - load | 3 | (0.2, 0.30000000000000004) | 55 | 1 | {53} | 821| 114.94000000000001 | 390.48921946740137 
2021-09-27 00:43:38,149 - INFO - load | 3 | (0.2, 0.4) | 55 | 1 | {53} | 821| 98.52 | 390.48921946740137 
2021-09-27 00:43:38,149 - INFO - load | 3 | (0.2, 0.5) | 55 | 1 | {53} | 821| 82.10000000000001 | 390.48921946740137 
2021-09-27 00:43:38,149 - INFO - load | 3 | (0.2, 0.6000000000000001) | 55 | 1 | {53} | 821| 65.67999999999999 | 390.48921946740137 
2021-09-27 00:43:38,158 - INFO - compute | 3 | (0.2, 0.7000000000000001) | 55 | 3 | {72, 125, 53} | 1858| 111.47999999999999 | 883.7058218549128 
2021-09-27 00:43:38,159 - INFO - load | 3 | (0.2, 0.8) | 55 | 3 | {72, 125, 53} | 1858| 74.31999999999996 | 883.7058218549128 
2021-09-27 00:43:38,160 - INFO - load | 3 | (0.2, 0.9) | 55 | 3 | {72, 125, 53} | 1858| 37.15999999999998 | 883.7058218549128 
2021-09-27 00:43:38,180 - INFO - compute | 3 | (0.2, 1.0) | 55 | 4 | (72, 53, 143) | 2211| 0.0 | 1048.1350872359963 
2021-09-27 00:43:38,185 - INFO - compute | 3 | (0.30000000000000004, 0.0) | 54 | 1 | {53} | 793| 237.90000000000003 | 383.0585491276401 
2021-09-27 00:43:38,186 - INFO - load | 3 | (0.30000000000000004, 0.1) | 54 | 1 | {53} | 793| 214.11 | 383.0585491276401 
2021-09-27 00:43:38,187 - INFO - load | 3 | (0.30000000000000004, 0.2) | 54 | 1 | {53} | 793| 190.32000000000005 | 383.0585491276401 
2021-09-27 00:43:38,188 - INFO - load | 3 | (0.30000000000000004, 0.30000000000000004) | 54 | 1 | {53} | 793| 166.53000000000003 | 383.0585491276401 
2021-09-27 00:43:38,189 - INFO - load | 3 | (0.30000000000000004, 0.4) | 54 | 1 | {53} | 793| 142.74 | 383.0585491276401 
2021-09-27 00:43:38,197 - INFO - compute | 3 | (0.30000000000000004, 0.5) | 54 | 3 | {72, 125, 53} | 1798| 269.70000000000005 | 867.7829568411387 
2021-09-27 00:43:38,199 - INFO - load | 3 | (0.30000000000000004, 0.6000000000000001) | 54 | 3 | {72, 125, 53} | 1798| 215.76 | 867.7829568411387 
2021-09-27 00:43:38,220 - INFO - compute | 3 | (0.30000000000000004, 0.7000000000000001) | 54 | 4 | (72, 53, 143) | 2140| 192.6 | 1029.29303030303 
2021-09-27 00:43:38,265 - INFO - compute | 3 | (0.30000000000000004, 0.8) | 54 | 5 | (72, 143, 53) | 2140| 128.4 | 1029.29303030303 
2021-09-27 00:43:38,343 - INFO - compute | 3 | (0.30000000000000004, 0.9) | 54 | 6 | (72, 143, 53) | 2140| 64.19999999999993 | 1029.29303030303 
2021-09-27 00:43:38,642 - INFO - compute | 3 | (0.30000000000000004, 1.0) | 54 | 9 | (44, 143, 53) | 2163| 0.0 | 1053.0833425160697 
2021-09-27 00:43:38,647 - INFO - compute | 3 | (0.4, 0.0) | 48 | 1 | {53} | 655| 262.0 | 334.3144628099174 
2021-09-27 00:43:38,648 - INFO - load | 3 | (0.4, 0.1) | 48 | 1 | {53} | 655| 235.79999999999998 | 334.3144628099174 
2021-09-27 00:43:38,650 - INFO - load | 3 | (0.4, 0.2) | 48 | 1 | {53} | 655| 209.6 | 334.3144628099174 
2021-09-27 00:43:38,651 - INFO - load | 3 | (0.4, 0.30000000000000004) | 48 | 1 | {53} | 655| 183.4 | 334.3144628099174 
2021-09-27 00:43:38,659 - INFO - compute | 3 | (0.4, 0.4) | 48 | 3 | {72, 125, 53} | 1478| 354.71999999999997 | 754.6803673094581 
2021-09-27 00:43:38,678 - INFO - compute | 3 | (0.4, 0.5) | 48 | 4 | (72, 53, 143) | 1759| 351.8 | 894.5241230486682 
2021-09-27 00:43:38,717 - INFO - compute | 3 | (0.4, 0.6000000000000001) | 48 | 5 | (72, 143, 53) | 1759| 281.43999999999994 | 894.5241230486682 
2021-09-27 00:43:38,834 - INFO - compute | 3 | (0.4, 0.7000000000000001) | 48 | 7 | (44, 143, 53) | 1800| 216.0 | 925.0438475665749 
2021-09-27 00:43:39,212 - INFO - compute | 3 | (0.4, 0.8) | 48 | 10 | (44, 143, 53) | 1800| 143.99999999999991 | 925.0438475665749 
2021-09-27 00:43:40,349 - INFO - compute | 3 | (0.4, 0.9) | 48 | 14 | (1, 143, 53) | 1933| 77.31999999999996 | 1001.8126721763085 
2021-09-27 00:43:43,835 - INFO - compute | 3 | (0.4, 1.0) | 48 | 20 | (1, 53, 143) | 1933| 0.0 | 1001.8126721763085 
2021-09-27 00:43:43,838 - INFO - compute | 3 | (0.5, 0.0) | 27 | 1 | {53} | 272| 136.0 | 163.40988980716256 
2021-09-27 00:43:43,840 - INFO - load | 3 | (0.5, 0.1) | 27 | 1 | {53} | 272| 122.4 | 163.40988980716256 
2021-09-27 00:43:43,841 - INFO - load | 3 | (0.5, 0.2) | 27 | 1 | {53} | 272| 108.80000000000001 | 163.40988980716256 
2021-09-27 00:43:43,846 - INFO - compute | 3 | (0.5, 0.30000000000000004) | 27 | 3 | {72, 125, 53} | 608| 212.79999999999998 | 366.84860422405876 
2021-09-27 00:43:43,857 - INFO - compute | 3 | (0.5, 0.4) | 27 | 4 | (72, 53, 143) | 711| 213.29999999999998 | 427.529155188246 
2021-09-27 00:43:43,880 - INFO - compute | 3 | (0.5, 0.5) | 27 | 5 | (72, 143, 53) | 711| 177.75 | 427.529155188246 
2021-09-27 00:43:44,039 - INFO - compute | 3 | (0.5, 0.6000000000000001) | 27 | 9 | (44, 45, 143) | 768| 153.59999999999997 | 476.81918273645545 
2021-09-27 00:43:44,687 - INFO - compute | 3 | (0.5, 0.7000000000000001) | 27 | 14 | (1, 143, 53) | 839| 125.84999999999997 | 515.6094123048669 
2021-09-27 00:43:46,707 - INFO - compute | 3 | (0.5, 0.8) | 27 | 20 | (1, 99, 143) | 884| 88.39999999999998 | 553.7581267217632 
2021-09-27 00:43:50,932 - INFO - compute | 3 | (0.5, 0.9) | 27 | 24 | (1, 143, 111) | 888| 44.39999999999999 | 554.7698255280075 
2021-09-27 00:43:57,309 - INFO - compute | 3 | (0.5, 1.0) | 27 | 29 | (1, 143, 111) | 888| 0.0 | 554.7698255280075 
2021-09-27 00:43:57,312 - INFO - compute | 3 | (0.6000000000000001, 0.0) | 17 | 1 | {53} | 123| 73.80000000000001 | 82.6 
2021-09-27 00:43:57,313 - INFO - load | 3 | (0.6000000000000001, 0.1) | 17 | 1 | {53} | 123| 66.42 | 82.6 
2021-09-27 00:43:57,315 - INFO - load | 3 | (0.6000000000000001, 0.2) | 17 | 1 | {53} | 123| 59.04000000000001 | 82.6 
2021-09-27 00:43:57,319 - INFO - compute | 3 | (0.6000000000000001, 0.30000000000000004) | 17 | 3 | {72, 125, 53} | 272| 114.24000000000001 | 185.84190082644628 
2021-09-27 00:43:57,334 - INFO - compute | 3 | (0.6000000000000001, 0.4) | 17 | 5 | (143, 50, 53) | 314| 113.04 | 215.07817263544536 
2021-09-27 00:43:57,432 - INFO - compute | 3 | (0.6000000000000001, 0.5) | 17 | 9 | (44, 45, 143) | 397| 119.10000000000002 | 276.739173553719 
2021-09-27 00:43:57,845 - INFO - compute | 3 | (0.6000000000000001, 0.6000000000000001) | 17 | 14 | (1, 45, 143) | 446| 107.03999999999999 | 311.3935996326905 
2021-09-27 00:43:59,578 - INFO - compute | 3 | (0.6000000000000001, 0.7000000000000001) | 17 | 22 | (1, 143, 99) | 487| 87.66 | 340.0436914600551 
2021-09-27 00:44:03,220 - INFO - compute | 3 | (0.6000000000000001, 0.8) | 17 | 28 | (1, 143, 99) | 487| 58.44 | 340.0436914600551 
2021-09-27 00:44:09,986 - INFO - compute | 3 | (0.6000000000000001, 0.9) | 17 | 34 | (1, 27, 99) | 532| 31.91999999999997 | 376.16377410468317 
2021-09-27 00:44:22,547 - INFO - compute | 3 | (0.6000000000000001, 1.0) | 17 | 41 | (1, 27, 99) | 532| 0.0 | 376.16377410468317 
2021-09-27 00:44:22,550 - INFO - compute | 3 | (0.7000000000000001, 0.0) | 9 | 1 | {53} | 39| 27.300000000000004 | 30.361542699724524 
2021-09-27 00:44:22,552 - INFO - load | 3 | (0.7000000000000001, 0.1) | 9 | 1 | {53} | 39| 24.570000000000004 | 30.361542699724524 
2021-09-27 00:44:22,555 - INFO - compute | 3 | (0.7000000000000001, 0.2) | 9 | 3 | {72, 125, 53} | 92| 51.52 | 72.43535353535353 
2021-09-27 00:44:22,561 - INFO - compute | 3 | (0.7000000000000001, 0.30000000000000004) | 9 | 4 | (72, 53, 143) | 104| 50.96 | 81.31556473829201 
2021-09-27 00:44:22,588 - INFO - compute | 3 | (0.7000000000000001, 0.4) | 9 | 7 | (44, 143, 50) | 131| 55.02 | 103.10446280991735 
2021-09-27 00:44:22,847 - INFO - compute | 3 | (0.7000000000000001, 0.5) | 9 | 14 | (1, 45, 13) | 191| 66.85000000000001 | 150.20219467401284 
2021-09-27 00:44:23,810 - INFO - compute | 3 | (0.7000000000000001, 0.6000000000000001) | 9 | 22 | (1, 99, 111) | 222| 62.16 | 175.34943067033976 
2021-09-27 00:44:26,046 - INFO - compute | 3 | (0.7000000000000001, 0.7000000000000001) | 9 | 29 | (1, 73, 99) | 231| 48.50999999999999 | 182.43278236914603 
2021-09-27 00:44:29,986 - INFO - compute | 3 | (0.7000000000000001, 0.8) | 9 | 35 | (1, 27, 99) | 259| 36.260000000000005 | 204.62935720844814 
2021-09-27 00:44:40,285 - INFO - compute | 3 | (0.7000000000000001, 0.9) | 9 | 48 | (1, 27, 99) | 259| 18.12999999999999 | 204.62935720844814 
2021-09-27 00:44:53,337 - INFO - compute | 3 | (0.7000000000000001, 1.0) | 9 | 52 | (1, 27, 99) | 259| 0.0 | 204.62935720844814 
2021-09-27 00:44:53,340 - INFO - compute | 3 | (0.8, 0.0) | 5 | 1 | {53} | 9| 7.2 | 8.142745638200184 
2021-09-27 00:44:53,342 - INFO - load | 3 | (0.8, 0.1) | 5 | 1 | {53} | 9| 6.4799999999999995 | 8.142745638200184 
2021-09-27 00:44:53,345 - INFO - compute | 3 | (0.8, 0.2) | 5 | 3 | {72, 125, 53} | 40| 25.6 | 33.945674931129474 
2021-09-27 00:44:53,351 - INFO - compute | 3 | (0.8, 0.30000000000000004) | 5 | 5 | (143, 50, 125) | 55| 30.800000000000004 | 46.12987144168963 
2021-09-27 00:44:53,396 - INFO - compute | 3 | (0.8, 0.4) | 5 | 10 | (44, 45, 143) | 81| 38.879999999999995 | 68.09129476584022 
2021-09-27 00:44:53,804 - INFO - compute | 3 | (0.8, 0.5) | 5 | 20 | (99, 80, 13) | 106| 42.400000000000006 | 90.26488521579431 
2021-09-27 00:44:54,958 - INFO - compute | 3 | (0.8, 0.6000000000000001) | 5 | 28 | (13, 73, 99) | 115| 36.8 | 97.69438016528925 
2021-09-27 00:44:57,207 - INFO - compute | 3 | (0.8, 0.7000000000000001) | 5 | 35 | (27, 73, 99) | 124| 29.759999999999998 | 105.02886134067953 
2021-09-27 00:45:02,962 - INFO - compute | 3 | (0.8, 0.8) | 5 | 48 | (27, 73, 99) | 124| 19.83999999999999 | 105.02886134067953 
2021-09-27 00:45:11,253 - INFO - compute | 3 | (0.8, 0.9) | 5 | 53 | (27, 73, 99) | 124| 9.919999999999995 | 105.02886134067953 
2021-09-27 00:45:19,531 - INFO - compute | 3 | (0.8, 1.0) | 5 | 54 | (27, 73, 99) | 124| 0.0 | 105.02886134067953 
2021-09-27 00:45:19,533 - INFO - compute | 3 | (0.9, 0.0) | 1 | 1 | {53} | 4| 3.6 | 3.6446280991735542 
2021-09-27 00:45:19,536 - INFO - load | 3 | (0.9, 0.1) | 1 | 1 | {53} | 4| 3.24 | 3.6446280991735542 
2021-09-27 00:45:19,538 - INFO - compute | 3 | (0.9, 0.2) | 1 | 3 | {72, 125, 53} | 7| 5.04 | 6.37809917355372 
2021-09-27 00:45:19,543 - INFO - compute | 3 | (0.9, 0.30000000000000004) | 1 | 6 | (50, 53, 125) | 10| 6.299999999999999 | 9.111570247933885 
2021-09-27 00:45:19,572 - INFO - compute | 3 | (0.9, 0.4) | 1 | 14 | (1, 45, 13) | 19| 10.260000000000002 | 17.31198347107438 
2021-09-27 00:45:19,717 - INFO - compute | 3 | (0.9, 0.5) | 1 | 24 | (1, 99, 111) | 24| 10.8 | 21.867768595041326 
2021-09-27 00:45:20,134 - INFO - compute | 3 | (0.9, 0.6000000000000001) | 1 | 34 | (1, 27, 99) | 27| 9.719999999999997 | 24.601239669421492 
2021-09-27 00:45:21,352 - INFO - compute | 3 | (0.9, 0.7000000000000001) | 1 | 48 | (1, 27, 99) | 27| 7.289999999999997 | 24.601239669421492 
2021-09-27 00:45:22,948 - INFO - compute | 3 | (0.9, 0.8) | 1 | 53 | (1, 27, 99) | 27| 4.8599999999999985 | 24.601239669421492 
2021-09-27 00:45:24,611 - INFO - compute | 3 | (0.9, 0.9) | 1 | 54 | (1, 27, 99) | 27| 2.4299999999999993 | 24.601239669421492 
2021-09-27 00:45:24,614 - INFO - load | 3 | (0.9, 1.0) | 1 | 54 | (1, 27, 99) | 27| 0.0 | 24.601239669421492 
2021-09-27 00:45:24,617 - INFO - compute | 3 | (1.0, 0.0) | 0 | 1 | {53} | 0| 0.0 | 0 
2021-09-27 00:45:24,619 - INFO - load | 3 | (1.0, 0.1) | 0 | 1 | {53} | 0| 0.0 | 0 
2021-09-27 00:45:24,622 - INFO - compute | 3 | (1.0, 0.2) | 0 | 4 | (125, 53, 143) | 0| 0.0 | 0 
2021-09-27 00:45:24,625 - INFO - compute | 3 | (1.0, 0.30000000000000004) | 0 | 9 | (143, 183, 125) | 0| 0.0 | 0 
2021-09-27 00:45:24,629 - INFO - compute | 3 | (1.0, 0.4) | 0 | 20 | (183, 143, 125) | 0| 0.0 | 0 
2021-09-27 00:45:24,636 - INFO - compute | 3 | (1.0, 0.5) | 0 | 29 | (206, 111, 125) | 0| 0.0 | 0 
2021-09-27 00:45:24,651 - INFO - compute | 3 | (1.0, 0.6000000000000001) | 0 | 41 | (215, 111, 125) | 0| 0.0 | 0 
2021-09-27 00:45:24,682 - INFO - compute | 3 | (1.0, 0.7000000000000001) | 0 | 52 | (215, 111, 125) | 0| 0.0 | 0 
2021-09-27 00:45:24,715 - INFO - compute | 3 | (1.0, 0.8) | 0 | 54 | (215, 111, 125) | 0| 0.0 | 0 
2021-09-27 00:45:24,718 - INFO - load | 3 | (1.0, 0.9) | 0 | 54 | (215, 111, 125) | 0| 0.0 | 0 
2021-09-27 00:45:24,721 - INFO - load | 3 | (1.0, 1.0) | 0 | 54 | (215, 111, 125) | 0| 0.0 | 0 
