2021-09-17 01:50:39,912 - INFO - Namespace(a='2', beta_paras='3,6,6,3', budget_list='2', did='d1', grain_alpha='5', grain_p='10', method='brute', percent_R='0.25', percent_S='0.25', seed='32', version='v09170150')
2021-09-17 01:50:39,925 - INFO - Finish random requester set R and supplier set S 
                             percent_R=0.25, num_R=55, len_R=55 
                             percent_S=0.25, num_S=55, len_S=54
2021-09-17 01:50:40,912 - INFO - Finish generate valuations and costs using using a=2
2021-09-17 01:50:41,660 - INFO - load: budget=2, scheme=(0.0,0.0), tilderR(55) tilderS(0),result=(set(), 0) 
2021-09-17 01:50:41,660 - INFO - load: budget=2, scheme=(0.0,0.0), tilderR(55) tilderS(0),result=(set(), 0) 
2021-09-17 01:50:41,661 - INFO - load: budget=2, scheme=(0.0,0.0), tilderR(55) tilderS(0),result=(set(), 0) 
2021-09-17 01:50:41,661 - INFO - load: budget=2, scheme=(0.0,0.0), tilderR(55) tilderS(0),result=(set(), 0) 
2021-09-17 01:50:41,661 - INFO - load: budget=2, scheme=(0.0,0.0), tilderR(55) tilderS(0),result=(set(), 0) 
2021-09-17 01:50:41,661 - INFO - load: budget=2, scheme=(0.0,0.0), tilderR(55) tilderS(0),result=(set(), 0) 
2021-09-17 01:50:41,661 - INFO - load: budget=2, scheme=(0.1,0.0), tilderR(55) tilderS(0),result=(set(), 0) 
2021-09-17 01:50:41,661 - INFO - load: budget=2, scheme=(0.1,0.020000000000000004), tilderR(55) tilderS(0),result=(set(), 0) 
2021-09-17 01:50:41,661 - INFO - load: budget=2, scheme=(0.1,0.04000000000000001), tilderR(55) tilderS(0),result=(set(), 0) 
2021-09-17 01:50:41,661 - INFO - load: budget=2, scheme=(0.1,0.06000000000000001), tilderR(55) tilderS(0),result=(set(), 0) 
2021-09-17 01:50:41,661 - INFO - load: budget=2, scheme=(0.1,0.08000000000000002), tilderR(55) tilderS(0),result=(set(), 0) 
2021-09-17 01:50:41,661 - INFO - load: budget=2, scheme=(0.1,0.1), tilderR(55) tilderS(0),result=(set(), 0) 
2021-09-17 01:50:41,662 - INFO - load: budget=2, scheme=(0.2,0.0), tilderR(55) tilderS(0),result=(set(), 0) 
2021-09-17 01:50:41,662 - INFO - load: budget=2, scheme=(0.2,0.04000000000000001), tilderR(55) tilderS(0),result=(set(), 0) 
2021-09-17 01:50:41,662 - INFO - load: budget=2, scheme=(0.2,0.08000000000000002), tilderR(55) tilderS(0),result=(set(), 0) 
2021-09-17 01:50:41,662 - INFO - load: budget=2, scheme=(0.2,0.12000000000000002), tilderR(55) tilderS(1),result=({168}, 631) 
2021-09-17 01:50:41,662 - INFO - load: budget=2, scheme=(0.2,0.16000000000000003), tilderR(55) tilderS(2),result=({168, 125}, 1093) 
2021-09-17 01:50:41,662 - INFO - load: budget=2, scheme=(0.2,0.2), tilderR(55) tilderS(3),result=((125, 46), 1375) 
2021-09-17 01:50:41,662 - INFO - load: budget=2, scheme=(0.30000000000000004,0.0), tilderR(54) tilderS(0),result=(set(), 0) 
2021-09-17 01:50:41,662 - INFO - load: budget=2, scheme=(0.30000000000000004,0.06000000000000001), tilderR(54) tilderS(0),result=(set(), 0) 
2021-09-17 01:50:41,662 - INFO - load: budget=2, scheme=(0.30000000000000004,0.12000000000000002), tilderR(54) tilderS(1),result=({168}, 608) 
2021-09-17 01:50:41,662 - INFO - load: budget=2, scheme=(0.30000000000000004,0.18000000000000005), tilderR(54) tilderS(3),result=((125, 46), 1333) 
2021-09-17 01:50:41,662 - INFO - load: budget=2, scheme=(0.30000000000000004,0.24000000000000005), tilderR(54) tilderS(5),result=((46, 149), 1343) 
2021-09-17 01:50:41,663 - INFO - load: budget=2, scheme=(0.30000000000000004,0.30000000000000004), tilderR(54) tilderS(8),result=((46, 49), 1403) 
2021-09-17 01:50:41,663 - INFO - load: budget=2, scheme=(0.4,0.0), tilderR(49) tilderS(0),result=(set(), 0) 
2021-09-17 01:50:41,663 - INFO - load: budget=2, scheme=(0.4,0.08000000000000002), tilderR(49) tilderS(0),result=(set(), 0) 
2021-09-17 01:50:41,663 - INFO - load: budget=2, scheme=(0.4,0.16000000000000003), tilderR(49) tilderS(2),result=({168, 125}, 898) 
2021-09-17 01:50:41,663 - INFO - load: budget=2, scheme=(0.4,0.24000000000000005), tilderR(49) tilderS(5),result=((46, 149), 1151) 
2021-09-17 01:50:41,663 - INFO - load: budget=2, scheme=(0.4,0.32000000000000006), tilderR(49) tilderS(10),result=((46, 49), 1202) 
2021-09-17 01:50:41,663 - INFO - load: budget=2, scheme=(0.4,0.4), tilderR(49) tilderS(19),result=((1, 150), 1420) 
2021-09-17 01:50:41,663 - INFO - load: budget=2, scheme=(0.5,0.0), tilderR(35) tilderS(0),result=(set(), 0) 
2021-09-17 01:50:41,663 - INFO - load: budget=2, scheme=(0.5,0.1), tilderR(35) tilderS(0),result=(set(), 0) 
2021-09-17 01:50:41,663 - INFO - load: budget=2, scheme=(0.5,0.2), tilderR(35) tilderS(3),result=((125, 46), 678) 
2021-09-17 01:50:41,664 - INFO - load: budget=2, scheme=(0.5,0.30000000000000004), tilderR(35) tilderS(8),result=((46, 49), 753) 
2021-09-17 01:50:41,664 - INFO - load: budget=2, scheme=(0.5,0.4), tilderR(35) tilderS(19),result=((1, 150), 901) 
2021-09-17 01:50:41,664 - INFO - load: budget=2, scheme=(0.5,0.5), tilderR(35) tilderS(38),result=((1, 150), 901) 
2021-09-17 01:50:41,664 - INFO - load: budget=2, scheme=(0.6000000000000001,0.0), tilderR(21) tilderS(0),result=(set(), 0) 
2021-09-17 01:50:41,664 - INFO - load: budget=2, scheme=(0.6000000000000001,0.12000000000000002), tilderR(21) tilderS(1),result=({168}, 101) 
2021-09-17 01:50:41,664 - INFO - load: budget=2, scheme=(0.6000000000000001,0.24000000000000005), tilderR(21) tilderS(5),result=((46, 149), 328) 
2021-09-17 01:50:41,664 - INFO - load: budget=2, scheme=(0.6000000000000001,0.3600000000000001), tilderR(21) tilderS(14),result=((1, 46), 396) 
2021-09-17 01:50:41,664 - INFO - load: budget=2, scheme=(0.6000000000000001,0.4800000000000001), tilderR(21) tilderS(32),result=((1, 150), 498) 
2021-09-17 01:50:41,664 - INFO - load: budget=2, scheme=(0.6000000000000001,0.6000000000000001), tilderR(21) tilderS(46),result=((1, 150), 498) 
2021-09-17 01:50:41,664 - INFO - load: budget=2, scheme=(0.7000000000000001,0.0), tilderR(8) tilderS(0),result=(set(), 0) 
2021-09-17 01:50:41,664 - INFO - load: budget=2, scheme=(0.7000000000000001,0.14), tilderR(8) tilderS(2),result=({168, 125}, 31) 
2021-09-17 01:50:41,664 - INFO - load: budget=2, scheme=(0.7000000000000001,0.28), tilderR(8) tilderS(6),result=((46, 49), 104) 
2021-09-17 01:50:41,665 - INFO - load: budget=2, scheme=(0.7000000000000001,0.4200000000000001), tilderR(8) tilderS(24),result=((1, 150), 159) 
2021-09-17 01:50:41,665 - INFO - load: budget=2, scheme=(0.7000000000000001,0.56), tilderR(8) tilderS(39),result=((1, 150), 159) 
2021-09-17 01:50:41,665 - INFO - load: budget=2, scheme=(0.7000000000000001,0.7000000000000001), tilderR(8) tilderS(53),result=((1, 150), 159) 
2021-09-17 01:50:41,665 - INFO - load: budget=2, scheme=(0.8,0.0), tilderR(3) tilderS(0),result=(set(), 0) 
2021-09-17 01:50:41,665 - INFO - load: budget=2, scheme=(0.8,0.16000000000000003), tilderR(3) tilderS(2),result=({168, 125}, 12) 
2021-09-17 01:50:41,665 - INFO - load: budget=2, scheme=(0.8,0.32000000000000006), tilderR(3) tilderS(10),result=((46, 62), 33) 
2021-09-17 01:50:41,665 - INFO - load: budget=2, scheme=(0.8,0.4800000000000001), tilderR(3) tilderS(32),result=((150, 65), 50) 
2021-09-17 01:50:41,665 - INFO - load: budget=2, scheme=(0.8,0.6400000000000001), tilderR(3) tilderS(48),result=((150, 109), 55) 
2021-09-17 01:50:41,665 - INFO - load: budget=2, scheme=(0.8,0.8), tilderR(3) tilderS(54),result=((150, 109), 55) 
2021-09-17 01:50:41,665 - INFO - load: budget=2, scheme=(0.9,0.0), tilderR(0) tilderS(0),result=(set(), 0) 
2021-09-17 01:50:41,665 - INFO - load: budget=2, scheme=(0.9,0.18000000000000002), tilderR(0) tilderS(3),result=((168, 125), 0) 
2021-09-17 01:50:41,665 - INFO - load: budget=2, scheme=(0.9,0.36000000000000004), tilderR(0) tilderS(14),result=((169, 149), 0) 
2021-09-17 01:50:41,666 - INFO - load: budget=2, scheme=(0.9,0.5400000000000001), tilderR(0) tilderS(38),result=((214, 125), 0) 
2021-09-17 01:50:41,666 - INFO - load: budget=2, scheme=(0.9,0.7200000000000001), tilderR(0) tilderS(53),result=((214, 125), 0) 
2021-09-17 01:50:41,666 - INFO - load: budget=2, scheme=(0.9,0.9), tilderR(0) tilderS(54),result=((214, 125), 0) 
2021-09-17 01:50:41,666 - INFO - load: budget=2, scheme=(1.0,0.0), tilderR(0) tilderS(0),result=(set(), 0) 
2021-09-17 01:50:41,666 - INFO - load: budget=2, scheme=(1.0,0.2), tilderR(0) tilderS(3),result=((168, 125), 0) 
2021-09-17 01:50:41,666 - INFO - load: budget=2, scheme=(1.0,0.4), tilderR(0) tilderS(19),result=((169, 156), 0) 
2021-09-17 01:50:41,666 - INFO - load: budget=2, scheme=(1.0,0.6000000000000001), tilderR(0) tilderS(46),result=((214, 125), 0) 
2021-09-17 01:50:41,666 - INFO - load: budget=2, scheme=(1.0,0.8), tilderR(0) tilderS(54),result=((214, 125), 0) 
2021-09-17 01:50:41,666 - INFO - load: budget=2, scheme=(1.0,1.0), tilderR(0) tilderS(54),result=((214, 125), 0) 
