2021-09-30 01:50:04,796 - INFO - run algo
2021-09-30 01:50:04,809 - INFO - 217
2021-09-30 01:50:04,810 - INFO - 217
2021-09-30 01:50:04,814 - INFO - load:
2021-09-30 01:50:04,815 - INFO - Finish random requester set R and supplier set S 
                             percent_R=0.25, num_R=55, len_R=55 
                             percent_S=0.25, num_S=55, len_S=54
2021-09-30 01:50:04,835 - INFO - compute | 2 | (0.0, 0.0) | 55 | 1 | {53} | 821| 0.0 | 275.01438088877757 
2021-09-30 01:50:04,836 - INFO - load | 2 | (0.0, 0.05) | 55 | 1 | {53} | 821| 0.0 | 275.01438088877757 
2021-09-30 01:50:04,837 - INFO - load | 2 | (0.0, 0.1) | 55 | 1 | {53} | 821| 0.0 | 275.01438088877757 
2021-09-30 01:50:04,837 - INFO - load | 2 | (0.0, 0.15000000000000002) | 55 | 1 | {53} | 821| 0.0 | 275.01438088877757 
2021-09-30 01:50:04,837 - INFO - load | 2 | (0.0, 0.2) | 55 | 1 | {53} | 821| 0.0 | 275.01438088877757 
2021-09-30 01:50:04,837 - INFO - load | 2 | (0.0, 0.25) | 55 | 1 | {53} | 821| 0.0 | 275.01438088877757 
2021-09-30 01:50:04,837 - INFO - load | 2 | (0.0, 0.30000000000000004) | 55 | 1 | {53} | 821| 0.0 | 275.01438088877757 
2021-09-30 01:50:04,838 - INFO - load | 2 | (0.0, 0.35000000000000003) | 55 | 1 | {53} | 821| 0.0 | 275.01438088877757 
2021-09-30 01:50:04,838 - INFO - load | 2 | (0.0, 0.4) | 55 | 1 | {53} | 821| 0.0 | 275.01438088877757 
2021-09-30 01:50:04,838 - INFO - load | 2 | (0.0, 0.45) | 55 | 1 | {53} | 821| 0.0 | 275.01438088877757 
2021-09-30 01:50:04,838 - INFO - load | 2 | (0.0, 0.5) | 55 | 1 | {53} | 821| 0.0 | 275.01438088877757 
2021-09-30 01:50:04,839 - INFO - load | 2 | (0.0, 0.55) | 55 | 1 | {53} | 821| 0.0 | 275.01438088877757 
2021-09-30 01:50:04,839 - INFO - load | 2 | (0.0, 0.6000000000000001) | 55 | 1 | {53} | 821| 0.0 | 275.01438088877757 
2021-09-30 01:50:04,839 - INFO - load | 2 | (0.0, 0.65) | 55 | 1 | {53} | 821| 0.0 | 275.01438088877757 
2021-09-30 01:50:04,839 - INFO - load | 2 | (0.0, 0.7000000000000001) | 55 | 1 | {53} | 821| 0.0 | 275.01438088877757 
2021-09-30 01:50:04,839 - INFO - load | 2 | (0.0, 0.75) | 55 | 1 | {53} | 821| 0.0 | 275.01438088877757 
2021-09-30 01:50:04,839 - INFO - load | 2 | (0.0, 0.8) | 55 | 1 | {53} | 821| 0.0 | 275.01438088877757 
2021-09-30 01:50:04,840 - INFO - load | 2 | (0.0, 0.8500000000000001) | 55 | 1 | {53} | 821| 0.0 | 275.01438088877757 
2021-09-30 01:50:04,840 - INFO - load | 2 | (0.0, 0.9) | 55 | 1 | {53} | 821| 0.0 | 275.01438088877757 
2021-09-30 01:50:04,840 - INFO - load | 2 | (0.0, 0.9500000000000001) | 55 | 1 | {53} | 821| 0.0 | 275.01438088877757 
2021-09-30 01:50:04,840 - INFO - load | 2 | (0.0, 1.0) | 55 | 1 | {53} | 821| 0.0 | 275.01438088877757 
2021-09-30 01:50:04,841 - INFO - load | 2 | (0.05, 0.0) | 55 | 1 | {53} | 821| 41.050000000000004 | 275.01438088877757 
2021-09-30 01:50:04,841 - INFO - load | 2 | (0.05, 0.05) | 55 | 1 | {53} | 821| 38.9975 | 275.01438088877757 
2021-09-30 01:50:04,841 - INFO - load | 2 | (0.05, 0.1) | 55 | 1 | {53} | 821| 36.945 | 275.01438088877757 
2021-09-30 01:50:04,841 - INFO - load | 2 | (0.05, 0.15000000000000002) | 55 | 1 | {53} | 821| 34.892500000000005 | 275.01438088877757 
2021-09-30 01:50:04,842 - INFO - load | 2 | (0.05, 0.2) | 55 | 1 | {53} | 821| 32.84 | 275.01438088877757 
2021-09-30 01:50:04,842 - INFO - load | 2 | (0.05, 0.25) | 55 | 1 | {53} | 821| 30.787500000000005 | 275.01438088877757 
2021-09-30 01:50:04,842 - INFO - load | 2 | (0.05, 0.30000000000000004) | 55 | 1 | {53} | 821| 28.735000000000003 | 275.01438088877757 
2021-09-30 01:50:04,842 - INFO - load | 2 | (0.05, 0.35000000000000003) | 55 | 1 | {53} | 821| 26.6825 | 275.01438088877757 
2021-09-30 01:50:04,843 - INFO - load | 2 | (0.05, 0.4) | 55 | 1 | {53} | 821| 24.63 | 275.01438088877757 
2021-09-30 01:50:04,843 - INFO - load | 2 | (0.05, 0.45) | 55 | 1 | {53} | 821| 22.5775 | 275.01438088877757 
2021-09-30 01:50:04,843 - INFO - load | 2 | (0.05, 0.5) | 55 | 1 | {53} | 821| 20.525000000000002 | 275.01438088877757 
2021-09-30 01:50:04,843 - INFO - load | 2 | (0.05, 0.55) | 55 | 1 | {53} | 821| 18.4725 | 275.01438088877757 
2021-09-30 01:50:04,843 - INFO - load | 2 | (0.05, 0.6000000000000001) | 55 | 1 | {53} | 821| 16.419999999999998 | 275.01438088877757 
2021-09-30 01:50:04,844 - INFO - load | 2 | (0.05, 0.65) | 55 | 1 | {53} | 821| 14.367500000000001 | 275.01438088877757 
2021-09-30 01:50:04,844 - INFO - load | 2 | (0.05, 0.7000000000000001) | 55 | 1 | {53} | 821| 12.315 | 275.01438088877757 
2021-09-30 01:50:04,844 - INFO - load | 2 | (0.05, 0.75) | 55 | 1 | {53} | 821| 10.262499999999998 | 275.01438088877757 
2021-09-30 01:50:04,845 - INFO - load | 2 | (0.05, 0.8) | 55 | 1 | {53} | 821| 8.209999999999996 | 275.01438088877757 
2021-09-30 01:50:04,845 - INFO - load | 2 | (0.05, 0.8500000000000001) | 55 | 1 | {53} | 821| 6.157499999999994 | 275.01438088877757 
2021-09-30 01:50:04,845 - INFO - load | 2 | (0.05, 0.9) | 55 | 1 | {53} | 821| 4.104999999999998 | 275.01438088877757 
2021-09-30 01:50:04,845 - INFO - load | 2 | (0.05, 0.9500000000000001) | 55 | 1 | {53} | 821| 2.052499999999996 | 275.01438088877757 
2021-09-30 01:50:04,845 - INFO - load | 2 | (0.05, 1.0) | 55 | 1 | {53} | 821| 0.0 | 275.01438088877757 
2021-09-30 01:50:04,846 - INFO - load | 2 | (0.1, 0.0) | 55 | 1 | {53} | 821| 82.10000000000001 | 275.01438088877757 
2021-09-30 01:50:04,846 - INFO - load | 2 | (0.1, 0.05) | 55 | 1 | {53} | 821| 77.995 | 275.01438088877757 
2021-09-30 01:50:04,846 - INFO - load | 2 | (0.1, 0.1) | 55 | 1 | {53} | 821| 73.89 | 275.01438088877757 
2021-09-30 01:50:04,847 - INFO - load | 2 | (0.1, 0.15000000000000002) | 55 | 1 | {53} | 821| 69.78500000000001 | 275.01438088877757 
2021-09-30 01:50:04,847 - INFO - load | 2 | (0.1, 0.2) | 55 | 1 | {53} | 821| 65.68 | 275.01438088877757 
2021-09-30 01:50:04,847 - INFO - load | 2 | (0.1, 0.25) | 55 | 1 | {53} | 821| 61.57500000000001 | 275.01438088877757 
2021-09-30 01:50:04,847 - INFO - load | 2 | (0.1, 0.30000000000000004) | 55 | 1 | {53} | 821| 57.470000000000006 | 275.01438088877757 
2021-09-30 01:50:04,848 - INFO - load | 2 | (0.1, 0.35000000000000003) | 55 | 1 | {53} | 821| 53.365 | 275.01438088877757 
2021-09-30 01:50:04,848 - INFO - load | 2 | (0.1, 0.4) | 55 | 1 | {53} | 821| 49.26 | 275.01438088877757 
2021-09-30 01:50:04,848 - INFO - load | 2 | (0.1, 0.45) | 55 | 1 | {53} | 821| 45.155 | 275.01438088877757 
2021-09-30 01:50:04,848 - INFO - load | 2 | (0.1, 0.5) | 55 | 1 | {53} | 821| 41.050000000000004 | 275.01438088877757 
2021-09-30 01:50:04,849 - INFO - load | 2 | (0.1, 0.55) | 55 | 1 | {53} | 821| 36.945 | 275.01438088877757 
2021-09-30 01:50:04,849 - INFO - load | 2 | (0.1, 0.6000000000000001) | 55 | 1 | {53} | 821| 32.839999999999996 | 275.01438088877757 
2021-09-30 01:50:04,849 - INFO - load | 2 | (0.1, 0.65) | 55 | 1 | {53} | 821| 28.735000000000003 | 275.01438088877757 
2021-09-30 01:50:04,849 - INFO - load | 2 | (0.1, 0.7000000000000001) | 55 | 1 | {53} | 821| 24.63 | 275.01438088877757 
2021-09-30 01:50:04,849 - INFO - load | 2 | (0.1, 0.75) | 55 | 1 | {53} | 821| 20.524999999999995 | 275.01438088877757 
2021-09-30 01:50:04,849 - INFO - load | 2 | (0.1, 0.8) | 55 | 1 | {53} | 821| 16.41999999999999 | 275.01438088877757 
2021-09-30 01:50:04,849 - INFO - load | 2 | (0.1, 0.8500000000000001) | 55 | 1 | {53} | 821| 12.314999999999989 | 275.01438088877757 
2021-09-30 01:50:04,850 - INFO - load | 2 | (0.1, 0.9) | 55 | 1 | {53} | 821| 8.209999999999996 | 275.01438088877757 
2021-09-30 01:50:04,850 - INFO - load | 2 | (0.1, 0.9500000000000001) | 55 | 1 | {53} | 821| 4.104999999999992 | 275.01438088877757 
2021-09-30 01:50:04,850 - INFO - load | 2 | (0.1, 1.0) | 55 | 1 | {53} | 821| 0.0 | 275.01438088877757 
2021-09-30 01:50:04,857 - INFO - compute | 2 | (0.15000000000000002, 0.0) | 54 | 1 | {53} | 793| 118.95000000000002 | 271.1864598046581 
2021-09-30 01:50:04,859 - INFO - load | 2 | (0.15000000000000002, 0.05) | 54 | 1 | {53} | 793| 113.00250000000001 | 271.1864598046581 
2021-09-30 01:50:04,861 - INFO - load | 2 | (0.15000000000000002, 0.1) | 54 | 1 | {53} | 793| 107.055 | 271.1864598046581 
2021-09-30 01:50:04,863 - INFO - load | 2 | (0.15000000000000002, 0.15000000000000002) | 54 | 1 | {53} | 793| 101.1075 | 271.1864598046581 
2021-09-30 01:50:04,865 - INFO - load | 2 | (0.15000000000000002, 0.2) | 54 | 1 | {53} | 793| 95.16000000000003 | 271.1864598046581 
2021-09-30 01:50:04,868 - INFO - load | 2 | (0.15000000000000002, 0.25) | 54 | 1 | {53} | 793| 89.21250000000002 | 271.1864598046581 
2021-09-30 01:50:04,870 - INFO - load | 2 | (0.15000000000000002, 0.30000000000000004) | 54 | 1 | {53} | 793| 83.26500000000001 | 271.1864598046581 
2021-09-30 01:50:04,874 - INFO - load | 2 | (0.15000000000000002, 0.35000000000000003) | 54 | 1 | {53} | 793| 77.31750000000001 | 271.1864598046581 
2021-09-30 01:50:04,878 - INFO - load | 2 | (0.15000000000000002, 0.4) | 54 | 1 | {53} | 793| 71.37 | 271.1864598046581 
2021-09-30 01:50:04,881 - INFO - load | 2 | (0.15000000000000002, 0.45) | 54 | 1 | {53} | 793| 65.4225 | 271.1864598046581 
2021-09-30 01:50:04,885 - INFO - load | 2 | (0.15000000000000002, 0.5) | 54 | 1 | {53} | 793| 59.47500000000001 | 271.1864598046581 
2021-09-30 01:50:04,888 - INFO - load | 2 | (0.15000000000000002, 0.55) | 54 | 1 | {53} | 793| 53.5275 | 271.1864598046581 
2021-09-30 01:50:04,892 - INFO - load | 2 | (0.15000000000000002, 0.6000000000000001) | 54 | 1 | {53} | 793| 47.58 | 271.1864598046581 
2021-09-30 01:50:04,895 - INFO - load | 2 | (0.15000000000000002, 0.65) | 54 | 1 | {53} | 793| 41.63250000000001 | 271.1864598046581 
2021-09-30 01:50:04,898 - INFO - load | 2 | (0.15000000000000002, 0.7000000000000001) | 54 | 1 | {53} | 793| 35.684999999999995 | 271.1864598046581 
2021-09-30 01:50:04,901 - INFO - load | 2 | (0.15000000000000002, 0.75) | 54 | 1 | {53} | 793| 29.737500000000004 | 271.1864598046581 
2021-09-30 01:50:04,903 - INFO - load | 2 | (0.15000000000000002, 0.8) | 54 | 1 | {53} | 793| 23.79 | 271.1864598046581 
2021-09-30 01:50:04,905 - INFO - load | 2 | (0.15000000000000002, 0.8500000000000001) | 54 | 1 | {53} | 793| 17.842499999999994 | 271.1864598046581 
2021-09-30 01:50:04,907 - INFO - load | 2 | (0.15000000000000002, 0.9) | 54 | 1 | {53} | 793| 11.894999999999989 | 271.1864598046581 
2021-09-30 01:50:04,911 - INFO - load | 2 | (0.15000000000000002, 0.9500000000000001) | 54 | 1 | {53} | 793| 5.947499999999983 | 271.1864598046581 
2021-09-30 01:50:04,915 - INFO - load | 2 | (0.15000000000000002, 1.0) | 54 | 1 | {53} | 793| 0.0 | 271.1864598046581 
2021-09-30 01:50:04,926 - INFO - compute | 2 | (0.2, 0.0) | 52 | 1 | {53} | 744| 148.8 | 262.7628220218716 
2021-09-30 01:50:04,930 - INFO - load | 2 | (0.2, 0.05) | 52 | 1 | {53} | 744| 141.36 | 262.7628220218716 
2021-09-30 01:50:04,936 - INFO - load | 2 | (0.2, 0.1) | 52 | 1 | {53} | 744| 133.92 | 262.7628220218716 
2021-09-30 01:50:04,939 - INFO - load | 2 | (0.2, 0.15000000000000002) | 52 | 1 | {53} | 744| 126.48 | 262.7628220218716 
2021-09-30 01:50:04,942 - INFO - load | 2 | (0.2, 0.2) | 52 | 1 | {53} | 744| 119.04 | 262.7628220218716 
2021-09-30 01:50:04,947 - INFO - load | 2 | (0.2, 0.25) | 52 | 1 | {53} | 744| 111.60000000000002 | 262.7628220218716 
2021-09-30 01:50:04,950 - INFO - load | 2 | (0.2, 0.30000000000000004) | 52 | 1 | {53} | 744| 104.16000000000001 | 262.7628220218716 
2021-09-30 01:50:04,952 - INFO - load | 2 | (0.2, 0.35000000000000003) | 52 | 1 | {53} | 744| 96.72 | 262.7628220218716 
2021-09-30 01:50:04,956 - INFO - load | 2 | (0.2, 0.4) | 52 | 1 | {53} | 744| 89.28 | 262.7628220218716 
2021-09-30 01:50:04,960 - INFO - load | 2 | (0.2, 0.45) | 52 | 1 | {53} | 744| 81.84 | 262.7628220218716 
2021-09-30 01:50:04,965 - INFO - load | 2 | (0.2, 0.5) | 52 | 1 | {53} | 744| 74.4 | 262.7628220218716 
2021-09-30 01:50:04,969 - INFO - load | 2 | (0.2, 0.55) | 52 | 1 | {53} | 744| 66.96 | 262.7628220218716 
2021-09-30 01:50:04,972 - INFO - load | 2 | (0.2, 0.6000000000000001) | 52 | 1 | {53} | 744| 59.51999999999999 | 262.7628220218716 
2021-09-30 01:50:04,976 - INFO - load | 2 | (0.2, 0.65) | 52 | 1 | {53} | 744| 52.080000000000005 | 262.7628220218716 
2021-09-30 01:50:04,979 - INFO - load | 2 | (0.2, 0.7000000000000001) | 52 | 1 | {53} | 744| 44.64 | 262.7628220218716 
2021-09-30 01:50:04,982 - INFO - load | 2 | (0.2, 0.75) | 52 | 1 | {53} | 744| 37.19999999999999 | 262.7628220218716 
2021-09-30 01:50:04,985 - INFO - load | 2 | (0.2, 0.8) | 52 | 1 | {53} | 744| 29.759999999999984 | 262.7628220218716 
2021-09-30 01:50:04,988 - INFO - load | 2 | (0.2, 0.8500000000000001) | 52 | 1 | {53} | 744| 22.31999999999998 | 262.7628220218716 
2021-09-30 01:50:04,999 - INFO - compute | 2 | (0.2, 0.9) | 52 | 2 | {125, 53} | 1321| 26.419999999999987 | 467.1465087514259 
2021-09-30 01:50:05,021 - INFO - compute | 2 | (0.2, 0.9500000000000001) | 52 | 3 | (125, 53) | 1321| 13.209999999999974 | 467.1465087514259 
2021-09-30 01:50:05,026 - INFO - load | 2 | (0.2, 1.0) | 52 | 3 | (125, 53) | 1321| 0.0 | 467.1465087514259 
2021-09-30 01:50:05,038 - INFO - compute | 2 | (0.25, 0.0) | 48 | 1 | {53} | 655| 163.75 | 242.12112265909784 
2021-09-30 01:50:05,044 - INFO - load | 2 | (0.25, 0.05) | 48 | 1 | {53} | 655| 155.5625 | 242.12112265909784 
2021-09-30 01:50:05,050 - INFO - load | 2 | (0.25, 0.1) | 48 | 1 | {53} | 655| 147.375 | 242.12112265909784 
2021-09-30 01:50:05,055 - INFO - load | 2 | (0.25, 0.15000000000000002) | 48 | 1 | {53} | 655| 139.1875 | 242.12112265909784 
2021-09-30 01:50:05,059 - INFO - load | 2 | (0.25, 0.2) | 48 | 1 | {53} | 655| 131.0 | 242.12112265909784 
2021-09-30 01:50:05,063 - INFO - load | 2 | (0.25, 0.25) | 48 | 1 | {53} | 655| 122.8125 | 242.12112265909784 
2021-09-30 01:50:05,067 - INFO - load | 2 | (0.25, 0.30000000000000004) | 48 | 1 | {53} | 655| 114.62499999999999 | 242.12112265909784 
2021-09-30 01:50:05,070 - INFO - load | 2 | (0.25, 0.35000000000000003) | 48 | 1 | {53} | 655| 106.43749999999999 | 242.12112265909784 
2021-09-30 01:50:05,075 - INFO - load | 2 | (0.25, 0.4) | 48 | 1 | {53} | 655| 98.25 | 242.12112265909784 
2021-09-30 01:50:05,082 - INFO - load | 2 | (0.25, 0.45) | 48 | 1 | {53} | 655| 90.06250000000001 | 242.12112265909784 
2021-09-30 01:50:05,088 - INFO - load | 2 | (0.25, 0.5) | 48 | 1 | {53} | 655| 81.875 | 242.12112265909784 
2021-09-30 01:50:05,091 - INFO - load | 2 | (0.25, 0.55) | 48 | 1 | {53} | 655| 73.68749999999999 | 242.12112265909784 
2021-09-30 01:50:05,095 - INFO - load | 2 | (0.25, 0.6000000000000001) | 48 | 1 | {53} | 655| 65.49999999999999 | 242.12112265909784 
2021-09-30 01:50:05,099 - INFO - load | 2 | (0.25, 0.65) | 48 | 1 | {53} | 655| 57.31249999999999 | 242.12112265909784 
2021-09-30 01:50:05,103 - INFO - load | 2 | (0.25, 0.7000000000000001) | 48 | 1 | {53} | 655| 49.124999999999986 | 242.12112265909784 
2021-09-30 01:50:05,124 - INFO - compute | 2 | (0.25, 0.75) | 48 | 3 | (125, 53) | 1162| 72.625 | 430.25553449091456 
2021-09-30 01:50:05,129 - INFO - load | 2 | (0.25, 0.8) | 48 | 3 | (125, 53) | 1162| 58.09999999999999 | 430.25553449091456 
2021-09-30 01:50:05,135 - INFO - load | 2 | (0.25, 0.8500000000000001) | 48 | 3 | (125, 53) | 1162| 43.574999999999974 | 430.25553449091456 
2021-09-30 01:50:05,140 - INFO - load | 2 | (0.25, 0.9) | 48 | 3 | (125, 53) | 1162| 29.049999999999994 | 430.25553449091456 
2021-09-30 01:50:05,145 - INFO - load | 2 | (0.25, 0.9500000000000001) | 48 | 3 | (125, 53) | 1162| 14.52499999999998 | 430.25553449091456 
2021-09-30 01:50:05,149 - INFO - load | 2 | (0.25, 1.0) | 48 | 3 | (125, 53) | 1162| 0.0 | 430.25553449091456 
2021-09-30 01:50:05,158 - INFO - compute | 2 | (0.30000000000000004, 0.0) | 39 | 1 | {53} | 485| 145.50000000000003 | 197.1157091576926 
2021-09-30 01:50:05,161 - INFO - load | 2 | (0.30000000000000004, 0.05) | 39 | 1 | {53} | 485| 138.22500000000002 | 197.1157091576926 
2021-09-30 01:50:05,167 - INFO - load | 2 | (0.30000000000000004, 0.1) | 39 | 1 | {53} | 485| 130.95000000000002 | 197.1157091576926 
2021-09-30 01:50:05,172 - INFO - load | 2 | (0.30000000000000004, 0.15000000000000002) | 39 | 1 | {53} | 485| 123.675 | 197.1157091576926 
2021-09-30 01:50:05,178 - INFO - load | 2 | (0.30000000000000004, 0.2) | 39 | 1 | {53} | 485| 116.40000000000002 | 197.1157091576926 
2021-09-30 01:50:05,181 - INFO - load | 2 | (0.30000000000000004, 0.25) | 39 | 1 | {53} | 485| 109.12500000000001 | 197.1157091576926 
2021-09-30 01:50:05,189 - INFO - load | 2 | (0.30000000000000004, 0.30000000000000004) | 39 | 1 | {53} | 485| 101.85000000000001 | 197.1157091576926 
2021-09-30 01:50:05,194 - INFO - load | 2 | (0.30000000000000004, 0.35000000000000003) | 39 | 1 | {53} | 485| 94.575 | 197.1157091576926 
2021-09-30 01:50:05,199 - INFO - load | 2 | (0.30000000000000004, 0.4) | 39 | 1 | {53} | 485| 87.30000000000001 | 197.1157091576926 
2021-09-30 01:50:05,205 - INFO - load | 2 | (0.30000000000000004, 0.45) | 39 | 1 | {53} | 485| 80.025 | 197.1157091576926 
2021-09-30 01:50:05,213 - INFO - load | 2 | (0.30000000000000004, 0.5) | 39 | 1 | {53} | 485| 72.75000000000001 | 197.1157091576926 
2021-09-30 01:50:05,218 - INFO - load | 2 | (0.30000000000000004, 0.55) | 39 | 1 | {53} | 485| 65.47500000000001 | 197.1157091576926 
2021-09-30 01:50:05,230 - INFO - compute | 2 | (0.30000000000000004, 0.6000000000000001) | 39 | 2 | {125, 53} | 850| 102.0 | 347.40300659487434 
2021-09-30 01:50:05,249 - INFO - compute | 2 | (0.30000000000000004, 0.65) | 39 | 3 | (125, 53) | 850| 89.25000000000001 | 347.40300659487434 
2021-09-30 01:50:05,258 - INFO - load | 2 | (0.30000000000000004, 0.7000000000000001) | 39 | 3 | (125, 53) | 850| 76.5 | 347.40300659487434 
2021-09-30 01:50:05,266 - INFO - load | 2 | (0.30000000000000004, 0.75) | 39 | 3 | (125, 53) | 850| 63.75000000000001 | 347.40300659487434 
2021-09-30 01:50:05,271 - INFO - load | 2 | (0.30000000000000004, 0.8) | 39 | 3 | (125, 53) | 850| 51.0 | 347.40300659487434 
2021-09-30 01:50:05,277 - INFO - load | 2 | (0.30000000000000004, 0.8500000000000001) | 39 | 3 | (125, 53) | 850| 38.249999999999986 | 347.40300659487434 
2021-09-30 01:50:05,283 - INFO - load | 2 | (0.30000000000000004, 0.9) | 39 | 3 | (125, 53) | 850| 25.499999999999975 | 347.40300659487434 
2021-09-30 01:50:05,318 - INFO - compute | 2 | (0.30000000000000004, 0.9500000000000001) | 39 | 4 | (53, 143) | 1010| 15.149999999999958 | 409.80850173915456 
2021-09-30 01:50:05,326 - INFO - load | 2 | (0.30000000000000004, 1.0) | 39 | 4 | (53, 143) | 1010| 0.0 | 409.80850173915456 
2021-09-30 01:50:05,338 - INFO - compute | 2 | (0.35000000000000003, 0.0) | 30 | 1 | {53} | 332| 116.20000000000002 | 148.82026883156635 
2021-09-30 01:50:05,346 - INFO - load | 2 | (0.35000000000000003, 0.05) | 30 | 1 | {53} | 332| 110.39 | 148.82026883156635 
2021-09-30 01:50:05,354 - INFO - load | 2 | (0.35000000000000003, 0.1) | 30 | 1 | {53} | 332| 104.58000000000001 | 148.82026883156635 
2021-09-30 01:50:05,361 - INFO - load | 2 | (0.35000000000000003, 0.15000000000000002) | 30 | 1 | {53} | 332| 98.77000000000001 | 148.82026883156635 
2021-09-30 01:50:05,365 - INFO - load | 2 | (0.35000000000000003, 0.2) | 30 | 1 | {53} | 332| 92.96000000000001 | 148.82026883156635 
2021-09-30 01:50:05,373 - INFO - load | 2 | (0.35000000000000003, 0.25) | 30 | 1 | {53} | 332| 87.15 | 148.82026883156635 
2021-09-30 01:50:05,382 - INFO - load | 2 | (0.35000000000000003, 0.30000000000000004) | 30 | 1 | {53} | 332| 81.34 | 148.82026883156635 
2021-09-30 01:50:05,388 - INFO - load | 2 | (0.35000000000000003, 0.35000000000000003) | 30 | 1 | {53} | 332| 75.53 | 148.82026883156635 
2021-09-30 01:50:05,393 - INFO - load | 2 | (0.35000000000000003, 0.4) | 30 | 1 | {53} | 332| 69.72000000000001 | 148.82026883156635 
2021-09-30 01:50:05,400 - INFO - load | 2 | (0.35000000000000003, 0.45) | 30 | 1 | {53} | 332| 63.910000000000004 | 148.82026883156635 
2021-09-30 01:50:05,409 - INFO - load | 2 | (0.35000000000000003, 0.5) | 30 | 1 | {53} | 332| 58.10000000000001 | 148.82026883156635 
2021-09-30 01:50:05,423 - INFO - compute | 2 | (0.35000000000000003, 0.55) | 30 | 3 | (125, 53) | 582| 91.665 | 262.9220899073379 
2021-09-30 01:50:05,432 - INFO - load | 2 | (0.35000000000000003, 0.6000000000000001) | 30 | 3 | (125, 53) | 582| 81.47999999999999 | 262.9220899073379 
2021-09-30 01:50:05,440 - INFO - load | 2 | (0.35000000000000003, 0.65) | 30 | 3 | (125, 53) | 582| 71.295 | 262.9220899073379 
2021-09-30 01:50:05,449 - INFO - load | 2 | (0.35000000000000003, 0.7000000000000001) | 30 | 3 | (125, 53) | 582| 61.10999999999999 | 262.9220899073379 
2021-09-30 01:50:05,457 - INFO - load | 2 | (0.35000000000000003, 0.75) | 30 | 3 | (125, 53) | 582| 50.92500000000001 | 262.9220899073379 
2021-09-30 01:50:05,484 - INFO - compute | 2 | (0.35000000000000003, 0.8) | 30 | 4 | (53, 143) | 679| 47.53 | 305.5556000779141 
2021-09-30 01:50:05,493 - INFO - load | 2 | (0.35000000000000003, 0.8500000000000001) | 30 | 4 | (53, 143) | 679| 35.647499999999994 | 305.5556000779141 
2021-09-30 01:50:05,499 - INFO - load | 2 | (0.35000000000000003, 0.9) | 30 | 4 | (53, 143) | 679| 23.764999999999983 | 305.5556000779141 
2021-09-30 01:50:05,538 - INFO - compute | 2 | (0.35000000000000003, 0.9500000000000001) | 30 | 5 | (143, 53) | 679| 11.882499999999974 | 305.5556000779141 
2021-09-30 01:50:05,545 - INFO - load | 2 | (0.35000000000000003, 1.0) | 30 | 5 | (143, 53) | 679| 0.0 | 305.5556000779141 
2021-09-30 01:50:05,556 - INFO - compute | 2 | (0.4, 0.0) | 21 | 1 | {53} | 184| 73.60000000000001 | 95.20984097170047 
2021-09-30 01:50:05,564 - INFO - load | 2 | (0.4, 0.05) | 21 | 1 | {53} | 184| 69.92 | 95.20984097170047 
2021-09-30 01:50:05,571 - INFO - load | 2 | (0.4, 0.1) | 21 | 1 | {53} | 184| 66.24 | 95.20984097170047 
2021-09-30 01:50:05,581 - INFO - load | 2 | (0.4, 0.15000000000000002) | 21 | 1 | {53} | 184| 62.56 | 95.20984097170047 
2021-09-30 01:50:05,586 - INFO - load | 2 | (0.4, 0.2) | 21 | 1 | {53} | 184| 58.88 | 95.20984097170047 
2021-09-30 01:50:05,592 - INFO - load | 2 | (0.4, 0.25) | 21 | 1 | {53} | 184| 55.20000000000001 | 95.20984097170047 
2021-09-30 01:50:05,597 - INFO - load | 2 | (0.4, 0.30000000000000004) | 21 | 1 | {53} | 184| 51.52 | 95.20984097170047 
2021-09-30 01:50:05,603 - INFO - load | 2 | (0.4, 0.35000000000000003) | 21 | 1 | {53} | 184| 47.84 | 95.20984097170047 
2021-09-30 01:50:05,608 - INFO - load | 2 | (0.4, 0.4) | 21 | 1 | {53} | 184| 44.16 | 95.20984097170047 
2021-09-30 01:50:05,617 - INFO - compute | 2 | (0.4, 0.45) | 21 | 2 | {125, 53} | 310| 68.2 | 164.23430058157334 
2021-09-30 01:50:05,632 - INFO - compute | 2 | (0.4, 0.5) | 21 | 3 | (125, 53) | 310| 62.0 | 164.23430058157334 
2021-09-30 01:50:05,641 - INFO - load | 2 | (0.4, 0.55) | 21 | 3 | (125, 53) | 310| 55.8 | 164.23430058157334 
2021-09-30 01:50:05,649 - INFO - load | 2 | (0.4, 0.6000000000000001) | 21 | 3 | (125, 53) | 310| 49.599999999999994 | 164.23430058157334 
2021-09-30 01:50:05,658 - INFO - load | 2 | (0.4, 0.65) | 21 | 3 | (125, 53) | 310| 43.400000000000006 | 164.23430058157334 
2021-09-30 01:50:05,677 - INFO - compute | 2 | (0.4, 0.7000000000000001) | 21 | 4 | (53, 143) | 352| 42.239999999999995 | 186.8691331218522 
2021-09-30 01:50:05,686 - INFO - load | 2 | (0.4, 0.75) | 21 | 4 | (53, 143) | 352| 35.19999999999999 | 186.8691331218522 
2021-09-30 01:50:05,696 - INFO - load | 2 | (0.4, 0.8) | 21 | 4 | (53, 143) | 352| 28.159999999999986 | 186.8691331218522 
2021-09-30 01:50:05,724 - INFO - compute | 2 | (0.4, 0.8500000000000001) | 21 | 5 | (143, 53) | 352| 21.11999999999998 | 186.8691331218522 
2021-09-30 01:50:05,731 - INFO - load | 2 | (0.4, 0.9) | 21 | 5 | (143, 53) | 352| 14.079999999999993 | 186.8691331218522 
2021-09-30 01:50:05,768 - INFO - compute | 2 | (0.4, 0.9500000000000001) | 21 | 6 | (143, 53) | 352| 7.039999999999987 | 186.8691331218522 
2021-09-30 01:50:05,816 - INFO - compute | 2 | (0.4, 1.0) | 21 | 7 | (44, 143) | 353| 0.0 | 191.14880471380468 
2021-09-30 01:50:05,825 - INFO - compute | 2 | (0.45, 0.0) | 19 | 1 | {53} | 153| 68.85000000000001 | 81.93244166179703 
2021-09-30 01:50:05,831 - INFO - load | 2 | (0.45, 0.05) | 19 | 1 | {53} | 153| 65.4075 | 81.93244166179703 
2021-09-30 01:50:05,837 - INFO - load | 2 | (0.45, 0.1) | 19 | 1 | {53} | 153| 61.965 | 81.93244166179703 
2021-09-30 01:50:05,848 - INFO - load | 2 | (0.45, 0.15000000000000002) | 19 | 1 | {53} | 153| 58.5225 | 81.93244166179703 
2021-09-30 01:50:05,859 - INFO - load | 2 | (0.45, 0.2) | 19 | 1 | {53} | 153| 55.08 | 81.93244166179703 
2021-09-30 01:50:05,867 - INFO - load | 2 | (0.45, 0.25) | 19 | 1 | {53} | 153| 51.6375 | 81.93244166179703 
2021-09-30 01:50:05,874 - INFO - load | 2 | (0.45, 0.30000000000000004) | 19 | 1 | {53} | 153| 48.19499999999999 | 81.93244166179703 
2021-09-30 01:50:05,881 - INFO - load | 2 | (0.45, 0.35000000000000003) | 19 | 1 | {53} | 153| 44.7525 | 81.93244166179703 
2021-09-30 01:50:05,895 - INFO - compute | 2 | (0.45, 0.4) | 19 | 2 | {125, 53} | 265| 71.55000000000001 | 145.055443832262 
2021-09-30 01:50:05,912 - INFO - compute | 2 | (0.45, 0.45) | 19 | 3 | (125, 53) | 265| 65.5875 | 145.055443832262 
2021-09-30 01:50:05,922 - INFO - load | 2 | (0.45, 0.5) | 19 | 3 | (125, 53) | 265| 59.625 | 145.055443832262 
2021-09-30 01:50:05,929 - INFO - load | 2 | (0.45, 0.55) | 19 | 3 | (125, 53) | 265| 53.662499999999994 | 145.055443832262 
2021-09-30 01:50:05,936 - INFO - load | 2 | (0.45, 0.6000000000000001) | 19 | 3 | (125, 53) | 265| 47.69999999999998 | 145.055443832262 
2021-09-30 01:50:05,956 - INFO - compute | 2 | (0.45, 0.65) | 19 | 4 | (53, 143) | 306| 48.19499999999999 | 167.28641834321175 
2021-09-30 01:50:05,965 - INFO - load | 2 | (0.45, 0.7000000000000001) | 19 | 4 | (53, 143) | 306| 41.30999999999999 | 167.28641834321175 
2021-09-30 01:50:05,998 - INFO - compute | 2 | (0.45, 0.75) | 19 | 5 | (143, 53) | 306| 34.425 | 167.28641834321175 
2021-09-30 01:50:06,005 - INFO - load | 2 | (0.45, 0.8) | 19 | 5 | (143, 53) | 306| 27.539999999999992 | 167.28641834321175 
2021-09-30 01:50:06,038 - INFO - compute | 2 | (0.45, 0.8500000000000001) | 19 | 6 | (143, 53) | 306| 20.654999999999983 | 167.28641834321175 
2021-09-30 01:50:06,097 - INFO - compute | 2 | (0.45, 0.9) | 19 | 8 | (45, 143) | 320| 14.399999999999995 | 183.05019080613295 
2021-09-30 01:50:06,178 - INFO - compute | 2 | (0.45, 0.9500000000000001) | 19 | 10 | (45, 143) | 320| 7.199999999999989 | 183.05019080613295 
2021-09-30 01:50:06,190 - INFO - load | 2 | (0.45, 1.0) | 19 | 10 | (45, 143) | 320| 0.0 | 183.05019080613295 
2021-09-30 01:50:06,204 - INFO - compute | 2 | (0.5, 0.0) | 13 | 1 | {53} | 68| 34.0 | 42.164652836909035 
2021-09-30 01:50:06,216 - INFO - load | 2 | (0.5, 0.05) | 13 | 1 | {53} | 68| 32.3 | 42.164652836909035 
2021-09-30 01:50:06,225 - INFO - load | 2 | (0.5, 0.1) | 13 | 1 | {53} | 68| 30.6 | 42.164652836909035 
2021-09-30 01:50:06,232 - INFO - load | 2 | (0.5, 0.15000000000000002) | 13 | 1 | {53} | 68| 28.9 | 42.164652836909035 
2021-09-30 01:50:06,243 - INFO - load | 2 | (0.5, 0.2) | 13 | 1 | {53} | 68| 27.200000000000003 | 42.164652836909035 
2021-09-30 01:50:06,252 - INFO - load | 2 | (0.5, 0.25) | 13 | 1 | {53} | 68| 25.5 | 42.164652836909035 
2021-09-30 01:50:06,264 - INFO - load | 2 | (0.5, 0.30000000000000004) | 13 | 1 | {53} | 68| 23.799999999999997 | 42.164652836909035 
2021-09-30 01:50:06,274 - INFO - load | 2 | (0.5, 0.35000000000000003) | 13 | 1 | {53} | 68| 22.099999999999998 | 42.164652836909035 
2021-09-30 01:50:06,291 - INFO - compute | 2 | (0.5, 0.4) | 13 | 3 | (125, 53) | 138| 41.4 | 85.43902704733284 
2021-09-30 01:50:06,303 - INFO - load | 2 | (0.5, 0.45) | 13 | 3 | (125, 53) | 138| 37.95 | 85.43902704733284 
2021-09-30 01:50:06,314 - INFO - load | 2 | (0.5, 0.5) | 13 | 3 | (125, 53) | 138| 34.5 | 85.43902704733284 
2021-09-30 01:50:06,325 - INFO - load | 2 | (0.5, 0.55) | 13 | 3 | (125, 53) | 138| 31.049999999999997 | 85.43902704733284 
2021-09-30 01:50:06,350 - INFO - compute | 2 | (0.5, 0.6000000000000001) | 13 | 4 | (53, 143) | 167| 33.39999999999999 | 101.99480259899268 
2021-09-30 01:50:06,374 - INFO - compute | 2 | (0.5, 0.65) | 13 | 5 | (143, 50) | 169| 29.575 | 104.35808247766926 
2021-09-30 01:50:06,383 - INFO - load | 2 | (0.5, 0.7000000000000001) | 13 | 5 | (143, 50) | 169| 25.349999999999994 | 104.35808247766926 
2021-09-30 01:50:06,412 - INFO - compute | 2 | (0.5, 0.75) | 13 | 6 | (143, 50) | 169| 21.125 | 104.35808247766926 
2021-09-30 01:50:06,442 - INFO - compute | 2 | (0.5, 0.8) | 13 | 7 | (44, 143) | 180| 17.999999999999996 | 111.63582881153131 
2021-09-30 01:50:06,497 - INFO - compute | 2 | (0.5, 0.8500000000000001) | 13 | 10 | (45, 143) | 205| 15.374999999999991 | 128.86936280156942 
2021-09-30 01:50:06,504 - INFO - load | 2 | (0.5, 0.9) | 13 | 10 | (45, 143) | 205| 10.249999999999998 | 128.86936280156942 
2021-09-30 01:50:06,612 - INFO - compute | 2 | (0.5, 0.9500000000000001) | 13 | 14 | (1, 143) | 232| 5.799999999999992 | 144.421952221944 
2021-09-30 01:50:06,725 - INFO - compute | 2 | (0.5, 1.0) | 13 | 15 | (1, 143) | 232| 0.0 | 144.421952221944 
2021-09-30 01:50:06,736 - INFO - compute | 2 | (0.55, 0.0) | 10 | 1 | {53} | 39| 21.450000000000003 | 26.87286078415004 
2021-09-30 01:50:06,744 - INFO - load | 2 | (0.55, 0.05) | 10 | 1 | {53} | 39| 20.3775 | 26.87286078415004 
2021-09-30 01:50:06,755 - INFO - load | 2 | (0.55, 0.1) | 10 | 1 | {53} | 39| 19.305000000000003 | 26.87286078415004 
2021-09-30 01:50:06,763 - INFO - load | 2 | (0.55, 0.15000000000000002) | 10 | 1 | {53} | 39| 18.2325 | 26.87286078415004 
2021-09-30 01:50:06,775 - INFO - load | 2 | (0.55, 0.2) | 10 | 1 | {53} | 39| 17.160000000000004 | 26.87286078415004 
2021-09-30 01:50:06,781 - INFO - load | 2 | (0.55, 0.25) | 10 | 1 | {53} | 39| 16.087500000000002 | 26.87286078415004 
2021-09-30 01:50:06,791 - INFO - load | 2 | (0.55, 0.30000000000000004) | 10 | 1 | {53} | 39| 15.015 | 26.87286078415004 
2021-09-30 01:50:06,807 - INFO - compute | 2 | (0.55, 0.35000000000000003) | 10 | 3 | (125, 53) | 87| 31.102500000000003 | 58.84235325708879 
2021-09-30 01:50:06,816 - INFO - load | 2 | (0.55, 0.4) | 10 | 3 | (125, 53) | 87| 28.71 | 58.84235325708879 
2021-09-30 01:50:06,825 - INFO - load | 2 | (0.55, 0.45) | 10 | 3 | (125, 53) | 87| 26.3175 | 58.84235325708879 
2021-09-30 01:50:06,837 - INFO - load | 2 | (0.55, 0.5) | 10 | 3 | (125, 53) | 87| 23.925 | 58.84235325708879 
2021-09-30 01:50:06,853 - INFO - compute | 2 | (0.55, 0.55) | 10 | 4 | (53, 143) | 104| 25.74 | 69.24244831232434 
2021-09-30 01:50:06,871 - INFO - compute | 2 | (0.55, 0.6000000000000001) | 10 | 5 | (143, 50) | 111| 24.419999999999998 | 74.23669939060022 
2021-09-30 01:50:06,878 - INFO - load | 2 | (0.55, 0.65) | 10 | 5 | (143, 50) | 111| 21.3675 | 74.23669939060022 
2021-09-30 01:50:06,904 - INFO - compute | 2 | (0.55, 0.7000000000000001) | 10 | 7 | (44, 143) | 121| 19.964999999999996 | 81.01412622088655 
2021-09-30 01:50:06,947 - INFO - compute | 2 | (0.55, 0.75) | 10 | 9 | (45, 143) | 145| 19.9375 | 97.68265386648858 
2021-09-30 01:50:07,008 - INFO - compute | 2 | (0.55, 0.8) | 10 | 10 | (45, 143) | 145| 15.949999999999998 | 97.68265386648858 
2021-09-30 01:50:07,091 - INFO - compute | 2 | (0.55, 0.8500000000000001) | 10 | 14 | (1, 45) | 161| 13.282499999999994 | 110.53822650749925 
2021-09-30 01:50:07,183 - INFO - compute | 2 | (0.55, 0.9) | 10 | 15 | (1, 45) | 161| 8.854999999999999 | 110.53822650749925 
2021-09-30 01:50:07,287 - INFO - compute | 2 | (0.55, 0.9500000000000001) | 10 | 16 | (1, 99) | 180| 4.949999999999994 | 123.88096911261376 
2021-09-30 01:50:07,486 - INFO - compute | 2 | (0.55, 1.0) | 10 | 22 | (1, 99) | 180| 0.0 | 123.88096911261376 
2021-09-30 01:50:07,494 - INFO - compute | 2 | (0.6000000000000001, 0.0) | 8 | 1 | {53} | 32| 19.200000000000003 | 22.687907560453013 
2021-09-30 01:50:07,501 - INFO - load | 2 | (0.6000000000000001, 0.05) | 8 | 1 | {53} | 32| 18.240000000000002 | 22.687907560453013 
2021-09-30 01:50:07,510 - INFO - load | 2 | (0.6000000000000001, 0.1) | 8 | 1 | {53} | 32| 17.28 | 22.687907560453013 
2021-09-30 01:50:07,520 - INFO - load | 2 | (0.6000000000000001, 0.15000000000000002) | 8 | 1 | {53} | 32| 16.32 | 22.687907560453013 
2021-09-30 01:50:07,530 - INFO - load | 2 | (0.6000000000000001, 0.2) | 8 | 1 | {53} | 32| 15.360000000000003 | 22.687907560453013 
2021-09-30 01:50:07,543 - INFO - load | 2 | (0.6000000000000001, 0.25) | 8 | 1 | {53} | 32| 14.400000000000002 | 22.687907560453013 
2021-09-30 01:50:07,554 - INFO - compute | 2 | (0.6000000000000001, 0.30000000000000004) | 8 | 2 | {125, 53} | 62| 26.040000000000003 | 44.43467579375017 
2021-09-30 01:50:07,567 - INFO - compute | 2 | (0.6000000000000001, 0.35000000000000003) | 8 | 3 | (125, 53) | 62| 24.18 | 44.43467579375017 
2021-09-30 01:50:07,579 - INFO - load | 2 | (0.6000000000000001, 0.4) | 8 | 3 | (125, 53) | 62| 22.320000000000004 | 44.43467579375017 
2021-09-30 01:50:07,588 - INFO - load | 2 | (0.6000000000000001, 0.45) | 8 | 3 | (125, 53) | 62| 20.46 | 44.43467579375017 
2021-09-30 01:50:07,602 - INFO - compute | 2 | (0.6000000000000001, 0.5) | 8 | 4 | (53, 143) | 70| 21.000000000000004 | 49.644205192420074 
2021-09-30 01:50:07,622 - INFO - compute | 2 | (0.6000000000000001, 0.55) | 8 | 5 | (143, 50) | 76| 20.520000000000003 | 54.10396863956368 
2021-09-30 01:50:07,633 - INFO - load | 2 | (0.6000000000000001, 0.6000000000000001) | 8 | 5 | (143, 50) | 76| 18.24 | 54.10396863956368 
2021-09-30 01:50:07,658 - INFO - compute | 2 | (0.6000000000000001, 0.65) | 8 | 7 | (44, 143) | 82| 17.220000000000002 | 58.55335645713332 
2021-09-30 01:50:07,699 - INFO - compute | 2 | (0.6000000000000001, 0.7000000000000001) | 8 | 9 | (44, 45) | 104| 18.72 | 74.80784745526894 
2021-09-30 01:50:07,747 - INFO - compute | 2 | (0.6000000000000001, 0.75) | 8 | 10 | (44, 45) | 104| 15.600000000000001 | 74.80784745526894 
2021-09-30 01:50:07,816 - INFO - compute | 2 | (0.6000000000000001, 0.8) | 8 | 14 | (45, 13) | 128| 15.36 | 92.14315182124274 
2021-09-30 01:50:07,893 - INFO - compute | 2 | (0.6000000000000001, 0.8500000000000001) | 8 | 15 | (45, 13) | 128| 11.519999999999996 | 92.14315182124274 
2021-09-30 01:50:08,032 - INFO - compute | 2 | (0.6000000000000001, 0.9) | 8 | 20 | (99, 13) | 141| 8.459999999999992 | 101.73365408910038 
2021-09-30 01:50:08,190 - INFO - compute | 2 | (0.6000000000000001, 0.9500000000000001) | 8 | 22 | (13, 99) | 141| 4.229999999999988 | 101.73365408910038 
2021-09-30 01:50:08,387 - INFO - compute | 2 | (0.6000000000000001, 1.0) | 8 | 25 | (13, 99) | 141| 0.0 | 101.73365408910038 
2021-09-30 01:50:08,395 - INFO - compute | 2 | (0.65, 0.0) | 7 | 1 | {53} | 26| 16.900000000000002 | 18.983417870161674 
2021-09-30 01:50:08,404 - INFO - load | 2 | (0.65, 0.05) | 7 | 1 | {53} | 26| 16.055 | 18.983417870161674 
2021-09-30 01:50:08,417 - INFO - load | 2 | (0.65, 0.1) | 7 | 1 | {53} | 26| 15.209999999999999 | 18.983417870161674 
2021-09-30 01:50:08,428 - INFO - load | 2 | (0.65, 0.15000000000000002) | 7 | 1 | {53} | 26| 14.365 | 18.983417870161674 
2021-09-30 01:50:08,441 - INFO - load | 2 | (0.65, 0.2) | 7 | 1 | {53} | 26| 13.52 | 18.983417870161674 
2021-09-30 01:50:08,453 - INFO - load | 2 | (0.65, 0.25) | 7 | 1 | {53} | 26| 12.675 | 18.983417870161674 
2021-09-30 01:50:08,466 - INFO - compute | 2 | (0.65, 0.30000000000000004) | 7 | 3 | (72, 125) | 51| 23.205 | 37.38156885661018 
2021-09-30 01:50:08,476 - INFO - load | 2 | (0.65, 0.35000000000000003) | 7 | 3 | (72, 125) | 51| 21.5475 | 37.38156885661018 
2021-09-30 01:50:08,487 - INFO - load | 2 | (0.65, 0.4) | 7 | 3 | (72, 125) | 51| 19.89 | 37.38156885661018 
2021-09-30 01:50:08,505 - INFO - compute | 2 | (0.65, 0.45) | 7 | 4 | (72, 143) | 56| 20.02 | 40.502989092022155 
2021-09-30 01:50:08,528 - INFO - compute | 2 | (0.65, 0.5) | 7 | 5 | (143, 50) | 63| 20.475 | 46.077574310599104 
2021-09-30 01:50:08,537 - INFO - load | 2 | (0.65, 0.55) | 7 | 5 | (143, 50) | 63| 18.4275 | 46.077574310599104 
2021-09-30 01:50:08,565 - INFO - compute | 2 | (0.65, 0.6000000000000001) | 7 | 7 | (44, 143) | 64| 16.639999999999997 | 47.43988738625929 
2021-09-30 01:50:08,608 - INFO - compute | 2 | (0.65, 0.65) | 7 | 10 | (44, 45) | 89| 20.2475 | 65.54662322954059 
2021-09-30 01:50:08,646 - INFO - compute | 2 | (0.65, 0.7000000000000001) | 7 | 11 | (44, 45) | 89| 17.354999999999997 | 65.54662322954059 
2021-09-30 01:50:08,710 - INFO - compute | 2 | (0.65, 0.75) | 7 | 14 | (45, 13) | 105| 17.062499999999996 | 77.94260800845926 
2021-09-30 01:50:08,790 - INFO - compute | 2 | (0.65, 0.8) | 7 | 16 | (1, 99) | 117| 15.21 | 86.30499092856945 
2021-09-30 01:50:08,934 - INFO - compute | 2 | (0.65, 0.8500000000000001) | 7 | 22 | (1, 99) | 117| 11.40749999999999 | 86.30499092856945 
2021-09-30 01:50:09,088 - INFO - compute | 2 | (0.65, 0.9) | 7 | 23 | (1, 99) | 117| 7.604999999999993 | 86.30499092856945 
2021-09-30 01:50:09,266 - INFO - compute | 2 | (0.65, 0.9500000000000001) | 7 | 26 | (1, 99) | 117| 3.8024999999999967 | 86.30499092856945 
2021-09-30 01:50:09,503 - INFO - compute | 2 | (0.65, 1.0) | 7 | 29 | (1, 99) | 117| 0.0 | 86.30499092856945 
2021-09-30 01:50:09,513 - INFO - compute | 2 | (0.7000000000000001, 0.0) | 5 | 1 | {53} | 9| 6.300000000000001 | 7.745359518045468 
2021-09-30 01:50:09,526 - INFO - load | 2 | (0.7000000000000001, 0.05) | 5 | 1 | {53} | 9| 5.985 | 7.745359518045468 
2021-09-30 01:50:09,540 - INFO - load | 2 | (0.7000000000000001, 0.1) | 5 | 1 | {53} | 9| 5.670000000000001 | 7.745359518045468 
2021-09-30 01:50:09,557 - INFO - load | 2 | (0.7000000000000001, 0.15000000000000002) | 5 | 1 | {53} | 9| 5.355 | 7.745359518045468 
2021-09-30 01:50:09,573 - INFO - load | 2 | (0.7000000000000001, 0.2) | 5 | 1 | {53} | 9| 5.040000000000001 | 7.745359518045468 
2021-09-30 01:50:09,585 - INFO - load | 2 | (0.7000000000000001, 0.25) | 5 | 1 | {53} | 9| 4.7250000000000005 | 7.745359518045468 
2021-09-30 01:50:09,601 - INFO - compute | 2 | (0.7000000000000001, 0.30000000000000004) | 5 | 3 | (72, 125) | 34| 16.66 | 26.150410607451928 
2021-09-30 01:50:09,616 - INFO - load | 2 | (0.7000000000000001, 0.35000000000000003) | 5 | 3 | (72, 125) | 34| 15.47 | 26.150410607451928 
2021-09-30 01:50:09,629 - INFO - compute | 2 | (0.7000000000000001, 0.4) | 5 | 4 | (125, 143) | 40| 16.8 | 30.182632940980046 
2021-09-30 01:50:09,642 - INFO - load | 2 | (0.7000000000000001, 0.45) | 5 | 4 | (125, 143) | 40| 15.4 | 30.182632940980046 
2021-09-30 01:50:09,662 - INFO - compute | 2 | (0.7000000000000001, 0.5) | 5 | 5 | (143, 50) | 44| 15.400000000000002 | 33.50318535214403 
2021-09-30 01:50:09,687 - INFO - compute | 2 | (0.7000000000000001, 0.55) | 5 | 7 | (44, 143) | 53| 16.695 | 40.176320338369926 
2021-09-30 01:50:09,722 - INFO - compute | 2 | (0.7000000000000001, 0.6000000000000001) | 5 | 9 | (45, 143) | 58| 16.24 | 44.58270762723656 
2021-09-30 01:50:09,763 - INFO - compute | 2 | (0.7000000000000001, 0.65) | 5 | 11 | (45, 143) | 58| 14.209999999999999 | 44.58270762723656 
2021-09-30 01:50:09,814 - INFO - compute | 2 | (0.7000000000000001, 0.7000000000000001) | 5 | 14 | (45, 13) | 62| 13.019999999999998 | 49.518554553802495 
2021-09-30 01:50:09,880 - INFO - compute | 2 | (0.7000000000000001, 0.75) | 5 | 16 | (99, 13) | 73| 12.775000000000004 | 57.92842733116287 
2021-09-30 01:50:09,998 - INFO - compute | 2 | (0.7000000000000001, 0.8) | 5 | 22 | (13, 99) | 73| 10.22 | 57.92842733116287 
2021-09-30 01:50:10,140 - INFO - compute | 2 | (0.7000000000000001, 0.8500000000000001) | 5 | 24 | (73, 99) | 81| 8.504999999999999 | 63.067315413084 
2021-09-30 01:50:10,310 - INFO - compute | 2 | (0.7000000000000001, 0.9) | 5 | 29 | (73, 99) | 81| 5.669999999999996 | 63.067315413084 
2021-09-30 01:50:10,532 - INFO - compute | 2 | (0.7000000000000001, 0.9500000000000001) | 5 | 32 | (73, 99) | 81| 2.8349999999999937 | 63.067315413084 
2021-09-30 01:50:10,791 - INFO - compute | 2 | (0.7000000000000001, 1.0) | 5 | 35 | (27, 99) | 90| 0.0 | 70.8107916353619 
2021-09-30 01:50:10,801 - INFO - compute | 2 | (0.75, 0.0) | 2 | 1 | {53} | 9| 6.75 | 7.745359518045468 
2021-09-30 01:50:10,814 - INFO - load | 2 | (0.75, 0.05) | 2 | 1 | {53} | 9| 6.4125000000000005 | 7.745359518045468 
2021-09-30 01:50:10,826 - INFO - load | 2 | (0.75, 0.1) | 2 | 1 | {53} | 9| 6.075 | 7.745359518045468 
2021-09-30 01:50:10,839 - INFO - load | 2 | (0.75, 0.15000000000000002) | 2 | 1 | {53} | 9| 5.7375 | 7.745359518045468 
2021-09-30 01:50:10,855 - INFO - load | 2 | (0.75, 0.2) | 2 | 1 | {53} | 9| 5.3999999999999995 | 7.745359518045468 
2021-09-30 01:50:10,873 - INFO - compute | 2 | (0.75, 0.25) | 2 | 3 | (125, 53) | 14| 7.875 | 12.044678910315275 
2021-09-30 01:50:10,888 - INFO - load | 2 | (0.75, 0.30000000000000004) | 2 | 3 | (125, 53) | 14| 7.349999999999999 | 12.044678910315275 
2021-09-30 01:50:10,901 - INFO - load | 2 | (0.75, 0.35000000000000003) | 2 | 3 | (125, 53) | 14| 6.825 | 12.044678910315275 
2021-09-30 01:50:10,912 - INFO - compute | 2 | (0.75, 0.4) | 2 | 4 | (125, 53) | 14| 6.299999999999999 | 12.044678910315275 
2021-09-30 01:50:10,932 - INFO - compute | 2 | (0.75, 0.45) | 2 | 5 | (50, 125) | 14| 5.7749999999999995 | 12.094063500013913 
2021-09-30 01:50:10,950 - INFO - compute | 2 | (0.75, 0.5) | 2 | 6 | (50, 125) | 14| 5.25 | 12.094063500013913 
2021-09-30 01:50:10,974 - INFO - compute | 2 | (0.75, 0.55) | 2 | 9 | (44, 45) | 23| 7.762499999999999 | 19.822961488159837 
2021-09-30 01:50:10,992 - INFO - compute | 2 | (0.75, 0.6000000000000001) | 2 | 10 | (44, 45) | 23| 6.899999999999999 | 19.822961488159837 
2021-09-30 01:50:11,033 - INFO - compute | 2 | (0.75, 0.65) | 2 | 14 | (45, 13) | 32| 8.399999999999999 | 27.551859476305758 
2021-09-30 01:50:11,087 - INFO - compute | 2 | (0.75, 0.7000000000000001) | 2 | 16 | (99, 13) | 34| 7.6499999999999995 | 29.27487953919359 
2021-09-30 01:50:11,168 - INFO - compute | 2 | (0.75, 0.75) | 2 | 22 | (13, 99) | 34| 6.375 | 29.27487953919359 
2021-09-30 01:50:11,267 - INFO - compute | 2 | (0.75, 0.8) | 2 | 25 | (13, 99) | 34| 5.099999999999997 | 29.27487953919359 
2021-09-30 01:50:11,376 - INFO - compute | 2 | (0.75, 0.8500000000000001) | 2 | 29 | (13, 99) | 34| 3.8249999999999975 | 29.27487953919359 
2021-09-30 01:50:11,541 - INFO - compute | 2 | (0.75, 0.9) | 2 | 34 | (27, 99) | 37| 2.7749999999999986 | 31.884101928374662 
2021-09-30 01:50:11,718 - INFO - compute | 2 | (0.75, 0.9500000000000001) | 2 | 36 | (27, 99) | 37| 1.3874999999999993 | 31.884101928374662 
2021-09-30 01:50:11,938 - INFO - compute | 2 | (0.75, 1.0) | 2 | 42 | (27, 99) | 37| 0.0 | 31.884101928374662 
2021-09-30 01:50:11,955 - INFO - load | 2 | (0.8, 0.0) | 2 | 1 | {53} | 9| 7.2 | 7.745359518045468 
2021-09-30 01:50:11,972 - INFO - load | 2 | (0.8, 0.05) | 2 | 1 | {53} | 9| 6.84 | 7.745359518045468 
2021-09-30 01:50:11,986 - INFO - load | 2 | (0.8, 0.1) | 2 | 1 | {53} | 9| 6.4799999999999995 | 7.745359518045468 
2021-09-30 01:50:12,002 - INFO - load | 2 | (0.8, 0.15000000000000002) | 2 | 1 | {53} | 9| 6.12 | 7.745359518045468 
2021-09-30 01:50:12,017 - INFO - load | 2 | (0.8, 0.2) | 2 | 1 | {53} | 9| 5.76 | 7.745359518045468 
2021-09-30 01:50:12,035 - INFO - load | 2 | (0.8, 0.25) | 2 | 3 | (125, 53) | 14| 8.400000000000002 | 12.044678910315275 
2021-09-30 01:50:12,050 - INFO - load | 2 | (0.8, 0.30000000000000004) | 2 | 3 | (125, 53) | 14| 7.840000000000001 | 12.044678910315275 
2021-09-30 01:50:12,066 - INFO - load | 2 | (0.8, 0.35000000000000003) | 2 | 4 | (125, 53) | 14| 7.28 | 12.044678910315275 
2021-09-30 01:50:12,081 - INFO - load | 2 | (0.8, 0.4) | 2 | 4 | (125, 53) | 14| 6.72 | 12.044678910315275 
2021-09-30 01:50:12,101 - INFO - load | 2 | (0.8, 0.45) | 2 | 5 | (50, 125) | 14| 6.16 | 12.094063500013913 
2021-09-30 01:50:12,126 - INFO - compute | 2 | (0.8, 0.5) | 2 | 7 | (44, 50) | 16| 6.4 | 13.817083562901747 
2021-09-30 01:50:12,175 - INFO - load | 2 | (0.8, 0.55) | 2 | 10 | (44, 45) | 23| 8.28 | 19.822961488159837 
2021-09-30 01:50:12,226 - INFO - load | 2 | (0.8, 0.6000000000000001) | 2 | 14 | (45, 13) | 32| 10.239999999999998 | 27.551859476305758 
2021-09-30 01:50:12,251 - INFO - load | 2 | (0.8, 0.65) | 2 | 16 | (99, 13) | 34| 9.520000000000001 | 29.27487953919359 
2021-09-30 01:50:12,267 - INFO - load | 2 | (0.8, 0.7000000000000001) | 2 | 22 | (13, 99) | 34| 8.16 | 29.27487953919359 
2021-09-30 01:50:12,293 - INFO - load | 2 | (0.8, 0.75) | 2 | 25 | (13, 99) | 34| 6.799999999999999 | 29.27487953919359 
2021-09-30 01:50:12,310 - INFO - load | 2 | (0.8, 0.8) | 2 | 29 | (13, 99) | 34| 5.439999999999998 | 29.27487953919359 
2021-09-30 01:50:12,326 - INFO - load | 2 | (0.8, 0.8500000000000001) | 2 | 34 | (27, 99) | 37| 4.439999999999996 | 31.884101928374662 
2021-09-30 01:50:12,345 - INFO - load | 2 | (0.8, 0.9) | 2 | 36 | (27, 99) | 37| 2.9599999999999986 | 31.884101928374662 
2021-09-30 01:50:12,556 - INFO - compute | 2 | (0.8, 0.9500000000000001) | 2 | 43 | (27, 99) | 37| 1.4799999999999973 | 31.884101928374662 
2021-09-30 01:50:12,825 - INFO - compute | 2 | (0.8, 1.0) | 2 | 49 | (27, 99) | 37| 0.0 | 31.884101928374662 
2021-09-30 01:50:12,839 - INFO - load | 2 | (0.8500000000000001, 0.0) | 2 | 1 | {53} | 9| 7.65 | 7.745359518045468 
2021-09-30 01:50:12,849 - INFO - load | 2 | (0.8500000000000001, 0.05) | 2 | 1 | {53} | 9| 7.267500000000001 | 7.745359518045468 
2021-09-30 01:50:12,866 - INFO - load | 2 | (0.8500000000000001, 0.1) | 2 | 1 | {53} | 9| 6.885000000000002 | 7.745359518045468 
2021-09-30 01:50:12,876 - INFO - load | 2 | (0.8500000000000001, 0.15000000000000002) | 2 | 1 | {53} | 9| 6.5025 | 7.745359518045468 
2021-09-30 01:50:12,893 - INFO - load | 2 | (0.8500000000000001, 0.2) | 2 | 1 | {53} | 9| 6.12 | 7.745359518045468 
2021-09-30 01:50:12,904 - INFO - load | 2 | (0.8500000000000001, 0.25) | 2 | 3 | (125, 53) | 14| 8.925 | 12.044678910315275 
2021-09-30 01:50:12,919 - INFO - load | 2 | (0.8500000000000001, 0.30000000000000004) | 2 | 3 | (125, 53) | 14| 8.33 | 12.044678910315275 
2021-09-30 01:50:12,935 - INFO - load | 2 | (0.8500000000000001, 0.35000000000000003) | 2 | 4 | (125, 53) | 14| 7.734999999999999 | 12.044678910315275 
2021-09-30 01:50:12,945 - INFO - load | 2 | (0.8500000000000001, 0.4) | 2 | 5 | (50, 125) | 14| 7.140000000000001 | 12.094063500013913 
2021-09-30 01:50:12,957 - INFO - load | 2 | (0.8500000000000001, 0.45) | 2 | 6 | (50, 125) | 14| 6.545 | 12.094063500013913 
2021-09-30 01:50:12,971 - INFO - load | 2 | (0.8500000000000001, 0.5) | 2 | 10 | (44, 45) | 23| 9.775 | 19.822961488159837 
2021-09-30 01:50:12,986 - INFO - load | 2 | (0.8500000000000001, 0.55) | 2 | 14 | (45, 13) | 32| 12.24 | 27.551859476305758 
2021-09-30 01:50:13,022 - INFO - compute | 2 | (0.8500000000000001, 0.6000000000000001) | 2 | 15 | (45, 13) | 32| 10.879999999999999 | 27.551859476305758 
2021-09-30 01:50:13,037 - INFO - load | 2 | (0.8500000000000001, 0.65) | 2 | 22 | (13, 99) | 34| 10.115 | 29.27487953919359 
2021-09-30 01:50:13,107 - INFO - compute | 2 | (0.8500000000000001, 0.7000000000000001) | 2 | 24 | (13, 99) | 34| 8.67 | 29.27487953919359 
2021-09-30 01:50:13,123 - INFO - load | 2 | (0.8500000000000001, 0.75) | 2 | 29 | (13, 99) | 34| 7.2250000000000005 | 29.27487953919359 
2021-09-30 01:50:13,137 - INFO - load | 2 | (0.8500000000000001, 0.8) | 2 | 34 | (27, 99) | 37| 6.289999999999997 | 31.884101928374662 
2021-09-30 01:50:13,158 - INFO - load | 2 | (0.8500000000000001, 0.8500000000000001) | 2 | 36 | (27, 99) | 37| 4.717499999999998 | 31.884101928374662 
2021-09-30 01:50:13,374 - INFO - compute | 2 | (0.8500000000000001, 0.9) | 2 | 45 | (27, 99) | 37| 3.1449999999999987 | 31.884101928374662 
2021-09-30 01:50:13,600 - INFO - compute | 2 | (0.8500000000000001, 0.9500000000000001) | 2 | 50 | (27, 99) | 37| 1.5724999999999993 | 31.884101928374662 
2021-09-30 01:50:13,846 - INFO - compute | 2 | (0.8500000000000001, 1.0) | 2 | 53 | (27, 99) | 37| 0.0 | 31.884101928374662 
2021-09-30 01:50:13,858 - INFO - compute | 2 | (0.9, 0.0) | 0 | 1 | {53} | 0| 0.0 | 0 
2021-09-30 01:50:13,873 - INFO - load | 2 | (0.9, 0.05) | 0 | 1 | {53} | 0| 0.0 | 0 
2021-09-30 01:50:13,886 - INFO - load | 2 | (0.9, 0.1) | 0 | 1 | {53} | 0| 0.0 | 0 
2021-09-30 01:50:13,900 - INFO - load | 2 | (0.9, 0.15000000000000002) | 0 | 1 | {53} | 0| 0.0 | 0 
2021-09-30 01:50:13,913 - INFO - compute | 2 | (0.9, 0.2) | 0 | 2 | {125, 53} | 0| 0.0 | 0 
2021-09-30 01:50:13,931 - INFO - compute | 2 | (0.9, 0.25) | 0 | 3 | (125, 53) | 0| 0.0 | 0 
2021-09-30 01:50:13,950 - INFO - load | 2 | (0.9, 0.30000000000000004) | 0 | 3 | (125, 53) | 0| 0.0 | 0 
2021-09-30 01:50:13,968 - INFO - compute | 2 | (0.9, 0.35000000000000003) | 0 | 4 | (125, 143) | 0| 0.0 | 0 
2021-09-30 01:50:13,982 - INFO - compute | 2 | (0.9, 0.4) | 0 | 5 | (143, 125) | 0| 0.0 | 0 
2021-09-30 01:50:13,998 - INFO - compute | 2 | (0.9, 0.45) | 0 | 8 | (183, 125) | 0| 0.0 | 0 
2021-09-30 01:50:14,015 - INFO - compute | 2 | (0.9, 0.5) | 0 | 10 | (183, 125) | 0| 0.0 | 0 
2021-09-30 01:50:14,030 - INFO - compute | 2 | (0.9, 0.55) | 0 | 15 | (183, 125) | 0| 0.0 | 0 
2021-09-30 01:50:14,046 - INFO - compute | 2 | (0.9, 0.6000000000000001) | 0 | 20 | (183, 143) | 0| 0.0 | 0 
2021-09-30 01:50:14,067 - INFO - compute | 2 | (0.9, 0.65) | 0 | 23 | (183, 125) | 0| 0.0 | 0 
2021-09-30 01:50:14,084 - INFO - compute | 2 | (0.9, 0.7000000000000001) | 0 | 29 | (206, 125) | 0| 0.0 | 0 
2021-09-30 01:50:14,099 - INFO - compute | 2 | (0.9, 0.75) | 0 | 34 | (206, 125) | 0| 0.0 | 0 
2021-09-30 01:50:14,115 - INFO - compute | 2 | (0.9, 0.8) | 0 | 36 | (206, 125) | 0| 0.0 | 0 
2021-09-30 01:50:14,134 - INFO - compute | 2 | (0.9, 0.8500000000000001) | 0 | 45 | (215, 125) | 0| 0.0 | 0 
2021-09-30 01:50:14,156 - INFO - compute | 2 | (0.9, 0.9) | 0 | 50 | (215, 125) | 0| 0.0 | 0 
2021-09-30 01:50:14,173 - INFO - compute | 2 | (0.9, 0.9500000000000001) | 0 | 53 | (215, 125) | 0| 0.0 | 0 
2021-09-30 01:50:14,192 - INFO - compute | 2 | (0.9, 1.0) | 0 | 54 | (215, 125) | 0| 0.0 | 0 
2021-09-30 01:50:14,209 - INFO - load | 2 | (0.9500000000000001, 0.0) | 0 | 1 | {53} | 0| 0.0 | 0 
2021-09-30 01:50:14,228 - INFO - load | 2 | (0.9500000000000001, 0.05) | 0 | 1 | {53} | 0| 0.0 | 0 
2021-09-30 01:50:14,245 - INFO - load | 2 | (0.9500000000000001, 0.1) | 0 | 1 | {53} | 0| 0.0 | 0 
2021-09-30 01:50:14,259 - INFO - load | 2 | (0.9500000000000001, 0.15000000000000002) | 0 | 1 | {53} | 0| 0.0 | 0 
2021-09-30 01:50:14,275 - INFO - load | 2 | (0.9500000000000001, 0.2) | 0 | 3 | (125, 53) | 0| 0.0 | 0 
2021-09-30 01:50:14,296 - INFO - load | 2 | (0.9500000000000001, 0.25) | 0 | 3 | (125, 53) | 0| 0.0 | 0 
2021-09-30 01:50:14,314 - INFO - load | 2 | (0.9500000000000001, 0.30000000000000004) | 0 | 4 | (125, 143) | 0| 0.0 | 0 
2021-09-30 01:50:14,335 - INFO - load | 2 | (0.9500000000000001, 0.35000000000000003) | 0 | 5 | (143, 125) | 0| 0.0 | 0 
2021-09-30 01:50:14,355 - INFO - compute | 2 | (0.9500000000000001, 0.4) | 0 | 6 | (183, 125) | 0| 0.0 | 0 
2021-09-30 01:50:14,375 - INFO - load | 2 | (0.9500000000000001, 0.45) | 0 | 10 | (183, 125) | 0| 0.0 | 0 
2021-09-30 01:50:14,390 - INFO - compute | 2 | (0.9500000000000001, 0.5) | 0 | 14 | (183, 125) | 0| 0.0 | 0 
2021-09-30 01:50:14,408 - INFO - compute | 2 | (0.9500000000000001, 0.55) | 0 | 16 | (183, 125) | 0| 0.0 | 0 
2021-09-30 01:50:14,424 - INFO - compute | 2 | (0.9500000000000001, 0.6000000000000001) | 0 | 22 | (183, 125) | 0| 0.0 | 0 
2021-09-30 01:50:14,445 - INFO - compute | 2 | (0.9500000000000001, 0.65) | 0 | 26 | (183, 125) | 0| 0.0 | 0 
2021-09-30 01:50:14,458 - INFO - compute | 2 | (0.9500000000000001, 0.7000000000000001) | 0 | 32 | (206, 125) | 0| 0.0 | 0 
2021-09-30 01:50:14,479 - INFO - load | 2 | (0.9500000000000001, 0.75) | 0 | 36 | (206, 125) | 0| 0.0 | 0 
2021-09-30 01:50:14,496 - INFO - compute | 2 | (0.9500000000000001, 0.8) | 0 | 43 | (215, 125) | 0| 0.0 | 0 
2021-09-30 01:50:14,510 - INFO - load | 2 | (0.9500000000000001, 0.8500000000000001) | 0 | 50 | (215, 125) | 0| 0.0 | 0 
2021-09-30 01:50:14,526 - INFO - load | 2 | (0.9500000000000001, 0.9) | 0 | 53 | (215, 125) | 0| 0.0 | 0 
2021-09-30 01:50:14,541 - INFO - load | 2 | (0.9500000000000001, 0.9500000000000001) | 0 | 54 | (215, 125) | 0| 0.0 | 0 
2021-09-30 01:50:14,558 - INFO - load | 2 | (0.9500000000000001, 1.0) | 0 | 54 | (215, 125) | 0| 0.0 | 0 
2021-09-30 01:50:14,574 - INFO - load | 2 | (1.0, 0.0) | 0 | 1 | {53} | 0| 0.0 | 0 
2021-09-30 01:50:14,588 - INFO - load | 2 | (1.0, 0.05) | 0 | 1 | {53} | 0| 0.0 | 0 
2021-09-30 01:50:14,604 - INFO - load | 2 | (1.0, 0.1) | 0 | 1 | {53} | 0| 0.0 | 0 
2021-09-30 01:50:14,620 - INFO - load | 2 | (1.0, 0.15000000000000002) | 0 | 1 | {53} | 0| 0.0 | 0 
2021-09-30 01:50:14,632 - INFO - load | 2 | (1.0, 0.2) | 0 | 3 | (125, 53) | 0| 0.0 | 0 
2021-09-30 01:50:14,643 - INFO - load | 2 | (1.0, 0.25) | 0 | 3 | (125, 53) | 0| 0.0 | 0 
2021-09-30 01:50:14,656 - INFO - load | 2 | (1.0, 0.30000000000000004) | 0 | 4 | (125, 143) | 0| 0.0 | 0 
2021-09-30 01:50:14,673 - INFO - load | 2 | (1.0, 0.35000000000000003) | 0 | 5 | (143, 125) | 0| 0.0 | 0 
2021-09-30 01:50:14,687 - INFO - compute | 2 | (1.0, 0.4) | 0 | 7 | (183, 125) | 0| 0.0 | 0 
2021-09-30 01:50:14,698 - INFO - load | 2 | (1.0, 0.45) | 0 | 10 | (183, 125) | 0| 0.0 | 0 
2021-09-30 01:50:14,712 - INFO - load | 2 | (1.0, 0.5) | 0 | 15 | (183, 125) | 0| 0.0 | 0 
2021-09-30 01:50:14,726 - INFO - load | 2 | (1.0, 0.55) | 0 | 22 | (183, 125) | 0| 0.0 | 0 
2021-09-30 01:50:14,747 - INFO - compute | 2 | (1.0, 0.6000000000000001) | 0 | 25 | (183, 125) | 0| 0.0 | 0 
2021-09-30 01:50:14,760 - INFO - load | 2 | (1.0, 0.65) | 0 | 29 | (206, 125) | 0| 0.0 | 0 
2021-09-30 01:50:14,780 - INFO - compute | 2 | (1.0, 0.7000000000000001) | 0 | 35 | (206, 125) | 0| 0.0 | 0 
2021-09-30 01:50:14,799 - INFO - compute | 2 | (1.0, 0.75) | 0 | 42 | (215, 125) | 0| 0.0 | 0 
2021-09-30 01:50:14,821 - INFO - compute | 2 | (1.0, 0.8) | 0 | 49 | (215, 125) | 0| 0.0 | 0 
2021-09-30 01:50:14,838 - INFO - load | 2 | (1.0, 0.8500000000000001) | 0 | 53 | (215, 125) | 0| 0.0 | 0 
2021-09-30 01:50:14,856 - INFO - load | 2 | (1.0, 0.9) | 0 | 54 | (215, 125) | 0| 0.0 | 0 
2021-09-30 01:50:14,870 - INFO - load | 2 | (1.0, 0.9500000000000001) | 0 | 54 | (215, 125) | 0| 0.0 | 0 
2021-09-30 01:50:14,887 - INFO - load | 2 | (1.0, 1.0) | 0 | 54 | (215, 125) | 0| 0.0 | 0 
