2021-09-13 02:32:29,170 - INFO - Namespace(beta_paras='3,6,6,3', budget_list='3', did='d1', grain_list_p='10', grain_list_pq='10+10', grain_list_q='10', method='brute', percent_R='0.25', percent_S='0.25', seed='32', version='v09130232')
2021-09-13 02:32:29,184 - INFO - Finish random requester set R and supplier set S 
                             percent_R=0.25, num_R=55, len_R=55 
                             percent_S=0.25, num_S=55, len_S=54
2021-09-13 02:32:29,184 - INFO - Finish random valuations using v_beta_paras for R and costs using c_beta_paras for S
2021-09-13 02:32:30,179 - INFO - load: budget=3, scheme=(0.0,0.30000000000000004), result=({17, 172, 109}, 1279) 
 tilderR(55)={0, 130, 2, 133, 6, 134, 5, 9, 138, 136, 12, 14, 142, 145, 19, 20, 153, 25, 28, 30, 32, 37, 40, 41, 42, 176, 178, 51, 181, 54, 184, 58, 187, 60, 188, 192, 193, 73, 76, 77, 207, 79, 83, 84, 85, 90, 94, 110, 112, 114, 119, 120, 124, 126, 127}, 
 tilderS(3)={17, 172, 109})
2021-09-13 02:32:30,179 - INFO - load: budget=3, scheme=(0.0,0.4), result=({17, 172, 109}, 1279) 
 tilderR(55)={0, 130, 2, 133, 6, 134, 5, 9, 138, 136, 12, 14, 142, 145, 19, 20, 153, 25, 28, 30, 32, 37, 40, 41, 42, 176, 178, 51, 181, 54, 184, 58, 187, 60, 188, 192, 193, 73, 76, 77, 207, 79, 83, 84, 85, 90, 94, 110, 112, 114, 119, 120, 124, 126, 127}, 
 tilderS(3)={17, 172, 109})
2021-09-13 02:32:30,751 - INFO - compute: budget=3, scheme=(0.0,0.5), result=((172, 205, 49), 1646) 
 tilderR(55)={0, 130, 2, 133, 6, 134, 5, 9, 138, 136, 12, 14, 142, 145, 19, 20, 153, 25, 28, 30, 32, 37, 40, 41, 42, 176, 178, 51, 181, 54, 184, 58, 187, 60, 188, 192, 193, 73, 76, 77, 207, 79, 83, 84, 85, 90, 94, 110, 112, 114, 119, 120, 124, 126, 127}, 
 tilderS(11)={161, 74, 172, 109, 205, 17, 49, 146, 151, 185, 154})
2021-09-13 02:32:30,752 - INFO - load: budget=3, scheme=(0.0,0.6000000000000001), result=((167, 169, 49), 1895) 
 tilderR(55)={0, 130, 2, 133, 6, 134, 5, 9, 138, 136, 12, 14, 142, 145, 19, 20, 153, 25, 28, 30, 32, 37, 40, 41, 42, 176, 178, 51, 181, 54, 184, 58, 187, 60, 188, 192, 193, 73, 76, 77, 207, 79, 83, 84, 85, 90, 94, 110, 112, 114, 119, 120, 124, 126, 127}, 
 tilderS(18)={161, 65, 167, 169, 74, 202, 172, 109, 205, 175, 17, 49, 146, 151, 185, 154, 156, 31})
2021-09-13 02:32:49,940 - INFO - compute: budget=3, scheme=(0.0,0.7000000000000001), result=((169, 49, 125), 1942) 
 tilderR(55)={0, 130, 2, 133, 6, 134, 5, 9, 138, 136, 12, 14, 142, 145, 19, 20, 153, 25, 28, 30, 32, 37, 40, 41, 42, 176, 178, 51, 181, 54, 184, 58, 187, 60, 188, 192, 193, 73, 76, 77, 207, 79, 83, 84, 85, 90, 94, 110, 112, 114, 119, 120, 124, 126, 127}, 
 tilderS(33)={15, 17, 146, 147, 23, 151, 154, 156, 29, 31, 161, 33, 167, 169, 170, 172, 174, 175, 48, 49, 185, 189, 65, 66, 74, 203, 202, 205, 213, 214, 92, 109, 125})
2021-09-13 02:32:49,941 - INFO - load: budget=3, scheme=(0.0,0.8), result=((1, 150, 61), 2242) 
 tilderR(55)={0, 130, 2, 133, 6, 134, 5, 9, 138, 136, 12, 14, 142, 145, 19, 20, 153, 25, 28, 30, 32, 37, 40, 41, 42, 176, 178, 51, 181, 54, 184, 58, 187, 60, 188, 192, 193, 73, 76, 77, 207, 79, 83, 84, 85, 90, 94, 110, 112, 114, 119, 120, 124, 126, 127}, 
 tilderS(47)={1, 132, 8, 15, 17, 146, 147, 21, 150, 23, 151, 24, 154, 156, 29, 31, 161, 33, 167, 169, 170, 172, 173, 174, 175, 48, 49, 47, 185, 189, 61, 65, 66, 67, 74, 203, 202, 205, 208, 210, 213, 214, 92, 98, 109, 122, 125})
2021-09-13 02:34:14,054 - INFO - compute: budget=3, scheme=(0.0,0.9), result=((1, 150, 149), 2302) 
 tilderR(55)={0, 130, 2, 133, 6, 134, 5, 9, 138, 136, 12, 14, 142, 145, 19, 20, 153, 25, 28, 30, 32, 37, 40, 41, 42, 176, 178, 51, 181, 54, 184, 58, 187, 60, 188, 192, 193, 73, 76, 77, 207, 79, 83, 84, 85, 90, 94, 110, 112, 114, 119, 120, 124, 126, 127}, 
 tilderS(53)={1, 132, 8, 15, 17, 146, 147, 21, 150, 23, 151, 149, 154, 24, 156, 29, 31, 161, 33, 167, 168, 169, 170, 172, 173, 46, 174, 175, 49, 48, 47, 185, 189, 62, 191, 61, 65, 66, 67, 74, 203, 202, 205, 208, 210, 213, 214, 92, 98, 102, 109, 122, 125})
2021-09-13 02:34:14,055 - INFO - load: budget=3, scheme=(0.0,1.0), result=((1, 150, 149), 2302) 
 tilderR(55)={0, 130, 2, 133, 6, 134, 5, 9, 138, 136, 12, 14, 142, 145, 19, 20, 153, 25, 28, 30, 32, 37, 40, 41, 42, 176, 178, 51, 181, 54, 184, 58, 187, 60, 188, 192, 193, 73, 76, 77, 207, 79, 83, 84, 85, 90, 94, 110, 112, 114, 119, 120, 124, 126, 127}, 
 tilderS(54)={1, 132, 8, 15, 17, 146, 147, 21, 150, 23, 151, 149, 154, 24, 156, 29, 31, 161, 33, 167, 168, 169, 170, 172, 173, 46, 174, 175, 49, 48, 179, 47, 185, 189, 62, 191, 61, 65, 66, 67, 74, 203, 202, 205, 208, 210, 213, 214, 92, 98, 102, 109, 122, 125})
2021-09-13 02:34:14,058 - INFO - compute: budget=3, scheme=(0.1,0.30000000000000004), result=({17, 172, 109}, 1207) 
 tilderR(52)={0, 130, 2, 133, 6, 134, 5, 9, 138, 136, 12, 14, 142, 145, 19, 20, 153, 25, 30, 32, 37, 40, 41, 42, 176, 178, 51, 54, 184, 58, 187, 60, 188, 192, 193, 73, 76, 77, 207, 79, 83, 84, 85, 90, 94, 110, 112, 114, 119, 124, 126, 127}, 
 tilderS(3)={17, 172, 109})
2021-09-13 02:34:14,059 - INFO - load: budget=3, scheme=(0.1,0.4), result=({17, 172, 109}, 1207) 
 tilderR(52)={0, 130, 2, 133, 6, 134, 5, 9, 138, 136, 12, 14, 142, 145, 19, 20, 153, 25, 30, 32, 37, 40, 41, 42, 176, 178, 51, 54, 184, 58, 187, 60, 188, 192, 193, 73, 76, 77, 207, 79, 83, 84, 85, 90, 94, 110, 112, 114, 119, 124, 126, 127}, 
 tilderS(3)={17, 172, 109})
2021-09-13 02:34:14,598 - INFO - compute: budget=3, scheme=(0.1,0.5), result=((172, 205, 49), 1551) 
 tilderR(52)={0, 130, 2, 133, 6, 134, 5, 9, 138, 136, 12, 14, 142, 145, 19, 20, 153, 25, 30, 32, 37, 40, 41, 42, 176, 178, 51, 54, 184, 58, 187, 60, 188, 192, 193, 73, 76, 77, 207, 79, 83, 84, 85, 90, 94, 110, 112, 114, 119, 124, 126, 127}, 
 tilderS(11)={161, 74, 172, 109, 205, 17, 49, 146, 151, 185, 154})
2021-09-13 02:34:17,290 - INFO - compute: budget=3, scheme=(0.1,0.6000000000000001), result=((167, 169, 49), 1778) 
 tilderR(52)={0, 130, 2, 133, 6, 134, 5, 9, 138, 136, 12, 14, 142, 145, 19, 20, 153, 25, 30, 32, 37, 40, 41, 42, 176, 178, 51, 54, 184, 58, 187, 60, 188, 192, 193, 73, 76, 77, 207, 79, 83, 84, 85, 90, 94, 110, 112, 114, 119, 124, 126, 127}, 
 tilderS(18)={161, 65, 167, 169, 74, 202, 172, 109, 205, 175, 17, 49, 146, 151, 185, 154, 156, 31})
2021-09-13 02:34:35,862 - INFO - compute: budget=3, scheme=(0.1,0.7000000000000001), result=((169, 49, 125), 1837) 
 tilderR(52)={0, 130, 2, 133, 6, 134, 5, 9, 138, 136, 12, 14, 142, 145, 19, 20, 153, 25, 30, 32, 37, 40, 41, 42, 176, 178, 51, 54, 184, 58, 187, 60, 188, 192, 193, 73, 76, 77, 207, 79, 83, 84, 85, 90, 94, 110, 112, 114, 119, 124, 126, 127}, 
 tilderS(33)={15, 17, 146, 147, 23, 151, 154, 156, 29, 31, 161, 33, 167, 169, 170, 172, 174, 175, 48, 49, 185, 189, 65, 66, 74, 203, 202, 205, 213, 214, 92, 109, 125})
2021-09-13 02:35:30,103 - INFO - compute: budget=3, scheme=(0.1,0.8), result=((1, 150, 125), 2113) 
 tilderR(52)={0, 130, 2, 133, 6, 134, 5, 9, 138, 136, 12, 14, 142, 145, 19, 20, 153, 25, 30, 32, 37, 40, 41, 42, 176, 178, 51, 54, 184, 58, 187, 60, 188, 192, 193, 73, 76, 77, 207, 79, 83, 84, 85, 90, 94, 110, 112, 114, 119, 124, 126, 127}, 
 tilderS(47)={1, 132, 8, 15, 17, 146, 147, 21, 150, 23, 151, 24, 154, 156, 29, 31, 161, 33, 167, 169, 170, 172, 173, 174, 175, 48, 49, 47, 185, 189, 61, 65, 66, 67, 74, 203, 202, 205, 208, 210, 213, 214, 92, 98, 109, 122, 125})
2021-09-13 02:36:48,470 - INFO - compute: budget=3, scheme=(0.1,0.9), result=((1, 150, 149), 2167) 
 tilderR(52)={0, 130, 2, 133, 6, 134, 5, 9, 138, 136, 12, 14, 142, 145, 19, 20, 153, 25, 30, 32, 37, 40, 41, 42, 176, 178, 51, 54, 184, 58, 187, 60, 188, 192, 193, 73, 76, 77, 207, 79, 83, 84, 85, 90, 94, 110, 112, 114, 119, 124, 126, 127}, 
 tilderS(53)={1, 132, 8, 15, 17, 146, 147, 21, 150, 23, 151, 149, 154, 24, 156, 29, 31, 161, 33, 167, 168, 169, 170, 172, 173, 46, 174, 175, 49, 48, 47, 185, 189, 62, 191, 61, 65, 66, 67, 74, 203, 202, 205, 208, 210, 213, 214, 92, 98, 102, 109, 122, 125})
2021-09-13 02:38:12,138 - INFO - compute: budget=3, scheme=(0.1,1.0), result=((1, 150, 149), 2167) 
 tilderR(52)={0, 130, 2, 133, 6, 134, 5, 9, 138, 136, 12, 14, 142, 145, 19, 20, 153, 25, 30, 32, 37, 40, 41, 42, 176, 178, 51, 54, 184, 58, 187, 60, 188, 192, 193, 73, 76, 77, 207, 79, 83, 84, 85, 90, 94, 110, 112, 114, 119, 124, 126, 127}, 
 tilderS(54)={1, 132, 8, 15, 17, 146, 147, 21, 150, 23, 151, 149, 154, 24, 156, 29, 31, 161, 33, 167, 168, 169, 170, 172, 173, 46, 174, 175, 49, 48, 179, 47, 185, 189, 62, 191, 61, 65, 66, 67, 74, 203, 202, 205, 208, 210, 213, 214, 92, 98, 102, 109, 122, 125})
2021-09-13 02:38:12,139 - INFO - load: budget=3, scheme=(0.2,0.30000000000000004), result=({17, 172, 109}, 1069) 
 tilderR(45)={0, 130, 2, 133, 134, 5, 136, 9, 138, 12, 142, 145, 19, 20, 153, 25, 30, 32, 37, 41, 42, 176, 178, 51, 54, 58, 187, 60, 188, 192, 193, 76, 207, 79, 83, 84, 85, 90, 94, 112, 114, 119, 124, 126, 127}, 
 tilderS(3)={17, 172, 109})
2021-09-13 02:38:12,139 - INFO - load: budget=3, scheme=(0.2,0.4), result=({17, 172, 109}, 1069) 
 tilderR(45)={0, 130, 2, 133, 134, 5, 136, 9, 138, 12, 142, 145, 19, 20, 153, 25, 30, 32, 37, 41, 42, 176, 178, 51, 54, 58, 187, 60, 188, 192, 193, 76, 207, 79, 83, 84, 85, 90, 94, 112, 114, 119, 124, 126, 127}, 
 tilderS(3)={17, 172, 109})
2021-09-13 02:38:12,589 - INFO - compute: budget=3, scheme=(0.2,0.5), result=((172, 205, 49), 1357) 
 tilderR(45)={0, 130, 2, 133, 134, 5, 136, 9, 138, 12, 142, 145, 19, 20, 153, 25, 30, 32, 37, 41, 42, 176, 178, 51, 54, 58, 187, 60, 188, 192, 193, 76, 207, 79, 83, 84, 85, 90, 94, 112, 114, 119, 124, 126, 127}, 
 tilderS(11)={161, 74, 172, 109, 205, 17, 49, 146, 151, 185, 154})
2021-09-13 02:38:12,589 - INFO - load: budget=3, scheme=(0.2,0.6000000000000001), result=((167, 169, 49), 1549) 
 tilderR(45)={0, 130, 2, 133, 134, 5, 136, 9, 138, 12, 142, 145, 19, 20, 153, 25, 30, 32, 37, 41, 42, 176, 178, 51, 54, 58, 187, 60, 188, 192, 193, 76, 207, 79, 83, 84, 85, 90, 94, 112, 114, 119, 124, 126, 127}, 
 tilderS(18)={161, 65, 167, 169, 74, 202, 172, 109, 205, 175, 17, 49, 146, 151, 185, 154, 156, 31})
2021-09-13 02:38:27,654 - INFO - compute: budget=3, scheme=(0.2,0.7000000000000001), result=((169, 49, 125), 1596) 
 tilderR(45)={0, 130, 2, 133, 134, 5, 136, 9, 138, 12, 142, 145, 19, 20, 153, 25, 30, 32, 37, 41, 42, 176, 178, 51, 54, 58, 187, 60, 188, 192, 193, 76, 207, 79, 83, 84, 85, 90, 94, 112, 114, 119, 124, 126, 127}, 
 tilderS(33)={15, 17, 146, 147, 23, 151, 154, 156, 29, 31, 161, 33, 167, 169, 170, 172, 174, 175, 48, 49, 185, 189, 65, 66, 74, 203, 202, 205, 213, 214, 92, 109, 125})
2021-09-13 02:38:27,654 - INFO - load: budget=3, scheme=(0.2,0.8), result=((1, 150, 61), 1856) 
 tilderR(45)={0, 130, 2, 133, 134, 5, 136, 9, 138, 12, 142, 145, 19, 20, 153, 25, 30, 32, 37, 41, 42, 176, 178, 51, 54, 58, 187, 60, 188, 192, 193, 76, 207, 79, 83, 84, 85, 90, 94, 112, 114, 119, 124, 126, 127}, 
 tilderS(47)={1, 132, 8, 15, 17, 146, 147, 21, 150, 23, 151, 24, 154, 156, 29, 31, 161, 33, 167, 169, 170, 172, 173, 174, 175, 48, 49, 47, 185, 189, 61, 65, 66, 67, 74, 203, 202, 205, 208, 210, 213, 214, 92, 98, 109, 122, 125})
2021-09-13 02:39:33,629 - INFO - compute: budget=3, scheme=(0.2,0.9), result=((150, 149, 49), 1910) 
 tilderR(45)={0, 130, 2, 133, 134, 5, 136, 9, 138, 12, 142, 145, 19, 20, 153, 25, 30, 32, 37, 41, 42, 176, 178, 51, 54, 58, 187, 60, 188, 192, 193, 76, 207, 79, 83, 84, 85, 90, 94, 112, 114, 119, 124, 126, 127}, 
 tilderS(53)={1, 132, 8, 15, 17, 146, 147, 21, 150, 23, 151, 149, 154, 24, 156, 29, 31, 161, 33, 167, 168, 169, 170, 172, 173, 46, 174, 175, 49, 48, 47, 185, 189, 62, 191, 61, 65, 66, 67, 74, 203, 202, 205, 208, 210, 213, 214, 92, 98, 102, 109, 122, 125})
2021-09-13 02:39:33,629 - INFO - load: budget=3, scheme=(0.2,1.0), result=((150, 149, 49), 1910) 
 tilderR(45)={0, 130, 2, 133, 134, 5, 136, 9, 138, 12, 142, 145, 19, 20, 153, 25, 30, 32, 37, 41, 42, 176, 178, 51, 54, 58, 187, 60, 188, 192, 193, 76, 207, 79, 83, 84, 85, 90, 94, 112, 114, 119, 124, 126, 127}, 
 tilderS(54)={1, 132, 8, 15, 17, 146, 147, 21, 150, 23, 151, 149, 154, 24, 156, 29, 31, 161, 33, 167, 168, 169, 170, 172, 173, 46, 174, 175, 49, 48, 179, 47, 185, 189, 62, 191, 61, 65, 66, 67, 74, 203, 202, 205, 208, 210, 213, 214, 92, 98, 102, 109, 122, 125})
2021-09-13 02:39:33,631 - INFO - compute: budget=3, scheme=(0.30000000000000004,0.30000000000000004), result=({17, 172, 109}, 693) 
 tilderR(28)={0, 2, 133, 134, 136, 138, 145, 30, 37, 41, 51, 54, 58, 188, 192, 193, 76, 207, 79, 83, 84, 85, 90, 94, 112, 114, 124, 126}, 
 tilderS(3)={17, 172, 109})
2021-09-13 02:39:33,631 - INFO - load: budget=3, scheme=(0.30000000000000004,0.4), result=({17, 172, 109}, 693) 
 tilderR(28)={0, 2, 133, 134, 136, 138, 145, 30, 37, 41, 51, 54, 58, 188, 192, 193, 76, 207, 79, 83, 84, 85, 90, 94, 112, 114, 124, 126}, 
 tilderS(3)={17, 172, 109})
2021-09-13 02:39:33,914 - INFO - compute: budget=3, scheme=(0.30000000000000004,0.5), result=((172, 205, 49), 902) 
 tilderR(28)={0, 2, 133, 134, 136, 138, 145, 30, 37, 41, 51, 54, 58, 188, 192, 193, 76, 207, 79, 83, 84, 85, 90, 94, 112, 114, 124, 126}, 
 tilderS(11)={161, 74, 172, 109, 205, 17, 49, 146, 151, 185, 154})
2021-09-13 02:39:35,311 - INFO - compute: budget=3, scheme=(0.30000000000000004,0.6000000000000001), result=((167, 169, 49), 1026) 
 tilderR(28)={0, 2, 133, 134, 136, 138, 145, 30, 37, 41, 51, 54, 58, 188, 192, 193, 76, 207, 79, 83, 84, 85, 90, 94, 112, 114, 124, 126}, 
 tilderS(18)={161, 65, 167, 169, 74, 202, 172, 109, 205, 175, 17, 49, 146, 151, 185, 154, 156, 31})
2021-09-13 02:39:44,894 - INFO - compute: budget=3, scheme=(0.30000000000000004,0.7000000000000001), result=((169, 49, 125), 1038) 
 tilderR(28)={0, 2, 133, 134, 136, 138, 145, 30, 37, 41, 51, 54, 58, 188, 192, 193, 76, 207, 79, 83, 84, 85, 90, 94, 112, 114, 124, 126}, 
 tilderS(33)={15, 17, 146, 147, 23, 151, 154, 156, 29, 31, 161, 33, 167, 169, 170, 172, 174, 175, 48, 49, 185, 189, 65, 66, 74, 203, 202, 205, 213, 214, 92, 109, 125})
2021-09-13 02:40:14,204 - INFO - compute: budget=3, scheme=(0.30000000000000004,0.8), result=((150, 49, 205), 1156) 
 tilderR(28)={0, 2, 133, 134, 136, 138, 145, 30, 37, 41, 51, 54, 58, 188, 192, 193, 76, 207, 79, 83, 84, 85, 90, 94, 112, 114, 124, 126}, 
 tilderS(47)={1, 132, 8, 15, 17, 146, 147, 21, 150, 23, 151, 24, 154, 156, 29, 31, 161, 33, 167, 169, 170, 172, 173, 174, 175, 48, 49, 47, 185, 189, 61, 65, 66, 67, 74, 203, 202, 205, 208, 210, 213, 214, 92, 98, 109, 122, 125})
2021-09-13 02:40:57,917 - INFO - compute: budget=3, scheme=(0.30000000000000004,0.9), result=((150, 149, 49), 1175) 
 tilderR(28)={0, 2, 133, 134, 136, 138, 145, 30, 37, 41, 51, 54, 58, 188, 192, 193, 76, 207, 79, 83, 84, 85, 90, 94, 112, 114, 124, 126}, 
 tilderS(53)={1, 132, 8, 15, 17, 146, 147, 21, 150, 23, 151, 149, 154, 24, 156, 29, 31, 161, 33, 167, 168, 169, 170, 172, 173, 46, 174, 175, 49, 48, 47, 185, 189, 62, 191, 61, 65, 66, 67, 74, 203, 202, 205, 208, 210, 213, 214, 92, 98, 102, 109, 122, 125})
2021-09-13 02:41:41,708 - INFO - compute: budget=3, scheme=(0.30000000000000004,1.0), result=((150, 149, 49), 1175) 
 tilderR(28)={0, 2, 133, 134, 136, 138, 145, 30, 37, 41, 51, 54, 58, 188, 192, 193, 76, 207, 79, 83, 84, 85, 90, 94, 112, 114, 124, 126}, 
 tilderS(54)={1, 132, 8, 15, 17, 146, 147, 21, 150, 23, 151, 149, 154, 24, 156, 29, 31, 161, 33, 167, 168, 169, 170, 172, 173, 46, 174, 175, 49, 48, 179, 47, 185, 189, 62, 191, 61, 65, 66, 67, 74, 203, 202, 205, 208, 210, 213, 214, 92, 98, 102, 109, 122, 125})
2021-09-13 02:41:41,708 - INFO - load: budget=3, scheme=(0.4,0.30000000000000004), result=({17, 172, 109}, 470) 
 tilderR(18)={0, 193, 192, 58, 133, 134, 207, 112, 79, 188, 83, 114, 85, 145, 30, 90, 124, 94}, 
 tilderS(3)={17, 172, 109})
2021-09-13 02:41:41,708 - INFO - load: budget=3, scheme=(0.4,0.4), result=({17, 172, 109}, 470) 
 tilderR(18)={0, 193, 192, 58, 133, 134, 207, 112, 79, 188, 83, 114, 85, 145, 30, 90, 124, 94}, 
 tilderS(3)={17, 172, 109})
2021-09-13 02:41:41,886 - INFO - compute: budget=3, scheme=(0.4,0.5), result=((172, 205, 49), 620) 
 tilderR(18)={0, 193, 192, 58, 133, 134, 207, 112, 79, 188, 83, 114, 85, 145, 30, 90, 124, 94}, 
 tilderS(11)={161, 74, 172, 109, 205, 17, 49, 146, 151, 185, 154})
2021-09-13 02:41:41,887 - INFO - load: budget=3, scheme=(0.4,0.6000000000000001), result=((169, 205, 49), 695) 
 tilderR(18)={0, 193, 192, 58, 133, 134, 207, 112, 79, 188, 83, 114, 85, 145, 30, 90, 124, 94}, 
 tilderS(18)={161, 65, 167, 169, 74, 202, 172, 109, 205, 175, 17, 49, 146, 151, 185, 154, 156, 31})
2021-09-13 02:41:48,058 - INFO - compute: budget=3, scheme=(0.4,0.7000000000000001), result=((49, 205, 125), 706) 
 tilderR(18)={0, 193, 192, 58, 133, 134, 207, 112, 79, 188, 83, 114, 85, 145, 30, 90, 124, 94}, 
 tilderS(33)={15, 17, 146, 147, 23, 151, 154, 156, 29, 31, 161, 33, 167, 169, 170, 172, 174, 175, 48, 49, 185, 189, 65, 66, 74, 203, 202, 205, 213, 214, 92, 109, 125})
2021-09-13 02:41:48,059 - INFO - load: budget=3, scheme=(0.4,0.8), result=((150, 49, 205), 781) 
 tilderR(18)={0, 193, 192, 58, 133, 134, 207, 112, 79, 188, 83, 114, 85, 145, 30, 90, 124, 94}, 
 tilderS(47)={1, 132, 8, 15, 17, 146, 147, 21, 150, 23, 151, 24, 154, 156, 29, 31, 161, 33, 167, 169, 170, 172, 173, 174, 175, 48, 49, 47, 185, 189, 61, 65, 66, 67, 74, 203, 202, 205, 208, 210, 213, 214, 92, 98, 109, 122, 125})
2021-09-13 02:42:15,154 - INFO - compute: budget=3, scheme=(0.4,0.9), result=((150, 149, 49), 783) 
 tilderR(18)={0, 193, 192, 58, 133, 134, 207, 112, 79, 188, 83, 114, 85, 145, 30, 90, 124, 94}, 
 tilderS(53)={1, 132, 8, 15, 17, 146, 147, 21, 150, 23, 151, 149, 154, 24, 156, 29, 31, 161, 33, 167, 168, 169, 170, 172, 173, 46, 174, 175, 49, 48, 47, 185, 189, 62, 191, 61, 65, 66, 67, 74, 203, 202, 205, 208, 210, 213, 214, 92, 98, 102, 109, 122, 125})
2021-09-13 02:42:15,154 - INFO - load: budget=3, scheme=(0.4,1.0), result=((150, 149, 49), 783) 
 tilderR(18)={0, 193, 192, 58, 133, 134, 207, 112, 79, 188, 83, 114, 85, 145, 30, 90, 124, 94}, 
 tilderS(54)={1, 132, 8, 15, 17, 146, 147, 21, 150, 23, 151, 149, 154, 24, 156, 29, 31, 161, 33, 167, 168, 169, 170, 172, 173, 46, 174, 175, 49, 48, 179, 47, 185, 189, 62, 191, 61, 65, 66, 67, 74, 203, 202, 205, 208, 210, 213, 214, 92, 98, 102, 109, 122, 125})
2021-09-13 02:42:15,155 - INFO - compute: budget=3, scheme=(0.5,0.30000000000000004), result=({17, 172, 109}, 173) 
 tilderR(7)={0, 133, 145, 114, 85, 58, 94}, 
 tilderS(3)={17, 172, 109})
2021-09-13 02:42:15,155 - INFO - load: budget=3, scheme=(0.5,0.4), result=({17, 172, 109}, 173) 
 tilderR(7)={0, 133, 145, 114, 85, 58, 94}, 
 tilderS(3)={17, 172, 109})
2021-09-13 02:42:15,225 - INFO - compute: budget=3, scheme=(0.5,0.5), result=((172, 205, 49), 229) 
 tilderR(7)={0, 133, 145, 114, 85, 58, 94}, 
 tilderS(11)={161, 74, 172, 109, 205, 17, 49, 146, 151, 185, 154})
2021-09-13 02:42:15,586 - INFO - compute: budget=3, scheme=(0.5,0.6000000000000001), result=((167, 205, 49), 255) 
 tilderR(7)={0, 133, 145, 114, 85, 58, 94}, 
 tilderS(18)={161, 65, 167, 169, 74, 202, 172, 109, 205, 175, 17, 49, 146, 151, 185, 154, 156, 31})
2021-09-13 02:42:17,968 - INFO - compute: budget=3, scheme=(0.5,0.7000000000000001), result=((167, 49, 205), 255) 
 tilderR(7)={0, 133, 145, 114, 85, 58, 94}, 
 tilderS(33)={15, 17, 146, 147, 23, 151, 154, 156, 29, 31, 161, 33, 167, 169, 170, 172, 174, 175, 48, 49, 185, 189, 65, 66, 74, 203, 202, 205, 213, 214, 92, 109, 125})
2021-09-13 02:42:25,972 - INFO - compute: budget=3, scheme=(0.5,0.8), result=((150, 49, 205), 283) 
 tilderR(7)={0, 133, 145, 114, 85, 58, 94}, 
 tilderS(47)={1, 132, 8, 15, 17, 146, 147, 21, 150, 23, 151, 24, 154, 156, 29, 31, 161, 33, 167, 169, 170, 172, 173, 174, 175, 48, 49, 47, 185, 189, 61, 65, 66, 67, 74, 203, 202, 205, 208, 210, 213, 214, 92, 98, 109, 122, 125})
2021-09-13 02:42:36,189 - INFO - compute: budget=3, scheme=(0.5,0.9), result=((150, 49, 205), 283) 
 tilderR(7)={0, 133, 145, 114, 85, 58, 94}, 
 tilderS(53)={1, 132, 8, 15, 17, 146, 147, 21, 150, 23, 151, 149, 154, 24, 156, 29, 31, 161, 33, 167, 168, 169, 170, 172, 173, 46, 174, 175, 49, 48, 47, 185, 189, 62, 191, 61, 65, 66, 67, 74, 203, 202, 205, 208, 210, 213, 214, 92, 98, 102, 109, 122, 125})
2021-09-13 02:42:47,753 - INFO - compute: budget=3, scheme=(0.5,1.0), result=((150, 49, 205), 283) 
 tilderR(7)={0, 133, 145, 114, 85, 58, 94}, 
 tilderS(54)={1, 132, 8, 15, 17, 146, 147, 21, 150, 23, 151, 149, 154, 24, 156, 29, 31, 161, 33, 167, 168, 169, 170, 172, 173, 46, 174, 175, 49, 48, 179, 47, 185, 189, 62, 191, 61, 65, 66, 67, 74, 203, 202, 205, 208, 210, 213, 214, 92, 98, 102, 109, 122, 125})
2021-09-13 02:42:47,753 - INFO - load: budget=3, scheme=(0.6000000000000001,0.30000000000000004), result=({17, 172, 109}, 23) 
 tilderR(1)={133}, 
 tilderS(3)={17, 172, 109})
2021-09-13 02:42:47,753 - INFO - load: budget=3, scheme=(0.6000000000000001,0.4), result=({17, 172, 109}, 23) 
 tilderR(1)={133}, 
 tilderS(3)={17, 172, 109})
2021-09-13 02:42:47,764 - INFO - compute: budget=3, scheme=(0.6000000000000001,0.5), result=((205, 49, 146), 43) 
 tilderR(1)={133}, 
 tilderS(11)={161, 74, 172, 109, 205, 17, 49, 146, 151, 185, 154})
2021-09-13 02:42:47,764 - INFO - load: budget=3, scheme=(0.6000000000000001,0.6000000000000001), result=((169, 205, 49), 49) 
 tilderR(1)={133}, 
 tilderS(18)={161, 65, 167, 169, 74, 202, 172, 109, 205, 175, 17, 49, 146, 151, 185, 154, 156, 31})
2021-09-13 02:42:48,105 - INFO - compute: budget=3, scheme=(0.6000000000000001,0.7000000000000001), result=((169, 49, 205), 49) 
 tilderR(1)={133}, 
 tilderS(33)={15, 17, 146, 147, 23, 151, 154, 156, 29, 31, 161, 33, 167, 169, 170, 172, 174, 175, 48, 49, 185, 189, 65, 66, 74, 203, 202, 205, 213, 214, 92, 109, 125})
2021-09-13 02:42:48,105 - INFO - load: budget=3, scheme=(0.6000000000000001,0.8), result=((1, 169, 49), 51) 
 tilderR(1)={133}, 
 tilderS(47)={1, 132, 8, 15, 17, 146, 147, 21, 150, 23, 151, 24, 154, 156, 29, 31, 161, 33, 167, 169, 170, 172, 173, 174, 175, 48, 49, 47, 185, 189, 61, 65, 66, 67, 74, 203, 202, 205, 208, 210, 213, 214, 92, 98, 109, 122, 125})
2021-09-13 02:42:49,629 - INFO - compute: budget=3, scheme=(0.6000000000000001,0.9), result=((1, 46, 49), 53) 
 tilderR(1)={133}, 
 tilderS(53)={1, 132, 8, 15, 17, 146, 147, 21, 150, 23, 151, 149, 154, 24, 156, 29, 31, 161, 33, 167, 168, 169, 170, 172, 173, 46, 174, 175, 49, 48, 47, 185, 189, 62, 191, 61, 65, 66, 67, 74, 203, 202, 205, 208, 210, 213, 214, 92, 98, 102, 109, 122, 125})
2021-09-13 02:42:49,629 - INFO - load: budget=3, scheme=(0.6000000000000001,1.0), result=((1, 46, 49), 53) 
 tilderR(1)={133}, 
 tilderS(54)={1, 132, 8, 15, 17, 146, 147, 21, 150, 23, 151, 149, 154, 24, 156, 29, 31, 161, 33, 167, 168, 169, 170, 172, 173, 46, 174, 175, 49, 48, 179, 47, 185, 189, 62, 191, 61, 65, 66, 67, 74, 203, 202, 205, 208, 210, 213, 214, 92, 98, 102, 109, 122, 125})
2021-09-13 02:42:49,629 - INFO - load: budget=3, scheme=(0.7000000000000001,0.30000000000000004), result=({17, 172, 109}, 23) 
 tilderR(1)={133}, 
 tilderS(3)={17, 172, 109})
2021-09-13 02:42:49,629 - INFO - load: budget=3, scheme=(0.7000000000000001,0.4), result=({17, 172, 109}, 23) 
 tilderR(1)={133}, 
 tilderS(3)={17, 172, 109})
2021-09-13 02:42:49,629 - INFO - load: budget=3, scheme=(0.7000000000000001,0.5), result=((205, 49, 146), 43) 
 tilderR(1)={133}, 
 tilderS(11)={161, 74, 172, 109, 205, 17, 49, 146, 151, 185, 154})
2021-09-13 02:42:49,629 - INFO - load: budget=3, scheme=(0.7000000000000001,0.6000000000000001), result=((169, 205, 49), 49) 
 tilderR(1)={133}, 
 tilderS(18)={161, 65, 167, 169, 74, 202, 172, 109, 205, 175, 17, 49, 146, 151, 185, 154, 156, 31})
2021-09-13 02:42:49,629 - INFO - load: budget=3, scheme=(0.7000000000000001,0.7000000000000001), result=((169, 49, 205), 49) 
 tilderR(1)={133}, 
 tilderS(33)={15, 17, 146, 147, 23, 151, 154, 156, 29, 31, 161, 33, 167, 169, 170, 172, 174, 175, 48, 49, 185, 189, 65, 66, 74, 203, 202, 205, 213, 214, 92, 109, 125})
2021-09-13 02:42:49,630 - INFO - load: budget=3, scheme=(0.7000000000000001,0.8), result=((1, 169, 49), 51) 
 tilderR(1)={133}, 
 tilderS(47)={1, 132, 8, 15, 17, 146, 147, 21, 150, 23, 151, 24, 154, 156, 29, 31, 161, 33, 167, 169, 170, 172, 173, 174, 175, 48, 49, 47, 185, 189, 61, 65, 66, 67, 74, 203, 202, 205, 208, 210, 213, 214, 92, 98, 109, 122, 125})
2021-09-13 02:42:49,630 - INFO - load: budget=3, scheme=(0.7000000000000001,0.9), result=((1, 46, 49), 53) 
 tilderR(1)={133}, 
 tilderS(53)={1, 132, 8, 15, 17, 146, 147, 21, 150, 23, 151, 149, 154, 24, 156, 29, 31, 161, 33, 167, 168, 169, 170, 172, 173, 46, 174, 175, 49, 48, 47, 185, 189, 62, 191, 61, 65, 66, 67, 74, 203, 202, 205, 208, 210, 213, 214, 92, 98, 102, 109, 122, 125})
2021-09-13 02:42:49,630 - INFO - load: budget=3, scheme=(0.7000000000000001,1.0), result=((1, 46, 49), 53) 
 tilderR(1)={133}, 
 tilderS(54)={1, 132, 8, 15, 17, 146, 147, 21, 150, 23, 151, 149, 154, 24, 156, 29, 31, 161, 33, 167, 168, 169, 170, 172, 173, 46, 174, 175, 49, 48, 179, 47, 185, 189, 62, 191, 61, 65, 66, 67, 74, 203, 202, 205, 208, 210, 213, 214, 92, 98, 102, 109, 122, 125})
