2021-09-17 02:34:17,807 - INFO - Namespace(a='2', beta_paras='3,6,6,3', budget_list='1,2,3', did='d1', grain_alpha='5', grain_p='10', method='brute', percent_R='0.25', percent_S='0.25', seed='32', version='v09170234')
2021-09-17 02:34:17,826 - INFO - Finish random requester set R and supplier set S 
                             percent_R=0.25, num_R=55, len_R=55 
                             percent_S=0.25, num_S=55, len_S=54
2021-09-17 02:34:18,866 - INFO - Finish generate valuations and costs using using a=2
2021-09-17 02:34:19,634 - INFO - compute: budget=1; scheme=(0.0,0.0); tilderR=(55) tilderS=(0); result=(set(), 0); rev=0.0
2021-09-17 02:34:19,635 - INFO - load: budget=1; scheme=(0.0,0.0); tilderR=(55) tilderS=(0); result=(set(), 0); rev=0.0
2021-09-17 02:34:19,635 - INFO - load: budget=1; scheme=(0.0,0.0); tilderR=(55) tilderS=(0); result=(set(), 0); rev=0.0
2021-09-17 02:34:19,635 - INFO - load: budget=1; scheme=(0.0,0.0); tilderR=(55) tilderS=(0); result=(set(), 0); rev=0.0
2021-09-17 02:34:19,635 - INFO - load: budget=1; scheme=(0.0,0.0); tilderR=(55) tilderS=(0); result=(set(), 0); rev=0.0
2021-09-17 02:34:19,635 - INFO - load: budget=1; scheme=(0.0,0.0); tilderR=(55) tilderS=(0); result=(set(), 0); rev=0.0
2021-09-17 02:34:19,635 - INFO - load: budget=1; scheme=(0.1,0.0); tilderR=(55) tilderS=(0); result=(set(), 0); rev=0.0
2021-09-17 02:34:19,635 - INFO - load: budget=1; scheme=(0.1,0.020000000000000004); tilderR=(55) tilderS=(0); result=(set(), 0); rev=0.0
2021-09-17 02:34:19,636 - INFO - load: budget=1; scheme=(0.1,0.04000000000000001); tilderR=(55) tilderS=(0); result=(set(), 0); rev=0.0
2021-09-17 02:34:19,636 - INFO - load: budget=1; scheme=(0.1,0.06000000000000001); tilderR=(55) tilderS=(0); result=(set(), 0); rev=0.0
2021-09-17 02:34:19,636 - INFO - load: budget=1; scheme=(0.1,0.08000000000000002); tilderR=(55) tilderS=(0); result=(set(), 0); rev=0.0
2021-09-17 02:34:19,636 - INFO - load: budget=1; scheme=(0.1,0.1); tilderR=(55) tilderS=(0); result=(set(), 0); rev=0.0
2021-09-17 02:34:19,636 - INFO - load: budget=1; scheme=(0.2,0.0); tilderR=(55) tilderS=(0); result=(set(), 0); rev=0.0
2021-09-17 02:34:19,636 - INFO - load: budget=1; scheme=(0.2,0.04000000000000001); tilderR=(55) tilderS=(0); result=(set(), 0); rev=0.0
2021-09-17 02:34:19,636 - INFO - load: budget=1; scheme=(0.2,0.08000000000000002); tilderR=(55) tilderS=(0); result=(set(), 0); rev=0.0
2021-09-17 02:34:19,641 - INFO - compute: budget=1; scheme=(0.2,0.12000000000000002); tilderR=(55) tilderS=(1); result=({168}, 631); rev=50.47999999999999
2021-09-17 02:34:19,646 - INFO - compute: budget=1; scheme=(0.2,0.16000000000000003); tilderR=(55) tilderS=(2); result=((125,), 671); rev=26.839999999999986
2021-09-17 02:34:19,653 - INFO - compute: budget=1; scheme=(0.2,0.2); tilderR=(55) tilderS=(3); result=((46,), 787); rev=0.0
2021-09-17 02:34:19,654 - INFO - compute: budget=1; scheme=(0.30000000000000004,0.0); tilderR=(54) tilderS=(0); result=(set(), 0); rev=0.0
2021-09-17 02:34:19,655 - INFO - load: budget=1; scheme=(0.30000000000000004,0.06000000000000001); tilderR=(54) tilderS=(0); result=(set(), 0); rev=0.0
2021-09-17 02:34:19,657 - INFO - compute: budget=1; scheme=(0.30000000000000004,0.12000000000000002); tilderR=(54) tilderS=(1); result=({168}, 608); rev=109.44000000000001
2021-09-17 02:34:19,664 - INFO - compute: budget=1; scheme=(0.30000000000000004,0.18000000000000005); tilderR=(54) tilderS=(3); result=((46,), 765); rev=91.8
2021-09-17 02:34:19,674 - INFO - compute: budget=1; scheme=(0.30000000000000004,0.24000000000000005); tilderR=(54) tilderS=(5); result=((46,), 765); rev=45.9
2021-09-17 02:34:19,690 - INFO - compute: budget=1; scheme=(0.30000000000000004,0.30000000000000004); tilderR=(54) tilderS=(8); result=((46,), 765); rev=0.0
2021-09-17 02:34:19,692 - INFO - compute: budget=1; scheme=(0.4,0.0); tilderR=(49) tilderS=(0); result=(set(), 0); rev=0.0
2021-09-17 02:34:19,693 - INFO - load: budget=1; scheme=(0.4,0.08000000000000002); tilderR=(49) tilderS=(0); result=(set(), 0); rev=0.0
2021-09-17 02:34:19,697 - INFO - compute: budget=1; scheme=(0.4,0.16000000000000003); tilderR=(49) tilderS=(2); result=((125,), 560); rev=134.4
2021-09-17 02:34:19,707 - INFO - compute: budget=1; scheme=(0.4,0.24000000000000005); tilderR=(49) tilderS=(5); result=((46,), 656); rev=104.95999999999998
2021-09-17 02:34:19,731 - INFO - compute: budget=1; scheme=(0.4,0.32000000000000006); tilderR=(49) tilderS=(10); result=((46,), 656); rev=52.479999999999976
2021-09-17 02:34:19,766 - INFO - compute: budget=1; scheme=(0.4,0.4); tilderR=(49) tilderS=(19); result=((150,), 787); rev=0.0
2021-09-17 02:34:19,767 - INFO - compute: budget=1; scheme=(0.5,0.0); tilderR=(35) tilderS=(0); result=(set(), 0); rev=0.0
2021-09-17 02:34:19,768 - INFO - load: budget=1; scheme=(0.5,0.1); tilderR=(35) tilderS=(0); result=(set(), 0); rev=0.0
2021-09-17 02:34:19,772 - INFO - compute: budget=1; scheme=(0.5,0.2); tilderR=(35) tilderS=(3); result=((46,), 404); rev=121.19999999999999
2021-09-17 02:34:19,784 - INFO - compute: budget=1; scheme=(0.5,0.30000000000000004); tilderR=(35) tilderS=(8); result=((46,), 404); rev=80.79999999999998
2021-09-17 02:34:19,810 - INFO - compute: budget=1; scheme=(0.5,0.4); tilderR=(35) tilderS=(19); result=((150,), 476); rev=47.59999999999999
2021-09-17 02:34:19,858 - INFO - compute: budget=1; scheme=(0.5,0.5); tilderR=(35) tilderS=(38); result=((150,), 476); rev=0.0
2021-09-17 02:34:19,860 - INFO - compute: budget=1; scheme=(0.6000000000000001,0.0); tilderR=(21) tilderS=(0); result=(set(), 0); rev=0.0
2021-09-17 02:34:19,861 - INFO - compute: budget=1; scheme=(0.6000000000000001,0.12000000000000002); tilderR=(21) tilderS=(1); result=({168}, 101); rev=48.48000000000001
2021-09-17 02:34:19,866 - INFO - compute: budget=1; scheme=(0.6000000000000001,0.24000000000000005); tilderR=(21) tilderS=(5); result=((46,), 189); rev=68.04
2021-09-17 02:34:19,878 - INFO - compute: budget=1; scheme=(0.6000000000000001,0.3600000000000001); tilderR=(21) tilderS=(14); result=((1,), 227); rev=54.48
2021-09-17 02:34:19,905 - INFO - compute: budget=1; scheme=(0.6000000000000001,0.4800000000000001); tilderR=(21) tilderS=(32); result=((150,), 271); rev=32.519999999999996
2021-09-17 02:34:19,941 - INFO - compute: budget=1; scheme=(0.6000000000000001,0.6000000000000001); tilderR=(21) tilderS=(46); result=((150,), 271); rev=0.0
2021-09-17 02:34:19,942 - INFO - compute: budget=1; scheme=(0.7000000000000001,0.0); tilderR=(8) tilderS=(0); result=(set(), 0); rev=0.0
2021-09-17 02:34:19,944 - INFO - compute: budget=1; scheme=(0.7000000000000001,0.14); tilderR=(8) tilderS=(2); result=((125,), 21); rev=11.760000000000002
2021-09-17 02:34:19,947 - INFO - compute: budget=1; scheme=(0.7000000000000001,0.28); tilderR=(8) tilderS=(6); result=((49,), 62); rev=26.040000000000003
2021-09-17 02:34:19,955 - INFO - compute: budget=1; scheme=(0.7000000000000001,0.4200000000000001); tilderR=(8) tilderS=(24); result=((1,), 85); rev=23.799999999999997
2021-09-17 02:34:19,968 - INFO - compute: budget=1; scheme=(0.7000000000000001,0.56); tilderR=(8) tilderS=(39); result=((1,), 85); rev=11.9
2021-09-17 02:34:19,986 - INFO - compute: budget=1; scheme=(0.7000000000000001,0.7000000000000001); tilderR=(8) tilderS=(53); result=((1,), 85); rev=0.0
2021-09-17 02:34:19,987 - INFO - compute: budget=1; scheme=(0.8,0.0); tilderR=(3) tilderS=(0); result=(set(), 0); rev=0.0
2021-09-17 02:34:19,988 - INFO - compute: budget=1; scheme=(0.8,0.16000000000000003); tilderR=(3) tilderS=(2); result=((125,), 10); rev=6.4
2021-09-17 02:34:19,991 - INFO - compute: budget=1; scheme=(0.8,0.32000000000000006); tilderR=(3) tilderS=(10); result=((47,), 18); rev=8.64
2021-09-17 02:34:19,996 - INFO - compute: budget=1; scheme=(0.8,0.4800000000000001); tilderR=(3) tilderS=(32); result=((150,), 31); rev=9.919999999999998
2021-09-17 02:34:20,003 - INFO - compute: budget=1; scheme=(0.8,0.6400000000000001); tilderR=(3) tilderS=(48); result=((150,), 31); rev=4.959999999999997
2021-09-17 02:34:20,011 - INFO - compute: budget=1; scheme=(0.8,0.8); tilderR=(3) tilderS=(54); result=((150,), 31); rev=0.0
2021-09-17 02:34:20,012 - INFO - compute: budget=1; scheme=(0.9,0.0); tilderR=(0) tilderS=(0); result=(set(), 0); rev=0.0
2021-09-17 02:34:20,014 - INFO - compute: budget=1; scheme=(0.9,0.18000000000000002); tilderR=(0) tilderS=(3); result=((168,), 0); rev=0.0
2021-09-17 02:34:20,015 - INFO - compute: budget=1; scheme=(0.9,0.36000000000000004); tilderR=(0) tilderS=(14); result=((169,), 0); rev=0.0
2021-09-17 02:34:20,017 - INFO - compute: budget=1; scheme=(0.9,0.5400000000000001); tilderR=(0) tilderS=(38); result=((214,), 0); rev=0.0
2021-09-17 02:34:20,018 - INFO - compute: budget=1; scheme=(0.9,0.7200000000000001); tilderR=(0) tilderS=(53); result=((214,), 0); rev=0.0
2021-09-17 02:34:20,020 - INFO - compute: budget=1; scheme=(0.9,0.9); tilderR=(0) tilderS=(54); result=((214,), 0); rev=0.0
2021-09-17 02:34:20,021 - INFO - load: budget=1; scheme=(1.0,0.0); tilderR=(0) tilderS=(0); result=(set(), 0); rev=0.0
2021-09-17 02:34:20,022 - INFO - load: budget=1; scheme=(1.0,0.2); tilderR=(0) tilderS=(3); result=((168,), 0); rev=0.0
2021-09-17 02:34:20,024 - INFO - compute: budget=1; scheme=(1.0,0.4); tilderR=(0) tilderS=(19); result=((169,), 0); rev=0.0
2021-09-17 02:34:20,025 - INFO - compute: budget=1; scheme=(1.0,0.6000000000000001); tilderR=(0) tilderS=(46); result=((214,), 0); rev=0.0
2021-09-17 02:34:20,027 - INFO - load: budget=1; scheme=(1.0,0.8); tilderR=(0) tilderS=(54); result=((214,), 0); rev=0.0
2021-09-17 02:34:20,028 - INFO - load: budget=1; scheme=(1.0,1.0); tilderR=(0) tilderS=(54); result=((214,), 0); rev=0.0
2021-09-17 02:34:20,028 - INFO - load: budget=2; scheme=(0.0,0.0); tilderR=(55) tilderS=(0); result=(set(), 0); rev=0.0
2021-09-17 02:34:20,028 - INFO - load: budget=2; scheme=(0.0,0.0); tilderR=(55) tilderS=(0); result=(set(), 0); rev=0.0
2021-09-17 02:34:20,029 - INFO - load: budget=2; scheme=(0.0,0.0); tilderR=(55) tilderS=(0); result=(set(), 0); rev=0.0
2021-09-17 02:34:20,029 - INFO - load: budget=2; scheme=(0.0,0.0); tilderR=(55) tilderS=(0); result=(set(), 0); rev=0.0
2021-09-17 02:34:20,029 - INFO - load: budget=2; scheme=(0.0,0.0); tilderR=(55) tilderS=(0); result=(set(), 0); rev=0.0
2021-09-17 02:34:20,029 - INFO - load: budget=2; scheme=(0.0,0.0); tilderR=(55) tilderS=(0); result=(set(), 0); rev=0.0
2021-09-17 02:34:20,029 - INFO - load: budget=2; scheme=(0.1,0.0); tilderR=(55) tilderS=(0); result=(set(), 0); rev=0.0
2021-09-17 02:34:20,029 - INFO - load: budget=2; scheme=(0.1,0.020000000000000004); tilderR=(55) tilderS=(0); result=(set(), 0); rev=0.0
2021-09-17 02:34:20,029 - INFO - load: budget=2; scheme=(0.1,0.04000000000000001); tilderR=(55) tilderS=(0); result=(set(), 0); rev=0.0
2021-09-17 02:34:20,030 - INFO - load: budget=2; scheme=(0.1,0.06000000000000001); tilderR=(55) tilderS=(0); result=(set(), 0); rev=0.0
2021-09-17 02:34:20,030 - INFO - load: budget=2; scheme=(0.1,0.08000000000000002); tilderR=(55) tilderS=(0); result=(set(), 0); rev=0.0
2021-09-17 02:34:20,030 - INFO - load: budget=2; scheme=(0.1,0.1); tilderR=(55) tilderS=(0); result=(set(), 0); rev=0.0
2021-09-17 02:34:20,030 - INFO - load: budget=2; scheme=(0.2,0.0); tilderR=(55) tilderS=(0); result=(set(), 0); rev=0.0
2021-09-17 02:34:20,030 - INFO - load: budget=2; scheme=(0.2,0.04000000000000001); tilderR=(55) tilderS=(0); result=(set(), 0); rev=0.0
2021-09-17 02:34:20,030 - INFO - load: budget=2; scheme=(0.2,0.08000000000000002); tilderR=(55) tilderS=(0); result=(set(), 0); rev=0.0
2021-09-17 02:34:20,030 - INFO - load: budget=2; scheme=(0.2,0.12000000000000002); tilderR=(55) tilderS=(1); result=({168}, 631); rev=50.47999999999999
2021-09-17 02:34:20,031 - INFO - load: budget=2; scheme=(0.2,0.16000000000000003); tilderR=(55) tilderS=(2); result=({168, 125}, 1093); rev=43.71999999999998
2021-09-17 02:34:20,031 - INFO - load: budget=2; scheme=(0.2,0.2); tilderR=(55) tilderS=(3); result=((125, 46), 1375); rev=0.0
2021-09-17 02:34:20,031 - INFO - load: budget=2; scheme=(0.30000000000000004,0.0); tilderR=(54) tilderS=(0); result=(set(), 0); rev=0.0
2021-09-17 02:34:20,031 - INFO - load: budget=2; scheme=(0.30000000000000004,0.06000000000000001); tilderR=(54) tilderS=(0); result=(set(), 0); rev=0.0
2021-09-17 02:34:20,032 - INFO - load: budget=2; scheme=(0.30000000000000004,0.12000000000000002); tilderR=(54) tilderS=(1); result=({168}, 608); rev=109.44000000000001
2021-09-17 02:34:20,032 - INFO - load: budget=2; scheme=(0.30000000000000004,0.18000000000000005); tilderR=(54) tilderS=(3); result=((125, 46), 1333); rev=159.96
2021-09-17 02:34:20,032 - INFO - load: budget=2; scheme=(0.30000000000000004,0.24000000000000005); tilderR=(54) tilderS=(5); result=((46, 149), 1343); rev=80.58
2021-09-17 02:34:20,033 - INFO - load: budget=2; scheme=(0.30000000000000004,0.30000000000000004); tilderR=(54) tilderS=(8); result=((46, 49), 1403); rev=0.0
2021-09-17 02:34:20,033 - INFO - load: budget=2; scheme=(0.4,0.0); tilderR=(49) tilderS=(0); result=(set(), 0); rev=0.0
2021-09-17 02:34:20,033 - INFO - load: budget=2; scheme=(0.4,0.08000000000000002); tilderR=(49) tilderS=(0); result=(set(), 0); rev=0.0
2021-09-17 02:34:20,034 - INFO - load: budget=2; scheme=(0.4,0.16000000000000003); tilderR=(49) tilderS=(2); result=({168, 125}, 898); rev=215.51999999999998
2021-09-17 02:34:20,034 - INFO - load: budget=2; scheme=(0.4,0.24000000000000005); tilderR=(49) tilderS=(5); result=((46, 149), 1151); rev=184.15999999999997
2021-09-17 02:34:20,035 - INFO - load: budget=2; scheme=(0.4,0.32000000000000006); tilderR=(49) tilderS=(10); result=((46, 49), 1202); rev=96.15999999999995
2021-09-17 02:34:20,035 - INFO - load: budget=2; scheme=(0.4,0.4); tilderR=(49) tilderS=(19); result=((1, 150), 1420); rev=0.0
2021-09-17 02:34:20,035 - INFO - load: budget=2; scheme=(0.5,0.0); tilderR=(35) tilderS=(0); result=(set(), 0); rev=0.0
2021-09-17 02:34:20,036 - INFO - load: budget=2; scheme=(0.5,0.1); tilderR=(35) tilderS=(0); result=(set(), 0); rev=0.0
2021-09-17 02:34:20,036 - INFO - load: budget=2; scheme=(0.5,0.2); tilderR=(35) tilderS=(3); result=((125, 46), 678); rev=203.4
2021-09-17 02:34:20,037 - INFO - load: budget=2; scheme=(0.5,0.30000000000000004); tilderR=(35) tilderS=(8); result=((46, 49), 753); rev=150.59999999999997
2021-09-17 02:34:20,038 - INFO - load: budget=2; scheme=(0.5,0.4); tilderR=(35) tilderS=(19); result=((1, 150), 901); rev=90.09999999999998
2021-09-17 02:34:20,038 - INFO - load: budget=2; scheme=(0.5,0.5); tilderR=(35) tilderS=(38); result=((1, 150), 901); rev=0.0
2021-09-17 02:34:20,039 - INFO - load: budget=2; scheme=(0.6000000000000001,0.0); tilderR=(21) tilderS=(0); result=(set(), 0); rev=0.0
2021-09-17 02:34:20,039 - INFO - load: budget=2; scheme=(0.6000000000000001,0.12000000000000002); tilderR=(21) tilderS=(1); result=({168}, 101); rev=48.48000000000001
2021-09-17 02:34:20,040 - INFO - load: budget=2; scheme=(0.6000000000000001,0.24000000000000005); tilderR=(21) tilderS=(5); result=((46, 149), 328); rev=118.08000000000001
2021-09-17 02:34:20,041 - INFO - load: budget=2; scheme=(0.6000000000000001,0.3600000000000001); tilderR=(21) tilderS=(14); result=((1, 46), 396); rev=95.03999999999999
2021-09-17 02:34:20,041 - INFO - load: budget=2; scheme=(0.6000000000000001,0.4800000000000001); tilderR=(21) tilderS=(32); result=((1, 150), 498); rev=59.76
2021-09-17 02:34:20,042 - INFO - load: budget=2; scheme=(0.6000000000000001,0.6000000000000001); tilderR=(21) tilderS=(46); result=((1, 150), 498); rev=0.0
2021-09-17 02:34:20,043 - INFO - load: budget=2; scheme=(0.7000000000000001,0.0); tilderR=(8) tilderS=(0); result=(set(), 0); rev=0.0
2021-09-17 02:34:20,044 - INFO - load: budget=2; scheme=(0.7000000000000001,0.14); tilderR=(8) tilderS=(2); result=({168, 125}, 31); rev=17.360000000000003
2021-09-17 02:34:20,044 - INFO - load: budget=2; scheme=(0.7000000000000001,0.28); tilderR=(8) tilderS=(6); result=((46, 49), 104); rev=43.68000000000001
2021-09-17 02:34:20,045 - INFO - load: budget=2; scheme=(0.7000000000000001,0.4200000000000001); tilderR=(8) tilderS=(24); result=((1, 150), 159); rev=44.519999999999996
2021-09-17 02:34:20,046 - INFO - load: budget=2; scheme=(0.7000000000000001,0.56); tilderR=(8) tilderS=(39); result=((1, 150), 159); rev=22.26
2021-09-17 02:34:20,047 - INFO - load: budget=2; scheme=(0.7000000000000001,0.7000000000000001); tilderR=(8) tilderS=(53); result=((1, 150), 159); rev=0.0
2021-09-17 02:34:20,048 - INFO - load: budget=2; scheme=(0.8,0.0); tilderR=(3) tilderS=(0); result=(set(), 0); rev=0.0
2021-09-17 02:34:20,049 - INFO - load: budget=2; scheme=(0.8,0.16000000000000003); tilderR=(3) tilderS=(2); result=({168, 125}, 12); rev=7.68
2021-09-17 02:34:20,050 - INFO - load: budget=2; scheme=(0.8,0.32000000000000006); tilderR=(3) tilderS=(10); result=((46, 62), 33); rev=15.84
2021-09-17 02:34:20,050 - INFO - load: budget=2; scheme=(0.8,0.4800000000000001); tilderR=(3) tilderS=(32); result=((150, 65), 50); rev=15.999999999999998
2021-09-17 02:34:20,051 - INFO - load: budget=2; scheme=(0.8,0.6400000000000001); tilderR=(3) tilderS=(48); result=((150, 109), 55); rev=8.799999999999995
2021-09-17 02:34:20,052 - INFO - load: budget=2; scheme=(0.8,0.8); tilderR=(3) tilderS=(54); result=((150, 109), 55); rev=0.0
2021-09-17 02:34:20,053 - INFO - load: budget=2; scheme=(0.9,0.0); tilderR=(0) tilderS=(0); result=(set(), 0); rev=0.0
2021-09-17 02:34:20,054 - INFO - load: budget=2; scheme=(0.9,0.18000000000000002); tilderR=(0) tilderS=(3); result=((168, 125), 0); rev=0.0
2021-09-17 02:34:20,056 - INFO - load: budget=2; scheme=(0.9,0.36000000000000004); tilderR=(0) tilderS=(14); result=((169, 149), 0); rev=0.0
2021-09-17 02:34:20,057 - INFO - load: budget=2; scheme=(0.9,0.5400000000000001); tilderR=(0) tilderS=(38); result=((214, 125), 0); rev=0.0
2021-09-17 02:34:20,058 - INFO - load: budget=2; scheme=(0.9,0.7200000000000001); tilderR=(0) tilderS=(53); result=((214, 125), 0); rev=0.0
2021-09-17 02:34:20,059 - INFO - load: budget=2; scheme=(0.9,0.9); tilderR=(0) tilderS=(54); result=((214, 125), 0); rev=0.0
2021-09-17 02:34:20,060 - INFO - load: budget=2; scheme=(1.0,0.0); tilderR=(0) tilderS=(0); result=(set(), 0); rev=0.0
2021-09-17 02:34:20,061 - INFO - load: budget=2; scheme=(1.0,0.2); tilderR=(0) tilderS=(3); result=((168, 125), 0); rev=0.0
2021-09-17 02:34:20,062 - INFO - load: budget=2; scheme=(1.0,0.4); tilderR=(0) tilderS=(19); result=((169, 156), 0); rev=0.0
2021-09-17 02:34:20,063 - INFO - load: budget=2; scheme=(1.0,0.6000000000000001); tilderR=(0) tilderS=(46); result=((214, 125), 0); rev=0.0
2021-09-17 02:34:20,065 - INFO - load: budget=2; scheme=(1.0,0.8); tilderR=(0) tilderS=(54); result=((214, 125), 0); rev=0.0
2021-09-17 02:34:20,066 - INFO - load: budget=2; scheme=(1.0,1.0); tilderR=(0) tilderS=(54); result=((214, 125), 0); rev=0.0
2021-09-17 02:34:20,067 - INFO - compute: budget=3; scheme=(0.0,0.0); tilderR=(55) tilderS=(0); result=(set(), 0); rev=0.0
2021-09-17 02:34:20,067 - INFO - load: budget=3; scheme=(0.0,0.0); tilderR=(55) tilderS=(0); result=(set(), 0); rev=0.0
2021-09-17 02:34:20,067 - INFO - load: budget=3; scheme=(0.0,0.0); tilderR=(55) tilderS=(0); result=(set(), 0); rev=0.0
2021-09-17 02:34:20,067 - INFO - load: budget=3; scheme=(0.0,0.0); tilderR=(55) tilderS=(0); result=(set(), 0); rev=0.0
2021-09-17 02:34:20,067 - INFO - load: budget=3; scheme=(0.0,0.0); tilderR=(55) tilderS=(0); result=(set(), 0); rev=0.0
2021-09-17 02:34:20,067 - INFO - load: budget=3; scheme=(0.0,0.0); tilderR=(55) tilderS=(0); result=(set(), 0); rev=0.0
2021-09-17 02:34:20,068 - INFO - load: budget=3; scheme=(0.1,0.0); tilderR=(55) tilderS=(0); result=(set(), 0); rev=0.0
2021-09-17 02:34:20,068 - INFO - load: budget=3; scheme=(0.1,0.020000000000000004); tilderR=(55) tilderS=(0); result=(set(), 0); rev=0.0
2021-09-17 02:34:20,068 - INFO - load: budget=3; scheme=(0.1,0.04000000000000001); tilderR=(55) tilderS=(0); result=(set(), 0); rev=0.0
2021-09-17 02:34:20,068 - INFO - load: budget=3; scheme=(0.1,0.06000000000000001); tilderR=(55) tilderS=(0); result=(set(), 0); rev=0.0
2021-09-17 02:34:20,068 - INFO - load: budget=3; scheme=(0.1,0.08000000000000002); tilderR=(55) tilderS=(0); result=(set(), 0); rev=0.0
2021-09-17 02:34:20,068 - INFO - load: budget=3; scheme=(0.1,0.1); tilderR=(55) tilderS=(0); result=(set(), 0); rev=0.0
2021-09-17 02:34:20,068 - INFO - load: budget=3; scheme=(0.2,0.0); tilderR=(55) tilderS=(0); result=(set(), 0); rev=0.0
2021-09-17 02:34:20,069 - INFO - load: budget=3; scheme=(0.2,0.04000000000000001); tilderR=(55) tilderS=(0); result=(set(), 0); rev=0.0
2021-09-17 02:34:20,070 - INFO - load: budget=3; scheme=(0.2,0.08000000000000002); tilderR=(55) tilderS=(0); result=(set(), 0); rev=0.0
2021-09-17 02:34:20,073 - INFO - compute: budget=3; scheme=(0.2,0.12000000000000002); tilderR=(55) tilderS=(1); result=({168}, 631); rev=50.47999999999999
2021-09-17 02:34:20,076 - INFO - compute: budget=3; scheme=(0.2,0.16000000000000003); tilderR=(55) tilderS=(2); result=({168, 125}, 1093); rev=43.71999999999998
2021-09-17 02:34:20,081 - INFO - compute: budget=3; scheme=(0.2,0.2); tilderR=(55) tilderS=(3); result=({168, 125, 46}, 1770); rev=0.0
2021-09-17 02:34:20,082 - INFO - compute: budget=3; scheme=(0.30000000000000004,0.0); tilderR=(54) tilderS=(0); result=(set(), 0); rev=0.0
2021-09-17 02:34:20,082 - INFO - load: budget=3; scheme=(0.30000000000000004,0.06000000000000001); tilderR=(54) tilderS=(0); result=(set(), 0); rev=0.0
2021-09-17 02:34:20,085 - INFO - compute: budget=3; scheme=(0.30000000000000004,0.12000000000000002); tilderR=(54) tilderS=(1); result=({168}, 608); rev=109.44000000000001
2021-09-17 02:34:20,089 - INFO - compute: budget=3; scheme=(0.30000000000000004,0.18000000000000005); tilderR=(54) tilderS=(3); result=({168, 125, 46}, 1714); rev=205.67999999999998
2021-09-17 02:34:20,127 - INFO - compute: budget=3; scheme=(0.30000000000000004,0.24000000000000005); tilderR=(54) tilderS=(5); result=((168, 46, 149), 1777); rev=106.61999999999999
2021-09-17 02:34:20,330 - INFO - compute: budget=3; scheme=(0.30000000000000004,0.30000000000000004); tilderR=(54) tilderS=(8); result=((46, 49, 149), 1981); rev=0.0
2021-09-17 02:34:20,332 - INFO - compute: budget=3; scheme=(0.4,0.0); tilderR=(49) tilderS=(0); result=(set(), 0); rev=0.0
2021-09-17 02:34:20,332 - INFO - load: budget=3; scheme=(0.4,0.08000000000000002); tilderR=(49) tilderS=(0); result=(set(), 0); rev=0.0
2021-09-17 02:34:20,336 - INFO - compute: budget=3; scheme=(0.4,0.16000000000000003); tilderR=(49) tilderS=(2); result=({168, 125}, 898); rev=215.51999999999998
2021-09-17 02:34:20,371 - INFO - compute: budget=3; scheme=(0.4,0.24000000000000005); tilderR=(49) tilderS=(5); result=((168, 46, 149), 1514); rev=242.23999999999995
2021-09-17 02:34:20,759 - INFO - compute: budget=3; scheme=(0.4,0.32000000000000006); tilderR=(49) tilderS=(10); result=((46, 49, 149), 1697); rev=135.75999999999993
2021-09-17 02:34:23,888 - INFO - compute: budget=3; scheme=(0.4,0.4); tilderR=(49) tilderS=(19); result=((1, 149, 150), 1945); rev=0.0
2021-09-17 02:34:23,889 - INFO - compute: budget=3; scheme=(0.5,0.0); tilderR=(35) tilderS=(0); result=(set(), 0); rev=0.0
2021-09-17 02:34:23,890 - INFO - load: budget=3; scheme=(0.5,0.1); tilderR=(35) tilderS=(0); result=(set(), 0); rev=0.0
2021-09-17 02:34:23,893 - INFO - compute: budget=3; scheme=(0.5,0.2); tilderR=(35) tilderS=(3); result=({168, 125, 46}, 839); rev=251.7
2021-09-17 02:34:24,030 - INFO - compute: budget=3; scheme=(0.5,0.30000000000000004); tilderR=(35) tilderS=(8); result=((46, 49, 149), 1054); rev=210.79999999999995
2021-09-17 02:34:26,266 - INFO - compute: budget=3; scheme=(0.5,0.4); tilderR=(35) tilderS=(19); result=((1, 149, 150), 1222); rev=122.19999999999997
2021-09-17 02:34:45,349 - INFO - compute: budget=3; scheme=(0.5,0.5); tilderR=(35) tilderS=(38); result=((1, 150, 149), 1222); rev=0.0
2021-09-17 02:34:45,350 - INFO - compute: budget=3; scheme=(0.6000000000000001,0.0); tilderR=(21) tilderS=(0); result=(set(), 0); rev=0.0
2021-09-17 02:34:45,352 - INFO - compute: budget=3; scheme=(0.6000000000000001,0.12000000000000002); tilderR=(21) tilderS=(1); result=({168}, 101); rev=48.48000000000001
2021-09-17 02:34:45,367 - INFO - compute: budget=3; scheme=(0.6000000000000001,0.24000000000000005); tilderR=(21) tilderS=(5); result=((46, 149, 125), 431); rev=155.16000000000003
2021-09-17 02:34:45,879 - INFO - compute: budget=3; scheme=(0.6000000000000001,0.3600000000000001); tilderR=(21) tilderS=(14); result=((1, 46, 49), 544); rev=130.56
2021-09-17 02:34:52,682 - INFO - compute: budget=3; scheme=(0.6000000000000001,0.4800000000000001); tilderR=(21) tilderS=(32); result=((1, 150, 49), 655); rev=78.6
2021-09-17 02:35:13,219 - INFO - compute: budget=3; scheme=(0.6000000000000001,0.6000000000000001); tilderR=(21) tilderS=(46); result=((1, 150, 205), 658); rev=0.0
2021-09-17 02:35:13,220 - INFO - compute: budget=3; scheme=(0.7000000000000001,0.0); tilderR=(8) tilderS=(0); result=(set(), 0); rev=0.0
2021-09-17 02:35:13,222 - INFO - compute: budget=3; scheme=(0.7000000000000001,0.14); tilderR=(8) tilderS=(2); result=({168, 125}, 31); rev=17.360000000000003
2021-09-17 02:35:13,235 - INFO - compute: budget=3; scheme=(0.7000000000000001,0.28); tilderR=(8) tilderS=(6); result=((46, 49, 23), 127); rev=53.34
2021-09-17 02:35:14,308 - INFO - compute: budget=3; scheme=(0.7000000000000001,0.4200000000000001); tilderR=(8) tilderS=(24); result=((1, 150, 49), 211); rev=59.07999999999999
2021-09-17 02:35:19,054 - INFO - compute: budget=3; scheme=(0.7000000000000001,0.56); tilderR=(8) tilderS=(39); result=((1, 150, 205), 220); rev=30.800000000000004
2021-09-17 02:35:31,532 - INFO - compute: budget=3; scheme=(0.7000000000000001,0.7000000000000001); tilderR=(8) tilderS=(53); result=((1, 150, 205), 220); rev=0.0
2021-09-17 02:35:31,533 - INFO - compute: budget=3; scheme=(0.8,0.0); tilderR=(3) tilderS=(0); result=(set(), 0); rev=0.0
2021-09-17 02:35:31,534 - INFO - compute: budget=3; scheme=(0.8,0.16000000000000003); tilderR=(3) tilderS=(2); result=({168, 125}, 12); rev=7.68
2021-09-17 02:35:31,561 - INFO - compute: budget=3; scheme=(0.8,0.32000000000000006); tilderR=(3) tilderS=(10); result=((46, 47, 149), 43); rev=20.64
2021-09-17 02:35:32,626 - INFO - compute: budget=3; scheme=(0.8,0.4800000000000001); tilderR=(3) tilderS=(32); result=((17, 150, 65), 67); rev=21.439999999999998
2021-09-17 02:35:36,119 - INFO - compute: budget=3; scheme=(0.8,0.6400000000000001); tilderR=(3) tilderS=(48); result=((150, 65, 109), 74); rev=11.839999999999995
2021-09-17 02:35:41,067 - INFO - compute: budget=3; scheme=(0.8,0.8); tilderR=(3) tilderS=(54); result=((150, 65, 109), 74); rev=0.0
2021-09-17 02:35:41,068 - INFO - compute: budget=3; scheme=(0.9,0.0); tilderR=(0) tilderS=(0); result=(set(), 0); rev=0.0
2021-09-17 02:35:41,069 - INFO - compute: budget=3; scheme=(0.9,0.18000000000000002); tilderR=(0) tilderS=(3); result=({168, 125, 46}, 0); rev=0.0
2021-09-17 02:35:41,071 - INFO - compute: budget=3; scheme=(0.9,0.36000000000000004); tilderR=(0) tilderS=(14); result=((169, 149, 125), 0); rev=0.0
2021-09-17 02:35:41,083 - INFO - compute: budget=3; scheme=(0.9,0.5400000000000001); tilderR=(0) tilderS=(38); result=((214, 92, 125), 0); rev=0.0
2021-09-17 02:35:41,112 - INFO - compute: budget=3; scheme=(0.9,0.7200000000000001); tilderR=(0) tilderS=(53); result=((214, 122, 125), 0); rev=0.0
2021-09-17 02:35:41,142 - INFO - compute: budget=3; scheme=(0.9,0.9); tilderR=(0) tilderS=(54); result=((214, 122, 125), 0); rev=0.0
2021-09-17 02:35:41,143 - INFO - load: budget=3; scheme=(1.0,0.0); tilderR=(0) tilderS=(0); result=(set(), 0); rev=0.0
2021-09-17 02:35:41,145 - INFO - load: budget=3; scheme=(1.0,0.2); tilderR=(0) tilderS=(3); result=({168, 125, 46}, 0); rev=0.0
2021-09-17 02:35:41,147 - INFO - compute: budget=3; scheme=(1.0,0.4); tilderR=(0) tilderS=(19); result=((169, 156, 125), 0); rev=0.0
2021-09-17 02:35:41,165 - INFO - compute: budget=3; scheme=(1.0,0.6000000000000001); tilderR=(0) tilderS=(46); result=((214, 122, 125), 0); rev=0.0
2021-09-17 02:35:41,167 - INFO - load: budget=3; scheme=(1.0,0.8); tilderR=(0) tilderS=(54); result=((214, 122, 125), 0); rev=0.0
2021-09-17 02:35:41,169 - INFO - load: budget=3; scheme=(1.0,1.0); tilderR=(0) tilderS=(54); result=((214, 122, 125), 0); rev=0.0
