2021-09-17 02:31:48,769 - INFO - Namespace(a='2', beta_paras='3,6,6,3', budget_list='2', did='d1', grain_alpha='5', grain_p='10', method='brute', percent_R='0.25', percent_S='0.25', seed='32', version='v09170231')
2021-09-17 02:31:48,784 - INFO - Finish random requester set R and supplier set S 
                             percent_R=0.25, num_R=55, len_R=55 
                             percent_S=0.25, num_S=55, len_S=54
2021-09-17 02:31:49,806 - INFO - Finish generate valuations and costs using using a=2
2021-09-17 02:31:50,569 - INFO - load: budget=2; scheme=(0.0,0.0); tilderR=(55) tilderS=(0); result=(set(), 0); rev=0.0
2021-09-17 02:31:50,569 - INFO - load: budget=2; scheme=(0.0,0.0); tilderR=(55) tilderS=(0); result=(set(), 0); rev=0.0
2021-09-17 02:31:50,569 - INFO - load: budget=2; scheme=(0.0,0.0); tilderR=(55) tilderS=(0); result=(set(), 0); rev=0.0
2021-09-17 02:31:50,569 - INFO - load: budget=2; scheme=(0.0,0.0); tilderR=(55) tilderS=(0); result=(set(), 0); rev=0.0
2021-09-17 02:31:50,570 - INFO - load: budget=2; scheme=(0.0,0.0); tilderR=(55) tilderS=(0); result=(set(), 0); rev=0.0
2021-09-17 02:31:50,570 - INFO - load: budget=2; scheme=(0.0,0.0); tilderR=(55) tilderS=(0); result=(set(), 0); rev=0.0
2021-09-17 02:31:50,570 - INFO - load: budget=2; scheme=(0.1,0.0); tilderR=(55) tilderS=(0); result=(set(), 0); rev=0.0
2021-09-17 02:31:50,570 - INFO - load: budget=2; scheme=(0.1,0.020000000000000004); tilderR=(55) tilderS=(0); result=(set(), 0); rev=0.0
2021-09-17 02:31:50,570 - INFO - load: budget=2; scheme=(0.1,0.04000000000000001); tilderR=(55) tilderS=(0); result=(set(), 0); rev=0.0
2021-09-17 02:31:50,570 - INFO - load: budget=2; scheme=(0.1,0.06000000000000001); tilderR=(55) tilderS=(0); result=(set(), 0); rev=0.0
2021-09-17 02:31:50,570 - INFO - load: budget=2; scheme=(0.1,0.08000000000000002); tilderR=(55) tilderS=(0); result=(set(), 0); rev=0.0
2021-09-17 02:31:50,571 - INFO - load: budget=2; scheme=(0.1,0.1); tilderR=(55) tilderS=(0); result=(set(), 0); rev=0.0
2021-09-17 02:31:50,571 - INFO - load: budget=2; scheme=(0.2,0.0); tilderR=(55) tilderS=(0); result=(set(), 0); rev=0.0
2021-09-17 02:31:50,571 - INFO - load: budget=2; scheme=(0.2,0.04000000000000001); tilderR=(55) tilderS=(0); result=(set(), 0); rev=0.0
2021-09-17 02:31:50,571 - INFO - load: budget=2; scheme=(0.2,0.08000000000000002); tilderR=(55) tilderS=(0); result=(set(), 0); rev=0.0
2021-09-17 02:31:50,571 - INFO - load: budget=2; scheme=(0.2,0.12000000000000002); tilderR=(55) tilderS=(1); result=({168}, 631); rev=50.47999999999999
2021-09-17 02:31:50,571 - INFO - load: budget=2; scheme=(0.2,0.16000000000000003); tilderR=(55) tilderS=(2); result=({168, 125}, 1093); rev=43.71999999999998
2021-09-17 02:31:50,572 - INFO - load: budget=2; scheme=(0.2,0.2); tilderR=(55) tilderS=(3); result=((125, 46), 1375); rev=0.0
2021-09-17 02:31:50,572 - INFO - load: budget=2; scheme=(0.30000000000000004,0.0); tilderR=(54) tilderS=(0); result=(set(), 0); rev=0.0
2021-09-17 02:31:50,572 - INFO - load: budget=2; scheme=(0.30000000000000004,0.06000000000000001); tilderR=(54) tilderS=(0); result=(set(), 0); rev=0.0
2021-09-17 02:31:50,572 - INFO - load: budget=2; scheme=(0.30000000000000004,0.12000000000000002); tilderR=(54) tilderS=(1); result=({168}, 608); rev=109.44000000000001
2021-09-17 02:31:50,575 - INFO - load: budget=2; scheme=(0.30000000000000004,0.18000000000000005); tilderR=(54) tilderS=(3); result=((125, 46), 1333); rev=159.96
2021-09-17 02:31:50,576 - INFO - load: budget=2; scheme=(0.30000000000000004,0.24000000000000005); tilderR=(54) tilderS=(5); result=((46, 149), 1343); rev=80.58
2021-09-17 02:31:50,576 - INFO - load: budget=2; scheme=(0.30000000000000004,0.30000000000000004); tilderR=(54) tilderS=(8); result=((46, 49), 1403); rev=0.0
2021-09-17 02:31:50,577 - INFO - load: budget=2; scheme=(0.4,0.0); tilderR=(49) tilderS=(0); result=(set(), 0); rev=0.0
2021-09-17 02:31:50,577 - INFO - load: budget=2; scheme=(0.4,0.08000000000000002); tilderR=(49) tilderS=(0); result=(set(), 0); rev=0.0
2021-09-17 02:31:50,577 - INFO - load: budget=2; scheme=(0.4,0.16000000000000003); tilderR=(49) tilderS=(2); result=({168, 125}, 898); rev=215.51999999999998
2021-09-17 02:31:50,578 - INFO - load: budget=2; scheme=(0.4,0.24000000000000005); tilderR=(49) tilderS=(5); result=((46, 149), 1151); rev=184.15999999999997
2021-09-17 02:31:50,578 - INFO - load: budget=2; scheme=(0.4,0.32000000000000006); tilderR=(49) tilderS=(10); result=((46, 49), 1202); rev=96.15999999999995
2021-09-17 02:31:50,579 - INFO - load: budget=2; scheme=(0.4,0.4); tilderR=(49) tilderS=(19); result=((1, 150), 1420); rev=0.0
2021-09-17 02:31:50,579 - INFO - load: budget=2; scheme=(0.5,0.0); tilderR=(35) tilderS=(0); result=(set(), 0); rev=0.0
2021-09-17 02:31:50,580 - INFO - load: budget=2; scheme=(0.5,0.1); tilderR=(35) tilderS=(0); result=(set(), 0); rev=0.0
2021-09-17 02:31:50,580 - INFO - load: budget=2; scheme=(0.5,0.2); tilderR=(35) tilderS=(3); result=((125, 46), 678); rev=203.4
2021-09-17 02:31:50,581 - INFO - load: budget=2; scheme=(0.5,0.30000000000000004); tilderR=(35) tilderS=(8); result=((46, 49), 753); rev=150.59999999999997
2021-09-17 02:31:50,581 - INFO - load: budget=2; scheme=(0.5,0.4); tilderR=(35) tilderS=(19); result=((1, 150), 901); rev=90.09999999999998
2021-09-17 02:31:50,582 - INFO - load: budget=2; scheme=(0.5,0.5); tilderR=(35) tilderS=(38); result=((1, 150), 901); rev=0.0
2021-09-17 02:31:50,583 - INFO - load: budget=2; scheme=(0.6000000000000001,0.0); tilderR=(21) tilderS=(0); result=(set(), 0); rev=0.0
2021-09-17 02:31:50,583 - INFO - load: budget=2; scheme=(0.6000000000000001,0.12000000000000002); tilderR=(21) tilderS=(1); result=({168}, 101); rev=48.48000000000001
2021-09-17 02:31:50,584 - INFO - load: budget=2; scheme=(0.6000000000000001,0.24000000000000005); tilderR=(21) tilderS=(5); result=((46, 149), 328); rev=118.08000000000001
2021-09-17 02:31:50,584 - INFO - load: budget=2; scheme=(0.6000000000000001,0.3600000000000001); tilderR=(21) tilderS=(14); result=((1, 46), 396); rev=95.03999999999999
2021-09-17 02:31:50,585 - INFO - load: budget=2; scheme=(0.6000000000000001,0.4800000000000001); tilderR=(21) tilderS=(32); result=((1, 150), 498); rev=59.76
2021-09-17 02:31:50,586 - INFO - load: budget=2; scheme=(0.6000000000000001,0.6000000000000001); tilderR=(21) tilderS=(46); result=((1, 150), 498); rev=0.0
2021-09-17 02:31:50,587 - INFO - load: budget=2; scheme=(0.7000000000000001,0.0); tilderR=(8) tilderS=(0); result=(set(), 0); rev=0.0
2021-09-17 02:31:50,587 - INFO - load: budget=2; scheme=(0.7000000000000001,0.14); tilderR=(8) tilderS=(2); result=({168, 125}, 31); rev=17.360000000000003
2021-09-17 02:31:50,588 - INFO - load: budget=2; scheme=(0.7000000000000001,0.28); tilderR=(8) tilderS=(6); result=((46, 49), 104); rev=43.68000000000001
2021-09-17 02:31:50,589 - INFO - load: budget=2; scheme=(0.7000000000000001,0.4200000000000001); tilderR=(8) tilderS=(24); result=((1, 150), 159); rev=44.519999999999996
2021-09-17 02:31:50,590 - INFO - load: budget=2; scheme=(0.7000000000000001,0.56); tilderR=(8) tilderS=(39); result=((1, 150), 159); rev=22.26
2021-09-17 02:31:50,591 - INFO - load: budget=2; scheme=(0.7000000000000001,0.7000000000000001); tilderR=(8) tilderS=(53); result=((1, 150), 159); rev=0.0
2021-09-17 02:31:50,591 - INFO - load: budget=2; scheme=(0.8,0.0); tilderR=(3) tilderS=(0); result=(set(), 0); rev=0.0
2021-09-17 02:31:50,592 - INFO - load: budget=2; scheme=(0.8,0.16000000000000003); tilderR=(3) tilderS=(2); result=({168, 125}, 12); rev=7.68
2021-09-17 02:31:50,593 - INFO - load: budget=2; scheme=(0.8,0.32000000000000006); tilderR=(3) tilderS=(10); result=((46, 62), 33); rev=15.84
2021-09-17 02:31:50,594 - INFO - load: budget=2; scheme=(0.8,0.4800000000000001); tilderR=(3) tilderS=(32); result=((150, 65), 50); rev=15.999999999999998
2021-09-17 02:31:50,595 - INFO - load: budget=2; scheme=(0.8,0.6400000000000001); tilderR=(3) tilderS=(48); result=((150, 109), 55); rev=8.799999999999995
2021-09-17 02:31:50,596 - INFO - load: budget=2; scheme=(0.8,0.8); tilderR=(3) tilderS=(54); result=((150, 109), 55); rev=0.0
2021-09-17 02:31:50,597 - INFO - load: budget=2; scheme=(0.9,0.0); tilderR=(0) tilderS=(0); result=(set(), 0); rev=0.0
2021-09-17 02:31:50,598 - INFO - load: budget=2; scheme=(0.9,0.18000000000000002); tilderR=(0) tilderS=(3); result=((168, 125), 0); rev=0.0
2021-09-17 02:31:50,599 - INFO - load: budget=2; scheme=(0.9,0.36000000000000004); tilderR=(0) tilderS=(14); result=((169, 149), 0); rev=0.0
2021-09-17 02:31:50,600 - INFO - load: budget=2; scheme=(0.9,0.5400000000000001); tilderR=(0) tilderS=(38); result=((214, 125), 0); rev=0.0
2021-09-17 02:31:50,601 - INFO - load: budget=2; scheme=(0.9,0.7200000000000001); tilderR=(0) tilderS=(53); result=((214, 125), 0); rev=0.0
2021-09-17 02:31:50,602 - INFO - load: budget=2; scheme=(0.9,0.9); tilderR=(0) tilderS=(54); result=((214, 125), 0); rev=0.0
2021-09-17 02:31:50,603 - INFO - load: budget=2; scheme=(1.0,0.0); tilderR=(0) tilderS=(0); result=(set(), 0); rev=0.0
2021-09-17 02:31:50,604 - INFO - load: budget=2; scheme=(1.0,0.2); tilderR=(0) tilderS=(3); result=((168, 125), 0); rev=0.0
2021-09-17 02:31:50,605 - INFO - load: budget=2; scheme=(1.0,0.4); tilderR=(0) tilderS=(19); result=((169, 156), 0); rev=0.0
2021-09-17 02:31:50,607 - INFO - load: budget=2; scheme=(1.0,0.6000000000000001); tilderR=(0) tilderS=(46); result=((214, 125), 0); rev=0.0
2021-09-17 02:31:50,608 - INFO - load: budget=2; scheme=(1.0,0.8); tilderR=(0) tilderS=(54); result=((214, 125), 0); rev=0.0
2021-09-17 02:31:50,609 - INFO - load: budget=2; scheme=(1.0,1.0); tilderR=(0) tilderS=(54); result=((214, 125), 0); rev=0.0
