2021-09-27 00:52:14,994 - INFO - run algo
2021-09-27 00:52:15,004 - INFO - 217
2021-09-27 00:52:15,005 - INFO - 217
2021-09-27 00:52:15,009 - INFO - load:
2021-09-27 00:52:15,009 - INFO - Finish random requester set R and supplier set S 
                             percent_R=0.25, num_R=55, len_R=55 
                             percent_S=0.25, num_S=55, len_S=54
2021-09-27 00:52:15,024 - INFO - compute | 4 | (0.0, 0.0) | 55 | 1 | {53} | 821| 0.0 | 390.48921946740137 
2021-09-27 00:52:15,024 - INFO - load | 4 | (0.0, 0.05) | 55 | 1 | {53} | 821| 0.0 | 390.48921946740137 
2021-09-27 00:52:15,024 - INFO - load | 4 | (0.0, 0.1) | 55 | 1 | {53} | 821| 0.0 | 390.48921946740137 
2021-09-27 00:52:15,024 - INFO - load | 4 | (0.0, 0.15000000000000002) | 55 | 1 | {53} | 821| 0.0 | 390.48921946740137 
2021-09-27 00:52:15,025 - INFO - load | 4 | (0.0, 0.2) | 55 | 1 | {53} | 821| 0.0 | 390.48921946740137 
2021-09-27 00:52:15,025 - INFO - load | 4 | (0.0, 0.25) | 55 | 1 | {53} | 821| 0.0 | 390.48921946740137 
2021-09-27 00:52:15,025 - INFO - load | 4 | (0.0, 0.30000000000000004) | 55 | 1 | {53} | 821| 0.0 | 390.48921946740137 
2021-09-27 00:52:15,025 - INFO - load | 4 | (0.0, 0.35000000000000003) | 55 | 1 | {53} | 821| 0.0 | 390.48921946740137 
2021-09-27 00:52:15,025 - INFO - load | 4 | (0.0, 0.4) | 55 | 1 | {53} | 821| 0.0 | 390.48921946740137 
2021-09-27 00:52:15,025 - INFO - load | 4 | (0.0, 0.45) | 55 | 1 | {53} | 821| 0.0 | 390.48921946740137 
2021-09-27 00:52:15,025 - INFO - load | 4 | (0.0, 0.5) | 55 | 1 | {53} | 821| 0.0 | 390.48921946740137 
2021-09-27 00:52:15,025 - INFO - load | 4 | (0.0, 0.55) | 55 | 1 | {53} | 821| 0.0 | 390.48921946740137 
2021-09-27 00:52:15,026 - INFO - load | 4 | (0.0, 0.6000000000000001) | 55 | 1 | {53} | 821| 0.0 | 390.48921946740137 
2021-09-27 00:52:15,026 - INFO - load | 4 | (0.0, 0.65) | 55 | 1 | {53} | 821| 0.0 | 390.48921946740137 
2021-09-27 00:52:15,026 - INFO - load | 4 | (0.0, 0.7000000000000001) | 55 | 1 | {53} | 821| 0.0 | 390.48921946740137 
2021-09-27 00:52:15,026 - INFO - load | 4 | (0.0, 0.75) | 55 | 1 | {53} | 821| 0.0 | 390.48921946740137 
2021-09-27 00:52:15,026 - INFO - load | 4 | (0.0, 0.8) | 55 | 1 | {53} | 821| 0.0 | 390.48921946740137 
2021-09-27 00:52:15,026 - INFO - load | 4 | (0.0, 0.8500000000000001) | 55 | 1 | {53} | 821| 0.0 | 390.48921946740137 
2021-09-27 00:52:15,026 - INFO - load | 4 | (0.0, 0.9) | 55 | 1 | {53} | 821| 0.0 | 390.48921946740137 
2021-09-27 00:52:15,026 - INFO - load | 4 | (0.0, 0.9500000000000001) | 55 | 1 | {53} | 821| 0.0 | 390.48921946740137 
2021-09-27 00:52:15,026 - INFO - load | 4 | (0.0, 1.0) | 55 | 1 | {53} | 821| 0.0 | 390.48921946740137 
2021-09-27 00:52:15,027 - INFO - load | 4 | (0.05, 0.0) | 55 | 1 | {53} | 821| 41.050000000000004 | 390.48921946740137 
2021-09-27 00:52:15,027 - INFO - load | 4 | (0.05, 0.05) | 55 | 1 | {53} | 821| 38.9975 | 390.48921946740137 
2021-09-27 00:52:15,027 - INFO - load | 4 | (0.05, 0.1) | 55 | 1 | {53} | 821| 36.945 | 390.48921946740137 
2021-09-27 00:52:15,027 - INFO - load | 4 | (0.05, 0.15000000000000002) | 55 | 1 | {53} | 821| 34.892500000000005 | 390.48921946740137 
2021-09-27 00:52:15,027 - INFO - load | 4 | (0.05, 0.2) | 55 | 1 | {53} | 821| 32.84 | 390.48921946740137 
2021-09-27 00:52:15,027 - INFO - load | 4 | (0.05, 0.25) | 55 | 1 | {53} | 821| 30.787500000000005 | 390.48921946740137 
2021-09-27 00:52:15,027 - INFO - load | 4 | (0.05, 0.30000000000000004) | 55 | 1 | {53} | 821| 28.735000000000003 | 390.48921946740137 
2021-09-27 00:52:15,027 - INFO - load | 4 | (0.05, 0.35000000000000003) | 55 | 1 | {53} | 821| 26.6825 | 390.48921946740137 
2021-09-27 00:52:15,028 - INFO - load | 4 | (0.05, 0.4) | 55 | 1 | {53} | 821| 24.63 | 390.48921946740137 
2021-09-27 00:52:15,028 - INFO - load | 4 | (0.05, 0.45) | 55 | 1 | {53} | 821| 22.5775 | 390.48921946740137 
2021-09-27 00:52:15,028 - INFO - load | 4 | (0.05, 0.5) | 55 | 1 | {53} | 821| 20.525000000000002 | 390.48921946740137 
2021-09-27 00:52:15,028 - INFO - load | 4 | (0.05, 0.55) | 55 | 1 | {53} | 821| 18.4725 | 390.48921946740137 
2021-09-27 00:52:15,029 - INFO - load | 4 | (0.05, 0.6000000000000001) | 55 | 1 | {53} | 821| 16.419999999999998 | 390.48921946740137 
2021-09-27 00:52:15,029 - INFO - load | 4 | (0.05, 0.65) | 55 | 1 | {53} | 821| 14.367500000000001 | 390.48921946740137 
2021-09-27 00:52:15,030 - INFO - load | 4 | (0.05, 0.7000000000000001) | 55 | 1 | {53} | 821| 12.315 | 390.48921946740137 
2021-09-27 00:52:15,030 - INFO - load | 4 | (0.05, 0.75) | 55 | 1 | {53} | 821| 10.262499999999998 | 390.48921946740137 
2021-09-27 00:52:15,030 - INFO - load | 4 | (0.05, 0.8) | 55 | 1 | {53} | 821| 8.209999999999996 | 390.48921946740137 
2021-09-27 00:52:15,030 - INFO - load | 4 | (0.05, 0.8500000000000001) | 55 | 1 | {53} | 821| 6.157499999999994 | 390.48921946740137 
2021-09-27 00:52:15,030 - INFO - load | 4 | (0.05, 0.9) | 55 | 1 | {53} | 821| 4.104999999999998 | 390.48921946740137 
2021-09-27 00:52:15,030 - INFO - load | 4 | (0.05, 0.9500000000000001) | 55 | 1 | {53} | 821| 2.052499999999996 | 390.48921946740137 
2021-09-27 00:52:15,031 - INFO - load | 4 | (0.05, 1.0) | 55 | 1 | {53} | 821| 0.0 | 390.48921946740137 
2021-09-27 00:52:15,031 - INFO - load | 4 | (0.1, 0.0) | 55 | 1 | {53} | 821| 82.10000000000001 | 390.48921946740137 
2021-09-27 00:52:15,031 - INFO - load | 4 | (0.1, 0.05) | 55 | 1 | {53} | 821| 77.995 | 390.48921946740137 
2021-09-27 00:52:15,031 - INFO - load | 4 | (0.1, 0.1) | 55 | 1 | {53} | 821| 73.89 | 390.48921946740137 
2021-09-27 00:52:15,031 - INFO - load | 4 | (0.1, 0.15000000000000002) | 55 | 1 | {53} | 821| 69.78500000000001 | 390.48921946740137 
2021-09-27 00:52:15,031 - INFO - load | 4 | (0.1, 0.2) | 55 | 1 | {53} | 821| 65.68 | 390.48921946740137 
2021-09-27 00:52:15,031 - INFO - load | 4 | (0.1, 0.25) | 55 | 1 | {53} | 821| 61.57500000000001 | 390.48921946740137 
2021-09-27 00:52:15,031 - INFO - load | 4 | (0.1, 0.30000000000000004) | 55 | 1 | {53} | 821| 57.470000000000006 | 390.48921946740137 
2021-09-27 00:52:15,032 - INFO - load | 4 | (0.1, 0.35000000000000003) | 55 | 1 | {53} | 821| 53.365 | 390.48921946740137 
2021-09-27 00:52:15,032 - INFO - load | 4 | (0.1, 0.4) | 55 | 1 | {53} | 821| 49.26 | 390.48921946740137 
2021-09-27 00:52:15,032 - INFO - load | 4 | (0.1, 0.45) | 55 | 1 | {53} | 821| 45.155 | 390.48921946740137 
2021-09-27 00:52:15,032 - INFO - load | 4 | (0.1, 0.5) | 55 | 1 | {53} | 821| 41.050000000000004 | 390.48921946740137 
2021-09-27 00:52:15,032 - INFO - load | 4 | (0.1, 0.55) | 55 | 1 | {53} | 821| 36.945 | 390.48921946740137 
2021-09-27 00:52:15,032 - INFO - load | 4 | (0.1, 0.6000000000000001) | 55 | 1 | {53} | 821| 32.839999999999996 | 390.48921946740137 
2021-09-27 00:52:15,032 - INFO - load | 4 | (0.1, 0.65) | 55 | 1 | {53} | 821| 28.735000000000003 | 390.48921946740137 
2021-09-27 00:52:15,032 - INFO - load | 4 | (0.1, 0.7000000000000001) | 55 | 1 | {53} | 821| 24.63 | 390.48921946740137 
2021-09-27 00:52:15,033 - INFO - load | 4 | (0.1, 0.75) | 55 | 1 | {53} | 821| 20.524999999999995 | 390.48921946740137 
2021-09-27 00:52:15,033 - INFO - load | 4 | (0.1, 0.8) | 55 | 1 | {53} | 821| 16.41999999999999 | 390.48921946740137 
2021-09-27 00:52:15,033 - INFO - load | 4 | (0.1, 0.8500000000000001) | 55 | 1 | {53} | 821| 12.314999999999989 | 390.48921946740137 
2021-09-27 00:52:15,033 - INFO - load | 4 | (0.1, 0.9) | 55 | 1 | {53} | 821| 8.209999999999996 | 390.48921946740137 
2021-09-27 00:52:15,033 - INFO - load | 4 | (0.1, 0.9500000000000001) | 55 | 1 | {53} | 821| 4.104999999999992 | 390.48921946740137 
2021-09-27 00:52:15,033 - INFO - load | 4 | (0.1, 1.0) | 55 | 1 | {53} | 821| 0.0 | 390.48921946740137 
2021-09-27 00:52:15,033 - INFO - load | 4 | (0.15000000000000002, 0.0) | 55 | 1 | {53} | 821| 123.15000000000002 | 390.48921946740137 
2021-09-27 00:52:15,033 - INFO - load | 4 | (0.15000000000000002, 0.05) | 55 | 1 | {53} | 821| 116.9925 | 390.48921946740137 
2021-09-27 00:52:15,034 - INFO - load | 4 | (0.15000000000000002, 0.1) | 55 | 1 | {53} | 821| 110.83500000000001 | 390.48921946740137 
2021-09-27 00:52:15,034 - INFO - load | 4 | (0.15000000000000002, 0.15000000000000002) | 55 | 1 | {53} | 821| 104.6775 | 390.48921946740137 
2021-09-27 00:52:15,034 - INFO - load | 4 | (0.15000000000000002, 0.2) | 55 | 1 | {53} | 821| 98.52000000000002 | 390.48921946740137 
2021-09-27 00:52:15,034 - INFO - load | 4 | (0.15000000000000002, 0.25) | 55 | 1 | {53} | 821| 92.36250000000001 | 390.48921946740137 
2021-09-27 00:52:15,034 - INFO - load | 4 | (0.15000000000000002, 0.30000000000000004) | 55 | 1 | {53} | 821| 86.20500000000001 | 390.48921946740137 
2021-09-27 00:52:15,034 - INFO - load | 4 | (0.15000000000000002, 0.35000000000000003) | 55 | 1 | {53} | 821| 80.0475 | 390.48921946740137 
2021-09-27 00:52:15,034 - INFO - load | 4 | (0.15000000000000002, 0.4) | 55 | 1 | {53} | 821| 73.89000000000001 | 390.48921946740137 
2021-09-27 00:52:15,034 - INFO - load | 4 | (0.15000000000000002, 0.45) | 55 | 1 | {53} | 821| 67.7325 | 390.48921946740137 
2021-09-27 00:52:15,035 - INFO - load | 4 | (0.15000000000000002, 0.5) | 55 | 1 | {53} | 821| 61.57500000000001 | 390.48921946740137 
2021-09-27 00:52:15,035 - INFO - load | 4 | (0.15000000000000002, 0.55) | 55 | 1 | {53} | 821| 55.417500000000004 | 390.48921946740137 
2021-09-27 00:52:15,035 - INFO - load | 4 | (0.15000000000000002, 0.6000000000000001) | 55 | 1 | {53} | 821| 49.26 | 390.48921946740137 
2021-09-27 00:52:15,035 - INFO - load | 4 | (0.15000000000000002, 0.65) | 55 | 1 | {53} | 821| 43.102500000000006 | 390.48921946740137 
2021-09-27 00:52:15,035 - INFO - load | 4 | (0.15000000000000002, 0.7000000000000001) | 55 | 1 | {53} | 821| 36.945 | 390.48921946740137 
2021-09-27 00:52:15,035 - INFO - load | 4 | (0.15000000000000002, 0.75) | 55 | 1 | {53} | 821| 30.787500000000005 | 390.48921946740137 
2021-09-27 00:52:15,035 - INFO - load | 4 | (0.15000000000000002, 0.8) | 55 | 1 | {53} | 821| 24.63 | 390.48921946740137 
2021-09-27 00:52:15,043 - INFO - compute | 4 | (0.15000000000000002, 0.8500000000000001) | 55 | 2 | {125, 53} | 1455| 32.73749999999999 | 692.8445087235997 
2021-09-27 00:52:15,053 - INFO - compute | 4 | (0.15000000000000002, 0.9) | 55 | 3 | {72, 125, 53} | 1858| 27.869999999999973 | 883.7058218549128 
2021-09-27 00:52:15,055 - INFO - load | 4 | (0.15000000000000002, 0.9500000000000001) | 55 | 3 | {72, 125, 53} | 1858| 13.934999999999961 | 883.7058218549128 
2021-09-27 00:52:15,058 - INFO - load | 4 | (0.15000000000000002, 1.0) | 55 | 3 | {72, 125, 53} | 1858| 0.0 | 883.7058218549128 
2021-09-27 00:52:15,058 - INFO - load | 4 | (0.2, 0.0) | 55 | 1 | {53} | 821| 164.20000000000002 | 390.48921946740137 
2021-09-27 00:52:15,058 - INFO - load | 4 | (0.2, 0.05) | 55 | 1 | {53} | 821| 155.99 | 390.48921946740137 
2021-09-27 00:52:15,059 - INFO - load | 4 | (0.2, 0.1) | 55 | 1 | {53} | 821| 147.78 | 390.48921946740137 
2021-09-27 00:52:15,059 - INFO - load | 4 | (0.2, 0.15000000000000002) | 55 | 1 | {53} | 821| 139.57000000000002 | 390.48921946740137 
2021-09-27 00:52:15,059 - INFO - load | 4 | (0.2, 0.2) | 55 | 1 | {53} | 821| 131.36 | 390.48921946740137 
2021-09-27 00:52:15,059 - INFO - load | 4 | (0.2, 0.25) | 55 | 1 | {53} | 821| 123.15000000000002 | 390.48921946740137 
2021-09-27 00:52:15,059 - INFO - load | 4 | (0.2, 0.30000000000000004) | 55 | 1 | {53} | 821| 114.94000000000001 | 390.48921946740137 
2021-09-27 00:52:15,059 - INFO - load | 4 | (0.2, 0.35000000000000003) | 55 | 1 | {53} | 821| 106.73 | 390.48921946740137 
2021-09-27 00:52:15,059 - INFO - load | 4 | (0.2, 0.4) | 55 | 1 | {53} | 821| 98.52 | 390.48921946740137 
2021-09-27 00:52:15,060 - INFO - load | 4 | (0.2, 0.45) | 55 | 1 | {53} | 821| 90.31 | 390.48921946740137 
2021-09-27 00:52:15,060 - INFO - load | 4 | (0.2, 0.5) | 55 | 1 | {53} | 821| 82.10000000000001 | 390.48921946740137 
2021-09-27 00:52:15,060 - INFO - load | 4 | (0.2, 0.55) | 55 | 1 | {53} | 821| 73.89 | 390.48921946740137 
2021-09-27 00:52:15,060 - INFO - load | 4 | (0.2, 0.6000000000000001) | 55 | 1 | {53} | 821| 65.67999999999999 | 390.48921946740137 
2021-09-27 00:52:15,062 - INFO - load | 4 | (0.2, 0.65) | 55 | 3 | {72, 125, 53} | 1858| 130.06 | 883.7058218549128 
2021-09-27 00:52:15,064 - INFO - load | 4 | (0.2, 0.7000000000000001) | 55 | 3 | {72, 125, 53} | 1858| 111.47999999999999 | 883.7058218549128 
2021-09-27 00:52:15,067 - INFO - load | 4 | (0.2, 0.75) | 55 | 3 | {72, 125, 53} | 1858| 92.89999999999998 | 883.7058218549128 
2021-09-27 00:52:15,069 - INFO - load | 4 | (0.2, 0.8) | 55 | 3 | {72, 125, 53} | 1858| 74.31999999999996 | 883.7058218549128 
2021-09-27 00:52:15,071 - INFO - load | 4 | (0.2, 0.8500000000000001) | 55 | 3 | {72, 125, 53} | 1858| 55.739999999999945 | 883.7058218549128 
2021-09-27 00:52:15,073 - INFO - load | 4 | (0.2, 0.9) | 55 | 3 | {72, 125, 53} | 1858| 37.15999999999998 | 883.7058218549128 
2021-09-27 00:52:15,075 - INFO - load | 4 | (0.2, 0.9500000000000001) | 55 | 3 | {72, 125, 53} | 1858| 18.579999999999966 | 883.7058218549128 
2021-09-27 00:52:15,088 - INFO - compute | 4 | (0.2, 1.0) | 55 | 4 | {72, 125, 53, 143} | 2358| 0.0 | 1121.8604040404043 
2021-09-27 00:52:15,088 - INFO - load | 4 | (0.25, 0.0) | 55 | 1 | {53} | 821| 205.25 | 390.48921946740137 
2021-09-27 00:52:15,088 - INFO - load | 4 | (0.25, 0.05) | 55 | 1 | {53} | 821| 194.98749999999998 | 390.48921946740137 
2021-09-27 00:52:15,088 - INFO - load | 4 | (0.25, 0.1) | 55 | 1 | {53} | 821| 184.725 | 390.48921946740137 
2021-09-27 00:52:15,089 - INFO - load | 4 | (0.25, 0.15000000000000002) | 55 | 1 | {53} | 821| 174.4625 | 390.48921946740137 
2021-09-27 00:52:15,089 - INFO - load | 4 | (0.25, 0.2) | 55 | 1 | {53} | 821| 164.20000000000002 | 390.48921946740137 
2021-09-27 00:52:15,089 - INFO - load | 4 | (0.25, 0.25) | 55 | 1 | {53} | 821| 153.9375 | 390.48921946740137 
2021-09-27 00:52:15,089 - INFO - load | 4 | (0.25, 0.30000000000000004) | 55 | 1 | {53} | 821| 143.67499999999998 | 390.48921946740137 
2021-09-27 00:52:15,089 - INFO - load | 4 | (0.25, 0.35000000000000003) | 55 | 1 | {53} | 821| 133.4125 | 390.48921946740137 
2021-09-27 00:52:15,089 - INFO - load | 4 | (0.25, 0.4) | 55 | 1 | {53} | 821| 123.14999999999999 | 390.48921946740137 
2021-09-27 00:52:15,090 - INFO - load | 4 | (0.25, 0.45) | 55 | 1 | {53} | 821| 112.8875 | 390.48921946740137 
2021-09-27 00:52:15,092 - INFO - load | 4 | (0.25, 0.5) | 55 | 2 | {125, 53} | 1455| 181.875 | 692.8445087235997 
2021-09-27 00:52:15,094 - INFO - load | 4 | (0.25, 0.55) | 55 | 3 | {72, 125, 53} | 1858| 209.02499999999998 | 883.7058218549128 
2021-09-27 00:52:15,096 - INFO - load | 4 | (0.25, 0.6000000000000001) | 55 | 3 | {72, 125, 53} | 1858| 185.79999999999995 | 883.7058218549128 
2021-09-27 00:52:15,098 - INFO - load | 4 | (0.25, 0.65) | 55 | 3 | {72, 125, 53} | 1858| 162.575 | 883.7058218549128 
2021-09-27 00:52:15,100 - INFO - load | 4 | (0.25, 0.7000000000000001) | 55 | 3 | {72, 125, 53} | 1858| 139.34999999999997 | 883.7058218549128 
2021-09-27 00:52:15,102 - INFO - load | 4 | (0.25, 0.75) | 55 | 3 | {72, 125, 53} | 1858| 116.125 | 883.7058218549128 
2021-09-27 00:52:15,104 - INFO - load | 4 | (0.25, 0.8) | 55 | 4 | {72, 125, 53, 143} | 2358| 117.89999999999998 | 1121.8604040404043 
2021-09-27 00:52:15,107 - INFO - load | 4 | (0.25, 0.8500000000000001) | 55 | 4 | {72, 125, 53, 143} | 2358| 88.42499999999995 | 1121.8604040404043 
2021-09-27 00:52:15,110 - INFO - load | 4 | (0.25, 0.9) | 55 | 4 | {72, 125, 53, 143} | 2358| 58.94999999999999 | 1121.8604040404043 
2021-09-27 00:52:15,142 - INFO - compute | 4 | (0.25, 0.9500000000000001) | 55 | 5 | (72, 143, 50, 53) | 2441| 30.51249999999996 | 1163.296822773186 
2021-09-27 00:52:15,145 - INFO - load | 4 | (0.25, 1.0) | 55 | 5 | (72, 143, 50, 53) | 2441| 0.0 | 1163.296822773186 
2021-09-27 00:52:15,152 - INFO - compute | 4 | (0.30000000000000004, 0.0) | 54 | 1 | {53} | 793| 237.90000000000003 | 383.0585491276401 
2021-09-27 00:52:15,155 - INFO - load | 4 | (0.30000000000000004, 0.05) | 54 | 1 | {53} | 793| 226.00500000000002 | 383.0585491276401 
2021-09-27 00:52:15,158 - INFO - load | 4 | (0.30000000000000004, 0.1) | 54 | 1 | {53} | 793| 214.11 | 383.0585491276401 
2021-09-27 00:52:15,161 - INFO - load | 4 | (0.30000000000000004, 0.15000000000000002) | 54 | 1 | {53} | 793| 202.215 | 383.0585491276401 
2021-09-27 00:52:15,164 - INFO - load | 4 | (0.30000000000000004, 0.2) | 54 | 1 | {53} | 793| 190.32000000000005 | 383.0585491276401 
2021-09-27 00:52:15,167 - INFO - load | 4 | (0.30000000000000004, 0.25) | 54 | 1 | {53} | 793| 178.42500000000004 | 383.0585491276401 
2021-09-27 00:52:15,170 - INFO - load | 4 | (0.30000000000000004, 0.30000000000000004) | 54 | 1 | {53} | 793| 166.53000000000003 | 383.0585491276401 
2021-09-27 00:52:15,173 - INFO - load | 4 | (0.30000000000000004, 0.35000000000000003) | 54 | 1 | {53} | 793| 154.63500000000002 | 383.0585491276401 
2021-09-27 00:52:15,177 - INFO - load | 4 | (0.30000000000000004, 0.4) | 54 | 1 | {53} | 793| 142.74 | 383.0585491276401 
2021-09-27 00:52:15,188 - INFO - compute | 4 | (0.30000000000000004, 0.45) | 54 | 3 | {72, 125, 53} | 1798| 296.67 | 867.7829568411387 
2021-09-27 00:52:15,191 - INFO - load | 4 | (0.30000000000000004, 0.5) | 54 | 3 | {72, 125, 53} | 1798| 269.70000000000005 | 867.7829568411387 
2021-09-27 00:52:15,195 - INFO - load | 4 | (0.30000000000000004, 0.55) | 54 | 3 | {72, 125, 53} | 1798| 242.73000000000002 | 867.7829568411387 
2021-09-27 00:52:15,198 - INFO - load | 4 | (0.30000000000000004, 0.6000000000000001) | 54 | 3 | {72, 125, 53} | 1798| 215.76 | 867.7829568411387 
2021-09-27 00:52:15,202 - INFO - load | 4 | (0.30000000000000004, 0.65) | 54 | 3 | {72, 125, 53} | 1798| 188.79000000000002 | 867.7829568411387 
2021-09-27 00:52:15,216 - INFO - compute | 4 | (0.30000000000000004, 0.7000000000000001) | 54 | 4 | {72, 125, 53, 143} | 2283| 205.47 | 1101.9568227731866 
2021-09-27 00:52:15,219 - INFO - load | 4 | (0.30000000000000004, 0.75) | 54 | 4 | {72, 125, 53, 143} | 2283| 171.22500000000002 | 1101.9568227731866 
2021-09-27 00:52:15,252 - INFO - compute | 4 | (0.30000000000000004, 0.8) | 54 | 5 | (72, 143, 50, 53) | 2363| 141.78 | 1142.5970982552797 
2021-09-27 00:52:15,256 - INFO - load | 4 | (0.30000000000000004, 0.8500000000000001) | 54 | 5 | (72, 143, 50, 53) | 2363| 106.33499999999997 | 1142.5970982552797 
2021-09-27 00:52:15,339 - INFO - compute | 4 | (0.30000000000000004, 0.9) | 54 | 6 | (72, 143, 50, 53) | 2363| 70.88999999999993 | 1142.5970982552797 
2021-09-27 00:52:15,518 - INFO - compute | 4 | (0.30000000000000004, 0.9500000000000001) | 54 | 7 | (72, 44, 143, 53) | 2536| 38.03999999999989 | 1232.7522405876955 
2021-09-27 00:52:16,124 - INFO - compute | 4 | (0.30000000000000004, 1.0) | 54 | 9 | (44, 45, 143, 53) | 2633| 0.0 | 1295.150505050505 
2021-09-27 00:52:16,132 - INFO - compute | 4 | (0.35000000000000003, 0.0) | 52 | 1 | {53} | 744| 260.40000000000003 | 367.90915518824613 
2021-09-27 00:52:16,135 - INFO - load | 4 | (0.35000000000000003, 0.05) | 52 | 1 | {53} | 744| 247.38000000000002 | 367.90915518824613 
2021-09-27 00:52:16,139 - INFO - load | 4 | (0.35000000000000003, 0.1) | 52 | 1 | {53} | 744| 234.36000000000004 | 367.90915518824613 
2021-09-27 00:52:16,143 - INFO - load | 4 | (0.35000000000000003, 0.15000000000000002) | 52 | 1 | {53} | 744| 221.34000000000003 | 367.90915518824613 
2021-09-27 00:52:16,147 - INFO - load | 4 | (0.35000000000000003, 0.2) | 52 | 1 | {53} | 744| 208.32000000000002 | 367.90915518824613 
2021-09-27 00:52:16,151 - INFO - load | 4 | (0.35000000000000003, 0.25) | 52 | 1 | {53} | 744| 195.3 | 367.90915518824613 
2021-09-27 00:52:16,155 - INFO - load | 4 | (0.35000000000000003, 0.30000000000000004) | 52 | 1 | {53} | 744| 182.28 | 367.90915518824613 
2021-09-27 00:52:16,159 - INFO - load | 4 | (0.35000000000000003, 0.35000000000000003) | 52 | 1 | {53} | 744| 169.26000000000002 | 367.90915518824613 
2021-09-27 00:52:16,173 - INFO - compute | 4 | (0.35000000000000003, 0.4) | 52 | 3 | {72, 125, 53} | 1685| 353.85 | 832.8443985307621 
2021-09-27 00:52:16,177 - INFO - load | 4 | (0.35000000000000003, 0.45) | 52 | 3 | {72, 125, 53} | 1685| 324.3625 | 832.8443985307621 
2021-09-27 00:52:16,181 - INFO - load | 4 | (0.35000000000000003, 0.5) | 52 | 3 | {72, 125, 53} | 1685| 294.875 | 832.8443985307621 
2021-09-27 00:52:16,185 - INFO - load | 4 | (0.35000000000000003, 0.55) | 52 | 3 | {72, 125, 53} | 1685| 265.3875 | 832.8443985307621 
2021-09-27 00:52:16,200 - INFO - compute | 4 | (0.35000000000000003, 0.6000000000000001) | 52 | 4 | {72, 125, 53, 143} | 2142| 299.88 | 1058.360505050505 
2021-09-27 00:52:16,204 - INFO - load | 4 | (0.35000000000000003, 0.65) | 52 | 4 | {72, 125, 53, 143} | 2142| 262.395 | 1058.360505050505 
2021-09-27 00:52:16,239 - INFO - compute | 4 | (0.35000000000000003, 0.7000000000000001) | 52 | 5 | (72, 143, 50, 53) | 2218| 232.88999999999996 | 1097.763957759412 
2021-09-27 00:52:16,244 - INFO - load | 4 | (0.35000000000000003, 0.75) | 52 | 5 | (72, 143, 50, 53) | 2218| 194.07500000000005 | 1097.763957759412 
2021-09-27 00:52:16,419 - INFO - compute | 4 | (0.35000000000000003, 0.8) | 52 | 7 | (72, 44, 143, 53) | 2380| 166.60000000000002 | 1184.5195224977044 
2021-09-27 00:52:16,972 - INFO - compute | 4 | (0.35000000000000003, 0.8500000000000001) | 52 | 9 | (44, 45, 143, 53) | 2476| 129.98999999999998 | 1246.606896235078 
2021-09-27 00:52:18,146 - INFO - compute | 4 | (0.35000000000000003, 0.9) | 52 | 10 | (44, 45, 143, 53) | 2476| 86.65999999999994 | 1246.606896235078 
2021-09-27 00:52:19,568 - INFO - compute | 4 | (0.35000000000000003, 0.9500000000000001) | 52 | 11 | (44, 45, 143, 53) | 2476| 43.3299999999999 | 1246.606896235078 
2021-09-27 00:52:23,796 - INFO - compute | 4 | (0.35000000000000003, 1.0) | 52 | 14 | (1, 72, 143, 53) | 2562| 0.0 | 1281.8588154269971 
2021-09-27 00:52:23,803 - INFO - compute | 4 | (0.4, 0.0) | 48 | 1 | {53} | 655| 262.0 | 334.3144628099174 
2021-09-27 00:52:23,807 - INFO - load | 4 | (0.4, 0.05) | 48 | 1 | {53} | 655| 248.9 | 334.3144628099174 
2021-09-27 00:52:23,811 - INFO - load | 4 | (0.4, 0.1) | 48 | 1 | {53} | 655| 235.79999999999998 | 334.3144628099174 
2021-09-27 00:52:23,815 - INFO - load | 4 | (0.4, 0.15000000000000002) | 48 | 1 | {53} | 655| 222.70000000000002 | 334.3144628099174 
2021-09-27 00:52:23,819 - INFO - load | 4 | (0.4, 0.2) | 48 | 1 | {53} | 655| 209.6 | 334.3144628099174 
2021-09-27 00:52:23,823 - INFO - load | 4 | (0.4, 0.25) | 48 | 1 | {53} | 655| 196.50000000000003 | 334.3144628099174 
2021-09-27 00:52:23,827 - INFO - load | 4 | (0.4, 0.30000000000000004) | 48 | 1 | {53} | 655| 183.4 | 334.3144628099174 
2021-09-27 00:52:23,838 - INFO - compute | 4 | (0.4, 0.35000000000000003) | 48 | 3 | {72, 125, 53} | 1478| 384.28000000000003 | 754.6803673094581 
2021-09-27 00:52:23,842 - INFO - load | 4 | (0.4, 0.4) | 48 | 3 | {72, 125, 53} | 1478| 354.71999999999997 | 754.6803673094581 
2021-09-27 00:52:23,846 - INFO - load | 4 | (0.4, 0.45) | 48 | 3 | {72, 125, 53} | 1478| 325.16 | 754.6803673094581 
2021-09-27 00:52:23,859 - INFO - compute | 4 | (0.4, 0.5) | 48 | 4 | {72, 125, 53, 143} | 1881| 376.20000000000005 | 959.8020661157026 
2021-09-27 00:52:23,863 - INFO - load | 4 | (0.4, 0.55) | 48 | 4 | {72, 125, 53, 143} | 1881| 338.58 | 959.8020661157026 
2021-09-27 00:52:23,890 - INFO - compute | 4 | (0.4, 0.6000000000000001) | 48 | 5 | (72, 143, 50, 53) | 1949| 311.84 | 996.1893296602384 
2021-09-27 00:52:23,895 - INFO - load | 4 | (0.4, 0.65) | 48 | 5 | (72, 143, 50, 53) | 1949| 272.86 | 996.1893296602384 
2021-09-27 00:52:24,049 - INFO - compute | 4 | (0.4, 0.7000000000000001) | 48 | 7 | (72, 44, 143, 53) | 2102| 252.23999999999998 | 1079.5465013774106 
2021-09-27 00:52:24,566 - INFO - compute | 4 | (0.4, 0.75) | 48 | 9 | (44, 45, 143, 53) | 2197| 219.69999999999996 | 1141.2591827364554 
2021-09-27 00:52:25,431 - INFO - compute | 4 | (0.4, 0.8) | 48 | 10 | (44, 45, 143, 53) | 2197| 175.7599999999999 | 1141.2591827364554 
2021-09-27 00:52:27,411 - INFO - compute | 4 | (0.4, 0.8500000000000001) | 48 | 12 | (45, 13, 143, 53) | 2253| 135.17999999999986 | 1178.2118457300273 
2021-09-27 00:52:31,376 - INFO - compute | 4 | (0.4, 0.9) | 48 | 14 | (1, 13, 143, 53) | 2274| 90.95999999999995 | 1186.4513223140493 
2021-09-27 00:52:36,889 - INFO - compute | 4 | (0.4, 0.9500000000000001) | 48 | 15 | (1, 13, 143, 53) | 2274| 45.47999999999991 | 1186.4513223140493 
2021-09-27 00:52:55,728 - INFO - compute | 4 | (0.4, 1.0) | 48 | 20 | (99, 13, 53, 143) | 2396| 0.0 | 1260.5139393939396 
2021-09-27 00:52:55,735 - INFO - compute | 4 | (0.45, 0.0) | 34 | 1 | {53} | 404| 181.8 | 227.90179063360887 
2021-09-27 00:52:55,740 - INFO - load | 4 | (0.45, 0.05) | 34 | 1 | {53} | 404| 172.71 | 227.90179063360887 
2021-09-27 00:52:55,744 - INFO - load | 4 | (0.45, 0.1) | 34 | 1 | {53} | 404| 163.62 | 227.90179063360887 
2021-09-27 00:52:55,749 - INFO - load | 4 | (0.45, 0.15000000000000002) | 34 | 1 | {53} | 404| 154.53 | 227.90179063360887 
2021-09-27 00:52:55,753 - INFO - load | 4 | (0.45, 0.2) | 34 | 1 | {53} | 404| 145.44 | 227.90179063360887 
2021-09-27 00:52:55,757 - INFO - load | 4 | (0.45, 0.25) | 34 | 1 | {53} | 404| 136.35000000000002 | 227.90179063360887 
2021-09-27 00:52:55,767 - INFO - compute | 4 | (0.45, 0.30000000000000004) | 34 | 3 | {72, 125, 53} | 897| 282.55499999999995 | 507.9988980716254 
2021-09-27 00:52:55,772 - INFO - load | 4 | (0.45, 0.35000000000000003) | 34 | 3 | {72, 125, 53} | 897| 262.3725 | 507.9988980716254 
2021-09-27 00:52:55,776 - INFO - load | 4 | (0.45, 0.4) | 34 | 3 | {72, 125, 53} | 897| 242.19000000000003 | 507.9988980716254 
2021-09-27 00:52:55,787 - INFO - compute | 4 | (0.45, 0.45) | 34 | 4 | {72, 125, 53, 143} | 1131| 279.9225 | 641.181083562902 
2021-09-27 00:52:55,792 - INFO - load | 4 | (0.45, 0.5) | 34 | 4 | {72, 125, 53, 143} | 1131| 254.475 | 641.181083562902 
2021-09-27 00:52:55,815 - INFO - compute | 4 | (0.45, 0.55) | 34 | 5 | (72, 143, 50, 53) | 1175| 237.93749999999997 | 667.4064554637281 
2021-09-27 00:52:55,867 - INFO - compute | 4 | (0.45, 0.6000000000000001) | 34 | 6 | (72, 143, 50, 53) | 1175| 211.49999999999991 | 667.4064554637281 
2021-09-27 00:52:56,078 - INFO - compute | 4 | (0.45, 0.65) | 34 | 8 | (44, 45, 143, 53) | 1355| 213.41249999999997 | 783.3995224977044 
2021-09-27 00:52:56,684 - INFO - compute | 4 | (0.45, 0.7000000000000001) | 34 | 10 | (44, 45, 143, 53) | 1355| 182.92499999999993 | 783.3995224977044 
2021-09-27 00:52:58,091 - INFO - compute | 4 | (0.45, 0.75) | 34 | 12 | (45, 13, 143, 53) | 1387| 156.0375 | 809.9763085399449 
2021-09-27 00:53:00,947 - INFO - compute | 4 | (0.45, 0.8) | 34 | 14 | (45, 13, 143, 53) | 1387| 124.82999999999996 | 809.9763085399449 
2021-09-27 00:53:05,616 - INFO - compute | 4 | (0.45, 0.8500000000000001) | 34 | 15 | (45, 13, 143, 53) | 1387| 93.62249999999993 | 809.9763085399449 
2021-09-27 00:53:20,825 - INFO - compute | 4 | (0.45, 0.9) | 34 | 20 | (99, 13, 53, 143) | 1502| 67.58999999999997 | 880.2239761248852 
2021-09-27 00:53:41,955 - INFO - compute | 4 | (0.45, 0.9500000000000001) | 34 | 22 | (13, 143, 53, 99) | 1502| 33.794999999999945 | 880.2239761248852 
2021-09-27 00:54:11,924 - INFO - compute | 4 | (0.45, 1.0) | 34 | 24 | (13, 143, 53, 99) | 1502| 0.0 | 880.2239761248852 
2021-09-27 00:54:11,931 - INFO - compute | 4 | (0.5, 0.0) | 27 | 1 | {53} | 272| 136.0 | 163.40988980716256 
2021-09-27 00:54:11,936 - INFO - load | 4 | (0.5, 0.05) | 27 | 1 | {53} | 272| 129.2 | 163.40988980716256 
2021-09-27 00:54:11,940 - INFO - load | 4 | (0.5, 0.1) | 27 | 1 | {53} | 272| 122.4 | 163.40988980716256 
2021-09-27 00:54:11,945 - INFO - load | 4 | (0.5, 0.15000000000000002) | 27 | 1 | {53} | 272| 115.6 | 163.40988980716256 
2021-09-27 00:54:11,950 - INFO - load | 4 | (0.5, 0.2) | 27 | 1 | {53} | 272| 108.80000000000001 | 163.40988980716256 
2021-09-27 00:54:11,958 - INFO - compute | 4 | (0.5, 0.25) | 27 | 2 | {125, 53} | 477| 178.875 | 288.1122865013774 
2021-09-27 00:54:11,967 - INFO - compute | 4 | (0.5, 0.30000000000000004) | 27 | 3 | {72, 125, 53} | 608| 212.79999999999998 | 366.84860422405876 
2021-09-27 00:54:11,973 - INFO - load | 4 | (0.5, 0.35000000000000003) | 27 | 3 | {72, 125, 53} | 608| 197.59999999999997 | 366.84860422405876 
2021-09-27 00:54:11,982 - INFO - compute | 4 | (0.5, 0.4) | 27 | 4 | {72, 125, 53, 143} | 771| 231.29999999999998 | 465.35152433425174 
2021-09-27 00:54:11,988 - INFO - load | 4 | (0.5, 0.45) | 27 | 4 | {72, 125, 53, 143} | 771| 212.025 | 465.35152433425174 
2021-09-27 00:54:12,007 - INFO - compute | 4 | (0.5, 0.5) | 27 | 5 | (72, 143, 50, 53) | 801| 200.25 | 484.7459779614325 
2021-09-27 00:54:12,098 - INFO - compute | 4 | (0.5, 0.55) | 27 | 7 | (72, 44, 143, 53) | 885| 199.12499999999997 | 537.5725160697888 
2021-09-27 00:54:12,409 - INFO - compute | 4 | (0.5, 0.6000000000000001) | 27 | 9 | (44, 45, 143, 53) | 956| 191.19999999999996 | 588.5383195592287 
2021-09-27 00:54:12,895 - INFO - compute | 4 | (0.5, 0.65) | 27 | 10 | (44, 45, 143, 53) | 956| 167.29999999999998 | 588.5383195592287 
2021-09-27 00:54:15,507 - INFO - compute | 4 | (0.5, 0.7000000000000001) | 27 | 14 | (1, 13, 143, 53) | 1014| 152.09999999999997 | 626.9158494031221 
2021-09-27 00:54:18,978 - INFO - compute | 4 | (0.5, 0.75) | 27 | 15 | (1, 13, 143, 53) | 1014| 126.75 | 626.9158494031221 
2021-09-27 00:54:29,780 - INFO - compute | 4 | (0.5, 0.8) | 27 | 20 | (99, 13, 53, 143) | 1094| 109.39999999999998 | 680.7915426997245 
2021-09-27 00:54:46,546 - INFO - compute | 4 | (0.5, 0.8500000000000001) | 27 | 22 | (1, 143, 99, 111) | 1108| 83.09999999999995 | 695.7557943067034 
2021-09-27 00:55:12,092 - INFO - compute | 4 | (0.5, 0.9) | 27 | 24 | (1, 143, 99, 111) | 1108| 55.399999999999984 | 695.7557943067034 
2021-09-27 00:55:47,332 - INFO - compute | 4 | (0.5, 0.9500000000000001) | 27 | 26 | (1, 143, 99, 111) | 1108| 27.699999999999964 | 695.7557943067034 
2021-09-27 00:56:44,272 - INFO - compute | 4 | (0.5, 1.0) | 27 | 29 | (1, 143, 99, 111) | 1108| 0.0 | 695.7557943067034 
2021-09-27 00:56:44,279 - INFO - compute | 4 | (0.55, 0.0) | 21 | 1 | {53} | 184| 101.2 | 118.12678604224058 
2021-09-27 00:56:44,285 - INFO - load | 4 | (0.55, 0.05) | 21 | 1 | {53} | 184| 96.14000000000001 | 118.12678604224058 
2021-09-27 00:56:44,291 - INFO - load | 4 | (0.55, 0.1) | 21 | 1 | {53} | 184| 91.08000000000001 | 118.12678604224058 
2021-09-27 00:56:44,297 - INFO - load | 4 | (0.55, 0.15000000000000002) | 21 | 1 | {53} | 184| 86.02000000000001 | 118.12678604224058 
2021-09-27 00:56:44,303 - INFO - load | 4 | (0.55, 0.2) | 21 | 1 | {53} | 184| 80.96000000000001 | 118.12678604224058 
2021-09-27 00:56:44,312 - INFO - compute | 4 | (0.55, 0.25) | 21 | 3 | {72, 125, 53} | 392| 161.70000000000002 | 255.62860422405876 
2021-09-27 00:56:44,318 - INFO - load | 4 | (0.55, 0.30000000000000004) | 21 | 3 | {72, 125, 53} | 392| 150.92000000000002 | 255.62860422405876 
2021-09-27 00:56:44,323 - INFO - load | 4 | (0.55, 0.35000000000000003) | 21 | 3 | {72, 125, 53} | 392| 140.14000000000001 | 255.62860422405876 
2021-09-27 00:56:44,333 - INFO - compute | 4 | (0.55, 0.4) | 21 | 4 | {72, 125, 53, 143} | 488| 161.04000000000002 | 319.65874196510566 
2021-09-27 00:56:44,350 - INFO - compute | 4 | (0.55, 0.45) | 21 | 5 | (72, 143, 50, 53) | 521| 157.6025 | 340.57938475665753 
2021-09-27 00:56:44,420 - INFO - compute | 4 | (0.55, 0.5) | 21 | 7 | (44, 143, 50, 53) | 585| 160.875 | 384.037722681359 
2021-09-27 00:56:44,668 - INFO - compute | 4 | (0.55, 0.55) | 21 | 9 | (44, 45, 143, 53) | 659| 163.1025 | 435.71966023875126 
2021-09-27 00:56:45,062 - INFO - compute | 4 | (0.55, 0.6000000000000001) | 21 | 10 | (44, 45, 143, 53) | 659| 144.98 | 435.71966023875126 
2021-09-27 00:56:46,920 - INFO - compute | 4 | (0.55, 0.65) | 21 | 14 | (1, 13, 143, 53) | 720| 138.6 | 476.0062718089991 
2021-09-27 00:56:50,750 - INFO - compute | 4 | (0.55, 0.7000000000000001) | 21 | 16 | (99, 13, 143, 53) | 769| 126.88499999999999 | 513.7575849403122 
2021-09-27 00:57:04,302 - INFO - compute | 4 | (0.55, 0.75) | 21 | 22 | (1, 143, 99, 111) | 797| 109.5875 | 535.8943893480257 
2021-09-27 00:57:20,354 - INFO - compute | 4 | (0.55, 0.8) | 21 | 23 | (1, 143, 99, 111) | 797| 87.66999999999999 | 535.8943893480257 
2021-09-27 00:57:47,419 - INFO - compute | 4 | (0.55, 0.8500000000000001) | 21 | 26 | (1, 143, 99, 111) | 797| 65.75249999999997 | 535.8943893480257 
2021-09-27 00:58:29,563 - INFO - compute | 4 | (0.55, 0.9) | 21 | 29 | (1, 143, 99, 111) | 797| 43.834999999999994 | 535.8943893480257 
2021-09-27 00:59:41,742 - INFO - compute | 4 | (0.55, 0.9500000000000001) | 21 | 33 | (1, 143, 27, 111) | 860| 23.649999999999974 | 579.5726629935721 
2021-09-27 01:01:03,904 - INFO - compute | 4 | (0.55, 1.0) | 21 | 34 | (1, 143, 27, 111) | 860| 0.0 | 579.5726629935721 
2021-09-27 01:01:03,912 - INFO - compute | 4 | (0.6000000000000001, 0.0) | 17 | 1 | {53} | 123| 73.80000000000001 | 82.6 
2021-09-27 01:01:03,918 - INFO - load | 4 | (0.6000000000000001, 0.05) | 17 | 1 | {53} | 123| 70.11000000000001 | 82.6 
2021-09-27 01:01:03,924 - INFO - load | 4 | (0.6000000000000001, 0.1) | 17 | 1 | {53} | 123| 66.42 | 82.6 
2021-09-27 01:01:03,931 - INFO - load | 4 | (0.6000000000000001, 0.15000000000000002) | 17 | 1 | {53} | 123| 62.730000000000004 | 82.6 
2021-09-27 01:01:03,937 - INFO - load | 4 | (0.6000000000000001, 0.2) | 17 | 1 | {53} | 123| 59.04000000000001 | 82.6 
2021-09-27 01:01:03,947 - INFO - compute | 4 | (0.6000000000000001, 0.25) | 17 | 3 | {72, 125, 53} | 272| 122.40000000000002 | 185.84190082644628 
2021-09-27 01:01:03,953 - INFO - load | 4 | (0.6000000000000001, 0.30000000000000004) | 17 | 3 | {72, 125, 53} | 272| 114.24000000000001 | 185.84190082644628 
2021-09-27 01:01:03,963 - INFO - compute | 4 | (0.6000000000000001, 0.35000000000000003) | 17 | 4 | {72, 125, 53, 143} | 344| 134.16 | 235.85966942148758 
2021-09-27 01:01:03,978 - INFO - compute | 4 | (0.6000000000000001, 0.4) | 17 | 5 | (72, 143, 50, 53) | 368| 132.48000000000002 | 251.6192194674013 
2021-09-27 01:01:04,010 - INFO - compute | 4 | (0.6000000000000001, 0.45) | 17 | 6 | (72, 143, 50, 53) | 368| 121.44000000000001 | 251.6192194674013 
2021-09-27 01:01:04,209 - INFO - compute | 4 | (0.6000000000000001, 0.5) | 17 | 9 | (44, 45, 143, 53) | 480| 144.00000000000003 | 331.60038567493115 
2021-09-27 01:01:04,549 - INFO - compute | 4 | (0.6000000000000001, 0.55) | 17 | 10 | (44, 45, 143, 53) | 480| 129.60000000000002 | 331.60038567493115 
2021-09-27 01:01:06,022 - INFO - compute | 4 | (0.6000000000000001, 0.6000000000000001) | 17 | 14 | (1, 45, 13, 143) | 547| 131.28 | 381.7127180899908 
2021-09-27 01:01:08,838 - INFO - compute | 4 | (0.6000000000000001, 0.65) | 17 | 16 | (1, 99, 13, 143) | 593| 124.53000000000002 | 413.76898989898996 
2021-09-27 01:01:19,559 - INFO - compute | 4 | (0.6000000000000001, 0.7000000000000001) | 17 | 22 | (1, 143, 99, 111) | 613| 110.33999999999999 | 428.8032690541782 
2021-09-27 01:01:34,576 - INFO - compute | 4 | (0.6000000000000001, 0.75) | 17 | 24 | (1, 143, 99, 111) | 613| 91.95000000000002 | 428.8032690541782 
2021-09-27 01:02:03,423 - INFO - compute | 4 | (0.6000000000000001, 0.8) | 17 | 28 | (1, 143, 86, 99) | 615| 73.8 | 429.9324242424242 
2021-09-27 01:02:49,705 - INFO - compute | 4 | (0.6000000000000001, 0.8500000000000001) | 17 | 31 | (1, 143, 86, 99) | 615| 55.34999999999998 | 429.9324242424242 
2021-09-27 01:03:59,990 - INFO - compute | 4 | (0.6000000000000001, 0.9) | 17 | 34 | (1, 143, 27, 99) | 661| 39.65999999999996 | 465.2743985307621 
2021-09-27 01:05:27,945 - INFO - compute | 4 | (0.6000000000000001, 0.9500000000000001) | 17 | 36 | (1, 143, 27, 99) | 661| 19.829999999999945 | 465.2743985307621 
2021-09-27 01:07:54,891 - INFO - compute | 4 | (0.6000000000000001, 1.0) | 17 | 41 | (1, 143, 27, 99) | 661| 0.0 | 465.2743985307621 
2021-09-27 01:07:54,898 - INFO - compute | 4 | (0.65, 0.0) | 11 | 1 | {53} | 52| 33.800000000000004 | 38.99967860422406 
2021-09-27 01:07:54,905 - INFO - load | 4 | (0.65, 0.05) | 11 | 1 | {53} | 52| 32.11 | 38.99967860422406 
2021-09-27 01:07:54,912 - INFO - load | 4 | (0.65, 0.1) | 11 | 1 | {53} | 52| 30.419999999999998 | 38.99967860422406 
2021-09-27 01:07:54,919 - INFO - load | 4 | (0.65, 0.15000000000000002) | 11 | 1 | {53} | 52| 28.73 | 38.99967860422406 
2021-09-27 01:07:54,927 - INFO - compute | 4 | (0.65, 0.2) | 11 | 3 | {72, 125, 53} | 129| 67.08 | 97.43888888888888 
2021-09-27 01:07:54,934 - INFO - load | 4 | (0.65, 0.25) | 11 | 3 | {72, 125, 53} | 129| 62.8875 | 97.43888888888888 
2021-09-27 01:07:54,941 - INFO - load | 4 | (0.65, 0.30000000000000004) | 11 | 3 | {72, 125, 53} | 129| 58.69499999999999 | 97.43888888888888 
2021-09-27 01:07:54,950 - INFO - compute | 4 | (0.65, 0.35000000000000003) | 11 | 4 | {72, 125, 53, 143} | 167| 70.5575 | 126.00821854912763 
2021-09-27 01:07:54,963 - INFO - compute | 4 | (0.65, 0.4) | 11 | 5 | (72, 143, 50, 53) | 179| 69.81 | 134.48456382001837 
2021-09-27 01:07:55,046 - INFO - compute | 4 | (0.65, 0.45) | 11 | 8 | (72, 44, 45, 143) | 249| 89.0175 | 188.97275482093661 
2021-09-27 01:07:55,267 - INFO - compute | 4 | (0.65, 0.5) | 11 | 10 | (72, 44, 45, 143) | 249| 80.925 | 188.97275482093661 
2021-09-27 01:07:56,371 - INFO - compute | 4 | (0.65, 0.55) | 11 | 14 | (1, 45, 13, 143) | 306| 89.505 | 232.50802571166207 
2021-09-27 01:07:58,290 - INFO - compute | 4 | (0.65, 0.6000000000000001) | 11 | 16 | (1, 99, 13, 143) | 330| 85.79999999999998 | 251.07706152433425 
2021-09-27 01:08:05,438 - INFO - compute | 4 | (0.65, 0.65) | 11 | 22 | (1, 80, 99, 111) | 353| 80.30749999999999 | 270.59508723599635 
2021-09-27 01:08:17,551 - INFO - compute | 4 | (0.65, 0.7000000000000001) | 11 | 25 | (1, 73, 86, 99) | 364| 70.97999999999998 | 278.94969696969696 
2021-09-27 01:08:40,625 - INFO - compute | 4 | (0.65, 0.75) | 11 | 29 | (1, 73, 86, 99) | 364| 59.14999999999999 | 278.94969696969696 
2021-09-27 01:09:21,923 - INFO - compute | 4 | (0.65, 0.8) | 11 | 33 | (1, 27, 173, 99) | 403| 52.39 | 308.4242607897154 
2021-09-27 01:10:11,113 - INFO - compute | 4 | (0.65, 0.8500000000000001) | 11 | 35 | (1, 27, 173, 99) | 403| 39.29249999999997 | 308.4242607897154 
2021-09-27 01:11:20,358 - INFO - compute | 4 | (0.65, 0.9) | 11 | 38 | (1, 27, 173, 99) | 403| 26.19499999999998 | 308.4242607897154 
2021-09-27 01:13:40,388 - INFO - compute | 4 | (0.65, 0.9500000000000001) | 11 | 45 | (1, 27, 173, 99) | 403| 13.09749999999999 | 308.4242607897154 
2021-09-27 01:16:39,324 - INFO - compute | 4 | (0.65, 1.0) | 11 | 48 | (1, 27, 173, 99) | 403| 0.0 | 308.4242607897154 
2021-09-27 01:16:39,332 - INFO - compute | 4 | (0.7000000000000001, 0.0) | 9 | 1 | {53} | 39| 27.300000000000004 | 30.361542699724524 
2021-09-27 01:16:39,339 - INFO - load | 4 | (0.7000000000000001, 0.05) | 9 | 1 | {53} | 39| 25.935000000000002 | 30.361542699724524 
2021-09-27 01:16:39,345 - INFO - load | 4 | (0.7000000000000001, 0.1) | 9 | 1 | {53} | 39| 24.570000000000004 | 30.361542699724524 
2021-09-27 01:16:39,352 - INFO - load | 4 | (0.7000000000000001, 0.15000000000000002) | 9 | 1 | {53} | 39| 23.205000000000002 | 30.361542699724524 
2021-09-27 01:16:39,360 - INFO - compute | 4 | (0.7000000000000001, 0.2) | 9 | 3 | {72, 125, 53} | 92| 51.52 | 72.43535353535353 
2021-09-27 01:16:39,367 - INFO - load | 4 | (0.7000000000000001, 0.25) | 9 | 3 | {72, 125, 53} | 92| 48.300000000000004 | 72.43535353535353 
2021-09-27 01:16:39,376 - INFO - compute | 4 | (0.7000000000000001, 0.30000000000000004) | 9 | 4 | {72, 125, 53, 143} | 118| 57.82 | 92.7921212121212 
2021-09-27 01:16:39,387 - INFO - compute | 4 | (0.7000000000000001, 0.35000000000000003) | 9 | 5 | (72, 143, 50, 53) | 128| 58.24 | 99.97933884297521 
2021-09-27 01:16:39,422 - INFO - compute | 4 | (0.7000000000000001, 0.4) | 9 | 7 | (44, 143, 50, 53) | 151| 63.42000000000001 | 118.52561983471075 
2021-09-27 01:16:39,593 - INFO - compute | 4 | (0.7000000000000001, 0.45) | 9 | 10 | (72, 44, 45, 143) | 184| 70.84 | 145.00565656565655 
2021-09-27 01:16:40,379 - INFO - compute | 4 | (0.7000000000000001, 0.5) | 9 | 14 | (1, 45, 13, 143) | 233| 81.55000000000001 | 183.24505968778695 
2021-09-27 01:16:41,778 - INFO - compute | 4 | (0.7000000000000001, 0.55) | 9 | 16 | (1, 99, 13, 143) | 251| 79.065 | 197.74763085399448 
2021-09-27 01:16:47,412 - INFO - compute | 4 | (0.7000000000000001, 0.6000000000000001) | 9 | 22 | (1, 80, 99, 111) | 281| 78.67999999999999 | 222.1160422405877 
2021-09-27 01:16:57,263 - INFO - compute | 4 | (0.7000000000000001, 0.65) | 9 | 25 | (1, 73, 99, 111) | 290| 71.05 | 229.3992378328742 
2021-09-27 01:17:16,019 - INFO - compute | 4 | (0.7000000000000001, 0.7000000000000001) | 9 | 29 | (1, 73, 99, 111) | 290| 60.89999999999999 | 229.3992378328742 
2021-09-27 01:17:49,048 - INFO - compute | 4 | (0.7000000000000001, 0.75) | 9 | 33 | (1, 27, 173, 99) | 320| 56.000000000000014 | 252.5165748393021 
2021-09-27 01:18:29,399 - INFO - compute | 4 | (0.7000000000000001, 0.8) | 9 | 35 | (1, 27, 173, 99) | 320| 44.800000000000004 | 252.5165748393021 
2021-09-27 01:19:35,470 - INFO - compute | 4 | (0.7000000000000001, 0.8500000000000001) | 9 | 39 | (1, 27, 173, 99) | 320| 33.599999999999994 | 252.5165748393021 
2021-09-27 01:22:09,794 - INFO - compute | 4 | (0.7000000000000001, 0.9) | 9 | 48 | (1, 27, 173, 99) | 320| 22.399999999999984 | 252.5165748393021 
2021-09-27 01:24:52,519 - INFO - compute | 4 | (0.7000000000000001, 0.9500000000000001) | 9 | 49 | (1, 27, 173, 99) | 320| 11.199999999999974 | 252.5165748393021 
2021-09-27 01:28:16,738 - INFO - compute | 4 | (0.7000000000000001, 1.0) | 9 | 52 | (1, 27, 173, 99) | 320| 0.0 | 252.5165748393021 
2021-09-27 01:28:16,752 - INFO - compute | 4 | (0.75, 0.0) | 7 | 1 | {53} | 26| 19.5 | 21.04332415059688 
2021-09-27 01:28:16,761 - INFO - load | 4 | (0.75, 0.05) | 7 | 1 | {53} | 26| 18.525000000000002 | 21.04332415059688 
2021-09-27 01:28:16,769 - INFO - load | 4 | (0.75, 0.1) | 7 | 1 | {53} | 26| 17.55 | 21.04332415059688 
2021-09-27 01:28:16,776 - INFO - load | 4 | (0.75, 0.15000000000000002) | 7 | 1 | {53} | 26| 16.575 | 21.04332415059688 
2021-09-27 01:28:16,784 - INFO - compute | 4 | (0.75, 0.2) | 7 | 3 | {72, 125, 53} | 68| 40.8 | 55.187474747474745 
2021-09-27 01:28:16,793 - INFO - load | 4 | (0.75, 0.25) | 7 | 3 | {72, 125, 53} | 68| 38.25 | 55.187474747474745 
2021-09-27 01:28:16,810 - INFO - compute | 4 | (0.75, 0.30000000000000004) | 7 | 4 | {72, 125, 53, 143} | 85| 44.62499999999999 | 69.08013774104683 
2021-09-27 01:28:16,830 - INFO - compute | 4 | (0.75, 0.35000000000000003) | 7 | 5 | (72, 143, 50, 125) | 91| 44.3625 | 73.8094857667585 
2021-09-27 01:28:16,916 - INFO - compute | 4 | (0.75, 0.4) | 7 | 9 | (72, 44, 45, 143) | 137| 61.64999999999999 | 111.25037649219468 
2021-09-27 01:28:17,254 - INFO - compute | 4 | (0.75, 0.45) | 7 | 12 | (44, 45, 13, 143) | 163| 67.2375 | 133.31244260789717 
2021-09-27 01:28:18,110 - INFO - compute | 4 | (0.75, 0.5) | 7 | 15 | (44, 45, 13, 143) | 163| 61.125 | 133.31244260789717 
2021-09-27 01:28:22,476 - INFO - compute | 4 | (0.75, 0.55) | 7 | 22 | (1, 80, 99, 111) | 204| 68.85 | 166.9164095500459 
2021-09-27 01:28:28,726 - INFO - compute | 4 | (0.75, 0.6000000000000001) | 7 | 24 | (1, 73, 99, 111) | 209| 62.69999999999999 | 171.29929292929293 
2021-09-27 01:28:42,928 - INFO - compute | 4 | (0.75, 0.65) | 7 | 29 | (1, 73, 99, 111) | 209| 54.86249999999999 | 171.29929292929293 
2021-09-27 01:29:07,444 - INFO - compute | 4 | (0.75, 0.7000000000000001) | 7 | 33 | (1, 27, 173, 99) | 234| 52.64999999999999 | 190.91443526170798 
2021-09-27 01:29:39,750 - INFO - compute | 4 | (0.75, 0.75) | 7 | 35 | (1, 27, 173, 99) | 234| 43.875 | 190.91443526170798 
2021-09-27 01:30:41,667 - INFO - compute | 4 | (0.75, 0.8) | 7 | 41 | (1, 27, 173, 99) | 234| 35.09999999999998 | 190.91443526170798 
2021-09-27 01:32:37,855 - INFO - compute | 4 | (0.75, 0.8500000000000001) | 7 | 48 | (1, 27, 173, 99) | 234| 26.324999999999985 | 190.91443526170798 
2021-09-27 01:34:53,476 - INFO - compute | 4 | (0.75, 0.9) | 7 | 50 | (1, 27, 173, 99) | 234| 17.54999999999999 | 190.91443526170798 
2021-09-27 01:37:43,508 - INFO - compute | 4 | (0.75, 0.9500000000000001) | 7 | 53 | (1, 27, 173, 99) | 234| 8.774999999999995 | 190.91443526170798 
2021-09-27 01:40:42,400 - INFO - compute | 4 | (0.75, 1.0) | 7 | 54 | (1, 27, 173, 99) | 234| 0.0 | 190.91443526170798 
2021-09-27 01:40:42,408 - INFO - compute | 4 | (0.8, 0.0) | 5 | 1 | {53} | 9| 7.2 | 8.142745638200184 
2021-09-27 01:40:42,416 - INFO - load | 4 | (0.8, 0.05) | 5 | 1 | {53} | 9| 6.84 | 8.142745638200184 
2021-09-27 01:40:42,424 - INFO - load | 4 | (0.8, 0.1) | 5 | 1 | {53} | 9| 6.4799999999999995 | 8.142745638200184 
2021-09-27 01:40:42,432 - INFO - load | 4 | (0.8, 0.15000000000000002) | 5 | 1 | {53} | 9| 6.12 | 8.142745638200184 
2021-09-27 01:40:42,440 - INFO - compute | 4 | (0.8, 0.2) | 5 | 3 | {72, 125, 53} | 40| 25.6 | 33.945674931129474 
2021-09-27 01:40:42,449 - INFO - compute | 4 | (0.8, 0.25) | 5 | 4 | {72, 125, 53, 143} | 57| 34.2 | 47.83833792470156 
2021-09-27 01:40:42,460 - INFO - compute | 4 | (0.8, 0.30000000000000004) | 5 | 5 | (72, 143, 50, 125) | 61| 34.160000000000004 | 51.039100091827365 
2021-09-27 01:40:42,484 - INFO - compute | 4 | (0.8, 0.35000000000000003) | 5 | 7 | (44, 143, 50, 125) | 76| 39.52 | 63.867529843893486 
2021-09-27 01:40:42,583 - INFO - compute | 4 | (0.8, 0.4) | 5 | 10 | (44, 45, 143, 125) | 91| 43.68 | 76.65164370982552 
2021-09-27 01:40:43,025 - INFO - compute | 4 | (0.8, 0.45) | 5 | 14 | (44, 45, 13, 143) | 111| 48.84 | 93.85961432506889 
2021-09-27 01:40:45,152 - INFO - compute | 4 | (0.8, 0.5) | 5 | 20 | (99, 80, 13, 183) | 128| 51.2 | 108.16178145087235 
2021-09-27 01:40:48,911 - INFO - compute | 4 | (0.8, 0.55) | 5 | 23 | (13, 73, 99, 111) | 142| 51.12 | 120.5435629017447 
2021-09-27 01:40:57,598 - INFO - compute | 4 | (0.8, 0.6000000000000001) | 5 | 28 | (13, 73, 99, 111) | 142| 45.43999999999999 | 120.5435629017447 
2021-09-27 01:41:15,114 - INFO - compute | 4 | (0.8, 0.65) | 5 | 33 | (27, 73, 99, 111) | 156| 43.68000000000001 | 132.1297887970615 
2021-09-27 01:41:37,332 - INFO - compute | 4 | (0.8, 0.7000000000000001) | 5 | 35 | (22, 27, 73, 99) | 158| 37.92 | 134.03563820018366 
2021-09-27 01:42:19,992 - INFO - compute | 4 | (0.8, 0.75) | 5 | 41 | (22, 27, 73, 99) | 158| 31.599999999999994 | 134.03563820018366 
2021-09-27 01:43:43,801 - INFO - compute | 4 | (0.8, 0.8) | 5 | 48 | (22, 27, 73, 99) | 158| 25.279999999999987 | 134.03563820018366 
2021-09-27 01:45:30,929 - INFO - compute | 4 | (0.8, 0.8500000000000001) | 5 | 51 | (22, 27, 73, 99) | 158| 18.959999999999983 | 134.03563820018366 
2021-09-27 01:47:40,939 - INFO - compute | 4 | (0.8, 0.9) | 5 | 53 | (22, 27, 73, 99) | 158| 12.639999999999993 | 134.03563820018366 
2021-09-27 01:49:56,082 - INFO - compute | 4 | (0.8, 0.9500000000000001) | 5 | 54 | (22, 27, 73, 99) | 158| 6.319999999999988 | 134.03563820018366 
2021-09-27 01:49:56,091 - INFO - load | 4 | (0.8, 1.0) | 5 | 54 | (22, 27, 73, 99) | 158| 0.0 | 134.03563820018366 
2021-09-27 01:49:56,099 - INFO - compute | 4 | (0.8500000000000001, 0.0) | 2 | 1 | {53} | 9| 7.65 | 8.142745638200184 
2021-09-27 01:49:56,107 - INFO - load | 4 | (0.8500000000000001, 0.05) | 2 | 1 | {53} | 9| 7.267500000000001 | 8.142745638200184 
2021-09-27 01:49:56,115 - INFO - load | 4 | (0.8500000000000001, 0.1) | 2 | 1 | {53} | 9| 6.885000000000002 | 8.142745638200184 
2021-09-27 01:49:56,124 - INFO - compute | 4 | (0.8500000000000001, 0.15000000000000002) | 2 | 2 | {125, 53} | 14| 10.115 | 12.663930211202938 
2021-09-27 01:49:56,132 - INFO - compute | 4 | (0.8500000000000001, 0.2) | 2 | 3 | {72, 125, 53} | 15| 10.200000000000001 | 13.575087235996328 
2021-09-27 01:49:56,141 - INFO - compute | 4 | (0.8500000000000001, 0.25) | 2 | 4 | {72, 125, 53, 143} | 16| 10.200000000000001 | 14.474710743801653 
2021-09-27 01:49:56,151 - INFO - compute | 4 | (0.8500000000000001, 0.30000000000000004) | 2 | 5 | (143, 50, 53, 125) | 19| 11.305 | 17.20818181818182 
2021-09-27 01:49:56,182 - INFO - compute | 4 | (0.8500000000000001, 0.35000000000000003) | 2 | 9 | (44, 45, 50, 125) | 33| 18.232499999999998 | 29.895179063360885 
2021-09-27 01:49:56,279 - INFO - compute | 4 | (0.8500000000000001, 0.4) | 2 | 12 | (44, 45, 13, 53) | 42| 21.42 | 38.00332415059688 
2021-09-27 01:49:56,525 - INFO - compute | 4 | (0.8500000000000001, 0.45) | 2 | 15 | (1, 65, 45, 13) | 44| 20.57 | 39.82563820018366 
2021-09-27 01:49:58,006 - INFO - compute | 4 | (0.8500000000000001, 0.5) | 2 | 22 | (1, 80, 99, 111) | 54| 22.950000000000003 | 48.91414141414142 
2021-09-27 01:50:00,638 - INFO - compute | 4 | (0.8500000000000001, 0.55) | 2 | 26 | (13, 45, 73, 111) | 55| 21.0375 | 49.802231404958675 
2021-09-27 01:50:06,301 - INFO - compute | 4 | (0.8500000000000001, 0.6000000000000001) | 2 | 31 | (13, 45, 73, 111) | 55| 18.7 | 49.802231404958675 
2021-09-27 01:50:16,440 - INFO - compute | 4 | (0.8500000000000001, 0.65) | 2 | 35 | (1, 22, 27, 99) | 64| 19.04 | 57.956510560146924 
2021-09-27 01:50:30,875 - INFO - compute | 4 | (0.8500000000000001, 0.7000000000000001) | 2 | 39 | (1, 22, 27, 99) | 64| 16.32 | 57.956510560146924 
2021-09-27 01:51:03,653 - INFO - compute | 4 | (0.8500000000000001, 0.75) | 2 | 48 | (1, 22, 27, 99) | 64| 13.600000000000001 | 57.956510560146924 
2021-09-27 01:51:47,428 - INFO - compute | 4 | (0.8500000000000001, 0.8) | 2 | 51 | (1, 22, 27, 99) | 64| 10.879999999999995 | 57.956510560146924 
2021-09-27 01:52:39,639 - INFO - compute | 4 | (0.8500000000000001, 0.8500000000000001) | 2 | 53 | (1, 22, 27, 99) | 64| 8.159999999999997 | 57.956510560146924 
2021-09-27 01:53:34,908 - INFO - compute | 4 | (0.8500000000000001, 0.9) | 2 | 54 | (1, 22, 27, 99) | 64| 5.439999999999998 | 57.956510560146924 
2021-09-27 01:53:34,917 - INFO - load | 4 | (0.8500000000000001, 0.9500000000000001) | 2 | 54 | (1, 22, 27, 99) | 64| 2.719999999999999 | 57.956510560146924 
2021-09-27 01:53:34,925 - INFO - load | 4 | (0.8500000000000001, 1.0) | 2 | 54 | (1, 22, 27, 99) | 64| 0.0 | 57.956510560146924 
2021-09-27 01:53:34,934 - INFO - compute | 4 | (0.9, 0.0) | 1 | 1 | {53} | 4| 3.6 | 3.6446280991735542 
2021-09-27 01:53:34,942 - INFO - load | 4 | (0.9, 0.05) | 1 | 1 | {53} | 4| 3.42 | 3.6446280991735542 
2021-09-27 01:53:34,951 - INFO - load | 4 | (0.9, 0.1) | 1 | 1 | {53} | 4| 3.24 | 3.6446280991735542 
2021-09-27 01:53:34,960 - INFO - compute | 4 | (0.9, 0.15000000000000002) | 1 | 3 | {72, 125, 53} | 7| 5.355 | 6.37809917355372 
2021-09-27 01:53:34,968 - INFO - load | 4 | (0.9, 0.2) | 1 | 3 | {72, 125, 53} | 7| 5.04 | 6.37809917355372 
2021-09-27 01:53:34,977 - INFO - compute | 4 | (0.9, 0.25) | 1 | 4 | {72, 125, 53, 143} | 7| 4.7250000000000005 | 6.37809917355372 
2021-09-27 01:53:34,987 - INFO - compute | 4 | (0.9, 0.30000000000000004) | 1 | 6 | (143, 50, 53, 125) | 10| 6.299999999999999 | 9.111570247933885 
2021-09-27 01:53:35,015 - INFO - compute | 4 | (0.9, 0.35000000000000003) | 1 | 10 | (44, 45, 50, 125) | 18| 10.53 | 16.400826446280995 
2021-09-27 01:53:35,112 - INFO - compute | 4 | (0.9, 0.4) | 1 | 14 | (1, 44, 45, 13) | 22| 11.88 | 20.045454545454547 
2021-09-27 01:53:35,560 - INFO - compute | 4 | (0.9, 0.45) | 1 | 20 | (99, 80, 13, 50) | 27| 13.365 | 24.601239669421492 
2021-09-27 01:53:36,541 - INFO - compute | 4 | (0.9, 0.5) | 1 | 24 | (1, 73, 99, 111) | 30| 13.5 | 27.334710743801658 
2021-09-27 01:53:38,687 - INFO - compute | 4 | (0.9, 0.55) | 1 | 29 | (1, 73, 99, 111) | 30| 12.149999999999999 | 27.334710743801658 
2021-09-27 01:53:42,843 - INFO - compute | 4 | (0.9, 0.6000000000000001) | 1 | 34 | (1, 27, 99, 111) | 33| 11.879999999999995 | 30.068181818181824 
2021-09-27 01:53:49,286 - INFO - compute | 4 | (0.9, 0.65) | 1 | 38 | (22, 27, 50, 99) | 33| 10.394999999999998 | 30.068181818181824 
2021-09-27 01:54:06,146 - INFO - compute | 4 | (0.9, 0.7000000000000001) | 1 | 48 | (22, 27, 50, 99) | 33| 8.909999999999997 | 30.068181818181824 
2021-09-27 01:54:25,839 - INFO - compute | 4 | (0.9, 0.75) | 1 | 50 | (22, 27, 50, 99) | 33| 7.424999999999999 | 30.068181818181824 
2021-09-27 01:54:50,971 - INFO - compute | 4 | (0.9, 0.8) | 1 | 53 | (22, 27, 50, 99) | 33| 5.939999999999998 | 30.068181818181824 
2021-09-27 01:55:17,879 - INFO - compute | 4 | (0.9, 0.8500000000000001) | 1 | 54 | (22, 27, 50, 99) | 33| 4.4549999999999965 | 30.068181818181824 
2021-09-27 01:55:17,888 - INFO - load | 4 | (0.9, 0.9) | 1 | 54 | (22, 27, 50, 99) | 33| 2.969999999999999 | 30.068181818181824 
2021-09-27 01:55:17,897 - INFO - load | 4 | (0.9, 0.9500000000000001) | 1 | 54 | (22, 27, 50, 99) | 33| 1.4849999999999977 | 30.068181818181824 
2021-09-27 01:55:17,906 - INFO - load | 4 | (0.9, 1.0) | 1 | 54 | (22, 27, 50, 99) | 33| 0.0 | 30.068181818181824 
2021-09-27 01:55:17,915 - INFO - compute | 4 | (0.9500000000000001, 0.0) | 0 | 1 | {53} | 0| 0.0 | 0 
2021-09-27 01:55:17,924 - INFO - load | 4 | (0.9500000000000001, 0.05) | 0 | 1 | {53} | 0| 0.0 | 0 
2021-09-27 01:55:17,933 - INFO - load | 4 | (0.9500000000000001, 0.1) | 0 | 1 | {53} | 0| 0.0 | 0 
2021-09-27 01:55:17,941 - INFO - compute | 4 | (0.9500000000000001, 0.15000000000000002) | 0 | 3 | {72, 125, 53} | 0| 0.0 | 0 
2021-09-27 01:55:17,950 - INFO - load | 4 | (0.9500000000000001, 0.2) | 0 | 3 | {72, 125, 53} | 0| 0.0 | 0 
2021-09-27 01:55:17,960 - INFO - compute | 4 | (0.9500000000000001, 0.25) | 0 | 5 | (143, 50, 53, 125) | 0| 0.0 | 0 
2021-09-27 01:55:17,969 - INFO - compute | 4 | (0.9500000000000001, 0.30000000000000004) | 0 | 7 | (143, 53, 183, 125) | 0| 0.0 | 0 
2021-09-27 01:55:17,978 - INFO - compute | 4 | (0.9500000000000001, 0.35000000000000003) | 0 | 11 | (148, 53, 183, 125) | 0| 0.0 | 0 
2021-09-27 01:55:17,990 - INFO - compute | 4 | (0.9500000000000001, 0.4) | 0 | 15 | (169, 148, 183, 125) | 0| 0.0 | 0 
2021-09-27 01:55:18,010 - INFO - compute | 4 | (0.9500000000000001, 0.45) | 0 | 22 | (183, 99, 111, 125) | 0| 0.0 | 0 
2021-09-27 01:55:18,038 - INFO - compute | 4 | (0.9500000000000001, 0.5) | 0 | 26 | (183, 99, 111, 125) | 0| 0.0 | 0 
2021-09-27 01:55:18,101 - INFO - compute | 4 | (0.9500000000000001, 0.55) | 0 | 33 | (206, 99, 111, 125) | 0| 0.0 | 0 
2021-09-27 01:55:18,190 - INFO - compute | 4 | (0.9500000000000001, 0.6000000000000001) | 0 | 36 | (206, 99, 111, 125) | 0| 0.0 | 0 
2021-09-27 01:55:18,398 - INFO - compute | 4 | (0.9500000000000001, 0.65) | 0 | 45 | (215, 108, 111, 125) | 0| 0.0 | 0 
2021-09-27 01:55:18,715 - INFO - compute | 4 | (0.9500000000000001, 0.7000000000000001) | 0 | 49 | (215, 108, 111, 125) | 0| 0.0 | 0 
2021-09-27 01:55:19,137 - INFO - compute | 4 | (0.9500000000000001, 0.75) | 0 | 53 | (215, 108, 111, 125) | 0| 0.0 | 0 
2021-09-27 01:55:19,616 - INFO - compute | 4 | (0.9500000000000001, 0.8) | 0 | 54 | (215, 108, 111, 125) | 0| 0.0 | 0 
2021-09-27 01:55:19,625 - INFO - load | 4 | (0.9500000000000001, 0.8500000000000001) | 0 | 54 | (215, 108, 111, 125) | 0| 0.0 | 0 
2021-09-27 01:55:19,634 - INFO - load | 4 | (0.9500000000000001, 0.9) | 0 | 54 | (215, 108, 111, 125) | 0| 0.0 | 0 
2021-09-27 01:55:19,644 - INFO - load | 4 | (0.9500000000000001, 0.9500000000000001) | 0 | 54 | (215, 108, 111, 125) | 0| 0.0 | 0 
2021-09-27 01:55:19,653 - INFO - load | 4 | (0.9500000000000001, 1.0) | 0 | 54 | (215, 108, 111, 125) | 0| 0.0 | 0 
2021-09-27 01:55:19,662 - INFO - load | 4 | (1.0, 0.0) | 0 | 1 | {53} | 0| 0.0 | 0 
2021-09-27 01:55:19,671 - INFO - load | 4 | (1.0, 0.05) | 0 | 1 | {53} | 0| 0.0 | 0 
2021-09-27 01:55:19,680 - INFO - load | 4 | (1.0, 0.1) | 0 | 1 | {53} | 0| 0.0 | 0 
2021-09-27 01:55:19,689 - INFO - load | 4 | (1.0, 0.15000000000000002) | 0 | 3 | {72, 125, 53} | 0| 0.0 | 0 
2021-09-27 01:55:19,699 - INFO - compute | 4 | (1.0, 0.2) | 0 | 4 | {72, 125, 53, 143} | 0| 0.0 | 0 
2021-09-27 01:55:19,708 - INFO - load | 4 | (1.0, 0.25) | 0 | 5 | (143, 50, 53, 125) | 0| 0.0 | 0 
2021-09-27 01:55:19,718 - INFO - compute | 4 | (1.0, 0.30000000000000004) | 0 | 9 | (143, 53, 183, 125) | 0| 0.0 | 0 
2021-09-27 01:55:19,729 - INFO - compute | 4 | (1.0, 0.35000000000000003) | 0 | 14 | (169, 148, 183, 125) | 0| 0.0 | 0 
2021-09-27 01:55:19,745 - INFO - compute | 4 | (1.0, 0.4) | 0 | 20 | (169, 183, 143, 125) | 0| 0.0 | 0 
2021-09-27 01:55:19,767 - INFO - compute | 4 | (1.0, 0.45) | 0 | 24 | (183, 99, 111, 125) | 0| 0.0 | 0 
2021-09-27 01:55:19,807 - INFO - compute | 4 | (1.0, 0.5) | 0 | 29 | (206, 99, 111, 125) | 0| 0.0 | 0 
2021-09-27 01:55:19,878 - INFO - compute | 4 | (1.0, 0.55) | 0 | 34 | (206, 99, 111, 125) | 0| 0.0 | 0 
2021-09-27 01:55:20,023 - INFO - compute | 4 | (1.0, 0.6000000000000001) | 0 | 41 | (215, 101, 111, 125) | 0| 0.0 | 0 
2021-09-27 01:55:20,319 - INFO - compute | 4 | (1.0, 0.65) | 0 | 48 | (215, 108, 111, 125) | 0| 0.0 | 0 
2021-09-27 01:55:20,721 - INFO - compute | 4 | (1.0, 0.7000000000000001) | 0 | 52 | (215, 108, 111, 125) | 0| 0.0 | 0 
2021-09-27 01:55:20,730 - INFO - load | 4 | (1.0, 0.75) | 0 | 54 | (215, 108, 111, 125) | 0| 0.0 | 0 
2021-09-27 01:55:20,739 - INFO - load | 4 | (1.0, 0.8) | 0 | 54 | (215, 108, 111, 125) | 0| 0.0 | 0 
2021-09-27 01:55:20,749 - INFO - load | 4 | (1.0, 0.8500000000000001) | 0 | 54 | (215, 108, 111, 125) | 0| 0.0 | 0 
2021-09-27 01:55:20,758 - INFO - load | 4 | (1.0, 0.9) | 0 | 54 | (215, 108, 111, 125) | 0| 0.0 | 0 
2021-09-27 01:55:20,767 - INFO - load | 4 | (1.0, 0.9500000000000001) | 0 | 54 | (215, 108, 111, 125) | 0| 0.0 | 0 
2021-09-27 01:55:20,776 - INFO - load | 4 | (1.0, 1.0) | 0 | 54 | (215, 108, 111, 125) | 0| 0.0 | 0 
