2021-09-27 00:46:38,192 - INFO - run algo
2021-09-27 00:46:38,203 - INFO - 217
2021-09-27 00:46:38,203 - INFO - 217
2021-09-27 00:46:38,207 - INFO - load:
2021-09-27 00:46:38,208 - INFO - Finish random requester set R and supplier set S 
                             percent_R=0.25, num_R=55, len_R=55 
                             percent_S=0.25, num_S=55, len_S=54
2021-09-27 00:46:38,219 - INFO - load | 3 | (0.0, 0.0) | 55 | 1 | {53} | 821| 0.0 | 821 
2021-09-27 00:46:38,219 - INFO - load | 3 | (0.0, 0.05) | 55 | 1 | {53} | 821| 0.0 | 821 
2021-09-27 00:46:38,220 - INFO - load | 3 | (0.0, 0.1) | 55 | 1 | {53} | 821| 0.0 | 821 
2021-09-27 00:46:38,220 - INFO - load | 3 | (0.0, 0.15000000000000002) | 55 | 1 | {53} | 821| 0.0 | 821 
2021-09-27 00:46:38,220 - INFO - load | 3 | (0.0, 0.2) | 55 | 1 | {53} | 821| 0.0 | 821 
2021-09-27 00:46:38,220 - INFO - load | 3 | (0.0, 0.25) | 55 | 1 | {53} | 821| 0.0 | 821 
2021-09-27 00:46:38,220 - INFO - load | 3 | (0.0, 0.30000000000000004) | 55 | 1 | {53} | 821| 0.0 | 821 
2021-09-27 00:46:38,220 - INFO - load | 3 | (0.0, 0.35000000000000003) | 55 | 1 | {53} | 821| 0.0 | 821 
2021-09-27 00:46:38,220 - INFO - load | 3 | (0.0, 0.4) | 55 | 1 | {53} | 821| 0.0 | 821 
2021-09-27 00:46:38,221 - INFO - load | 3 | (0.0, 0.45) | 55 | 1 | {53} | 821| 0.0 | 821 
2021-09-27 00:46:38,221 - INFO - load | 3 | (0.0, 0.5) | 55 | 1 | {53} | 821| 0.0 | 821 
2021-09-27 00:46:38,221 - INFO - load | 3 | (0.0, 0.55) | 55 | 1 | {53} | 821| 0.0 | 821 
2021-09-27 00:46:38,221 - INFO - load | 3 | (0.0, 0.6000000000000001) | 55 | 1 | {53} | 821| 0.0 | 821 
2021-09-27 00:46:38,221 - INFO - load | 3 | (0.0, 0.65) | 55 | 1 | {53} | 821| 0.0 | 821 
2021-09-27 00:46:38,222 - INFO - load | 3 | (0.0, 0.7000000000000001) | 55 | 1 | {53} | 821| 0.0 | 821 
2021-09-27 00:46:38,222 - INFO - load | 3 | (0.0, 0.75) | 55 | 1 | {53} | 821| 0.0 | 821 
2021-09-27 00:46:38,222 - INFO - load | 3 | (0.0, 0.8) | 55 | 1 | {53} | 821| 0.0 | 821 
2021-09-27 00:46:38,222 - INFO - load | 3 | (0.0, 0.8500000000000001) | 55 | 1 | {53} | 821| 0.0 | 821 
2021-09-27 00:46:38,222 - INFO - load | 3 | (0.0, 0.9) | 55 | 1 | {53} | 821| 0.0 | 821 
2021-09-27 00:46:38,222 - INFO - load | 3 | (0.0, 0.9500000000000001) | 55 | 1 | {53} | 821| 0.0 | 821 
2021-09-27 00:46:38,223 - INFO - load | 3 | (0.0, 1.0) | 55 | 1 | {53} | 821| 0.0 | 821 
2021-09-27 00:46:38,223 - INFO - load | 3 | (0.05, 0.0) | 55 | 1 | {53} | 821| 41.050000000000004 | 821 
2021-09-27 00:46:38,223 - INFO - load | 3 | (0.05, 0.05) | 55 | 1 | {53} | 821| 38.9975 | 821 
2021-09-27 00:46:38,223 - INFO - load | 3 | (0.05, 0.1) | 55 | 1 | {53} | 821| 36.945 | 821 
2021-09-27 00:46:38,223 - INFO - load | 3 | (0.05, 0.15000000000000002) | 55 | 1 | {53} | 821| 34.892500000000005 | 821 
2021-09-27 00:46:38,223 - INFO - load | 3 | (0.05, 0.2) | 55 | 1 | {53} | 821| 32.84 | 821 
2021-09-27 00:46:38,223 - INFO - load | 3 | (0.05, 0.25) | 55 | 1 | {53} | 821| 30.787500000000005 | 821 
2021-09-27 00:46:38,224 - INFO - load | 3 | (0.05, 0.30000000000000004) | 55 | 1 | {53} | 821| 28.735000000000003 | 821 
2021-09-27 00:46:38,224 - INFO - load | 3 | (0.05, 0.35000000000000003) | 55 | 1 | {53} | 821| 26.6825 | 821 
2021-09-27 00:46:38,224 - INFO - load | 3 | (0.05, 0.4) | 55 | 1 | {53} | 821| 24.63 | 821 
2021-09-27 00:46:38,224 - INFO - load | 3 | (0.05, 0.45) | 55 | 1 | {53} | 821| 22.5775 | 821 
2021-09-27 00:46:38,224 - INFO - load | 3 | (0.05, 0.5) | 55 | 1 | {53} | 821| 20.525000000000002 | 821 
2021-09-27 00:46:38,224 - INFO - load | 3 | (0.05, 0.55) | 55 | 1 | {53} | 821| 18.4725 | 821 
2021-09-27 00:46:38,224 - INFO - load | 3 | (0.05, 0.6000000000000001) | 55 | 1 | {53} | 821| 16.419999999999998 | 821 
2021-09-27 00:46:38,224 - INFO - load | 3 | (0.05, 0.65) | 55 | 1 | {53} | 821| 14.367500000000001 | 821 
2021-09-27 00:46:38,225 - INFO - load | 3 | (0.05, 0.7000000000000001) | 55 | 1 | {53} | 821| 12.315 | 821 
2021-09-27 00:46:38,225 - INFO - load | 3 | (0.05, 0.75) | 55 | 1 | {53} | 821| 10.262499999999998 | 821 
2021-09-27 00:46:38,225 - INFO - load | 3 | (0.05, 0.8) | 55 | 1 | {53} | 821| 8.209999999999996 | 821 
2021-09-27 00:46:38,225 - INFO - load | 3 | (0.05, 0.8500000000000001) | 55 | 1 | {53} | 821| 6.157499999999994 | 821 
2021-09-27 00:46:38,225 - INFO - load | 3 | (0.05, 0.9) | 55 | 1 | {53} | 821| 4.104999999999998 | 821 
2021-09-27 00:46:38,225 - INFO - load | 3 | (0.05, 0.9500000000000001) | 55 | 1 | {53} | 821| 2.052499999999996 | 821 
2021-09-27 00:46:38,225 - INFO - load | 3 | (0.05, 1.0) | 55 | 1 | {53} | 821| 0.0 | 821 
2021-09-27 00:46:38,225 - INFO - load | 3 | (0.1, 0.0) | 55 | 1 | {53} | 821| 82.10000000000001 | 821 
2021-09-27 00:46:38,226 - INFO - load | 3 | (0.1, 0.05) | 55 | 1 | {53} | 821| 77.995 | 821 
2021-09-27 00:46:38,226 - INFO - load | 3 | (0.1, 0.1) | 55 | 1 | {53} | 821| 73.89 | 821 
2021-09-27 00:46:38,226 - INFO - load | 3 | (0.1, 0.15000000000000002) | 55 | 1 | {53} | 821| 69.78500000000001 | 821 
2021-09-27 00:46:38,226 - INFO - load | 3 | (0.1, 0.2) | 55 | 1 | {53} | 821| 65.68 | 821 
2021-09-27 00:46:38,226 - INFO - load | 3 | (0.1, 0.25) | 55 | 1 | {53} | 821| 61.57500000000001 | 821 
2021-09-27 00:46:38,226 - INFO - load | 3 | (0.1, 0.30000000000000004) | 55 | 1 | {53} | 821| 57.470000000000006 | 821 
2021-09-27 00:46:38,226 - INFO - load | 3 | (0.1, 0.35000000000000003) | 55 | 1 | {53} | 821| 53.365 | 821 
2021-09-27 00:46:38,226 - INFO - load | 3 | (0.1, 0.4) | 55 | 1 | {53} | 821| 49.26 | 821 
2021-09-27 00:46:38,227 - INFO - load | 3 | (0.1, 0.45) | 55 | 1 | {53} | 821| 45.155 | 821 
2021-09-27 00:46:38,227 - INFO - load | 3 | (0.1, 0.5) | 55 | 1 | {53} | 821| 41.050000000000004 | 821 
2021-09-27 00:46:38,227 - INFO - load | 3 | (0.1, 0.55) | 55 | 1 | {53} | 821| 36.945 | 821 
2021-09-27 00:46:38,227 - INFO - load | 3 | (0.1, 0.6000000000000001) | 55 | 1 | {53} | 821| 32.839999999999996 | 821 
2021-09-27 00:46:38,227 - INFO - load | 3 | (0.1, 0.65) | 55 | 1 | {53} | 821| 28.735000000000003 | 821 
2021-09-27 00:46:38,227 - INFO - load | 3 | (0.1, 0.7000000000000001) | 55 | 1 | {53} | 821| 24.63 | 821 
2021-09-27 00:46:38,227 - INFO - load | 3 | (0.1, 0.75) | 55 | 1 | {53} | 821| 20.524999999999995 | 821 
2021-09-27 00:46:38,227 - INFO - load | 3 | (0.1, 0.8) | 55 | 1 | {53} | 821| 16.41999999999999 | 821 
2021-09-27 00:46:38,228 - INFO - load | 3 | (0.1, 0.8500000000000001) | 55 | 1 | {53} | 821| 12.314999999999989 | 821 
2021-09-27 00:46:38,228 - INFO - load | 3 | (0.1, 0.9) | 55 | 1 | {53} | 821| 8.209999999999996 | 821 
2021-09-27 00:46:38,228 - INFO - load | 3 | (0.1, 0.9500000000000001) | 55 | 1 | {53} | 821| 4.104999999999992 | 821 
2021-09-27 00:46:38,228 - INFO - load | 3 | (0.1, 1.0) | 55 | 1 | {53} | 821| 0.0 | 821 
2021-09-27 00:46:38,228 - INFO - load | 3 | (0.15000000000000002, 0.0) | 55 | 1 | {53} | 821| 123.15000000000002 | 821 
2021-09-27 00:46:38,228 - INFO - load | 3 | (0.15000000000000002, 0.05) | 55 | 1 | {53} | 821| 116.9925 | 821 
2021-09-27 00:46:38,228 - INFO - load | 3 | (0.15000000000000002, 0.1) | 55 | 1 | {53} | 821| 110.83500000000001 | 821 
2021-09-27 00:46:38,229 - INFO - load | 3 | (0.15000000000000002, 0.15000000000000002) | 55 | 1 | {53} | 821| 104.6775 | 821 
2021-09-27 00:46:38,229 - INFO - load | 3 | (0.15000000000000002, 0.2) | 55 | 1 | {53} | 821| 98.52000000000002 | 821 
2021-09-27 00:46:38,229 - INFO - load | 3 | (0.15000000000000002, 0.25) | 55 | 1 | {53} | 821| 92.36250000000001 | 821 
2021-09-27 00:46:38,229 - INFO - load | 3 | (0.15000000000000002, 0.30000000000000004) | 55 | 1 | {53} | 821| 86.20500000000001 | 821 
2021-09-27 00:46:38,229 - INFO - load | 3 | (0.15000000000000002, 0.35000000000000003) | 55 | 1 | {53} | 821| 80.0475 | 821 
2021-09-27 00:46:38,229 - INFO - load | 3 | (0.15000000000000002, 0.4) | 55 | 1 | {53} | 821| 73.89000000000001 | 821 
2021-09-27 00:46:38,230 - INFO - load | 3 | (0.15000000000000002, 0.45) | 55 | 1 | {53} | 821| 67.7325 | 821 
2021-09-27 00:46:38,230 - INFO - load | 3 | (0.15000000000000002, 0.5) | 55 | 1 | {53} | 821| 61.57500000000001 | 821 
2021-09-27 00:46:38,230 - INFO - load | 3 | (0.15000000000000002, 0.55) | 55 | 1 | {53} | 821| 55.417500000000004 | 821 
2021-09-27 00:46:38,230 - INFO - load | 3 | (0.15000000000000002, 0.6000000000000001) | 55 | 1 | {53} | 821| 49.26 | 821 
2021-09-27 00:46:38,230 - INFO - load | 3 | (0.15000000000000002, 0.65) | 55 | 1 | {53} | 821| 43.102500000000006 | 821 
2021-09-27 00:46:38,231 - INFO - load | 3 | (0.15000000000000002, 0.7000000000000001) | 55 | 1 | {53} | 821| 36.945 | 821 
2021-09-27 00:46:38,231 - INFO - load | 3 | (0.15000000000000002, 0.75) | 55 | 1 | {53} | 821| 30.787500000000005 | 821 
2021-09-27 00:46:38,231 - INFO - load | 3 | (0.15000000000000002, 0.8) | 55 | 1 | {53} | 821| 24.63 | 821 
2021-09-27 00:46:38,242 - INFO - compute | 3 | (0.15000000000000002, 0.8500000000000001) | 55 | 2 | {125, 53} | 1455| 32.73749999999999 | 1455 
2021-09-27 00:46:38,242 - INFO - load | 3 | (0.15000000000000002, 0.9) | 55 | 3 | {72, 53, 125} | 1858| 27.869999999999973 | 1858 
2021-09-27 00:46:38,243 - INFO - load | 3 | (0.15000000000000002, 0.9500000000000001) | 55 | 3 | {72, 53, 125} | 1858| 13.934999999999961 | 1858 
2021-09-27 00:46:38,244 - INFO - load | 3 | (0.15000000000000002, 1.0) | 55 | 3 | {72, 53, 125} | 1858| 0.0 | 1858 
2021-09-27 00:46:38,244 - INFO - load | 3 | (0.2, 0.0) | 55 | 1 | {53} | 821| 164.20000000000002 | 821 
2021-09-27 00:46:38,245 - INFO - load | 3 | (0.2, 0.05) | 55 | 1 | {53} | 821| 155.99 | 821 
2021-09-27 00:46:38,245 - INFO - load | 3 | (0.2, 0.1) | 55 | 1 | {53} | 821| 147.78 | 821 
2021-09-27 00:46:38,245 - INFO - load | 3 | (0.2, 0.15000000000000002) | 55 | 1 | {53} | 821| 139.57000000000002 | 821 
2021-09-27 00:46:38,245 - INFO - load | 3 | (0.2, 0.2) | 55 | 1 | {53} | 821| 131.36 | 821 
2021-09-27 00:46:38,246 - INFO - load | 3 | (0.2, 0.25) | 55 | 1 | {53} | 821| 123.15000000000002 | 821 
2021-09-27 00:46:38,246 - INFO - load | 3 | (0.2, 0.30000000000000004) | 55 | 1 | {53} | 821| 114.94000000000001 | 821 
2021-09-27 00:46:38,246 - INFO - load | 3 | (0.2, 0.35000000000000003) | 55 | 1 | {53} | 821| 106.73 | 821 
2021-09-27 00:46:38,246 - INFO - load | 3 | (0.2, 0.4) | 55 | 1 | {53} | 821| 98.52 | 821 
2021-09-27 00:46:38,246 - INFO - load | 3 | (0.2, 0.45) | 55 | 1 | {53} | 821| 90.31 | 821 
2021-09-27 00:46:38,246 - INFO - load | 3 | (0.2, 0.5) | 55 | 1 | {53} | 821| 82.10000000000001 | 821 
2021-09-27 00:46:38,246 - INFO - load | 3 | (0.2, 0.55) | 55 | 1 | {53} | 821| 73.89 | 821 
2021-09-27 00:46:38,247 - INFO - load | 3 | (0.2, 0.6000000000000001) | 55 | 1 | {53} | 821| 65.67999999999999 | 821 
2021-09-27 00:46:38,247 - INFO - load | 3 | (0.2, 0.65) | 55 | 3 | {72, 53, 125} | 1858| 130.06 | 1858 
2021-09-27 00:46:38,248 - INFO - load | 3 | (0.2, 0.7000000000000001) | 55 | 3 | {72, 53, 125} | 1858| 111.47999999999999 | 1858 
2021-09-27 00:46:38,249 - INFO - load | 3 | (0.2, 0.75) | 55 | 3 | {72, 53, 125} | 1858| 92.89999999999998 | 1858 
2021-09-27 00:46:38,250 - INFO - load | 3 | (0.2, 0.8) | 55 | 3 | {72, 53, 125} | 1858| 74.31999999999996 | 1858 
2021-09-27 00:46:38,251 - INFO - load | 3 | (0.2, 0.8500000000000001) | 55 | 3 | {72, 53, 125} | 1858| 55.739999999999945 | 1858 
2021-09-27 00:46:38,252 - INFO - load | 3 | (0.2, 0.9) | 55 | 3 | {72, 53, 125} | 1858| 37.15999999999998 | 1858 
2021-09-27 00:46:38,253 - INFO - load | 3 | (0.2, 0.9500000000000001) | 55 | 3 | {72, 53, 125} | 1858| 18.579999999999966 | 1858 
2021-09-27 00:46:38,254 - INFO - load | 3 | (0.2, 1.0) | 55 | 4 | (72, 53, 143) | 2211| 0.0 | 1048.1350872359963 
2021-09-27 00:46:38,254 - INFO - load | 3 | (0.25, 0.0) | 55 | 1 | {53} | 821| 205.25 | 821 
2021-09-27 00:46:38,254 - INFO - load | 3 | (0.25, 0.05) | 55 | 1 | {53} | 821| 194.98749999999998 | 821 
2021-09-27 00:46:38,254 - INFO - load | 3 | (0.25, 0.1) | 55 | 1 | {53} | 821| 184.725 | 821 
2021-09-27 00:46:38,254 - INFO - load | 3 | (0.25, 0.15000000000000002) | 55 | 1 | {53} | 821| 174.4625 | 821 
2021-09-27 00:46:38,255 - INFO - load | 3 | (0.25, 0.2) | 55 | 1 | {53} | 821| 164.20000000000002 | 821 
2021-09-27 00:46:38,255 - INFO - load | 3 | (0.25, 0.25) | 55 | 1 | {53} | 821| 153.9375 | 821 
2021-09-27 00:46:38,255 - INFO - load | 3 | (0.25, 0.30000000000000004) | 55 | 1 | {53} | 821| 143.67499999999998 | 821 
2021-09-27 00:46:38,255 - INFO - load | 3 | (0.25, 0.35000000000000003) | 55 | 1 | {53} | 821| 133.4125 | 821 
2021-09-27 00:46:38,255 - INFO - load | 3 | (0.25, 0.4) | 55 | 1 | {53} | 821| 123.14999999999999 | 821 
2021-09-27 00:46:38,255 - INFO - load | 3 | (0.25, 0.45) | 55 | 1 | {53} | 821| 112.8875 | 821 
2021-09-27 00:46:38,260 - INFO - load | 3 | (0.25, 0.5) | 55 | 2 | {125, 53} | 1455| 181.875 | 1455 
2021-09-27 00:46:38,261 - INFO - load | 3 | (0.25, 0.55) | 55 | 3 | {72, 53, 125} | 1858| 209.02499999999998 | 1858 
2021-09-27 00:46:38,262 - INFO - load | 3 | (0.25, 0.6000000000000001) | 55 | 3 | {72, 53, 125} | 1858| 185.79999999999995 | 1858 
2021-09-27 00:46:38,263 - INFO - load | 3 | (0.25, 0.65) | 55 | 3 | {72, 53, 125} | 1858| 162.575 | 1858 
2021-09-27 00:46:38,264 - INFO - load | 3 | (0.25, 0.7000000000000001) | 55 | 3 | {72, 53, 125} | 1858| 139.34999999999997 | 1858 
2021-09-27 00:46:38,264 - INFO - load | 3 | (0.25, 0.75) | 55 | 3 | {72, 53, 125} | 1858| 116.125 | 1858 
2021-09-27 00:46:38,265 - INFO - load | 3 | (0.25, 0.8) | 55 | 4 | (72, 53, 143) | 2211| 110.54999999999997 | 1048.1350872359963 
2021-09-27 00:46:38,266 - INFO - load | 3 | (0.25, 0.8500000000000001) | 55 | 4 | (72, 53, 143) | 2211| 82.91249999999995 | 1048.1350872359963 
2021-09-27 00:46:38,267 - INFO - load | 3 | (0.25, 0.9) | 55 | 4 | (72, 53, 143) | 2211| 55.274999999999984 | 1048.1350872359963 
2021-09-27 00:46:38,316 - INFO - compute | 3 | (0.25, 0.9500000000000001) | 55 | 5 | (72, 143, 53) | 2211| 27.637499999999964 | 1048.1350872359963 
2021-09-27 00:46:38,321 - INFO - load | 3 | (0.25, 1.0) | 55 | 5 | (72, 143, 53) | 2211| 0.0 | 1048.1350872359963 
2021-09-27 00:46:38,321 - INFO - load | 3 | (0.30000000000000004, 0.0) | 54 | 1 | {53} | 793| 237.90000000000003 | 793 
2021-09-27 00:46:38,322 - INFO - load | 3 | (0.30000000000000004, 0.05) | 54 | 1 | {53} | 793| 226.00500000000002 | 793 
2021-09-27 00:46:38,323 - INFO - load | 3 | (0.30000000000000004, 0.1) | 54 | 1 | {53} | 793| 214.11 | 793 
2021-09-27 00:46:38,324 - INFO - load | 3 | (0.30000000000000004, 0.15000000000000002) | 54 | 1 | {53} | 793| 202.215 | 793 
2021-09-27 00:46:38,325 - INFO - load | 3 | (0.30000000000000004, 0.2) | 54 | 1 | {53} | 793| 190.32000000000005 | 793 
2021-09-27 00:46:38,326 - INFO - load | 3 | (0.30000000000000004, 0.25) | 54 | 1 | {53} | 793| 178.42500000000004 | 793 
2021-09-27 00:46:38,327 - INFO - load | 3 | (0.30000000000000004, 0.30000000000000004) | 54 | 1 | {53} | 793| 166.53000000000003 | 793 
2021-09-27 00:46:38,328 - INFO - load | 3 | (0.30000000000000004, 0.35000000000000003) | 54 | 1 | {53} | 793| 154.63500000000002 | 793 
2021-09-27 00:46:38,329 - INFO - load | 3 | (0.30000000000000004, 0.4) | 54 | 1 | {53} | 793| 142.74 | 793 
2021-09-27 00:46:38,330 - INFO - load | 3 | (0.30000000000000004, 0.45) | 54 | 3 | {72, 53, 125} | 1798| 296.67 | 1798 
2021-09-27 00:46:38,331 - INFO - load | 3 | (0.30000000000000004, 0.5) | 54 | 3 | {72, 53, 125} | 1798| 269.70000000000005 | 1798 
2021-09-27 00:46:38,332 - INFO - load | 3 | (0.30000000000000004, 0.55) | 54 | 3 | {72, 53, 125} | 1798| 242.73000000000002 | 1798 
2021-09-27 00:46:38,333 - INFO - load | 3 | (0.30000000000000004, 0.6000000000000001) | 54 | 3 | {72, 53, 125} | 1798| 215.76 | 1798 
2021-09-27 00:46:38,334 - INFO - load | 3 | (0.30000000000000004, 0.65) | 54 | 3 | {72, 53, 125} | 1798| 188.79000000000002 | 1798 
2021-09-27 00:46:38,335 - INFO - load | 3 | (0.30000000000000004, 0.7000000000000001) | 54 | 4 | (72, 53, 143) | 2140| 192.6 | 1029.29303030303 
2021-09-27 00:46:38,336 - INFO - load | 3 | (0.30000000000000004, 0.75) | 54 | 4 | (72, 53, 143) | 2140| 160.50000000000003 | 1029.29303030303 
2021-09-27 00:46:38,337 - INFO - load | 3 | (0.30000000000000004, 0.8) | 54 | 5 | (72, 143, 53) | 2140| 128.4 | 1029.29303030303 
2021-09-27 00:46:38,338 - INFO - load | 3 | (0.30000000000000004, 0.8500000000000001) | 54 | 5 | (72, 143, 53) | 2140| 96.29999999999997 | 1029.29303030303 
2021-09-27 00:46:38,339 - INFO - load | 3 | (0.30000000000000004, 0.9) | 54 | 6 | (72, 143, 53) | 2140| 64.19999999999993 | 1029.29303030303 
2021-09-27 00:46:38,475 - INFO - compute | 3 | (0.30000000000000004, 0.9500000000000001) | 54 | 7 | (44, 143, 53) | 2163| 32.44499999999991 | 1053.0833425160697 
2021-09-27 00:46:38,477 - INFO - load | 3 | (0.30000000000000004, 1.0) | 54 | 9 | (44, 143, 53) | 2163| 0.0 | 1053.0833425160697 
2021-09-27 00:46:38,486 - INFO - compute | 3 | (0.35000000000000003, 0.0) | 52 | 1 | {53} | 744| 260.40000000000003 | 744 
2021-09-27 00:46:38,491 - INFO - load | 3 | (0.35000000000000003, 0.05) | 52 | 1 | {53} | 744| 247.38000000000002 | 744 
2021-09-27 00:46:38,497 - INFO - load | 3 | (0.35000000000000003, 0.1) | 52 | 1 | {53} | 744| 234.36000000000004 | 744 
2021-09-27 00:46:38,503 - INFO - load | 3 | (0.35000000000000003, 0.15000000000000002) | 52 | 1 | {53} | 744| 221.34000000000003 | 744 
2021-09-27 00:46:38,509 - INFO - load | 3 | (0.35000000000000003, 0.2) | 52 | 1 | {53} | 744| 208.32000000000002 | 744 
2021-09-27 00:46:38,514 - INFO - load | 3 | (0.35000000000000003, 0.25) | 52 | 1 | {53} | 744| 195.3 | 744 
2021-09-27 00:46:38,520 - INFO - load | 3 | (0.35000000000000003, 0.30000000000000004) | 52 | 1 | {53} | 744| 182.28 | 744 
2021-09-27 00:46:38,526 - INFO - load | 3 | (0.35000000000000003, 0.35000000000000003) | 52 | 1 | {53} | 744| 169.26000000000002 | 744 
2021-09-27 00:46:38,540 - INFO - compute | 3 | (0.35000000000000003, 0.4) | 52 | 3 | {72, 125, 53} | 1685| 353.85 | 1685 
2021-09-27 00:46:38,546 - INFO - load | 3 | (0.35000000000000003, 0.45) | 52 | 3 | {72, 125, 53} | 1685| 324.3625 | 1685 
2021-09-27 00:46:38,553 - INFO - load | 3 | (0.35000000000000003, 0.5) | 52 | 3 | {72, 125, 53} | 1685| 294.875 | 1685 
2021-09-27 00:46:38,558 - INFO - load | 3 | (0.35000000000000003, 0.55) | 52 | 3 | {72, 125, 53} | 1685| 265.3875 | 1685 
2021-09-27 00:46:38,584 - INFO - compute | 3 | (0.35000000000000003, 0.6000000000000001) | 52 | 4 | (72, 53, 143) | 2007| 280.97999999999996 | 988.1703581267215 
2021-09-27 00:46:38,590 - INFO - load | 3 | (0.35000000000000003, 0.65) | 52 | 4 | (72, 53, 143) | 2007| 245.8575 | 988.1703581267215 
2021-09-27 00:46:38,639 - INFO - compute | 3 | (0.35000000000000003, 0.7000000000000001) | 52 | 5 | (72, 143, 53) | 2007| 210.73499999999996 | 988.1703581267215 
2021-09-27 00:46:38,645 - INFO - load | 3 | (0.35000000000000003, 0.75) | 52 | 5 | (72, 143, 53) | 2007| 175.61250000000004 | 988.1703581267215 
2021-09-27 00:46:38,787 - INFO - compute | 3 | (0.35000000000000003, 0.8) | 52 | 7 | (44, 143, 53) | 2031| 142.17000000000002 | 1012.2715610651977 
2021-09-27 00:46:39,107 - INFO - compute | 3 | (0.35000000000000003, 0.8500000000000001) | 52 | 9 | (44, 143, 53) | 2031| 106.62749999999998 | 1012.2715610651977 
2021-09-27 00:46:39,566 - INFO - compute | 3 | (0.35000000000000003, 0.9) | 52 | 10 | (44, 143, 53) | 2031| 71.08499999999995 | 1012.2715610651977 
2021-09-27 00:46:40,198 - INFO - compute | 3 | (0.35000000000000003, 0.9500000000000001) | 52 | 11 | (44, 143, 53) | 2031| 35.54249999999992 | 1012.2715610651977 
2021-09-27 00:46:41,725 - INFO - compute | 3 | (0.35000000000000003, 1.0) | 52 | 14 | (1, 143, 53) | 2179| 0.0 | 1094.6422314049587 
2021-09-27 00:46:41,726 - INFO - load | 3 | (0.4, 0.0) | 48 | 1 | {53} | 655| 262.0 | 655 
2021-09-27 00:46:41,728 - INFO - load | 3 | (0.4, 0.05) | 48 | 1 | {53} | 655| 248.9 | 655 
2021-09-27 00:46:41,729 - INFO - load | 3 | (0.4, 0.1) | 48 | 1 | {53} | 655| 235.79999999999998 | 655 
2021-09-27 00:46:41,730 - INFO - load | 3 | (0.4, 0.15000000000000002) | 48 | 1 | {53} | 655| 222.70000000000002 | 655 
2021-09-27 00:46:41,731 - INFO - load | 3 | (0.4, 0.2) | 48 | 1 | {53} | 655| 209.6 | 655 
2021-09-27 00:46:41,732 - INFO - load | 3 | (0.4, 0.25) | 48 | 1 | {53} | 655| 196.50000000000003 | 655 
2021-09-27 00:46:41,734 - INFO - load | 3 | (0.4, 0.30000000000000004) | 48 | 1 | {53} | 655| 183.4 | 655 
2021-09-27 00:46:41,735 - INFO - load | 3 | (0.4, 0.35000000000000003) | 48 | 3 | {72, 53, 125} | 1478| 384.28000000000003 | 1478 
2021-09-27 00:46:41,736 - INFO - load | 3 | (0.4, 0.4) | 48 | 3 | {72, 53, 125} | 1478| 354.71999999999997 | 1478 
2021-09-27 00:46:41,737 - INFO - load | 3 | (0.4, 0.45) | 48 | 3 | {72, 53, 125} | 1478| 325.16 | 1478 
2021-09-27 00:46:41,738 - INFO - load | 3 | (0.4, 0.5) | 48 | 4 | (72, 53, 143) | 1759| 351.8 | 894.5241230486682 
2021-09-27 00:46:41,740 - INFO - load | 3 | (0.4, 0.55) | 48 | 4 | (72, 53, 143) | 1759| 316.62 | 894.5241230486682 
2021-09-27 00:46:41,741 - INFO - load | 3 | (0.4, 0.6000000000000001) | 48 | 5 | (72, 143, 53) | 1759| 281.43999999999994 | 894.5241230486682 
2021-09-27 00:46:41,743 - INFO - load | 3 | (0.4, 0.65) | 48 | 5 | (72, 143, 53) | 1759| 246.26000000000002 | 894.5241230486682 
2021-09-27 00:46:41,744 - INFO - load | 3 | (0.4, 0.7000000000000001) | 48 | 7 | (44, 143, 53) | 1800| 216.0 | 925.0438475665749 
2021-09-27 00:46:42,020 - INFO - compute | 3 | (0.4, 0.75) | 48 | 9 | (44, 143, 53) | 1800| 179.99999999999997 | 925.0438475665749 
2021-09-27 00:46:42,022 - INFO - load | 3 | (0.4, 0.8) | 48 | 10 | (44, 143, 53) | 1800| 143.99999999999991 | 925.0438475665749 
2021-09-27 00:46:42,716 - INFO - compute | 3 | (0.4, 0.8500000000000001) | 48 | 12 | (13, 143, 53) | 1876| 112.55999999999989 | 972.5196969696968 
2021-09-27 00:46:42,717 - INFO - load | 3 | (0.4, 0.9) | 48 | 14 | (1, 143, 53) | 1933| 77.31999999999996 | 1001.8126721763085 
2021-09-27 00:46:44,218 - INFO - compute | 3 | (0.4, 0.9500000000000001) | 48 | 15 | (1, 143, 53) | 1933| 38.659999999999926 | 1001.8126721763085 
2021-09-27 00:46:44,219 - INFO - load | 3 | (0.4, 1.0) | 48 | 20 | (1, 99, 143) | 1906| 0.0 | 1008.2106427915517 
2021-09-27 00:46:44,228 - INFO - compute | 3 | (0.45, 0.0) | 34 | 1 | {53} | 404| 181.8 | 404 
2021-09-27 00:46:44,234 - INFO - load | 3 | (0.45, 0.05) | 34 | 1 | {53} | 404| 172.71 | 404 
2021-09-27 00:46:44,240 - INFO - load | 3 | (0.45, 0.1) | 34 | 1 | {53} | 404| 163.62 | 404 
2021-09-27 00:46:44,246 - INFO - load | 3 | (0.45, 0.15000000000000002) | 34 | 1 | {53} | 404| 154.53 | 404 
2021-09-27 00:46:44,253 - INFO - load | 3 | (0.45, 0.2) | 34 | 1 | {53} | 404| 145.44 | 404 
2021-09-27 00:46:44,259 - INFO - load | 3 | (0.45, 0.25) | 34 | 1 | {53} | 404| 136.35000000000002 | 404 
2021-09-27 00:46:44,270 - INFO - compute | 3 | (0.45, 0.30000000000000004) | 34 | 3 | {72, 125, 53} | 897| 282.55499999999995 | 897 
2021-09-27 00:46:44,277 - INFO - load | 3 | (0.45, 0.35000000000000003) | 34 | 3 | {72, 125, 53} | 897| 262.3725 | 897 
2021-09-27 00:46:44,283 - INFO - load | 3 | (0.45, 0.4) | 34 | 3 | {72, 125, 53} | 897| 242.19000000000003 | 897 
2021-09-27 00:46:44,300 - INFO - compute | 3 | (0.45, 0.45) | 34 | 4 | (72, 53, 143) | 1054| 260.865 | 595.0278328741965 
2021-09-27 00:46:44,307 - INFO - load | 3 | (0.45, 0.5) | 34 | 4 | (72, 53, 143) | 1054| 237.15 | 595.0278328741965 
2021-09-27 00:46:44,339 - INFO - compute | 3 | (0.45, 0.55) | 34 | 5 | (72, 143, 53) | 1054| 213.43499999999997 | 595.0278328741965 
2021-09-27 00:46:44,399 - INFO - compute | 3 | (0.45, 0.6000000000000001) | 34 | 6 | (72, 143, 53) | 1054| 189.71999999999994 | 595.0278328741965 
2021-09-27 00:46:44,549 - INFO - compute | 3 | (0.45, 0.65) | 34 | 8 | (45, 143, 53) | 1092| 171.98999999999998 | 627.5587419651057 
2021-09-27 00:46:44,837 - INFO - compute | 3 | (0.45, 0.7000000000000001) | 34 | 10 | (45, 143, 53) | 1092| 147.41999999999996 | 627.5587419651057 
2021-09-27 00:46:45,369 - INFO - compute | 3 | (0.45, 0.75) | 34 | 12 | (13, 143, 53) | 1136| 127.79999999999998 | 657.8042791551883 
2021-09-27 00:46:46,230 - INFO - compute | 3 | (0.45, 0.8) | 34 | 14 | (1, 143, 53) | 1171| 105.38999999999996 | 677.8447566574841 
2021-09-27 00:46:47,288 - INFO - compute | 3 | (0.45, 0.8500000000000001) | 34 | 15 | (1, 143, 53) | 1171| 79.04249999999995 | 677.8447566574841 
2021-09-27 00:46:49,837 - INFO - compute | 3 | (0.45, 0.9) | 34 | 20 | (1, 99, 143) | 1194| 53.72999999999998 | 705.216730945822 
2021-09-27 00:46:53,277 - INFO - compute | 3 | (0.45, 0.9500000000000001) | 34 | 22 | (1, 143, 99) | 1194| 26.86499999999996 | 705.216730945822 
2021-09-27 00:46:57,822 - INFO - compute | 3 | (0.45, 1.0) | 34 | 24 | (1, 143, 99) | 1194| 0.0 | 705.216730945822 
2021-09-27 00:46:57,824 - INFO - load | 3 | (0.5, 0.0) | 27 | 1 | {53} | 272| 136.0 | 272 
2021-09-27 00:46:57,825 - INFO - load | 3 | (0.5, 0.05) | 27 | 1 | {53} | 272| 129.2 | 272 
2021-09-27 00:46:57,826 - INFO - load | 3 | (0.5, 0.1) | 27 | 1 | {53} | 272| 122.4 | 272 
2021-09-27 00:46:57,828 - INFO - load | 3 | (0.5, 0.15000000000000002) | 27 | 1 | {53} | 272| 115.6 | 272 
2021-09-27 00:46:57,829 - INFO - load | 3 | (0.5, 0.2) | 27 | 1 | {53} | 272| 108.80000000000001 | 272 
2021-09-27 00:46:57,839 - INFO - compute | 3 | (0.5, 0.25) | 27 | 2 | {125, 53} | 477| 178.875 | 477 
2021-09-27 00:46:57,840 - INFO - load | 3 | (0.5, 0.30000000000000004) | 27 | 3 | {72, 53, 125} | 608| 212.79999999999998 | 608 
2021-09-27 00:46:57,842 - INFO - load | 3 | (0.5, 0.35000000000000003) | 27 | 3 | {72, 53, 125} | 608| 197.59999999999997 | 608 
2021-09-27 00:46:57,843 - INFO - load | 3 | (0.5, 0.4) | 27 | 4 | (72, 53, 143) | 711| 213.29999999999998 | 427.529155188246 
2021-09-27 00:46:57,845 - INFO - load | 3 | (0.5, 0.45) | 27 | 4 | (72, 53, 143) | 711| 195.525 | 427.529155188246 
2021-09-27 00:46:57,846 - INFO - load | 3 | (0.5, 0.5) | 27 | 5 | (72, 143, 53) | 711| 177.75 | 427.529155188246 
2021-09-27 00:46:57,919 - INFO - compute | 3 | (0.5, 0.55) | 27 | 7 | (44, 143, 53) | 759| 170.77499999999998 | 461.52794306703396 
2021-09-27 00:46:57,921 - INFO - load | 3 | (0.5, 0.6000000000000001) | 27 | 9 | (44, 45, 143) | 768| 153.59999999999997 | 476.81918273645545 
2021-09-27 00:46:58,154 - INFO - compute | 3 | (0.5, 0.65) | 27 | 10 | (44, 45, 143) | 768| 134.39999999999998 | 476.81918273645545 
2021-09-27 00:46:58,155 - INFO - load | 3 | (0.5, 0.7000000000000001) | 27 | 14 | (1, 143, 53) | 839| 125.84999999999997 | 515.6094123048669 
2021-09-27 00:46:58,992 - INFO - compute | 3 | (0.5, 0.75) | 27 | 15 | (1, 143, 53) | 839| 104.875 | 515.6094123048669 
2021-09-27 00:46:58,994 - INFO - load | 3 | (0.5, 0.8) | 27 | 20 | (1, 99, 143) | 884| 88.39999999999998 | 553.7581267217632 
2021-09-27 00:47:01,818 - INFO - compute | 3 | (0.5, 0.8500000000000001) | 27 | 22 | (1, 143, 111) | 888| 66.59999999999997 | 554.7698255280075 
2021-09-27 00:47:01,821 - INFO - load | 3 | (0.5, 0.9) | 27 | 24 | (1, 143, 111) | 888| 44.39999999999999 | 554.7698255280075 
2021-09-27 00:47:07,507 - INFO - compute | 3 | (0.5, 0.9500000000000001) | 27 | 26 | (1, 143, 111) | 888| 22.19999999999997 | 554.7698255280075 
2021-09-27 00:47:07,509 - INFO - load | 3 | (0.5, 1.0) | 27 | 29 | (1, 143, 111) | 888| 0.0 | 554.7698255280075 
2021-09-27 00:47:07,518 - INFO - compute | 3 | (0.55, 0.0) | 21 | 1 | {53} | 184| 101.2 | 184 
2021-09-27 00:47:07,526 - INFO - load | 3 | (0.55, 0.05) | 21 | 1 | {53} | 184| 96.14000000000001 | 184 
2021-09-27 00:47:07,533 - INFO - load | 3 | (0.55, 0.1) | 21 | 1 | {53} | 184| 91.08000000000001 | 184 
2021-09-27 00:47:07,541 - INFO - load | 3 | (0.55, 0.15000000000000002) | 21 | 1 | {53} | 184| 86.02000000000001 | 184 
2021-09-27 00:47:07,548 - INFO - load | 3 | (0.55, 0.2) | 21 | 1 | {53} | 184| 80.96000000000001 | 184 
2021-09-27 00:47:07,560 - INFO - compute | 3 | (0.55, 0.25) | 21 | 3 | {72, 125, 53} | 392| 161.70000000000002 | 392 
2021-09-27 00:47:07,568 - INFO - load | 3 | (0.55, 0.30000000000000004) | 21 | 3 | {72, 125, 53} | 392| 150.92000000000002 | 392 
2021-09-27 00:47:07,575 - INFO - load | 3 | (0.55, 0.35000000000000003) | 21 | 3 | {72, 125, 53} | 392| 140.14000000000001 | 392 
2021-09-27 00:47:07,591 - INFO - compute | 3 | (0.55, 0.4) | 21 | 4 | (72, 53, 143) | 448| 147.84 | 292.11881542699723 
2021-09-27 00:47:07,617 - INFO - compute | 3 | (0.55, 0.45) | 21 | 5 | (72, 143, 53) | 448| 135.51999999999998 | 292.11881542699723 
2021-09-27 00:47:07,679 - INFO - compute | 3 | (0.55, 0.5) | 21 | 7 | (44, 143, 53) | 505| 138.875 | 330.8485766758494 
2021-09-27 00:47:07,812 - INFO - compute | 3 | (0.55, 0.55) | 21 | 9 | (44, 45, 143) | 533| 131.9175 | 355.85303030303027 
2021-09-27 00:47:08,004 - INFO - compute | 3 | (0.55, 0.6000000000000001) | 21 | 10 | (44, 45, 143) | 533| 117.25999999999999 | 355.85303030303027 
2021-09-27 00:47:08,596 - INFO - compute | 3 | (0.55, 0.65) | 21 | 14 | (1, 45, 143) | 588| 113.19 | 394.103792470156 
2021-09-27 00:47:09,429 - INFO - compute | 3 | (0.55, 0.7000000000000001) | 21 | 16 | (1, 99, 143) | 629| 103.78499999999998 | 422.7907621671259 
2021-09-27 00:47:11,737 - INFO - compute | 3 | (0.55, 0.75) | 21 | 22 | (1, 143, 111) | 637| 87.5875 | 425.80446280991737 
2021-09-27 00:47:14,239 - INFO - compute | 3 | (0.55, 0.8) | 21 | 23 | (1, 143, 111) | 637| 70.07 | 425.80446280991737 
2021-09-27 00:47:17,898 - INFO - compute | 3 | (0.55, 0.8500000000000001) | 21 | 26 | (1, 143, 111) | 637| 52.552499999999974 | 425.80446280991737 
2021-09-27 00:47:23,020 - INFO - compute | 3 | (0.55, 0.9) | 21 | 29 | (1, 143, 111) | 637| 35.035 | 425.80446280991737 
2021-09-27 00:47:30,635 - INFO - compute | 3 | (0.55, 0.9500000000000001) | 21 | 33 | (1, 27, 111) | 688| 18.91999999999998 | 465.33058769513315 
2021-09-27 00:47:39,353 - INFO - compute | 3 | (0.55, 1.0) | 21 | 34 | (1, 27, 111) | 688| 0.0 | 465.33058769513315 
2021-09-27 00:47:39,356 - INFO - load | 3 | (0.6000000000000001, 0.0) | 17 | 1 | {53} | 123| 73.80000000000001 | 123 
2021-09-27 00:47:39,358 - INFO - load | 3 | (0.6000000000000001, 0.05) | 17 | 1 | {53} | 123| 70.11000000000001 | 123 
2021-09-27 00:47:39,360 - INFO - load | 3 | (0.6000000000000001, 0.1) | 17 | 1 | {53} | 123| 66.42 | 123 
2021-09-27 00:47:39,362 - INFO - load | 3 | (0.6000000000000001, 0.15000000000000002) | 17 | 1 | {53} | 123| 62.730000000000004 | 123 
2021-09-27 00:47:39,364 - INFO - load | 3 | (0.6000000000000001, 0.2) | 17 | 1 | {53} | 123| 59.04000000000001 | 123 
2021-09-27 00:47:39,366 - INFO - load | 3 | (0.6000000000000001, 0.25) | 17 | 3 | {72, 53, 125} | 272| 122.40000000000002 | 272 
2021-09-27 00:47:39,368 - INFO - load | 3 | (0.6000000000000001, 0.30000000000000004) | 17 | 3 | {72, 53, 125} | 272| 114.24000000000001 | 272 
2021-09-27 00:47:39,386 - INFO - compute | 3 | (0.6000000000000001, 0.35000000000000003) | 17 | 4 | (72, 53, 143) | 314| 122.46000000000001 | 214.1569972451791 
2021-09-27 00:47:39,389 - INFO - load | 3 | (0.6000000000000001, 0.4) | 17 | 5 | (143, 50, 53) | 314| 113.04 | 215.07817263544536 
2021-09-27 00:47:39,427 - INFO - compute | 3 | (0.6000000000000001, 0.45) | 17 | 6 | (143, 50, 53) | 314| 103.62 | 215.07817263544536 
2021-09-27 00:47:39,428 - INFO - load | 3 | (0.6000000000000001, 0.5) | 17 | 9 | (44, 45, 143) | 397| 119.10000000000002 | 276.739173553719 
2021-09-27 00:47:39,590 - INFO - compute | 3 | (0.6000000000000001, 0.55) | 17 | 10 | (44, 45, 143) | 397| 107.19000000000001 | 276.739173553719 
2021-09-27 00:47:39,592 - INFO - load | 3 | (0.6000000000000001, 0.6000000000000001) | 17 | 14 | (1, 45, 143) | 446| 107.03999999999999 | 311.3935996326905 
2021-09-27 00:47:40,266 - INFO - compute | 3 | (0.6000000000000001, 0.65) | 17 | 16 | (1, 99, 143) | 487| 102.27000000000001 | 340.0436914600551 
2021-09-27 00:47:40,268 - INFO - load | 3 | (0.6000000000000001, 0.7000000000000001) | 17 | 22 | (1, 99, 111) | 485| 87.3 | 340.2944444444444 
2021-09-27 00:47:42,742 - INFO - compute | 3 | (0.6000000000000001, 0.75) | 17 | 24 | (1, 99, 111) | 485| 72.75000000000001 | 340.2944444444444 
2021-09-27 00:47:42,744 - INFO - load | 3 | (0.6000000000000001, 0.8) | 17 | 28 | (1, 86, 99) | 487| 58.44 | 341.4235996326905 
2021-09-27 00:47:48,060 - INFO - compute | 3 | (0.6000000000000001, 0.8500000000000001) | 17 | 31 | (1, 86, 99) | 487| 43.829999999999984 | 341.4235996326905 
2021-09-27 00:47:48,062 - INFO - load | 3 | (0.6000000000000001, 0.9) | 17 | 34 | (1, 27, 99) | 532| 31.91999999999997 | 376.16377410468317 
2021-09-27 00:47:56,383 - INFO - compute | 3 | (0.6000000000000001, 0.9500000000000001) | 17 | 36 | (1, 27, 99) | 532| 15.959999999999955 | 376.16377410468317 
2021-09-27 00:47:56,385 - INFO - load | 3 | (0.6000000000000001, 1.0) | 17 | 41 | (1, 27, 99) | 532| 0.0 | 376.16377410468317 
2021-09-27 00:47:56,394 - INFO - compute | 3 | (0.65, 0.0) | 11 | 1 | {53} | 52| 33.800000000000004 | 52 
2021-09-27 00:47:56,401 - INFO - load | 3 | (0.65, 0.05) | 11 | 1 | {53} | 52| 32.11 | 52 
2021-09-27 00:47:56,409 - INFO - load | 3 | (0.65, 0.1) | 11 | 1 | {53} | 52| 30.419999999999998 | 52 
2021-09-27 00:47:56,416 - INFO - load | 3 | (0.65, 0.15000000000000002) | 11 | 1 | {53} | 52| 28.73 | 52 
2021-09-27 00:47:56,425 - INFO - compute | 3 | (0.65, 0.2) | 11 | 3 | {72, 125, 53} | 129| 67.08 | 129 
2021-09-27 00:47:56,433 - INFO - load | 3 | (0.65, 0.25) | 11 | 3 | {72, 125, 53} | 129| 62.8875 | 129 
2021-09-27 00:47:56,440 - INFO - load | 3 | (0.65, 0.30000000000000004) | 11 | 3 | {72, 125, 53} | 129| 58.69499999999999 | 129 
2021-09-27 00:47:56,452 - INFO - compute | 3 | (0.65, 0.35000000000000003) | 11 | 4 | (72, 53, 143) | 149| 62.9525 | 111.79414141414141 
2021-09-27 00:47:56,468 - INFO - compute | 3 | (0.65, 0.4) | 11 | 5 | (143, 50, 53) | 153| 59.67 | 115.20377410468319 
2021-09-27 00:47:56,521 - INFO - compute | 3 | (0.65, 0.45) | 11 | 8 | (44, 45, 143) | 219| 78.29249999999999 | 166.33398530762167 
2021-09-27 00:47:56,622 - INFO - compute | 3 | (0.65, 0.5) | 11 | 10 | (44, 45, 143) | 219| 71.175 | 166.33398530762167 
2021-09-27 00:47:56,911 - INFO - compute | 3 | (0.65, 0.55) | 11 | 14 | (1, 45, 143) | 252| 73.71 | 191.07881542699724 
2021-09-27 00:47:57,357 - INFO - compute | 3 | (0.65, 0.6000000000000001) | 11 | 16 | (1, 99, 143) | 274| 71.23999999999998 | 208.07073461891642 
2021-09-27 00:47:58,531 - INFO - compute | 3 | (0.65, 0.65) | 11 | 22 | (1, 80, 99) | 283| 64.3825 | 216.27962350780533 
2021-09-27 00:48:00,300 - INFO - compute | 3 | (0.65, 0.7000000000000001) | 11 | 25 | (1, 73, 99) | 292| 56.93999999999998 | 223.56281910009182 
2021-09-27 00:48:03,115 - INFO - compute | 3 | (0.65, 0.75) | 11 | 29 | (1, 73, 99) | 292| 47.449999999999996 | 223.56281910009182 
2021-09-27 00:48:07,292 - INFO - compute | 3 | (0.65, 0.8) | 11 | 33 | (1, 27, 99) | 323| 41.99 | 247.61345270890723 
2021-09-27 00:48:12,625 - INFO - compute | 3 | (0.65, 0.8500000000000001) | 11 | 35 | (1, 27, 99) | 323| 31.492499999999975 | 247.61345270890723 
2021-09-27 00:48:19,093 - INFO - compute | 3 | (0.65, 0.9) | 11 | 38 | (1, 27, 99) | 323| 20.994999999999983 | 247.61345270890723 
2021-09-27 00:48:29,927 - INFO - compute | 3 | (0.65, 0.9500000000000001) | 11 | 45 | (1, 27, 99) | 323| 10.497499999999992 | 247.61345270890723 
2021-09-27 00:48:42,992 - INFO - compute | 3 | (0.65, 1.0) | 11 | 48 | (1, 27, 99) | 323| 0.0 | 247.61345270890723 
2021-09-27 00:48:42,994 - INFO - load | 3 | (0.7000000000000001, 0.0) | 9 | 1 | {53} | 39| 27.300000000000004 | 39 
2021-09-27 00:48:42,996 - INFO - load | 3 | (0.7000000000000001, 0.05) | 9 | 1 | {53} | 39| 25.935000000000002 | 39 
2021-09-27 00:48:42,998 - INFO - load | 3 | (0.7000000000000001, 0.1) | 9 | 1 | {53} | 39| 24.570000000000004 | 39 
2021-09-27 00:48:43,000 - INFO - load | 3 | (0.7000000000000001, 0.15000000000000002) | 9 | 1 | {53} | 39| 23.205000000000002 | 39 
2021-09-27 00:48:43,003 - INFO - load | 3 | (0.7000000000000001, 0.2) | 9 | 3 | {72, 53, 125} | 92| 51.52 | 92 
2021-09-27 00:48:43,005 - INFO - load | 3 | (0.7000000000000001, 0.25) | 9 | 3 | {72, 53, 125} | 92| 48.300000000000004 | 92 
2021-09-27 00:48:43,007 - INFO - load | 3 | (0.7000000000000001, 0.30000000000000004) | 9 | 4 | (72, 53, 143) | 104| 50.96 | 81.31556473829201 
2021-09-27 00:48:43,022 - INFO - compute | 3 | (0.7000000000000001, 0.35000000000000003) | 9 | 5 | (143, 50, 53) | 110| 50.050000000000004 | 86.1337741046832 
2021-09-27 00:48:43,025 - INFO - load | 3 | (0.7000000000000001, 0.4) | 9 | 7 | (44, 143, 50) | 131| 55.02 | 103.10446280991735 
2021-09-27 00:48:43,111 - INFO - compute | 3 | (0.7000000000000001, 0.45) | 9 | 10 | (44, 45, 143) | 162| 62.370000000000005 | 127.76229568411387 
2021-09-27 00:48:43,113 - INFO - load | 3 | (0.7000000000000001, 0.5) | 9 | 14 | (1, 45, 13) | 191| 66.85000000000001 | 150.20219467401284 
2021-09-27 00:48:43,478 - INFO - compute | 3 | (0.7000000000000001, 0.55) | 9 | 16 | (1, 99, 13) | 209| 65.835 | 164.70476584022038 
2021-09-27 00:48:43,481 - INFO - load | 3 | (0.7000000000000001, 0.6000000000000001) | 9 | 22 | (1, 99, 111) | 222| 62.16 | 175.34943067033976 
2021-09-27 00:48:44,946 - INFO - compute | 3 | (0.7000000000000001, 0.65) | 9 | 25 | (1, 73, 99) | 231| 56.595 | 182.43278236914603 
2021-09-27 00:48:44,948 - INFO - load | 3 | (0.7000000000000001, 0.7000000000000001) | 9 | 29 | (1, 73, 99) | 231| 48.50999999999999 | 182.43278236914603 
2021-09-27 00:48:48,609 - INFO - compute | 3 | (0.7000000000000001, 0.75) | 9 | 33 | (1, 27, 99) | 259| 45.32500000000001 | 204.62935720844814 
2021-09-27 00:48:48,611 - INFO - load | 3 | (0.7000000000000001, 0.8) | 9 | 35 | (1, 27, 99) | 259| 36.260000000000005 | 204.62935720844814 
2021-09-27 00:48:54,322 - INFO - compute | 3 | (0.7000000000000001, 0.8500000000000001) | 9 | 39 | (1, 27, 99) | 259| 27.194999999999997 | 204.62935720844814 
2021-09-27 00:48:54,324 - INFO - load | 3 | (0.7000000000000001, 0.9) | 9 | 48 | (1, 27, 99) | 259| 18.12999999999999 | 204.62935720844814 
2021-09-27 00:49:05,827 - INFO - compute | 3 | (0.7000000000000001, 0.9500000000000001) | 9 | 49 | (1, 27, 99) | 259| 9.06499999999998 | 204.62935720844814 
2021-09-27 00:49:05,829 - INFO - load | 3 | (0.7000000000000001, 1.0) | 9 | 52 | (1, 27, 99) | 259| 0.0 | 204.62935720844814 
2021-09-27 00:49:05,838 - INFO - compute | 3 | (0.75, 0.0) | 7 | 1 | {53} | 26| 19.5 | 26 
2021-09-27 00:49:05,846 - INFO - load | 3 | (0.75, 0.05) | 7 | 1 | {53} | 26| 18.525000000000002 | 26 
2021-09-27 00:49:05,855 - INFO - load | 3 | (0.75, 0.1) | 7 | 1 | {53} | 26| 17.55 | 26 
2021-09-27 00:49:05,864 - INFO - load | 3 | (0.75, 0.15000000000000002) | 7 | 1 | {53} | 26| 16.575 | 26 
2021-09-27 00:49:05,874 - INFO - compute | 3 | (0.75, 0.2) | 7 | 3 | {72, 125, 53} | 68| 40.8 | 68 
2021-09-27 00:49:05,883 - INFO - load | 3 | (0.75, 0.25) | 7 | 3 | {72, 125, 53} | 68| 38.25 | 68 
2021-09-27 00:49:05,894 - INFO - compute | 3 | (0.75, 0.30000000000000004) | 7 | 4 | (72, 53, 143) | 74| 38.849999999999994 | 59.76341597796143 
2021-09-27 00:49:05,909 - INFO - compute | 3 | (0.75, 0.35000000000000003) | 7 | 5 | (72, 143, 50) | 79| 38.512499999999996 | 63.59314049586777 
2021-09-27 00:49:05,962 - INFO - compute | 3 | (0.75, 0.4) | 7 | 9 | (44, 45, 143) | 118| 53.099999999999994 | 96.16685032139578 
2021-09-27 00:49:06,307 - INFO - compute | 3 | (0.75, 0.45) | 7 | 12 | (45, 13, 143) | 134| 55.275 | 109.64030303030303 
2021-09-27 00:49:06,602 - INFO - compute | 3 | (0.75, 0.5) | 7 | 15 | (45, 13, 143) | 134| 50.25 | 109.64030303030303 
2021-09-27 00:49:07,408 - INFO - compute | 3 | (0.75, 0.55) | 7 | 22 | (1, 99, 111) | 161| 54.33749999999999 | 131.56625344352616 
2021-09-27 00:49:08,500 - INFO - compute | 3 | (0.75, 0.6000000000000001) | 7 | 24 | (1, 73, 99) | 165| 49.499999999999986 | 135.11661157024793 
2021-09-27 00:49:10,282 - INFO - compute | 3 | (0.75, 0.65) | 7 | 29 | (1, 73, 99) | 165| 43.31249999999999 | 135.11661157024793 
2021-09-27 00:49:12,879 - INFO - compute | 3 | (0.75, 0.7000000000000001) | 7 | 33 | (1, 27, 99) | 188| 42.3 | 153.6877961432507 
2021-09-27 00:49:15,977 - INFO - compute | 3 | (0.75, 0.75) | 7 | 35 | (1, 27, 99) | 188| 35.25 | 153.6877961432507 
2021-09-27 00:49:20,992 - INFO - compute | 3 | (0.75, 0.8) | 7 | 41 | (1, 27, 99) | 188| 28.19999999999998 | 153.6877961432507 
2021-09-27 00:49:29,067 - INFO - compute | 3 | (0.75, 0.8500000000000001) | 7 | 48 | (1, 27, 99) | 188| 21.149999999999988 | 153.6877961432507 
2021-09-27 00:49:38,253 - INFO - compute | 3 | (0.75, 0.9) | 7 | 50 | (1, 27, 99) | 188| 14.09999999999999 | 153.6877961432507 
2021-09-27 00:49:49,264 - INFO - compute | 3 | (0.75, 0.9500000000000001) | 7 | 53 | (1, 27, 99) | 188| 7.049999999999995 | 153.6877961432507 
2021-09-27 00:50:00,976 - INFO - compute | 3 | (0.75, 1.0) | 7 | 54 | (1, 27, 99) | 188| 0.0 | 153.6877961432507 
2021-09-27 00:50:00,979 - INFO - load | 3 | (0.8, 0.0) | 5 | 1 | {53} | 9| 7.2 | 9 
2021-09-27 00:50:00,981 - INFO - load | 3 | (0.8, 0.05) | 5 | 1 | {53} | 9| 6.84 | 9 
2021-09-27 00:50:00,983 - INFO - load | 3 | (0.8, 0.1) | 5 | 1 | {53} | 9| 6.4799999999999995 | 9 
2021-09-27 00:50:00,986 - INFO - load | 3 | (0.8, 0.15000000000000002) | 5 | 1 | {53} | 9| 6.12 | 9 
2021-09-27 00:50:00,989 - INFO - load | 3 | (0.8, 0.2) | 5 | 3 | {72, 53, 125} | 40| 25.6 | 40 
2021-09-27 00:50:00,999 - INFO - compute | 3 | (0.8, 0.25) | 5 | 4 | (72, 125, 143) | 51| 30.600000000000005 | 42.417529843893476 
2021-09-27 00:50:01,002 - INFO - load | 3 | (0.8, 0.30000000000000004) | 5 | 5 | (143, 50, 125) | 55| 30.800000000000004 | 46.12987144168963 
2021-09-27 00:50:01,026 - INFO - compute | 3 | (0.8, 0.35000000000000003) | 5 | 7 | (44, 143, 50) | 66| 34.32 | 55.30718089990817 
2021-09-27 00:50:01,029 - INFO - load | 3 | (0.8, 0.4) | 5 | 10 | (44, 45, 143) | 81| 38.879999999999995 | 68.09129476584022 
2021-09-27 00:50:01,227 - INFO - compute | 3 | (0.8, 0.45) | 5 | 14 | (45, 13, 143) | 91| 40.04 | 77.01067033976125 
2021-09-27 00:50:01,230 - INFO - load | 3 | (0.8, 0.5) | 5 | 20 | (99, 80, 13) | 106| 42.400000000000006 | 90.26488521579431 
2021-09-27 00:50:01,914 - INFO - compute | 3 | (0.8, 0.55) | 5 | 23 | (13, 73, 99) | 115| 41.4 | 97.69438016528925 
2021-09-27 00:50:01,917 - INFO - load | 3 | (0.8, 0.6000000000000001) | 5 | 28 | (13, 73, 99) | 115| 36.8 | 97.69438016528925 
2021-09-27 00:50:03,891 - INFO - compute | 3 | (0.8, 0.65) | 5 | 33 | (27, 73, 99) | 124| 34.720000000000006 | 105.02886134067953 
2021-09-27 00:50:03,894 - INFO - load | 3 | (0.8, 0.7000000000000001) | 5 | 35 | (22, 27, 99) | 124| 29.759999999999998 | 105.65563820018367 
2021-09-27 00:50:07,651 - INFO - compute | 3 | (0.8, 0.75) | 5 | 41 | (22, 27, 99) | 124| 24.799999999999994 | 105.65563820018367 
2021-09-27 00:50:07,653 - INFO - load | 3 | (0.8, 0.8) | 5 | 48 | (22, 27, 99) | 124| 19.83999999999999 | 105.65563820018367 
2021-09-27 00:50:14,707 - INFO - compute | 3 | (0.8, 0.8500000000000001) | 5 | 51 | (22, 27, 99) | 124| 14.879999999999985 | 105.65563820018367 
2021-09-27 00:50:14,709 - INFO - load | 3 | (0.8, 0.9) | 5 | 53 | (22, 27, 99) | 124| 9.919999999999995 | 105.65563820018367 
2021-09-27 00:50:14,712 - INFO - load | 3 | (0.8, 0.9500000000000001) | 5 | 54 | (22, 27, 99) | 124| 4.95999999999999 | 105.65563820018367 
2021-09-27 00:50:14,714 - INFO - load | 3 | (0.8, 1.0) | 5 | 54 | (22, 27, 99) | 124| 0.0 | 105.65563820018367 
2021-09-27 00:50:14,723 - INFO - compute | 3 | (0.8500000000000001, 0.0) | 2 | 1 | {53} | 9| 7.65 | 9 
2021-09-27 00:50:14,732 - INFO - load | 3 | (0.8500000000000001, 0.05) | 2 | 1 | {53} | 9| 7.267500000000001 | 9 
2021-09-27 00:50:14,740 - INFO - load | 3 | (0.8500000000000001, 0.1) | 2 | 1 | {53} | 9| 6.885000000000002 | 9 
2021-09-27 00:50:14,749 - INFO - compute | 3 | (0.8500000000000001, 0.15000000000000002) | 2 | 2 | {125, 53} | 14| 10.115 | 14 
2021-09-27 00:50:14,758 - INFO - compute | 3 | (0.8500000000000001, 0.2) | 2 | 3 | {72, 125, 53} | 15| 10.200000000000001 | 15 
2021-09-27 00:50:14,768 - INFO - compute | 3 | (0.8500000000000001, 0.25) | 2 | 4 | (72, 125, 53) | 15| 9.562500000000002 | 13.575087235996328 
2021-09-27 00:50:14,778 - INFO - compute | 3 | (0.8500000000000001, 0.30000000000000004) | 2 | 5 | (50, 53, 125) | 18| 10.709999999999999 | 16.308558310376494 
2021-09-27 00:50:14,799 - INFO - compute | 3 | (0.8500000000000001, 0.35000000000000003) | 2 | 9 | (44, 45, 50) | 28| 15.469999999999999 | 25.37399449035813 
2021-09-27 00:50:14,839 - INFO - compute | 3 | (0.8500000000000001, 0.4) | 2 | 12 | (44, 45, 13) | 38| 19.38 | 34.393296602387515 
2021-09-27 00:50:14,912 - INFO - compute | 3 | (0.8500000000000001, 0.45) | 2 | 15 | (1, 45, 13) | 39| 18.2325 | 35.304453627180905 
2021-09-27 00:50:15,138 - INFO - compute | 3 | (0.8500000000000001, 0.5) | 2 | 22 | (1, 99, 111) | 44| 18.700000000000003 | 39.86023875114785 
2021-09-27 00:50:15,508 - INFO - compute | 3 | (0.8500000000000001, 0.55) | 2 | 26 | (13, 73, 99) | 45| 17.2125 | 40.736795224977044 
2021-09-27 00:50:16,143 - INFO - compute | 3 | (0.8500000000000001, 0.6000000000000001) | 2 | 31 | (13, 73, 99) | 45| 15.299999999999999 | 40.736795224977044 
2021-09-27 00:50:17,072 - INFO - compute | 3 | (0.8500000000000001, 0.65) | 2 | 35 | (1, 27, 99) | 52| 15.469999999999999 | 47.091827364554646 
2021-09-27 00:50:18,373 - INFO - compute | 3 | (0.8500000000000001, 0.7000000000000001) | 2 | 39 | (1, 27, 99) | 52| 13.26 | 47.091827364554646 
2021-09-27 00:50:20,770 - INFO - compute | 3 | (0.8500000000000001, 0.75) | 2 | 48 | (1, 27, 99) | 52| 11.05 | 47.091827364554646 
2021-09-27 00:50:23,911 - INFO - compute | 3 | (0.8500000000000001, 0.8) | 2 | 51 | (1, 27, 99) | 52| 8.839999999999996 | 47.091827364554646 
2021-09-27 00:50:27,326 - INFO - compute | 3 | (0.8500000000000001, 0.8500000000000001) | 2 | 53 | (1, 27, 99) | 52| 6.629999999999997 | 47.091827364554646 
2021-09-27 00:50:30,914 - INFO - compute | 3 | (0.8500000000000001, 0.9) | 2 | 54 | (1, 27, 99) | 52| 4.419999999999998 | 47.091827364554646 
2021-09-27 00:50:30,924 - INFO - load | 3 | (0.8500000000000001, 0.9500000000000001) | 2 | 54 | (1, 27, 99) | 52| 2.209999999999999 | 47.091827364554646 
2021-09-27 00:50:30,934 - INFO - load | 3 | (0.8500000000000001, 1.0) | 2 | 54 | (1, 27, 99) | 52| 0.0 | 47.091827364554646 
2021-09-27 00:50:30,936 - INFO - load | 3 | (0.9, 0.0) | 1 | 1 | {53} | 4| 3.6 | 4 
2021-09-27 00:50:30,939 - INFO - load | 3 | (0.9, 0.05) | 1 | 1 | {53} | 4| 3.42 | 4 
2021-09-27 00:50:30,941 - INFO - load | 3 | (0.9, 0.1) | 1 | 1 | {53} | 4| 3.24 | 4 
2021-09-27 00:50:30,944 - INFO - load | 3 | (0.9, 0.15000000000000002) | 1 | 3 | {72, 53, 125} | 7| 5.355 | 7 
2021-09-27 00:50:30,946 - INFO - load | 3 | (0.9, 0.2) | 1 | 3 | {72, 53, 125} | 7| 5.04 | 7 
2021-09-27 00:50:30,956 - INFO - compute | 3 | (0.9, 0.25) | 1 | 4 | (72, 125, 53) | 7| 4.7250000000000005 | 6.37809917355372 
2021-09-27 00:50:30,959 - INFO - load | 3 | (0.9, 0.30000000000000004) | 1 | 6 | (50, 53, 125) | 10| 6.299999999999999 | 9.111570247933885 
2021-09-27 00:50:30,978 - INFO - compute | 3 | (0.9, 0.35000000000000003) | 1 | 10 | (44, 45, 50) | 16| 9.36 | 14.578512396694217 
2021-09-27 00:50:30,981 - INFO - load | 3 | (0.9, 0.4) | 1 | 14 | (1, 45, 13) | 19| 10.260000000000002 | 17.31198347107438 
2021-09-27 00:50:31,079 - INFO - compute | 3 | (0.9, 0.45) | 1 | 20 | (1, 99, 80) | 23| 11.385 | 20.956611570247937 
2021-09-27 00:50:31,082 - INFO - load | 3 | (0.9, 0.5) | 1 | 24 | (1, 99, 111) | 24| 10.8 | 21.867768595041326 
2021-09-27 00:50:31,368 - INFO - compute | 3 | (0.9, 0.55) | 1 | 29 | (1, 99, 111) | 24| 9.719999999999999 | 21.867768595041326 
2021-09-27 00:50:31,370 - INFO - load | 3 | (0.9, 0.6000000000000001) | 1 | 34 | (1, 27, 99) | 27| 9.719999999999997 | 24.601239669421492 
2021-09-27 00:50:32,014 - INFO - compute | 3 | (0.9, 0.65) | 1 | 38 | (1, 27, 99) | 27| 8.504999999999999 | 24.601239669421492 
2021-09-27 00:50:32,016 - INFO - load | 3 | (0.9, 0.7000000000000001) | 1 | 48 | (1, 27, 99) | 27| 7.289999999999997 | 24.601239669421492 
2021-09-27 00:50:33,495 - INFO - compute | 3 | (0.9, 0.75) | 1 | 50 | (1, 27, 99) | 27| 6.074999999999999 | 24.601239669421492 
2021-09-27 00:50:33,497 - INFO - load | 3 | (0.9, 0.8) | 1 | 53 | (1, 27, 99) | 27| 4.8599999999999985 | 24.601239669421492 
2021-09-27 00:50:33,500 - INFO - load | 3 | (0.9, 0.8500000000000001) | 1 | 54 | (1, 27, 99) | 27| 3.6449999999999974 | 24.601239669421492 
2021-09-27 00:50:33,503 - INFO - load | 3 | (0.9, 0.9) | 1 | 54 | (1, 27, 99) | 27| 2.4299999999999993 | 24.601239669421492 
2021-09-27 00:50:33,505 - INFO - load | 3 | (0.9, 0.9500000000000001) | 1 | 54 | (1, 27, 99) | 27| 1.214999999999998 | 24.601239669421492 
2021-09-27 00:50:33,508 - INFO - load | 3 | (0.9, 1.0) | 1 | 54 | (1, 27, 99) | 27| 0.0 | 24.601239669421492 
2021-09-27 00:50:33,511 - INFO - load | 3 | (0.9500000000000001, 0.0) | 0 | 1 | {53} | 0| 0.0 | 0 
2021-09-27 00:50:33,514 - INFO - load | 3 | (0.9500000000000001, 0.05) | 0 | 1 | {53} | 0| 0.0 | 0 
2021-09-27 00:50:33,517 - INFO - load | 3 | (0.9500000000000001, 0.1) | 0 | 1 | {53} | 0| 0.0 | 0 
2021-09-27 00:50:33,527 - INFO - compute | 3 | (0.9500000000000001, 0.15000000000000002) | 0 | 3 | {72, 125, 53} | 0| 0.0 | 0 
2021-09-27 00:50:33,537 - INFO - load | 3 | (0.9500000000000001, 0.2) | 0 | 3 | {72, 125, 53} | 0| 0.0 | 0 
2021-09-27 00:50:33,548 - INFO - compute | 3 | (0.9500000000000001, 0.25) | 0 | 5 | (143, 53, 125) | 0| 0.0 | 0 
2021-09-27 00:50:33,558 - INFO - compute | 3 | (0.9500000000000001, 0.30000000000000004) | 0 | 7 | (143, 183, 125) | 0| 0.0 | 0 
2021-09-27 00:50:33,568 - INFO - compute | 3 | (0.9500000000000001, 0.35000000000000003) | 0 | 11 | (148, 183, 125) | 0| 0.0 | 0 
2021-09-27 00:50:33,579 - INFO - compute | 3 | (0.9500000000000001, 0.4) | 0 | 15 | (169, 183, 125) | 0| 0.0 | 0 
2021-09-27 00:50:33,592 - INFO - compute | 3 | (0.9500000000000001, 0.45) | 0 | 22 | (183, 111, 125) | 0| 0.0 | 0 
2021-09-27 00:50:33,606 - INFO - compute | 3 | (0.9500000000000001, 0.5) | 0 | 26 | (183, 111, 125) | 0| 0.0 | 0 
2021-09-27 00:50:33,625 - INFO - compute | 3 | (0.9500000000000001, 0.55) | 0 | 33 | (206, 111, 125) | 0| 0.0 | 0 
2021-09-27 00:50:33,645 - INFO - compute | 3 | (0.9500000000000001, 0.6000000000000001) | 0 | 36 | (206, 111, 125) | 0| 0.0 | 0 
2021-09-27 00:50:33,673 - INFO - compute | 3 | (0.9500000000000001, 0.65) | 0 | 45 | (215, 111, 125) | 0| 0.0 | 0 
2021-09-27 00:50:33,706 - INFO - compute | 3 | (0.9500000000000001, 0.7000000000000001) | 0 | 49 | (215, 111, 125) | 0| 0.0 | 0 
2021-09-27 00:50:33,747 - INFO - compute | 3 | (0.9500000000000001, 0.75) | 0 | 53 | (215, 111, 125) | 0| 0.0 | 0 
2021-09-27 00:50:33,750 - INFO - load | 3 | (0.9500000000000001, 0.8) | 0 | 54 | (215, 111, 125) | 0| 0.0 | 0 
2021-09-27 00:50:33,753 - INFO - load | 3 | (0.9500000000000001, 0.8500000000000001) | 0 | 54 | (215, 111, 125) | 0| 0.0 | 0 
2021-09-27 00:50:33,756 - INFO - load | 3 | (0.9500000000000001, 0.9) | 0 | 54 | (215, 111, 125) | 0| 0.0 | 0 
2021-09-27 00:50:33,759 - INFO - load | 3 | (0.9500000000000001, 0.9500000000000001) | 0 | 54 | (215, 111, 125) | 0| 0.0 | 0 
2021-09-27 00:50:33,762 - INFO - load | 3 | (0.9500000000000001, 1.0) | 0 | 54 | (215, 111, 125) | 0| 0.0 | 0 
2021-09-27 00:50:33,765 - INFO - load | 3 | (1.0, 0.0) | 0 | 1 | {53} | 0| 0.0 | 0 
2021-09-27 00:50:33,768 - INFO - load | 3 | (1.0, 0.05) | 0 | 1 | {53} | 0| 0.0 | 0 
2021-09-27 00:50:33,771 - INFO - load | 3 | (1.0, 0.1) | 0 | 1 | {53} | 0| 0.0 | 0 
2021-09-27 00:50:33,781 - INFO - load | 3 | (1.0, 0.15000000000000002) | 0 | 3 | {72, 125, 53} | 0| 0.0 | 0 
2021-09-27 00:50:33,784 - INFO - load | 3 | (1.0, 0.2) | 0 | 4 | (125, 53, 143) | 0| 0.0 | 0 
2021-09-27 00:50:33,795 - INFO - load | 3 | (1.0, 0.25) | 0 | 5 | (143, 53, 125) | 0| 0.0 | 0 
2021-09-27 00:50:33,798 - INFO - load | 3 | (1.0, 0.30000000000000004) | 0 | 9 | (143, 183, 125) | 0| 0.0 | 0 
2021-09-27 00:50:33,809 - INFO - compute | 3 | (1.0, 0.35000000000000003) | 0 | 14 | (169, 183, 125) | 0| 0.0 | 0 
2021-09-27 00:50:33,812 - INFO - load | 3 | (1.0, 0.4) | 0 | 20 | (183, 143, 125) | 0| 0.0 | 0 
2021-09-27 00:50:33,825 - INFO - compute | 3 | (1.0, 0.45) | 0 | 24 | (183, 111, 125) | 0| 0.0 | 0 
2021-09-27 00:50:33,828 - INFO - load | 3 | (1.0, 0.5) | 0 | 29 | (206, 111, 125) | 0| 0.0 | 0 
2021-09-27 00:50:33,846 - INFO - compute | 3 | (1.0, 0.55) | 0 | 34 | (206, 111, 125) | 0| 0.0 | 0 
2021-09-27 00:50:33,849 - INFO - load | 3 | (1.0, 0.6000000000000001) | 0 | 41 | (215, 111, 125) | 0| 0.0 | 0 
2021-09-27 00:50:33,884 - INFO - compute | 3 | (1.0, 0.65) | 0 | 48 | (215, 111, 125) | 0| 0.0 | 0 
2021-09-27 00:50:33,887 - INFO - load | 3 | (1.0, 0.7000000000000001) | 0 | 52 | (215, 111, 125) | 0| 0.0 | 0 
2021-09-27 00:50:33,889 - INFO - load | 3 | (1.0, 0.75) | 0 | 54 | (215, 111, 125) | 0| 0.0 | 0 
2021-09-27 00:50:33,893 - INFO - load | 3 | (1.0, 0.8) | 0 | 54 | (215, 111, 125) | 0| 0.0 | 0 
2021-09-27 00:50:33,896 - INFO - load | 3 | (1.0, 0.8500000000000001) | 0 | 54 | (215, 111, 125) | 0| 0.0 | 0 
2021-09-27 00:50:33,899 - INFO - load | 3 | (1.0, 0.9) | 0 | 54 | (215, 111, 125) | 0| 0.0 | 0 
2021-09-27 00:50:33,902 - INFO - load | 3 | (1.0, 0.9500000000000001) | 0 | 54 | (215, 111, 125) | 0| 0.0 | 0 
2021-09-27 00:50:33,905 - INFO - load | 3 | (1.0, 1.0) | 0 | 54 | (215, 111, 125) | 0| 0.0 | 0 
