2021-09-19 02:31:07,469 - INFO - Namespace(a='2', beta_paras='3,6,6,3', budget_list='2', did='d1', grain_alpha='5', grain_p='5', method='brute', percent_R='0.25', percent_S='0.25', rev=False, seed='32', sw=True, version='v09190231')
2021-09-19 02:31:07,485 - INFO - Finish random requester set R and supplier set S 
                             percent_R=0.25, num_R=55, len_R=55 
                             percent_S=0.25, num_S=55, len_S=54
2021-09-19 02:31:08,237 - INFO - Finish generate valuations and costs using using a=2
2021-09-19 02:31:08,531 - INFO - ********** (0.0, 0.0, 0.0)
2021-09-19 02:31:08,531 - INFO - max_history_budget=0, max_history_result=None
2021-09-19 02:31:08,533 - INFO - compute: budget=1; scheme=(0.0,0.0); tilderR=(55) tilderS=(0); result=(set(), 0.0); rev=0.0
2021-09-19 02:31:08,533 - INFO - compute: budget=2; scheme=(0.0,0.0); tilderR=(55) tilderS=(0); result=(set(), 0); rev=0.0
2021-09-19 02:31:08,533 - INFO - ********** (0.0, 0.2, 0.0)
2021-09-19 02:31:08,534 - INFO - max_history_budget=2, max_history_result=(set(), 0, 0.0)
2021-09-19 02:31:08,534 - INFO - load: budget=1; scheme=(0.0,0.0); tilderR=(55) tilderS=(0); result=(set(), 0.0); rev=0.0
2021-09-19 02:31:08,534 - INFO - load: budget=2; scheme=(0.0,0.0); tilderR=(55) tilderS=(0); result=(set(), 0); rev=0.0
2021-09-19 02:31:08,534 - INFO - ********** (0.0, 0.4, 0.0)
2021-09-19 02:31:08,534 - INFO - max_history_budget=2, max_history_result=(set(), 0, 0.0)
2021-09-19 02:31:08,535 - INFO - load: budget=1; scheme=(0.0,0.0); tilderR=(55) tilderS=(0); result=(set(), 0.0); rev=0.0
2021-09-19 02:31:08,535 - INFO - load: budget=2; scheme=(0.0,0.0); tilderR=(55) tilderS=(0); result=(set(), 0); rev=0.0
2021-09-19 02:31:08,535 - INFO - ********** (0.0, 0.6000000000000001, 0.0)
2021-09-19 02:31:08,535 - INFO - max_history_budget=2, max_history_result=(set(), 0, 0.0)
2021-09-19 02:31:08,535 - INFO - load: budget=1; scheme=(0.0,0.0); tilderR=(55) tilderS=(0); result=(set(), 0.0); rev=0.0
2021-09-19 02:31:08,536 - INFO - load: budget=2; scheme=(0.0,0.0); tilderR=(55) tilderS=(0); result=(set(), 0); rev=0.0
2021-09-19 02:31:08,536 - INFO - ********** (0.0, 0.8, 0.0)
2021-09-19 02:31:08,536 - INFO - max_history_budget=2, max_history_result=(set(), 0, 0.0)
2021-09-19 02:31:08,538 - INFO - load: budget=1; scheme=(0.0,0.0); tilderR=(55) tilderS=(0); result=(set(), 0.0); rev=0.0
2021-09-19 02:31:08,538 - INFO - load: budget=2; scheme=(0.0,0.0); tilderR=(55) tilderS=(0); result=(set(), 0); rev=0.0
2021-09-19 02:31:08,539 - INFO - ********** (0.0, 1.0, 0.0)
2021-09-19 02:31:08,539 - INFO - max_history_budget=2, max_history_result=(set(), 0, 0.0)
2021-09-19 02:31:08,539 - INFO - load: budget=1; scheme=(0.0,0.0); tilderR=(55) tilderS=(0); result=(set(), 0.0); rev=0.0
2021-09-19 02:31:08,539 - INFO - load: budget=2; scheme=(0.0,0.0); tilderR=(55) tilderS=(0); result=(set(), 0); rev=0.0
2021-09-19 02:31:08,539 - INFO - ********** (0.2, 0.0, 0.0)
2021-09-19 02:31:08,539 - INFO - max_history_budget=2, max_history_result=(set(), 0, 0.0)
2021-09-19 02:31:08,540 - INFO - load: budget=1; scheme=(0.2,0.0); tilderR=(55) tilderS=(0); result=(set(), 0.0); rev=0.0
2021-09-19 02:31:08,540 - INFO - load: budget=2; scheme=(0.2,0.0); tilderR=(55) tilderS=(0); result=(set(), 0); rev=0.0
2021-09-19 02:31:08,540 - INFO - ********** (0.2, 0.2, 0.04000000000000001)
2021-09-19 02:31:08,540 - INFO - max_history_budget=2, max_history_result=(set(), 0, 0.0)
2021-09-19 02:31:08,540 - INFO - load: budget=1; scheme=(0.2,0.04000000000000001); tilderR=(55) tilderS=(0); result=(set(), 0.0); rev=0.0
2021-09-19 02:31:08,540 - INFO - load: budget=2; scheme=(0.2,0.04000000000000001); tilderR=(55) tilderS=(0); result=(set(), 0); rev=0.0
2021-09-19 02:31:08,540 - INFO - ********** (0.2, 0.4, 0.08000000000000002)
2021-09-19 02:31:08,541 - INFO - max_history_budget=2, max_history_result=(set(), 0, 0.0)
2021-09-19 02:31:08,541 - INFO - load: budget=1; scheme=(0.2,0.08000000000000002); tilderR=(55) tilderS=(0); result=(set(), 0.0); rev=0.0
2021-09-19 02:31:08,541 - INFO - load: budget=2; scheme=(0.2,0.08000000000000002); tilderR=(55) tilderS=(0); result=(set(), 0); rev=0.0
2021-09-19 02:31:08,541 - INFO - ********** (0.2, 0.6000000000000001, 0.12000000000000002)
2021-09-19 02:31:08,542 - INFO - max_history_budget=0, max_history_result=None
2021-09-19 02:31:08,548 - INFO - compute: budget=1; scheme=(0.2,0.12000000000000002); tilderR=(55) tilderS=(1); result=({168}, 305.5412213039487); rev=24.443297704315892
2021-09-19 02:31:08,551 - INFO - compute: budget=2; scheme=(0.2,0.12000000000000002); tilderR=(55) tilderS=(1); result=({168}, 305.5412213039487); rev=24.443297704315892
2021-09-19 02:31:08,551 - INFO - ********** (0.2, 0.8, 0.16000000000000003)
2021-09-19 02:31:08,552 - INFO - max_history_budget=0, max_history_result=None
2021-09-19 02:31:08,561 - INFO - compute: budget=1; scheme=(0.2,0.16000000000000003); tilderR=(55) tilderS=(2); result=({125}, 337.3171258034894); rev=13.492685032139569
2021-09-19 02:31:08,571 - INFO - compute: budget=2; scheme=(0.2,0.16000000000000003); tilderR=(55) tilderS=(2); result=({168, 125}, 541.5358126721763); rev=21.661432506887042
2021-09-19 02:31:08,571 - INFO - ********** (0.2, 1.0, 0.2)
2021-09-19 02:31:08,571 - INFO - max_history_budget=0, max_history_result=None
2021-09-19 02:31:08,583 - INFO - compute: budget=1; scheme=(0.2,0.2); tilderR=(55) tilderS=(3); result=({46}, 404.6701561065198); rev=0.0
2021-09-19 02:31:08,594 - INFO - compute: budget=2; scheme=(0.2,0.2); tilderR=(55) tilderS=(3); result=({125, 46}, 700.02854912764); rev=0.0
2021-09-19 02:31:08,594 - INFO - ********** (0.4, 0.0, 0.0)
2021-09-19 02:31:08,595 - INFO - max_history_budget=0, max_history_result=None
2021-09-19 02:31:08,596 - INFO - compute: budget=1; scheme=(0.4,0.0); tilderR=(49) tilderS=(0); result=(set(), 0.0); rev=0.0
2021-09-19 02:31:08,596 - INFO - compute: budget=2; scheme=(0.4,0.0); tilderR=(49) tilderS=(0); result=(set(), 0); rev=0.0
2021-09-19 02:31:08,596 - INFO - ********** (0.4, 0.2, 0.08000000000000002)
2021-09-19 02:31:08,597 - INFO - max_history_budget=2, max_history_result=(set(), 0, 0.0)
2021-09-19 02:31:08,597 - INFO - load: budget=1; scheme=(0.4,0.08000000000000002); tilderR=(49) tilderS=(0); result=(set(), 0.0); rev=0.0
2021-09-19 02:31:08,597 - INFO - load: budget=2; scheme=(0.4,0.08000000000000002); tilderR=(49) tilderS=(0); result=(set(), 0); rev=0.0
2021-09-19 02:31:08,597 - INFO - ********** (0.4, 0.4, 0.16000000000000003)
2021-09-19 02:31:08,598 - INFO - max_history_budget=0, max_history_result=None
2021-09-19 02:31:08,604 - INFO - compute: budget=1; scheme=(0.4,0.16000000000000003); tilderR=(49) tilderS=(2); result=({125}, 297.08872359963266); rev=71.30129366391184
2021-09-19 02:31:08,610 - INFO - compute: budget=2; scheme=(0.4,0.16000000000000003); tilderR=(49) tilderS=(2); result=({168, 125}, 470.65639118457307); rev=112.95753388429753
2021-09-19 02:31:08,610 - INFO - ********** (0.4, 0.6000000000000001, 0.24000000000000005)
2021-09-19 02:31:08,611 - INFO - max_history_budget=0, max_history_result=None
2021-09-19 02:31:08,623 - INFO - compute: budget=1; scheme=(0.4,0.24000000000000005); tilderR=(49) tilderS=(5); result=({46}, 356.75964187327827); rev=57.081542699724515
2021-09-19 02:31:08,637 - INFO - compute: budget=2; scheme=(0.4,0.24000000000000005); tilderR=(49) tilderS=(5); result=({125, 46}, 616.9550229568409); rev=98.71280367309454
2021-09-19 02:31:08,637 - INFO - ********** (0.4, 0.8, 0.32000000000000006)
2021-09-19 02:31:08,638 - INFO - max_history_budget=0, max_history_result=None
2021-09-19 02:31:08,660 - INFO - compute: budget=1; scheme=(0.4,0.32000000000000006); tilderR=(49) tilderS=(10); result=({46}, 356.75964187327827); rev=28.540771349862247
2021-09-19 02:31:08,688 - INFO - compute: budget=2; scheme=(0.4,0.32000000000000006); tilderR=(49) tilderS=(10); result=({49, 46}, 657.9187419651055); rev=52.633499357208414
2021-09-19 02:31:08,688 - INFO - ********** (0.4, 1.0, 0.4)
2021-09-19 02:31:08,689 - INFO - max_history_budget=0, max_history_result=None
2021-09-19 02:31:08,729 - INFO - compute: budget=1; scheme=(0.4,0.4); tilderR=(49) tilderS=(19); result=({150}, 435.02144168962354); rev=0.0
2021-09-19 02:31:08,787 - INFO - compute: budget=2; scheme=(0.4,0.4); tilderR=(49) tilderS=(19); result=({46, 150}, 732.4187052341596); rev=0.0
2021-09-19 02:31:08,787 - INFO - ********** (0.6000000000000001, 0.0, 0.0)
2021-09-19 02:31:08,787 - INFO - max_history_budget=0, max_history_result=None
2021-09-19 02:31:08,788 - INFO - compute: budget=1; scheme=(0.6000000000000001,0.0); tilderR=(21) tilderS=(0); result=(set(), 0.0); rev=0.0
2021-09-19 02:31:08,788 - INFO - compute: budget=2; scheme=(0.6000000000000001,0.0); tilderR=(21) tilderS=(0); result=(set(), 0); rev=0.0
2021-09-19 02:31:08,788 - INFO - ********** (0.6000000000000001, 0.2, 0.12000000000000002)
2021-09-19 02:31:08,789 - INFO - max_history_budget=0, max_history_result=None
2021-09-19 02:31:08,791 - INFO - compute: budget=1; scheme=(0.6000000000000001,0.12000000000000002); tilderR=(21) tilderS=(1); result=({168}, 64.6018365472911); rev=31.008881542699733
2021-09-19 02:31:08,792 - INFO - compute: budget=2; scheme=(0.6000000000000001,0.12000000000000002); tilderR=(21) tilderS=(1); result=({168}, 64.6018365472911); rev=31.008881542699733
2021-09-19 02:31:08,792 - INFO - ********** (0.6000000000000001, 0.4, 0.24000000000000005)
2021-09-19 02:31:08,793 - INFO - max_history_budget=0, max_history_result=None
2021-09-19 02:31:08,798 - INFO - compute: budget=1; scheme=(0.6000000000000001,0.24000000000000005); tilderR=(21) tilderS=(5); result=({46}, 126.20194674012858); rev=45.43270082644629
2021-09-19 02:31:08,805 - INFO - compute: budget=2; scheme=(0.6000000000000001,0.24000000000000005); tilderR=(21) tilderS=(5); result=({125, 46}, 212.42843893480256); rev=76.47423801652893
2021-09-19 02:31:08,805 - INFO - ********** (0.6000000000000001, 0.6000000000000001, 0.3600000000000001)
2021-09-19 02:31:08,806 - INFO - max_history_budget=0, max_history_result=None
2021-09-19 02:31:08,819 - INFO - compute: budget=1; scheme=(0.6000000000000001,0.3600000000000001); tilderR=(21) tilderS=(14); result=({1}, 155.30708907254362); rev=37.27370137741047
2021-09-19 02:31:08,837 - INFO - compute: budget=2; scheme=(0.6000000000000001,0.3600000000000001); tilderR=(21) tilderS=(14); result=({1, 49}, 262.0334435261708); rev=62.88802644628099
2021-09-19 02:31:08,837 - INFO - ********** (0.6000000000000001, 0.8, 0.4800000000000001)
2021-09-19 02:31:08,838 - INFO - max_history_budget=0, max_history_result=None
2021-09-19 02:31:08,867 - INFO - compute: budget=1; scheme=(0.6000000000000001,0.4800000000000001); tilderR=(21) tilderS=(32); result=({150}, 182.81055096418734); rev=21.93726611570248
2021-09-19 02:31:08,907 - INFO - compute: budget=2; scheme=(0.6000000000000001,0.4800000000000001); tilderR=(21) tilderS=(32); result=({1, 150}, 338.1176400367309); rev=40.57411680440771
2021-09-19 02:31:08,907 - INFO - ********** (0.6000000000000001, 1.0, 0.6000000000000001)
2021-09-19 02:31:08,908 - INFO - max_history_budget=0, max_history_result=None
2021-09-19 02:31:08,948 - INFO - compute: budget=1; scheme=(0.6000000000000001,0.6000000000000001); tilderR=(21) tilderS=(46); result=({150}, 182.81055096418734); rev=0.0
2021-09-19 02:31:09,004 - INFO - compute: budget=2; scheme=(0.6000000000000001,0.6000000000000001); tilderR=(21) tilderS=(46); result=({1, 150}, 338.1176400367309); rev=0.0
2021-09-19 02:31:09,004 - INFO - ********** (0.8, 0.0, 0.0)
2021-09-19 02:31:09,005 - INFO - max_history_budget=0, max_history_result=None
2021-09-19 02:31:09,005 - INFO - compute: budget=1; scheme=(0.8,0.0); tilderR=(3) tilderS=(0); result=(set(), 0.0); rev=0.0
2021-09-19 02:31:09,005 - INFO - compute: budget=2; scheme=(0.8,0.0); tilderR=(3) tilderS=(0); result=(set(), 0); rev=0.0
2021-09-19 02:31:09,005 - INFO - ********** (0.8, 0.2, 0.16000000000000003)
2021-09-19 02:31:09,007 - INFO - max_history_budget=0, max_history_result=None
2021-09-19 02:31:09,007 - INFO - compute: budget=1; scheme=(0.8,0.16000000000000003); tilderR=(3) tilderS=(2); result=({125}, 8.156106519742883); rev=5.219908172635445
2021-09-19 02:31:09,007 - INFO - compute: budget=2; scheme=(0.8,0.16000000000000003); tilderR=(3) tilderS=(2); result=({168, 125}, 9.86457300275482); rev=6.313326721763085
2021-09-19 02:31:09,008 - INFO - ********** (0.8, 0.4, 0.32000000000000006)
2021-09-19 02:31:09,009 - INFO - max_history_budget=0, max_history_result=None
2021-09-19 02:31:09,011 - INFO - compute: budget=1; scheme=(0.8,0.32000000000000006); tilderR=(3) tilderS=(10); result=({47}, 15.122203856749309); rev=7.258657851239668
2021-09-19 02:31:09,013 - INFO - compute: budget=2; scheme=(0.8,0.32000000000000006); tilderR=(3) tilderS=(10); result=({46, 47}, 25.845876951331494); rev=12.406020936639116
2021-09-19 02:31:09,013 - INFO - ********** (0.8, 0.6000000000000001, 0.4800000000000001)
2021-09-19 02:31:09,014 - INFO - max_history_budget=0, max_history_result=None
2021-09-19 02:31:09,019 - INFO - compute: budget=1; scheme=(0.8,0.4800000000000001); tilderR=(3) tilderS=(32); result=({150}, 25.52539944903581); rev=8.168127823691458
2021-09-19 02:31:09,025 - INFO - compute: budget=2; scheme=(0.8,0.4800000000000001); tilderR=(3) tilderS=(32); result=({173, 150}, 28.79889807162534); rev=9.215647382920109
2021-09-19 02:31:09,025 - INFO - ********** (0.8, 0.8, 0.6400000000000001)
2021-09-19 02:31:09,026 - INFO - max_history_budget=0, max_history_result=None
2021-09-19 02:31:09,032 - INFO - compute: budget=1; scheme=(0.8,0.6400000000000001); tilderR=(3) tilderS=(48); result=({150}, 25.52539944903581); rev=4.084063911845727
2021-09-19 02:31:09,041 - INFO - compute: budget=2; scheme=(0.8,0.6400000000000001); tilderR=(3) tilderS=(48); result=({109, 150}, 45.79540863177226); rev=7.327265381083558
2021-09-19 02:31:09,042 - INFO - ********** (0.8, 1.0, 0.8)
2021-09-19 02:31:09,043 - INFO - max_history_budget=0, max_history_result=None
2021-09-19 02:31:09,050 - INFO - compute: budget=1; scheme=(0.8,0.8); tilderR=(3) tilderS=(54); result=({150}, 25.52539944903581); rev=0.0
2021-09-19 02:31:09,060 - INFO - compute: budget=2; scheme=(0.8,0.8); tilderR=(3) tilderS=(54); result=({109, 150}, 45.79540863177226); rev=0.0
2021-09-19 02:31:09,060 - INFO - ********** (1.0, 0.0, 0.0)
2021-09-19 02:31:09,061 - INFO - max_history_budget=0, max_history_result=None
2021-09-19 02:31:09,061 - INFO - compute: budget=1; scheme=(1.0,0.0); tilderR=(0) tilderS=(0); result=(set(), 0); rev=0.0
2021-09-19 02:31:09,062 - INFO - compute: budget=2; scheme=(1.0,0.0); tilderR=(0) tilderS=(0); result=(set(), 0); rev=0.0
2021-09-19 02:31:09,062 - INFO - ********** (1.0, 0.2, 0.2)
2021-09-19 02:31:09,063 - INFO - max_history_budget=0, max_history_result=None
2021-09-19 02:31:09,063 - INFO - compute: budget=1; scheme=(1.0,0.2); tilderR=(0) tilderS=(3); result=({46}, 0); rev=0.0
2021-09-19 02:31:09,063 - INFO - compute: budget=2; scheme=(1.0,0.2); tilderR=(0) tilderS=(3); result=({125, 46}, 0); rev=0.0
2021-09-19 02:31:09,063 - INFO - ********** (1.0, 0.4, 0.4)
2021-09-19 02:31:09,065 - INFO - max_history_budget=0, max_history_result=None
2021-09-19 02:31:09,065 - INFO - compute: budget=1; scheme=(1.0,0.4); tilderR=(0) tilderS=(19); result=({62}, 0); rev=0.0
2021-09-19 02:31:09,065 - INFO - compute: budget=2; scheme=(1.0,0.4); tilderR=(0) tilderS=(19); result=({61, 62}, 0); rev=0.0
2021-09-19 02:31:09,065 - INFO - ********** (1.0, 0.6000000000000001, 0.6000000000000001)
2021-09-19 02:31:09,066 - INFO - max_history_budget=0, max_history_result=None
2021-09-19 02:31:09,066 - INFO - compute: budget=1; scheme=(1.0,0.6000000000000001); tilderR=(0) tilderS=(46); result=({125}, 0); rev=0.0
2021-09-19 02:31:09,067 - INFO - compute: budget=2; scheme=(1.0,0.6000000000000001); tilderR=(0) tilderS=(46); result=({122, 125}, 0); rev=0.0
2021-09-19 02:31:09,067 - INFO - ********** (1.0, 0.8, 0.8)
2021-09-19 02:31:09,068 - INFO - max_history_budget=0, max_history_result=None
2021-09-19 02:31:09,068 - INFO - compute: budget=1; scheme=(1.0,0.8); tilderR=(0) tilderS=(54); result=({125}, 0); rev=0.0
2021-09-19 02:31:09,068 - INFO - compute: budget=2; scheme=(1.0,0.8); tilderR=(0) tilderS=(54); result=({122, 125}, 0); rev=0.0
2021-09-19 02:31:09,068 - INFO - ********** (1.0, 1.0, 1.0)
2021-09-19 02:31:09,069 - INFO - max_history_budget=2, max_history_result=({122, 125}, 0, 0.0)
2021-09-19 02:31:09,070 - INFO - load: budget=1; scheme=(1.0,1.0); tilderR=(0) tilderS=(54); result=({122, 125}, 0); rev=0.0
2021-09-19 02:31:09,071 - INFO - load: budget=2; scheme=(1.0,1.0); tilderR=(0) tilderS=(54); result=({122, 125}, 0); rev=0.0
