2021-09-27 00:31:43,112 - INFO - run algo
2021-09-27 00:31:43,122 - INFO - 217
2021-09-27 00:31:43,122 - INFO - 217
2021-09-27 00:31:43,126 - INFO - load:
2021-09-27 00:31:43,127 - INFO - Finish random requester set R and supplier set S 
                             percent_R=0.25, num_R=55, len_R=55 
                             percent_S=0.25, num_S=55, len_S=54
2021-09-27 00:31:43,141 - INFO - compute | 4 | (0.0, 0.0) | 55 | 1 | {53} | 821| 0.0 | 390.48921946740137 
2021-09-27 00:31:43,141 - INFO - load | 4 | (0.0, 0.1) | 55 | 1 | {53} | 821| 0.0 | 390.48921946740137 
2021-09-27 00:31:43,141 - INFO - load | 4 | (0.0, 0.2) | 55 | 1 | {53} | 821| 0.0 | 390.48921946740137 
2021-09-27 00:31:43,141 - INFO - load | 4 | (0.0, 0.30000000000000004) | 55 | 1 | {53} | 821| 0.0 | 390.48921946740137 
2021-09-27 00:31:43,141 - INFO - load | 4 | (0.0, 0.4) | 55 | 1 | {53} | 821| 0.0 | 390.48921946740137 
2021-09-27 00:31:43,142 - INFO - load | 4 | (0.0, 0.5) | 55 | 1 | {53} | 821| 0.0 | 390.48921946740137 
2021-09-27 00:31:43,142 - INFO - load | 4 | (0.0, 0.6000000000000001) | 55 | 1 | {53} | 821| 0.0 | 390.48921946740137 
2021-09-27 00:31:43,142 - INFO - load | 4 | (0.0, 0.7000000000000001) | 55 | 1 | {53} | 821| 0.0 | 390.48921946740137 
2021-09-27 00:31:43,142 - INFO - load | 4 | (0.0, 0.8) | 55 | 1 | {53} | 821| 0.0 | 390.48921946740137 
2021-09-27 00:31:43,142 - INFO - load | 4 | (0.0, 0.9) | 55 | 1 | {53} | 821| 0.0 | 390.48921946740137 
2021-09-27 00:31:43,142 - INFO - load | 4 | (0.0, 1.0) | 55 | 1 | {53} | 821| 0.0 | 390.48921946740137 
2021-09-27 00:31:43,142 - INFO - load | 4 | (0.1, 0.0) | 55 | 1 | {53} | 821| 82.10000000000001 | 390.48921946740137 
2021-09-27 00:31:43,142 - INFO - load | 4 | (0.1, 0.1) | 55 | 1 | {53} | 821| 73.89 | 390.48921946740137 
2021-09-27 00:31:43,143 - INFO - load | 4 | (0.1, 0.2) | 55 | 1 | {53} | 821| 65.68 | 390.48921946740137 
2021-09-27 00:31:43,143 - INFO - load | 4 | (0.1, 0.30000000000000004) | 55 | 1 | {53} | 821| 57.470000000000006 | 390.48921946740137 
2021-09-27 00:31:43,143 - INFO - load | 4 | (0.1, 0.4) | 55 | 1 | {53} | 821| 49.26 | 390.48921946740137 
2021-09-27 00:31:43,143 - INFO - load | 4 | (0.1, 0.5) | 55 | 1 | {53} | 821| 41.050000000000004 | 390.48921946740137 
2021-09-27 00:31:43,143 - INFO - load | 4 | (0.1, 0.6000000000000001) | 55 | 1 | {53} | 821| 32.839999999999996 | 390.48921946740137 
2021-09-27 00:31:43,143 - INFO - load | 4 | (0.1, 0.7000000000000001) | 55 | 1 | {53} | 821| 24.63 | 390.48921946740137 
2021-09-27 00:31:43,143 - INFO - load | 4 | (0.1, 0.8) | 55 | 1 | {53} | 821| 16.41999999999999 | 390.48921946740137 
2021-09-27 00:31:43,144 - INFO - load | 4 | (0.1, 0.9) | 55 | 1 | {53} | 821| 8.209999999999996 | 390.48921946740137 
2021-09-27 00:31:43,144 - INFO - load | 4 | (0.1, 1.0) | 55 | 1 | {53} | 821| 0.0 | 390.48921946740137 
2021-09-27 00:31:43,144 - INFO - load | 4 | (0.2, 0.0) | 55 | 1 | {53} | 821| 164.20000000000002 | 390.48921946740137 
2021-09-27 00:31:43,144 - INFO - load | 4 | (0.2, 0.1) | 55 | 1 | {53} | 821| 147.78 | 390.48921946740137 
2021-09-27 00:31:43,144 - INFO - load | 4 | (0.2, 0.2) | 55 | 1 | {53} | 821| 131.36 | 390.48921946740137 
2021-09-27 00:31:43,144 - INFO - load | 4 | (0.2, 0.30000000000000004) | 55 | 1 | {53} | 821| 114.94000000000001 | 390.48921946740137 
2021-09-27 00:31:43,145 - INFO - load | 4 | (0.2, 0.4) | 55 | 1 | {53} | 821| 98.52 | 390.48921946740137 
2021-09-27 00:31:43,145 - INFO - load | 4 | (0.2, 0.5) | 55 | 1 | {53} | 821| 82.10000000000001 | 390.48921946740137 
2021-09-27 00:31:43,145 - INFO - load | 4 | (0.2, 0.6000000000000001) | 55 | 1 | {53} | 821| 65.67999999999999 | 390.48921946740137 
2021-09-27 00:31:43,154 - INFO - compute | 4 | (0.2, 0.7000000000000001) | 55 | 3 | {72, 125, 53} | 1858| 111.47999999999999 | 883.7058218549128 
2021-09-27 00:31:43,155 - INFO - load | 4 | (0.2, 0.8) | 55 | 3 | {72, 125, 53} | 1858| 74.31999999999996 | 883.7058218549128 
2021-09-27 00:31:43,156 - INFO - load | 4 | (0.2, 0.9) | 55 | 3 | {72, 125, 53} | 1858| 37.15999999999998 | 883.7058218549128 
2021-09-27 00:31:43,166 - INFO - compute | 4 | (0.2, 1.0) | 55 | 4 | {72, 125, 53, 143} | 2358| 0.0 | 1121.8604040404043 
2021-09-27 00:31:43,172 - INFO - compute | 4 | (0.30000000000000004, 0.0) | 54 | 1 | {53} | 793| 237.90000000000003 | 383.0585491276401 
2021-09-27 00:31:43,173 - INFO - load | 4 | (0.30000000000000004, 0.1) | 54 | 1 | {53} | 793| 214.11 | 383.0585491276401 
2021-09-27 00:31:43,174 - INFO - load | 4 | (0.30000000000000004, 0.2) | 54 | 1 | {53} | 793| 190.32000000000005 | 383.0585491276401 
2021-09-27 00:31:43,174 - INFO - load | 4 | (0.30000000000000004, 0.30000000000000004) | 54 | 1 | {53} | 793| 166.53000000000003 | 383.0585491276401 
2021-09-27 00:31:43,175 - INFO - load | 4 | (0.30000000000000004, 0.4) | 54 | 1 | {53} | 793| 142.74 | 383.0585491276401 
2021-09-27 00:31:43,185 - INFO - compute | 4 | (0.30000000000000004, 0.5) | 54 | 3 | {72, 125, 53} | 1798| 269.70000000000005 | 867.7829568411387 
2021-09-27 00:31:43,186 - INFO - load | 4 | (0.30000000000000004, 0.6000000000000001) | 54 | 3 | {72, 125, 53} | 1798| 215.76 | 867.7829568411387 
2021-09-27 00:31:43,196 - INFO - compute | 4 | (0.30000000000000004, 0.7000000000000001) | 54 | 4 | {72, 125, 53, 143} | 2283| 205.47 | 1101.9568227731866 
2021-09-27 00:31:43,226 - INFO - compute | 4 | (0.30000000000000004, 0.8) | 54 | 5 | (72, 143, 50, 53) | 2363| 141.78 | 1142.5970982552797 
2021-09-27 00:31:43,302 - INFO - compute | 4 | (0.30000000000000004, 0.9) | 54 | 6 | (72, 143, 50, 53) | 2363| 70.88999999999993 | 1142.5970982552797 
2021-09-27 00:31:43,859 - INFO - compute | 4 | (0.30000000000000004, 1.0) | 54 | 9 | (44, 45, 143, 53) | 2633| 0.0 | 1295.150505050505 
2021-09-27 00:31:43,863 - INFO - compute | 4 | (0.4, 0.0) | 48 | 1 | {53} | 655| 262.0 | 334.3144628099174 
2021-09-27 00:31:43,865 - INFO - load | 4 | (0.4, 0.1) | 48 | 1 | {53} | 655| 235.79999999999998 | 334.3144628099174 
2021-09-27 00:31:43,866 - INFO - load | 4 | (0.4, 0.2) | 48 | 1 | {53} | 655| 209.6 | 334.3144628099174 
2021-09-27 00:31:43,867 - INFO - load | 4 | (0.4, 0.30000000000000004) | 48 | 1 | {53} | 655| 183.4 | 334.3144628099174 
2021-09-27 00:31:43,875 - INFO - compute | 4 | (0.4, 0.4) | 48 | 3 | {72, 125, 53} | 1478| 354.71999999999997 | 754.6803673094581 
2021-09-27 00:31:43,885 - INFO - compute | 4 | (0.4, 0.5) | 48 | 4 | {72, 125, 53, 143} | 1881| 376.20000000000005 | 959.8020661157026 
2021-09-27 00:31:43,913 - INFO - compute | 4 | (0.4, 0.6000000000000001) | 48 | 5 | (72, 143, 50, 53) | 1949| 311.84 | 996.1893296602384 
2021-09-27 00:31:44,061 - INFO - compute | 4 | (0.4, 0.7000000000000001) | 48 | 7 | (72, 44, 143, 53) | 2102| 252.23999999999998 | 1079.5465013774106 
2021-09-27 00:31:44,879 - INFO - compute | 4 | (0.4, 0.8) | 48 | 10 | (44, 45, 143, 53) | 2197| 175.7599999999999 | 1141.2591827364554 
2021-09-27 00:31:48,737 - INFO - compute | 4 | (0.4, 0.9) | 48 | 14 | (1, 13, 143, 53) | 2274| 90.95999999999995 | 1186.4513223140493 
2021-09-27 00:32:08,055 - INFO - compute | 4 | (0.4, 1.0) | 48 | 20 | (99, 13, 53, 143) | 2396| 0.0 | 1260.5139393939396 
2021-09-27 00:32:08,059 - INFO - compute | 4 | (0.5, 0.0) | 27 | 1 | {53} | 272| 136.0 | 163.40988980716256 
2021-09-27 00:32:08,060 - INFO - load | 4 | (0.5, 0.1) | 27 | 1 | {53} | 272| 122.4 | 163.40988980716256 
2021-09-27 00:32:08,062 - INFO - load | 4 | (0.5, 0.2) | 27 | 1 | {53} | 272| 108.80000000000001 | 163.40988980716256 
2021-09-27 00:32:08,067 - INFO - compute | 4 | (0.5, 0.30000000000000004) | 27 | 3 | {72, 125, 53} | 608| 212.79999999999998 | 366.84860422405876 
2021-09-27 00:32:08,073 - INFO - compute | 4 | (0.5, 0.4) | 27 | 4 | {72, 125, 53, 143} | 771| 231.29999999999998 | 465.35152433425174 
2021-09-27 00:32:08,089 - INFO - compute | 4 | (0.5, 0.5) | 27 | 5 | (72, 143, 50, 53) | 801| 200.25 | 484.7459779614325 
2021-09-27 00:32:08,393 - INFO - compute | 4 | (0.5, 0.6000000000000001) | 27 | 9 | (44, 45, 143, 53) | 956| 191.19999999999996 | 588.5383195592287 
2021-09-27 00:32:10,821 - INFO - compute | 4 | (0.5, 0.7000000000000001) | 27 | 14 | (1, 13, 143, 53) | 1014| 152.09999999999997 | 626.9158494031221 
2021-09-27 00:32:22,671 - INFO - compute | 4 | (0.5, 0.8) | 27 | 20 | (99, 13, 53, 143) | 1094| 109.39999999999998 | 680.7915426997245 
2021-09-27 00:32:45,632 - INFO - compute | 4 | (0.5, 0.9) | 27 | 24 | (1, 143, 99, 111) | 1108| 55.399999999999984 | 695.7557943067034 
2021-09-27 00:33:37,127 - INFO - compute | 4 | (0.5, 1.0) | 27 | 29 | (1, 143, 99, 111) | 1108| 0.0 | 695.7557943067034 
2021-09-27 00:33:37,141 - INFO - compute | 4 | (0.6000000000000001, 0.0) | 17 | 1 | {53} | 123| 73.80000000000001 | 82.6 
2021-09-27 00:33:37,143 - INFO - load | 4 | (0.6000000000000001, 0.1) | 17 | 1 | {53} | 123| 66.42 | 82.6 
2021-09-27 00:33:37,145 - INFO - load | 4 | (0.6000000000000001, 0.2) | 17 | 1 | {53} | 123| 59.04000000000001 | 82.6 
2021-09-27 00:33:37,150 - INFO - compute | 4 | (0.6000000000000001, 0.30000000000000004) | 17 | 3 | {72, 125, 53} | 272| 114.24000000000001 | 185.84190082644628 
2021-09-27 00:33:37,161 - INFO - compute | 4 | (0.6000000000000001, 0.4) | 17 | 5 | (72, 143, 50, 53) | 368| 132.48000000000002 | 251.6192194674013 
2021-09-27 00:33:37,350 - INFO - compute | 4 | (0.6000000000000001, 0.5) | 17 | 9 | (44, 45, 143, 53) | 480| 144.00000000000003 | 331.60038567493115 
2021-09-27 00:33:38,766 - INFO - compute | 4 | (0.6000000000000001, 0.6000000000000001) | 17 | 14 | (1, 45, 13, 143) | 547| 131.28 | 381.7127180899908 
2021-09-27 00:33:49,038 - INFO - compute | 4 | (0.6000000000000001, 0.7000000000000001) | 17 | 22 | (1, 143, 99, 111) | 613| 110.33999999999999 | 428.8032690541782 
2021-09-27 00:34:18,183 - INFO - compute | 4 | (0.6000000000000001, 0.8) | 17 | 28 | (1, 143, 86, 99) | 615| 73.8 | 429.9324242424242 
2021-09-27 00:35:24,274 - INFO - compute | 4 | (0.6000000000000001, 0.9) | 17 | 34 | (1, 143, 27, 99) | 661| 39.65999999999996 | 465.2743985307621 
2021-09-27 00:37:49,468 - INFO - compute | 4 | (0.6000000000000001, 1.0) | 17 | 41 | (1, 143, 27, 99) | 661| 0.0 | 465.2743985307621 
2021-09-27 00:37:49,471 - INFO - compute | 4 | (0.7000000000000001, 0.0) | 9 | 1 | {53} | 39| 27.300000000000004 | 30.361542699724524 
2021-09-27 00:37:49,473 - INFO - load | 4 | (0.7000000000000001, 0.1) | 9 | 1 | {53} | 39| 24.570000000000004 | 30.361542699724524 
2021-09-27 00:37:49,476 - INFO - compute | 4 | (0.7000000000000001, 0.2) | 9 | 3 | {72, 125, 53} | 92| 51.52 | 72.43535353535353 
2021-09-27 00:37:49,479 - INFO - compute | 4 | (0.7000000000000001, 0.30000000000000004) | 9 | 4 | {72, 125, 53, 143} | 118| 57.82 | 92.7921212121212 
2021-09-27 00:37:49,511 - INFO - compute | 4 | (0.7000000000000001, 0.4) | 9 | 7 | (44, 143, 50, 53) | 151| 63.42000000000001 | 118.52561983471075 
2021-09-27 00:37:50,259 - INFO - compute | 4 | (0.7000000000000001, 0.5) | 9 | 14 | (1, 45, 13, 143) | 233| 81.55000000000001 | 183.24505968778695 
2021-09-27 00:37:55,613 - INFO - compute | 4 | (0.7000000000000001, 0.6000000000000001) | 9 | 22 | (1, 80, 99, 111) | 281| 78.67999999999999 | 222.1160422405877 
2021-09-27 00:38:13,887 - INFO - compute | 4 | (0.7000000000000001, 0.7000000000000001) | 9 | 29 | (1, 73, 99, 111) | 290| 60.89999999999999 | 229.3992378328742 
2021-09-27 00:38:54,565 - INFO - compute | 4 | (0.7000000000000001, 0.8) | 9 | 35 | (1, 27, 173, 99) | 320| 44.800000000000004 | 252.5165748393021 
2021-09-27 00:41:17,339 - INFO - compute | 4 | (0.7000000000000001, 0.9) | 9 | 48 | (1, 27, 173, 99) | 320| 22.399999999999984 | 252.5165748393021 
