2021-09-13 03:08:24,867 - INFO - Namespace(beta_paras='3,6,6,3', budget_list='2', did='d1', grain_list_p='10', grain_list_pq='10+10', grain_list_q='10', method='brute', percent_R='0.25', percent_S='0.25', seed='32', version='v09130308')
2021-09-13 03:08:24,882 - INFO - Finish random requester set R and supplier set S 
                             percent_R=0.25, num_R=55, len_R=55 
                             percent_S=0.25, num_S=55, len_S=54
2021-09-13 03:08:24,882 - INFO - Finish random valuations using v_beta_paras for R and costs using c_beta_paras for S
2021-09-13 03:08:25,856 - INFO - compute: budget=2, scheme=(0.0,0.30000000000000004), result=((172, 109), 876) 
 tilderR(55)={0, 130, 2, 133, 6, 134, 5, 9, 138, 136, 12, 14, 142, 145, 19, 20, 153, 25, 28, 30, 32, 37, 40, 41, 42, 176, 178, 51, 181, 54, 184, 58, 187, 60, 188, 192, 193, 73, 76, 77, 207, 79, 83, 84, 85, 90, 94, 110, 112, 114, 119, 120, 124, 126, 127}, 
 tilderS(3)={17, 172, 109})
2021-09-13 03:08:25,856 - INFO - load: budget=2, scheme=(0.0,0.4), result=((172, 109), 876) 
 tilderR(55)={0, 130, 2, 133, 6, 134, 5, 9, 138, 136, 12, 14, 142, 145, 19, 20, 153, 25, 28, 30, 32, 37, 40, 41, 42, 176, 178, 51, 181, 54, 184, 58, 187, 60, 188, 192, 193, 73, 76, 77, 207, 79, 83, 84, 85, 90, 94, 110, 112, 114, 119, 120, 124, 126, 127}, 
 tilderS(3)={17, 172, 109})
2021-09-13 03:08:26,009 - INFO - compute: budget=2, scheme=(0.0,0.5), result=((205, 49), 1267) 
 tilderR(55)={0, 130, 2, 133, 6, 134, 5, 9, 138, 136, 12, 14, 142, 145, 19, 20, 153, 25, 28, 30, 32, 37, 40, 41, 42, 176, 178, 51, 181, 54, 184, 58, 187, 60, 188, 192, 193, 73, 76, 77, 207, 79, 83, 84, 85, 90, 94, 110, 112, 114, 119, 120, 124, 126, 127}, 
 tilderS(11)={161, 74, 172, 109, 205, 17, 49, 146, 151, 185, 154})
2021-09-13 03:08:26,414 - INFO - compute: budget=2, scheme=(0.0,0.6000000000000001), result=((167, 49), 1351) 
 tilderR(55)={0, 130, 2, 133, 6, 134, 5, 9, 138, 136, 12, 14, 142, 145, 19, 20, 153, 25, 28, 30, 32, 37, 40, 41, 42, 176, 178, 51, 181, 54, 184, 58, 187, 60, 188, 192, 193, 73, 76, 77, 207, 79, 83, 84, 85, 90, 94, 110, 112, 114, 119, 120, 124, 126, 127}, 
 tilderS(18)={161, 65, 167, 169, 74, 202, 172, 109, 205, 175, 17, 49, 146, 151, 185, 154, 156, 31})
2021-09-13 03:08:27,814 - INFO - compute: budget=2, scheme=(0.0,0.7000000000000001), result=((49, 125), 1398) 
 tilderR(55)={0, 130, 2, 133, 6, 134, 5, 9, 138, 136, 12, 14, 142, 145, 19, 20, 153, 25, 28, 30, 32, 37, 40, 41, 42, 176, 178, 51, 181, 54, 184, 58, 187, 60, 188, 192, 193, 73, 76, 77, 207, 79, 83, 84, 85, 90, 94, 110, 112, 114, 119, 120, 124, 126, 127}, 
 tilderS(33)={15, 17, 146, 147, 23, 151, 154, 156, 29, 31, 161, 33, 167, 169, 170, 172, 174, 175, 48, 49, 185, 189, 65, 66, 74, 203, 202, 205, 213, 214, 92, 109, 125})
2021-09-13 03:08:30,652 - INFO - compute: budget=2, scheme=(0.0,0.8), result=((1, 150), 1668) 
 tilderR(55)={0, 130, 2, 133, 6, 134, 5, 9, 138, 136, 12, 14, 142, 145, 19, 20, 153, 25, 28, 30, 32, 37, 40, 41, 42, 176, 178, 51, 181, 54, 184, 58, 187, 60, 188, 192, 193, 73, 76, 77, 207, 79, 83, 84, 85, 90, 94, 110, 112, 114, 119, 120, 124, 126, 127}, 
 tilderS(47)={1, 132, 8, 15, 17, 146, 147, 21, 150, 23, 151, 24, 154, 156, 29, 31, 161, 33, 167, 169, 170, 172, 173, 174, 175, 48, 49, 47, 185, 189, 61, 65, 66, 67, 74, 203, 202, 205, 208, 210, 213, 214, 92, 98, 109, 122, 125})
2021-09-13 03:08:34,273 - INFO - compute: budget=2, scheme=(0.0,0.9), result=((1, 150), 1668) 
 tilderR(55)={0, 130, 2, 133, 6, 134, 5, 9, 138, 136, 12, 14, 142, 145, 19, 20, 153, 25, 28, 30, 32, 37, 40, 41, 42, 176, 178, 51, 181, 54, 184, 58, 187, 60, 188, 192, 193, 73, 76, 77, 207, 79, 83, 84, 85, 90, 94, 110, 112, 114, 119, 120, 124, 126, 127}, 
 tilderS(53)={1, 132, 8, 15, 17, 146, 147, 21, 150, 23, 151, 149, 154, 24, 156, 29, 31, 161, 33, 167, 168, 169, 170, 172, 173, 46, 174, 175, 49, 48, 47, 185, 189, 62, 191, 61, 65, 66, 67, 74, 203, 202, 205, 208, 210, 213, 214, 92, 98, 102, 109, 122, 125})
2021-09-13 03:08:38,052 - INFO - compute: budget=2, scheme=(0.0,1.0), result=((1, 150), 1668) 
 tilderR(55)={0, 130, 2, 133, 6, 134, 5, 9, 138, 136, 12, 14, 142, 145, 19, 20, 153, 25, 28, 30, 32, 37, 40, 41, 42, 176, 178, 51, 181, 54, 184, 58, 187, 60, 188, 192, 193, 73, 76, 77, 207, 79, 83, 84, 85, 90, 94, 110, 112, 114, 119, 120, 124, 126, 127}, 
 tilderS(54)={1, 132, 8, 15, 17, 146, 147, 21, 150, 23, 151, 149, 154, 24, 156, 29, 31, 161, 33, 167, 168, 169, 170, 172, 173, 46, 174, 175, 49, 48, 179, 47, 185, 189, 62, 191, 61, 65, 66, 67, 74, 203, 202, 205, 208, 210, 213, 214, 92, 98, 102, 109, 122, 125})
2021-09-13 03:08:38,059 - INFO - compute: budget=2, scheme=(0.1,0.30000000000000004), result=((172, 109), 831) 
 tilderR(52)={0, 130, 2, 133, 6, 134, 5, 9, 138, 136, 12, 14, 142, 145, 19, 20, 153, 25, 30, 32, 37, 40, 41, 42, 176, 178, 51, 54, 184, 58, 187, 60, 188, 192, 193, 73, 76, 77, 207, 79, 83, 84, 85, 90, 94, 110, 112, 114, 119, 124, 126, 127}, 
 tilderS(3)={17, 172, 109})
2021-09-13 03:08:38,059 - INFO - load: budget=2, scheme=(0.1,0.4), result=((172, 109), 831) 
 tilderR(52)={0, 130, 2, 133, 6, 134, 5, 9, 138, 136, 12, 14, 142, 145, 19, 20, 153, 25, 30, 32, 37, 40, 41, 42, 176, 178, 51, 54, 184, 58, 187, 60, 188, 192, 193, 73, 76, 77, 207, 79, 83, 84, 85, 90, 94, 110, 112, 114, 119, 124, 126, 127}, 
 tilderS(3)={17, 172, 109})
2021-09-13 03:08:38,196 - INFO - compute: budget=2, scheme=(0.1,0.5), result=((205, 49), 1200) 
 tilderR(52)={0, 130, 2, 133, 6, 134, 5, 9, 138, 136, 12, 14, 142, 145, 19, 20, 153, 25, 30, 32, 37, 40, 41, 42, 176, 178, 51, 54, 184, 58, 187, 60, 188, 192, 193, 73, 76, 77, 207, 79, 83, 84, 85, 90, 94, 110, 112, 114, 119, 124, 126, 127}, 
 tilderS(11)={161, 74, 172, 109, 205, 17, 49, 146, 151, 185, 154})
2021-09-13 03:08:38,577 - INFO - compute: budget=2, scheme=(0.1,0.6000000000000001), result=((167, 49), 1261) 
 tilderR(52)={0, 130, 2, 133, 6, 134, 5, 9, 138, 136, 12, 14, 142, 145, 19, 20, 153, 25, 30, 32, 37, 40, 41, 42, 176, 178, 51, 54, 184, 58, 187, 60, 188, 192, 193, 73, 76, 77, 207, 79, 83, 84, 85, 90, 94, 110, 112, 114, 119, 124, 126, 127}, 
 tilderS(18)={161, 65, 167, 169, 74, 202, 172, 109, 205, 175, 17, 49, 146, 151, 185, 154, 156, 31})
2021-09-13 03:08:39,901 - INFO - compute: budget=2, scheme=(0.1,0.7000000000000001), result=((49, 125), 1320) 
 tilderR(52)={0, 130, 2, 133, 6, 134, 5, 9, 138, 136, 12, 14, 142, 145, 19, 20, 153, 25, 30, 32, 37, 40, 41, 42, 176, 178, 51, 54, 184, 58, 187, 60, 188, 192, 193, 73, 76, 77, 207, 79, 83, 84, 85, 90, 94, 110, 112, 114, 119, 124, 126, 127}, 
 tilderS(33)={15, 17, 146, 147, 23, 151, 154, 156, 29, 31, 161, 33, 167, 169, 170, 172, 174, 175, 48, 49, 185, 189, 65, 66, 74, 203, 202, 205, 213, 214, 92, 109, 125})
2021-09-13 03:08:42,620 - INFO - compute: budget=2, scheme=(0.1,0.8), result=((1, 150), 1562) 
 tilderR(52)={0, 130, 2, 133, 6, 134, 5, 9, 138, 136, 12, 14, 142, 145, 19, 20, 153, 25, 30, 32, 37, 40, 41, 42, 176, 178, 51, 54, 184, 58, 187, 60, 188, 192, 193, 73, 76, 77, 207, 79, 83, 84, 85, 90, 94, 110, 112, 114, 119, 124, 126, 127}, 
 tilderS(47)={1, 132, 8, 15, 17, 146, 147, 21, 150, 23, 151, 24, 154, 156, 29, 31, 161, 33, 167, 169, 170, 172, 173, 174, 175, 48, 49, 47, 185, 189, 61, 65, 66, 67, 74, 203, 202, 205, 208, 210, 213, 214, 92, 98, 109, 122, 125})
2021-09-13 03:08:46,064 - INFO - compute: budget=2, scheme=(0.1,0.9), result=((1, 150), 1562) 
 tilderR(52)={0, 130, 2, 133, 6, 134, 5, 9, 138, 136, 12, 14, 142, 145, 19, 20, 153, 25, 30, 32, 37, 40, 41, 42, 176, 178, 51, 54, 184, 58, 187, 60, 188, 192, 193, 73, 76, 77, 207, 79, 83, 84, 85, 90, 94, 110, 112, 114, 119, 124, 126, 127}, 
 tilderS(53)={1, 132, 8, 15, 17, 146, 147, 21, 150, 23, 151, 149, 154, 24, 156, 29, 31, 161, 33, 167, 168, 169, 170, 172, 173, 46, 174, 175, 49, 48, 47, 185, 189, 62, 191, 61, 65, 66, 67, 74, 203, 202, 205, 208, 210, 213, 214, 92, 98, 102, 109, 122, 125})
2021-09-13 03:08:49,633 - INFO - compute: budget=2, scheme=(0.1,1.0), result=((1, 150), 1562) 
 tilderR(52)={0, 130, 2, 133, 6, 134, 5, 9, 138, 136, 12, 14, 142, 145, 19, 20, 153, 25, 30, 32, 37, 40, 41, 42, 176, 178, 51, 54, 184, 58, 187, 60, 188, 192, 193, 73, 76, 77, 207, 79, 83, 84, 85, 90, 94, 110, 112, 114, 119, 124, 126, 127}, 
 tilderS(54)={1, 132, 8, 15, 17, 146, 147, 21, 150, 23, 151, 149, 154, 24, 156, 29, 31, 161, 33, 167, 168, 169, 170, 172, 173, 46, 174, 175, 49, 48, 179, 47, 185, 189, 62, 191, 61, 65, 66, 67, 74, 203, 202, 205, 208, 210, 213, 214, 92, 98, 102, 109, 122, 125})
2021-09-13 03:08:49,640 - INFO - compute: budget=2, scheme=(0.2,0.30000000000000004), result=((172, 109), 742) 
 tilderR(45)={0, 130, 2, 133, 134, 5, 136, 9, 138, 12, 142, 145, 19, 20, 153, 25, 30, 32, 37, 41, 42, 176, 178, 51, 54, 58, 187, 60, 188, 192, 193, 76, 207, 79, 83, 84, 85, 90, 94, 112, 114, 119, 124, 126, 127}, 
 tilderS(3)={17, 172, 109})
2021-09-13 03:08:49,640 - INFO - load: budget=2, scheme=(0.2,0.4), result=((172, 109), 742) 
 tilderR(45)={0, 130, 2, 133, 134, 5, 136, 9, 138, 12, 142, 145, 19, 20, 153, 25, 30, 32, 37, 41, 42, 176, 178, 51, 54, 58, 187, 60, 188, 192, 193, 76, 207, 79, 83, 84, 85, 90, 94, 112, 114, 119, 124, 126, 127}, 
 tilderS(3)={17, 172, 109})
2021-09-13 03:08:49,758 - INFO - compute: budget=2, scheme=(0.2,0.5), result=((205, 49), 1043) 
 tilderR(45)={0, 130, 2, 133, 134, 5, 136, 9, 138, 12, 142, 145, 19, 20, 153, 25, 30, 32, 37, 41, 42, 176, 178, 51, 54, 58, 187, 60, 188, 192, 193, 76, 207, 79, 83, 84, 85, 90, 94, 112, 114, 119, 124, 126, 127}, 
 tilderS(11)={161, 74, 172, 109, 205, 17, 49, 146, 151, 185, 154})
2021-09-13 03:08:50,087 - INFO - compute: budget=2, scheme=(0.2,0.6000000000000001), result=((167, 49), 1098) 
 tilderR(45)={0, 130, 2, 133, 134, 5, 136, 9, 138, 12, 142, 145, 19, 20, 153, 25, 30, 32, 37, 41, 42, 176, 178, 51, 54, 58, 187, 60, 188, 192, 193, 76, 207, 79, 83, 84, 85, 90, 94, 112, 114, 119, 124, 126, 127}, 
 tilderS(18)={161, 65, 167, 169, 74, 202, 172, 109, 205, 175, 17, 49, 146, 151, 185, 154, 156, 31})
2021-09-13 03:08:51,216 - INFO - compute: budget=2, scheme=(0.2,0.7000000000000001), result=((49, 125), 1145) 
 tilderR(45)={0, 130, 2, 133, 134, 5, 136, 9, 138, 12, 142, 145, 19, 20, 153, 25, 30, 32, 37, 41, 42, 176, 178, 51, 54, 58, 187, 60, 188, 192, 193, 76, 207, 79, 83, 84, 85, 90, 94, 112, 114, 119, 124, 126, 127}, 
 tilderS(33)={15, 17, 146, 147, 23, 151, 154, 156, 29, 31, 161, 33, 167, 169, 170, 172, 174, 175, 48, 49, 185, 189, 65, 66, 74, 203, 202, 205, 213, 214, 92, 109, 125})
2021-09-13 03:08:53,534 - INFO - compute: budget=2, scheme=(0.2,0.8), result=((150, 49), 1361) 
 tilderR(45)={0, 130, 2, 133, 134, 5, 136, 9, 138, 12, 142, 145, 19, 20, 153, 25, 30, 32, 37, 41, 42, 176, 178, 51, 54, 58, 187, 60, 188, 192, 193, 76, 207, 79, 83, 84, 85, 90, 94, 112, 114, 119, 124, 126, 127}, 
 tilderS(47)={1, 132, 8, 15, 17, 146, 147, 21, 150, 23, 151, 24, 154, 156, 29, 31, 161, 33, 167, 169, 170, 172, 173, 174, 175, 48, 49, 47, 185, 189, 61, 65, 66, 67, 74, 203, 202, 205, 208, 210, 213, 214, 92, 98, 109, 122, 125})
2021-09-13 03:08:56,501 - INFO - compute: budget=2, scheme=(0.2,0.9), result=((150, 49), 1361) 
 tilderR(45)={0, 130, 2, 133, 134, 5, 136, 9, 138, 12, 142, 145, 19, 20, 153, 25, 30, 32, 37, 41, 42, 176, 178, 51, 54, 58, 187, 60, 188, 192, 193, 76, 207, 79, 83, 84, 85, 90, 94, 112, 114, 119, 124, 126, 127}, 
 tilderS(53)={1, 132, 8, 15, 17, 146, 147, 21, 150, 23, 151, 149, 154, 24, 156, 29, 31, 161, 33, 167, 168, 169, 170, 172, 173, 46, 174, 175, 49, 48, 47, 185, 189, 62, 191, 61, 65, 66, 67, 74, 203, 202, 205, 208, 210, 213, 214, 92, 98, 102, 109, 122, 125})
2021-09-13 03:08:59,575 - INFO - compute: budget=2, scheme=(0.2,1.0), result=((150, 49), 1361) 
 tilderR(45)={0, 130, 2, 133, 134, 5, 136, 9, 138, 12, 142, 145, 19, 20, 153, 25, 30, 32, 37, 41, 42, 176, 178, 51, 54, 58, 187, 60, 188, 192, 193, 76, 207, 79, 83, 84, 85, 90, 94, 112, 114, 119, 124, 126, 127}, 
 tilderS(54)={1, 132, 8, 15, 17, 146, 147, 21, 150, 23, 151, 149, 154, 24, 156, 29, 31, 161, 33, 167, 168, 169, 170, 172, 173, 46, 174, 175, 49, 48, 179, 47, 185, 189, 62, 191, 61, 65, 66, 67, 74, 203, 202, 205, 208, 210, 213, 214, 92, 98, 102, 109, 122, 125})
2021-09-13 03:08:59,580 - INFO - compute: budget=2, scheme=(0.30000000000000004,0.30000000000000004), result=((17, 109), 477) 
 tilderR(28)={0, 2, 133, 134, 136, 138, 145, 30, 37, 41, 51, 54, 58, 188, 192, 193, 76, 207, 79, 83, 84, 85, 90, 94, 112, 114, 124, 126}, 
 tilderS(3)={17, 172, 109})
2021-09-13 03:08:59,580 - INFO - load: budget=2, scheme=(0.30000000000000004,0.4), result=((17, 109), 477) 
 tilderR(28)={0, 2, 133, 134, 136, 138, 145, 30, 37, 41, 51, 54, 58, 188, 192, 193, 76, 207, 79, 83, 84, 85, 90, 94, 112, 114, 124, 126}, 
 tilderS(3)={17, 172, 109})
2021-09-13 03:08:59,656 - INFO - compute: budget=2, scheme=(0.30000000000000004,0.5), result=((205, 49), 716) 
 tilderR(28)={0, 2, 133, 134, 136, 138, 145, 30, 37, 41, 51, 54, 58, 188, 192, 193, 76, 207, 79, 83, 84, 85, 90, 94, 112, 114, 124, 126}, 
 tilderS(11)={161, 74, 172, 109, 205, 17, 49, 146, 151, 185, 154})
2021-09-13 03:08:59,861 - INFO - compute: budget=2, scheme=(0.30000000000000004,0.6000000000000001), result=((169, 49), 729) 
 tilderR(28)={0, 2, 133, 134, 136, 138, 145, 30, 37, 41, 51, 54, 58, 188, 192, 193, 76, 207, 79, 83, 84, 85, 90, 94, 112, 114, 124, 126}, 
 tilderS(18)={161, 65, 167, 169, 74, 202, 172, 109, 205, 175, 17, 49, 146, 151, 185, 154, 156, 31})
2021-09-13 03:09:00,566 - INFO - compute: budget=2, scheme=(0.30000000000000004,0.7000000000000001), result=((49, 125), 730) 
 tilderR(28)={0, 2, 133, 134, 136, 138, 145, 30, 37, 41, 51, 54, 58, 188, 192, 193, 76, 207, 79, 83, 84, 85, 90, 94, 112, 114, 124, 126}, 
 tilderS(33)={15, 17, 146, 147, 23, 151, 154, 156, 29, 31, 161, 33, 167, 169, 170, 172, 174, 175, 48, 49, 185, 189, 65, 66, 74, 203, 202, 205, 213, 214, 92, 109, 125})
2021-09-13 03:09:02,023 - INFO - compute: budget=2, scheme=(0.30000000000000004,0.8), result=((150, 49), 861) 
 tilderR(28)={0, 2, 133, 134, 136, 138, 145, 30, 37, 41, 51, 54, 58, 188, 192, 193, 76, 207, 79, 83, 84, 85, 90, 94, 112, 114, 124, 126}, 
 tilderS(47)={1, 132, 8, 15, 17, 146, 147, 21, 150, 23, 151, 24, 154, 156, 29, 31, 161, 33, 167, 169, 170, 172, 173, 174, 175, 48, 49, 47, 185, 189, 61, 65, 66, 67, 74, 203, 202, 205, 208, 210, 213, 214, 92, 98, 109, 122, 125})
2021-09-13 03:09:03,888 - INFO - compute: budget=2, scheme=(0.30000000000000004,0.9), result=((150, 49), 861) 
 tilderR(28)={0, 2, 133, 134, 136, 138, 145, 30, 37, 41, 51, 54, 58, 188, 192, 193, 76, 207, 79, 83, 84, 85, 90, 94, 112, 114, 124, 126}, 
 tilderS(53)={1, 132, 8, 15, 17, 146, 147, 21, 150, 23, 151, 149, 154, 24, 156, 29, 31, 161, 33, 167, 168, 169, 170, 172, 173, 46, 174, 175, 49, 48, 47, 185, 189, 62, 191, 61, 65, 66, 67, 74, 203, 202, 205, 208, 210, 213, 214, 92, 98, 102, 109, 122, 125})
2021-09-13 03:09:05,810 - INFO - compute: budget=2, scheme=(0.30000000000000004,1.0), result=((150, 49), 861) 
 tilderR(28)={0, 2, 133, 134, 136, 138, 145, 30, 37, 41, 51, 54, 58, 188, 192, 193, 76, 207, 79, 83, 84, 85, 90, 94, 112, 114, 124, 126}, 
 tilderS(54)={1, 132, 8, 15, 17, 146, 147, 21, 150, 23, 151, 149, 154, 24, 156, 29, 31, 161, 33, 167, 168, 169, 170, 172, 173, 46, 174, 175, 49, 48, 179, 47, 185, 189, 62, 191, 61, 65, 66, 67, 74, 203, 202, 205, 208, 210, 213, 214, 92, 98, 102, 109, 122, 125})
2021-09-13 03:09:05,813 - INFO - compute: budget=2, scheme=(0.4,0.30000000000000004), result=((17, 109), 332) 
 tilderR(18)={0, 193, 192, 58, 133, 134, 207, 112, 79, 188, 83, 114, 85, 145, 30, 90, 124, 94}, 
 tilderS(3)={17, 172, 109})
2021-09-13 03:09:05,813 - INFO - load: budget=2, scheme=(0.4,0.4), result=((17, 109), 332) 
 tilderR(18)={0, 193, 192, 58, 133, 134, 207, 112, 79, 188, 83, 114, 85, 145, 30, 90, 124, 94}, 
 tilderS(3)={17, 172, 109})
2021-09-13 03:09:05,861 - INFO - compute: budget=2, scheme=(0.4,0.5), result=((205, 49), 505) 
 tilderR(18)={0, 193, 192, 58, 133, 134, 207, 112, 79, 188, 83, 114, 85, 145, 30, 90, 124, 94}, 
 tilderS(11)={161, 74, 172, 109, 205, 17, 49, 146, 151, 185, 154})
2021-09-13 03:09:05,994 - INFO - compute: budget=2, scheme=(0.4,0.6000000000000001), result=((205, 49), 505) 
 tilderR(18)={0, 193, 192, 58, 133, 134, 207, 112, 79, 188, 83, 114, 85, 145, 30, 90, 124, 94}, 
 tilderS(18)={161, 65, 167, 169, 74, 202, 172, 109, 205, 175, 17, 49, 146, 151, 185, 154, 156, 31})
2021-09-13 03:09:06,442 - INFO - compute: budget=2, scheme=(0.4,0.7000000000000001), result=((49, 205), 505) 
 tilderR(18)={0, 193, 192, 58, 133, 134, 207, 112, 79, 188, 83, 114, 85, 145, 30, 90, 124, 94}, 
 tilderS(33)={15, 17, 146, 147, 23, 151, 154, 156, 29, 31, 161, 33, 167, 169, 170, 172, 174, 175, 48, 49, 185, 189, 65, 66, 74, 203, 202, 205, 213, 214, 92, 109, 125})
2021-09-13 03:09:07,361 - INFO - compute: budget=2, scheme=(0.4,0.8), result=((150, 49), 568) 
 tilderR(18)={0, 193, 192, 58, 133, 134, 207, 112, 79, 188, 83, 114, 85, 145, 30, 90, 124, 94}, 
 tilderS(47)={1, 132, 8, 15, 17, 146, 147, 21, 150, 23, 151, 24, 154, 156, 29, 31, 161, 33, 167, 169, 170, 172, 173, 174, 175, 48, 49, 47, 185, 189, 61, 65, 66, 67, 74, 203, 202, 205, 208, 210, 213, 214, 92, 98, 109, 122, 125})
2021-09-13 03:09:08,533 - INFO - compute: budget=2, scheme=(0.4,0.9), result=((150, 49), 568) 
 tilderR(18)={0, 193, 192, 58, 133, 134, 207, 112, 79, 188, 83, 114, 85, 145, 30, 90, 124, 94}, 
 tilderS(53)={1, 132, 8, 15, 17, 146, 147, 21, 150, 23, 151, 149, 154, 24, 156, 29, 31, 161, 33, 167, 168, 169, 170, 172, 173, 46, 174, 175, 49, 48, 47, 185, 189, 62, 191, 61, 65, 66, 67, 74, 203, 202, 205, 208, 210, 213, 214, 92, 98, 102, 109, 122, 125})
2021-09-13 03:09:09,755 - INFO - compute: budget=2, scheme=(0.4,1.0), result=((150, 49), 568) 
 tilderR(18)={0, 193, 192, 58, 133, 134, 207, 112, 79, 188, 83, 114, 85, 145, 30, 90, 124, 94}, 
 tilderS(54)={1, 132, 8, 15, 17, 146, 147, 21, 150, 23, 151, 149, 154, 24, 156, 29, 31, 161, 33, 167, 168, 169, 170, 172, 173, 46, 174, 175, 49, 48, 179, 47, 185, 189, 62, 191, 61, 65, 66, 67, 74, 203, 202, 205, 208, 210, 213, 214, 92, 98, 102, 109, 122, 125})
2021-09-13 03:09:09,756 - INFO - compute: budget=2, scheme=(0.5,0.30000000000000004), result=((17, 109), 125) 
 tilderR(7)={0, 133, 145, 114, 85, 58, 94}, 
 tilderS(3)={17, 172, 109})
2021-09-13 03:09:09,756 - INFO - load: budget=2, scheme=(0.5,0.4), result=((17, 109), 125) 
 tilderR(7)={0, 133, 145, 114, 85, 58, 94}, 
 tilderS(3)={17, 172, 109})
2021-09-13 03:09:09,775 - INFO - compute: budget=2, scheme=(0.5,0.5), result=((205, 49), 189) 
 tilderR(7)={0, 133, 145, 114, 85, 58, 94}, 
 tilderS(11)={161, 74, 172, 109, 205, 17, 49, 146, 151, 185, 154})
2021-09-13 03:09:09,828 - INFO - compute: budget=2, scheme=(0.5,0.6000000000000001), result=((205, 49), 189) 
 tilderR(7)={0, 133, 145, 114, 85, 58, 94}, 
 tilderS(18)={161, 65, 167, 169, 74, 202, 172, 109, 205, 175, 17, 49, 146, 151, 185, 154, 156, 31})
2021-09-13 03:09:10,008 - INFO - compute: budget=2, scheme=(0.5,0.7000000000000001), result=((49, 205), 189) 
 tilderR(7)={0, 133, 145, 114, 85, 58, 94}, 
 tilderS(33)={15, 17, 146, 147, 23, 151, 154, 156, 29, 31, 161, 33, 167, 169, 170, 172, 174, 175, 48, 49, 185, 189, 65, 66, 74, 203, 202, 205, 213, 214, 92, 109, 125})
2021-09-13 03:09:10,371 - INFO - compute: budget=2, scheme=(0.5,0.8), result=((150, 49), 201) 
 tilderR(7)={0, 133, 145, 114, 85, 58, 94}, 
 tilderS(47)={1, 132, 8, 15, 17, 146, 147, 21, 150, 23, 151, 24, 154, 156, 29, 31, 161, 33, 167, 169, 170, 172, 173, 174, 175, 48, 49, 47, 185, 189, 61, 65, 66, 67, 74, 203, 202, 205, 208, 210, 213, 214, 92, 98, 109, 122, 125})
2021-09-13 03:09:10,838 - INFO - compute: budget=2, scheme=(0.5,0.9), result=((150, 49), 201) 
 tilderR(7)={0, 133, 145, 114, 85, 58, 94}, 
 tilderS(53)={1, 132, 8, 15, 17, 146, 147, 21, 150, 23, 151, 149, 154, 24, 156, 29, 31, 161, 33, 167, 168, 169, 170, 172, 173, 46, 174, 175, 49, 48, 47, 185, 189, 62, 191, 61, 65, 66, 67, 74, 203, 202, 205, 208, 210, 213, 214, 92, 98, 102, 109, 122, 125})
2021-09-13 03:09:11,321 - INFO - compute: budget=2, scheme=(0.5,1.0), result=((150, 49), 201) 
 tilderR(7)={0, 133, 145, 114, 85, 58, 94}, 
 tilderS(54)={1, 132, 8, 15, 17, 146, 147, 21, 150, 23, 151, 149, 154, 24, 156, 29, 31, 161, 33, 167, 168, 169, 170, 172, 173, 46, 174, 175, 49, 48, 179, 47, 185, 189, 62, 191, 61, 65, 66, 67, 74, 203, 202, 205, 208, 210, 213, 214, 92, 98, 102, 109, 122, 125})
2021-09-13 03:09:11,322 - INFO - compute: budget=2, scheme=(0.6000000000000001,0.30000000000000004), result=((17, 109), 20) 
 tilderR(1)={133}, 
 tilderS(3)={17, 172, 109})
2021-09-13 03:09:11,322 - INFO - load: budget=2, scheme=(0.6000000000000001,0.4), result=((17, 109), 20) 
 tilderR(1)={133}, 
 tilderS(3)={17, 172, 109})
2021-09-13 03:09:11,325 - INFO - compute: budget=2, scheme=(0.6000000000000001,0.5), result=((205, 49), 35) 
 tilderR(1)={133}, 
 tilderS(11)={161, 74, 172, 109, 205, 17, 49, 146, 151, 185, 154})
2021-09-13 03:09:11,332 - INFO - compute: budget=2, scheme=(0.6000000000000001,0.6000000000000001), result=((169, 49), 37) 
 tilderR(1)={133}, 
 tilderS(18)={161, 65, 167, 169, 74, 202, 172, 109, 205, 175, 17, 49, 146, 151, 185, 154, 156, 31})
2021-09-13 03:09:11,359 - INFO - compute: budget=2, scheme=(0.6000000000000001,0.7000000000000001), result=((169, 49), 37) 
 tilderR(1)={133}, 
 tilderS(33)={15, 17, 146, 147, 23, 151, 154, 156, 29, 31, 161, 33, 167, 169, 170, 172, 174, 175, 48, 49, 185, 189, 65, 66, 74, 203, 202, 205, 213, 214, 92, 109, 125})
2021-09-13 03:09:11,413 - INFO - compute: budget=2, scheme=(0.6000000000000001,0.8), result=((1, 169), 38) 
 tilderR(1)={133}, 
 tilderS(47)={1, 132, 8, 15, 17, 146, 147, 21, 150, 23, 151, 24, 154, 156, 29, 31, 161, 33, 167, 169, 170, 172, 173, 174, 175, 48, 49, 47, 185, 189, 61, 65, 66, 67, 74, 203, 202, 205, 208, 210, 213, 214, 92, 98, 109, 122, 125})
2021-09-13 03:09:11,481 - INFO - compute: budget=2, scheme=(0.6000000000000001,0.9), result=((46, 49), 39) 
 tilderR(1)={133}, 
 tilderS(53)={1, 132, 8, 15, 17, 146, 147, 21, 150, 23, 151, 149, 154, 24, 156, 29, 31, 161, 33, 167, 168, 169, 170, 172, 173, 46, 174, 175, 49, 48, 47, 185, 189, 62, 191, 61, 65, 66, 67, 74, 203, 202, 205, 208, 210, 213, 214, 92, 98, 102, 109, 122, 125})
2021-09-13 03:09:11,552 - INFO - compute: budget=2, scheme=(0.6000000000000001,1.0), result=((46, 49), 39) 
 tilderR(1)={133}, 
 tilderS(54)={1, 132, 8, 15, 17, 146, 147, 21, 150, 23, 151, 149, 154, 24, 156, 29, 31, 161, 33, 167, 168, 169, 170, 172, 173, 46, 174, 175, 49, 48, 179, 47, 185, 189, 62, 191, 61, 65, 66, 67, 74, 203, 202, 205, 208, 210, 213, 214, 92, 98, 102, 109, 122, 125})
2021-09-13 03:09:11,552 - INFO - load: budget=2, scheme=(0.7000000000000001,0.30000000000000004), result=((17, 109), 20) 
 tilderR(1)={133}, 
 tilderS(3)={17, 172, 109})
2021-09-13 03:09:11,552 - INFO - load: budget=2, scheme=(0.7000000000000001,0.4), result=((17, 109), 20) 
 tilderR(1)={133}, 
 tilderS(3)={17, 172, 109})
2021-09-13 03:09:11,552 - INFO - load: budget=2, scheme=(0.7000000000000001,0.5), result=((205, 49), 35) 
 tilderR(1)={133}, 
 tilderS(11)={161, 74, 172, 109, 205, 17, 49, 146, 151, 185, 154})
2021-09-13 03:09:11,552 - INFO - load: budget=2, scheme=(0.7000000000000001,0.6000000000000001), result=((169, 49), 37) 
 tilderR(1)={133}, 
 tilderS(18)={161, 65, 167, 169, 74, 202, 172, 109, 205, 175, 17, 49, 146, 151, 185, 154, 156, 31})
2021-09-13 03:09:11,553 - INFO - load: budget=2, scheme=(0.7000000000000001,0.7000000000000001), result=((169, 49), 37) 
 tilderR(1)={133}, 
 tilderS(33)={15, 17, 146, 147, 23, 151, 154, 156, 29, 31, 161, 33, 167, 169, 170, 172, 174, 175, 48, 49, 185, 189, 65, 66, 74, 203, 202, 205, 213, 214, 92, 109, 125})
2021-09-13 03:09:11,553 - INFO - load: budget=2, scheme=(0.7000000000000001,0.8), result=((1, 169), 38) 
 tilderR(1)={133}, 
 tilderS(47)={1, 132, 8, 15, 17, 146, 147, 21, 150, 23, 151, 24, 154, 156, 29, 31, 161, 33, 167, 169, 170, 172, 173, 174, 175, 48, 49, 47, 185, 189, 61, 65, 66, 67, 74, 203, 202, 205, 208, 210, 213, 214, 92, 98, 109, 122, 125})
2021-09-13 03:09:11,553 - INFO - load: budget=2, scheme=(0.7000000000000001,0.9), result=((46, 49), 39) 
 tilderR(1)={133}, 
 tilderS(53)={1, 132, 8, 15, 17, 146, 147, 21, 150, 23, 151, 149, 154, 24, 156, 29, 31, 161, 33, 167, 168, 169, 170, 172, 173, 46, 174, 175, 49, 48, 47, 185, 189, 62, 191, 61, 65, 66, 67, 74, 203, 202, 205, 208, 210, 213, 214, 92, 98, 102, 109, 122, 125})
2021-09-13 03:09:11,553 - INFO - load: budget=2, scheme=(0.7000000000000001,1.0), result=((46, 49), 39) 
 tilderR(1)={133}, 
 tilderS(54)={1, 132, 8, 15, 17, 146, 147, 21, 150, 23, 151, 149, 154, 24, 156, 29, 31, 161, 33, 167, 168, 169, 170, 172, 173, 46, 174, 175, 49, 48, 179, 47, 185, 189, 62, 191, 61, 65, 66, 67, 74, 203, 202, 205, 208, 210, 213, 214, 92, 98, 102, 109, 122, 125})
