2021-09-27 01:56:42,348 - INFO - run algo
2021-09-27 01:56:42,359 - INFO - 217
2021-09-27 01:56:42,359 - INFO - 217
2021-09-27 01:56:42,364 - INFO - load:
2021-09-27 01:56:42,365 - INFO - Finish random requester set R and supplier set S 
                             percent_R=0.25, num_R=55, len_R=55 
                             percent_S=0.25, num_S=55, len_S=54
2021-09-27 01:56:42,375 - INFO - load | 4 | (0.0, 0.0) | 55 | 1 | {53} | 821| 0.0 | 390.48921946740137 
2021-09-27 01:56:42,376 - INFO - load | 4 | (0.0, 0.1) | 55 | 1 | {53} | 821| 0.0 | 390.48921946740137 
2021-09-27 01:56:42,376 - INFO - load | 4 | (0.0, 0.2) | 55 | 1 | {53} | 821| 0.0 | 390.48921946740137 
2021-09-27 01:56:42,376 - INFO - load | 4 | (0.0, 0.30000000000000004) | 55 | 1 | {53} | 821| 0.0 | 390.48921946740137 
2021-09-27 01:56:42,376 - INFO - load | 4 | (0.0, 0.4) | 55 | 1 | {53} | 821| 0.0 | 390.48921946740137 
2021-09-27 01:56:42,376 - INFO - load | 4 | (0.0, 0.5) | 55 | 1 | {53} | 821| 0.0 | 390.48921946740137 
2021-09-27 01:56:42,376 - INFO - load | 4 | (0.0, 0.6000000000000001) | 55 | 1 | {53} | 821| 0.0 | 390.48921946740137 
2021-09-27 01:56:42,376 - INFO - load | 4 | (0.0, 0.7000000000000001) | 55 | 1 | {53} | 821| 0.0 | 390.48921946740137 
2021-09-27 01:56:42,377 - INFO - load | 4 | (0.0, 0.8) | 55 | 1 | {53} | 821| 0.0 | 390.48921946740137 
2021-09-27 01:56:42,377 - INFO - load | 4 | (0.0, 0.9) | 55 | 1 | {53} | 821| 0.0 | 390.48921946740137 
2021-09-27 01:56:42,377 - INFO - load | 4 | (0.0, 1.0) | 55 | 1 | {53} | 821| 0.0 | 390.48921946740137 
2021-09-27 01:56:42,377 - INFO - load | 4 | (0.1, 0.0) | 55 | 1 | {53} | 821| 82.10000000000001 | 390.48921946740137 
2021-09-27 01:56:42,377 - INFO - load | 4 | (0.1, 0.1) | 55 | 1 | {53} | 821| 73.89 | 390.48921946740137 
2021-09-27 01:56:42,377 - INFO - load | 4 | (0.1, 0.2) | 55 | 1 | {53} | 821| 65.68 | 390.48921946740137 
2021-09-27 01:56:42,377 - INFO - load | 4 | (0.1, 0.30000000000000004) | 55 | 1 | {53} | 821| 57.470000000000006 | 390.48921946740137 
2021-09-27 01:56:42,378 - INFO - load | 4 | (0.1, 0.4) | 55 | 1 | {53} | 821| 49.26 | 390.48921946740137 
2021-09-27 01:56:42,378 - INFO - load | 4 | (0.1, 0.5) | 55 | 1 | {53} | 821| 41.050000000000004 | 390.48921946740137 
2021-09-27 01:56:42,378 - INFO - load | 4 | (0.1, 0.6000000000000001) | 55 | 1 | {53} | 821| 32.839999999999996 | 390.48921946740137 
2021-09-27 01:56:42,378 - INFO - load | 4 | (0.1, 0.7000000000000001) | 55 | 1 | {53} | 821| 24.63 | 390.48921946740137 
2021-09-27 01:56:42,378 - INFO - load | 4 | (0.1, 0.8) | 55 | 1 | {53} | 821| 16.41999999999999 | 390.48921946740137 
2021-09-27 01:56:42,378 - INFO - load | 4 | (0.1, 0.9) | 55 | 1 | {53} | 821| 8.209999999999996 | 390.48921946740137 
2021-09-27 01:56:42,378 - INFO - load | 4 | (0.1, 1.0) | 55 | 1 | {53} | 821| 0.0 | 390.48921946740137 
2021-09-27 01:56:42,378 - INFO - load | 4 | (0.2, 0.0) | 55 | 1 | {53} | 821| 164.20000000000002 | 390.48921946740137 
2021-09-27 01:56:42,379 - INFO - load | 4 | (0.2, 0.1) | 55 | 1 | {53} | 821| 147.78 | 390.48921946740137 
2021-09-27 01:56:42,379 - INFO - load | 4 | (0.2, 0.2) | 55 | 1 | {53} | 821| 131.36 | 390.48921946740137 
2021-09-27 01:56:42,379 - INFO - load | 4 | (0.2, 0.30000000000000004) | 55 | 1 | {53} | 821| 114.94000000000001 | 390.48921946740137 
2021-09-27 01:56:42,379 - INFO - load | 4 | (0.2, 0.4) | 55 | 1 | {53} | 821| 98.52 | 390.48921946740137 
2021-09-27 01:56:42,379 - INFO - load | 4 | (0.2, 0.5) | 55 | 1 | {53} | 821| 82.10000000000001 | 390.48921946740137 
2021-09-27 01:56:42,379 - INFO - load | 4 | (0.2, 0.6000000000000001) | 55 | 1 | {53} | 821| 65.67999999999999 | 390.48921946740137 
2021-09-27 01:56:42,381 - INFO - load | 4 | (0.2, 0.7000000000000001) | 55 | 3 | {72, 53, 125} | 1858| 111.47999999999999 | 883.7058218549128 
2021-09-27 01:56:42,383 - INFO - load | 4 | (0.2, 0.8) | 55 | 3 | {72, 53, 125} | 1858| 74.31999999999996 | 883.7058218549128 
2021-09-27 01:56:42,385 - INFO - load | 4 | (0.2, 0.9) | 55 | 3 | {72, 53, 125} | 1858| 37.15999999999998 | 883.7058218549128 
2021-09-27 01:56:42,388 - INFO - load | 4 | (0.2, 1.0) | 55 | 4 | {72, 53, 125, 143} | 2358| 0.0 | 1121.8604040404043 
2021-09-27 01:56:42,391 - INFO - load | 4 | (0.30000000000000004, 0.0) | 54 | 1 | {53} | 793| 237.90000000000003 | 383.0585491276401 
2021-09-27 01:56:42,394 - INFO - load | 4 | (0.30000000000000004, 0.1) | 54 | 1 | {53} | 793| 214.11 | 383.0585491276401 
2021-09-27 01:56:42,397 - INFO - load | 4 | (0.30000000000000004, 0.2) | 54 | 1 | {53} | 793| 190.32000000000005 | 383.0585491276401 
2021-09-27 01:56:42,400 - INFO - load | 4 | (0.30000000000000004, 0.30000000000000004) | 54 | 1 | {53} | 793| 166.53000000000003 | 383.0585491276401 
2021-09-27 01:56:42,403 - INFO - load | 4 | (0.30000000000000004, 0.4) | 54 | 1 | {53} | 793| 142.74 | 383.0585491276401 
2021-09-27 01:56:42,407 - INFO - load | 4 | (0.30000000000000004, 0.5) | 54 | 3 | {72, 53, 125} | 1798| 269.70000000000005 | 867.7829568411387 
2021-09-27 01:56:42,410 - INFO - load | 4 | (0.30000000000000004, 0.6000000000000001) | 54 | 3 | {72, 53, 125} | 1798| 215.76 | 867.7829568411387 
2021-09-27 01:56:42,414 - INFO - load | 4 | (0.30000000000000004, 0.7000000000000001) | 54 | 4 | {72, 53, 125, 143} | 2283| 205.47 | 1101.9568227731866 
2021-09-27 01:56:42,417 - INFO - load | 4 | (0.30000000000000004, 0.8) | 54 | 5 | (72, 143, 50, 53) | 2363| 141.78 | 1142.5970982552797 
2021-09-27 01:56:42,421 - INFO - load | 4 | (0.30000000000000004, 0.9) | 54 | 6 | (72, 143, 50, 53) | 2363| 70.88999999999993 | 1142.5970982552797 
2021-09-27 01:56:42,425 - INFO - load | 4 | (0.30000000000000004, 1.0) | 54 | 9 | (44, 45, 143, 53) | 2633| 0.0 | 1295.150505050505 
2021-09-27 01:56:42,429 - INFO - load | 4 | (0.4, 0.0) | 48 | 1 | {53} | 655| 262.0 | 334.3144628099174 
2021-09-27 01:56:42,433 - INFO - load | 4 | (0.4, 0.1) | 48 | 1 | {53} | 655| 235.79999999999998 | 334.3144628099174 
2021-09-27 01:56:42,437 - INFO - load | 4 | (0.4, 0.2) | 48 | 1 | {53} | 655| 209.6 | 334.3144628099174 
2021-09-27 01:56:42,441 - INFO - load | 4 | (0.4, 0.30000000000000004) | 48 | 1 | {53} | 655| 183.4 | 334.3144628099174 
2021-09-27 01:56:42,446 - INFO - load | 4 | (0.4, 0.4) | 48 | 3 | {72, 53, 125} | 1478| 354.71999999999997 | 754.6803673094581 
2021-09-27 01:56:42,450 - INFO - load | 4 | (0.4, 0.5) | 48 | 4 | {72, 53, 125, 143} | 1881| 376.20000000000005 | 959.8020661157026 
2021-09-27 01:56:42,455 - INFO - load | 4 | (0.4, 0.6000000000000001) | 48 | 5 | (72, 143, 50, 53) | 1949| 311.84 | 996.1893296602384 
2021-09-27 01:56:42,459 - INFO - load | 4 | (0.4, 0.7000000000000001) | 48 | 7 | (72, 44, 143, 53) | 2102| 252.23999999999998 | 1079.5465013774106 
2021-09-27 01:56:42,464 - INFO - load | 4 | (0.4, 0.8) | 48 | 10 | (44, 45, 143, 53) | 2197| 175.7599999999999 | 1141.2591827364554 
2021-09-27 01:56:42,468 - INFO - load | 4 | (0.4, 0.9) | 48 | 14 | (1, 13, 143, 53) | 2274| 90.95999999999995 | 1186.4513223140493 
2021-09-27 01:56:42,473 - INFO - load | 4 | (0.4, 1.0) | 48 | 20 | (99, 13, 53, 143) | 2396| 0.0 | 1260.5139393939396 
2021-09-27 01:56:42,478 - INFO - load | 4 | (0.5, 0.0) | 27 | 1 | {53} | 272| 136.0 | 163.40988980716256 
2021-09-27 01:56:42,483 - INFO - load | 4 | (0.5, 0.1) | 27 | 1 | {53} | 272| 122.4 | 163.40988980716256 
2021-09-27 01:56:42,489 - INFO - load | 4 | (0.5, 0.2) | 27 | 1 | {53} | 272| 108.80000000000001 | 163.40988980716256 
2021-09-27 01:56:42,494 - INFO - load | 4 | (0.5, 0.30000000000000004) | 27 | 3 | {72, 53, 125} | 608| 212.79999999999998 | 366.84860422405876 
2021-09-27 01:56:42,499 - INFO - load | 4 | (0.5, 0.4) | 27 | 4 | {72, 53, 125, 143} | 771| 231.29999999999998 | 465.35152433425174 
2021-09-27 01:56:42,504 - INFO - load | 4 | (0.5, 0.5) | 27 | 5 | (72, 143, 50, 53) | 801| 200.25 | 484.7459779614325 
2021-09-27 01:56:42,510 - INFO - load | 4 | (0.5, 0.6000000000000001) | 27 | 9 | (44, 45, 143, 53) | 956| 191.19999999999996 | 588.5383195592287 
2021-09-27 01:56:42,516 - INFO - load | 4 | (0.5, 0.7000000000000001) | 27 | 14 | (1, 13, 143, 53) | 1014| 152.09999999999997 | 626.9158494031221 
2021-09-27 01:56:42,522 - INFO - load | 4 | (0.5, 0.8) | 27 | 20 | (99, 13, 53, 143) | 1094| 109.39999999999998 | 680.7915426997245 
2021-09-27 01:56:42,528 - INFO - load | 4 | (0.5, 0.9) | 27 | 24 | (1, 143, 99, 111) | 1108| 55.399999999999984 | 695.7557943067034 
2021-09-27 01:56:42,534 - INFO - load | 4 | (0.5, 1.0) | 27 | 29 | (1, 143, 99, 111) | 1108| 0.0 | 695.7557943067034 
2021-09-27 01:56:42,540 - INFO - load | 4 | (0.6000000000000001, 0.0) | 17 | 1 | {53} | 123| 73.80000000000001 | 82.6 
2021-09-27 01:56:42,546 - INFO - load | 4 | (0.6000000000000001, 0.1) | 17 | 1 | {53} | 123| 66.42 | 82.6 
2021-09-27 01:56:42,552 - INFO - load | 4 | (0.6000000000000001, 0.2) | 17 | 1 | {53} | 123| 59.04000000000001 | 82.6 
2021-09-27 01:56:42,558 - INFO - load | 4 | (0.6000000000000001, 0.30000000000000004) | 17 | 3 | {72, 53, 125} | 272| 114.24000000000001 | 185.84190082644628 
2021-09-27 01:56:42,565 - INFO - load | 4 | (0.6000000000000001, 0.4) | 17 | 5 | (72, 143, 50, 53) | 368| 132.48000000000002 | 251.6192194674013 
2021-09-27 01:56:42,571 - INFO - load | 4 | (0.6000000000000001, 0.5) | 17 | 9 | (44, 45, 143, 53) | 480| 144.00000000000003 | 331.60038567493115 
2021-09-27 01:56:42,577 - INFO - load | 4 | (0.6000000000000001, 0.6000000000000001) | 17 | 14 | (1, 45, 13, 143) | 547| 131.28 | 381.7127180899908 
2021-09-27 01:56:42,584 - INFO - load | 4 | (0.6000000000000001, 0.7000000000000001) | 17 | 22 | (1, 143, 99, 111) | 613| 110.33999999999999 | 428.8032690541782 
2021-09-27 01:56:42,590 - INFO - load | 4 | (0.6000000000000001, 0.8) | 17 | 28 | (1, 143, 86, 99) | 615| 73.8 | 429.9324242424242 
2021-09-27 01:56:42,597 - INFO - load | 4 | (0.6000000000000001, 0.9) | 17 | 34 | (1, 143, 27, 99) | 661| 39.65999999999996 | 465.2743985307621 
2021-09-27 01:56:42,603 - INFO - load | 4 | (0.6000000000000001, 1.0) | 17 | 41 | (1, 143, 27, 99) | 661| 0.0 | 465.2743985307621 
2021-09-27 01:56:42,610 - INFO - load | 4 | (0.7000000000000001, 0.0) | 9 | 1 | {53} | 39| 27.300000000000004 | 30.361542699724524 
2021-09-27 01:56:42,617 - INFO - load | 4 | (0.7000000000000001, 0.1) | 9 | 1 | {53} | 39| 24.570000000000004 | 30.361542699724524 
2021-09-27 01:56:42,624 - INFO - load | 4 | (0.7000000000000001, 0.2) | 9 | 3 | {72, 53, 125} | 92| 51.52 | 72.43535353535353 
2021-09-27 01:56:42,631 - INFO - load | 4 | (0.7000000000000001, 0.30000000000000004) | 9 | 4 | {72, 53, 125, 143} | 118| 57.82 | 92.7921212121212 
2021-09-27 01:56:42,639 - INFO - load | 4 | (0.7000000000000001, 0.4) | 9 | 7 | (44, 143, 50, 53) | 151| 63.42000000000001 | 118.52561983471075 
2021-09-27 01:56:42,646 - INFO - load | 4 | (0.7000000000000001, 0.5) | 9 | 14 | (1, 45, 13, 143) | 233| 81.55000000000001 | 183.24505968778695 
2021-09-27 01:56:42,654 - INFO - load | 4 | (0.7000000000000001, 0.6000000000000001) | 9 | 22 | (1, 80, 99, 111) | 281| 78.67999999999999 | 222.1160422405877 
2021-09-27 01:56:42,661 - INFO - load | 4 | (0.7000000000000001, 0.7000000000000001) | 9 | 29 | (1, 73, 99, 111) | 290| 60.89999999999999 | 229.3992378328742 
2021-09-27 01:56:42,668 - INFO - load | 4 | (0.7000000000000001, 0.8) | 9 | 35 | (1, 27, 173, 99) | 320| 44.800000000000004 | 252.5165748393021 
2021-09-27 01:56:42,675 - INFO - load | 4 | (0.7000000000000001, 0.9) | 9 | 48 | (1, 27, 173, 99) | 320| 22.399999999999984 | 252.5165748393021 
2021-09-27 01:56:42,683 - INFO - load | 4 | (0.7000000000000001, 1.0) | 9 | 52 | (1, 27, 173, 99) | 320| 0.0 | 252.5165748393021 
2021-09-27 01:56:42,691 - INFO - load | 4 | (0.8, 0.0) | 5 | 1 | {53} | 9| 7.2 | 8.142745638200184 
2021-09-27 01:56:42,698 - INFO - load | 4 | (0.8, 0.1) | 5 | 1 | {53} | 9| 6.4799999999999995 | 8.142745638200184 
2021-09-27 01:56:42,707 - INFO - load | 4 | (0.8, 0.2) | 5 | 3 | {72, 53, 125} | 40| 25.6 | 33.945674931129474 
2021-09-27 01:56:42,715 - INFO - load | 4 | (0.8, 0.30000000000000004) | 5 | 5 | (72, 143, 50, 125) | 61| 34.160000000000004 | 51.039100091827365 
2021-09-27 01:56:42,723 - INFO - load | 4 | (0.8, 0.4) | 5 | 10 | (44, 45, 143, 125) | 91| 43.68 | 76.65164370982552 
2021-09-27 01:56:42,731 - INFO - load | 4 | (0.8, 0.5) | 5 | 20 | (99, 80, 13, 183) | 128| 51.2 | 108.16178145087235 
2021-09-27 01:56:42,738 - INFO - load | 4 | (0.8, 0.6000000000000001) | 5 | 28 | (13, 73, 99, 111) | 142| 45.43999999999999 | 120.5435629017447 
2021-09-27 01:56:42,747 - INFO - load | 4 | (0.8, 0.7000000000000001) | 5 | 35 | (22, 27, 73, 99) | 158| 37.92 | 134.03563820018366 
2021-09-27 01:56:42,755 - INFO - load | 4 | (0.8, 0.8) | 5 | 48 | (22, 27, 73, 99) | 158| 25.279999999999987 | 134.03563820018366 
2021-09-27 01:56:42,764 - INFO - load | 4 | (0.8, 0.9) | 5 | 53 | (22, 27, 73, 99) | 158| 12.639999999999993 | 134.03563820018366 
2021-09-27 01:56:42,772 - INFO - load | 4 | (0.8, 1.0) | 5 | 54 | (22, 27, 73, 99) | 158| 0.0 | 134.03563820018366 
2021-09-27 01:56:42,781 - INFO - load | 4 | (0.9, 0.0) | 1 | 1 | {53} | 4| 3.6 | 3.6446280991735542 
2021-09-27 01:56:42,790 - INFO - load | 4 | (0.9, 0.1) | 1 | 1 | {53} | 4| 3.24 | 3.6446280991735542 
2021-09-27 01:56:42,799 - INFO - load | 4 | (0.9, 0.2) | 1 | 3 | {72, 53, 125} | 7| 5.04 | 6.37809917355372 
2021-09-27 01:56:42,808 - INFO - load | 4 | (0.9, 0.30000000000000004) | 1 | 6 | (143, 50, 53, 125) | 10| 6.299999999999999 | 9.111570247933885 
2021-09-27 01:56:42,817 - INFO - load | 4 | (0.9, 0.4) | 1 | 14 | (1, 44, 45, 13) | 22| 11.88 | 20.045454545454547 
2021-09-27 01:56:42,826 - INFO - load | 4 | (0.9, 0.5) | 1 | 24 | (1, 73, 99, 111) | 30| 13.5 | 27.334710743801658 
2021-09-27 01:56:42,835 - INFO - load | 4 | (0.9, 0.6000000000000001) | 1 | 34 | (1, 27, 99, 111) | 33| 11.879999999999995 | 30.068181818181824 
2021-09-27 01:56:42,845 - INFO - load | 4 | (0.9, 0.7000000000000001) | 1 | 48 | (22, 27, 50, 99) | 33| 8.909999999999997 | 30.068181818181824 
2021-09-27 01:56:42,854 - INFO - load | 4 | (0.9, 0.8) | 1 | 53 | (22, 27, 50, 99) | 33| 5.939999999999998 | 30.068181818181824 
2021-09-27 01:56:42,863 - INFO - load | 4 | (0.9, 0.9) | 1 | 54 | (22, 27, 50, 99) | 33| 2.969999999999999 | 30.068181818181824 
2021-09-27 01:56:42,872 - INFO - load | 4 | (0.9, 1.0) | 1 | 54 | (22, 27, 50, 99) | 33| 0.0 | 30.068181818181824 
2021-09-27 01:56:42,881 - INFO - load | 4 | (1.0, 0.0) | 0 | 1 | {53} | 0| 0.0 | 0 
2021-09-27 01:56:42,891 - INFO - load | 4 | (1.0, 0.1) | 0 | 1 | {53} | 0| 0.0 | 0 
2021-09-27 01:56:42,901 - INFO - load | 4 | (1.0, 0.2) | 0 | 4 | {72, 53, 125, 143} | 0| 0.0 | 0 
2021-09-27 01:56:42,911 - INFO - load | 4 | (1.0, 0.30000000000000004) | 0 | 9 | (143, 53, 183, 125) | 0| 0.0 | 0 
2021-09-27 01:56:42,920 - INFO - load | 4 | (1.0, 0.4) | 0 | 20 | (169, 183, 143, 125) | 0| 0.0 | 0 
2021-09-27 01:56:42,931 - INFO - load | 4 | (1.0, 0.5) | 0 | 29 | (206, 99, 111, 125) | 0| 0.0 | 0 
2021-09-27 01:56:42,941 - INFO - load | 4 | (1.0, 0.6000000000000001) | 0 | 41 | (215, 101, 111, 125) | 0| 0.0 | 0 
2021-09-27 01:56:42,951 - INFO - load | 4 | (1.0, 0.7000000000000001) | 0 | 52 | (215, 108, 111, 125) | 0| 0.0 | 0 
2021-09-27 01:56:42,960 - INFO - load | 4 | (1.0, 0.8) | 0 | 54 | (215, 108, 111, 125) | 0| 0.0 | 0 
2021-09-27 01:56:42,970 - INFO - load | 4 | (1.0, 0.9) | 0 | 54 | (215, 108, 111, 125) | 0| 0.0 | 0 
2021-09-27 01:56:42,980 - INFO - load | 4 | (1.0, 1.0) | 0 | 54 | (215, 108, 111, 125) | 0| 0.0 | 0 
