2021-09-25 16:16:15,809 - INFO - run algo
2021-09-25 16:16:15,820 - INFO - 217
2021-09-25 16:16:15,821 - INFO - 217
2021-09-25 16:16:15,826 - INFO - load:
2021-09-25 16:16:15,826 - INFO - Finish random requester set R and supplier set S 
                             percent_R=0.25, num_R=55, len_R=55 
                             percent_S=0.25, num_S=55, len_S=54
2021-09-25 16:16:16,388 - INFO - Finish generate valuations and costs using using gamma=2.0
2021-09-25 16:16:16,756 - INFO - load | 1 | (0.0,0.0) | 55 | 0 | set() | 0| 0.0 | 0 
2021-09-25 16:16:16,756 - INFO - load | 1 | (0.0,0.0) | 55 | 0 | set() | 0| 0.0 | 0 
2021-09-25 16:16:16,757 - INFO - load | 1 | (0.0,0.0) | 55 | 0 | set() | 0| 0.0 | 0 
2021-09-25 16:16:16,757 - INFO - load | 1 | (0.0,0.0) | 55 | 0 | set() | 0| 0.0 | 0 
2021-09-25 16:16:16,757 - INFO - load | 1 | (0.0,0.0) | 55 | 0 | set() | 0| 0.0 | 0 
2021-09-25 16:16:16,757 - INFO - load | 1 | (0.0,0.0) | 55 | 0 | set() | 0| 0.0 | 0 
2021-09-25 16:16:16,757 - INFO - load | 1 | (0.2,0.0) | 55 | 0 | set() | 0| 0.0 | 0 
2021-09-25 16:16:16,758 - INFO - load | 1 | (0.2,0.04000000000000001) | 55 | 0 | set() | 0| 0.0 | 0 
2021-09-25 16:16:16,758 - INFO - load | 1 | (0.2,0.08000000000000002) | 55 | 0 | set() | 0| 0.0 | 0 
2021-09-25 16:16:16,758 - INFO - load | 1 | (0.2,0.12000000000000002) | 55 | 1 | {168} | 631| 50.47999999999999 | 631 
2021-09-25 16:16:16,758 - INFO - load | 1 | (0.2,0.16000000000000003) | 55 | 2 | (125,) | 671| 26.839999999999986 | 671 
2021-09-25 16:16:16,759 - INFO - load | 1 | (0.2,0.2) | 55 | 3 | (46,) | 787| 0.0 | 787 
2021-09-25 16:16:16,759 - INFO - load | 1 | (0.4,0.0) | 49 | 0 | set() | 0| 0.0 | 0 
2021-09-25 16:16:16,760 - INFO - load | 1 | (0.4,0.08000000000000002) | 49 | 0 | set() | 0| 0.0 | 0 
2021-09-25 16:16:16,760 - INFO - load | 1 | (0.4,0.16000000000000003) | 49 | 2 | (125,) | 560| 134.4 | 560 
2021-09-25 16:16:16,760 - INFO - load | 1 | (0.4,0.24000000000000005) | 49 | 5 | (46,) | 656| 104.95999999999998 | 656 
2021-09-25 16:16:16,761 - INFO - load | 1 | (0.4,0.32000000000000006) | 49 | 10 | (46,) | 656| 52.479999999999976 | 656 
2021-09-25 16:16:16,761 - INFO - load | 1 | (0.4,0.4) | 49 | 19 | (150,) | 787| 0.0 | 787 
2021-09-25 16:16:16,762 - INFO - load | 1 | (0.6000000000000001,0.0) | 21 | 0 | set() | 0| 0.0 | 0 
2021-09-25 16:16:16,762 - INFO - load | 1 | (0.6000000000000001,0.12000000000000002) | 21 | 1 | {168} | 101| 48.48000000000001 | 101 
2021-09-25 16:16:16,763 - INFO - load | 1 | (0.6000000000000001,0.24000000000000005) | 21 | 5 | (46,) | 189| 68.04 | 189 
2021-09-25 16:16:16,764 - INFO - load | 1 | (0.6000000000000001,0.3600000000000001) | 21 | 14 | (1,) | 227| 54.48 | 227 
2021-09-25 16:16:16,764 - INFO - load | 1 | (0.6000000000000001,0.4800000000000001) | 21 | 32 | (150,) | 271| 32.519999999999996 | 271 
2021-09-25 16:16:16,765 - INFO - load | 1 | (0.6000000000000001,0.6000000000000001) | 21 | 46 | (150,) | 271| 0.0 | 271 
2021-09-25 16:16:16,765 - INFO - load | 1 | (0.8,0.0) | 3 | 0 | set() | 0| 0.0 | 0 
2021-09-25 16:16:16,766 - INFO - load | 1 | (0.8,0.16000000000000003) | 3 | 2 | (125,) | 10| 6.4 | 10 
2021-09-25 16:16:16,767 - INFO - load | 1 | (0.8,0.32000000000000006) | 3 | 10 | (47,) | 18| 8.64 | 18 
2021-09-25 16:16:16,767 - INFO - load | 1 | (0.8,0.4800000000000001) | 3 | 32 | (150,) | 31| 9.919999999999998 | 31 
2021-09-25 16:16:16,768 - INFO - load | 1 | (0.8,0.6400000000000001) | 3 | 48 | (150,) | 31| 4.959999999999997 | 31 
2021-09-25 16:16:16,769 - INFO - load | 1 | (0.8,0.8) | 3 | 54 | (150,) | 31| 0.0 | 31 
2021-09-25 16:16:16,769 - INFO - load | 1 | (1.0,0.0) | 0 | 0 | set() | 0| 0.0 | 0 
2021-09-25 16:16:16,770 - INFO - load | 1 | (1.0,0.2) | 0 | 3 | (168,) | 0| 0.0 | 0 
2021-09-25 16:16:16,771 - INFO - load | 1 | (1.0,0.4) | 0 | 19 | (169,) | 0| 0.0 | 0 
2021-09-25 16:16:16,772 - INFO - load | 1 | (1.0,0.6000000000000001) | 0 | 46 | (214,) | 0| 0.0 | 0 
2021-09-25 16:16:16,772 - INFO - load | 1 | (1.0,0.8) | 0 | 54 | (214,) | 0| 0.0 | 0 
2021-09-25 16:16:16,773 - INFO - load | 1 | (1.0,1.0) | 0 | 54 | (214,) | 0| 0.0 | 0 
2021-09-25 16:16:16,773 - INFO - load | 2 | (0.0,0.0) | 55 | 0 | set() | 0| 0.0 | 0 
2021-09-25 16:16:16,774 - INFO - load | 2 | (0.0,0.0) | 55 | 0 | set() | 0| 0.0 | 0 
2021-09-25 16:16:16,774 - INFO - load | 2 | (0.0,0.0) | 55 | 0 | set() | 0| 0.0 | 0 
2021-09-25 16:16:16,774 - INFO - load | 2 | (0.0,0.0) | 55 | 0 | set() | 0| 0.0 | 0 
2021-09-25 16:16:16,774 - INFO - load | 2 | (0.0,0.0) | 55 | 0 | set() | 0| 0.0 | 0 
2021-09-25 16:16:16,774 - INFO - load | 2 | (0.0,0.0) | 55 | 0 | set() | 0| 0.0 | 0 
2021-09-25 16:16:16,774 - INFO - load | 2 | (0.2,0.0) | 55 | 0 | set() | 0| 0.0 | 0 
2021-09-25 16:16:16,774 - INFO - load | 2 | (0.2,0.04000000000000001) | 55 | 0 | set() | 0| 0.0 | 0 
2021-09-25 16:16:16,775 - INFO - load | 2 | (0.2,0.08000000000000002) | 55 | 0 | set() | 0| 0.0 | 0 
2021-09-25 16:16:16,775 - INFO - load | 2 | (0.2,0.12000000000000002) | 55 | 1 | {168} | 631| 50.47999999999999 | 631 
2021-09-25 16:16:16,775 - INFO - load | 2 | (0.2,0.16000000000000003) | 55 | 2 | {168, 125} | 1093| 43.71999999999998 | 1093 
2021-09-25 16:16:16,776 - INFO - load | 2 | (0.2,0.2) | 55 | 3 | (125, 46) | 1375| 0.0 | 1375 
2021-09-25 16:16:16,776 - INFO - load | 2 | (0.4,0.0) | 49 | 0 | set() | 0| 0.0 | 0 
2021-09-25 16:16:16,776 - INFO - load | 2 | (0.4,0.08000000000000002) | 49 | 0 | set() | 0| 0.0 | 0 
2021-09-25 16:16:16,776 - INFO - load | 2 | (0.4,0.16000000000000003) | 49 | 2 | {168, 125} | 898| 215.51999999999998 | 898 
2021-09-25 16:16:16,777 - INFO - load | 2 | (0.4,0.24000000000000005) | 49 | 5 | (46, 149) | 1151| 184.15999999999997 | 1151 
2021-09-25 16:16:16,777 - INFO - load | 2 | (0.4,0.32000000000000006) | 49 | 10 | (46, 49) | 1202| 96.15999999999995 | 1202 
2021-09-25 16:16:16,778 - INFO - load | 2 | (0.4,0.4) | 49 | 19 | (1, 150) | 1420| 0.0 | 1420 
2021-09-25 16:16:16,778 - INFO - load | 2 | (0.6000000000000001,0.0) | 21 | 0 | set() | 0| 0.0 | 0 
2021-09-25 16:16:16,779 - INFO - load | 2 | (0.6000000000000001,0.12000000000000002) | 21 | 1 | {168} | 101| 48.48000000000001 | 101 
2021-09-25 16:16:16,779 - INFO - load | 2 | (0.6000000000000001,0.24000000000000005) | 21 | 5 | (46, 149) | 328| 118.08000000000001 | 328 
2021-09-25 16:16:16,780 - INFO - load | 2 | (0.6000000000000001,0.3600000000000001) | 21 | 14 | (1, 46) | 396| 95.03999999999999 | 396 
2021-09-25 16:16:16,780 - INFO - load | 2 | (0.6000000000000001,0.4800000000000001) | 21 | 32 | (1, 150) | 498| 59.76 | 498 
2021-09-25 16:16:16,781 - INFO - load | 2 | (0.6000000000000001,0.6000000000000001) | 21 | 46 | (1, 150) | 498| 0.0 | 498 
2021-09-25 16:16:16,781 - INFO - load | 2 | (0.8,0.0) | 3 | 0 | set() | 0| 0.0 | 0 
2021-09-25 16:16:16,782 - INFO - load | 2 | (0.8,0.16000000000000003) | 3 | 2 | {168, 125} | 12| 7.68 | 12 
2021-09-25 16:16:16,783 - INFO - load | 2 | (0.8,0.32000000000000006) | 3 | 10 | (46, 62) | 33| 15.84 | 33 
2021-09-25 16:16:16,783 - INFO - load | 2 | (0.8,0.4800000000000001) | 3 | 32 | (150, 65) | 50| 15.999999999999998 | 50 
2021-09-25 16:16:16,784 - INFO - load | 2 | (0.8,0.6400000000000001) | 3 | 48 | (150, 109) | 55| 8.799999999999995 | 55 
2021-09-25 16:16:16,785 - INFO - load | 2 | (0.8,0.8) | 3 | 54 | (150, 109) | 55| 0.0 | 55 
2021-09-25 16:16:16,785 - INFO - load | 2 | (1.0,0.0) | 0 | 0 | set() | 0| 0.0 | 0 
2021-09-25 16:16:16,786 - INFO - load | 2 | (1.0,0.2) | 0 | 3 | (168, 125) | 0| 0.0 | 0 
2021-09-25 16:16:16,787 - INFO - load | 2 | (1.0,0.4) | 0 | 19 | (169, 156) | 0| 0.0 | 0 
2021-09-25 16:16:16,788 - INFO - load | 2 | (1.0,0.6000000000000001) | 0 | 46 | (214, 125) | 0| 0.0 | 0 
2021-09-25 16:16:16,788 - INFO - load | 2 | (1.0,0.8) | 0 | 54 | (214, 125) | 0| 0.0 | 0 
2021-09-25 16:16:16,789 - INFO - load | 2 | (1.0,1.0) | 0 | 54 | (214, 125) | 0| 0.0 | 0 
2021-09-25 16:16:16,792 - INFO - compute | 3 | (0.0,0.0) | 55 | 0 | set() | 0| 0.0 | 0.0 
2021-09-25 16:16:16,792 - INFO - load | 3 | (0.0,0.0) | 55 | 0 | set() | 0| 0.0 | 0.0 
2021-09-25 16:16:16,792 - INFO - load | 3 | (0.0,0.0) | 55 | 0 | set() | 0| 0.0 | 0.0 
2021-09-25 16:16:16,792 - INFO - load | 3 | (0.0,0.0) | 55 | 0 | set() | 0| 0.0 | 0.0 
2021-09-25 16:16:16,792 - INFO - load | 3 | (0.0,0.0) | 55 | 0 | set() | 0| 0.0 | 0.0 
2021-09-25 16:16:16,792 - INFO - load | 3 | (0.0,0.0) | 55 | 0 | set() | 0| 0.0 | 0.0 
2021-09-25 16:16:16,792 - INFO - load | 3 | (0.2,0.0) | 55 | 0 | set() | 0| 0.0 | 0.0 
2021-09-25 16:16:16,793 - INFO - load | 3 | (0.2,0.04000000000000001) | 55 | 0 | set() | 0| 0.0 | 0.0 
2021-09-25 16:16:16,793 - INFO - load | 3 | (0.2,0.08000000000000002) | 55 | 0 | set() | 0| 0.0 | 0.0 
2021-09-25 16:16:16,797 - INFO - compute | 3 | (0.2,0.12000000000000002) | 55 | 1 | {168} | 631| 50.47999999999999 | 305.5412213039487 
2021-09-25 16:16:16,803 - INFO - compute | 3 | (0.2,0.16000000000000003) | 55 | 2 | {168, 125} | 1093| 43.71999999999998 | 541.5358126721763 
2021-09-25 16:16:16,812 - INFO - compute | 3 | (0.2,0.2) | 55 | 3 | {168, 125, 46} | 1770| 0.0 | 891.3700918273645 
2021-09-25 16:16:16,814 - INFO - compute | 3 | (0.4,0.0) | 49 | 0 | set() | 0| 0.0 | 0.0 
2021-09-25 16:16:16,815 - INFO - load | 3 | (0.4,0.08000000000000002) | 49 | 0 | set() | 0| 0.0 | 0.0 
2021-09-25 16:16:16,820 - INFO - compute | 3 | (0.4,0.16000000000000003) | 49 | 2 | {168, 125} | 898| 215.51999999999998 | 470.65639118457307 
2021-09-25 16:16:16,859 - INFO - compute | 3 | (0.4,0.24000000000000005) | 49 | 5 | (168, 46, 149) | 1514| 242.23999999999995 | 807.5999816345268 
2021-09-25 16:16:17,254 - INFO - compute | 3 | (0.4,0.32000000000000006) | 49 | 10 | (46, 49, 149) | 1697| 135.75999999999993 | 921.4388888888888 
2021-09-25 16:16:20,378 - INFO - compute | 3 | (0.4,0.4) | 49 | 19 | (1, 149, 150) | 1945| 0.0 | 1070.601395775941 
2021-09-25 16:16:20,379 - INFO - compute | 3 | (0.6000000000000001,0.0) | 21 | 0 | set() | 0| 0.0 | 0.0 
2021-09-25 16:16:20,381 - INFO - compute | 3 | (0.6000000000000001,0.12000000000000002) | 21 | 1 | {168} | 101| 48.48000000000001 | 64.6018365472911 
2021-09-25 16:16:20,398 - INFO - compute | 3 | (0.6000000000000001,0.24000000000000005) | 21 | 5 | (46, 149, 125) | 431| 155.16000000000003 | 283.4419283746556 
2021-09-25 16:16:20,916 - INFO - compute | 3 | (0.6000000000000001,0.3600000000000001) | 21 | 14 | (1, 46, 49) | 544| 130.56 | 368.86704315886135 
2021-09-25 16:16:27,990 - INFO - compute | 3 | (0.6000000000000001,0.4800000000000001) | 21 | 32 | (1, 150, 49) | 655| 78.6 | 444.8439944903582 
2021-09-25 16:16:49,489 - INFO - compute | 3 | (0.6000000000000001,0.6000000000000001) | 21 | 46 | (1, 150, 205) | 658| 0.0 | 448.32768595041324 
2021-09-25 16:16:49,490 - INFO - compute | 3 | (0.8,0.0) | 3 | 0 | set() | 0| 0.0 | 0.0 
2021-09-25 16:16:49,491 - INFO - compute | 3 | (0.8,0.16000000000000003) | 3 | 2 | {168, 125} | 12| 7.68 | 9.86457300275482 
2021-09-25 16:16:49,520 - INFO - compute | 3 | (0.8,0.32000000000000006) | 3 | 10 | (46, 47, 149) | 43| 20.64 | 35.87555555555555 
2021-09-25 16:16:50,549 - INFO - compute | 3 | (0.8,0.4800000000000001) | 3 | 32 | (17, 150, 65) | 67| 21.439999999999998 | 55.670449954086315 
2021-09-25 16:16:54,133 - INFO - compute | 3 | (0.8,0.6400000000000001) | 3 | 48 | (150, 65, 109) | 74| 11.839999999999995 | 61.678089990817256 
2021-09-25 16:16:59,097 - INFO - compute | 3 | (0.8,0.8) | 3 | 54 | (150, 65, 109) | 74| 0.0 | 61.678089990817256 
2021-09-25 16:16:59,098 - INFO - compute | 3 | (1.0,0.0) | 0 | 0 | set() | 0| 0.0 | 0 
2021-09-25 16:16:59,099 - INFO - compute | 3 | (1.0,0.2) | 0 | 3 | {168, 125, 46} | 0| 0.0 | 0 
2021-09-25 16:16:59,101 - INFO - compute | 3 | (1.0,0.4) | 0 | 19 | (169, 156, 125) | 0| 0.0 | 0 
2021-09-25 16:16:59,122 - INFO - compute | 3 | (1.0,0.6000000000000001) | 0 | 46 | (214, 122, 125) | 0| 0.0 | 0 
2021-09-25 16:16:59,154 - INFO - compute | 3 | (1.0,0.8) | 0 | 54 | (214, 122, 125) | 0| 0.0 | 0 
2021-09-25 16:16:59,155 - INFO - load | 3 | (1.0,1.0) | 0 | 54 | (214, 122, 125) | 0| 0.0 | 0 
