2021-09-27 00:52:24,804 - INFO - run algo
2021-09-27 00:52:24,815 - INFO - 217
2021-09-27 00:52:24,815 - INFO - 217
2021-09-27 00:52:24,819 - INFO - load:
2021-09-27 00:52:24,819 - INFO - Finish random requester set R and supplier set S 
                             percent_R=0.25, num_R=55, len_R=55 
                             percent_S=0.25, num_S=55, len_S=54
2021-09-27 00:52:24,834 - INFO - compute | 4 | (0.0, 0.0) | 55 | 1 | {53} | 821| 0.0 | 821 
2021-09-27 00:52:24,834 - INFO - load | 4 | (0.0, 0.05) | 55 | 1 | {53} | 821| 0.0 | 821 
2021-09-27 00:52:24,834 - INFO - load | 4 | (0.0, 0.1) | 55 | 1 | {53} | 821| 0.0 | 821 
2021-09-27 00:52:24,835 - INFO - load | 4 | (0.0, 0.15000000000000002) | 55 | 1 | {53} | 821| 0.0 | 821 
2021-09-27 00:52:24,835 - INFO - load | 4 | (0.0, 0.2) | 55 | 1 | {53} | 821| 0.0 | 821 
2021-09-27 00:52:24,835 - INFO - load | 4 | (0.0, 0.25) | 55 | 1 | {53} | 821| 0.0 | 821 
2021-09-27 00:52:24,835 - INFO - load | 4 | (0.0, 0.30000000000000004) | 55 | 1 | {53} | 821| 0.0 | 821 
2021-09-27 00:52:24,835 - INFO - load | 4 | (0.0, 0.35000000000000003) | 55 | 1 | {53} | 821| 0.0 | 821 
2021-09-27 00:52:24,835 - INFO - load | 4 | (0.0, 0.4) | 55 | 1 | {53} | 821| 0.0 | 821 
2021-09-27 00:52:24,835 - INFO - load | 4 | (0.0, 0.45) | 55 | 1 | {53} | 821| 0.0 | 821 
2021-09-27 00:52:24,835 - INFO - load | 4 | (0.0, 0.5) | 55 | 1 | {53} | 821| 0.0 | 821 
2021-09-27 00:52:24,836 - INFO - load | 4 | (0.0, 0.55) | 55 | 1 | {53} | 821| 0.0 | 821 
2021-09-27 00:52:24,836 - INFO - load | 4 | (0.0, 0.6000000000000001) | 55 | 1 | {53} | 821| 0.0 | 821 
2021-09-27 00:52:24,836 - INFO - load | 4 | (0.0, 0.65) | 55 | 1 | {53} | 821| 0.0 | 821 
2021-09-27 00:52:24,836 - INFO - load | 4 | (0.0, 0.7000000000000001) | 55 | 1 | {53} | 821| 0.0 | 821 
2021-09-27 00:52:24,836 - INFO - load | 4 | (0.0, 0.75) | 55 | 1 | {53} | 821| 0.0 | 821 
2021-09-27 00:52:24,836 - INFO - load | 4 | (0.0, 0.8) | 55 | 1 | {53} | 821| 0.0 | 821 
2021-09-27 00:52:24,836 - INFO - load | 4 | (0.0, 0.8500000000000001) | 55 | 1 | {53} | 821| 0.0 | 821 
2021-09-27 00:52:24,837 - INFO - load | 4 | (0.0, 0.9) | 55 | 1 | {53} | 821| 0.0 | 821 
2021-09-27 00:52:24,837 - INFO - load | 4 | (0.0, 0.9500000000000001) | 55 | 1 | {53} | 821| 0.0 | 821 
2021-09-27 00:52:24,837 - INFO - load | 4 | (0.0, 1.0) | 55 | 1 | {53} | 821| 0.0 | 821 
2021-09-27 00:52:24,837 - INFO - load | 4 | (0.05, 0.0) | 55 | 1 | {53} | 821| 41.050000000000004 | 821 
2021-09-27 00:52:24,837 - INFO - load | 4 | (0.05, 0.05) | 55 | 1 | {53} | 821| 38.9975 | 821 
2021-09-27 00:52:24,837 - INFO - load | 4 | (0.05, 0.1) | 55 | 1 | {53} | 821| 36.945 | 821 
2021-09-27 00:52:24,838 - INFO - load | 4 | (0.05, 0.15000000000000002) | 55 | 1 | {53} | 821| 34.892500000000005 | 821 
2021-09-27 00:52:24,838 - INFO - load | 4 | (0.05, 0.2) | 55 | 1 | {53} | 821| 32.84 | 821 
2021-09-27 00:52:24,838 - INFO - load | 4 | (0.05, 0.25) | 55 | 1 | {53} | 821| 30.787500000000005 | 821 
2021-09-27 00:52:24,838 - INFO - load | 4 | (0.05, 0.30000000000000004) | 55 | 1 | {53} | 821| 28.735000000000003 | 821 
2021-09-27 00:52:24,838 - INFO - load | 4 | (0.05, 0.35000000000000003) | 55 | 1 | {53} | 821| 26.6825 | 821 
2021-09-27 00:52:24,838 - INFO - load | 4 | (0.05, 0.4) | 55 | 1 | {53} | 821| 24.63 | 821 
2021-09-27 00:52:24,838 - INFO - load | 4 | (0.05, 0.45) | 55 | 1 | {53} | 821| 22.5775 | 821 
2021-09-27 00:52:24,839 - INFO - load | 4 | (0.05, 0.5) | 55 | 1 | {53} | 821| 20.525000000000002 | 821 
2021-09-27 00:52:24,839 - INFO - load | 4 | (0.05, 0.55) | 55 | 1 | {53} | 821| 18.4725 | 821 
2021-09-27 00:52:24,839 - INFO - load | 4 | (0.05, 0.6000000000000001) | 55 | 1 | {53} | 821| 16.419999999999998 | 821 
2021-09-27 00:52:24,839 - INFO - load | 4 | (0.05, 0.65) | 55 | 1 | {53} | 821| 14.367500000000001 | 821 
2021-09-27 00:52:24,839 - INFO - load | 4 | (0.05, 0.7000000000000001) | 55 | 1 | {53} | 821| 12.315 | 821 
2021-09-27 00:52:24,839 - INFO - load | 4 | (0.05, 0.75) | 55 | 1 | {53} | 821| 10.262499999999998 | 821 
2021-09-27 00:52:24,839 - INFO - load | 4 | (0.05, 0.8) | 55 | 1 | {53} | 821| 8.209999999999996 | 821 
2021-09-27 00:52:24,840 - INFO - load | 4 | (0.05, 0.8500000000000001) | 55 | 1 | {53} | 821| 6.157499999999994 | 821 
2021-09-27 00:52:24,840 - INFO - load | 4 | (0.05, 0.9) | 55 | 1 | {53} | 821| 4.104999999999998 | 821 
2021-09-27 00:52:24,840 - INFO - load | 4 | (0.05, 0.9500000000000001) | 55 | 1 | {53} | 821| 2.052499999999996 | 821 
2021-09-27 00:52:24,840 - INFO - load | 4 | (0.05, 1.0) | 55 | 1 | {53} | 821| 0.0 | 821 
2021-09-27 00:52:24,840 - INFO - load | 4 | (0.1, 0.0) | 55 | 1 | {53} | 821| 82.10000000000001 | 821 
2021-09-27 00:52:24,841 - INFO - load | 4 | (0.1, 0.05) | 55 | 1 | {53} | 821| 77.995 | 821 
2021-09-27 00:52:24,841 - INFO - load | 4 | (0.1, 0.1) | 55 | 1 | {53} | 821| 73.89 | 821 
2021-09-27 00:52:24,841 - INFO - load | 4 | (0.1, 0.15000000000000002) | 55 | 1 | {53} | 821| 69.78500000000001 | 821 
2021-09-27 00:52:24,841 - INFO - load | 4 | (0.1, 0.2) | 55 | 1 | {53} | 821| 65.68 | 821 
2021-09-27 00:52:24,841 - INFO - load | 4 | (0.1, 0.25) | 55 | 1 | {53} | 821| 61.57500000000001 | 821 
2021-09-27 00:52:24,841 - INFO - load | 4 | (0.1, 0.30000000000000004) | 55 | 1 | {53} | 821| 57.470000000000006 | 821 
2021-09-27 00:52:24,841 - INFO - load | 4 | (0.1, 0.35000000000000003) | 55 | 1 | {53} | 821| 53.365 | 821 
2021-09-27 00:52:24,842 - INFO - load | 4 | (0.1, 0.4) | 55 | 1 | {53} | 821| 49.26 | 821 
2021-09-27 00:52:24,842 - INFO - load | 4 | (0.1, 0.45) | 55 | 1 | {53} | 821| 45.155 | 821 
2021-09-27 00:52:24,842 - INFO - load | 4 | (0.1, 0.5) | 55 | 1 | {53} | 821| 41.050000000000004 | 821 
2021-09-27 00:52:24,842 - INFO - load | 4 | (0.1, 0.55) | 55 | 1 | {53} | 821| 36.945 | 821 
2021-09-27 00:52:24,842 - INFO - load | 4 | (0.1, 0.6000000000000001) | 55 | 1 | {53} | 821| 32.839999999999996 | 821 
2021-09-27 00:52:24,842 - INFO - load | 4 | (0.1, 0.65) | 55 | 1 | {53} | 821| 28.735000000000003 | 821 
2021-09-27 00:52:24,842 - INFO - load | 4 | (0.1, 0.7000000000000001) | 55 | 1 | {53} | 821| 24.63 | 821 
2021-09-27 00:52:24,842 - INFO - load | 4 | (0.1, 0.75) | 55 | 1 | {53} | 821| 20.524999999999995 | 821 
2021-09-27 00:52:24,843 - INFO - load | 4 | (0.1, 0.8) | 55 | 1 | {53} | 821| 16.41999999999999 | 821 
2021-09-27 00:52:24,843 - INFO - load | 4 | (0.1, 0.8500000000000001) | 55 | 1 | {53} | 821| 12.314999999999989 | 821 
2021-09-27 00:52:24,843 - INFO - load | 4 | (0.1, 0.9) | 55 | 1 | {53} | 821| 8.209999999999996 | 821 
2021-09-27 00:52:24,843 - INFO - load | 4 | (0.1, 0.9500000000000001) | 55 | 1 | {53} | 821| 4.104999999999992 | 821 
2021-09-27 00:52:24,843 - INFO - load | 4 | (0.1, 1.0) | 55 | 1 | {53} | 821| 0.0 | 821 
2021-09-27 00:52:24,843 - INFO - load | 4 | (0.15000000000000002, 0.0) | 55 | 1 | {53} | 821| 123.15000000000002 | 821 
2021-09-27 00:52:24,843 - INFO - load | 4 | (0.15000000000000002, 0.05) | 55 | 1 | {53} | 821| 116.9925 | 821 
2021-09-27 00:52:24,843 - INFO - load | 4 | (0.15000000000000002, 0.1) | 55 | 1 | {53} | 821| 110.83500000000001 | 821 
2021-09-27 00:52:24,844 - INFO - load | 4 | (0.15000000000000002, 0.15000000000000002) | 55 | 1 | {53} | 821| 104.6775 | 821 
2021-09-27 00:52:24,844 - INFO - load | 4 | (0.15000000000000002, 0.2) | 55 | 1 | {53} | 821| 98.52000000000002 | 821 
2021-09-27 00:52:24,844 - INFO - load | 4 | (0.15000000000000002, 0.25) | 55 | 1 | {53} | 821| 92.36250000000001 | 821 
2021-09-27 00:52:24,844 - INFO - load | 4 | (0.15000000000000002, 0.30000000000000004) | 55 | 1 | {53} | 821| 86.20500000000001 | 821 
2021-09-27 00:52:24,844 - INFO - load | 4 | (0.15000000000000002, 0.35000000000000003) | 55 | 1 | {53} | 821| 80.0475 | 821 
2021-09-27 00:52:24,844 - INFO - load | 4 | (0.15000000000000002, 0.4) | 55 | 1 | {53} | 821| 73.89000000000001 | 821 
2021-09-27 00:52:24,844 - INFO - load | 4 | (0.15000000000000002, 0.45) | 55 | 1 | {53} | 821| 67.7325 | 821 
2021-09-27 00:52:24,845 - INFO - load | 4 | (0.15000000000000002, 0.5) | 55 | 1 | {53} | 821| 61.57500000000001 | 821 
2021-09-27 00:52:24,845 - INFO - load | 4 | (0.15000000000000002, 0.55) | 55 | 1 | {53} | 821| 55.417500000000004 | 821 
2021-09-27 00:52:24,845 - INFO - load | 4 | (0.15000000000000002, 0.6000000000000001) | 55 | 1 | {53} | 821| 49.26 | 821 
2021-09-27 00:52:24,845 - INFO - load | 4 | (0.15000000000000002, 0.65) | 55 | 1 | {53} | 821| 43.102500000000006 | 821 
2021-09-27 00:52:24,845 - INFO - load | 4 | (0.15000000000000002, 0.7000000000000001) | 55 | 1 | {53} | 821| 36.945 | 821 
2021-09-27 00:52:24,845 - INFO - load | 4 | (0.15000000000000002, 0.75) | 55 | 1 | {53} | 821| 30.787500000000005 | 821 
2021-09-27 00:52:24,845 - INFO - load | 4 | (0.15000000000000002, 0.8) | 55 | 1 | {53} | 821| 24.63 | 821 
2021-09-27 00:52:24,853 - INFO - compute | 4 | (0.15000000000000002, 0.8500000000000001) | 55 | 2 | {125, 53} | 1455| 32.73749999999999 | 1455 
2021-09-27 00:52:24,864 - INFO - compute | 4 | (0.15000000000000002, 0.9) | 55 | 3 | {72, 125, 53} | 1858| 27.869999999999973 | 1858 
2021-09-27 00:52:24,866 - INFO - load | 4 | (0.15000000000000002, 0.9500000000000001) | 55 | 3 | {72, 125, 53} | 1858| 13.934999999999961 | 1858 
2021-09-27 00:52:24,868 - INFO - load | 4 | (0.15000000000000002, 1.0) | 55 | 3 | {72, 125, 53} | 1858| 0.0 | 1858 
2021-09-27 00:52:24,868 - INFO - load | 4 | (0.2, 0.0) | 55 | 1 | {53} | 821| 164.20000000000002 | 821 
2021-09-27 00:52:24,868 - INFO - load | 4 | (0.2, 0.05) | 55 | 1 | {53} | 821| 155.99 | 821 
2021-09-27 00:52:24,869 - INFO - load | 4 | (0.2, 0.1) | 55 | 1 | {53} | 821| 147.78 | 821 
2021-09-27 00:52:24,869 - INFO - load | 4 | (0.2, 0.15000000000000002) | 55 | 1 | {53} | 821| 139.57000000000002 | 821 
2021-09-27 00:52:24,869 - INFO - load | 4 | (0.2, 0.2) | 55 | 1 | {53} | 821| 131.36 | 821 
2021-09-27 00:52:24,869 - INFO - load | 4 | (0.2, 0.25) | 55 | 1 | {53} | 821| 123.15000000000002 | 821 
2021-09-27 00:52:24,869 - INFO - load | 4 | (0.2, 0.30000000000000004) | 55 | 1 | {53} | 821| 114.94000000000001 | 821 
2021-09-27 00:52:24,869 - INFO - load | 4 | (0.2, 0.35000000000000003) | 55 | 1 | {53} | 821| 106.73 | 821 
2021-09-27 00:52:24,870 - INFO - load | 4 | (0.2, 0.4) | 55 | 1 | {53} | 821| 98.52 | 821 
2021-09-27 00:52:24,870 - INFO - load | 4 | (0.2, 0.45) | 55 | 1 | {53} | 821| 90.31 | 821 
2021-09-27 00:52:24,870 - INFO - load | 4 | (0.2, 0.5) | 55 | 1 | {53} | 821| 82.10000000000001 | 821 
2021-09-27 00:52:24,870 - INFO - load | 4 | (0.2, 0.55) | 55 | 1 | {53} | 821| 73.89 | 821 
2021-09-27 00:52:24,870 - INFO - load | 4 | (0.2, 0.6000000000000001) | 55 | 1 | {53} | 821| 65.67999999999999 | 821 
2021-09-27 00:52:24,872 - INFO - load | 4 | (0.2, 0.65) | 55 | 3 | {72, 125, 53} | 1858| 130.06 | 1858 
2021-09-27 00:52:24,875 - INFO - load | 4 | (0.2, 0.7000000000000001) | 55 | 3 | {72, 125, 53} | 1858| 111.47999999999999 | 1858 
2021-09-27 00:52:24,877 - INFO - load | 4 | (0.2, 0.75) | 55 | 3 | {72, 125, 53} | 1858| 92.89999999999998 | 1858 
2021-09-27 00:52:24,879 - INFO - load | 4 | (0.2, 0.8) | 55 | 3 | {72, 125, 53} | 1858| 74.31999999999996 | 1858 
2021-09-27 00:52:24,881 - INFO - load | 4 | (0.2, 0.8500000000000001) | 55 | 3 | {72, 125, 53} | 1858| 55.739999999999945 | 1858 
2021-09-27 00:52:24,883 - INFO - load | 4 | (0.2, 0.9) | 55 | 3 | {72, 125, 53} | 1858| 37.15999999999998 | 1858 
2021-09-27 00:52:24,885 - INFO - load | 4 | (0.2, 0.9500000000000001) | 55 | 3 | {72, 125, 53} | 1858| 18.579999999999966 | 1858 
2021-09-27 00:52:24,898 - INFO - compute | 4 | (0.2, 1.0) | 55 | 4 | {72, 125, 53, 143} | 2358| 0.0 | 2358 
2021-09-27 00:52:24,898 - INFO - load | 4 | (0.25, 0.0) | 55 | 1 | {53} | 821| 205.25 | 821 
2021-09-27 00:52:24,898 - INFO - load | 4 | (0.25, 0.05) | 55 | 1 | {53} | 821| 194.98749999999998 | 821 
2021-09-27 00:52:24,898 - INFO - load | 4 | (0.25, 0.1) | 55 | 1 | {53} | 821| 184.725 | 821 
2021-09-27 00:52:24,898 - INFO - load | 4 | (0.25, 0.15000000000000002) | 55 | 1 | {53} | 821| 174.4625 | 821 
2021-09-27 00:52:24,898 - INFO - load | 4 | (0.25, 0.2) | 55 | 1 | {53} | 821| 164.20000000000002 | 821 
2021-09-27 00:52:24,898 - INFO - load | 4 | (0.25, 0.25) | 55 | 1 | {53} | 821| 153.9375 | 821 
2021-09-27 00:52:24,899 - INFO - load | 4 | (0.25, 0.30000000000000004) | 55 | 1 | {53} | 821| 143.67499999999998 | 821 
2021-09-27 00:52:24,899 - INFO - load | 4 | (0.25, 0.35000000000000003) | 55 | 1 | {53} | 821| 133.4125 | 821 
2021-09-27 00:52:24,899 - INFO - load | 4 | (0.25, 0.4) | 55 | 1 | {53} | 821| 123.14999999999999 | 821 
2021-09-27 00:52:24,899 - INFO - load | 4 | (0.25, 0.45) | 55 | 1 | {53} | 821| 112.8875 | 821 
2021-09-27 00:52:24,901 - INFO - load | 4 | (0.25, 0.5) | 55 | 2 | {125, 53} | 1455| 181.875 | 1455 
2021-09-27 00:52:24,903 - INFO - load | 4 | (0.25, 0.55) | 55 | 3 | {72, 125, 53} | 1858| 209.02499999999998 | 1858 
2021-09-27 00:52:24,905 - INFO - load | 4 | (0.25, 0.6000000000000001) | 55 | 3 | {72, 125, 53} | 1858| 185.79999999999995 | 1858 
2021-09-27 00:52:24,907 - INFO - load | 4 | (0.25, 0.65) | 55 | 3 | {72, 125, 53} | 1858| 162.575 | 1858 
2021-09-27 00:52:24,910 - INFO - load | 4 | (0.25, 0.7000000000000001) | 55 | 3 | {72, 125, 53} | 1858| 139.34999999999997 | 1858 
2021-09-27 00:52:24,912 - INFO - load | 4 | (0.25, 0.75) | 55 | 3 | {72, 125, 53} | 1858| 116.125 | 1858 
2021-09-27 00:52:24,915 - INFO - load | 4 | (0.25, 0.8) | 55 | 4 | {72, 125, 53, 143} | 2358| 117.89999999999998 | 2358 
2021-09-27 00:52:24,917 - INFO - load | 4 | (0.25, 0.8500000000000001) | 55 | 4 | {72, 125, 53, 143} | 2358| 88.42499999999995 | 2358 
2021-09-27 00:52:24,920 - INFO - load | 4 | (0.25, 0.9) | 55 | 4 | {72, 125, 53, 143} | 2358| 58.94999999999999 | 2358 
2021-09-27 00:52:24,953 - INFO - compute | 4 | (0.25, 0.9500000000000001) | 55 | 5 | (72, 143, 50, 53) | 2441| 30.51249999999996 | 1163.296822773186 
2021-09-27 00:52:24,956 - INFO - load | 4 | (0.25, 1.0) | 55 | 5 | (72, 143, 50, 53) | 2441| 0.0 | 1163.296822773186 
2021-09-27 00:52:24,964 - INFO - compute | 4 | (0.30000000000000004, 0.0) | 54 | 1 | {53} | 793| 237.90000000000003 | 793 
2021-09-27 00:52:24,967 - INFO - load | 4 | (0.30000000000000004, 0.05) | 54 | 1 | {53} | 793| 226.00500000000002 | 793 
2021-09-27 00:52:24,970 - INFO - load | 4 | (0.30000000000000004, 0.1) | 54 | 1 | {53} | 793| 214.11 | 793 
2021-09-27 00:52:24,973 - INFO - load | 4 | (0.30000000000000004, 0.15000000000000002) | 54 | 1 | {53} | 793| 202.215 | 793 
2021-09-27 00:52:24,977 - INFO - load | 4 | (0.30000000000000004, 0.2) | 54 | 1 | {53} | 793| 190.32000000000005 | 793 
2021-09-27 00:52:24,980 - INFO - load | 4 | (0.30000000000000004, 0.25) | 54 | 1 | {53} | 793| 178.42500000000004 | 793 
2021-09-27 00:52:24,983 - INFO - load | 4 | (0.30000000000000004, 0.30000000000000004) | 54 | 1 | {53} | 793| 166.53000000000003 | 793 
2021-09-27 00:52:24,986 - INFO - load | 4 | (0.30000000000000004, 0.35000000000000003) | 54 | 1 | {53} | 793| 154.63500000000002 | 793 
2021-09-27 00:52:24,990 - INFO - load | 4 | (0.30000000000000004, 0.4) | 54 | 1 | {53} | 793| 142.74 | 793 
2021-09-27 00:52:25,001 - INFO - compute | 4 | (0.30000000000000004, 0.45) | 54 | 3 | {72, 125, 53} | 1798| 296.67 | 1798 
2021-09-27 00:52:25,005 - INFO - load | 4 | (0.30000000000000004, 0.5) | 54 | 3 | {72, 125, 53} | 1798| 269.70000000000005 | 1798 
2021-09-27 00:52:25,009 - INFO - load | 4 | (0.30000000000000004, 0.55) | 54 | 3 | {72, 125, 53} | 1798| 242.73000000000002 | 1798 
2021-09-27 00:52:25,012 - INFO - load | 4 | (0.30000000000000004, 0.6000000000000001) | 54 | 3 | {72, 125, 53} | 1798| 215.76 | 1798 
2021-09-27 00:52:25,016 - INFO - load | 4 | (0.30000000000000004, 0.65) | 54 | 3 | {72, 125, 53} | 1798| 188.79000000000002 | 1798 
2021-09-27 00:52:25,029 - INFO - compute | 4 | (0.30000000000000004, 0.7000000000000001) | 54 | 4 | {72, 125, 53, 143} | 2283| 205.47 | 2283 
2021-09-27 00:52:25,033 - INFO - load | 4 | (0.30000000000000004, 0.75) | 54 | 4 | {72, 125, 53, 143} | 2283| 171.22500000000002 | 2283 
2021-09-27 00:52:25,065 - INFO - compute | 4 | (0.30000000000000004, 0.8) | 54 | 5 | (72, 143, 50, 53) | 2363| 141.78 | 1142.5970982552797 
2021-09-27 00:52:25,069 - INFO - load | 4 | (0.30000000000000004, 0.8500000000000001) | 54 | 5 | (72, 143, 50, 53) | 2363| 106.33499999999997 | 1142.5970982552797 
2021-09-27 00:52:25,148 - INFO - compute | 4 | (0.30000000000000004, 0.9) | 54 | 6 | (72, 143, 50, 53) | 2363| 70.88999999999993 | 1142.5970982552797 
2021-09-27 00:52:25,317 - INFO - compute | 4 | (0.30000000000000004, 0.9500000000000001) | 54 | 7 | (72, 44, 143, 53) | 2536| 38.03999999999989 | 1232.7522405876955 
2021-09-27 00:52:25,891 - INFO - compute | 4 | (0.30000000000000004, 1.0) | 54 | 9 | (44, 45, 143, 53) | 2633| 0.0 | 1295.150505050505 
2021-09-27 00:52:25,899 - INFO - compute | 4 | (0.35000000000000003, 0.0) | 52 | 1 | {53} | 744| 260.40000000000003 | 744 
2021-09-27 00:52:25,902 - INFO - load | 4 | (0.35000000000000003, 0.05) | 52 | 1 | {53} | 744| 247.38000000000002 | 744 
2021-09-27 00:52:25,906 - INFO - load | 4 | (0.35000000000000003, 0.1) | 52 | 1 | {53} | 744| 234.36000000000004 | 744 
2021-09-27 00:52:25,910 - INFO - load | 4 | (0.35000000000000003, 0.15000000000000002) | 52 | 1 | {53} | 744| 221.34000000000003 | 744 
2021-09-27 00:52:25,914 - INFO - load | 4 | (0.35000000000000003, 0.2) | 52 | 1 | {53} | 744| 208.32000000000002 | 744 
2021-09-27 00:52:25,917 - INFO - load | 4 | (0.35000000000000003, 0.25) | 52 | 1 | {53} | 744| 195.3 | 744 
2021-09-27 00:52:25,921 - INFO - load | 4 | (0.35000000000000003, 0.30000000000000004) | 52 | 1 | {53} | 744| 182.28 | 744 
2021-09-27 00:52:25,925 - INFO - load | 4 | (0.35000000000000003, 0.35000000000000003) | 52 | 1 | {53} | 744| 169.26000000000002 | 744 
2021-09-27 00:52:25,937 - INFO - compute | 4 | (0.35000000000000003, 0.4) | 52 | 3 | {72, 125, 53} | 1685| 353.85 | 1685 
2021-09-27 00:52:25,941 - INFO - load | 4 | (0.35000000000000003, 0.45) | 52 | 3 | {72, 125, 53} | 1685| 324.3625 | 1685 
2021-09-27 00:52:25,944 - INFO - load | 4 | (0.35000000000000003, 0.5) | 52 | 3 | {72, 125, 53} | 1685| 294.875 | 1685 
2021-09-27 00:52:25,948 - INFO - load | 4 | (0.35000000000000003, 0.55) | 52 | 3 | {72, 125, 53} | 1685| 265.3875 | 1685 
2021-09-27 00:52:25,962 - INFO - compute | 4 | (0.35000000000000003, 0.6000000000000001) | 52 | 4 | {72, 125, 53, 143} | 2142| 299.88 | 2142 
2021-09-27 00:52:25,966 - INFO - load | 4 | (0.35000000000000003, 0.65) | 52 | 4 | {72, 125, 53, 143} | 2142| 262.395 | 2142 
2021-09-27 00:52:25,997 - INFO - compute | 4 | (0.35000000000000003, 0.7000000000000001) | 52 | 5 | (72, 143, 50, 53) | 2218| 232.88999999999996 | 1097.763957759412 
2021-09-27 00:52:26,002 - INFO - load | 4 | (0.35000000000000003, 0.75) | 52 | 5 | (72, 143, 50, 53) | 2218| 194.07500000000005 | 1097.763957759412 
2021-09-27 00:52:26,167 - INFO - compute | 4 | (0.35000000000000003, 0.8) | 52 | 7 | (72, 44, 143, 53) | 2380| 166.60000000000002 | 1184.5195224977044 
2021-09-27 00:52:26,725 - INFO - compute | 4 | (0.35000000000000003, 0.8500000000000001) | 52 | 9 | (44, 45, 143, 53) | 2476| 129.98999999999998 | 1246.606896235078 
2021-09-27 00:52:27,635 - INFO - compute | 4 | (0.35000000000000003, 0.9) | 52 | 10 | (44, 45, 143, 53) | 2476| 86.65999999999994 | 1246.606896235078 
2021-09-27 00:52:29,048 - INFO - compute | 4 | (0.35000000000000003, 0.9500000000000001) | 52 | 11 | (44, 45, 143, 53) | 2476| 43.3299999999999 | 1246.606896235078 
2021-09-27 00:52:33,427 - INFO - compute | 4 | (0.35000000000000003, 1.0) | 52 | 14 | (1, 13, 143, 53) | 2558| 0.0 | 1293.6129017447197 
2021-09-27 00:52:33,435 - INFO - compute | 4 | (0.4, 0.0) | 48 | 1 | {53} | 655| 262.0 | 655 
2021-09-27 00:52:33,439 - INFO - load | 4 | (0.4, 0.05) | 48 | 1 | {53} | 655| 248.9 | 655 
2021-09-27 00:52:33,443 - INFO - load | 4 | (0.4, 0.1) | 48 | 1 | {53} | 655| 235.79999999999998 | 655 
2021-09-27 00:52:33,447 - INFO - load | 4 | (0.4, 0.15000000000000002) | 48 | 1 | {53} | 655| 222.70000000000002 | 655 
2021-09-27 00:52:33,451 - INFO - load | 4 | (0.4, 0.2) | 48 | 1 | {53} | 655| 209.6 | 655 
2021-09-27 00:52:33,456 - INFO - load | 4 | (0.4, 0.25) | 48 | 1 | {53} | 655| 196.50000000000003 | 655 
2021-09-27 00:52:33,460 - INFO - load | 4 | (0.4, 0.30000000000000004) | 48 | 1 | {53} | 655| 183.4 | 655 
2021-09-27 00:52:33,471 - INFO - compute | 4 | (0.4, 0.35000000000000003) | 48 | 3 | {72, 125, 53} | 1478| 384.28000000000003 | 1478 
2021-09-27 00:52:33,476 - INFO - load | 4 | (0.4, 0.4) | 48 | 3 | {72, 125, 53} | 1478| 354.71999999999997 | 1478 
2021-09-27 00:52:33,480 - INFO - load | 4 | (0.4, 0.45) | 48 | 3 | {72, 125, 53} | 1478| 325.16 | 1478 
2021-09-27 00:52:33,495 - INFO - compute | 4 | (0.4, 0.5) | 48 | 4 | {72, 125, 53, 143} | 1881| 376.20000000000005 | 1881 
2021-09-27 00:52:33,500 - INFO - load | 4 | (0.4, 0.55) | 48 | 4 | {72, 125, 53, 143} | 1881| 338.58 | 1881 
2021-09-27 00:52:33,531 - INFO - compute | 4 | (0.4, 0.6000000000000001) | 48 | 5 | (72, 143, 50, 53) | 1949| 311.84 | 996.1893296602384 
2021-09-27 00:52:33,536 - INFO - load | 4 | (0.4, 0.65) | 48 | 5 | (72, 143, 50, 53) | 1949| 272.86 | 996.1893296602384 
2021-09-27 00:52:33,688 - INFO - compute | 4 | (0.4, 0.7000000000000001) | 48 | 7 | (72, 44, 143, 53) | 2102| 252.23999999999998 | 1079.5465013774106 
2021-09-27 00:52:34,203 - INFO - compute | 4 | (0.4, 0.75) | 48 | 9 | (44, 45, 143, 53) | 2197| 219.69999999999996 | 1141.2591827364554 
2021-09-27 00:52:35,049 - INFO - compute | 4 | (0.4, 0.8) | 48 | 10 | (44, 45, 143, 53) | 2197| 175.7599999999999 | 1141.2591827364554 
2021-09-27 00:52:37,034 - INFO - compute | 4 | (0.4, 0.8500000000000001) | 48 | 12 | (45, 13, 143, 53) | 2253| 135.17999999999986 | 1178.2118457300273 
2021-09-27 00:52:40,991 - INFO - compute | 4 | (0.4, 0.9) | 48 | 14 | (1, 13, 143, 53) | 2274| 90.95999999999995 | 1186.4513223140493 
2021-09-27 00:52:46,349 - INFO - compute | 4 | (0.4, 0.9500000000000001) | 48 | 15 | (1, 13, 143, 53) | 2274| 45.47999999999991 | 1186.4513223140493 
2021-09-27 00:53:06,123 - INFO - compute | 4 | (0.4, 1.0) | 48 | 20 | (99, 13, 53, 143) | 2396| 0.0 | 1260.5139393939396 
2021-09-27 00:53:06,132 - INFO - compute | 4 | (0.45, 0.0) | 34 | 1 | {53} | 404| 181.8 | 404 
2021-09-27 00:53:06,138 - INFO - load | 4 | (0.45, 0.05) | 34 | 1 | {53} | 404| 172.71 | 404 
2021-09-27 00:53:06,144 - INFO - load | 4 | (0.45, 0.1) | 34 | 1 | {53} | 404| 163.62 | 404 
2021-09-27 00:53:06,149 - INFO - load | 4 | (0.45, 0.15000000000000002) | 34 | 1 | {53} | 404| 154.53 | 404 
2021-09-27 00:53:06,155 - INFO - load | 4 | (0.45, 0.2) | 34 | 1 | {53} | 404| 145.44 | 404 
2021-09-27 00:53:06,160 - INFO - load | 4 | (0.45, 0.25) | 34 | 1 | {53} | 404| 136.35000000000002 | 404 
2021-09-27 00:53:06,172 - INFO - compute | 4 | (0.45, 0.30000000000000004) | 34 | 3 | {72, 125, 53} | 897| 282.55499999999995 | 897 
2021-09-27 00:53:06,177 - INFO - load | 4 | (0.45, 0.35000000000000003) | 34 | 3 | {72, 125, 53} | 897| 262.3725 | 897 
2021-09-27 00:53:06,183 - INFO - load | 4 | (0.45, 0.4) | 34 | 3 | {72, 125, 53} | 897| 242.19000000000003 | 897 
2021-09-27 00:53:06,195 - INFO - compute | 4 | (0.45, 0.45) | 34 | 4 | {72, 125, 53, 143} | 1131| 279.9225 | 1131 
2021-09-27 00:53:06,201 - INFO - load | 4 | (0.45, 0.5) | 34 | 4 | {72, 125, 53, 143} | 1131| 254.475 | 1131 
2021-09-27 00:53:06,230 - INFO - compute | 4 | (0.45, 0.55) | 34 | 5 | (72, 143, 50, 53) | 1175| 237.93749999999997 | 667.4064554637281 
2021-09-27 00:53:06,290 - INFO - compute | 4 | (0.45, 0.6000000000000001) | 34 | 6 | (72, 143, 50, 53) | 1175| 211.49999999999991 | 667.4064554637281 
2021-09-27 00:53:06,536 - INFO - compute | 4 | (0.45, 0.65) | 34 | 8 | (44, 45, 143, 53) | 1355| 213.41249999999997 | 783.3995224977044 
2021-09-27 00:53:07,178 - INFO - compute | 4 | (0.45, 0.7000000000000001) | 34 | 10 | (44, 45, 143, 53) | 1355| 182.92499999999993 | 783.3995224977044 
2021-09-27 00:53:08,639 - INFO - compute | 4 | (0.45, 0.75) | 34 | 12 | (45, 13, 143, 53) | 1387| 156.0375 | 809.9763085399449 
2021-09-27 00:53:12,434 - INFO - compute | 4 | (0.45, 0.8) | 34 | 14 | (45, 13, 143, 53) | 1387| 124.82999999999996 | 809.9763085399449 
2021-09-27 00:53:16,721 - INFO - compute | 4 | (0.45, 0.8500000000000001) | 34 | 15 | (45, 13, 143, 53) | 1387| 93.62249999999993 | 809.9763085399449 
2021-09-27 00:53:30,569 - INFO - compute | 4 | (0.45, 0.9) | 34 | 20 | (99, 13, 53, 143) | 1502| 67.58999999999997 | 880.2239761248852 
2021-09-27 00:53:51,458 - INFO - compute | 4 | (0.45, 0.9500000000000001) | 34 | 22 | (1, 143, 99, 111) | 1486| 33.434999999999945 | 880.2413774104682 
2021-09-27 00:54:22,043 - INFO - compute | 4 | (0.45, 1.0) | 34 | 24 | (1, 143, 99, 111) | 1486| 0.0 | 880.2413774104682 
2021-09-27 00:54:22,050 - INFO - compute | 4 | (0.5, 0.0) | 27 | 1 | {53} | 272| 136.0 | 272 
2021-09-27 00:54:22,055 - INFO - load | 4 | (0.5, 0.05) | 27 | 1 | {53} | 272| 129.2 | 272 
2021-09-27 00:54:22,060 - INFO - load | 4 | (0.5, 0.1) | 27 | 1 | {53} | 272| 122.4 | 272 
2021-09-27 00:54:22,065 - INFO - load | 4 | (0.5, 0.15000000000000002) | 27 | 1 | {53} | 272| 115.6 | 272 
2021-09-27 00:54:22,072 - INFO - load | 4 | (0.5, 0.2) | 27 | 1 | {53} | 272| 108.80000000000001 | 272 
2021-09-27 00:54:22,080 - INFO - compute | 4 | (0.5, 0.25) | 27 | 2 | {125, 53} | 477| 178.875 | 477 
2021-09-27 00:54:22,089 - INFO - compute | 4 | (0.5, 0.30000000000000004) | 27 | 3 | {72, 125, 53} | 608| 212.79999999999998 | 608 
2021-09-27 00:54:22,094 - INFO - load | 4 | (0.5, 0.35000000000000003) | 27 | 3 | {72, 125, 53} | 608| 197.59999999999997 | 608 
2021-09-27 00:54:22,104 - INFO - compute | 4 | (0.5, 0.4) | 27 | 4 | {72, 125, 53, 143} | 771| 231.29999999999998 | 771 
2021-09-27 00:54:22,109 - INFO - load | 4 | (0.5, 0.45) | 27 | 4 | {72, 125, 53, 143} | 771| 212.025 | 771 
2021-09-27 00:54:22,128 - INFO - compute | 4 | (0.5, 0.5) | 27 | 5 | (72, 143, 50, 53) | 801| 200.25 | 484.7459779614325 
2021-09-27 00:54:22,217 - INFO - compute | 4 | (0.5, 0.55) | 27 | 7 | (72, 44, 143, 53) | 885| 199.12499999999997 | 537.5725160697888 
2021-09-27 00:54:22,512 - INFO - compute | 4 | (0.5, 0.6000000000000001) | 27 | 9 | (44, 45, 143, 53) | 956| 191.19999999999996 | 588.5383195592287 
2021-09-27 00:54:22,996 - INFO - compute | 4 | (0.5, 0.65) | 27 | 10 | (44, 45, 143, 53) | 956| 167.29999999999998 | 588.5383195592287 
2021-09-27 00:54:25,261 - INFO - compute | 4 | (0.5, 0.7000000000000001) | 27 | 14 | (1, 13, 143, 53) | 1014| 152.09999999999997 | 626.9158494031221 
2021-09-27 00:54:28,333 - INFO - compute | 4 | (0.5, 0.75) | 27 | 15 | (1, 13, 143, 53) | 1014| 126.75 | 626.9158494031221 
2021-09-27 00:54:39,181 - INFO - compute | 4 | (0.5, 0.8) | 27 | 20 | (99, 13, 53, 143) | 1094| 109.39999999999998 | 680.7915426997245 
2021-09-27 00:54:56,778 - INFO - compute | 4 | (0.5, 0.8500000000000001) | 27 | 22 | (1, 143, 99, 111) | 1108| 83.09999999999995 | 695.7557943067034 
2021-09-27 00:55:22,289 - INFO - compute | 4 | (0.5, 0.9) | 27 | 24 | (1, 143, 99, 111) | 1108| 55.399999999999984 | 695.7557943067034 
2021-09-27 00:55:57,201 - INFO - compute | 4 | (0.5, 0.9500000000000001) | 27 | 26 | (1, 143, 99, 111) | 1108| 27.699999999999964 | 695.7557943067034 
2021-09-27 00:56:54,446 - INFO - compute | 4 | (0.5, 1.0) | 27 | 29 | (1, 143, 99, 111) | 1108| 0.0 | 695.7557943067034 
2021-09-27 00:56:54,453 - INFO - compute | 4 | (0.55, 0.0) | 21 | 1 | {53} | 184| 101.2 | 184 
2021-09-27 00:56:54,459 - INFO - load | 4 | (0.55, 0.05) | 21 | 1 | {53} | 184| 96.14000000000001 | 184 
2021-09-27 00:56:54,466 - INFO - load | 4 | (0.55, 0.1) | 21 | 1 | {53} | 184| 91.08000000000001 | 184 
2021-09-27 00:56:54,472 - INFO - load | 4 | (0.55, 0.15000000000000002) | 21 | 1 | {53} | 184| 86.02000000000001 | 184 
2021-09-27 00:56:54,478 - INFO - load | 4 | (0.55, 0.2) | 21 | 1 | {53} | 184| 80.96000000000001 | 184 
2021-09-27 00:56:54,488 - INFO - compute | 4 | (0.55, 0.25) | 21 | 3 | {72, 125, 53} | 392| 161.70000000000002 | 392 
2021-09-27 00:56:54,494 - INFO - load | 4 | (0.55, 0.30000000000000004) | 21 | 3 | {72, 125, 53} | 392| 150.92000000000002 | 392 
2021-09-27 00:56:54,501 - INFO - load | 4 | (0.55, 0.35000000000000003) | 21 | 3 | {72, 125, 53} | 392| 140.14000000000001 | 392 
2021-09-27 00:56:54,512 - INFO - compute | 4 | (0.55, 0.4) | 21 | 4 | {72, 125, 53, 143} | 488| 161.04000000000002 | 488 
2021-09-27 00:56:54,531 - INFO - compute | 4 | (0.55, 0.45) | 21 | 5 | (72, 143, 50, 53) | 521| 157.6025 | 340.57938475665753 
2021-09-27 00:56:54,610 - INFO - compute | 4 | (0.55, 0.5) | 21 | 7 | (44, 143, 50, 53) | 585| 160.875 | 384.037722681359 
2021-09-27 00:56:54,855 - INFO - compute | 4 | (0.55, 0.55) | 21 | 9 | (44, 45, 143, 53) | 659| 163.1025 | 435.71966023875126 
2021-09-27 00:56:55,251 - INFO - compute | 4 | (0.55, 0.6000000000000001) | 21 | 10 | (44, 45, 143, 53) | 659| 144.98 | 435.71966023875126 
2021-09-27 00:56:57,143 - INFO - compute | 4 | (0.55, 0.65) | 21 | 14 | (1, 45, 13, 143) | 719| 138.4075 | 481.9894398530763 
2021-09-27 00:57:00,481 - INFO - compute | 4 | (0.55, 0.7000000000000001) | 21 | 16 | (1, 99, 13, 143) | 767| 126.55499999999998 | 515.2167401285584 
2021-09-27 00:57:13,974 - INFO - compute | 4 | (0.55, 0.75) | 21 | 22 | (1, 143, 99, 111) | 797| 109.5875 | 535.8943893480257 
2021-09-27 00:57:30,061 - INFO - compute | 4 | (0.55, 0.8) | 21 | 23 | (1, 143, 99, 111) | 797| 87.66999999999999 | 535.8943893480257 
2021-09-27 00:57:56,762 - INFO - compute | 4 | (0.55, 0.8500000000000001) | 21 | 26 | (1, 143, 99, 111) | 797| 65.75249999999997 | 535.8943893480257 
2021-09-27 00:58:38,865 - INFO - compute | 4 | (0.55, 0.9) | 21 | 29 | (1, 143, 99, 111) | 797| 43.834999999999994 | 535.8943893480257 
2021-09-27 00:59:50,921 - INFO - compute | 4 | (0.55, 0.9500000000000001) | 21 | 33 | (1, 143, 27, 111) | 860| 23.649999999999974 | 579.5726629935721 
2021-09-27 01:01:13,464 - INFO - compute | 4 | (0.55, 1.0) | 21 | 34 | (1, 143, 27, 111) | 860| 0.0 | 579.5726629935721 
2021-09-27 01:01:13,472 - INFO - compute | 4 | (0.6000000000000001, 0.0) | 17 | 1 | {53} | 123| 73.80000000000001 | 123 
2021-09-27 01:01:13,478 - INFO - load | 4 | (0.6000000000000001, 0.05) | 17 | 1 | {53} | 123| 70.11000000000001 | 123 
2021-09-27 01:01:13,485 - INFO - load | 4 | (0.6000000000000001, 0.1) | 17 | 1 | {53} | 123| 66.42 | 123 
2021-09-27 01:01:13,491 - INFO - load | 4 | (0.6000000000000001, 0.15000000000000002) | 17 | 1 | {53} | 123| 62.730000000000004 | 123 
2021-09-27 01:01:13,497 - INFO - load | 4 | (0.6000000000000001, 0.2) | 17 | 1 | {53} | 123| 59.04000000000001 | 123 
2021-09-27 01:01:13,506 - INFO - compute | 4 | (0.6000000000000001, 0.25) | 17 | 3 | {72, 125, 53} | 272| 122.40000000000002 | 272 
2021-09-27 01:01:13,512 - INFO - load | 4 | (0.6000000000000001, 0.30000000000000004) | 17 | 3 | {72, 125, 53} | 272| 114.24000000000001 | 272 
2021-09-27 01:01:13,522 - INFO - compute | 4 | (0.6000000000000001, 0.35000000000000003) | 17 | 4 | {72, 125, 53, 143} | 344| 134.16 | 344 
2021-09-27 01:01:13,537 - INFO - compute | 4 | (0.6000000000000001, 0.4) | 17 | 5 | (72, 143, 50, 53) | 368| 132.48000000000002 | 251.6192194674013 
2021-09-27 01:01:13,568 - INFO - compute | 4 | (0.6000000000000001, 0.45) | 17 | 6 | (72, 143, 50, 53) | 368| 121.44000000000001 | 251.6192194674013 
2021-09-27 01:01:13,763 - INFO - compute | 4 | (0.6000000000000001, 0.5) | 17 | 9 | (44, 45, 143, 53) | 480| 144.00000000000003 | 331.60038567493115 
2021-09-27 01:01:14,091 - INFO - compute | 4 | (0.6000000000000001, 0.55) | 17 | 10 | (44, 45, 143, 53) | 480| 129.60000000000002 | 331.60038567493115 
2021-09-27 01:01:15,630 - INFO - compute | 4 | (0.6000000000000001, 0.6000000000000001) | 17 | 14 | (1, 45, 13, 143) | 547| 131.28 | 381.7127180899908 
2021-09-27 01:01:18,264 - INFO - compute | 4 | (0.6000000000000001, 0.65) | 17 | 16 | (1, 99, 13, 143) | 593| 124.53000000000002 | 413.76898989898996 
2021-09-27 01:01:28,624 - INFO - compute | 4 | (0.6000000000000001, 0.7000000000000001) | 17 | 22 | (1, 143, 99, 111) | 613| 110.33999999999999 | 428.8032690541782 
2021-09-27 01:01:43,647 - INFO - compute | 4 | (0.6000000000000001, 0.75) | 17 | 24 | (1, 73, 99, 111) | 607| 91.05000000000001 | 429.16223140495873 
2021-09-27 01:02:12,677 - INFO - compute | 4 | (0.6000000000000001, 0.8) | 17 | 28 | (1, 73, 86, 99) | 609| 73.08 | 430.2913865932048 
2021-09-27 01:03:00,684 - INFO - compute | 4 | (0.6000000000000001, 0.8500000000000001) | 17 | 31 | (1, 73, 86, 99) | 609| 54.80999999999998 | 430.2913865932048 
2021-09-27 01:04:09,571 - INFO - compute | 4 | (0.6000000000000001, 0.9) | 17 | 34 | (1, 27, 86, 99) | 661| 39.65999999999996 | 466.65430670339765 
2021-09-27 01:05:37,088 - INFO - compute | 4 | (0.6000000000000001, 0.9500000000000001) | 17 | 36 | (1, 27, 86, 99) | 661| 19.829999999999945 | 466.65430670339765 
2021-09-27 01:08:04,425 - INFO - compute | 4 | (0.6000000000000001, 1.0) | 17 | 41 | (1, 27, 86, 99) | 661| 0.0 | 466.65430670339765 
2021-09-27 01:08:04,433 - INFO - compute | 4 | (0.65, 0.0) | 11 | 1 | {53} | 52| 33.800000000000004 | 52 
2021-09-27 01:08:04,439 - INFO - load | 4 | (0.65, 0.05) | 11 | 1 | {53} | 52| 32.11 | 52 
2021-09-27 01:08:04,446 - INFO - load | 4 | (0.65, 0.1) | 11 | 1 | {53} | 52| 30.419999999999998 | 52 
2021-09-27 01:08:04,452 - INFO - load | 4 | (0.65, 0.15000000000000002) | 11 | 1 | {53} | 52| 28.73 | 52 
2021-09-27 01:08:04,461 - INFO - compute | 4 | (0.65, 0.2) | 11 | 3 | {72, 125, 53} | 129| 67.08 | 129 
2021-09-27 01:08:04,467 - INFO - load | 4 | (0.65, 0.25) | 11 | 3 | {72, 125, 53} | 129| 62.8875 | 129 
2021-09-27 01:08:04,474 - INFO - load | 4 | (0.65, 0.30000000000000004) | 11 | 3 | {72, 125, 53} | 129| 58.69499999999999 | 129 
2021-09-27 01:08:04,485 - INFO - compute | 4 | (0.65, 0.35000000000000003) | 11 | 4 | {72, 125, 53, 143} | 167| 70.5575 | 167 
2021-09-27 01:08:04,511 - INFO - compute | 4 | (0.65, 0.4) | 11 | 5 | (72, 143, 50, 53) | 179| 69.81 | 134.48456382001837 
2021-09-27 01:08:04,595 - INFO - compute | 4 | (0.65, 0.45) | 11 | 8 | (72, 44, 45, 143) | 249| 89.0175 | 188.97275482093661 
2021-09-27 01:08:04,808 - INFO - compute | 4 | (0.65, 0.5) | 11 | 10 | (72, 44, 45, 143) | 249| 80.925 | 188.97275482093661 
2021-09-27 01:08:05,767 - INFO - compute | 4 | (0.65, 0.55) | 11 | 14 | (1, 45, 13, 143) | 306| 89.505 | 232.50802571166207 
2021-09-27 01:08:07,540 - INFO - compute | 4 | (0.65, 0.6000000000000001) | 11 | 16 | (1, 99, 13, 143) | 330| 85.79999999999998 | 251.07706152433425 
2021-09-27 01:08:14,550 - INFO - compute | 4 | (0.65, 0.65) | 11 | 22 | (1, 80, 99, 111) | 353| 80.30749999999999 | 270.59508723599635 
2021-09-27 01:08:26,844 - INFO - compute | 4 | (0.65, 0.7000000000000001) | 11 | 25 | (1, 73, 86, 99) | 364| 70.97999999999998 | 278.94969696969696 
2021-09-27 01:08:50,073 - INFO - compute | 4 | (0.65, 0.75) | 11 | 29 | (1, 73, 86, 99) | 364| 59.14999999999999 | 278.94969696969696 
2021-09-27 01:09:30,857 - INFO - compute | 4 | (0.65, 0.8) | 11 | 33 | (1, 27, 173, 99) | 403| 52.39 | 308.4242607897154 
2021-09-27 01:10:20,289 - INFO - compute | 4 | (0.65, 0.8500000000000001) | 11 | 35 | (1, 27, 173, 99) | 403| 39.29249999999997 | 308.4242607897154 
2021-09-27 01:11:30,182 - INFO - compute | 4 | (0.65, 0.9) | 11 | 38 | (1, 27, 173, 99) | 403| 26.19499999999998 | 308.4242607897154 
2021-09-27 01:13:49,477 - INFO - compute | 4 | (0.65, 0.9500000000000001) | 11 | 45 | (1, 27, 173, 99) | 403| 13.09749999999999 | 308.4242607897154 
2021-09-27 01:16:48,141 - INFO - compute | 4 | (0.65, 1.0) | 11 | 48 | (1, 27, 173, 99) | 403| 0.0 | 308.4242607897154 
2021-09-27 01:16:48,149 - INFO - compute | 4 | (0.7000000000000001, 0.0) | 9 | 1 | {53} | 39| 27.300000000000004 | 39 
2021-09-27 01:16:48,156 - INFO - load | 4 | (0.7000000000000001, 0.05) | 9 | 1 | {53} | 39| 25.935000000000002 | 39 
2021-09-27 01:16:48,163 - INFO - load | 4 | (0.7000000000000001, 0.1) | 9 | 1 | {53} | 39| 24.570000000000004 | 39 
2021-09-27 01:16:48,170 - INFO - load | 4 | (0.7000000000000001, 0.15000000000000002) | 9 | 1 | {53} | 39| 23.205000000000002 | 39 
2021-09-27 01:16:48,178 - INFO - compute | 4 | (0.7000000000000001, 0.2) | 9 | 3 | {72, 125, 53} | 92| 51.52 | 92 
2021-09-27 01:16:48,185 - INFO - load | 4 | (0.7000000000000001, 0.25) | 9 | 3 | {72, 125, 53} | 92| 48.300000000000004 | 92 
2021-09-27 01:16:48,194 - INFO - compute | 4 | (0.7000000000000001, 0.30000000000000004) | 9 | 4 | {72, 125, 53, 143} | 118| 57.82 | 118 
2021-09-27 01:16:48,206 - INFO - compute | 4 | (0.7000000000000001, 0.35000000000000003) | 9 | 5 | (72, 143, 50, 53) | 128| 58.24 | 99.97933884297521 
2021-09-27 01:16:48,241 - INFO - compute | 4 | (0.7000000000000001, 0.4) | 9 | 7 | (44, 143, 50, 53) | 151| 63.42000000000001 | 118.52561983471075 
2021-09-27 01:16:48,413 - INFO - compute | 4 | (0.7000000000000001, 0.45) | 9 | 10 | (72, 44, 45, 143) | 184| 70.84 | 145.00565656565655 
2021-09-27 01:16:49,225 - INFO - compute | 4 | (0.7000000000000001, 0.5) | 9 | 14 | (1, 45, 13, 143) | 233| 81.55000000000001 | 183.24505968778695 
2021-09-27 01:16:50,672 - INFO - compute | 4 | (0.7000000000000001, 0.55) | 9 | 16 | (1, 99, 13, 143) | 251| 79.065 | 197.74763085399448 
2021-09-27 01:16:56,361 - INFO - compute | 4 | (0.7000000000000001, 0.6000000000000001) | 9 | 22 | (1, 80, 99, 111) | 281| 78.67999999999999 | 222.1160422405877 
2021-09-27 01:17:06,140 - INFO - compute | 4 | (0.7000000000000001, 0.65) | 9 | 25 | (1, 73, 99, 111) | 290| 71.05 | 229.3992378328742 
2021-09-27 01:17:26,039 - INFO - compute | 4 | (0.7000000000000001, 0.7000000000000001) | 9 | 29 | (1, 73, 99, 111) | 290| 60.89999999999999 | 229.3992378328742 
2021-09-27 01:17:58,197 - INFO - compute | 4 | (0.7000000000000001, 0.75) | 9 | 33 | (1, 27, 173, 99) | 320| 56.000000000000014 | 252.5165748393021 
2021-09-27 01:18:39,206 - INFO - compute | 4 | (0.7000000000000001, 0.8) | 9 | 35 | (1, 27, 173, 99) | 320| 44.800000000000004 | 252.5165748393021 
2021-09-27 01:19:44,437 - INFO - compute | 4 | (0.7000000000000001, 0.8500000000000001) | 9 | 39 | (1, 27, 173, 99) | 320| 33.599999999999994 | 252.5165748393021 
2021-09-27 01:22:19,425 - INFO - compute | 4 | (0.7000000000000001, 0.9) | 9 | 48 | (1, 27, 173, 99) | 320| 22.399999999999984 | 252.5165748393021 
2021-09-27 01:25:01,251 - INFO - compute | 4 | (0.7000000000000001, 0.9500000000000001) | 9 | 49 | (1, 27, 173, 99) | 320| 11.199999999999974 | 252.5165748393021 
2021-09-27 01:28:25,779 - INFO - compute | 4 | (0.7000000000000001, 1.0) | 9 | 52 | (1, 27, 173, 99) | 320| 0.0 | 252.5165748393021 
2021-09-27 01:28:25,786 - INFO - compute | 4 | (0.75, 0.0) | 7 | 1 | {53} | 26| 19.5 | 26 
2021-09-27 01:28:25,794 - INFO - load | 4 | (0.75, 0.05) | 7 | 1 | {53} | 26| 18.525000000000002 | 26 
2021-09-27 01:28:25,801 - INFO - load | 4 | (0.75, 0.1) | 7 | 1 | {53} | 26| 17.55 | 26 
2021-09-27 01:28:25,808 - INFO - load | 4 | (0.75, 0.15000000000000002) | 7 | 1 | {53} | 26| 16.575 | 26 
2021-09-27 01:28:25,817 - INFO - compute | 4 | (0.75, 0.2) | 7 | 3 | {72, 125, 53} | 68| 40.8 | 68 
2021-09-27 01:28:25,824 - INFO - load | 4 | (0.75, 0.25) | 7 | 3 | {72, 125, 53} | 68| 38.25 | 68 
2021-09-27 01:28:25,833 - INFO - compute | 4 | (0.75, 0.30000000000000004) | 7 | 4 | {72, 125, 53, 143} | 85| 44.62499999999999 | 85 
2021-09-27 01:28:25,844 - INFO - compute | 4 | (0.75, 0.35000000000000003) | 7 | 5 | (72, 143, 50, 125) | 91| 44.3625 | 73.8094857667585 
2021-09-27 01:28:25,927 - INFO - compute | 4 | (0.75, 0.4) | 7 | 9 | (72, 44, 45, 143) | 137| 61.64999999999999 | 111.25037649219468 
2021-09-27 01:28:26,230 - INFO - compute | 4 | (0.75, 0.45) | 7 | 12 | (44, 45, 13, 143) | 163| 67.2375 | 133.31244260789717 
2021-09-27 01:28:27,047 - INFO - compute | 4 | (0.75, 0.5) | 7 | 15 | (44, 45, 13, 143) | 163| 61.125 | 133.31244260789717 
2021-09-27 01:28:31,440 - INFO - compute | 4 | (0.75, 0.55) | 7 | 22 | (1, 80, 99, 111) | 204| 68.85 | 166.9164095500459 
2021-09-27 01:28:37,836 - INFO - compute | 4 | (0.75, 0.6000000000000001) | 7 | 24 | (1, 73, 99, 111) | 209| 62.69999999999999 | 171.29929292929293 
2021-09-27 01:28:52,039 - INFO - compute | 4 | (0.75, 0.65) | 7 | 29 | (1, 73, 99, 111) | 209| 54.86249999999999 | 171.29929292929293 
2021-09-27 01:29:17,371 - INFO - compute | 4 | (0.75, 0.7000000000000001) | 7 | 33 | (1, 27, 173, 99) | 234| 52.64999999999999 | 190.91443526170798 
2021-09-27 01:29:49,013 - INFO - compute | 4 | (0.75, 0.75) | 7 | 35 | (1, 27, 173, 99) | 234| 43.875 | 190.91443526170798 
2021-09-27 01:30:50,803 - INFO - compute | 4 | (0.75, 0.8) | 7 | 41 | (1, 27, 173, 99) | 234| 35.09999999999998 | 190.91443526170798 
2021-09-27 01:32:47,217 - INFO - compute | 4 | (0.75, 0.8500000000000001) | 7 | 48 | (1, 27, 173, 99) | 234| 26.324999999999985 | 190.91443526170798 
2021-09-27 01:35:02,276 - INFO - compute | 4 | (0.75, 0.9) | 7 | 50 | (1, 27, 173, 99) | 234| 17.54999999999999 | 190.91443526170798 
2021-09-27 01:37:52,469 - INFO - compute | 4 | (0.75, 0.9500000000000001) | 7 | 53 | (1, 27, 173, 99) | 234| 8.774999999999995 | 190.91443526170798 
2021-09-27 01:40:51,301 - INFO - compute | 4 | (0.75, 1.0) | 7 | 54 | (1, 27, 173, 99) | 234| 0.0 | 190.91443526170798 
2021-09-27 01:40:51,309 - INFO - compute | 4 | (0.8, 0.0) | 5 | 1 | {53} | 9| 7.2 | 9 
2021-09-27 01:40:51,317 - INFO - load | 4 | (0.8, 0.05) | 5 | 1 | {53} | 9| 6.84 | 9 
2021-09-27 01:40:51,325 - INFO - load | 4 | (0.8, 0.1) | 5 | 1 | {53} | 9| 6.4799999999999995 | 9 
2021-09-27 01:40:51,333 - INFO - load | 4 | (0.8, 0.15000000000000002) | 5 | 1 | {53} | 9| 6.12 | 9 
2021-09-27 01:40:51,341 - INFO - compute | 4 | (0.8, 0.2) | 5 | 3 | {72, 125, 53} | 40| 25.6 | 40 
2021-09-27 01:40:51,350 - INFO - compute | 4 | (0.8, 0.25) | 5 | 4 | {72, 125, 53, 143} | 57| 34.2 | 57 
2021-09-27 01:40:51,361 - INFO - compute | 4 | (0.8, 0.30000000000000004) | 5 | 5 | (72, 143, 50, 125) | 61| 34.160000000000004 | 51.039100091827365 
2021-09-27 01:40:51,385 - INFO - compute | 4 | (0.8, 0.35000000000000003) | 5 | 7 | (44, 143, 50, 125) | 76| 39.52 | 63.867529843893486 
2021-09-27 01:40:51,485 - INFO - compute | 4 | (0.8, 0.4) | 5 | 10 | (44, 45, 143, 125) | 91| 43.68 | 76.65164370982552 
2021-09-27 01:40:51,928 - INFO - compute | 4 | (0.8, 0.45) | 5 | 14 | (44, 45, 13, 143) | 111| 48.84 | 93.85961432506889 
2021-09-27 01:40:54,045 - INFO - compute | 4 | (0.8, 0.5) | 5 | 20 | (99, 80, 13, 183) | 128| 51.2 | 108.16178145087235 
2021-09-27 01:40:57,768 - INFO - compute | 4 | (0.8, 0.55) | 5 | 23 | (13, 73, 99, 111) | 142| 51.12 | 120.5435629017447 
2021-09-27 01:41:06,398 - INFO - compute | 4 | (0.8, 0.6000000000000001) | 5 | 28 | (13, 73, 99, 111) | 142| 45.43999999999999 | 120.5435629017447 
2021-09-27 01:41:24,327 - INFO - compute | 4 | (0.8, 0.65) | 5 | 33 | (27, 73, 99, 111) | 156| 43.68000000000001 | 132.1297887970615 
2021-09-27 01:41:45,983 - INFO - compute | 4 | (0.8, 0.7000000000000001) | 5 | 35 | (22, 27, 73, 99) | 158| 37.92 | 134.03563820018366 
2021-09-27 01:42:28,889 - INFO - compute | 4 | (0.8, 0.75) | 5 | 41 | (22, 27, 73, 99) | 158| 31.599999999999994 | 134.03563820018366 
2021-09-27 01:43:52,566 - INFO - compute | 4 | (0.8, 0.8) | 5 | 48 | (22, 27, 73, 99) | 158| 25.279999999999987 | 134.03563820018366 
2021-09-27 01:45:41,715 - INFO - compute | 4 | (0.8, 0.8500000000000001) | 5 | 51 | (22, 27, 73, 99) | 158| 18.959999999999983 | 134.03563820018366 
2021-09-27 01:47:50,208 - INFO - compute | 4 | (0.8, 0.9) | 5 | 53 | (22, 27, 73, 99) | 158| 12.639999999999993 | 134.03563820018366 
2021-09-27 01:50:05,810 - INFO - compute | 4 | (0.8, 0.9500000000000001) | 5 | 54 | (22, 27, 73, 99) | 158| 6.319999999999988 | 134.03563820018366 
2021-09-27 01:50:05,818 - INFO - load | 4 | (0.8, 1.0) | 5 | 54 | (22, 27, 73, 99) | 158| 0.0 | 134.03563820018366 
2021-09-27 01:50:05,827 - INFO - compute | 4 | (0.8500000000000001, 0.0) | 2 | 1 | {53} | 9| 7.65 | 9 
2021-09-27 01:50:05,835 - INFO - load | 4 | (0.8500000000000001, 0.05) | 2 | 1 | {53} | 9| 7.267500000000001 | 9 
2021-09-27 01:50:05,843 - INFO - load | 4 | (0.8500000000000001, 0.1) | 2 | 1 | {53} | 9| 6.885000000000002 | 9 
2021-09-27 01:50:05,852 - INFO - compute | 4 | (0.8500000000000001, 0.15000000000000002) | 2 | 2 | {125, 53} | 14| 10.115 | 14 
2021-09-27 01:50:05,861 - INFO - compute | 4 | (0.8500000000000001, 0.2) | 2 | 3 | {72, 125, 53} | 15| 10.200000000000001 | 15 
2021-09-27 01:50:05,869 - INFO - compute | 4 | (0.8500000000000001, 0.25) | 2 | 4 | {72, 125, 53, 143} | 16| 10.200000000000001 | 16 
2021-09-27 01:50:05,879 - INFO - compute | 4 | (0.8500000000000001, 0.30000000000000004) | 2 | 5 | (143, 50, 53, 125) | 19| 11.305 | 17.20818181818182 
2021-09-27 01:50:05,910 - INFO - compute | 4 | (0.8500000000000001, 0.35000000000000003) | 2 | 9 | (44, 45, 50, 125) | 33| 18.232499999999998 | 29.895179063360885 
2021-09-27 01:50:06,007 - INFO - compute | 4 | (0.8500000000000001, 0.4) | 2 | 12 | (44, 45, 13, 50) | 42| 21.42 | 38.026391184573 
2021-09-27 01:50:06,252 - INFO - compute | 4 | (0.8500000000000001, 0.45) | 2 | 15 | (1, 44, 45, 13) | 44| 20.57 | 39.837171717171714 
2021-09-27 01:50:07,593 - INFO - compute | 4 | (0.8500000000000001, 0.5) | 2 | 22 | (1, 80, 99, 111) | 54| 22.950000000000003 | 48.91414141414142 
2021-09-27 01:50:10,490 - INFO - compute | 4 | (0.8500000000000001, 0.55) | 2 | 26 | (1, 73, 99, 111) | 55| 21.0375 | 49.82529843893481 
2021-09-27 01:50:16,741 - INFO - compute | 4 | (0.8500000000000001, 0.6000000000000001) | 2 | 31 | (1, 73, 99, 111) | 55| 18.7 | 49.82529843893481 
2021-09-27 01:50:26,078 - INFO - compute | 4 | (0.8500000000000001, 0.65) | 2 | 35 | (1, 22, 27, 99) | 64| 19.04 | 57.956510560146924 
2021-09-27 01:50:40,232 - INFO - compute | 4 | (0.8500000000000001, 0.7000000000000001) | 2 | 39 | (1, 22, 27, 99) | 64| 16.32 | 57.956510560146924 
2021-09-27 01:51:12,694 - INFO - compute | 4 | (0.8500000000000001, 0.75) | 2 | 48 | (1, 22, 27, 99) | 64| 13.600000000000001 | 57.956510560146924 
2021-09-27 01:51:57,436 - INFO - compute | 4 | (0.8500000000000001, 0.8) | 2 | 51 | (1, 22, 27, 99) | 64| 10.879999999999995 | 57.956510560146924 
2021-09-27 01:52:48,349 - INFO - compute | 4 | (0.8500000000000001, 0.8500000000000001) | 2 | 53 | (1, 22, 27, 99) | 64| 8.159999999999997 | 57.956510560146924 
2021-09-27 01:53:43,912 - INFO - compute | 4 | (0.8500000000000001, 0.9) | 2 | 54 | (1, 22, 27, 99) | 64| 5.439999999999998 | 57.956510560146924 
2021-09-27 01:53:43,921 - INFO - load | 4 | (0.8500000000000001, 0.9500000000000001) | 2 | 54 | (1, 22, 27, 99) | 64| 2.719999999999999 | 57.956510560146924 
2021-09-27 01:53:43,929 - INFO - load | 4 | (0.8500000000000001, 1.0) | 2 | 54 | (1, 22, 27, 99) | 64| 0.0 | 57.956510560146924 
2021-09-27 01:53:43,938 - INFO - compute | 4 | (0.9, 0.0) | 1 | 1 | {53} | 4| 3.6 | 4 
2021-09-27 01:53:43,947 - INFO - load | 4 | (0.9, 0.05) | 1 | 1 | {53} | 4| 3.42 | 4 
2021-09-27 01:53:43,956 - INFO - load | 4 | (0.9, 0.1) | 1 | 1 | {53} | 4| 3.24 | 4 
2021-09-27 01:53:43,964 - INFO - compute | 4 | (0.9, 0.15000000000000002) | 1 | 3 | {72, 125, 53} | 7| 5.355 | 7 
2021-09-27 01:53:43,973 - INFO - load | 4 | (0.9, 0.2) | 1 | 3 | {72, 125, 53} | 7| 5.04 | 7 
2021-09-27 01:53:43,982 - INFO - compute | 4 | (0.9, 0.25) | 1 | 4 | {72, 125, 53, 143} | 7| 4.7250000000000005 | 7 
2021-09-27 01:53:43,992 - INFO - compute | 4 | (0.9, 0.30000000000000004) | 1 | 6 | (143, 50, 53, 125) | 10| 6.299999999999999 | 9.111570247933885 
2021-09-27 01:53:44,023 - INFO - compute | 4 | (0.9, 0.35000000000000003) | 1 | 10 | (44, 45, 50, 125) | 18| 10.53 | 16.400826446280995 
2021-09-27 01:53:44,120 - INFO - compute | 4 | (0.9, 0.4) | 1 | 14 | (1, 44, 45, 13) | 22| 11.88 | 20.045454545454547 
2021-09-27 01:53:44,549 - INFO - compute | 4 | (0.9, 0.45) | 1 | 20 | (99, 80, 13, 50) | 27| 13.365 | 24.601239669421492 
2021-09-27 01:53:45,480 - INFO - compute | 4 | (0.9, 0.5) | 1 | 24 | (1, 73, 99, 111) | 30| 13.5 | 27.334710743801658 
2021-09-27 01:53:47,531 - INFO - compute | 4 | (0.9, 0.55) | 1 | 29 | (1, 73, 99, 111) | 30| 12.149999999999999 | 27.334710743801658 
2021-09-27 01:53:51,653 - INFO - compute | 4 | (0.9, 0.6000000000000001) | 1 | 34 | (1, 27, 99, 111) | 33| 11.879999999999995 | 30.068181818181824 
2021-09-27 01:53:58,026 - INFO - compute | 4 | (0.9, 0.65) | 1 | 38 | (22, 27, 50, 99) | 33| 10.394999999999998 | 30.068181818181824 
2021-09-27 01:54:14,844 - INFO - compute | 4 | (0.9, 0.7000000000000001) | 1 | 48 | (22, 27, 50, 99) | 33| 8.909999999999997 | 30.068181818181824 
2021-09-27 01:54:34,544 - INFO - compute | 4 | (0.9, 0.75) | 1 | 50 | (22, 27, 50, 99) | 33| 7.424999999999999 | 30.068181818181824 
2021-09-27 01:54:59,362 - INFO - compute | 4 | (0.9, 0.8) | 1 | 53 | (22, 27, 50, 99) | 33| 5.939999999999998 | 30.068181818181824 
2021-09-27 01:55:26,277 - INFO - compute | 4 | (0.9, 0.8500000000000001) | 1 | 54 | (22, 27, 50, 99) | 33| 4.4549999999999965 | 30.068181818181824 
2021-09-27 01:55:26,286 - INFO - load | 4 | (0.9, 0.9) | 1 | 54 | (22, 27, 50, 99) | 33| 2.969999999999999 | 30.068181818181824 
2021-09-27 01:55:26,295 - INFO - load | 4 | (0.9, 0.9500000000000001) | 1 | 54 | (22, 27, 50, 99) | 33| 1.4849999999999977 | 30.068181818181824 
2021-09-27 01:55:26,303 - INFO - load | 4 | (0.9, 1.0) | 1 | 54 | (22, 27, 50, 99) | 33| 0.0 | 30.068181818181824 
2021-09-27 01:55:26,312 - INFO - compute | 4 | (0.9500000000000001, 0.0) | 0 | 1 | {53} | 0| 0.0 | 0 
2021-09-27 01:55:26,321 - INFO - load | 4 | (0.9500000000000001, 0.05) | 0 | 1 | {53} | 0| 0.0 | 0 
2021-09-27 01:55:26,330 - INFO - load | 4 | (0.9500000000000001, 0.1) | 0 | 1 | {53} | 0| 0.0 | 0 
2021-09-27 01:55:26,339 - INFO - compute | 4 | (0.9500000000000001, 0.15000000000000002) | 0 | 3 | {72, 125, 53} | 0| 0.0 | 0 
2021-09-27 01:55:26,348 - INFO - load | 4 | (0.9500000000000001, 0.2) | 0 | 3 | {72, 125, 53} | 0| 0.0 | 0 
2021-09-27 01:55:26,357 - INFO - compute | 4 | (0.9500000000000001, 0.25) | 0 | 5 | (143, 50, 53, 125) | 0| 0.0 | 0 
2021-09-27 01:55:26,367 - INFO - compute | 4 | (0.9500000000000001, 0.30000000000000004) | 0 | 7 | (143, 53, 183, 125) | 0| 0.0 | 0 
2021-09-27 01:55:26,377 - INFO - compute | 4 | (0.9500000000000001, 0.35000000000000003) | 0 | 11 | (148, 53, 183, 125) | 0| 0.0 | 0 
2021-09-27 01:55:26,391 - INFO - compute | 4 | (0.9500000000000001, 0.4) | 0 | 15 | (169, 148, 183, 125) | 0| 0.0 | 0 
2021-09-27 01:55:26,413 - INFO - compute | 4 | (0.9500000000000001, 0.45) | 0 | 22 | (183, 99, 111, 125) | 0| 0.0 | 0 
2021-09-27 01:55:26,440 - INFO - compute | 4 | (0.9500000000000001, 0.5) | 0 | 26 | (183, 99, 111, 125) | 0| 0.0 | 0 
2021-09-27 01:55:26,502 - INFO - compute | 4 | (0.9500000000000001, 0.55) | 0 | 33 | (206, 99, 111, 125) | 0| 0.0 | 0 
2021-09-27 01:55:26,590 - INFO - compute | 4 | (0.9500000000000001, 0.6000000000000001) | 0 | 36 | (206, 99, 111, 125) | 0| 0.0 | 0 
2021-09-27 01:55:26,786 - INFO - compute | 4 | (0.9500000000000001, 0.65) | 0 | 45 | (215, 108, 111, 125) | 0| 0.0 | 0 
2021-09-27 01:55:27,095 - INFO - compute | 4 | (0.9500000000000001, 0.7000000000000001) | 0 | 49 | (215, 108, 111, 125) | 0| 0.0 | 0 
2021-09-27 01:55:27,529 - INFO - compute | 4 | (0.9500000000000001, 0.75) | 0 | 53 | (215, 108, 111, 125) | 0| 0.0 | 0 
2021-09-27 01:55:27,993 - INFO - compute | 4 | (0.9500000000000001, 0.8) | 0 | 54 | (215, 108, 111, 125) | 0| 0.0 | 0 
2021-09-27 01:55:28,003 - INFO - load | 4 | (0.9500000000000001, 0.8500000000000001) | 0 | 54 | (215, 108, 111, 125) | 0| 0.0 | 0 
2021-09-27 01:55:28,013 - INFO - load | 4 | (0.9500000000000001, 0.9) | 0 | 54 | (215, 108, 111, 125) | 0| 0.0 | 0 
2021-09-27 01:55:28,022 - INFO - load | 4 | (0.9500000000000001, 0.9500000000000001) | 0 | 54 | (215, 108, 111, 125) | 0| 0.0 | 0 
2021-09-27 01:55:28,031 - INFO - load | 4 | (0.9500000000000001, 1.0) | 0 | 54 | (215, 108, 111, 125) | 0| 0.0 | 0 
2021-09-27 01:55:28,040 - INFO - load | 4 | (1.0, 0.0) | 0 | 1 | {53} | 0| 0.0 | 0 
2021-09-27 01:55:28,049 - INFO - load | 4 | (1.0, 0.05) | 0 | 1 | {53} | 0| 0.0 | 0 
2021-09-27 01:55:28,058 - INFO - load | 4 | (1.0, 0.1) | 0 | 1 | {53} | 0| 0.0 | 0 
2021-09-27 01:55:28,067 - INFO - load | 4 | (1.0, 0.15000000000000002) | 0 | 3 | {72, 125, 53} | 0| 0.0 | 0 
2021-09-27 01:55:28,076 - INFO - compute | 4 | (1.0, 0.2) | 0 | 4 | {72, 125, 53, 143} | 0| 0.0 | 0 
2021-09-27 01:55:28,085 - INFO - load | 4 | (1.0, 0.25) | 0 | 5 | (143, 50, 53, 125) | 0| 0.0 | 0 
2021-09-27 01:55:28,095 - INFO - compute | 4 | (1.0, 0.30000000000000004) | 0 | 9 | (143, 53, 183, 125) | 0| 0.0 | 0 
2021-09-27 01:55:28,105 - INFO - compute | 4 | (1.0, 0.35000000000000003) | 0 | 14 | (169, 148, 183, 125) | 0| 0.0 | 0 
2021-09-27 01:55:28,121 - INFO - compute | 4 | (1.0, 0.4) | 0 | 20 | (169, 183, 143, 125) | 0| 0.0 | 0 
2021-09-27 01:55:28,142 - INFO - compute | 4 | (1.0, 0.45) | 0 | 24 | (183, 99, 111, 125) | 0| 0.0 | 0 
2021-09-27 01:55:28,182 - INFO - compute | 4 | (1.0, 0.5) | 0 | 29 | (206, 99, 111, 125) | 0| 0.0 | 0 
2021-09-27 01:55:28,251 - INFO - compute | 4 | (1.0, 0.55) | 0 | 34 | (206, 99, 111, 125) | 0| 0.0 | 0 
2021-09-27 01:55:28,394 - INFO - compute | 4 | (1.0, 0.6000000000000001) | 0 | 41 | (215, 101, 111, 125) | 0| 0.0 | 0 
2021-09-27 01:55:28,673 - INFO - compute | 4 | (1.0, 0.65) | 0 | 48 | (215, 108, 111, 125) | 0| 0.0 | 0 
2021-09-27 01:55:29,054 - INFO - compute | 4 | (1.0, 0.7000000000000001) | 0 | 52 | (215, 108, 111, 125) | 0| 0.0 | 0 
2021-09-27 01:55:29,064 - INFO - load | 4 | (1.0, 0.75) | 0 | 54 | (215, 108, 111, 125) | 0| 0.0 | 0 
2021-09-27 01:55:29,074 - INFO - load | 4 | (1.0, 0.8) | 0 | 54 | (215, 108, 111, 125) | 0| 0.0 | 0 
2021-09-27 01:55:29,083 - INFO - load | 4 | (1.0, 0.8500000000000001) | 0 | 54 | (215, 108, 111, 125) | 0| 0.0 | 0 
2021-09-27 01:55:29,093 - INFO - load | 4 | (1.0, 0.9) | 0 | 54 | (215, 108, 111, 125) | 0| 0.0 | 0 
2021-09-27 01:55:29,102 - INFO - load | 4 | (1.0, 0.9500000000000001) | 0 | 54 | (215, 108, 111, 125) | 0| 0.0 | 0 
2021-09-27 01:55:29,111 - INFO - load | 4 | (1.0, 1.0) | 0 | 54 | (215, 108, 111, 125) | 0| 0.0 | 0 
