2021-09-27 00:44:09,061 - INFO - run algo
2021-09-27 00:44:09,071 - INFO - 217
2021-09-27 00:44:09,071 - INFO - 217
2021-09-27 00:44:09,075 - INFO - load:
2021-09-27 00:44:09,076 - INFO - Finish random requester set R and supplier set S 
                             percent_R=0.25, num_R=55, len_R=55 
                             percent_S=0.25, num_S=55, len_S=54
2021-09-27 00:44:09,089 - INFO - compute | 3 | (0.0, 0.0) | 55 | 1 | {53} | 821| 0.0 | 821 
2021-09-27 00:44:09,089 - INFO - load | 3 | (0.0, 0.1) | 55 | 1 | {53} | 821| 0.0 | 821 
2021-09-27 00:44:09,090 - INFO - load | 3 | (0.0, 0.2) | 55 | 1 | {53} | 821| 0.0 | 821 
2021-09-27 00:44:09,090 - INFO - load | 3 | (0.0, 0.30000000000000004) | 55 | 1 | {53} | 821| 0.0 | 821 
2021-09-27 00:44:09,090 - INFO - load | 3 | (0.0, 0.4) | 55 | 1 | {53} | 821| 0.0 | 821 
2021-09-27 00:44:09,090 - INFO - load | 3 | (0.0, 0.5) | 55 | 1 | {53} | 821| 0.0 | 821 
2021-09-27 00:44:09,090 - INFO - load | 3 | (0.0, 0.6000000000000001) | 55 | 1 | {53} | 821| 0.0 | 821 
2021-09-27 00:44:09,090 - INFO - load | 3 | (0.0, 0.7000000000000001) | 55 | 1 | {53} | 821| 0.0 | 821 
2021-09-27 00:44:09,090 - INFO - load | 3 | (0.0, 0.8) | 55 | 1 | {53} | 821| 0.0 | 821 
2021-09-27 00:44:09,091 - INFO - load | 3 | (0.0, 0.9) | 55 | 1 | {53} | 821| 0.0 | 821 
2021-09-27 00:44:09,091 - INFO - load | 3 | (0.0, 1.0) | 55 | 1 | {53} | 821| 0.0 | 821 
2021-09-27 00:44:09,091 - INFO - load | 3 | (0.1, 0.0) | 55 | 1 | {53} | 821| 82.10000000000001 | 821 
2021-09-27 00:44:09,091 - INFO - load | 3 | (0.1, 0.1) | 55 | 1 | {53} | 821| 73.89 | 821 
2021-09-27 00:44:09,091 - INFO - load | 3 | (0.1, 0.2) | 55 | 1 | {53} | 821| 65.68 | 821 
2021-09-27 00:44:09,091 - INFO - load | 3 | (0.1, 0.30000000000000004) | 55 | 1 | {53} | 821| 57.470000000000006 | 821 
2021-09-27 00:44:09,092 - INFO - load | 3 | (0.1, 0.4) | 55 | 1 | {53} | 821| 49.26 | 821 
2021-09-27 00:44:09,092 - INFO - load | 3 | (0.1, 0.5) | 55 | 1 | {53} | 821| 41.050000000000004 | 821 
2021-09-27 00:44:09,092 - INFO - load | 3 | (0.1, 0.6000000000000001) | 55 | 1 | {53} | 821| 32.839999999999996 | 821 
2021-09-27 00:44:09,092 - INFO - load | 3 | (0.1, 0.7000000000000001) | 55 | 1 | {53} | 821| 24.63 | 821 
2021-09-27 00:44:09,092 - INFO - load | 3 | (0.1, 0.8) | 55 | 1 | {53} | 821| 16.41999999999999 | 821 
2021-09-27 00:44:09,092 - INFO - load | 3 | (0.1, 0.9) | 55 | 1 | {53} | 821| 8.209999999999996 | 821 
2021-09-27 00:44:09,093 - INFO - load | 3 | (0.1, 1.0) | 55 | 1 | {53} | 821| 0.0 | 821 
2021-09-27 00:44:09,093 - INFO - load | 3 | (0.2, 0.0) | 55 | 1 | {53} | 821| 164.20000000000002 | 821 
2021-09-27 00:44:09,093 - INFO - load | 3 | (0.2, 0.1) | 55 | 1 | {53} | 821| 147.78 | 821 
2021-09-27 00:44:09,093 - INFO - load | 3 | (0.2, 0.2) | 55 | 1 | {53} | 821| 131.36 | 821 
2021-09-27 00:44:09,093 - INFO - load | 3 | (0.2, 0.30000000000000004) | 55 | 1 | {53} | 821| 114.94000000000001 | 821 
2021-09-27 00:44:09,093 - INFO - load | 3 | (0.2, 0.4) | 55 | 1 | {53} | 821| 98.52 | 821 
2021-09-27 00:44:09,094 - INFO - load | 3 | (0.2, 0.5) | 55 | 1 | {53} | 821| 82.10000000000001 | 821 
2021-09-27 00:44:09,094 - INFO - load | 3 | (0.2, 0.6000000000000001) | 55 | 1 | {53} | 821| 65.67999999999999 | 821 
2021-09-27 00:44:09,102 - INFO - compute | 3 | (0.2, 0.7000000000000001) | 55 | 3 | {72, 125, 53} | 1858| 111.47999999999999 | 1858 
2021-09-27 00:44:09,103 - INFO - load | 3 | (0.2, 0.8) | 55 | 3 | {72, 125, 53} | 1858| 74.31999999999996 | 1858 
2021-09-27 00:44:09,104 - INFO - load | 3 | (0.2, 0.9) | 55 | 3 | {72, 125, 53} | 1858| 37.15999999999998 | 1858 
2021-09-27 00:44:09,124 - INFO - compute | 3 | (0.2, 1.0) | 55 | 4 | (72, 53, 143) | 2211| 0.0 | 1048.1350872359963 
2021-09-27 00:44:09,130 - INFO - compute | 3 | (0.30000000000000004, 0.0) | 54 | 1 | {53} | 793| 237.90000000000003 | 793 
2021-09-27 00:44:09,131 - INFO - load | 3 | (0.30000000000000004, 0.1) | 54 | 1 | {53} | 793| 214.11 | 793 
2021-09-27 00:44:09,132 - INFO - load | 3 | (0.30000000000000004, 0.2) | 54 | 1 | {53} | 793| 190.32000000000005 | 793 
2021-09-27 00:44:09,133 - INFO - load | 3 | (0.30000000000000004, 0.30000000000000004) | 54 | 1 | {53} | 793| 166.53000000000003 | 793 
2021-09-27 00:44:09,134 - INFO - load | 3 | (0.30000000000000004, 0.4) | 54 | 1 | {53} | 793| 142.74 | 793 
2021-09-27 00:44:09,142 - INFO - compute | 3 | (0.30000000000000004, 0.5) | 54 | 3 | {72, 125, 53} | 1798| 269.70000000000005 | 1798 
2021-09-27 00:44:09,143 - INFO - load | 3 | (0.30000000000000004, 0.6000000000000001) | 54 | 3 | {72, 125, 53} | 1798| 215.76 | 1798 
2021-09-27 00:44:09,165 - INFO - compute | 3 | (0.30000000000000004, 0.7000000000000001) | 54 | 4 | (72, 53, 143) | 2140| 192.6 | 1029.29303030303 
2021-09-27 00:44:09,207 - INFO - compute | 3 | (0.30000000000000004, 0.8) | 54 | 5 | (72, 143, 53) | 2140| 128.4 | 1029.29303030303 
2021-09-27 00:44:09,286 - INFO - compute | 3 | (0.30000000000000004, 0.9) | 54 | 6 | (72, 143, 53) | 2140| 64.19999999999993 | 1029.29303030303 
2021-09-27 00:44:09,607 - INFO - compute | 3 | (0.30000000000000004, 1.0) | 54 | 9 | (44, 143, 53) | 2163| 0.0 | 1053.0833425160697 
2021-09-27 00:44:09,612 - INFO - compute | 3 | (0.4, 0.0) | 48 | 1 | {53} | 655| 262.0 | 655 
2021-09-27 00:44:09,613 - INFO - load | 3 | (0.4, 0.1) | 48 | 1 | {53} | 655| 235.79999999999998 | 655 
2021-09-27 00:44:09,615 - INFO - load | 3 | (0.4, 0.2) | 48 | 1 | {53} | 655| 209.6 | 655 
2021-09-27 00:44:09,616 - INFO - load | 3 | (0.4, 0.30000000000000004) | 48 | 1 | {53} | 655| 183.4 | 655 
2021-09-27 00:44:09,624 - INFO - compute | 3 | (0.4, 0.4) | 48 | 3 | {72, 125, 53} | 1478| 354.71999999999997 | 1478 
2021-09-27 00:44:09,643 - INFO - compute | 3 | (0.4, 0.5) | 48 | 4 | (72, 53, 143) | 1759| 351.8 | 894.5241230486682 
2021-09-27 00:44:09,682 - INFO - compute | 3 | (0.4, 0.6000000000000001) | 48 | 5 | (72, 143, 53) | 1759| 281.43999999999994 | 894.5241230486682 
2021-09-27 00:44:09,802 - INFO - compute | 3 | (0.4, 0.7000000000000001) | 48 | 7 | (44, 143, 53) | 1800| 216.0 | 925.0438475665749 
2021-09-27 00:44:10,193 - INFO - compute | 3 | (0.4, 0.8) | 48 | 10 | (44, 143, 53) | 1800| 143.99999999999991 | 925.0438475665749 
2021-09-27 00:44:11,356 - INFO - compute | 3 | (0.4, 0.9) | 48 | 14 | (1, 143, 53) | 1933| 77.31999999999996 | 1001.8126721763085 
2021-09-27 00:44:14,937 - INFO - compute | 3 | (0.4, 1.0) | 48 | 20 | (1, 99, 143) | 1906| 0.0 | 1008.2106427915517 
2021-09-27 00:44:14,940 - INFO - compute | 3 | (0.5, 0.0) | 27 | 1 | {53} | 272| 136.0 | 272 
2021-09-27 00:44:14,942 - INFO - load | 3 | (0.5, 0.1) | 27 | 1 | {53} | 272| 122.4 | 272 
2021-09-27 00:44:14,943 - INFO - load | 3 | (0.5, 0.2) | 27 | 1 | {53} | 272| 108.80000000000001 | 272 
2021-09-27 00:44:14,949 - INFO - compute | 3 | (0.5, 0.30000000000000004) | 27 | 3 | {72, 125, 53} | 608| 212.79999999999998 | 608 
2021-09-27 00:44:14,961 - INFO - compute | 3 | (0.5, 0.4) | 27 | 4 | (72, 53, 143) | 711| 213.29999999999998 | 427.529155188246 
2021-09-27 00:44:14,984 - INFO - compute | 3 | (0.5, 0.5) | 27 | 5 | (72, 143, 53) | 711| 177.75 | 427.529155188246 
2021-09-27 00:44:15,147 - INFO - compute | 3 | (0.5, 0.6000000000000001) | 27 | 9 | (44, 45, 143) | 768| 153.59999999999997 | 476.81918273645545 
2021-09-27 00:44:15,815 - INFO - compute | 3 | (0.5, 0.7000000000000001) | 27 | 14 | (1, 143, 53) | 839| 125.84999999999997 | 515.6094123048669 
2021-09-27 00:44:17,880 - INFO - compute | 3 | (0.5, 0.8) | 27 | 20 | (1, 99, 143) | 884| 88.39999999999998 | 553.7581267217632 
2021-09-27 00:44:22,108 - INFO - compute | 3 | (0.5, 0.9) | 27 | 24 | (1, 143, 111) | 888| 44.39999999999999 | 554.7698255280075 
2021-09-27 00:44:28,740 - INFO - compute | 3 | (0.5, 1.0) | 27 | 29 | (1, 143, 111) | 888| 0.0 | 554.7698255280075 
2021-09-27 00:44:28,743 - INFO - compute | 3 | (0.6000000000000001, 0.0) | 17 | 1 | {53} | 123| 73.80000000000001 | 123 
2021-09-27 00:44:28,745 - INFO - load | 3 | (0.6000000000000001, 0.1) | 17 | 1 | {53} | 123| 66.42 | 123 
2021-09-27 00:44:28,746 - INFO - load | 3 | (0.6000000000000001, 0.2) | 17 | 1 | {53} | 123| 59.04000000000001 | 123 
2021-09-27 00:44:28,751 - INFO - compute | 3 | (0.6000000000000001, 0.30000000000000004) | 17 | 3 | {72, 125, 53} | 272| 114.24000000000001 | 272 
2021-09-27 00:44:28,765 - INFO - compute | 3 | (0.6000000000000001, 0.4) | 17 | 5 | (143, 50, 53) | 314| 113.04 | 215.07817263544536 
2021-09-27 00:44:28,867 - INFO - compute | 3 | (0.6000000000000001, 0.5) | 17 | 9 | (44, 45, 143) | 397| 119.10000000000002 | 276.739173553719 
2021-09-27 00:44:29,294 - INFO - compute | 3 | (0.6000000000000001, 0.6000000000000001) | 17 | 14 | (1, 45, 143) | 446| 107.03999999999999 | 311.3935996326905 
2021-09-27 00:44:31,056 - INFO - compute | 3 | (0.6000000000000001, 0.7000000000000001) | 17 | 22 | (1, 99, 111) | 485| 87.3 | 340.2944444444444 
2021-09-27 00:44:34,798 - INFO - compute | 3 | (0.6000000000000001, 0.8) | 17 | 28 | (1, 86, 99) | 487| 58.44 | 341.4235996326905 
2021-09-27 00:44:41,563 - INFO - compute | 3 | (0.6000000000000001, 0.9) | 17 | 34 | (1, 27, 99) | 532| 31.91999999999997 | 376.16377410468317 
2021-09-27 00:44:53,530 - INFO - compute | 3 | (0.6000000000000001, 1.0) | 17 | 41 | (1, 27, 99) | 532| 0.0 | 376.16377410468317 
2021-09-27 00:44:53,533 - INFO - compute | 3 | (0.7000000000000001, 0.0) | 9 | 1 | {53} | 39| 27.300000000000004 | 39 
2021-09-27 00:44:53,535 - INFO - load | 3 | (0.7000000000000001, 0.1) | 9 | 1 | {53} | 39| 24.570000000000004 | 39 
2021-09-27 00:44:53,538 - INFO - compute | 3 | (0.7000000000000001, 0.2) | 9 | 3 | {72, 125, 53} | 92| 51.52 | 92 
2021-09-27 00:44:53,543 - INFO - compute | 3 | (0.7000000000000001, 0.30000000000000004) | 9 | 4 | (72, 53, 143) | 104| 50.96 | 81.31556473829201 
2021-09-27 00:44:53,568 - INFO - compute | 3 | (0.7000000000000001, 0.4) | 9 | 7 | (44, 143, 50) | 131| 55.02 | 103.10446280991735 
2021-09-27 00:44:53,810 - INFO - compute | 3 | (0.7000000000000001, 0.5) | 9 | 14 | (1, 45, 13) | 191| 66.85000000000001 | 150.20219467401284 
2021-09-27 00:44:54,790 - INFO - compute | 3 | (0.7000000000000001, 0.6000000000000001) | 9 | 22 | (1, 99, 111) | 222| 62.16 | 175.34943067033976 
2021-09-27 00:44:57,051 - INFO - compute | 3 | (0.7000000000000001, 0.7000000000000001) | 9 | 29 | (1, 73, 99) | 231| 48.50999999999999 | 182.43278236914603 
2021-09-27 00:45:00,998 - INFO - compute | 3 | (0.7000000000000001, 0.8) | 9 | 35 | (1, 27, 99) | 259| 36.260000000000005 | 204.62935720844814 
2021-09-27 00:45:11,848 - INFO - compute | 3 | (0.7000000000000001, 0.9) | 9 | 48 | (1, 27, 99) | 259| 18.12999999999999 | 204.62935720844814 
2021-09-27 00:45:25,150 - INFO - compute | 3 | (0.7000000000000001, 1.0) | 9 | 52 | (1, 27, 99) | 259| 0.0 | 204.62935720844814 
2021-09-27 00:45:25,152 - INFO - compute | 3 | (0.8, 0.0) | 5 | 1 | {53} | 9| 7.2 | 9 
2021-09-27 00:45:25,154 - INFO - load | 3 | (0.8, 0.1) | 5 | 1 | {53} | 9| 6.4799999999999995 | 9 
2021-09-27 00:45:25,157 - INFO - compute | 3 | (0.8, 0.2) | 5 | 3 | {72, 125, 53} | 40| 25.6 | 40 
2021-09-27 00:45:25,163 - INFO - compute | 3 | (0.8, 0.30000000000000004) | 5 | 5 | (143, 50, 125) | 55| 30.800000000000004 | 46.12987144168963 
2021-09-27 00:45:25,210 - INFO - compute | 3 | (0.8, 0.4) | 5 | 10 | (44, 45, 143) | 81| 38.879999999999995 | 68.09129476584022 
2021-09-27 00:45:25,611 - INFO - compute | 3 | (0.8, 0.5) | 5 | 20 | (99, 80, 13) | 106| 42.400000000000006 | 90.26488521579431 
2021-09-27 00:45:26,715 - INFO - compute | 3 | (0.8, 0.6000000000000001) | 5 | 28 | (13, 73, 99) | 115| 36.8 | 97.69438016528925 
2021-09-27 00:45:28,884 - INFO - compute | 3 | (0.8, 0.7000000000000001) | 5 | 35 | (22, 27, 99) | 124| 29.759999999999998 | 105.65563820018367 
2021-09-27 00:45:34,694 - INFO - compute | 3 | (0.8, 0.8) | 5 | 48 | (22, 27, 99) | 124| 19.83999999999999 | 105.65563820018367 
2021-09-27 00:45:42,991 - INFO - compute | 3 | (0.8, 0.9) | 5 | 53 | (22, 27, 99) | 124| 9.919999999999995 | 105.65563820018367 
2021-09-27 00:45:51,336 - INFO - compute | 3 | (0.8, 1.0) | 5 | 54 | (22, 27, 99) | 124| 0.0 | 105.65563820018367 
2021-09-27 00:45:51,347 - INFO - compute | 3 | (0.9, 0.0) | 1 | 1 | {53} | 4| 3.6 | 4 
2021-09-27 00:45:51,350 - INFO - load | 3 | (0.9, 0.1) | 1 | 1 | {53} | 4| 3.24 | 4 
2021-09-27 00:45:51,353 - INFO - compute | 3 | (0.9, 0.2) | 1 | 3 | {72, 125, 53} | 7| 5.04 | 7 
2021-09-27 00:45:51,357 - INFO - compute | 3 | (0.9, 0.30000000000000004) | 1 | 6 | (50, 53, 125) | 10| 6.299999999999999 | 9.111570247933885 
2021-09-27 00:45:51,386 - INFO - compute | 3 | (0.9, 0.4) | 1 | 14 | (1, 45, 13) | 19| 10.260000000000002 | 17.31198347107438 
2021-09-27 00:45:51,527 - INFO - compute | 3 | (0.9, 0.5) | 1 | 24 | (1, 99, 111) | 24| 10.8 | 21.867768595041326 
2021-09-27 00:45:51,937 - INFO - compute | 3 | (0.9, 0.6000000000000001) | 1 | 34 | (1, 27, 99) | 27| 9.719999999999997 | 24.601239669421492 
2021-09-27 00:45:53,098 - INFO - compute | 3 | (0.9, 0.7000000000000001) | 1 | 48 | (1, 27, 99) | 27| 7.289999999999997 | 24.601239669421492 
2021-09-27 00:45:54,680 - INFO - compute | 3 | (0.9, 0.8) | 1 | 53 | (1, 27, 99) | 27| 4.8599999999999985 | 24.601239669421492 
2021-09-27 00:45:56,487 - INFO - compute | 3 | (0.9, 0.9) | 1 | 54 | (1, 27, 99) | 27| 2.4299999999999993 | 24.601239669421492 
2021-09-27 00:45:56,489 - INFO - load | 3 | (0.9, 1.0) | 1 | 54 | (1, 27, 99) | 27| 0.0 | 24.601239669421492 
2021-09-27 00:45:56,492 - INFO - compute | 3 | (1.0, 0.0) | 0 | 1 | {53} | 0| 0.0 | 0 
2021-09-27 00:45:56,495 - INFO - load | 3 | (1.0, 0.1) | 0 | 1 | {53} | 0| 0.0 | 0 
2021-09-27 00:45:56,497 - INFO - compute | 3 | (1.0, 0.2) | 0 | 4 | (125, 53, 143) | 0| 0.0 | 0 
2021-09-27 00:45:56,500 - INFO - compute | 3 | (1.0, 0.30000000000000004) | 0 | 9 | (143, 183, 125) | 0| 0.0 | 0 
2021-09-27 00:45:56,505 - INFO - compute | 3 | (1.0, 0.4) | 0 | 20 | (183, 143, 125) | 0| 0.0 | 0 
2021-09-27 00:45:56,512 - INFO - compute | 3 | (1.0, 0.5) | 0 | 29 | (206, 111, 125) | 0| 0.0 | 0 
2021-09-27 00:45:56,528 - INFO - compute | 3 | (1.0, 0.6000000000000001) | 0 | 41 | (215, 111, 125) | 0| 0.0 | 0 
2021-09-27 00:45:56,558 - INFO - compute | 3 | (1.0, 0.7000000000000001) | 0 | 52 | (215, 111, 125) | 0| 0.0 | 0 
2021-09-27 00:45:56,591 - INFO - compute | 3 | (1.0, 0.8) | 0 | 54 | (215, 111, 125) | 0| 0.0 | 0 
2021-09-27 00:45:56,594 - INFO - load | 3 | (1.0, 0.9) | 0 | 54 | (215, 111, 125) | 0| 0.0 | 0 
2021-09-27 00:45:56,596 - INFO - load | 3 | (1.0, 1.0) | 0 | 54 | (215, 111, 125) | 0| 0.0 | 0 
