2021-09-25 16:17:26,956 - INFO - run algo
2021-09-25 16:17:26,967 - INFO - 217
2021-09-25 16:17:26,967 - INFO - 217
2021-09-25 16:17:26,972 - INFO - load:
2021-09-25 16:17:26,973 - INFO - Finish random requester set R and supplier set S 
                             percent_R=0.25, num_R=55, len_R=55 
                             percent_S=0.25, num_S=55, len_S=54
2021-09-25 16:17:27,497 - INFO - Finish generate valuations and costs using using gamma=2.0
2021-09-25 16:17:27,861 - INFO - ********** (0.0, 0.0, 0.0)
2021-09-25 16:17:27,862 - INFO - max_history_budget=2, max_history_result=(set(), 0.0, 0.0)
2021-09-25 16:17:27,862 - INFO - load | 1 | (0.0,0.0) | 55 | 0 | set() | 0| 0.0 | 0.0 
2021-09-25 16:17:27,862 - INFO - load | 2 | (0.0,0.0) | 55 | 0 | set() | 0.0| 0.0 | 0.0 
2021-09-25 16:17:27,864 - INFO - compute | 2 | (0.0,0.0) | 55 | 0 | set() | 0.0| 0.0 | 0.0 
2021-09-25 16:17:27,864 - INFO - ********** (0.0, 0.2, 0.0)
2021-09-25 16:17:27,864 - INFO - max_history_budget=3, max_history_result=(set(), 0.0, 0.0)
2021-09-25 16:17:27,864 - INFO - load | 1 | (0.0,0.0) | 55 | 0 | set() | 0| 0.0 | 0.0 
2021-09-25 16:17:27,865 - INFO - load | 2 | (0.0,0.0) | 55 | 0 | set() | 0.0| 0.0 | 0.0 
2021-09-25 16:17:27,865 - INFO - load | 3 | (0.0,0.0) | 55 | 0 | set() | 0.0| 0.0 | 0.0 
2021-09-25 16:17:27,865 - INFO - ********** (0.0, 0.4, 0.0)
2021-09-25 16:17:27,865 - INFO - max_history_budget=3, max_history_result=(set(), 0.0, 0.0)
2021-09-25 16:17:27,865 - INFO - load | 1 | (0.0,0.0) | 55 | 0 | set() | 0| 0.0 | 0.0 
2021-09-25 16:17:27,865 - INFO - load | 2 | (0.0,0.0) | 55 | 0 | set() | 0.0| 0.0 | 0.0 
2021-09-25 16:17:27,865 - INFO - load | 3 | (0.0,0.0) | 55 | 0 | set() | 0.0| 0.0 | 0.0 
2021-09-25 16:17:27,865 - INFO - ********** (0.0, 0.6000000000000001, 0.0)
2021-09-25 16:17:27,865 - INFO - max_history_budget=3, max_history_result=(set(), 0.0, 0.0)
2021-09-25 16:17:27,866 - INFO - load | 1 | (0.0,0.0) | 55 | 0 | set() | 0| 0.0 | 0.0 
2021-09-25 16:17:27,866 - INFO - load | 2 | (0.0,0.0) | 55 | 0 | set() | 0.0| 0.0 | 0.0 
2021-09-25 16:17:27,866 - INFO - load | 3 | (0.0,0.0) | 55 | 0 | set() | 0.0| 0.0 | 0.0 
2021-09-25 16:17:27,866 - INFO - ********** (0.0, 0.8, 0.0)
2021-09-25 16:17:27,866 - INFO - max_history_budget=3, max_history_result=(set(), 0.0, 0.0)
2021-09-25 16:17:27,866 - INFO - load | 1 | (0.0,0.0) | 55 | 0 | set() | 0| 0.0 | 0.0 
2021-09-25 16:17:27,866 - INFO - load | 2 | (0.0,0.0) | 55 | 0 | set() | 0.0| 0.0 | 0.0 
2021-09-25 16:17:27,866 - INFO - load | 3 | (0.0,0.0) | 55 | 0 | set() | 0.0| 0.0 | 0.0 
2021-09-25 16:17:27,866 - INFO - ********** (0.0, 1.0, 0.0)
2021-09-25 16:17:27,867 - INFO - max_history_budget=3, max_history_result=(set(), 0.0, 0.0)
2021-09-25 16:17:27,867 - INFO - load | 1 | (0.0,0.0) | 55 | 0 | set() | 0| 0.0 | 0.0 
2021-09-25 16:17:27,867 - INFO - load | 2 | (0.0,0.0) | 55 | 0 | set() | 0.0| 0.0 | 0.0 
2021-09-25 16:17:27,867 - INFO - load | 3 | (0.0,0.0) | 55 | 0 | set() | 0.0| 0.0 | 0.0 
2021-09-25 16:17:27,867 - INFO - ********** (0.2, 0.0, 0.0)
2021-09-25 16:17:27,867 - INFO - max_history_budget=3, max_history_result=(set(), 0.0, 0.0)
2021-09-25 16:17:27,867 - INFO - load | 1 | (0.2,0.0) | 55 | 0 | set() | 0| 0.0 | 0.0 
2021-09-25 16:17:27,867 - INFO - load | 2 | (0.2,0.0) | 55 | 0 | set() | 0.0| 0.0 | 0.0 
2021-09-25 16:17:27,867 - INFO - load | 3 | (0.2,0.0) | 55 | 0 | set() | 0.0| 0.0 | 0.0 
2021-09-25 16:17:27,867 - INFO - ********** (0.2, 0.2, 0.04000000000000001)
2021-09-25 16:17:27,868 - INFO - max_history_budget=3, max_history_result=(set(), 0.0, 0.0)
2021-09-25 16:17:27,868 - INFO - load | 1 | (0.2,0.04000000000000001) | 55 | 0 | set() | 0| 0.0 | 0.0 
2021-09-25 16:17:27,868 - INFO - load | 2 | (0.2,0.04000000000000001) | 55 | 0 | set() | 0.0| 0.0 | 0.0 
2021-09-25 16:17:27,868 - INFO - load | 3 | (0.2,0.04000000000000001) | 55 | 0 | set() | 0.0| 0.0 | 0.0 
2021-09-25 16:17:27,868 - INFO - ********** (0.2, 0.4, 0.08000000000000002)
2021-09-25 16:17:27,868 - INFO - max_history_budget=3, max_history_result=(set(), 0.0, 0.0)
2021-09-25 16:17:27,868 - INFO - load | 1 | (0.2,0.08000000000000002) | 55 | 0 | set() | 0| 0.0 | 0.0 
2021-09-25 16:17:27,868 - INFO - load | 2 | (0.2,0.08000000000000002) | 55 | 0 | set() | 0.0| 0.0 | 0.0 
2021-09-25 16:17:27,868 - INFO - load | 3 | (0.2,0.08000000000000002) | 55 | 0 | set() | 0.0| 0.0 | 0.0 
2021-09-25 16:17:27,868 - INFO - ********** (0.2, 0.6000000000000001, 0.12000000000000002)
2021-09-25 16:17:27,869 - INFO - max_history_budget=2, max_history_result=({168}, 631, 50.47999999999999)
2021-09-25 16:17:27,869 - INFO - load | 1 | (0.2,0.12000000000000002) | 55 | 1 | {168} | 631| 50.47999999999999 | 305.5412213039487 
2021-09-25 16:17:27,869 - INFO - load | 2 | (0.2,0.12000000000000002) | 55 | 1 | {168} | 631| 50.47999999999999 | 305.5412213039487 
2021-09-25 16:17:27,874 - INFO - compute | 2 | (0.2,0.12000000000000002) | 55 | 1 | {168} | 305.5412213039487| 24.443297704315892 | 305.5412213039487 
2021-09-25 16:17:27,874 - INFO - ********** (0.2, 0.8, 0.16000000000000003)
2021-09-25 16:17:27,875 - INFO - max_history_budget=2, max_history_result=({168, 125}, 1093, 43.71999999999998)
2021-09-25 16:17:27,875 - INFO - load | 1 | (0.2,0.16000000000000003) | 55 | 2 | {125} | 671| 26.839999999999986 | 337.3171258034894 
2021-09-25 16:17:27,875 - INFO - load | 2 | (0.2,0.16000000000000003) | 55 | 2 | {168, 125} | 1093| 43.71999999999998 | 541.5358126721763 
2021-09-25 16:17:27,881 - INFO - compute | 2 | (0.2,0.16000000000000003) | 55 | 2 | {168, 125} | 1093| 43.71999999999998 | 541.5358126721763 
2021-09-25 16:17:27,881 - INFO - ********** (0.2, 1.0, 0.2)
2021-09-25 16:17:27,882 - INFO - max_history_budget=2, max_history_result=({125, 46}, 1375, 0.0)
2021-09-25 16:17:27,882 - INFO - load | 1 | (0.2,0.2) | 55 | 3 | {46} | 787| 0.0 | 404.6701561065198 
2021-09-25 16:17:27,882 - INFO - load | 2 | (0.2,0.2) | 55 | 3 | {125, 46} | 1375| 0.0 | 700.02854912764 
2021-09-25 16:17:27,894 - INFO - compute | 2 | (0.2,0.2) | 55 | 3 | {168, 125, 46} | 1770| 0.0 | 891.3700918273645 
2021-09-25 16:17:27,895 - INFO - ********** (0.4, 0.0, 0.0)
2021-09-25 16:17:27,895 - INFO - max_history_budget=2, max_history_result=(set(), 0.0, 0.0)
2021-09-25 16:17:27,895 - INFO - load | 1 | (0.4,0.0) | 49 | 0 | set() | 0| 0.0 | 0.0 
2021-09-25 16:17:27,896 - INFO - load | 2 | (0.4,0.0) | 49 | 0 | set() | 0.0| 0.0 | 0.0 
2021-09-25 16:17:27,898 - INFO - compute | 2 | (0.4,0.0) | 49 | 0 | set() | 0.0| 0.0 | 0.0 
2021-09-25 16:17:27,898 - INFO - ********** (0.4, 0.2, 0.08000000000000002)
2021-09-25 16:17:27,898 - INFO - max_history_budget=3, max_history_result=(set(), 0.0, 0.0)
2021-09-25 16:17:27,899 - INFO - load | 1 | (0.4,0.08000000000000002) | 49 | 0 | set() | 0| 0.0 | 0.0 
2021-09-25 16:17:27,899 - INFO - load | 2 | (0.4,0.08000000000000002) | 49 | 0 | set() | 0.0| 0.0 | 0.0 
2021-09-25 16:17:27,899 - INFO - load | 3 | (0.4,0.08000000000000002) | 49 | 0 | set() | 0.0| 0.0 | 0.0 
2021-09-25 16:17:27,899 - INFO - ********** (0.4, 0.4, 0.16000000000000003)
2021-09-25 16:17:27,900 - INFO - max_history_budget=2, max_history_result=({168, 125}, 898, 215.51999999999998)
2021-09-25 16:17:27,900 - INFO - load | 1 | (0.4,0.16000000000000003) | 49 | 2 | {125} | 560| 134.4 | 297.08872359963266 
2021-09-25 16:17:27,900 - INFO - load | 2 | (0.4,0.16000000000000003) | 49 | 2 | {168, 125} | 898| 215.51999999999998 | 470.65639118457307 
2021-09-25 16:17:27,906 - INFO - compute | 2 | (0.4,0.16000000000000003) | 49 | 2 | {168, 125} | 898| 215.51999999999998 | 470.65639118457307 
2021-09-25 16:17:27,906 - INFO - ********** (0.4, 0.6000000000000001, 0.24000000000000005)
2021-09-25 16:17:27,907 - INFO - max_history_budget=2, max_history_result=({125, 46}, 1147, 183.51999999999998)
2021-09-25 16:17:27,907 - INFO - load | 1 | (0.4,0.24000000000000005) | 49 | 5 | {46} | 656| 104.95999999999998 | 356.75964187327827 
2021-09-25 16:17:27,907 - INFO - load | 2 | (0.4,0.24000000000000005) | 49 | 5 | {125, 46} | 1147| 183.51999999999998 | 616.9550229568409 
2021-09-25 16:17:27,925 - INFO - compute | 2 | (0.4,0.24000000000000005) | 49 | 5 | {125, 46, 149} | 1510| 241.59999999999997 | 812.2843985307619 
2021-09-25 16:17:27,925 - INFO - ********** (0.4, 0.8, 0.32000000000000006)
2021-09-25 16:17:27,925 - INFO - max_history_budget=2, max_history_result=({49, 46}, 1202, 96.15999999999995)
2021-09-25 16:17:27,926 - INFO - load | 1 | (0.4,0.32000000000000006) | 49 | 10 | {46} | 656| 52.479999999999976 | 356.75964187327827 
2021-09-25 16:17:27,926 - INFO - load | 2 | (0.4,0.32000000000000006) | 49 | 10 | {49, 46} | 1202| 96.15999999999995 | 657.9187419651055 
2021-09-25 16:17:27,960 - INFO - compute | 2 | (0.4,0.32000000000000006) | 49 | 10 | {49, 125, 46} | 1675| 133.99999999999994 | 908.951469237833 
2021-09-25 16:17:27,960 - INFO - ********** (0.4, 1.0, 0.4)
2021-09-25 16:17:27,961 - INFO - max_history_budget=2, max_history_result=({150, 46}, 1333, 0.0)
2021-09-25 16:17:27,961 - INFO - load | 1 | (0.4,0.4) | 49 | 19 | {150} | 787| 0.0 | 435.02144168962354 
2021-09-25 16:17:27,961 - INFO - load | 2 | (0.4,0.4) | 49 | 19 | {150, 46} | 1333| 0.0 | 732.4187052341596 
2021-09-25 16:17:28,026 - INFO - compute | 2 | (0.4,0.4) | 49 | 19 | {1, 150, 46} | 1903| 0.0 | 1053.3110835629016 
2021-09-25 16:17:28,026 - INFO - ********** (0.6000000000000001, 0.0, 0.0)
2021-09-25 16:17:28,027 - INFO - max_history_budget=2, max_history_result=(set(), 0.0, 0.0)
2021-09-25 16:17:28,027 - INFO - load | 1 | (0.6000000000000001,0.0) | 21 | 0 | set() | 0| 0.0 | 0.0 
2021-09-25 16:17:28,028 - INFO - load | 2 | (0.6000000000000001,0.0) | 21 | 0 | set() | 0.0| 0.0 | 0.0 
2021-09-25 16:17:28,029 - INFO - compute | 2 | (0.6000000000000001,0.0) | 21 | 0 | set() | 0.0| 0.0 | 0.0 
2021-09-25 16:17:28,029 - INFO - ********** (0.6000000000000001, 0.2, 0.12000000000000002)
2021-09-25 16:17:28,029 - INFO - max_history_budget=2, max_history_result=({168}, 101, 48.48000000000001)
2021-09-25 16:17:28,030 - INFO - load | 1 | (0.6000000000000001,0.12000000000000002) | 21 | 1 | {168} | 101| 48.48000000000001 | 64.6018365472911 
2021-09-25 16:17:28,030 - INFO - load | 2 | (0.6000000000000001,0.12000000000000002) | 21 | 1 | {168} | 101| 48.48000000000001 | 64.6018365472911 
2021-09-25 16:17:28,032 - INFO - compute | 2 | (0.6000000000000001,0.12000000000000002) | 21 | 1 | {168} | 64.6018365472911| 31.008881542699733 | 64.6018365472911 
2021-09-25 16:17:28,032 - INFO - ********** (0.6000000000000001, 0.4, 0.24000000000000005)
2021-09-25 16:17:28,033 - INFO - max_history_budget=2, max_history_result=({125, 46}, 322, 115.92000000000002)
2021-09-25 16:17:28,033 - INFO - load | 1 | (0.6000000000000001,0.24000000000000005) | 21 | 5 | {46} | 189| 68.04 | 126.20194674012858 
2021-09-25 16:17:28,034 - INFO - load | 2 | (0.6000000000000001,0.24000000000000005) | 21 | 5 | {125, 46} | 322| 115.92000000000002 | 212.42843893480256 
2021-09-25 16:17:28,041 - INFO - compute | 2 | (0.6000000000000001,0.24000000000000005) | 21 | 5 | {125, 46, 149} | 431| 155.16000000000003 | 283.4419283746556 
2021-09-25 16:17:28,041 - INFO - ********** (0.6000000000000001, 0.6000000000000001, 0.3600000000000001)
2021-09-25 16:17:28,042 - INFO - max_history_budget=2, max_history_result=({1, 49}, 384, 92.16)
2021-09-25 16:17:28,043 - INFO - load | 1 | (0.6000000000000001,0.3600000000000001) | 21 | 14 | {1} | 227| 54.48 | 155.30708907254362 
2021-09-25 16:17:28,044 - INFO - load | 2 | (0.6000000000000001,0.3600000000000001) | 21 | 14 | {1, 49} | 384| 92.16 | 262.0334435261708 
2021-09-25 16:17:28,065 - INFO - compute | 2 | (0.6000000000000001,0.3600000000000001) | 21 | 14 | {1, 46, 49} | 544| 130.56 | 368.86704315886135 
2021-09-25 16:17:28,065 - INFO - ********** (0.6000000000000001, 0.8, 0.4800000000000001)
2021-09-25 16:17:28,066 - INFO - max_history_budget=2, max_history_result=({1, 150}, 498, 59.76)
2021-09-25 16:17:28,067 - INFO - load | 1 | (0.6000000000000001,0.4800000000000001) | 21 | 32 | {150} | 271| 32.519999999999996 | 182.81055096418734 
2021-09-25 16:17:28,068 - INFO - load | 2 | (0.6000000000000001,0.4800000000000001) | 21 | 32 | {1, 150} | 498| 59.76 | 338.1176400367309 
2021-09-25 16:17:28,115 - INFO - compute | 2 | (0.6000000000000001,0.4800000000000001) | 21 | 32 | {1, 150, 49} | 655| 78.6 | 444.8439944903582 
2021-09-25 16:17:28,115 - INFO - ********** (0.6000000000000001, 1.0, 0.6000000000000001)
2021-09-25 16:17:28,116 - INFO - max_history_budget=2, max_history_result=({1, 150}, 498, 0.0)
2021-09-25 16:17:28,116 - INFO - load | 1 | (0.6000000000000001,0.6000000000000001) | 21 | 46 | {150} | 271| 0.0 | 182.81055096418734 
2021-09-25 16:17:28,117 - INFO - load | 2 | (0.6000000000000001,0.6000000000000001) | 21 | 46 | {1, 150} | 498| 0.0 | 338.1176400367309 
2021-09-25 16:17:28,183 - INFO - compute | 2 | (0.6000000000000001,0.6000000000000001) | 21 | 46 | {1, 150, 49} | 655| 0.0 | 444.8439944903582 
2021-09-25 16:17:28,183 - INFO - ********** (0.8, 0.0, 0.0)
2021-09-25 16:17:28,184 - INFO - max_history_budget=2, max_history_result=(set(), 0.0, 0.0)
2021-09-25 16:17:28,184 - INFO - load | 1 | (0.8,0.0) | 3 | 0 | set() | 0| 0.0 | 0.0 
2021-09-25 16:17:28,185 - INFO - load | 2 | (0.8,0.0) | 3 | 0 | set() | 0.0| 0.0 | 0.0 
2021-09-25 16:17:28,185 - INFO - compute | 2 | (0.8,0.0) | 3 | 0 | set() | 0.0| 0.0 | 0.0 
2021-09-25 16:17:28,185 - INFO - ********** (0.8, 0.2, 0.16000000000000003)
2021-09-25 16:17:28,186 - INFO - max_history_budget=2, max_history_result=({168, 125}, 12, 7.68)
2021-09-25 16:17:28,187 - INFO - load | 1 | (0.8,0.16000000000000003) | 3 | 2 | {125} | 10| 6.4 | 8.156106519742883 
2021-09-25 16:17:28,187 - INFO - load | 2 | (0.8,0.16000000000000003) | 3 | 2 | {168, 125} | 12| 7.68 | 9.86457300275482 
2021-09-25 16:17:28,188 - INFO - compute | 2 | (0.8,0.16000000000000003) | 3 | 2 | {168, 125} | 12| 7.68 | 9.86457300275482 
2021-09-25 16:17:28,188 - INFO - ********** (0.8, 0.4, 0.32000000000000006)
2021-09-25 16:17:28,189 - INFO - max_history_budget=2, max_history_result=({46, 47}, 31, 14.879999999999999)
2021-09-25 16:17:28,190 - INFO - load | 1 | (0.8,0.32000000000000006) | 3 | 10 | {47} | 18| 8.64 | 15.122203856749309 
2021-09-25 16:17:28,190 - INFO - load | 2 | (0.8,0.32000000000000006) | 3 | 10 | {46, 47} | 31| 14.879999999999999 | 25.845876951331494 
2021-09-25 16:17:28,193 - INFO - compute | 2 | (0.8,0.32000000000000006) | 3 | 10 | {62, 46, 47} | 40| 19.2 | 33.44022038567493 
2021-09-25 16:17:28,193 - INFO - ********** (0.8, 0.6000000000000001, 0.4800000000000001)
2021-09-25 16:17:28,194 - INFO - max_history_budget=2, max_history_result=({173, 150}, 35, 11.199999999999998)
2021-09-25 16:17:28,195 - INFO - load | 1 | (0.8,0.4800000000000001) | 3 | 32 | {150} | 31| 9.919999999999998 | 25.52539944903581 
2021-09-25 16:17:28,195 - INFO - load | 2 | (0.8,0.4800000000000001) | 3 | 32 | {173, 150} | 35| 11.199999999999998 | 28.79889807162534 
2021-09-25 16:17:28,203 - INFO - compute | 2 | (0.8,0.4800000000000001) | 3 | 32 | {173, 150, 167} | 38| 12.159999999999998 | 31.31191919191919 
2021-09-25 16:17:28,203 - INFO - ********** (0.8, 0.8, 0.6400000000000001)
2021-09-25 16:17:28,204 - INFO - max_history_budget=2, max_history_result=({109, 150}, 55, 8.799999999999995)
2021-09-25 16:17:28,204 - INFO - load | 1 | (0.8,0.6400000000000001) | 3 | 48 | {150} | 31| 4.959999999999997 | 25.52539944903581 
2021-09-25 16:17:28,205 - INFO - load | 2 | (0.8,0.6400000000000001) | 3 | 48 | {109, 150} | 55| 8.799999999999995 | 45.79540863177226 
2021-09-25 16:17:28,216 - INFO - compute | 2 | (0.8,0.6400000000000001) | 3 | 48 | {109, 150, 173} | 59| 9.439999999999996 | 49.068907254361804 
2021-09-25 16:17:28,216 - INFO - ********** (0.8, 1.0, 0.8)
2021-09-25 16:17:28,217 - INFO - max_history_budget=2, max_history_result=({109, 150}, 55, 0.0)
2021-09-25 16:17:28,218 - INFO - load | 1 | (0.8,0.8) | 3 | 54 | {150} | 31| 0.0 | 25.52539944903581 
2021-09-25 16:17:28,219 - INFO - load | 2 | (0.8,0.8) | 3 | 54 | {109, 150} | 55| 0.0 | 45.79540863177226 
2021-09-25 16:17:28,230 - INFO - compute | 2 | (0.8,0.8) | 3 | 54 | {109, 150, 173} | 59| 0.0 | 49.068907254361804 
2021-09-25 16:17:28,230 - INFO - ********** (1.0, 0.0, 0.0)
2021-09-25 16:17:28,232 - INFO - max_history_budget=2, max_history_result=(set(), 0, 0.0)
2021-09-25 16:17:28,233 - INFO - load | 1 | (1.0,0.0) | 0 | 0 | set() | 0| 0.0 | 0 
2021-09-25 16:17:28,234 - INFO - load | 2 | (1.0,0.0) | 0 | 0 | set() | 0| 0.0 | 0 
2021-09-25 16:17:28,234 - INFO - compute | 2 | (1.0,0.0) | 0 | 0 | set() | 0| 0.0 | 0 
2021-09-25 16:17:28,234 - INFO - ********** (1.0, 0.2, 0.2)
2021-09-25 16:17:28,236 - INFO - max_history_budget=2, max_history_result=({125, 46}, 0, 0.0)
2021-09-25 16:17:28,236 - INFO - load | 1 | (1.0,0.2) | 0 | 3 | {46} | 0| 0.0 | 0 
2021-09-25 16:17:28,237 - INFO - load | 2 | (1.0,0.2) | 0 | 3 | {125, 46} | 0| 0.0 | 0 
2021-09-25 16:17:28,237 - INFO - compute | 2 | (1.0,0.2) | 0 | 3 | {168, 125, 46} | 0| 0.0 | 0 
2021-09-25 16:17:28,237 - INFO - ********** (1.0, 0.4, 0.4)
2021-09-25 16:17:28,238 - INFO - max_history_budget=2, max_history_result=({61, 62}, 0, 0.0)
2021-09-25 16:17:28,239 - INFO - load | 1 | (1.0,0.4) | 0 | 19 | {62} | 0| 0.0 | 0 
2021-09-25 16:17:28,240 - INFO - load | 2 | (1.0,0.4) | 0 | 19 | {61, 62} | 0| 0.0 | 0 
2021-09-25 16:17:28,240 - INFO - compute | 2 | (1.0,0.4) | 0 | 19 | {125, 61, 62} | 0| 0.0 | 0 
2021-09-25 16:17:28,240 - INFO - ********** (1.0, 0.6000000000000001, 0.6000000000000001)
2021-09-25 16:17:28,241 - INFO - max_history_budget=2, max_history_result=({122, 125}, 0, 0.0)
2021-09-25 16:17:28,242 - INFO - load | 1 | (1.0,0.6000000000000001) | 0 | 46 | {125} | 0| 0.0 | 0 
2021-09-25 16:17:28,243 - INFO - load | 2 | (1.0,0.6000000000000001) | 0 | 46 | {122, 125} | 0| 0.0 | 0 
2021-09-25 16:17:28,243 - INFO - compute | 2 | (1.0,0.6000000000000001) | 0 | 46 | {122, 125, 102} | 0| 0.0 | 0 
2021-09-25 16:17:28,243 - INFO - ********** (1.0, 0.8, 0.8)
2021-09-25 16:17:28,244 - INFO - max_history_budget=2, max_history_result=({122, 125}, 0, 0.0)
2021-09-25 16:17:28,245 - INFO - load | 1 | (1.0,0.8) | 0 | 54 | {125} | 0| 0.0 | 0 
2021-09-25 16:17:28,246 - INFO - load | 2 | (1.0,0.8) | 0 | 54 | {122, 125} | 0| 0.0 | 0 
2021-09-25 16:17:28,246 - INFO - compute | 2 | (1.0,0.8) | 0 | 54 | {122, 109, 125} | 0| 0.0 | 0 
2021-09-25 16:17:28,246 - INFO - ********** (1.0, 1.0, 1.0)
2021-09-25 16:17:28,247 - INFO - max_history_budget=3, max_history_result=({122, 109, 125}, 0, 0.0)
2021-09-25 16:17:28,248 - INFO - load | 1 | (1.0,1.0) | 0 | 54 | {125} | 0| 0.0 | 0 
2021-09-25 16:17:28,248 - INFO - load | 2 | (1.0,1.0) | 0 | 54 | {122, 125} | 0| 0.0 | 0 
2021-09-25 16:17:28,249 - INFO - load | 3 | (1.0,1.0) | 0 | 54 | {122, 109, 125} | 0| 0.0 | 0 
