2021-09-13 04:26:50,157 - INFO - Namespace(beta_paras='3,6,6,3', budget_list='3', did='d1', grain_list_p='10', grain_list_pq='10+10', grain_list_q='10', method='greedy', percent_R='0.25', percent_S='0.25', seed='32', version='v09130426')
2021-09-13 04:26:50,172 - INFO - Finish random requester set R and supplier set S 
                             percent_R=0.25, num_R=55, len_R=55 
                             percent_S=0.25, num_S=55, len_S=54
2021-09-13 04:26:50,172 - INFO - Finish random valuations using v_beta_paras for R and costs using c_beta_paras for S
2021-09-13 04:26:51,123 - INFO - length of pq_list = 64 under grain_tuple = 10+10
2021-09-13 04:26:51,123 - INFO - budget_last = 0
2021-09-13 04:26:51,131 - INFO - compute: budget=1; scheme=(0.0,0.30000000000000004); result=({109}, 455) 
2021-09-13 04:26:51,131 - INFO - budget_last = 1
2021-09-13 04:26:51,138 - INFO - compute: budget=2; scheme=(0.0,0.30000000000000004); result=({172, 109}, 876) 
2021-09-13 04:26:51,138 - INFO - budget_last = 2
2021-09-13 04:26:51,144 - INFO - compute: budget=3; scheme=(0.0,0.30000000000000004); result=({17, 172, 109}, 1279) 
2021-09-13 04:26:51,144 - INFO -  max history budget=3
2021-09-13 04:26:51,144 - INFO - load: budget=1; scheme=(0.0,0.4); result=({17, 172, 109}, 455) 
2021-09-13 04:26:51,144 - INFO - load: budget=2; scheme=(0.0,0.4); result=({17, 172, 109}, 876) 
2021-09-13 04:26:51,144 - INFO - load: budget=3; scheme=(0.0,0.4); result=({17, 172, 109}, 1279) 
2021-09-13 04:26:51,144 - INFO - budget_last = 0
2021-09-13 04:26:51,168 - INFO - compute: budget=1; scheme=(0.0,0.5); result=({49}, 751) 
2021-09-13 04:26:51,168 - INFO - budget_last = 1
2021-09-13 04:26:51,190 - INFO - compute: budget=2; scheme=(0.0,0.5); result=({49, 205}, 1267) 
2021-09-13 04:26:51,190 - INFO - budget_last = 2
2021-09-13 04:26:51,212 - INFO - compute: budget=3; scheme=(0.0,0.5); result=({49, 109, 205}, 1352) 
2021-09-13 04:26:51,213 - INFO - budget_last = 0
2021-09-13 04:26:51,250 - INFO - compute: budget=1; scheme=(0.0,0.6000000000000001); result=({49}, 751) 
2021-09-13 04:26:51,250 - INFO - budget_last = 1
2021-09-13 04:26:51,286 - INFO - compute: budget=2; scheme=(0.0,0.6000000000000001); result=({49, 169}, 1295) 
2021-09-13 04:26:51,286 - INFO - budget_last = 2
2021-09-13 04:26:51,321 - INFO - compute: budget=3; scheme=(0.0,0.6000000000000001); result=({49, 169, 167}, 1895) 
2021-09-13 04:26:51,321 - INFO - budget_last = 0
2021-09-13 04:26:51,387 - INFO - compute: budget=1; scheme=(0.0,0.7000000000000001); result=({49}, 751) 
2021-09-13 04:26:51,387 - INFO - budget_last = 1
2021-09-13 04:26:51,454 - INFO - compute: budget=2; scheme=(0.0,0.7000000000000001); result=({49, 125}, 1398) 
2021-09-13 04:26:51,454 - INFO - budget_last = 2
2021-09-13 04:26:51,518 - INFO - compute: budget=3; scheme=(0.0,0.7000000000000001); result=({49, 169, 125}, 1942) 
2021-09-13 04:26:51,518 - INFO - budget_last = 0
2021-09-13 04:26:51,611 - INFO - compute: budget=1; scheme=(0.0,0.8); result=({150}, 914) 
2021-09-13 04:26:51,611 - INFO - budget_last = 1
2021-09-13 04:26:51,703 - INFO - compute: budget=2; scheme=(0.0,0.8); result=({1, 150}, 1668) 
2021-09-13 04:26:51,703 - INFO - budget_last = 2
2021-09-13 04:26:51,793 - INFO - compute: budget=3; scheme=(0.0,0.8); result=({1, 150, 49}, 2236) 
2021-09-13 04:26:51,793 - INFO - budget_last = 0
2021-09-13 04:26:51,898 - INFO - compute: budget=1; scheme=(0.0,0.9); result=({150}, 914) 
2021-09-13 04:26:51,898 - INFO - budget_last = 1
2021-09-13 04:26:52,001 - INFO - compute: budget=2; scheme=(0.0,0.9); result=({46, 150}, 1568) 
2021-09-13 04:26:52,001 - INFO - budget_last = 2
2021-09-13 04:26:52,104 - INFO - compute: budget=3; scheme=(0.0,0.9); result=({46, 1, 150}, 2246) 
2021-09-13 04:26:52,104 - INFO - budget_last = 0
2021-09-13 04:26:52,210 - INFO - compute: budget=1; scheme=(0.0,1.0); result=({150}, 914) 
2021-09-13 04:26:52,210 - INFO - budget_last = 1
2021-09-13 04:26:52,323 - INFO - compute: budget=2; scheme=(0.0,1.0); result=({46, 150}, 1568) 
2021-09-13 04:26:52,323 - INFO - budget_last = 2
2021-09-13 04:26:52,428 - INFO - compute: budget=3; scheme=(0.0,1.0); result=({46, 1, 150}, 2246) 
2021-09-13 04:26:52,428 - INFO - budget_last = 0
2021-09-13 04:26:52,435 - INFO - compute: budget=1; scheme=(0.1,0.30000000000000004); result=({109}, 441) 
2021-09-13 04:26:52,435 - INFO - budget_last = 1
2021-09-13 04:26:52,441 - INFO - compute: budget=2; scheme=(0.1,0.30000000000000004); result=({172, 109}, 831) 
2021-09-13 04:26:52,442 - INFO - budget_last = 2
2021-09-13 04:26:52,447 - INFO - compute: budget=3; scheme=(0.1,0.30000000000000004); result=({17, 172, 109}, 1207) 
2021-09-13 04:26:52,447 - INFO -  max history budget=3
2021-09-13 04:26:52,447 - INFO - load: budget=1; scheme=(0.1,0.4); result=({17, 172, 109}, 441) 
2021-09-13 04:26:52,447 - INFO - load: budget=2; scheme=(0.1,0.4); result=({17, 172, 109}, 831) 
2021-09-13 04:26:52,447 - INFO - load: budget=3; scheme=(0.1,0.4); result=({17, 172, 109}, 1207) 
2021-09-13 04:26:52,447 - INFO - budget_last = 0
2021-09-13 04:26:52,470 - INFO - compute: budget=1; scheme=(0.1,0.5); result=({49}, 702) 
2021-09-13 04:26:52,470 - INFO - budget_last = 1
2021-09-13 04:26:52,491 - INFO - compute: budget=2; scheme=(0.1,0.5); result=({49, 205}, 1200) 
2021-09-13 04:26:52,492 - INFO - budget_last = 2
2021-09-13 04:26:52,512 - INFO - compute: budget=3; scheme=(0.1,0.5); result=({49, 109, 205}, 1283) 
2021-09-13 04:26:52,512 - INFO - budget_last = 0
2021-09-13 04:26:52,548 - INFO - compute: budget=1; scheme=(0.1,0.6000000000000001); result=({49}, 702) 
2021-09-13 04:26:52,548 - INFO - budget_last = 1
2021-09-13 04:26:52,582 - INFO - compute: budget=2; scheme=(0.1,0.6000000000000001); result=({49, 169}, 1219) 
2021-09-13 04:26:52,583 - INFO - budget_last = 2
2021-09-13 04:26:52,615 - INFO - compute: budget=3; scheme=(0.1,0.6000000000000001); result=({49, 169, 167}, 1778) 
2021-09-13 04:26:52,615 - INFO - budget_last = 0
2021-09-13 04:26:52,678 - INFO - compute: budget=1; scheme=(0.1,0.7000000000000001); result=({49}, 702) 
2021-09-13 04:26:52,678 - INFO - budget_last = 1
2021-09-13 04:26:52,739 - INFO - compute: budget=2; scheme=(0.1,0.7000000000000001); result=({49, 125}, 1320) 
2021-09-13 04:26:52,739 - INFO - budget_last = 2
2021-09-13 04:26:52,799 - INFO - compute: budget=3; scheme=(0.1,0.7000000000000001); result=({49, 169, 125}, 1837) 
2021-09-13 04:26:52,799 - INFO - budget_last = 0
2021-09-13 04:26:52,887 - INFO - compute: budget=1; scheme=(0.1,0.8); result=({150}, 857) 
2021-09-13 04:26:52,887 - INFO - budget_last = 1
2021-09-13 04:26:52,973 - INFO - compute: budget=2; scheme=(0.1,0.8); result=({1, 150}, 1562) 
2021-09-13 04:26:52,973 - INFO - budget_last = 2
2021-09-13 04:26:53,059 - INFO - compute: budget=3; scheme=(0.1,0.8); result=({1, 150, 49}, 2094) 
2021-09-13 04:26:53,059 - INFO - budget_last = 0
2021-09-13 04:26:53,158 - INFO - compute: budget=1; scheme=(0.1,0.9); result=({150}, 857) 
2021-09-13 04:26:53,158 - INFO - budget_last = 1
2021-09-13 04:26:53,256 - INFO - compute: budget=2; scheme=(0.1,0.9); result=({46, 150}, 1476) 
2021-09-13 04:26:53,256 - INFO - budget_last = 2
2021-09-13 04:26:53,352 - INFO - compute: budget=3; scheme=(0.1,0.9); result=({46, 1, 150}, 2111) 
2021-09-13 04:26:53,353 - INFO - budget_last = 0
2021-09-13 04:26:53,453 - INFO - compute: budget=1; scheme=(0.1,1.0); result=({150}, 857) 
2021-09-13 04:26:53,453 - INFO - budget_last = 1
2021-09-13 04:26:53,560 - INFO - compute: budget=2; scheme=(0.1,1.0); result=({46, 150}, 1476) 
2021-09-13 04:26:53,561 - INFO - budget_last = 2
2021-09-13 04:26:53,692 - INFO - compute: budget=3; scheme=(0.1,1.0); result=({46, 1, 150}, 2111) 
2021-09-13 04:26:53,698 - INFO - budget_last = 0
2021-09-13 04:26:53,705 - INFO - compute: budget=1; scheme=(0.2,0.30000000000000004); result=({109}, 393) 
2021-09-13 04:26:53,705 - INFO - budget_last = 1
2021-09-13 04:26:53,711 - INFO - compute: budget=2; scheme=(0.2,0.30000000000000004); result=({172, 109}, 742) 
2021-09-13 04:26:53,711 - INFO - budget_last = 2
2021-09-13 04:26:53,715 - INFO - compute: budget=3; scheme=(0.2,0.30000000000000004); result=({17, 172, 109}, 1069) 
2021-09-13 04:26:53,716 - INFO -  max history budget=3
2021-09-13 04:26:53,716 - INFO - load: budget=1; scheme=(0.2,0.4); result=({17, 172, 109}, 393) 
2021-09-13 04:26:53,716 - INFO - load: budget=2; scheme=(0.2,0.4); result=({17, 172, 109}, 742) 
2021-09-13 04:26:53,716 - INFO - load: budget=3; scheme=(0.2,0.4); result=({17, 172, 109}, 1069) 
2021-09-13 04:26:53,716 - INFO - budget_last = 0
2021-09-13 04:26:53,735 - INFO - compute: budget=1; scheme=(0.2,0.5); result=({49}, 599) 
2021-09-13 04:26:53,736 - INFO - budget_last = 1
2021-09-13 04:26:53,754 - INFO - compute: budget=2; scheme=(0.2,0.5); result=({49, 205}, 1043) 
2021-09-13 04:26:53,754 - INFO - budget_last = 2
2021-09-13 04:26:53,771 - INFO - compute: budget=3; scheme=(0.2,0.5); result=({49, 109, 205}, 1116) 
2021-09-13 04:26:53,771 - INFO - budget_last = 0
2021-09-13 04:26:53,801 - INFO - compute: budget=1; scheme=(0.2,0.6000000000000001); result=({49}, 599) 
2021-09-13 04:26:53,801 - INFO - budget_last = 1
2021-09-13 04:26:53,831 - INFO - compute: budget=2; scheme=(0.2,0.6000000000000001); result=({49, 169}, 1050) 
2021-09-13 04:26:53,831 - INFO - budget_last = 2
2021-09-13 04:26:53,860 - INFO - compute: budget=3; scheme=(0.2,0.6000000000000001); result=({49, 169, 167}, 1549) 
2021-09-13 04:26:53,860 - INFO - budget_last = 0
2021-09-13 04:26:53,914 - INFO - compute: budget=1; scheme=(0.2,0.7000000000000001); result=({49}, 599) 
2021-09-13 04:26:53,914 - INFO - budget_last = 1
2021-09-13 04:26:53,966 - INFO - compute: budget=2; scheme=(0.2,0.7000000000000001); result=({49, 125}, 1145) 
2021-09-13 04:26:53,967 - INFO - budget_last = 2
2021-09-13 04:26:54,019 - INFO - compute: budget=3; scheme=(0.2,0.7000000000000001); result=({49, 169, 125}, 1596) 
2021-09-13 04:26:54,019 - INFO - budget_last = 0
2021-09-13 04:26:54,095 - INFO - compute: budget=1; scheme=(0.2,0.8); result=({150}, 762) 
2021-09-13 04:26:54,095 - INFO - budget_last = 1
2021-09-13 04:26:54,170 - INFO - compute: budget=2; scheme=(0.2,0.8); result=({49, 150}, 1361) 
2021-09-13 04:26:54,170 - INFO - budget_last = 2
2021-09-13 04:26:54,244 - INFO - compute: budget=3; scheme=(0.2,0.8); result=({49, 150, 1}, 1815) 
2021-09-13 04:26:54,245 - INFO - budget_last = 0
2021-09-13 04:26:54,330 - INFO - compute: budget=1; scheme=(0.2,0.9); result=({150}, 762) 
2021-09-13 04:26:54,330 - INFO - budget_last = 1
2021-09-13 04:26:54,415 - INFO - compute: budget=2; scheme=(0.2,0.9); result=({46, 150}, 1295) 
2021-09-13 04:26:54,415 - INFO - budget_last = 2
2021-09-13 04:26:54,502 - INFO - compute: budget=3; scheme=(0.2,0.9); result=({46, 49, 150}, 1821) 
2021-09-13 04:26:54,502 - INFO - budget_last = 0
2021-09-13 04:26:54,589 - INFO - compute: budget=1; scheme=(0.2,1.0); result=({150}, 762) 
2021-09-13 04:26:54,590 - INFO - budget_last = 1
2021-09-13 04:26:54,677 - INFO - compute: budget=2; scheme=(0.2,1.0); result=({46, 150}, 1295) 
2021-09-13 04:26:54,677 - INFO - budget_last = 2
2021-09-13 04:26:54,764 - INFO - compute: budget=3; scheme=(0.2,1.0); result=({46, 49, 150}, 1821) 
2021-09-13 04:26:54,764 - INFO - budget_last = 0
2021-09-13 04:26:54,768 - INFO - compute: budget=1; scheme=(0.30000000000000004,0.30000000000000004); result=({109}, 259) 
2021-09-13 04:26:54,768 - INFO - budget_last = 1
2021-09-13 04:26:54,772 - INFO - compute: budget=2; scheme=(0.30000000000000004,0.30000000000000004); result=({17, 109}, 477) 
2021-09-13 04:26:54,772 - INFO - budget_last = 2
2021-09-13 04:26:54,774 - INFO - compute: budget=3; scheme=(0.30000000000000004,0.30000000000000004); result=({17, 172, 109}, 693) 
2021-09-13 04:26:54,775 - INFO -  max history budget=3
2021-09-13 04:26:54,775 - INFO - load: budget=1; scheme=(0.30000000000000004,0.4); result=({17, 172, 109}, 259) 
2021-09-13 04:26:54,775 - INFO - load: budget=2; scheme=(0.30000000000000004,0.4); result=({17, 172, 109}, 477) 
2021-09-13 04:26:54,775 - INFO - load: budget=3; scheme=(0.30000000000000004,0.4); result=({17, 172, 109}, 693) 
2021-09-13 04:26:54,775 - INFO - budget_last = 0
2021-09-13 04:26:54,787 - INFO - compute: budget=1; scheme=(0.30000000000000004,0.5); result=({49}, 421) 
2021-09-13 04:26:54,787 - INFO - budget_last = 1
2021-09-13 04:26:54,799 - INFO - compute: budget=2; scheme=(0.30000000000000004,0.5); result=({49, 205}, 716) 
2021-09-13 04:26:54,799 - INFO - budget_last = 2
2021-09-13 04:26:54,810 - INFO - compute: budget=3; scheme=(0.30000000000000004,0.5); result=({49, 109, 205}, 765) 
2021-09-13 04:26:54,810 - INFO - budget_last = 0
2021-09-13 04:26:54,829 - INFO - compute: budget=1; scheme=(0.30000000000000004,0.6000000000000001); result=({49}, 421) 
2021-09-13 04:26:54,829 - INFO - budget_last = 1
2021-09-13 04:26:54,848 - INFO - compute: budget=2; scheme=(0.30000000000000004,0.6000000000000001); result=({49, 169}, 729) 
2021-09-13 04:26:54,848 - INFO - budget_last = 2
2021-09-13 04:26:54,866 - INFO - compute: budget=3; scheme=(0.30000000000000004,0.6000000000000001); result=({49, 169, 167}, 1026) 
2021-09-13 04:26:54,866 - INFO - budget_last = 0
2021-09-13 04:26:54,900 - INFO - compute: budget=1; scheme=(0.30000000000000004,0.7000000000000001); result=({49}, 421) 
2021-09-13 04:26:54,900 - INFO - budget_last = 1
2021-09-13 04:26:54,934 - INFO - compute: budget=2; scheme=(0.30000000000000004,0.7000000000000001); result=({49, 169}, 729) 
2021-09-13 04:26:54,934 - INFO - budget_last = 2
2021-09-13 04:26:54,967 - INFO - compute: budget=3; scheme=(0.30000000000000004,0.7000000000000001); result=({49, 169, 125}, 1038) 
2021-09-13 04:26:54,967 - INFO - budget_last = 0
2021-09-13 04:26:55,015 - INFO - compute: budget=1; scheme=(0.30000000000000004,0.8); result=({150}, 440) 
2021-09-13 04:26:55,015 - INFO - budget_last = 1
2021-09-13 04:26:55,062 - INFO - compute: budget=2; scheme=(0.30000000000000004,0.8); result=({49, 150}, 861) 
2021-09-13 04:26:55,062 - INFO - budget_last = 2
2021-09-13 04:26:55,109 - INFO - compute: budget=3; scheme=(0.30000000000000004,0.8); result=({49, 150, 1}, 1154) 
2021-09-13 04:26:55,109 - INFO - budget_last = 0
2021-09-13 04:26:55,165 - INFO - compute: budget=1; scheme=(0.30000000000000004,0.9); result=({150}, 440) 
2021-09-13 04:26:55,165 - INFO - budget_last = 1
2021-09-13 04:26:55,218 - INFO - compute: budget=2; scheme=(0.30000000000000004,0.9); result=({46, 150}, 796) 
2021-09-13 04:26:55,218 - INFO - budget_last = 2
2021-09-13 04:26:55,273 - INFO - compute: budget=3; scheme=(0.30000000000000004,0.9); result=({46, 49, 150}, 1163) 
2021-09-13 04:26:55,273 - INFO - budget_last = 0
2021-09-13 04:26:55,328 - INFO - compute: budget=1; scheme=(0.30000000000000004,1.0); result=({150}, 440) 
2021-09-13 04:26:55,328 - INFO - budget_last = 1
2021-09-13 04:26:55,382 - INFO - compute: budget=2; scheme=(0.30000000000000004,1.0); result=({46, 150}, 796) 
2021-09-13 04:26:55,382 - INFO - budget_last = 2
2021-09-13 04:26:55,435 - INFO - compute: budget=3; scheme=(0.30000000000000004,1.0); result=({46, 49, 150}, 1163) 
2021-09-13 04:26:55,436 - INFO - budget_last = 0
2021-09-13 04:26:55,438 - INFO - compute: budget=1; scheme=(0.4,0.30000000000000004); result=({109}, 187) 
2021-09-13 04:26:55,438 - INFO - budget_last = 1
2021-09-13 04:26:55,440 - INFO - compute: budget=2; scheme=(0.4,0.30000000000000004); result=({17, 109}, 332) 
2021-09-13 04:26:55,440 - INFO - budget_last = 2
2021-09-13 04:26:55,442 - INFO - compute: budget=3; scheme=(0.4,0.30000000000000004); result=({17, 172, 109}, 470) 
2021-09-13 04:26:55,442 - INFO -  max history budget=3
2021-09-13 04:26:55,443 - INFO - load: budget=1; scheme=(0.4,0.4); result=({17, 172, 109}, 187) 
2021-09-13 04:26:55,443 - INFO - load: budget=2; scheme=(0.4,0.4); result=({17, 172, 109}, 332) 
2021-09-13 04:26:55,443 - INFO - load: budget=3; scheme=(0.4,0.4); result=({17, 172, 109}, 470) 
2021-09-13 04:26:55,443 - INFO - budget_last = 0
2021-09-13 04:26:55,450 - INFO - compute: budget=1; scheme=(0.4,0.5); result=({49}, 292) 
2021-09-13 04:26:55,450 - INFO - budget_last = 1
2021-09-13 04:26:55,458 - INFO - compute: budget=2; scheme=(0.4,0.5); result=({49, 205}, 505) 
2021-09-13 04:26:55,458 - INFO - budget_last = 2
2021-09-13 04:26:55,465 - INFO - compute: budget=3; scheme=(0.4,0.5); result=({49, 109, 205}, 541) 
2021-09-13 04:26:55,465 - INFO - budget_last = 0
2021-09-13 04:26:55,479 - INFO - compute: budget=1; scheme=(0.4,0.6000000000000001); result=({49}, 292) 
2021-09-13 04:26:55,479 - INFO - budget_last = 1
2021-09-13 04:26:55,491 - INFO - compute: budget=2; scheme=(0.4,0.6000000000000001); result=({49, 169}, 500) 
2021-09-13 04:26:55,491 - INFO - budget_last = 2
2021-09-13 04:26:55,503 - INFO - compute: budget=3; scheme=(0.4,0.6000000000000001); result=({49, 169, 205}, 695) 
2021-09-13 04:26:55,503 - INFO - budget_last = 0
2021-09-13 04:26:55,525 - INFO - compute: budget=1; scheme=(0.4,0.7000000000000001); result=({49}, 292) 
2021-09-13 04:26:55,525 - INFO - budget_last = 1
2021-09-13 04:26:55,547 - INFO - compute: budget=2; scheme=(0.4,0.7000000000000001); result=({49, 169}, 500) 
2021-09-13 04:26:55,547 - INFO - budget_last = 2
2021-09-13 04:26:55,568 - INFO - compute: budget=3; scheme=(0.4,0.7000000000000001); result=({49, 169, 205}, 695) 
2021-09-13 04:26:55,569 - INFO - budget_last = 0
2021-09-13 04:26:55,599 - INFO - compute: budget=1; scheme=(0.4,0.8); result=({49}, 292) 
2021-09-13 04:26:55,599 - INFO - budget_last = 1
2021-09-13 04:26:55,629 - INFO - compute: budget=2; scheme=(0.4,0.8); result=({49, 1}, 499) 
2021-09-13 04:26:55,629 - INFO - budget_last = 2
2021-09-13 04:26:55,660 - INFO - compute: budget=3; scheme=(0.4,0.8); result=({49, 150, 1}, 775) 
2021-09-13 04:26:55,660 - INFO - budget_last = 0
2021-09-13 04:26:55,696 - INFO - compute: budget=1; scheme=(0.4,0.9); result=({49}, 292) 
2021-09-13 04:26:55,696 - INFO - budget_last = 1
2021-09-13 04:26:55,731 - INFO - compute: budget=2; scheme=(0.4,0.9); result=({49, 1}, 499) 
2021-09-13 04:26:55,731 - INFO - budget_last = 2
2021-09-13 04:26:55,765 - INFO - compute: budget=3; scheme=(0.4,0.9); result=({46, 49, 1}, 738) 
2021-09-13 04:26:55,765 - INFO - budget_last = 0
2021-09-13 04:26:55,801 - INFO - compute: budget=1; scheme=(0.4,1.0); result=({49}, 292) 
2021-09-13 04:26:55,802 - INFO - budget_last = 1
2021-09-13 04:26:55,837 - INFO - compute: budget=2; scheme=(0.4,1.0); result=({49, 1}, 499) 
2021-09-13 04:26:55,837 - INFO - budget_last = 2
2021-09-13 04:26:55,871 - INFO - compute: budget=3; scheme=(0.4,1.0); result=({46, 49, 1}, 738) 
2021-09-13 04:26:55,871 - INFO - budget_last = 0
2021-09-13 04:26:55,872 - INFO - compute: budget=1; scheme=(0.5,0.30000000000000004); result=({109}, 73) 
2021-09-13 04:26:55,873 - INFO - budget_last = 1
2021-09-13 04:26:55,873 - INFO - compute: budget=2; scheme=(0.5,0.30000000000000004); result=({17, 109}, 125) 
2021-09-13 04:26:55,874 - INFO - budget_last = 2
2021-09-13 04:26:55,874 - INFO - compute: budget=3; scheme=(0.5,0.30000000000000004); result=({17, 172, 109}, 173) 
2021-09-13 04:26:55,874 - INFO -  max history budget=3
2021-09-13 04:26:55,875 - INFO - load: budget=1; scheme=(0.5,0.4); result=({17, 172, 109}, 73) 
2021-09-13 04:26:55,875 - INFO - load: budget=2; scheme=(0.5,0.4); result=({17, 172, 109}, 125) 
2021-09-13 04:26:55,875 - INFO - load: budget=3; scheme=(0.5,0.4); result=({17, 172, 109}, 173) 
2021-09-13 04:26:55,875 - INFO - budget_last = 0
2021-09-13 04:26:55,878 - INFO - compute: budget=1; scheme=(0.5,0.5); result=({49}, 107) 
2021-09-13 04:26:55,878 - INFO - budget_last = 1
2021-09-13 04:26:55,882 - INFO - compute: budget=2; scheme=(0.5,0.5); result=({49, 205}, 189) 
2021-09-13 04:26:55,882 - INFO - budget_last = 2
2021-09-13 04:26:55,885 - INFO - compute: budget=3; scheme=(0.5,0.5); result=({49, 109, 205}, 203) 
2021-09-13 04:26:55,885 - INFO - budget_last = 0
2021-09-13 04:26:55,890 - INFO - compute: budget=1; scheme=(0.5,0.6000000000000001); result=({49}, 107) 
2021-09-13 04:26:55,890 - INFO - budget_last = 1
2021-09-13 04:26:55,895 - INFO - compute: budget=2; scheme=(0.5,0.6000000000000001); result=({49, 205}, 189) 
2021-09-13 04:26:55,895 - INFO - budget_last = 2
2021-09-13 04:26:55,900 - INFO - compute: budget=3; scheme=(0.5,0.6000000000000001); result=({49, 169, 205}, 246) 
2021-09-13 04:26:55,900 - INFO - budget_last = 0
2021-09-13 04:26:55,909 - INFO - compute: budget=1; scheme=(0.5,0.7000000000000001); result=({49}, 107) 
2021-09-13 04:26:55,909 - INFO - budget_last = 1
2021-09-13 04:26:55,918 - INFO - compute: budget=2; scheme=(0.5,0.7000000000000001); result=({49, 205}, 189) 
2021-09-13 04:26:55,918 - INFO - budget_last = 2
2021-09-13 04:26:55,926 - INFO - compute: budget=3; scheme=(0.5,0.7000000000000001); result=({49, 169, 205}, 246) 
2021-09-13 04:26:55,926 - INFO - budget_last = 0
2021-09-13 04:26:55,939 - INFO - compute: budget=1; scheme=(0.5,0.8); result=({49}, 107) 
2021-09-13 04:26:55,939 - INFO - budget_last = 1
2021-09-13 04:26:55,952 - INFO - compute: budget=2; scheme=(0.5,0.8); result=({49, 1}, 180) 
2021-09-13 04:26:55,952 - INFO - budget_last = 2
2021-09-13 04:26:55,964 - INFO - compute: budget=3; scheme=(0.5,0.8); result=({49, 150, 1}, 274) 
2021-09-13 04:26:55,965 - INFO - budget_last = 0
2021-09-13 04:26:55,978 - INFO - compute: budget=1; scheme=(0.5,0.9); result=({49}, 107) 
2021-09-13 04:26:55,978 - INFO - budget_last = 1
2021-09-13 04:26:55,992 - INFO - compute: budget=2; scheme=(0.5,0.9); result=({49, 1}, 180) 
2021-09-13 04:26:55,992 - INFO - budget_last = 2
2021-09-13 04:26:56,006 - INFO - compute: budget=3; scheme=(0.5,0.9); result=({49, 150, 1}, 274) 
2021-09-13 04:26:56,006 - INFO - budget_last = 0
2021-09-13 04:26:56,021 - INFO - compute: budget=1; scheme=(0.5,1.0); result=({49}, 107) 
2021-09-13 04:26:56,021 - INFO - budget_last = 1
2021-09-13 04:26:56,035 - INFO - compute: budget=2; scheme=(0.5,1.0); result=({49, 1}, 180) 
2021-09-13 04:26:56,035 - INFO - budget_last = 2
2021-09-13 04:26:56,049 - INFO - compute: budget=3; scheme=(0.5,1.0); result=({49, 150, 1}, 274) 
2021-09-13 04:26:56,049 - INFO - budget_last = 0
2021-09-13 04:26:56,050 - INFO - compute: budget=1; scheme=(0.6000000000000001,0.30000000000000004); result=({109}, 11) 
2021-09-13 04:26:56,050 - INFO - budget_last = 1
2021-09-13 04:26:56,050 - INFO - compute: budget=2; scheme=(0.6000000000000001,0.30000000000000004); result=({17, 109}, 20) 
2021-09-13 04:26:56,050 - INFO - budget_last = 2
2021-09-13 04:26:56,050 - INFO - compute: budget=3; scheme=(0.6000000000000001,0.30000000000000004); result=({17, 172, 109}, 23) 
2021-09-13 04:26:56,050 - INFO -  max history budget=3
2021-09-13 04:26:56,050 - INFO - load: budget=1; scheme=(0.6000000000000001,0.4); result=({17, 172, 109}, 11) 
2021-09-13 04:26:56,050 - INFO - load: budget=2; scheme=(0.6000000000000001,0.4); result=({17, 172, 109}, 20) 
2021-09-13 04:26:56,050 - INFO - load: budget=3; scheme=(0.6000000000000001,0.4); result=({17, 172, 109}, 23) 
2021-09-13 04:26:56,051 - INFO - budget_last = 0
2021-09-13 04:26:56,051 - INFO - compute: budget=1; scheme=(0.6000000000000001,0.5); result=({49}, 22) 
2021-09-13 04:26:56,051 - INFO - budget_last = 1
2021-09-13 04:26:56,052 - INFO - compute: budget=2; scheme=(0.6000000000000001,0.5); result=({49, 205}, 35) 
2021-09-13 04:26:56,052 - INFO - budget_last = 2
2021-09-13 04:26:56,052 - INFO - compute: budget=3; scheme=(0.6000000000000001,0.5); result=({49, 109, 205}, 37) 
2021-09-13 04:26:56,052 - INFO - budget_last = 0
2021-09-13 04:26:56,053 - INFO - compute: budget=1; scheme=(0.6000000000000001,0.6000000000000001); result=({49}, 22) 
2021-09-13 04:26:56,053 - INFO - budget_last = 1
2021-09-13 04:26:56,054 - INFO - compute: budget=2; scheme=(0.6000000000000001,0.6000000000000001); result=({49, 169}, 37) 
2021-09-13 04:26:56,054 - INFO - budget_last = 2
2021-09-13 04:26:56,055 - INFO - compute: budget=3; scheme=(0.6000000000000001,0.6000000000000001); result=({49, 169, 31}, 42) 
2021-09-13 04:26:56,055 - INFO - budget_last = 0
2021-09-13 04:26:56,056 - INFO - compute: budget=1; scheme=(0.6000000000000001,0.7000000000000001); result=({49}, 22) 
2021-09-13 04:26:56,056 - INFO - budget_last = 1
2021-09-13 04:26:56,058 - INFO - compute: budget=2; scheme=(0.6000000000000001,0.7000000000000001); result=({49, 169}, 37) 
2021-09-13 04:26:56,058 - INFO - budget_last = 2
2021-09-13 04:26:56,059 - INFO - compute: budget=3; scheme=(0.6000000000000001,0.7000000000000001); result=({49, 169, 205}, 49) 
2021-09-13 04:26:56,059 - INFO - budget_last = 0
2021-09-13 04:26:56,061 - INFO - compute: budget=1; scheme=(0.6000000000000001,0.8); result=({49}, 22) 
2021-09-13 04:26:56,062 - INFO - budget_last = 1
2021-09-13 04:26:56,063 - INFO - compute: budget=2; scheme=(0.6000000000000001,0.8); result=({49, 1}, 36) 
2021-09-13 04:26:56,064 - INFO - budget_last = 2
2021-09-13 04:26:56,065 - INFO - compute: budget=3; scheme=(0.6000000000000001,0.8); result=({49, 169, 1}, 51) 
2021-09-13 04:26:56,066 - INFO - budget_last = 0
2021-09-13 04:26:56,068 - INFO - compute: budget=1; scheme=(0.6000000000000001,0.9); result=({49}, 22) 
2021-09-13 04:26:56,068 - INFO - budget_last = 1
2021-09-13 04:26:56,070 - INFO - compute: budget=2; scheme=(0.6000000000000001,0.9); result=({49, 1}, 36) 
2021-09-13 04:26:56,070 - INFO - budget_last = 2
2021-09-13 04:26:56,072 - INFO - compute: budget=3; scheme=(0.6000000000000001,0.9); result=({46, 49, 1}, 53) 
2021-09-13 04:26:56,072 - INFO - budget_last = 0
2021-09-13 04:26:56,074 - INFO - compute: budget=1; scheme=(0.6000000000000001,1.0); result=({49}, 22) 
2021-09-13 04:26:56,074 - INFO - budget_last = 1
2021-09-13 04:26:56,076 - INFO - compute: budget=2; scheme=(0.6000000000000001,1.0); result=({49, 1}, 36) 
2021-09-13 04:26:56,076 - INFO - budget_last = 2
2021-09-13 04:26:56,079 - INFO - compute: budget=3; scheme=(0.6000000000000001,1.0); result=({46, 49, 1}, 53) 
2021-09-13 04:26:56,079 - INFO -  max history budget=3
2021-09-13 04:26:56,079 - INFO - load: budget=1; scheme=(0.7000000000000001,0.30000000000000004); result=({17, 172, 109}, 11) 
2021-09-13 04:26:56,079 - INFO - load: budget=2; scheme=(0.7000000000000001,0.30000000000000004); result=({17, 172, 109}, 20) 
2021-09-13 04:26:56,079 - INFO - load: budget=3; scheme=(0.7000000000000001,0.30000000000000004); result=({17, 172, 109}, 23) 
2021-09-13 04:26:56,079 - INFO -  max history budget=3
2021-09-13 04:26:56,079 - INFO - load: budget=1; scheme=(0.7000000000000001,0.4); result=({17, 172, 109}, 11) 
2021-09-13 04:26:56,080 - INFO - load: budget=2; scheme=(0.7000000000000001,0.4); result=({17, 172, 109}, 20) 
2021-09-13 04:26:56,080 - INFO - load: budget=3; scheme=(0.7000000000000001,0.4); result=({17, 172, 109}, 23) 
2021-09-13 04:26:56,080 - INFO -  max history budget=3
2021-09-13 04:26:56,080 - INFO - load: budget=1; scheme=(0.7000000000000001,0.5); result=({49, 109, 205}, 22) 
2021-09-13 04:26:56,080 - INFO - load: budget=2; scheme=(0.7000000000000001,0.5); result=({49, 109, 205}, 35) 
2021-09-13 04:26:56,080 - INFO - load: budget=3; scheme=(0.7000000000000001,0.5); result=({49, 109, 205}, 37) 
2021-09-13 04:26:56,080 - INFO -  max history budget=3
2021-09-13 04:26:56,081 - INFO - load: budget=1; scheme=(0.7000000000000001,0.6000000000000001); result=({49, 169, 31}, 22) 
2021-09-13 04:26:56,081 - INFO - load: budget=2; scheme=(0.7000000000000001,0.6000000000000001); result=({49, 169, 31}, 37) 
2021-09-13 04:26:56,081 - INFO - load: budget=3; scheme=(0.7000000000000001,0.6000000000000001); result=({49, 169, 31}, 42) 
2021-09-13 04:26:56,081 - INFO -  max history budget=3
2021-09-13 04:26:56,081 - INFO - load: budget=1; scheme=(0.7000000000000001,0.7000000000000001); result=({49, 169, 205}, 22) 
2021-09-13 04:26:56,081 - INFO - load: budget=2; scheme=(0.7000000000000001,0.7000000000000001); result=({49, 169, 205}, 37) 
2021-09-13 04:26:56,081 - INFO - load: budget=3; scheme=(0.7000000000000001,0.7000000000000001); result=({49, 169, 205}, 49) 
2021-09-13 04:26:56,081 - INFO -  max history budget=3
2021-09-13 04:26:56,081 - INFO - load: budget=1; scheme=(0.7000000000000001,0.8); result=({49, 169, 1}, 22) 
2021-09-13 04:26:56,082 - INFO - load: budget=2; scheme=(0.7000000000000001,0.8); result=({49, 169, 1}, 36) 
2021-09-13 04:26:56,082 - INFO - load: budget=3; scheme=(0.7000000000000001,0.8); result=({49, 169, 1}, 51) 
2021-09-13 04:26:56,082 - INFO -  max history budget=3
2021-09-13 04:26:56,082 - INFO - load: budget=1; scheme=(0.7000000000000001,0.9); result=({46, 49, 1}, 22) 
2021-09-13 04:26:56,082 - INFO - load: budget=2; scheme=(0.7000000000000001,0.9); result=({46, 49, 1}, 36) 
2021-09-13 04:26:56,082 - INFO - load: budget=3; scheme=(0.7000000000000001,0.9); result=({46, 49, 1}, 53) 
2021-09-13 04:26:56,082 - INFO -  max history budget=3
2021-09-13 04:26:56,082 - INFO - load: budget=1; scheme=(0.7000000000000001,1.0); result=({46, 49, 1}, 22) 
2021-09-13 04:26:56,082 - INFO - load: budget=2; scheme=(0.7000000000000001,1.0); result=({46, 49, 1}, 36) 
2021-09-13 04:26:56,082 - INFO - load: budget=3; scheme=(0.7000000000000001,1.0); result=({46, 49, 1}, 53) 
