2021-09-13 04:28:56,219 - INFO - Namespace(beta_paras='3,6,6,3', budget_list='3', did='d1', grain_list_p='10', grain_list_pq='10+10', grain_list_q='10', method='greedy', percent_R='0.25', percent_S='0.25', seed='32', version='v09130428')
2021-09-13 04:28:56,234 - INFO - Finish random requester set R and supplier set S 
                             percent_R=0.25, num_R=55, len_R=55 
                             percent_S=0.25, num_S=55, len_S=54
2021-09-13 04:28:56,235 - INFO - Finish random valuations using v_beta_paras for R and costs using c_beta_paras for S
2021-09-13 04:28:57,226 - INFO - length of pq_list = 64 under grain_tuple = 10+10
2021-09-13 04:28:57,226 - INFO - budget_last = 0
2021-09-13 04:28:57,234 - INFO - compute: budget=1; scheme=(0.0,0.30000000000000004); result=({109}, 455) 
2021-09-13 04:28:57,234 - INFO - budget_last = 1
2021-09-13 04:28:57,240 - INFO - compute: budget=2; scheme=(0.0,0.30000000000000004); result=({172, 109}, 876) 
2021-09-13 04:28:57,241 - INFO - budget_last = 2
2021-09-13 04:28:57,246 - INFO - compute: budget=3; scheme=(0.0,0.30000000000000004); result=({17, 172, 109}, 1279) 
2021-09-13 04:28:57,246 - INFO -  max history budget=3
2021-09-13 04:28:57,246 - INFO - load: budget=1; scheme=(0.0,0.4); result=({17, 172, 109}, 455) 
2021-09-13 04:28:57,246 - INFO - load: budget=2; scheme=(0.0,0.4); result=({17, 172, 109}, 876) 
2021-09-13 04:28:57,246 - INFO - load: budget=3; scheme=(0.0,0.4); result=({17, 172, 109}, 1279) 
2021-09-13 04:28:57,247 - INFO - budget_last = 0
2021-09-13 04:28:57,271 - INFO - compute: budget=1; scheme=(0.0,0.5); result=({49}, 751) 
2021-09-13 04:28:57,271 - INFO - budget_last = 1
2021-09-13 04:28:57,295 - INFO - compute: budget=2; scheme=(0.0,0.5); result=({49, 205}, 1267) 
2021-09-13 04:28:57,295 - INFO - budget_last = 2
2021-09-13 04:28:57,316 - INFO - compute: budget=3; scheme=(0.0,0.5); result=({49, 109, 205}, 1352) 
2021-09-13 04:28:57,317 - INFO - budget_last = 0
2021-09-13 04:28:57,354 - INFO - compute: budget=1; scheme=(0.0,0.6000000000000001); result=({49}, 751) 
2021-09-13 04:28:57,355 - INFO - budget_last = 1
2021-09-13 04:28:57,390 - INFO - compute: budget=2; scheme=(0.0,0.6000000000000001); result=({49, 169}, 1295) 
2021-09-13 04:28:57,391 - INFO - budget_last = 2
2021-09-13 04:28:57,426 - INFO - compute: budget=3; scheme=(0.0,0.6000000000000001); result=({49, 169, 167}, 1895) 
2021-09-13 04:28:57,426 - INFO - budget_last = 0
2021-09-13 04:28:57,492 - INFO - compute: budget=1; scheme=(0.0,0.7000000000000001); result=({49}, 751) 
2021-09-13 04:28:57,493 - INFO - budget_last = 1
2021-09-13 04:28:57,557 - INFO - compute: budget=2; scheme=(0.0,0.7000000000000001); result=({49, 125}, 1398) 
2021-09-13 04:28:57,558 - INFO - budget_last = 2
2021-09-13 04:28:57,622 - INFO - compute: budget=3; scheme=(0.0,0.7000000000000001); result=({49, 169, 125}, 1942) 
2021-09-13 04:28:57,622 - INFO - budget_last = 0
2021-09-13 04:28:57,714 - INFO - compute: budget=1; scheme=(0.0,0.8); result=({150}, 914) 
2021-09-13 04:28:57,715 - INFO - budget_last = 1
2021-09-13 04:28:57,806 - INFO - compute: budget=2; scheme=(0.0,0.8); result=({1, 150}, 1668) 
2021-09-13 04:28:57,806 - INFO - budget_last = 2
2021-09-13 04:28:57,896 - INFO - compute: budget=3; scheme=(0.0,0.8); result=({1, 150, 49}, 2236) 
2021-09-13 04:28:57,896 - INFO - budget_last = 0
2021-09-13 04:28:58,000 - INFO - compute: budget=1; scheme=(0.0,0.9); result=({150}, 914) 
2021-09-13 04:28:58,000 - INFO - budget_last = 1
2021-09-13 04:28:58,104 - INFO - compute: budget=2; scheme=(0.0,0.9); result=({46, 150}, 1568) 
2021-09-13 04:28:58,104 - INFO - budget_last = 2
2021-09-13 04:28:58,207 - INFO - compute: budget=3; scheme=(0.0,0.9); result=({46, 1, 150}, 2246) 
2021-09-13 04:28:58,207 - INFO - budget_last = 0
2021-09-13 04:28:58,313 - INFO - compute: budget=1; scheme=(0.0,1.0); result=({150}, 914) 
2021-09-13 04:28:58,313 - INFO - budget_last = 1
2021-09-13 04:28:58,417 - INFO - compute: budget=2; scheme=(0.0,1.0); result=({46, 150}, 1568) 
2021-09-13 04:28:58,418 - INFO - budget_last = 2
2021-09-13 04:28:58,528 - INFO - compute: budget=3; scheme=(0.0,1.0); result=({46, 1, 150}, 2246) 
2021-09-13 04:28:58,528 - INFO - budget_last = 0
2021-09-13 04:28:58,535 - INFO - compute: budget=1; scheme=(0.1,0.30000000000000004); result=({109}, 441) 
2021-09-13 04:28:58,536 - INFO - budget_last = 1
2021-09-13 04:28:58,542 - INFO - compute: budget=2; scheme=(0.1,0.30000000000000004); result=({172, 109}, 831) 
2021-09-13 04:28:58,542 - INFO - budget_last = 2
2021-09-13 04:28:58,547 - INFO - compute: budget=3; scheme=(0.1,0.30000000000000004); result=({17, 172, 109}, 1207) 
2021-09-13 04:28:58,548 - INFO -  max history budget=3
2021-09-13 04:28:58,548 - INFO - load: budget=1; scheme=(0.1,0.4); result=({17, 172, 109}, 441) 
2021-09-13 04:28:58,548 - INFO - load: budget=2; scheme=(0.1,0.4); result=({17, 172, 109}, 831) 
2021-09-13 04:28:58,548 - INFO - load: budget=3; scheme=(0.1,0.4); result=({17, 172, 109}, 1207) 
2021-09-13 04:28:58,548 - INFO - budget_last = 0
2021-09-13 04:28:58,570 - INFO - compute: budget=1; scheme=(0.1,0.5); result=({49}, 702) 
2021-09-13 04:28:58,571 - INFO - budget_last = 1
2021-09-13 04:28:58,592 - INFO - compute: budget=2; scheme=(0.1,0.5); result=({49, 205}, 1200) 
2021-09-13 04:28:58,592 - INFO - budget_last = 2
2021-09-13 04:28:58,613 - INFO - compute: budget=3; scheme=(0.1,0.5); result=({49, 109, 205}, 1283) 
2021-09-13 04:28:58,613 - INFO - budget_last = 0
2021-09-13 04:28:58,649 - INFO - compute: budget=1; scheme=(0.1,0.6000000000000001); result=({49}, 702) 
2021-09-13 04:28:58,649 - INFO - budget_last = 1
2021-09-13 04:28:58,682 - INFO - compute: budget=2; scheme=(0.1,0.6000000000000001); result=({49, 169}, 1219) 
2021-09-13 04:28:58,682 - INFO - budget_last = 2
2021-09-13 04:28:58,715 - INFO - compute: budget=3; scheme=(0.1,0.6000000000000001); result=({49, 169, 167}, 1778) 
2021-09-13 04:28:58,715 - INFO - budget_last = 0
2021-09-13 04:28:58,778 - INFO - compute: budget=1; scheme=(0.1,0.7000000000000001); result=({49}, 702) 
2021-09-13 04:28:58,778 - INFO - budget_last = 1
2021-09-13 04:28:58,840 - INFO - compute: budget=2; scheme=(0.1,0.7000000000000001); result=({49, 125}, 1320) 
2021-09-13 04:28:58,840 - INFO - budget_last = 2
2021-09-13 04:28:58,899 - INFO - compute: budget=3; scheme=(0.1,0.7000000000000001); result=({49, 169, 125}, 1837) 
2021-09-13 04:28:58,900 - INFO - budget_last = 0
2021-09-13 04:28:58,986 - INFO - compute: budget=1; scheme=(0.1,0.8); result=({150}, 857) 
2021-09-13 04:28:58,986 - INFO - budget_last = 1
2021-09-13 04:28:59,071 - INFO - compute: budget=2; scheme=(0.1,0.8); result=({1, 150}, 1562) 
2021-09-13 04:28:59,071 - INFO - budget_last = 2
2021-09-13 04:28:59,155 - INFO - compute: budget=3; scheme=(0.1,0.8); result=({1, 150, 49}, 2094) 
2021-09-13 04:28:59,155 - INFO - budget_last = 0
2021-09-13 04:28:59,253 - INFO - compute: budget=1; scheme=(0.1,0.9); result=({150}, 857) 
2021-09-13 04:28:59,253 - INFO - budget_last = 1
2021-09-13 04:28:59,354 - INFO - compute: budget=2; scheme=(0.1,0.9); result=({46, 150}, 1476) 
2021-09-13 04:28:59,355 - INFO - budget_last = 2
2021-09-13 04:28:59,455 - INFO - compute: budget=3; scheme=(0.1,0.9); result=({46, 1, 150}, 2111) 
2021-09-13 04:28:59,455 - INFO - budget_last = 0
2021-09-13 04:28:59,555 - INFO - compute: budget=1; scheme=(0.1,1.0); result=({150}, 857) 
2021-09-13 04:28:59,555 - INFO - budget_last = 1
2021-09-13 04:28:59,654 - INFO - compute: budget=2; scheme=(0.1,1.0); result=({46, 150}, 1476) 
2021-09-13 04:28:59,654 - INFO - budget_last = 2
2021-09-13 04:28:59,753 - INFO - compute: budget=3; scheme=(0.1,1.0); result=({46, 1, 150}, 2111) 
2021-09-13 04:28:59,753 - INFO - budget_last = 0
2021-09-13 04:28:59,760 - INFO - compute: budget=1; scheme=(0.2,0.30000000000000004); result=({109}, 393) 
2021-09-13 04:28:59,760 - INFO - budget_last = 1
2021-09-13 04:28:59,765 - INFO - compute: budget=2; scheme=(0.2,0.30000000000000004); result=({172, 109}, 742) 
2021-09-13 04:28:59,765 - INFO - budget_last = 2
2021-09-13 04:28:59,770 - INFO - compute: budget=3; scheme=(0.2,0.30000000000000004); result=({17, 172, 109}, 1069) 
2021-09-13 04:28:59,771 - INFO -  max history budget=3
2021-09-13 04:28:59,771 - INFO - load: budget=1; scheme=(0.2,0.4); result=({17, 172, 109}, 393) 
2021-09-13 04:28:59,771 - INFO - load: budget=2; scheme=(0.2,0.4); result=({17, 172, 109}, 742) 
2021-09-13 04:28:59,771 - INFO - load: budget=3; scheme=(0.2,0.4); result=({17, 172, 109}, 1069) 
2021-09-13 04:28:59,771 - INFO - budget_last = 0
2021-09-13 04:28:59,791 - INFO - compute: budget=1; scheme=(0.2,0.5); result=({49}, 599) 
2021-09-13 04:28:59,791 - INFO - budget_last = 1
2021-09-13 04:28:59,810 - INFO - compute: budget=2; scheme=(0.2,0.5); result=({49, 205}, 1043) 
2021-09-13 04:28:59,810 - INFO - budget_last = 2
2021-09-13 04:28:59,828 - INFO - compute: budget=3; scheme=(0.2,0.5); result=({49, 109, 205}, 1116) 
2021-09-13 04:28:59,828 - INFO - budget_last = 0
2021-09-13 04:28:59,859 - INFO - compute: budget=1; scheme=(0.2,0.6000000000000001); result=({49}, 599) 
2021-09-13 04:28:59,859 - INFO - budget_last = 1
2021-09-13 04:28:59,890 - INFO - compute: budget=2; scheme=(0.2,0.6000000000000001); result=({49, 169}, 1050) 
2021-09-13 04:28:59,890 - INFO - budget_last = 2
2021-09-13 04:28:59,919 - INFO - compute: budget=3; scheme=(0.2,0.6000000000000001); result=({49, 169, 167}, 1549) 
2021-09-13 04:28:59,919 - INFO - budget_last = 0
2021-09-13 04:28:59,973 - INFO - compute: budget=1; scheme=(0.2,0.7000000000000001); result=({49}, 599) 
2021-09-13 04:28:59,974 - INFO - budget_last = 1
2021-09-13 04:29:00,027 - INFO - compute: budget=2; scheme=(0.2,0.7000000000000001); result=({49, 125}, 1145) 
2021-09-13 04:29:00,027 - INFO - budget_last = 2
2021-09-13 04:29:00,079 - INFO - compute: budget=3; scheme=(0.2,0.7000000000000001); result=({49, 169, 125}, 1596) 
2021-09-13 04:29:00,079 - INFO - budget_last = 0
2021-09-13 04:29:00,155 - INFO - compute: budget=1; scheme=(0.2,0.8); result=({150}, 762) 
2021-09-13 04:29:00,156 - INFO - budget_last = 1
2021-09-13 04:29:00,231 - INFO - compute: budget=2; scheme=(0.2,0.8); result=({49, 150}, 1361) 
2021-09-13 04:29:00,231 - INFO - budget_last = 2
2021-09-13 04:29:00,305 - INFO - compute: budget=3; scheme=(0.2,0.8); result=({49, 150, 1}, 1815) 
2021-09-13 04:29:00,305 - INFO - budget_last = 0
2021-09-13 04:29:00,390 - INFO - compute: budget=1; scheme=(0.2,0.9); result=({150}, 762) 
2021-09-13 04:29:00,391 - INFO - budget_last = 1
2021-09-13 04:29:00,475 - INFO - compute: budget=2; scheme=(0.2,0.9); result=({46, 150}, 1295) 
2021-09-13 04:29:00,475 - INFO - budget_last = 2
2021-09-13 04:29:00,559 - INFO - compute: budget=3; scheme=(0.2,0.9); result=({46, 49, 150}, 1821) 
2021-09-13 04:29:00,559 - INFO - budget_last = 0
2021-09-13 04:29:00,646 - INFO - compute: budget=1; scheme=(0.2,1.0); result=({150}, 762) 
2021-09-13 04:29:00,646 - INFO - budget_last = 1
2021-09-13 04:29:00,732 - INFO - compute: budget=2; scheme=(0.2,1.0); result=({46, 150}, 1295) 
2021-09-13 04:29:00,732 - INFO - budget_last = 2
2021-09-13 04:29:00,817 - INFO - compute: budget=3; scheme=(0.2,1.0); result=({46, 49, 150}, 1821) 
2021-09-13 04:29:00,817 - INFO - budget_last = 0
2021-09-13 04:29:00,821 - INFO - compute: budget=1; scheme=(0.30000000000000004,0.30000000000000004); result=({109}, 259) 
2021-09-13 04:29:00,821 - INFO - budget_last = 1
2021-09-13 04:29:00,825 - INFO - compute: budget=2; scheme=(0.30000000000000004,0.30000000000000004); result=({17, 109}, 477) 
2021-09-13 04:29:00,825 - INFO - budget_last = 2
2021-09-13 04:29:00,828 - INFO - compute: budget=3; scheme=(0.30000000000000004,0.30000000000000004); result=({17, 172, 109}, 693) 
2021-09-13 04:29:00,828 - INFO -  max history budget=3
2021-09-13 04:29:00,828 - INFO - load: budget=1; scheme=(0.30000000000000004,0.4); result=({17, 172, 109}, 259) 
2021-09-13 04:29:00,828 - INFO - load: budget=2; scheme=(0.30000000000000004,0.4); result=({17, 172, 109}, 477) 
2021-09-13 04:29:00,828 - INFO - load: budget=3; scheme=(0.30000000000000004,0.4); result=({17, 172, 109}, 693) 
2021-09-13 04:29:00,828 - INFO - budget_last = 0
2021-09-13 04:29:00,841 - INFO - compute: budget=1; scheme=(0.30000000000000004,0.5); result=({49}, 421) 
2021-09-13 04:29:00,841 - INFO - budget_last = 1
2021-09-13 04:29:00,852 - INFO - compute: budget=2; scheme=(0.30000000000000004,0.5); result=({49, 205}, 716) 
2021-09-13 04:29:00,852 - INFO - budget_last = 2
2021-09-13 04:29:00,863 - INFO - compute: budget=3; scheme=(0.30000000000000004,0.5); result=({49, 109, 205}, 765) 
2021-09-13 04:29:00,864 - INFO - budget_last = 0
2021-09-13 04:29:00,883 - INFO - compute: budget=1; scheme=(0.30000000000000004,0.6000000000000001); result=({49}, 421) 
2021-09-13 04:29:00,883 - INFO - budget_last = 1
2021-09-13 04:29:00,902 - INFO - compute: budget=2; scheme=(0.30000000000000004,0.6000000000000001); result=({49, 169}, 729) 
2021-09-13 04:29:00,902 - INFO - budget_last = 2
2021-09-13 04:29:00,920 - INFO - compute: budget=3; scheme=(0.30000000000000004,0.6000000000000001); result=({49, 169, 167}, 1026) 
2021-09-13 04:29:00,921 - INFO - budget_last = 0
2021-09-13 04:29:00,955 - INFO - compute: budget=1; scheme=(0.30000000000000004,0.7000000000000001); result=({49}, 421) 
2021-09-13 04:29:00,956 - INFO - budget_last = 1
2021-09-13 04:29:00,990 - INFO - compute: budget=2; scheme=(0.30000000000000004,0.7000000000000001); result=({49, 169}, 729) 
2021-09-13 04:29:00,990 - INFO - budget_last = 2
2021-09-13 04:29:01,023 - INFO - compute: budget=3; scheme=(0.30000000000000004,0.7000000000000001); result=({49, 169, 125}, 1038) 
2021-09-13 04:29:01,023 - INFO - budget_last = 0
2021-09-13 04:29:01,070 - INFO - compute: budget=1; scheme=(0.30000000000000004,0.8); result=({150}, 440) 
2021-09-13 04:29:01,071 - INFO - budget_last = 1
2021-09-13 04:29:01,118 - INFO - compute: budget=2; scheme=(0.30000000000000004,0.8); result=({49, 150}, 861) 
2021-09-13 04:29:01,118 - INFO - budget_last = 2
2021-09-13 04:29:01,164 - INFO - compute: budget=3; scheme=(0.30000000000000004,0.8); result=({49, 150, 1}, 1154) 
2021-09-13 04:29:01,165 - INFO - budget_last = 0
2021-09-13 04:29:01,218 - INFO - compute: budget=1; scheme=(0.30000000000000004,0.9); result=({150}, 440) 
2021-09-13 04:29:01,218 - INFO - budget_last = 1
2021-09-13 04:29:01,272 - INFO - compute: budget=2; scheme=(0.30000000000000004,0.9); result=({46, 150}, 796) 
2021-09-13 04:29:01,272 - INFO - budget_last = 2
2021-09-13 04:29:01,324 - INFO - compute: budget=3; scheme=(0.30000000000000004,0.9); result=({46, 49, 150}, 1163) 
2021-09-13 04:29:01,325 - INFO - budget_last = 0
2021-09-13 04:29:01,380 - INFO - compute: budget=1; scheme=(0.30000000000000004,1.0); result=({150}, 440) 
2021-09-13 04:29:01,380 - INFO - budget_last = 1
2021-09-13 04:29:01,434 - INFO - compute: budget=2; scheme=(0.30000000000000004,1.0); result=({46, 150}, 796) 
2021-09-13 04:29:01,434 - INFO - budget_last = 2
2021-09-13 04:29:01,487 - INFO - compute: budget=3; scheme=(0.30000000000000004,1.0); result=({46, 49, 150}, 1163) 
2021-09-13 04:29:01,487 - INFO - budget_last = 0
2021-09-13 04:29:01,490 - INFO - compute: budget=1; scheme=(0.4,0.30000000000000004); result=({109}, 187) 
2021-09-13 04:29:01,490 - INFO - budget_last = 1
2021-09-13 04:29:01,492 - INFO - compute: budget=2; scheme=(0.4,0.30000000000000004); result=({17, 109}, 332) 
2021-09-13 04:29:01,492 - INFO - budget_last = 2
2021-09-13 04:29:01,494 - INFO - compute: budget=3; scheme=(0.4,0.30000000000000004); result=({17, 172, 109}, 470) 
2021-09-13 04:29:01,494 - INFO -  max history budget=3
2021-09-13 04:29:01,494 - INFO - load: budget=1; scheme=(0.4,0.4); result=({17, 172, 109}, 187) 
2021-09-13 04:29:01,495 - INFO - load: budget=2; scheme=(0.4,0.4); result=({17, 172, 109}, 332) 
2021-09-13 04:29:01,495 - INFO - load: budget=3; scheme=(0.4,0.4); result=({17, 172, 109}, 470) 
2021-09-13 04:29:01,495 - INFO - budget_last = 0
2021-09-13 04:29:01,502 - INFO - compute: budget=1; scheme=(0.4,0.5); result=({49}, 292) 
2021-09-13 04:29:01,503 - INFO - budget_last = 1
2021-09-13 04:29:01,510 - INFO - compute: budget=2; scheme=(0.4,0.5); result=({49, 205}, 505) 
2021-09-13 04:29:01,510 - INFO - budget_last = 2
2021-09-13 04:29:01,517 - INFO - compute: budget=3; scheme=(0.4,0.5); result=({49, 109, 205}, 541) 
2021-09-13 04:29:01,517 - INFO - budget_last = 0
2021-09-13 04:29:01,529 - INFO - compute: budget=1; scheme=(0.4,0.6000000000000001); result=({49}, 292) 
2021-09-13 04:29:01,529 - INFO - budget_last = 1
2021-09-13 04:29:01,541 - INFO - compute: budget=2; scheme=(0.4,0.6000000000000001); result=({49, 169}, 500) 
2021-09-13 04:29:01,541 - INFO - budget_last = 2
2021-09-13 04:29:01,553 - INFO - compute: budget=3; scheme=(0.4,0.6000000000000001); result=({49, 169, 205}, 695) 
2021-09-13 04:29:01,553 - INFO - budget_last = 0
2021-09-13 04:29:01,575 - INFO - compute: budget=1; scheme=(0.4,0.7000000000000001); result=({49}, 292) 
2021-09-13 04:29:01,575 - INFO - budget_last = 1
2021-09-13 04:29:01,597 - INFO - compute: budget=2; scheme=(0.4,0.7000000000000001); result=({49, 169}, 500) 
2021-09-13 04:29:01,597 - INFO - budget_last = 2
2021-09-13 04:29:01,618 - INFO - compute: budget=3; scheme=(0.4,0.7000000000000001); result=({49, 169, 205}, 695) 
2021-09-13 04:29:01,618 - INFO - budget_last = 0
2021-09-13 04:29:01,649 - INFO - compute: budget=1; scheme=(0.4,0.8); result=({49}, 292) 
2021-09-13 04:29:01,649 - INFO - budget_last = 1
2021-09-13 04:29:01,679 - INFO - compute: budget=2; scheme=(0.4,0.8); result=({49, 1}, 499) 
2021-09-13 04:29:01,680 - INFO - budget_last = 2
2021-09-13 04:29:01,709 - INFO - compute: budget=3; scheme=(0.4,0.8); result=({49, 150, 1}, 775) 
2021-09-13 04:29:01,709 - INFO - budget_last = 0
2021-09-13 04:29:01,744 - INFO - compute: budget=1; scheme=(0.4,0.9); result=({49}, 292) 
2021-09-13 04:29:01,744 - INFO - budget_last = 1
2021-09-13 04:29:01,778 - INFO - compute: budget=2; scheme=(0.4,0.9); result=({49, 1}, 499) 
2021-09-13 04:29:01,778 - INFO - budget_last = 2
2021-09-13 04:29:01,811 - INFO - compute: budget=3; scheme=(0.4,0.9); result=({46, 49, 1}, 738) 
2021-09-13 04:29:01,811 - INFO - budget_last = 0
2021-09-13 04:29:01,845 - INFO - compute: budget=1; scheme=(0.4,1.0); result=({49}, 292) 
2021-09-13 04:29:01,845 - INFO - budget_last = 1
2021-09-13 04:29:01,880 - INFO - compute: budget=2; scheme=(0.4,1.0); result=({49, 1}, 499) 
2021-09-13 04:29:01,880 - INFO - budget_last = 2
2021-09-13 04:29:01,913 - INFO - compute: budget=3; scheme=(0.4,1.0); result=({46, 49, 1}, 738) 
2021-09-13 04:29:01,913 - INFO - budget_last = 0
2021-09-13 04:29:01,914 - INFO - compute: budget=1; scheme=(0.5,0.30000000000000004); result=({109}, 73) 
2021-09-13 04:29:01,914 - INFO - budget_last = 1
2021-09-13 04:29:01,915 - INFO - compute: budget=2; scheme=(0.5,0.30000000000000004); result=({17, 109}, 125) 
2021-09-13 04:29:01,915 - INFO - budget_last = 2
2021-09-13 04:29:01,916 - INFO - compute: budget=3; scheme=(0.5,0.30000000000000004); result=({17, 172, 109}, 173) 
2021-09-13 04:29:01,916 - INFO -  max history budget=3
2021-09-13 04:29:01,916 - INFO - load: budget=1; scheme=(0.5,0.4); result=({17, 172, 109}, 73) 
2021-09-13 04:29:01,916 - INFO - load: budget=2; scheme=(0.5,0.4); result=({17, 172, 109}, 125) 
2021-09-13 04:29:01,917 - INFO - load: budget=3; scheme=(0.5,0.4); result=({17, 172, 109}, 173) 
2021-09-13 04:29:01,917 - INFO - budget_last = 0
2021-09-13 04:29:01,920 - INFO - compute: budget=1; scheme=(0.5,0.5); result=({49}, 107) 
2021-09-13 04:29:01,920 - INFO - budget_last = 1
2021-09-13 04:29:01,923 - INFO - compute: budget=2; scheme=(0.5,0.5); result=({49, 205}, 189) 
2021-09-13 04:29:01,923 - INFO - budget_last = 2
2021-09-13 04:29:01,926 - INFO - compute: budget=3; scheme=(0.5,0.5); result=({49, 109, 205}, 203) 
2021-09-13 04:29:01,926 - INFO - budget_last = 0
2021-09-13 04:29:01,931 - INFO - compute: budget=1; scheme=(0.5,0.6000000000000001); result=({49}, 107) 
2021-09-13 04:29:01,931 - INFO - budget_last = 1
2021-09-13 04:29:01,936 - INFO - compute: budget=2; scheme=(0.5,0.6000000000000001); result=({49, 205}, 189) 
2021-09-13 04:29:01,936 - INFO - budget_last = 2
2021-09-13 04:29:01,941 - INFO - compute: budget=3; scheme=(0.5,0.6000000000000001); result=({49, 169, 205}, 246) 
2021-09-13 04:29:01,941 - INFO - budget_last = 0
2021-09-13 04:29:01,949 - INFO - compute: budget=1; scheme=(0.5,0.7000000000000001); result=({49}, 107) 
2021-09-13 04:29:01,949 - INFO - budget_last = 1
2021-09-13 04:29:01,958 - INFO - compute: budget=2; scheme=(0.5,0.7000000000000001); result=({49, 205}, 189) 
2021-09-13 04:29:01,958 - INFO - budget_last = 2
2021-09-13 04:29:01,967 - INFO - compute: budget=3; scheme=(0.5,0.7000000000000001); result=({49, 169, 205}, 246) 
2021-09-13 04:29:01,967 - INFO - budget_last = 0
2021-09-13 04:29:01,979 - INFO - compute: budget=1; scheme=(0.5,0.8); result=({49}, 107) 
2021-09-13 04:29:01,979 - INFO - budget_last = 1
2021-09-13 04:29:01,991 - INFO - compute: budget=2; scheme=(0.5,0.8); result=({49, 1}, 180) 
2021-09-13 04:29:01,991 - INFO - budget_last = 2
2021-09-13 04:29:02,003 - INFO - compute: budget=3; scheme=(0.5,0.8); result=({49, 150, 1}, 274) 
2021-09-13 04:29:02,004 - INFO - budget_last = 0
2021-09-13 04:29:02,018 - INFO - compute: budget=1; scheme=(0.5,0.9); result=({49}, 107) 
2021-09-13 04:29:02,019 - INFO - budget_last = 1
2021-09-13 04:29:02,032 - INFO - compute: budget=2; scheme=(0.5,0.9); result=({49, 1}, 180) 
2021-09-13 04:29:02,032 - INFO - budget_last = 2
2021-09-13 04:29:02,046 - INFO - compute: budget=3; scheme=(0.5,0.9); result=({49, 150, 1}, 274) 
2021-09-13 04:29:02,046 - INFO - budget_last = 0
2021-09-13 04:29:02,060 - INFO - compute: budget=1; scheme=(0.5,1.0); result=({49}, 107) 
2021-09-13 04:29:02,060 - INFO - budget_last = 1
2021-09-13 04:29:02,074 - INFO - compute: budget=2; scheme=(0.5,1.0); result=({49, 1}, 180) 
2021-09-13 04:29:02,075 - INFO - budget_last = 2
2021-09-13 04:29:02,088 - INFO - compute: budget=3; scheme=(0.5,1.0); result=({49, 150, 1}, 274) 
2021-09-13 04:29:02,089 - INFO - budget_last = 0
2021-09-13 04:29:02,089 - INFO - compute: budget=1; scheme=(0.6000000000000001,0.30000000000000004); result=({109}, 11) 
2021-09-13 04:29:02,089 - INFO - budget_last = 1
2021-09-13 04:29:02,090 - INFO - compute: budget=2; scheme=(0.6000000000000001,0.30000000000000004); result=({17, 109}, 20) 
2021-09-13 04:29:02,090 - INFO - budget_last = 2
2021-09-13 04:29:02,090 - INFO - compute: budget=3; scheme=(0.6000000000000001,0.30000000000000004); result=({17, 172, 109}, 23) 
2021-09-13 04:29:02,090 - INFO -  max history budget=3
2021-09-13 04:29:02,090 - INFO - load: budget=1; scheme=(0.6000000000000001,0.4); result=({17, 172, 109}, 11) 
2021-09-13 04:29:02,090 - INFO - load: budget=2; scheme=(0.6000000000000001,0.4); result=({17, 172, 109}, 20) 
2021-09-13 04:29:02,090 - INFO - load: budget=3; scheme=(0.6000000000000001,0.4); result=({17, 172, 109}, 23) 
2021-09-13 04:29:02,090 - INFO - budget_last = 0
2021-09-13 04:29:02,091 - INFO - compute: budget=1; scheme=(0.6000000000000001,0.5); result=({49}, 22) 
2021-09-13 04:29:02,091 - INFO - budget_last = 1
2021-09-13 04:29:02,092 - INFO - compute: budget=2; scheme=(0.6000000000000001,0.5); result=({49, 205}, 35) 
2021-09-13 04:29:02,092 - INFO - budget_last = 2
2021-09-13 04:29:02,092 - INFO - compute: budget=3; scheme=(0.6000000000000001,0.5); result=({49, 109, 205}, 37) 
2021-09-13 04:29:02,092 - INFO - budget_last = 0
2021-09-13 04:29:02,093 - INFO - compute: budget=1; scheme=(0.6000000000000001,0.6000000000000001); result=({49}, 22) 
2021-09-13 04:29:02,093 - INFO - budget_last = 1
2021-09-13 04:29:02,094 - INFO - compute: budget=2; scheme=(0.6000000000000001,0.6000000000000001); result=({49, 169}, 37) 
2021-09-13 04:29:02,094 - INFO - budget_last = 2
2021-09-13 04:29:02,094 - INFO - compute: budget=3; scheme=(0.6000000000000001,0.6000000000000001); result=({49, 169, 31}, 42) 
2021-09-13 04:29:02,095 - INFO - budget_last = 0
2021-09-13 04:29:02,096 - INFO - compute: budget=1; scheme=(0.6000000000000001,0.7000000000000001); result=({49}, 22) 
2021-09-13 04:29:02,096 - INFO - budget_last = 1
2021-09-13 04:29:02,097 - INFO - compute: budget=2; scheme=(0.6000000000000001,0.7000000000000001); result=({49, 169}, 37) 
2021-09-13 04:29:02,097 - INFO - budget_last = 2
2021-09-13 04:29:02,099 - INFO - compute: budget=3; scheme=(0.6000000000000001,0.7000000000000001); result=({49, 169, 205}, 49) 
2021-09-13 04:29:02,099 - INFO - budget_last = 0
2021-09-13 04:29:02,101 - INFO - compute: budget=1; scheme=(0.6000000000000001,0.8); result=({49}, 22) 
2021-09-13 04:29:02,101 - INFO - budget_last = 1
2021-09-13 04:29:02,103 - INFO - compute: budget=2; scheme=(0.6000000000000001,0.8); result=({49, 1}, 36) 
2021-09-13 04:29:02,103 - INFO - budget_last = 2
2021-09-13 04:29:02,105 - INFO - compute: budget=3; scheme=(0.6000000000000001,0.8); result=({49, 169, 1}, 51) 
2021-09-13 04:29:02,105 - INFO - budget_last = 0
2021-09-13 04:29:02,107 - INFO - compute: budget=1; scheme=(0.6000000000000001,0.9); result=({49}, 22) 
2021-09-13 04:29:02,107 - INFO - budget_last = 1
2021-09-13 04:29:02,109 - INFO - compute: budget=2; scheme=(0.6000000000000001,0.9); result=({49, 1}, 36) 
2021-09-13 04:29:02,109 - INFO - budget_last = 2
2021-09-13 04:29:02,111 - INFO - compute: budget=3; scheme=(0.6000000000000001,0.9); result=({46, 49, 1}, 53) 
2021-09-13 04:29:02,111 - INFO - budget_last = 0
2021-09-13 04:29:02,113 - INFO - compute: budget=1; scheme=(0.6000000000000001,1.0); result=({49}, 22) 
2021-09-13 04:29:02,113 - INFO - budget_last = 1
2021-09-13 04:29:02,115 - INFO - compute: budget=2; scheme=(0.6000000000000001,1.0); result=({49, 1}, 36) 
2021-09-13 04:29:02,116 - INFO - budget_last = 2
2021-09-13 04:29:02,117 - INFO - compute: budget=3; scheme=(0.6000000000000001,1.0); result=({46, 49, 1}, 53) 
2021-09-13 04:29:02,118 - INFO -  max history budget=3
2021-09-13 04:29:02,118 - INFO - load: budget=1; scheme=(0.7000000000000001,0.30000000000000004); result=({17, 172, 109}, 11) 
2021-09-13 04:29:02,118 - INFO - load: budget=2; scheme=(0.7000000000000001,0.30000000000000004); result=({17, 172, 109}, 20) 
2021-09-13 04:29:02,118 - INFO - load: budget=3; scheme=(0.7000000000000001,0.30000000000000004); result=({17, 172, 109}, 23) 
2021-09-13 04:29:02,118 - INFO -  max history budget=3
2021-09-13 04:29:02,118 - INFO - load: budget=1; scheme=(0.7000000000000001,0.4); result=({17, 172, 109}, 11) 
2021-09-13 04:29:02,118 - INFO - load: budget=2; scheme=(0.7000000000000001,0.4); result=({17, 172, 109}, 20) 
2021-09-13 04:29:02,118 - INFO - load: budget=3; scheme=(0.7000000000000001,0.4); result=({17, 172, 109}, 23) 
2021-09-13 04:29:02,118 - INFO -  max history budget=3
2021-09-13 04:29:02,118 - INFO - load: budget=1; scheme=(0.7000000000000001,0.5); result=({49, 109, 205}, 22) 
2021-09-13 04:29:02,118 - INFO - load: budget=2; scheme=(0.7000000000000001,0.5); result=({49, 109, 205}, 35) 
2021-09-13 04:29:02,118 - INFO - load: budget=3; scheme=(0.7000000000000001,0.5); result=({49, 109, 205}, 37) 
2021-09-13 04:29:02,119 - INFO -  max history budget=3
2021-09-13 04:29:02,119 - INFO - load: budget=1; scheme=(0.7000000000000001,0.6000000000000001); result=({49, 169, 31}, 22) 
2021-09-13 04:29:02,119 - INFO - load: budget=2; scheme=(0.7000000000000001,0.6000000000000001); result=({49, 169, 31}, 37) 
2021-09-13 04:29:02,119 - INFO - load: budget=3; scheme=(0.7000000000000001,0.6000000000000001); result=({49, 169, 31}, 42) 
2021-09-13 04:29:02,119 - INFO -  max history budget=3
2021-09-13 04:29:02,119 - INFO - load: budget=1; scheme=(0.7000000000000001,0.7000000000000001); result=({49, 169, 205}, 22) 
2021-09-13 04:29:02,119 - INFO - load: budget=2; scheme=(0.7000000000000001,0.7000000000000001); result=({49, 169, 205}, 37) 
2021-09-13 04:29:02,119 - INFO - load: budget=3; scheme=(0.7000000000000001,0.7000000000000001); result=({49, 169, 205}, 49) 
2021-09-13 04:29:02,120 - INFO -  max history budget=3
2021-09-13 04:29:02,120 - INFO - load: budget=1; scheme=(0.7000000000000001,0.8); result=({49, 169, 1}, 22) 
2021-09-13 04:29:02,120 - INFO - load: budget=2; scheme=(0.7000000000000001,0.8); result=({49, 169, 1}, 36) 
2021-09-13 04:29:02,120 - INFO - load: budget=3; scheme=(0.7000000000000001,0.8); result=({49, 169, 1}, 51) 
2021-09-13 04:29:02,120 - INFO -  max history budget=3
2021-09-13 04:29:02,120 - INFO - load: budget=1; scheme=(0.7000000000000001,0.9); result=({46, 49, 1}, 22) 
2021-09-13 04:29:02,120 - INFO - load: budget=2; scheme=(0.7000000000000001,0.9); result=({46, 49, 1}, 36) 
2021-09-13 04:29:02,120 - INFO - load: budget=3; scheme=(0.7000000000000001,0.9); result=({46, 49, 1}, 53) 
2021-09-13 04:29:02,121 - INFO -  max history budget=3
2021-09-13 04:29:02,121 - INFO - load: budget=1; scheme=(0.7000000000000001,1.0); result=({46, 49, 1}, 22) 
2021-09-13 04:29:02,121 - INFO - load: budget=2; scheme=(0.7000000000000001,1.0); result=({46, 49, 1}, 36) 
2021-09-13 04:29:02,121 - INFO - load: budget=3; scheme=(0.7000000000000001,1.0); result=({46, 49, 1}, 53) 
