2021-09-18 01:14:57,127 - INFO - Namespace(a='2', beta_paras='3,6,6,3', budget_list='2', did='d1', grain_alpha='5', grain_p='5', method='greedy', percent_R='0.25', percent_S='0.25', seed='32', version='v09180114')
2021-09-18 01:14:57,142 - INFO - Finish random requester set R and supplier set S 
                             percent_R=0.25, num_R=55, len_R=55 
                             percent_S=0.25, num_S=55, len_S=54
2021-09-18 01:14:57,755 - INFO - Finish generate valuations and costs using using a=2
2021-09-18 01:14:58,242 - INFO - max_history_budget=0, max_history_result=None
2021-09-18 01:14:58,244 - INFO - when budget_last = 0, M = set(), M_last = set()
2021-09-18 01:14:58,244 - INFO - compute: budget=1; scheme=(0.0,0.0); tilderR=(55) tilderS=(0); result=(set(), 0); rev=0.0
2021-09-18 01:14:58,244 - INFO - when budget_last = 1, M = set(), M_last = set()
2021-09-18 01:14:58,244 - INFO - compute: budget=2; scheme=(0.0,0.0); tilderR=(55) tilderS=(0); result=(set(), 0); rev=0.0
2021-09-18 01:14:58,245 - INFO - max_history_budget=2, max_history_result=(set(), 0, 0.0)
2021-09-18 01:14:58,245 - INFO - load: budget=1; scheme=(0.0,0.0); tilderR=(55) tilderS=(0); result=(set(), 0); rev=0.0
2021-09-18 01:14:58,246 - INFO - max_history_budget=2, max_history_result=(set(), 0, 0.0)
2021-09-18 01:14:58,246 - INFO - load: budget=1; scheme=(0.0,0.0); tilderR=(55) tilderS=(0); result=(set(), 0); rev=0.0
2021-09-18 01:14:58,247 - INFO - max_history_budget=2, max_history_result=(set(), 0, 0.0)
2021-09-18 01:14:58,247 - INFO - load: budget=1; scheme=(0.0,0.0); tilderR=(55) tilderS=(0); result=(set(), 0); rev=0.0
2021-09-18 01:14:58,248 - INFO - max_history_budget=2, max_history_result=(set(), 0, 0.0)
2021-09-18 01:14:58,248 - INFO - load: budget=1; scheme=(0.0,0.0); tilderR=(55) tilderS=(0); result=(set(), 0); rev=0.0
2021-09-18 01:14:58,249 - INFO - max_history_budget=2, max_history_result=(set(), 0, 0.0)
2021-09-18 01:14:58,249 - INFO - load: budget=1; scheme=(0.0,0.0); tilderR=(55) tilderS=(0); result=(set(), 0); rev=0.0
2021-09-18 01:14:58,250 - INFO - max_history_budget=2, max_history_result=(set(), 0, 0.0)
2021-09-18 01:14:58,250 - INFO - load: budget=1; scheme=(0.2,0.0); tilderR=(55) tilderS=(0); result=(set(), 0); rev=0.0
2021-09-18 01:14:58,251 - INFO - max_history_budget=2, max_history_result=(set(), 0, 0.0)
2021-09-18 01:14:58,252 - INFO - load: budget=1; scheme=(0.2,0.04000000000000001); tilderR=(55) tilderS=(0); result=(set(), 0); rev=0.0
2021-09-18 01:14:58,252 - INFO - max_history_budget=2, max_history_result=(set(), 0, 0.0)
2021-09-18 01:14:58,253 - INFO - load: budget=1; scheme=(0.2,0.08000000000000002); tilderR=(55) tilderS=(0); result=(set(), 0); rev=0.0
2021-09-18 01:14:58,253 - INFO - max_history_budget=2, max_history_result=({168}, 631, set())
