2021-09-17 23:08:30,053 - INFO - Namespace(a='2', beta_paras='3,6,6,3', budget_list='2', did='d1', grain_alpha='5', grain_p='5', method='greedy', percent_R='0.25', percent_S='0.25', seed='32', version='v09172308')
2021-09-17 23:08:30,067 - INFO - Finish random requester set R and supplier set S 
                             percent_R=0.25, num_R=55, len_R=55 
                             percent_S=0.25, num_S=55, len_S=54
2021-09-17 23:08:30,636 - INFO - Finish generate valuations and costs using using a=2
2021-09-17 23:08:31,117 - INFO - ==================== (0.0, 0.0) is invalid scheme since with empty set:  tilderR
2021-09-17 23:08:31,117 - INFO - ==================== (0.0, 0.0) is invalid scheme since with empty set:  tilderR
2021-09-17 23:08:31,117 - INFO - ==================== (0.0, 0.0) is invalid scheme since with empty set:  tilderR
2021-09-17 23:08:31,118 - INFO - ==================== (0.0, 0.0) is invalid scheme since with empty set:  tilderR
2021-09-17 23:08:31,118 - INFO - ==================== (0.0, 0.0) is invalid scheme since with empty set:  tilderR
2021-09-17 23:08:31,118 - INFO - ==================== (0.0, 0.0) is invalid scheme since with empty set:  tilderR
2021-09-17 23:08:31,118 - INFO - ==================== (0.2, 0.0) is invalid scheme since with empty set:  tilderR
2021-09-17 23:08:31,118 - INFO - ==================== (0.2, 0.04000000000000001) is invalid scheme since with empty set:  tilderR
2021-09-17 23:08:31,118 - INFO - ==================== (0.2, 0.08000000000000002) is invalid scheme since with empty set:  tilderR
2021-09-17 23:08:31,118 - INFO - ==================== (0.2, 0.12000000000000002) complete computation
2021-09-17 23:08:31,118 - INFO - max_history_budget=0, max_history_result=None
2021-09-17 23:08:31,125 - INFO - ({168}, 631, {0: set(), 130: set(), 2: set(), 133: set(), 6: set(), 134: set(), 5: set(), 9: set(), 138: set(), 136: set(), 12: set(), 14: set(), 142: set(), 145: set(), 19: set(), 20: set(), 153: set(), 25: set(), 28: set(), 30: set(), 32: set(), 37: set(), 40: set(), 41: set(), 42: set(), 176: set(), 178: set(), 51: set(), 181: set(), 54: set(), 184: set(), 58: set(), 187: set(), 60: set(), 188: set(), 192: set(), 193: set(), 73: set(), 76: set(), 77: set(), 207: set(), 79: set(), 83: set(), 84: set(), 85: set(), 90: set(), 94: set(), 110: set(), 112: set(), 114: set(), 119: set(), 120: set(), 124: set(), 126: set(), 127: set()})
2021-09-17 23:08:31,130 - INFO - compute: budget=1; scheme=(0.2,0.12000000000000002); tilderR=(55) tilderS=(1); result=({168}, 631); rev=50.47999999999999
2021-09-17 23:08:31,134 - INFO - ({168}, 631, set())
2021-09-17 23:08:31,138 - INFO - compute: budget=2; scheme=(0.2,0.12000000000000002); tilderR=(55) tilderS=(1); result=({168}, 631); rev=50.47999999999999
2021-09-17 23:08:31,139 - INFO - ==================== (0.2, 0.16000000000000003) complete computation
2021-09-17 23:08:31,139 - INFO - max_history_budget=0, max_history_result=None
2021-09-17 23:08:31,147 - INFO - ({125}, 671, {0: set(), 130: set(), 2: set(), 133: set(), 6: set(), 134: set(), 5: set(), 9: set(), 138: set(), 136: set(), 12: set(), 14: set(), 142: set(), 145: set(), 19: set(), 20: set(), 153: set(), 25: set(), 28: set(), 30: set(), 32: set(), 37: set(), 40: set(), 41: set(), 42: set(), 176: set(), 178: set(), 51: set(), 181: set(), 54: set(), 184: set(), 58: set(), 187: set(), 60: set(), 188: set(), 192: set(), 193: set(), 73: set(), 76: set(), 77: set(), 207: set(), 79: set(), 83: set(), 84: set(), 85: set(), 90: set(), 94: set(), 110: set(), 112: set(), 114: set(), 119: set(), 120: set(), 124: set(), 126: set(), 127: set()})
2021-09-17 23:08:31,154 - INFO - compute: budget=1; scheme=(0.2,0.16000000000000003); tilderR=(55) tilderS=(2); result=({168, 125}, 1093); rev=43.71999999999998
2021-09-17 23:08:31,159 - INFO - ({168, 125}, 1093, set())
2021-09-17 23:08:31,164 - INFO - compute: budget=2; scheme=(0.2,0.16000000000000003); tilderR=(55) tilderS=(2); result=({168, 125}, 1093); rev=43.71999999999998
2021-09-17 23:08:31,164 - INFO - ==================== (0.2, 0.2) complete computation
2021-09-17 23:08:31,164 - INFO - max_history_budget=0, max_history_result=None
2021-09-17 23:08:31,174 - INFO - ({46}, 787, {0: set(), 130: set(), 2: set(), 133: set(), 6: set(), 134: set(), 5: set(), 9: set(), 138: set(), 136: set(), 12: set(), 14: set(), 142: set(), 145: set(), 19: set(), 20: set(), 153: set(), 25: set(), 28: set(), 30: set(), 32: set(), 37: set(), 40: set(), 41: set(), 42: set(), 176: set(), 178: set(), 51: set(), 181: set(), 54: set(), 184: set(), 58: set(), 187: set(), 60: set(), 188: set(), 192: set(), 193: set(), 73: set(), 76: set(), 77: set(), 207: set(), 79: set(), 83: set(), 84: set(), 85: set(), 90: set(), 94: set(), 110: set(), 112: set(), 114: set(), 119: set(), 120: set(), 124: set(), 126: set(), 127: set()})
2021-09-17 23:08:31,184 - INFO - compute: budget=1; scheme=(0.2,0.2); tilderR=(55) tilderS=(3); result=({125, 46}, 1375); rev=0.0
2021-09-17 23:08:31,191 - INFO - ({168, 125, 46}, 1770, {0: set(), 130: set(), 2: set(), 133: set(), 6: set(), 134: set(), 5: set(), 9: set(), 138: set(), 136: set(), 12: set(), 14: set(), 142: set(), 145: set(), 19: set(), 20: set(), 153: set(), 25: set(), 28: set(), 30: set(), 32: set(), 37: set(), 40: set(), 41: set(), 42: set(), 176: set(), 178: set(), 51: set(), 181: set(), 54: set(), 184: set(), 58: set(), 187: set(), 60: set(), 188: set(), 192: set(), 193: set(), 73: set(), 76: set(), 77: set(), 207: set(), 79: set(), 83: set(), 84: set(), 85: set(), 90: set(), 94: set(), 110: set(), 112: set(), 114: set(), 119: set(), 120: set(), 124: set(), 126: set(), 127: set()})
2021-09-17 23:08:31,196 - INFO - compute: budget=2; scheme=(0.2,0.2); tilderR=(55) tilderS=(3); result=({168, 125, 46}, 1770); rev=0.0
2021-09-17 23:08:31,196 - INFO - ==================== (0.4, 0.0) is invalid scheme since with empty set:  tilderR
2021-09-17 23:08:31,196 - INFO - ==================== (0.4, 0.08000000000000002) is invalid scheme since with empty set:  tilderR
2021-09-17 23:08:31,196 - INFO - ==================== (0.4, 0.16000000000000003) complete computation
2021-09-17 23:08:31,197 - INFO - max_history_budget=0, max_history_result=None
2021-09-17 23:08:31,203 - INFO - ({125}, 560, {0: set(), 130: set(), 2: set(), 133: set(), 6: set(), 5: set(), 136: set(), 9: set(), 138: set(), 12: set(), 14: set(), 142: set(), 145: set(), 19: set(), 20: set(), 153: set(), 25: set(), 30: set(), 37: set(), 40: set(), 41: set(), 42: set(), 176: set(), 178: set(), 51: set(), 181: set(), 54: set(), 184: set(), 58: set(), 187: set(), 60: set(), 188: set(), 192: set(), 193: set(), 73: set(), 76: set(), 77: set(), 79: set(), 84: set(), 85: set(), 94: set(), 110: set(), 112: set(), 114: set(), 119: set(), 120: set(), 124: set(), 126: set(), 127: set()})
2021-09-17 23:08:31,209 - INFO - compute: budget=1; scheme=(0.4,0.16000000000000003); tilderR=(49) tilderS=(2); result=({168, 125}, 898); rev=215.51999999999998
2021-09-17 23:08:31,214 - INFO - ({168, 125}, 898, set())
2021-09-17 23:08:31,217 - INFO - compute: budget=2; scheme=(0.4,0.16000000000000003); tilderR=(49) tilderS=(2); result=({168, 125}, 898); rev=215.51999999999998
2021-09-17 23:08:31,218 - INFO - ==================== (0.4, 0.24000000000000005) complete computation
2021-09-17 23:08:31,218 - INFO - max_history_budget=0, max_history_result=None
2021-09-17 23:08:31,230 - INFO - ({46}, 656, {0: set(), 130: set(), 2: set(), 133: set(), 6: set(), 5: set(), 136: set(), 9: set(), 138: set(), 12: set(), 14: set(), 142: set(), 145: set(), 19: set(), 20: set(), 153: set(), 25: set(), 30: set(), 37: set(), 40: set(), 41: set(), 42: set(), 176: set(), 178: set(), 51: set(), 181: set(), 54: set(), 184: set(), 58: set(), 187: set(), 60: set(), 188: set(), 192: set(), 193: set(), 73: set(), 76: set(), 77: set(), 79: set(), 84: set(), 85: set(), 94: set(), 110: set(), 112: set(), 114: set(), 119: set(), 120: set(), 124: set(), 126: set(), 127: set()})
2021-09-17 23:08:31,241 - INFO - compute: budget=1; scheme=(0.4,0.24000000000000005); tilderR=(49) tilderS=(5); result=({125, 46}, 1147); rev=183.51999999999998
2021-09-17 23:08:31,251 - INFO - ({125, 46, 149}, 1510, {0: set(), 130: set(), 2: set(), 133: set(), 6: set(), 5: set(), 136: set(), 9: set(), 138: set(), 12: set(), 14: set(), 142: set(), 145: set(), 19: set(), 20: set(), 153: set(), 25: set(), 30: set(), 37: set(), 40: set(), 41: set(), 42: set(), 176: set(), 178: set(), 51: set(), 181: set(), 54: set(), 184: set(), 58: set(), 187: set(), 60: set(), 188: set(), 192: set(), 193: set(), 73: set(), 76: set(), 77: set(), 79: set(), 84: set(), 85: set(), 94: set(), 110: set(), 112: set(), 114: set(), 119: set(), 120: set(), 124: set(), 126: set(), 127: set()})
2021-09-17 23:08:31,260 - INFO - compute: budget=2; scheme=(0.4,0.24000000000000005); tilderR=(49) tilderS=(5); result=({168, 125, 46, 149}, 1742); rev=278.71999999999997
2021-09-17 23:08:31,260 - INFO - ==================== (0.4, 0.32000000000000006) complete computation
2021-09-17 23:08:31,261 - INFO - max_history_budget=0, max_history_result=None
2021-09-17 23:08:31,282 - INFO - ({46}, 656, {0: set(), 130: set(), 2: set(), 133: set(), 6: set(), 5: set(), 136: set(), 9: set(), 138: set(), 12: set(), 14: set(), 142: set(), 145: set(), 19: set(), 20: set(), 153: set(), 25: set(), 30: set(), 37: set(), 40: set(), 41: set(), 42: set(), 176: set(), 178: set(), 51: set(), 181: set(), 54: set(), 184: set(), 58: set(), 187: set(), 60: set(), 188: set(), 192: set(), 193: set(), 73: set(), 76: set(), 77: set(), 79: set(), 84: set(), 85: set(), 94: set(), 110: set(), 112: set(), 114: set(), 119: set(), 120: set(), 124: set(), 126: set(), 127: set()})
2021-09-17 23:08:31,302 - INFO - compute: budget=1; scheme=(0.4,0.32000000000000006); tilderR=(49) tilderS=(10); result=({49, 46}, 1202); rev=96.15999999999995
2021-09-17 23:08:31,321 - INFO - ({49, 125, 46}, 1675, {0: set(), 130: set(), 2: set(), 133: set(), 6: set(), 5: set(), 136: set(), 9: set(), 138: set(), 12: set(), 14: set(), 142: set(), 145: set(), 19: set(), 20: set(), 153: set(), 25: set(), 30: set(), 37: set(), 40: set(), 41: set(), 42: set(), 176: set(), 178: set(), 51: set(), 181: set(), 54: set(), 184: set(), 58: set(), 187: set(), 60: set(), 188: set(), 192: set(), 193: set(), 73: set(), 76: set(), 77: set(), 79: set(), 84: set(), 85: set(), 94: set(), 110: set(), 112: set(), 114: set(), 119: set(), 120: set(), 124: set(), 126: set(), 127: set()})
2021-09-17 23:08:31,340 - INFO - compute: budget=2; scheme=(0.4,0.32000000000000006); tilderR=(49) tilderS=(10); result=({49, 125, 46, 149}, 2038); rev=163.0399999999999
2021-09-17 23:08:31,340 - INFO - ==================== (0.4, 0.4) complete computation
2021-09-17 23:08:31,340 - INFO - max_history_budget=0, max_history_result=None
2021-09-17 23:08:31,378 - INFO - ({150}, 787, {0: set(), 130: set(), 2: set(), 133: set(), 6: set(), 5: set(), 136: set(), 9: set(), 138: set(), 12: set(), 14: set(), 142: set(), 145: set(), 19: set(), 20: set(), 153: set(), 25: set(), 30: set(), 37: set(), 40: set(), 41: set(), 42: set(), 176: set(), 178: set(), 51: set(), 181: set(), 54: set(), 184: set(), 58: set(), 187: set(), 60: set(), 188: set(), 192: set(), 193: set(), 73: set(), 76: set(), 77: set(), 79: set(), 84: set(), 85: set(), 94: set(), 110: set(), 112: set(), 114: set(), 119: set(), 120: set(), 124: set(), 126: set(), 127: set()})
2021-09-17 23:08:31,414 - INFO - compute: budget=1; scheme=(0.4,0.4); tilderR=(49) tilderS=(19); result=({46, 150}, 1333); rev=0.0
2021-09-17 23:08:31,449 - INFO - ({46, 1, 150}, 1903, {0: set(), 130: set(), 2: set(), 133: set(), 6: set(), 5: set(), 136: set(), 9: set(), 138: set(), 12: set(), 14: set(), 142: set(), 145: set(), 19: set(), 20: set(), 153: set(), 25: set(), 30: set(), 37: set(), 40: set(), 41: set(), 42: set(), 176: set(), 178: set(), 51: set(), 181: set(), 54: set(), 184: set(), 58: set(), 187: set(), 60: set(), 188: set(), 192: set(), 193: set(), 73: set(), 76: set(), 77: set(), 79: set(), 84: set(), 85: set(), 94: set(), 110: set(), 112: set(), 114: set(), 119: set(), 120: set(), 124: set(), 126: set(), 127: set()})
2021-09-17 23:08:31,484 - INFO - compute: budget=2; scheme=(0.4,0.4); tilderR=(49) tilderS=(19); result=({46, 1, 150, 49}, 2352); rev=0.0
2021-09-17 23:08:31,485 - INFO - ==================== (0.6000000000000001, 0.0) is invalid scheme since with empty set:  tilderR
2021-09-17 23:08:31,485 - INFO - ==================== (0.6000000000000001, 0.12000000000000002) complete computation
2021-09-17 23:08:31,485 - INFO - max_history_budget=0, max_history_result=None
2021-09-17 23:08:31,488 - INFO - ({168}, 101, {130: set(), 2: set(), 9: set(), 138: set(), 19: set(), 20: set(), 153: set(), 40: set(), 51: set(), 54: set(), 184: set(), 60: set(), 192: set(), 193: set(), 84: set(), 94: set(), 114: set(), 120: set(), 124: set(), 126: set(), 127: set()})
2021-09-17 23:08:31,489 - INFO - compute: budget=1; scheme=(0.6000000000000001,0.12000000000000002); tilderR=(21) tilderS=(1); result=({168}, 101); rev=48.48000000000001
2021-09-17 23:08:31,491 - INFO - ({168}, 101, set())
2021-09-17 23:08:31,493 - INFO - compute: budget=2; scheme=(0.6000000000000001,0.12000000000000002); tilderR=(21) tilderS=(1); result=({168}, 101); rev=48.48000000000001
2021-09-17 23:08:31,493 - INFO - ==================== (0.6000000000000001, 0.24000000000000005) complete computation
2021-09-17 23:08:31,494 - INFO - max_history_budget=0, max_history_result=None
2021-09-17 23:08:31,501 - INFO - ({46}, 189, {130: set(), 2: set(), 9: set(), 138: set(), 19: set(), 20: set(), 153: set(), 40: set(), 51: set(), 54: set(), 184: set(), 60: set(), 192: set(), 193: set(), 84: set(), 94: set(), 114: set(), 120: set(), 124: set(), 126: set(), 127: set()})
2021-09-17 23:08:31,506 - INFO - compute: budget=1; scheme=(0.6000000000000001,0.24000000000000005); tilderR=(21) tilderS=(5); result=({125, 46}, 322); rev=115.92000000000002
2021-09-17 23:08:31,511 - INFO - ({125, 46, 149}, 431, {130: set(), 2: set(), 9: set(), 138: set(), 19: set(), 20: set(), 153: set(), 40: set(), 51: set(), 54: set(), 184: set(), 60: set(), 192: set(), 193: set(), 84: set(), 94: set(), 114: set(), 120: set(), 124: set(), 126: set(), 127: set()})
2021-09-17 23:08:31,516 - INFO - compute: budget=2; scheme=(0.6000000000000001,0.24000000000000005); tilderR=(21) tilderS=(5); result=({23, 125, 46, 149}, 523); rev=188.28000000000003
2021-09-17 23:08:31,516 - INFO - ==================== (0.6000000000000001, 0.3600000000000001) complete computation
2021-09-17 23:08:31,517 - INFO - max_history_budget=0, max_history_result=None
2021-09-17 23:08:31,531 - INFO - ({1}, 227, {130: set(), 2: set(), 9: set(), 138: set(), 19: set(), 20: set(), 153: set(), 40: set(), 51: set(), 54: set(), 184: set(), 60: set(), 192: set(), 193: set(), 84: set(), 94: set(), 114: set(), 120: set(), 124: set(), 126: set(), 127: set()})
2021-09-17 23:08:31,544 - INFO - compute: budget=1; scheme=(0.6000000000000001,0.3600000000000001); tilderR=(21) tilderS=(14); result=({1, 49}, 384); rev=92.16
2021-09-17 23:08:31,556 - INFO - ({1, 46, 49}, 544, {130: set(), 2: set(), 9: set(), 138: set(), 19: set(), 20: set(), 153: set(), 40: set(), 51: set(), 54: set(), 184: set(), 60: set(), 192: set(), 193: set(), 84: set(), 94: set(), 114: set(), 120: set(), 124: set(), 126: set(), 127: set()})
2021-09-17 23:08:31,569 - INFO - compute: budget=2; scheme=(0.6000000000000001,0.3600000000000001); tilderR=(21) tilderS=(14); result=({1, 125, 46, 49}, 675); rev=162.0
2021-09-17 23:08:31,569 - INFO - ==================== (0.6000000000000001, 0.4800000000000001) complete computation
2021-09-17 23:08:31,569 - INFO - max_history_budget=0, max_history_result=None
2021-09-17 23:08:31,597 - INFO - ({150}, 271, {130: set(), 2: set(), 9: set(), 138: set(), 19: set(), 20: set(), 153: set(), 40: set(), 51: set(), 54: set(), 184: set(), 60: set(), 192: set(), 193: set(), 84: set(), 94: set(), 114: set(), 120: set(), 124: set(), 126: set(), 127: set()})
2021-09-17 23:08:31,625 - INFO - compute: budget=1; scheme=(0.6000000000000001,0.4800000000000001); tilderR=(21) tilderS=(32); result=({1, 150}, 498); rev=59.76
2021-09-17 23:08:31,651 - INFO - ({1, 150, 49}, 655, {130: set(), 2: set(), 9: set(), 138: set(), 19: set(), 20: set(), 153: set(), 40: set(), 51: set(), 54: set(), 184: set(), 60: set(), 192: set(), 193: set(), 84: set(), 94: set(), 114: set(), 120: set(), 124: set(), 126: set(), 127: set()})
2021-09-17 23:08:31,678 - INFO - compute: budget=2; scheme=(0.6000000000000001,0.4800000000000001); tilderR=(21) tilderS=(32); result=({1, 173, 150, 49}, 691); rev=82.92
2021-09-17 23:08:31,678 - INFO - ==================== (0.6000000000000001, 0.6000000000000001) complete computation
2021-09-17 23:08:31,679 - INFO - max_history_budget=0, max_history_result=None
2021-09-17 23:08:31,717 - INFO - ({150}, 271, {130: set(), 2: set(), 9: set(), 138: set(), 19: set(), 20: set(), 153: set(), 40: set(), 51: set(), 54: set(), 184: set(), 60: set(), 192: set(), 193: set(), 84: set(), 94: set(), 114: set(), 120: set(), 124: set(), 126: set(), 127: set()})
2021-09-17 23:08:31,755 - INFO - compute: budget=1; scheme=(0.6000000000000001,0.6000000000000001); tilderR=(21) tilderS=(46); result=({1, 150}, 498); rev=0.0
2021-09-17 23:08:31,793 - INFO - ({1, 150, 49}, 655, {130: set(), 2: set(), 9: set(), 138: set(), 19: set(), 20: set(), 153: set(), 40: set(), 51: set(), 54: set(), 184: set(), 60: set(), 192: set(), 193: set(), 84: set(), 94: set(), 114: set(), 120: set(), 124: set(), 126: set(), 127: set()})
2021-09-17 23:08:31,830 - INFO - compute: budget=2; scheme=(0.6000000000000001,0.6000000000000001); tilderR=(21) tilderS=(46); result=({1, 173, 150, 49}, 691); rev=0.0
2021-09-17 23:08:31,830 - INFO - ==================== (0.8, 0.0) is invalid scheme since with empty set:  tilderR
2021-09-17 23:08:31,830 - INFO - ==================== (0.8, 0.16000000000000003) complete computation
2021-09-17 23:08:31,831 - INFO - max_history_budget=0, max_history_result=None
2021-09-17 23:08:31,832 - INFO - ({125}, 10, {114: set(), 51: set(), 124: set()})
2021-09-17 23:08:31,833 - INFO - compute: budget=1; scheme=(0.8,0.16000000000000003); tilderR=(3) tilderS=(2); result=({168, 125}, 12); rev=7.68
2021-09-17 23:08:31,834 - INFO - ({168, 125}, 12, set())
2021-09-17 23:08:31,835 - INFO - compute: budget=2; scheme=(0.8,0.16000000000000003); tilderR=(3) tilderS=(2); result=({168, 125}, 12); rev=7.68
2021-09-17 23:08:31,835 - INFO - ==================== (0.8, 0.32000000000000006) complete computation
2021-09-17 23:08:31,836 - INFO - max_history_budget=0, max_history_result=None
2021-09-17 23:08:31,838 - INFO - ({47}, 18, {114: set(), 51: set(), 124: set()})
2021-09-17 23:08:31,840 - INFO - compute: budget=1; scheme=(0.8,0.32000000000000006); tilderR=(3) tilderS=(10); result=({46, 47}, 31); rev=14.879999999999999
2021-09-17 23:08:31,843 - INFO - ({62, 46, 47}, 40, {114: set(), 51: set(), 124: set()})
2021-09-17 23:08:31,845 - INFO - compute: budget=2; scheme=(0.8,0.32000000000000006); tilderR=(3) tilderS=(10); result=({62, 149, 46, 47}, 49); rev=23.52
2021-09-17 23:08:31,845 - INFO - ==================== (0.8, 0.4800000000000001) complete computation
2021-09-17 23:08:31,846 - INFO - max_history_budget=0, max_history_result=None
2021-09-17 23:08:31,850 - INFO - ({150}, 31, {114: set(), 51: set(), 124: set()})
2021-09-17 23:08:31,855 - INFO - compute: budget=1; scheme=(0.8,0.4800000000000001); tilderR=(3) tilderS=(32); result=({173, 150}, 35); rev=11.199999999999998
2021-09-17 23:08:31,860 - INFO - ({173, 150, 167}, 38, {114: set(), 51: set(), 124: set()})
2021-09-17 23:08:31,865 - INFO - compute: budget=2; scheme=(0.8,0.4800000000000001); tilderR=(3) tilderS=(32); result=({65, 173, 150, 167}, 56); rev=17.919999999999998
2021-09-17 23:08:31,865 - INFO - ==================== (0.8, 0.6400000000000001) complete computation
2021-09-17 23:08:31,866 - INFO - max_history_budget=0, max_history_result=None
2021-09-17 23:08:31,872 - INFO - ({150}, 31, {114: set(), 51: set(), 124: set()})
2021-09-17 23:08:31,878 - INFO - compute: budget=1; scheme=(0.8,0.6400000000000001); tilderR=(3) tilderS=(48); result=({109, 150}, 55); rev=8.799999999999995
2021-09-17 23:08:31,885 - INFO - ({109, 150, 173}, 59, {114: set(), 51: set(), 124: set()})
2021-09-17 23:08:31,891 - INFO - compute: budget=2; scheme=(0.8,0.6400000000000001); tilderR=(3) tilderS=(48); result=({167, 109, 150, 173}, 62); rev=9.919999999999995
2021-09-17 23:08:31,891 - INFO - ==================== (0.8, 0.8) complete computation
2021-09-17 23:08:31,892 - INFO - max_history_budget=0, max_history_result=None
2021-09-17 23:08:31,899 - INFO - ({150}, 31, {114: set(), 51: set(), 124: set()})
2021-09-17 23:08:31,907 - INFO - compute: budget=1; scheme=(0.8,0.8); tilderR=(3) tilderS=(54); result=({109, 150}, 55); rev=0.0
2021-09-17 23:08:31,914 - INFO - ({109, 150, 173}, 59, {114: set(), 51: set(), 124: set()})
2021-09-17 23:08:31,921 - INFO - compute: budget=2; scheme=(0.8,0.8); tilderR=(3) tilderS=(54); result=({167, 109, 150, 173}, 62); rev=0.0
2021-09-17 23:08:31,921 - INFO - ==================== (1.0, 0.0) is invalid scheme since with empty set: tilderS tilderR
2021-09-17 23:08:31,921 - INFO - ==================== (1.0, 0.2) is invalid scheme since with empty set: tilderS 
2021-09-17 23:08:31,921 - INFO - ==================== (1.0, 0.4) is invalid scheme since with empty set: tilderS 
2021-09-17 23:08:31,921 - INFO - ==================== (1.0, 0.6000000000000001) is invalid scheme since with empty set: tilderS 
2021-09-17 23:08:31,921 - INFO - ==================== (1.0, 0.8) is invalid scheme since with empty set: tilderS 
2021-09-17 23:08:31,922 - INFO - ==================== (1.0, 1.0) is invalid scheme since with empty set: tilderS 
2021-09-17 23:08:31,923 - INFO - cnt_invalid=19, cnt_valid=17
