2021-09-25 16:18:30,503 - INFO - run algo
2021-09-25 16:18:30,516 - INFO - 217
2021-09-25 16:18:30,516 - INFO - 217
2021-09-25 16:18:30,523 - INFO - load:
2021-09-25 16:18:30,524 - INFO - Finish random requester set R and supplier set S 
                             percent_R=0.25, num_R=55, len_R=55 
                             percent_S=0.25, num_S=55, len_S=54
2021-09-25 16:18:31,075 - INFO - Finish generate valuations and costs using using gamma=2.0
2021-09-25 16:18:31,535 - INFO - ********** (0.0, 0.0, 0.0)
2021-09-25 16:18:31,535 - INFO - max_history_budget=0, max_history_result=None
2021-09-25 16:18:31,537 - INFO - compute | 3 | (0.0,0.0) | 55 | 0 | set() | 0.0| 0.0 | 0.0 
2021-09-25 16:18:31,540 - INFO - compute | 3 | (0.0,0.0) | 55 | 0 | set() | 0.0| 0.0 | 0.0 
2021-09-25 16:18:31,542 - INFO - compute | 3 | (0.0,0.0) | 55 | 0 | set() | 0.0| 0.0 | 0.0 
2021-09-25 16:18:31,542 - INFO - ********** (0.0, 0.2, 0.0)
2021-09-25 16:18:31,543 - INFO - max_history_budget=3, max_history_result=(set(), 0.0, 0.0)
2021-09-25 16:18:31,543 - INFO - load | 1 | (0.0,0.0) | 55 | 0 | set() | 0.0| 0.0 | 0.0 
2021-09-25 16:18:31,543 - INFO - load | 2 | (0.0,0.0) | 55 | 0 | set() | 0.0| 0.0 | 0.0 
2021-09-25 16:18:31,543 - INFO - load | 3 | (0.0,0.0) | 55 | 0 | set() | 0.0| 0.0 | 0.0 
2021-09-25 16:18:31,543 - INFO - ********** (0.0, 0.4, 0.0)
2021-09-25 16:18:31,543 - INFO - max_history_budget=3, max_history_result=(set(), 0.0, 0.0)
2021-09-25 16:18:31,544 - INFO - load | 1 | (0.0,0.0) | 55 | 0 | set() | 0.0| 0.0 | 0.0 
2021-09-25 16:18:31,544 - INFO - load | 2 | (0.0,0.0) | 55 | 0 | set() | 0.0| 0.0 | 0.0 
2021-09-25 16:18:31,544 - INFO - load | 3 | (0.0,0.0) | 55 | 0 | set() | 0.0| 0.0 | 0.0 
2021-09-25 16:18:31,544 - INFO - ********** (0.0, 0.6000000000000001, 0.0)
2021-09-25 16:18:31,544 - INFO - max_history_budget=3, max_history_result=(set(), 0.0, 0.0)
2021-09-25 16:18:31,544 - INFO - load | 1 | (0.0,0.0) | 55 | 0 | set() | 0.0| 0.0 | 0.0 
2021-09-25 16:18:31,544 - INFO - load | 2 | (0.0,0.0) | 55 | 0 | set() | 0.0| 0.0 | 0.0 
2021-09-25 16:18:31,545 - INFO - load | 3 | (0.0,0.0) | 55 | 0 | set() | 0.0| 0.0 | 0.0 
2021-09-25 16:18:31,545 - INFO - ********** (0.0, 0.8, 0.0)
2021-09-25 16:18:31,545 - INFO - max_history_budget=3, max_history_result=(set(), 0.0, 0.0)
2021-09-25 16:18:31,545 - INFO - load | 1 | (0.0,0.0) | 55 | 0 | set() | 0.0| 0.0 | 0.0 
2021-09-25 16:18:31,545 - INFO - load | 2 | (0.0,0.0) | 55 | 0 | set() | 0.0| 0.0 | 0.0 
2021-09-25 16:18:31,545 - INFO - load | 3 | (0.0,0.0) | 55 | 0 | set() | 0.0| 0.0 | 0.0 
2021-09-25 16:18:31,546 - INFO - ********** (0.0, 1.0, 0.0)
2021-09-25 16:18:31,546 - INFO - max_history_budget=3, max_history_result=(set(), 0.0, 0.0)
2021-09-25 16:18:31,546 - INFO - load | 1 | (0.0,0.0) | 55 | 0 | set() | 0.0| 0.0 | 0.0 
2021-09-25 16:18:31,557 - INFO - load | 2 | (0.0,0.0) | 55 | 0 | set() | 0.0| 0.0 | 0.0 
2021-09-25 16:18:31,557 - INFO - load | 3 | (0.0,0.0) | 55 | 0 | set() | 0.0| 0.0 | 0.0 
2021-09-25 16:18:31,557 - INFO - ********** (0.2, 0.0, 0.0)
2021-09-25 16:18:31,557 - INFO - max_history_budget=3, max_history_result=(set(), 0.0, 0.0)
2021-09-25 16:18:31,557 - INFO - load | 1 | (0.2,0.0) | 55 | 0 | set() | 0.0| 0.0 | 0.0 
2021-09-25 16:18:31,558 - INFO - load | 2 | (0.2,0.0) | 55 | 0 | set() | 0.0| 0.0 | 0.0 
2021-09-25 16:18:31,558 - INFO - load | 3 | (0.2,0.0) | 55 | 0 | set() | 0.0| 0.0 | 0.0 
2021-09-25 16:18:31,558 - INFO - ********** (0.2, 0.2, 0.04000000000000001)
2021-09-25 16:18:31,558 - INFO - max_history_budget=3, max_history_result=(set(), 0.0, 0.0)
2021-09-25 16:18:31,559 - INFO - load | 1 | (0.2,0.04000000000000001) | 55 | 0 | set() | 0.0| 0.0 | 0.0 
2021-09-25 16:18:31,559 - INFO - load | 2 | (0.2,0.04000000000000001) | 55 | 0 | set() | 0.0| 0.0 | 0.0 
2021-09-25 16:18:31,559 - INFO - load | 3 | (0.2,0.04000000000000001) | 55 | 0 | set() | 0.0| 0.0 | 0.0 
2021-09-25 16:18:31,567 - INFO - ********** (0.2, 0.4, 0.08000000000000002)
2021-09-25 16:18:31,568 - INFO - max_history_budget=3, max_history_result=(set(), 0.0, 0.0)
2021-09-25 16:18:31,568 - INFO - load | 1 | (0.2,0.08000000000000002) | 55 | 0 | set() | 0.0| 0.0 | 0.0 
2021-09-25 16:18:31,568 - INFO - load | 2 | (0.2,0.08000000000000002) | 55 | 0 | set() | 0.0| 0.0 | 0.0 
2021-09-25 16:18:31,568 - INFO - load | 3 | (0.2,0.08000000000000002) | 55 | 0 | set() | 0.0| 0.0 | 0.0 
2021-09-25 16:18:31,569 - INFO - ********** (0.2, 0.6000000000000001, 0.12000000000000002)
2021-09-25 16:18:31,569 - INFO - max_history_budget=0, max_history_result=None
2021-09-25 16:18:31,579 - INFO - compute | 3 | (0.2,0.12000000000000002) | 55 | 1 | {168} | 305.5412213039487| 24.443297704315892 | 305.5412213039487 
2021-09-25 16:18:31,587 - INFO - compute | 3 | (0.2,0.12000000000000002) | 55 | 1 | {168} | 305.5412213039487| 24.443297704315892 | 305.5412213039487 
2021-09-25 16:18:31,595 - INFO - compute | 3 | (0.2,0.12000000000000002) | 55 | 1 | {168} | 305.5412213039487| 24.443297704315892 | 305.5412213039487 
2021-09-25 16:18:31,595 - INFO - ********** (0.2, 0.8, 0.16000000000000003)
2021-09-25 16:18:31,596 - INFO - max_history_budget=0, max_history_result=None
2021-09-25 16:18:31,612 - INFO - compute | 3 | (0.2,0.16000000000000003) | 55 | 2 | {125} | 337.3171258034894| 13.492685032139569 | 337.3171258034894 
2021-09-25 16:18:31,629 - INFO - compute | 3 | (0.2,0.16000000000000003) | 55 | 2 | {168, 125} | 541.5358126721763| 21.661432506887042 | 541.5358126721763 
2021-09-25 16:18:31,641 - INFO - compute | 3 | (0.2,0.16000000000000003) | 55 | 2 | {168, 125} | 541.5358126721763| 21.661432506887042 | 541.5358126721763 
2021-09-25 16:18:31,641 - INFO - ********** (0.2, 1.0, 0.2)
2021-09-25 16:18:31,642 - INFO - max_history_budget=0, max_history_result=None
2021-09-25 16:18:31,658 - INFO - compute | 3 | (0.2,0.2) | 55 | 3 | {46} | 404.6701561065198| 0.0 | 404.6701561065198 
2021-09-25 16:18:31,703 - INFO - compute | 3 | (0.2,0.2) | 55 | 3 | {125, 46} | 700.02854912764| 0.0 | 700.02854912764 
2021-09-25 16:18:31,727 - INFO - compute | 3 | (0.2,0.2) | 55 | 3 | {168, 125, 46} | 891.3700918273645| 0.0 | 891.3700918273645 
2021-09-25 16:18:31,727 - INFO - ********** (0.4, 0.0, 0.0)
2021-09-25 16:18:31,728 - INFO - max_history_budget=0, max_history_result=None
2021-09-25 16:18:31,734 - INFO - compute | 3 | (0.4,0.0) | 49 | 0 | set() | 0.0| 0.0 | 0.0 
2021-09-25 16:18:31,738 - INFO - compute | 3 | (0.4,0.0) | 49 | 0 | set() | 0.0| 0.0 | 0.0 
2021-09-25 16:18:31,741 - INFO - compute | 3 | (0.4,0.0) | 49 | 0 | set() | 0.0| 0.0 | 0.0 
2021-09-25 16:18:31,752 - INFO - ********** (0.4, 0.2, 0.08000000000000002)
2021-09-25 16:18:31,753 - INFO - max_history_budget=3, max_history_result=(set(), 0.0, 0.0)
2021-09-25 16:18:31,753 - INFO - load | 1 | (0.4,0.08000000000000002) | 49 | 0 | set() | 0.0| 0.0 | 0.0 
2021-09-25 16:18:31,754 - INFO - load | 2 | (0.4,0.08000000000000002) | 49 | 0 | set() | 0.0| 0.0 | 0.0 
2021-09-25 16:18:31,755 - INFO - load | 3 | (0.4,0.08000000000000002) | 49 | 0 | set() | 0.0| 0.0 | 0.0 
2021-09-25 16:18:31,755 - INFO - ********** (0.4, 0.4, 0.16000000000000003)
2021-09-25 16:18:31,756 - INFO - max_history_budget=0, max_history_result=None
2021-09-25 16:18:31,788 - INFO - compute | 3 | (0.4,0.16000000000000003) | 49 | 2 | {125} | 297.08872359963266| 71.30129366391184 | 297.08872359963266 
2021-09-25 16:18:31,833 - INFO - compute | 3 | (0.4,0.16000000000000003) | 49 | 2 | {168, 125} | 470.65639118457307| 112.95753388429753 | 470.65639118457307 
2021-09-25 16:18:31,843 - INFO - compute | 3 | (0.4,0.16000000000000003) | 49 | 2 | {168, 125} | 470.65639118457307| 112.95753388429753 | 470.65639118457307 
2021-09-25 16:18:31,844 - INFO - ********** (0.4, 0.6000000000000001, 0.24000000000000005)
2021-09-25 16:18:31,846 - INFO - max_history_budget=0, max_history_result=None
2021-09-25 16:18:31,889 - INFO - compute | 3 | (0.4,0.24000000000000005) | 49 | 5 | {46} | 356.75964187327827| 57.081542699724515 | 356.75964187327827 
2021-09-25 16:18:31,963 - INFO - compute | 3 | (0.4,0.24000000000000005) | 49 | 5 | {125, 46} | 616.9550229568409| 98.71280367309454 | 616.9550229568409 
2021-09-25 16:18:31,997 - INFO - compute | 3 | (0.4,0.24000000000000005) | 49 | 5 | {125, 46, 149} | 812.2843985307619| 129.9655037649219 | 812.2843985307619 
2021-09-25 16:18:31,997 - INFO - ********** (0.4, 0.8, 0.32000000000000006)
2021-09-25 16:18:31,999 - INFO - max_history_budget=0, max_history_result=None
2021-09-25 16:18:32,039 - INFO - compute | 3 | (0.4,0.32000000000000006) | 49 | 10 | {46} | 356.75964187327827| 28.540771349862247 | 356.75964187327827 
2021-09-25 16:18:32,091 - INFO - compute | 3 | (0.4,0.32000000000000006) | 49 | 10 | {49, 46} | 657.9187419651055| 52.633499357208414 | 657.9187419651055 
2021-09-25 16:18:32,144 - INFO - compute | 3 | (0.4,0.32000000000000006) | 49 | 10 | {49, 125, 46} | 908.951469237833| 72.7161175390266 | 908.951469237833 
2021-09-25 16:18:32,144 - INFO - ********** (0.4, 1.0, 0.4)
2021-09-25 16:18:32,145 - INFO - max_history_budget=0, max_history_result=None
2021-09-25 16:18:32,186 - INFO - compute | 3 | (0.4,0.4) | 49 | 19 | {150} | 435.02144168962354| 0.0 | 435.02144168962354 
2021-09-25 16:18:32,249 - INFO - compute | 3 | (0.4,0.4) | 49 | 19 | {46, 150} | 732.4187052341596| 0.0 | 732.4187052341596 
2021-09-25 16:18:32,316 - INFO - compute | 3 | (0.4,0.4) | 49 | 19 | {46, 1, 150} | 1053.3110835629016| 0.0 | 1053.3110835629016 
2021-09-25 16:18:32,316 - INFO - ********** (0.6000000000000001, 0.0, 0.0)
2021-09-25 16:18:32,317 - INFO - max_history_budget=0, max_history_result=None
2021-09-25 16:18:32,319 - INFO - compute | 3 | (0.6000000000000001,0.0) | 21 | 0 | set() | 0.0| 0.0 | 0.0 
2021-09-25 16:18:32,320 - INFO - compute | 3 | (0.6000000000000001,0.0) | 21 | 0 | set() | 0.0| 0.0 | 0.0 
2021-09-25 16:18:32,321 - INFO - compute | 3 | (0.6000000000000001,0.0) | 21 | 0 | set() | 0.0| 0.0 | 0.0 
2021-09-25 16:18:32,321 - INFO - ********** (0.6000000000000001, 0.2, 0.12000000000000002)
2021-09-25 16:18:32,322 - INFO - max_history_budget=0, max_history_result=None
2021-09-25 16:18:32,324 - INFO - compute | 3 | (0.6000000000000001,0.12000000000000002) | 21 | 1 | {168} | 64.6018365472911| 31.008881542699733 | 64.6018365472911 
2021-09-25 16:18:32,326 - INFO - compute | 3 | (0.6000000000000001,0.12000000000000002) | 21 | 1 | {168} | 64.6018365472911| 31.008881542699733 | 64.6018365472911 
2021-09-25 16:18:32,328 - INFO - compute | 3 | (0.6000000000000001,0.12000000000000002) | 21 | 1 | {168} | 64.6018365472911| 31.008881542699733 | 64.6018365472911 
2021-09-25 16:18:32,328 - INFO - ********** (0.6000000000000001, 0.4, 0.24000000000000005)
2021-09-25 16:18:32,329 - INFO - max_history_budget=0, max_history_result=None
2021-09-25 16:18:32,334 - INFO - compute | 3 | (0.6000000000000001,0.24000000000000005) | 21 | 5 | {46} | 126.20194674012858| 45.43270082644629 | 126.20194674012858 
2021-09-25 16:18:32,341 - INFO - compute | 3 | (0.6000000000000001,0.24000000000000005) | 21 | 5 | {125, 46} | 212.42843893480256| 76.47423801652893 | 212.42843893480256 
2021-09-25 16:18:32,349 - INFO - compute | 3 | (0.6000000000000001,0.24000000000000005) | 21 | 5 | {125, 46, 149} | 283.4419283746556| 102.03909421487603 | 283.4419283746556 
2021-09-25 16:18:32,349 - INFO - ********** (0.6000000000000001, 0.6000000000000001, 0.3600000000000001)
2021-09-25 16:18:32,350 - INFO - max_history_budget=0, max_history_result=None
2021-09-25 16:18:32,363 - INFO - compute | 3 | (0.6000000000000001,0.3600000000000001) | 21 | 14 | {1} | 155.30708907254362| 37.27370137741047 | 155.30708907254362 
2021-09-25 16:18:32,379 - INFO - compute | 3 | (0.6000000000000001,0.3600000000000001) | 21 | 14 | {1, 49} | 262.0334435261708| 62.88802644628099 | 262.0334435261708 
2021-09-25 16:18:32,400 - INFO - compute | 3 | (0.6000000000000001,0.3600000000000001) | 21 | 14 | {1, 46, 49} | 368.86704315886135| 88.52809035812672 | 368.86704315886135 
2021-09-25 16:18:32,400 - INFO - ********** (0.6000000000000001, 0.8, 0.4800000000000001)
2021-09-25 16:18:32,401 - INFO - max_history_budget=0, max_history_result=None
2021-09-25 16:18:32,428 - INFO - compute | 3 | (0.6000000000000001,0.4800000000000001) | 21 | 32 | {150} | 182.81055096418734| 21.93726611570248 | 182.81055096418734 
2021-09-25 16:18:32,467 - INFO - compute | 3 | (0.6000000000000001,0.4800000000000001) | 21 | 32 | {1, 150} | 338.1176400367309| 40.57411680440771 | 338.1176400367309 
2021-09-25 16:18:32,515 - INFO - compute | 3 | (0.6000000000000001,0.4800000000000001) | 21 | 32 | {1, 150, 49} | 444.8439944903582| 53.38127933884299 | 444.8439944903582 
2021-09-25 16:18:32,515 - INFO - ********** (0.6000000000000001, 1.0, 0.6000000000000001)
2021-09-25 16:18:32,516 - INFO - max_history_budget=0, max_history_result=None
2021-09-25 16:18:32,556 - INFO - compute | 3 | (0.6000000000000001,0.6000000000000001) | 21 | 46 | {150} | 182.81055096418734| 0.0 | 182.81055096418734 
2021-09-25 16:18:32,614 - INFO - compute | 3 | (0.6000000000000001,0.6000000000000001) | 21 | 46 | {1, 150} | 338.1176400367309| 0.0 | 338.1176400367309 
2021-09-25 16:18:32,689 - INFO - compute | 3 | (0.6000000000000001,0.6000000000000001) | 21 | 46 | {1, 150, 49} | 444.8439944903582| 0.0 | 444.8439944903582 
2021-09-25 16:18:32,689 - INFO - ********** (0.8, 0.0, 0.0)
2021-09-25 16:18:32,691 - INFO - max_history_budget=0, max_history_result=None
2021-09-25 16:18:32,691 - INFO - compute | 3 | (0.8,0.0) | 3 | 0 | set() | 0.0| 0.0 | 0.0 
2021-09-25 16:18:32,691 - INFO - compute | 3 | (0.8,0.0) | 3 | 0 | set() | 0.0| 0.0 | 0.0 
2021-09-25 16:18:32,691 - INFO - compute | 3 | (0.8,0.0) | 3 | 0 | set() | 0.0| 0.0 | 0.0 
2021-09-25 16:18:32,691 - INFO - ********** (0.8, 0.2, 0.16000000000000003)
2021-09-25 16:18:32,693 - INFO - max_history_budget=0, max_history_result=None
2021-09-25 16:18:32,694 - INFO - compute | 3 | (0.8,0.16000000000000003) | 3 | 2 | {125} | 8.156106519742883| 5.219908172635445 | 8.156106519742883 
2021-09-25 16:18:32,694 - INFO - compute | 3 | (0.8,0.16000000000000003) | 3 | 2 | {168, 125} | 9.86457300275482| 6.313326721763085 | 9.86457300275482 
2021-09-25 16:18:32,695 - INFO - compute | 3 | (0.8,0.16000000000000003) | 3 | 2 | {168, 125} | 9.86457300275482| 6.313326721763085 | 9.86457300275482 
2021-09-25 16:18:32,695 - INFO - ********** (0.8, 0.4, 0.32000000000000006)
2021-09-25 16:18:32,697 - INFO - max_history_budget=0, max_history_result=None
2021-09-25 16:18:32,699 - INFO - compute | 3 | (0.8,0.32000000000000006) | 3 | 10 | {47} | 15.122203856749309| 7.258657851239668 | 15.122203856749309 
2021-09-25 16:18:32,701 - INFO - compute | 3 | (0.8,0.32000000000000006) | 3 | 10 | {46, 47} | 25.845876951331494| 12.406020936639116 | 25.845876951331494 
2021-09-25 16:18:32,704 - INFO - compute | 3 | (0.8,0.32000000000000006) | 3 | 10 | {62, 46, 47} | 33.44022038567493| 16.051305785123965 | 33.44022038567493 
2021-09-25 16:18:32,704 - INFO - ********** (0.8, 0.6000000000000001, 0.4800000000000001)
2021-09-25 16:18:32,706 - INFO - max_history_budget=0, max_history_result=None
2021-09-25 16:18:32,710 - INFO - compute | 3 | (0.8,0.4800000000000001) | 3 | 32 | {150} | 25.52539944903581| 8.168127823691458 | 25.52539944903581 
2021-09-25 16:18:32,716 - INFO - compute | 3 | (0.8,0.4800000000000001) | 3 | 32 | {173, 150} | 28.79889807162534| 9.215647382920109 | 28.79889807162534 
2021-09-25 16:18:32,724 - INFO - compute | 3 | (0.8,0.4800000000000001) | 3 | 32 | {173, 150, 167} | 31.31191919191919| 10.01981414141414 | 31.31191919191919 
2021-09-25 16:18:32,724 - INFO - ********** (0.8, 0.8, 0.6400000000000001)
2021-09-25 16:18:32,726 - INFO - max_history_budget=0, max_history_result=None
2021-09-25 16:18:32,732 - INFO - compute | 3 | (0.8,0.6400000000000001) | 3 | 48 | {150} | 25.52539944903581| 4.084063911845727 | 25.52539944903581 
2021-09-25 16:18:32,741 - INFO - compute | 3 | (0.8,0.6400000000000001) | 3 | 48 | {109, 150} | 45.79540863177226| 7.327265381083558 | 45.79540863177226 
2021-09-25 16:18:32,752 - INFO - compute | 3 | (0.8,0.6400000000000001) | 3 | 48 | {109, 150, 173} | 49.068907254361804| 7.851025160697885 | 49.068907254361804 
2021-09-25 16:18:32,752 - INFO - ********** (0.8, 1.0, 0.8)
2021-09-25 16:18:32,754 - INFO - max_history_budget=0, max_history_result=None
2021-09-25 16:18:32,760 - INFO - compute | 3 | (0.8,0.8) | 3 | 54 | {150} | 25.52539944903581| 0.0 | 25.52539944903581 
2021-09-25 16:18:32,770 - INFO - compute | 3 | (0.8,0.8) | 3 | 54 | {109, 150} | 45.79540863177226| 0.0 | 45.79540863177226 
2021-09-25 16:18:32,781 - INFO - compute | 3 | (0.8,0.8) | 3 | 54 | {109, 150, 173} | 49.068907254361804| 0.0 | 49.068907254361804 
2021-09-25 16:18:32,781 - INFO - ********** (1.0, 0.0, 0.0)
2021-09-25 16:18:32,783 - INFO - max_history_budget=0, max_history_result=None
2021-09-25 16:18:32,783 - INFO - compute | 3 | (1.0,0.0) | 0 | 0 | set() | 0| 0.0 | 0 
2021-09-25 16:18:32,783 - INFO - compute | 3 | (1.0,0.0) | 0 | 0 | set() | 0| 0.0 | 0 
2021-09-25 16:18:32,783 - INFO - compute | 3 | (1.0,0.0) | 0 | 0 | set() | 0| 0.0 | 0 
2021-09-25 16:18:32,784 - INFO - ********** (1.0, 0.2, 0.2)
2021-09-25 16:18:32,786 - INFO - max_history_budget=0, max_history_result=None
2021-09-25 16:18:32,786 - INFO - compute | 3 | (1.0,0.2) | 0 | 3 | {46} | 0| 0.0 | 0 
2021-09-25 16:18:32,786 - INFO - compute | 3 | (1.0,0.2) | 0 | 3 | {125, 46} | 0| 0.0 | 0 
2021-09-25 16:18:32,786 - INFO - compute | 3 | (1.0,0.2) | 0 | 3 | {168, 125, 46} | 0| 0.0 | 0 
2021-09-25 16:18:32,786 - INFO - ********** (1.0, 0.4, 0.4)
2021-09-25 16:18:32,788 - INFO - max_history_budget=0, max_history_result=None
2021-09-25 16:18:32,788 - INFO - compute | 3 | (1.0,0.4) | 0 | 19 | {62} | 0| 0.0 | 0 
2021-09-25 16:18:32,788 - INFO - compute | 3 | (1.0,0.4) | 0 | 19 | {61, 62} | 0| 0.0 | 0 
2021-09-25 16:18:32,788 - INFO - compute | 3 | (1.0,0.4) | 0 | 19 | {125, 61, 62} | 0| 0.0 | 0 
2021-09-25 16:18:32,788 - INFO - ********** (1.0, 0.6000000000000001, 0.6000000000000001)
2021-09-25 16:18:32,791 - INFO - max_history_budget=0, max_history_result=None
2021-09-25 16:18:32,791 - INFO - compute | 3 | (1.0,0.6000000000000001) | 0 | 46 | {125} | 0| 0.0 | 0 
2021-09-25 16:18:32,791 - INFO - compute | 3 | (1.0,0.6000000000000001) | 0 | 46 | {122, 125} | 0| 0.0 | 0 
2021-09-25 16:18:32,791 - INFO - compute | 3 | (1.0,0.6000000000000001) | 0 | 46 | {122, 125, 102} | 0| 0.0 | 0 
2021-09-25 16:18:32,791 - INFO - ********** (1.0, 0.8, 0.8)
2021-09-25 16:18:32,793 - INFO - max_history_budget=0, max_history_result=None
2021-09-25 16:18:32,793 - INFO - compute | 3 | (1.0,0.8) | 0 | 54 | {125} | 0| 0.0 | 0 
2021-09-25 16:18:32,793 - INFO - compute | 3 | (1.0,0.8) | 0 | 54 | {122, 125} | 0| 0.0 | 0 
2021-09-25 16:18:32,794 - INFO - compute | 3 | (1.0,0.8) | 0 | 54 | {122, 109, 125} | 0| 0.0 | 0 
2021-09-25 16:18:32,794 - INFO - ********** (1.0, 1.0, 1.0)
2021-09-25 16:18:32,794 - INFO - max_history_budget=3, max_history_result=({122, 109, 125}, 0, 0.0)
2021-09-25 16:18:32,795 - INFO - load | 1 | (1.0,1.0) | 0 | 54 | {125} | 0| 0.0 | 0 
2021-09-25 16:18:32,796 - INFO - load | 2 | (1.0,1.0) | 0 | 54 | {122, 125} | 0| 0.0 | 0 
2021-09-25 16:18:32,797 - INFO - load | 3 | (1.0,1.0) | 0 | 54 | {122, 109, 125} | 0| 0.0 | 0 
