2021-09-13 04:17:37,738 - INFO - Namespace(beta_paras='3,6,6,3', budget_list='6', did='d1', grain_list_p='10', grain_list_pq='10+10', grain_list_q='10', method='greedy', percent_R='0.25', percent_S='0.25', seed='32', version='v09130417')
2021-09-13 04:17:37,753 - INFO - Finish random requester set R and supplier set S 
                             percent_R=0.25, num_R=55, len_R=55 
                             percent_S=0.25, num_S=55, len_S=54
2021-09-13 04:17:37,754 - INFO - Finish random valuations using v_beta_paras for R and costs using c_beta_paras for S
2021-09-13 04:17:38,701 - INFO - length of pq_list = 64 under grain_tuple = 10+10
2021-09-13 04:17:38,701 - INFO -  max history budget=4
2021-09-13 04:17:38,701 - INFO - load: budget=1; scheme=(0.0,0.30000000000000004); result=({17, 172, 109}, 455) 
2021-09-13 04:17:38,701 - INFO - load: budget=2; scheme=(0.0,0.30000000000000004); result=({17, 172, 109}, 876) 
2021-09-13 04:17:38,702 - INFO - load: budget=3; scheme=(0.0,0.30000000000000004); result=({17, 172, 109}, 1279) 
2021-09-13 04:17:38,702 - INFO - load: budget=4; scheme=(0.0,0.30000000000000004); result=({17, 172, 109}, 1279) 
2021-09-13 04:17:38,708 - INFO -  max history budget=4
2021-09-13 04:17:38,708 - INFO - load: budget=1; scheme=(0.0,0.4); result=({17, 172, 109}, 455) 
2021-09-13 04:17:38,708 - INFO - load: budget=2; scheme=(0.0,0.4); result=({17, 172, 109}, 876) 
2021-09-13 04:17:38,708 - INFO - load: budget=3; scheme=(0.0,0.4); result=({17, 172, 109}, 1279) 
2021-09-13 04:17:38,708 - INFO - load: budget=4; scheme=(0.0,0.4); result=({17, 172, 109}, 1279) 
2021-09-13 04:17:38,714 - INFO -  max history budget=4
2021-09-13 04:17:38,714 - INFO - load: budget=1; scheme=(0.0,0.5); result=({205, 49, 172, 109}, 751) 
2021-09-13 04:17:38,714 - INFO - load: budget=2; scheme=(0.0,0.5); result=({205, 49, 172, 109}, 1267) 
2021-09-13 04:17:38,714 - INFO - load: budget=3; scheme=(0.0,0.5); result=({205, 49, 172, 109}, 1352) 
2021-09-13 04:17:38,714 - INFO - load: budget=4; scheme=(0.0,0.5); result=({205, 49, 172, 109}, 1731) 
2021-09-13 04:17:38,723 - INFO -  max history budget=4
2021-09-13 04:17:38,723 - INFO - load: budget=1; scheme=(0.0,0.6000000000000001); result=({65, 169, 167, 49}, 751) 
2021-09-13 04:17:38,723 - INFO - load: budget=2; scheme=(0.0,0.6000000000000001); result=({65, 169, 167, 49}, 1295) 
2021-09-13 04:17:38,723 - INFO - load: budget=3; scheme=(0.0,0.6000000000000001); result=({65, 169, 167, 49}, 1895) 
2021-09-13 04:17:38,723 - INFO - load: budget=4; scheme=(0.0,0.6000000000000001); result=({65, 169, 167, 49}, 2405) 
2021-09-13 04:17:38,729 - INFO -  max history budget=4
2021-09-13 04:17:38,730 - INFO - load: budget=1; scheme=(0.0,0.7000000000000001); result=({49, 169, 125, 167}, 751) 
2021-09-13 04:17:38,730 - INFO - load: budget=2; scheme=(0.0,0.7000000000000001); result=({49, 169, 125, 167}, 1398) 
2021-09-13 04:17:38,730 - INFO - load: budget=3; scheme=(0.0,0.7000000000000001); result=({49, 169, 125, 167}, 1942) 
2021-09-13 04:17:38,730 - INFO - load: budget=4; scheme=(0.0,0.7000000000000001); result=({49, 169, 125, 167}, 2428) 
2021-09-13 04:17:38,736 - INFO -  max history budget=4
2021-09-13 04:17:38,736 - INFO - load: budget=1; scheme=(0.0,0.8); result=({1, 125, 150, 49}, 914) 
2021-09-13 04:17:38,736 - INFO - load: budget=2; scheme=(0.0,0.8); result=({1, 125, 150, 49}, 1668) 
2021-09-13 04:17:38,736 - INFO - load: budget=3; scheme=(0.0,0.8); result=({1, 125, 150, 49}, 2236) 
2021-09-13 04:17:38,737 - INFO - load: budget=4; scheme=(0.0,0.8); result=({1, 125, 150, 49}, 2785) 
2021-09-13 04:17:38,742 - INFO -  max history budget=4
2021-09-13 04:17:38,743 - INFO - load: budget=1; scheme=(0.0,0.9); result=({1, 150, 46, 49}, 914) 
2021-09-13 04:17:38,743 - INFO - load: budget=2; scheme=(0.0,0.9); result=({1, 150, 46, 49}, 1568) 
2021-09-13 04:17:38,743 - INFO - load: budget=3; scheme=(0.0,0.9); result=({1, 150, 46, 49}, 2246) 
2021-09-13 04:17:38,743 - INFO - load: budget=4; scheme=(0.0,0.9); result=({1, 150, 46, 49}, 2780) 
2021-09-13 04:17:38,751 - INFO -  max history budget=4
2021-09-13 04:17:38,751 - INFO - load: budget=1; scheme=(0.0,1.0); result=({1, 150, 46, 49}, 914) 
2021-09-13 04:17:38,751 - INFO - load: budget=2; scheme=(0.0,1.0); result=({1, 150, 46, 49}, 1568) 
2021-09-13 04:17:38,751 - INFO - load: budget=3; scheme=(0.0,1.0); result=({1, 150, 46, 49}, 2246) 
2021-09-13 04:17:38,751 - INFO - load: budget=4; scheme=(0.0,1.0); result=({1, 150, 46, 49}, 2780) 
2021-09-13 04:17:38,758 - INFO -  max history budget=4
2021-09-13 04:17:38,759 - INFO - load: budget=1; scheme=(0.1,0.30000000000000004); result=({17, 172, 109}, 441) 
2021-09-13 04:17:38,759 - INFO - load: budget=2; scheme=(0.1,0.30000000000000004); result=({17, 172, 109}, 831) 
2021-09-13 04:17:38,759 - INFO - load: budget=3; scheme=(0.1,0.30000000000000004); result=({17, 172, 109}, 1207) 
2021-09-13 04:17:38,759 - INFO - load: budget=4; scheme=(0.1,0.30000000000000004); result=({17, 172, 109}, 1207) 
2021-09-13 04:17:38,766 - INFO -  max history budget=4
2021-09-13 04:17:38,766 - INFO - load: budget=1; scheme=(0.1,0.4); result=({17, 172, 109}, 441) 
2021-09-13 04:17:38,766 - INFO - load: budget=2; scheme=(0.1,0.4); result=({17, 172, 109}, 831) 
2021-09-13 04:17:38,766 - INFO - load: budget=3; scheme=(0.1,0.4); result=({17, 172, 109}, 1207) 
2021-09-13 04:17:38,766 - INFO - load: budget=4; scheme=(0.1,0.4); result=({17, 172, 109}, 1207) 
2021-09-13 04:17:38,776 - INFO -  max history budget=4
2021-09-13 04:17:38,776 - INFO - load: budget=1; scheme=(0.1,0.5); result=({205, 49, 172, 109}, 702) 
2021-09-13 04:17:38,777 - INFO - load: budget=2; scheme=(0.1,0.5); result=({205, 49, 172, 109}, 1200) 
2021-09-13 04:17:38,777 - INFO - load: budget=3; scheme=(0.1,0.5); result=({205, 49, 172, 109}, 1283) 
2021-09-13 04:17:38,777 - INFO - load: budget=4; scheme=(0.1,0.5); result=({205, 49, 172, 109}, 1634) 
2021-09-13 04:17:38,784 - INFO -  max history budget=4
2021-09-13 04:17:38,784 - INFO - load: budget=1; scheme=(0.1,0.6000000000000001); result=({65, 169, 167, 49}, 702) 
2021-09-13 04:17:38,784 - INFO - load: budget=2; scheme=(0.1,0.6000000000000001); result=({65, 169, 167, 49}, 1219) 
2021-09-13 04:17:38,784 - INFO - load: budget=3; scheme=(0.1,0.6000000000000001); result=({65, 169, 167, 49}, 1778) 
2021-09-13 04:17:38,784 - INFO - load: budget=4; scheme=(0.1,0.6000000000000001); result=({65, 169, 167, 49}, 2266) 
2021-09-13 04:17:38,796 - INFO -  max history budget=4
2021-09-13 04:17:38,796 - INFO - load: budget=1; scheme=(0.1,0.7000000000000001); result=({49, 169, 125, 167}, 702) 
2021-09-13 04:17:38,796 - INFO - load: budget=2; scheme=(0.1,0.7000000000000001); result=({49, 169, 125, 167}, 1320) 
2021-09-13 04:17:38,796 - INFO - load: budget=3; scheme=(0.1,0.7000000000000001); result=({49, 169, 125, 167}, 1837) 
2021-09-13 04:17:38,796 - INFO - load: budget=4; scheme=(0.1,0.7000000000000001); result=({49, 169, 125, 167}, 2290) 
2021-09-13 04:17:38,802 - INFO -  max history budget=4
2021-09-13 04:17:38,802 - INFO - load: budget=1; scheme=(0.1,0.8); result=({1, 125, 150, 49}, 857) 
2021-09-13 04:17:38,802 - INFO - load: budget=2; scheme=(0.1,0.8); result=({1, 125, 150, 49}, 1562) 
2021-09-13 04:17:38,802 - INFO - load: budget=3; scheme=(0.1,0.8); result=({1, 125, 150, 49}, 2094) 
2021-09-13 04:17:38,802 - INFO - load: budget=4; scheme=(0.1,0.8); result=({1, 125, 150, 49}, 2622) 
2021-09-13 04:17:38,809 - INFO -  max history budget=4
2021-09-13 04:17:38,810 - INFO - load: budget=1; scheme=(0.1,0.9); result=({1, 150, 46, 49}, 857) 
2021-09-13 04:17:38,810 - INFO - load: budget=2; scheme=(0.1,0.9); result=({1, 150, 46, 49}, 1476) 
2021-09-13 04:17:38,810 - INFO - load: budget=3; scheme=(0.1,0.9); result=({1, 150, 46, 49}, 2111) 
2021-09-13 04:17:38,810 - INFO - load: budget=4; scheme=(0.1,0.9); result=({1, 150, 46, 49}, 2611) 
2021-09-13 04:17:38,819 - INFO -  max history budget=4
2021-09-13 04:17:38,820 - INFO - load: budget=1; scheme=(0.1,1.0); result=({1, 150, 46, 49}, 857) 
2021-09-13 04:17:38,820 - INFO - load: budget=2; scheme=(0.1,1.0); result=({1, 150, 46, 49}, 1476) 
2021-09-13 04:17:38,820 - INFO - load: budget=3; scheme=(0.1,1.0); result=({1, 150, 46, 49}, 2111) 
2021-09-13 04:17:38,821 - INFO - load: budget=4; scheme=(0.1,1.0); result=({1, 150, 46, 49}, 2611) 
2021-09-13 04:17:38,827 - INFO -  max history budget=4
2021-09-13 04:17:38,827 - INFO - load: budget=1; scheme=(0.2,0.30000000000000004); result=({17, 172, 109}, 393) 
2021-09-13 04:17:38,828 - INFO - load: budget=2; scheme=(0.2,0.30000000000000004); result=({17, 172, 109}, 742) 
2021-09-13 04:17:38,828 - INFO - load: budget=3; scheme=(0.2,0.30000000000000004); result=({17, 172, 109}, 1069) 
2021-09-13 04:17:38,828 - INFO - load: budget=4; scheme=(0.2,0.30000000000000004); result=({17, 172, 109}, 1069) 
2021-09-13 04:17:38,839 - INFO -  max history budget=4
2021-09-13 04:17:38,839 - INFO - load: budget=1; scheme=(0.2,0.4); result=({17, 172, 109}, 393) 
2021-09-13 04:17:38,839 - INFO - load: budget=2; scheme=(0.2,0.4); result=({17, 172, 109}, 742) 
2021-09-13 04:17:38,840 - INFO - load: budget=3; scheme=(0.2,0.4); result=({17, 172, 109}, 1069) 
2021-09-13 04:17:38,840 - INFO - load: budget=4; scheme=(0.2,0.4); result=({17, 172, 109}, 1069) 
2021-09-13 04:17:38,846 - INFO -  max history budget=4
2021-09-13 04:17:38,846 - INFO - load: budget=1; scheme=(0.2,0.5); result=({205, 49, 172, 109}, 599) 
2021-09-13 04:17:38,846 - INFO - load: budget=2; scheme=(0.2,0.5); result=({205, 49, 172, 109}, 1043) 
2021-09-13 04:17:38,846 - INFO - load: budget=3; scheme=(0.2,0.5); result=({205, 49, 172, 109}, 1116) 
2021-09-13 04:17:38,847 - INFO - load: budget=4; scheme=(0.2,0.5); result=({205, 49, 172, 109}, 1430) 
2021-09-13 04:17:38,855 - INFO -  max history budget=4
2021-09-13 04:17:38,855 - INFO - load: budget=1; scheme=(0.2,0.6000000000000001); result=({65, 169, 167, 49}, 599) 
2021-09-13 04:17:38,856 - INFO - load: budget=2; scheme=(0.2,0.6000000000000001); result=({65, 169, 167, 49}, 1050) 
2021-09-13 04:17:38,856 - INFO - load: budget=3; scheme=(0.2,0.6000000000000001); result=({65, 169, 167, 49}, 1549) 
2021-09-13 04:17:38,856 - INFO - load: budget=4; scheme=(0.2,0.6000000000000001); result=({65, 169, 167, 49}, 1978) 
2021-09-13 04:17:38,863 - INFO -  max history budget=4
2021-09-13 04:17:38,864 - INFO - load: budget=1; scheme=(0.2,0.7000000000000001); result=({49, 169, 125, 167}, 599) 
2021-09-13 04:17:38,864 - INFO - load: budget=2; scheme=(0.2,0.7000000000000001); result=({49, 169, 125, 167}, 1145) 
2021-09-13 04:17:38,864 - INFO - load: budget=3; scheme=(0.2,0.7000000000000001); result=({49, 169, 125, 167}, 1596) 
2021-09-13 04:17:38,864 - INFO - load: budget=4; scheme=(0.2,0.7000000000000001); result=({49, 169, 125, 167}, 2001) 
2021-09-13 04:17:38,871 - INFO -  max history budget=4
2021-09-13 04:17:38,872 - INFO - load: budget=1; scheme=(0.2,0.8); result=({49, 125, 150, 1}, 762) 
2021-09-13 04:17:38,872 - INFO - load: budget=2; scheme=(0.2,0.8); result=({49, 125, 150, 1}, 1361) 
2021-09-13 04:17:38,872 - INFO - load: budget=3; scheme=(0.2,0.8); result=({49, 125, 150, 1}, 1815) 
2021-09-13 04:17:38,872 - INFO - load: budget=4; scheme=(0.2,0.8); result=({49, 125, 150, 1}, 2283) 
2021-09-13 04:17:38,881 - INFO -  max history budget=4
2021-09-13 04:17:38,881 - INFO - load: budget=1; scheme=(0.2,0.9); result=({49, 150, 46, 1}, 762) 
2021-09-13 04:17:38,881 - INFO - load: budget=2; scheme=(0.2,0.9); result=({49, 150, 46, 1}, 1295) 
2021-09-13 04:17:38,881 - INFO - load: budget=3; scheme=(0.2,0.9); result=({49, 150, 46, 1}, 1821) 
2021-09-13 04:17:38,882 - INFO - load: budget=4; scheme=(0.2,0.9); result=({49, 150, 46, 1}, 2264) 
2021-09-13 04:17:38,890 - INFO -  max history budget=4
2021-09-13 04:17:38,890 - INFO - load: budget=1; scheme=(0.2,1.0); result=({49, 150, 46, 1}, 762) 
2021-09-13 04:17:38,890 - INFO - load: budget=2; scheme=(0.2,1.0); result=({49, 150, 46, 1}, 1295) 
2021-09-13 04:17:38,890 - INFO - load: budget=3; scheme=(0.2,1.0); result=({49, 150, 46, 1}, 1821) 
2021-09-13 04:17:38,890 - INFO - load: budget=4; scheme=(0.2,1.0); result=({49, 150, 46, 1}, 2264) 
2021-09-13 04:17:38,897 - INFO -  max history budget=4
2021-09-13 04:17:38,898 - INFO - load: budget=1; scheme=(0.30000000000000004,0.30000000000000004); result=({17, 172, 109}, 259) 
2021-09-13 04:17:38,898 - INFO - load: budget=2; scheme=(0.30000000000000004,0.30000000000000004); result=({17, 172, 109}, 477) 
2021-09-13 04:17:38,898 - INFO - load: budget=3; scheme=(0.30000000000000004,0.30000000000000004); result=({17, 172, 109}, 693) 
2021-09-13 04:17:38,898 - INFO - load: budget=4; scheme=(0.30000000000000004,0.30000000000000004); result=({17, 172, 109}, 693) 
2021-09-13 04:17:38,908 - INFO -  max history budget=4
2021-09-13 04:17:38,909 - INFO - load: budget=1; scheme=(0.30000000000000004,0.4); result=({17, 172, 109}, 259) 
2021-09-13 04:17:38,909 - INFO - load: budget=2; scheme=(0.30000000000000004,0.4); result=({17, 172, 109}, 477) 
2021-09-13 04:17:38,909 - INFO - load: budget=3; scheme=(0.30000000000000004,0.4); result=({17, 172, 109}, 693) 
2021-09-13 04:17:38,909 - INFO - load: budget=4; scheme=(0.30000000000000004,0.4); result=({17, 172, 109}, 693) 
2021-09-13 04:17:38,916 - INFO -  max history budget=4
2021-09-13 04:17:38,916 - INFO - load: budget=1; scheme=(0.30000000000000004,0.5); result=({205, 49, 109, 17}, 421) 
2021-09-13 04:17:38,916 - INFO - load: budget=2; scheme=(0.30000000000000004,0.5); result=({205, 49, 109, 17}, 716) 
2021-09-13 04:17:38,917 - INFO - load: budget=3; scheme=(0.30000000000000004,0.5); result=({205, 49, 109, 17}, 765) 
2021-09-13 04:17:38,917 - INFO - load: budget=4; scheme=(0.30000000000000004,0.5); result=({205, 49, 109, 17}, 909) 
2021-09-13 04:17:38,928 - INFO -  max history budget=4
2021-09-13 04:17:38,928 - INFO - load: budget=1; scheme=(0.30000000000000004,0.6000000000000001); result=({49, 169, 205, 167}, 421) 
2021-09-13 04:17:38,928 - INFO - load: budget=2; scheme=(0.30000000000000004,0.6000000000000001); result=({49, 169, 205, 167}, 729) 
2021-09-13 04:17:38,928 - INFO - load: budget=3; scheme=(0.30000000000000004,0.6000000000000001); result=({49, 169, 205, 167}, 1026) 
2021-09-13 04:17:38,928 - INFO - load: budget=4; scheme=(0.30000000000000004,0.6000000000000001); result=({49, 169, 205, 167}, 1295) 
2021-09-13 04:17:38,934 - INFO -  max history budget=4
2021-09-13 04:17:38,934 - INFO - load: budget=1; scheme=(0.30000000000000004,0.7000000000000001); result=({49, 169, 125, 167}, 421) 
2021-09-13 04:17:38,934 - INFO - load: budget=2; scheme=(0.30000000000000004,0.7000000000000001); result=({49, 169, 125, 167}, 729) 
2021-09-13 04:17:38,934 - INFO - load: budget=3; scheme=(0.30000000000000004,0.7000000000000001); result=({49, 169, 125, 167}, 1038) 
2021-09-13 04:17:38,934 - INFO - load: budget=4; scheme=(0.30000000000000004,0.7000000000000001); result=({49, 169, 125, 167}, 1276) 
2021-09-13 04:17:38,941 - INFO -  max history budget=4
2021-09-13 04:17:38,941 - INFO - load: budget=1; scheme=(0.30000000000000004,0.8); result=({49, 169, 150, 1}, 440) 
2021-09-13 04:17:38,941 - INFO - load: budget=2; scheme=(0.30000000000000004,0.8); result=({49, 169, 150, 1}, 861) 
2021-09-13 04:17:38,941 - INFO - load: budget=3; scheme=(0.30000000000000004,0.8); result=({49, 169, 150, 1}, 1154) 
2021-09-13 04:17:38,941 - INFO - load: budget=4; scheme=(0.30000000000000004,0.8); result=({49, 169, 150, 1}, 1430) 
2021-09-13 04:17:38,951 - INFO -  max history budget=4
2021-09-13 04:17:38,952 - INFO - load: budget=1; scheme=(0.30000000000000004,0.9); result=({49, 150, 46, 1}, 440) 
2021-09-13 04:17:38,952 - INFO - load: budget=2; scheme=(0.30000000000000004,0.9); result=({49, 150, 46, 1}, 796) 
2021-09-13 04:17:38,953 - INFO - load: budget=3; scheme=(0.30000000000000004,0.9); result=({49, 150, 46, 1}, 1163) 
2021-09-13 04:17:38,953 - INFO - load: budget=4; scheme=(0.30000000000000004,0.9); result=({49, 150, 46, 1}, 1450) 
2021-09-13 04:17:38,960 - INFO -  max history budget=4
2021-09-13 04:17:38,960 - INFO - load: budget=1; scheme=(0.30000000000000004,1.0); result=({49, 150, 46, 1}, 440) 
2021-09-13 04:17:38,960 - INFO - load: budget=2; scheme=(0.30000000000000004,1.0); result=({49, 150, 46, 1}, 796) 
2021-09-13 04:17:38,961 - INFO - load: budget=3; scheme=(0.30000000000000004,1.0); result=({49, 150, 46, 1}, 1163) 
2021-09-13 04:17:38,961 - INFO - load: budget=4; scheme=(0.30000000000000004,1.0); result=({49, 150, 46, 1}, 1450) 
2021-09-13 04:17:38,974 - INFO -  max history budget=4
2021-09-13 04:17:38,974 - INFO - load: budget=1; scheme=(0.4,0.30000000000000004); result=({17, 172, 109}, 187) 
2021-09-13 04:17:38,974 - INFO - load: budget=2; scheme=(0.4,0.30000000000000004); result=({17, 172, 109}, 332) 
2021-09-13 04:17:38,974 - INFO - load: budget=3; scheme=(0.4,0.30000000000000004); result=({17, 172, 109}, 470) 
2021-09-13 04:17:38,974 - INFO - load: budget=4; scheme=(0.4,0.30000000000000004); result=({17, 172, 109}, 470) 
2021-09-13 04:17:38,981 - INFO -  max history budget=4
2021-09-13 04:17:38,981 - INFO - load: budget=1; scheme=(0.4,0.4); result=({17, 172, 109}, 187) 
2021-09-13 04:17:38,981 - INFO - load: budget=2; scheme=(0.4,0.4); result=({17, 172, 109}, 332) 
2021-09-13 04:17:38,982 - INFO - load: budget=3; scheme=(0.4,0.4); result=({17, 172, 109}, 470) 
2021-09-13 04:17:38,982 - INFO - load: budget=4; scheme=(0.4,0.4); result=({17, 172, 109}, 470) 
2021-09-13 04:17:38,989 - INFO -  max history budget=4
2021-09-13 04:17:38,989 - INFO - load: budget=1; scheme=(0.4,0.5); result=({205, 49, 109, 17}, 292) 
2021-09-13 04:17:38,989 - INFO - load: budget=2; scheme=(0.4,0.5); result=({205, 49, 109, 17}, 505) 
2021-09-13 04:17:38,989 - INFO - load: budget=3; scheme=(0.4,0.5); result=({205, 49, 109, 17}, 541) 
2021-09-13 04:17:38,989 - INFO - load: budget=4; scheme=(0.4,0.5); result=({205, 49, 109, 17}, 635) 
2021-09-13 04:17:38,998 - INFO -  max history budget=4
2021-09-13 04:17:38,998 - INFO - load: budget=1; scheme=(0.4,0.6000000000000001); result=({205, 49, 169, 109}, 292) 
2021-09-13 04:17:38,999 - INFO - load: budget=2; scheme=(0.4,0.6000000000000001); result=({205, 49, 169, 109}, 500) 
2021-09-13 04:17:38,999 - INFO - load: budget=3; scheme=(0.4,0.6000000000000001); result=({205, 49, 169, 109}, 695) 
2021-09-13 04:17:38,999 - INFO - load: budget=4; scheme=(0.4,0.6000000000000001); result=({205, 49, 169, 109}, 731) 
2021-09-13 04:17:39,010 - INFO -  max history budget=4
2021-09-13 04:17:39,010 - INFO - load: budget=1; scheme=(0.4,0.7000000000000001); result=({205, 49, 169, 125}, 292) 
2021-09-13 04:17:39,010 - INFO - load: budget=2; scheme=(0.4,0.7000000000000001); result=({205, 49, 169, 125}, 500) 
2021-09-13 04:17:39,010 - INFO - load: budget=3; scheme=(0.4,0.7000000000000001); result=({205, 49, 169, 125}, 695) 
2021-09-13 04:17:39,011 - INFO - load: budget=4; scheme=(0.4,0.7000000000000001); result=({205, 49, 169, 125}, 896) 
2021-09-13 04:17:39,022 - INFO -  max history budget=4
2021-09-13 04:17:39,023 - INFO - load: budget=1; scheme=(0.4,0.8); result=({169, 1, 150, 49}, 292) 
2021-09-13 04:17:39,023 - INFO - load: budget=2; scheme=(0.4,0.8); result=({169, 1, 150, 49}, 499) 
2021-09-13 04:17:39,023 - INFO - load: budget=3; scheme=(0.4,0.8); result=({169, 1, 150, 49}, 775) 
2021-09-13 04:17:39,023 - INFO - load: budget=4; scheme=(0.4,0.8); result=({169, 1, 150, 49}, 963) 
2021-09-13 04:17:39,030 - INFO -  max history budget=4
2021-09-13 04:17:39,030 - INFO - load: budget=1; scheme=(0.4,0.9); result=({49, 150, 46, 1}, 292) 
2021-09-13 04:17:39,031 - INFO - load: budget=2; scheme=(0.4,0.9); result=({49, 150, 46, 1}, 499) 
2021-09-13 04:17:39,031 - INFO - load: budget=3; scheme=(0.4,0.9); result=({49, 150, 46, 1}, 738) 
2021-09-13 04:17:39,031 - INFO - load: budget=4; scheme=(0.4,0.9); result=({49, 150, 46, 1}, 970) 
2021-09-13 04:17:39,043 - INFO -  max history budget=4
2021-09-13 04:17:39,043 - INFO - load: budget=1; scheme=(0.4,1.0); result=({49, 150, 46, 1}, 292) 
2021-09-13 04:17:39,043 - INFO - load: budget=2; scheme=(0.4,1.0); result=({49, 150, 46, 1}, 499) 
2021-09-13 04:17:39,043 - INFO - load: budget=3; scheme=(0.4,1.0); result=({49, 150, 46, 1}, 738) 
2021-09-13 04:17:39,043 - INFO - load: budget=4; scheme=(0.4,1.0); result=({49, 150, 46, 1}, 970) 
2021-09-13 04:17:39,051 - INFO -  max history budget=4
2021-09-13 04:17:39,051 - INFO - load: budget=1; scheme=(0.5,0.30000000000000004); result=({17, 172, 109}, 73) 
2021-09-13 04:17:39,051 - INFO - load: budget=2; scheme=(0.5,0.30000000000000004); result=({17, 172, 109}, 125) 
2021-09-13 04:17:39,051 - INFO - load: budget=3; scheme=(0.5,0.30000000000000004); result=({17, 172, 109}, 173) 
2021-09-13 04:17:39,051 - INFO - load: budget=4; scheme=(0.5,0.30000000000000004); result=({17, 172, 109}, 173) 
2021-09-13 04:17:39,061 - INFO -  max history budget=4
2021-09-13 04:17:39,061 - INFO - load: budget=1; scheme=(0.5,0.4); result=({17, 172, 109}, 73) 
2021-09-13 04:17:39,061 - INFO - load: budget=2; scheme=(0.5,0.4); result=({17, 172, 109}, 125) 
2021-09-13 04:17:39,061 - INFO - load: budget=3; scheme=(0.5,0.4); result=({17, 172, 109}, 173) 
2021-09-13 04:17:39,061 - INFO - load: budget=4; scheme=(0.5,0.4); result=({17, 172, 109}, 173) 
2021-09-13 04:17:39,070 - INFO -  max history budget=4
2021-09-13 04:17:39,070 - INFO - load: budget=1; scheme=(0.5,0.5); result=({205, 49, 161, 109}, 107) 
2021-09-13 04:17:39,070 - INFO - load: budget=2; scheme=(0.5,0.5); result=({205, 49, 161, 109}, 189) 
2021-09-13 04:17:39,071 - INFO - load: budget=3; scheme=(0.5,0.5); result=({205, 49, 161, 109}, 203) 
2021-09-13 04:17:39,071 - INFO - load: budget=4; scheme=(0.5,0.5); result=({205, 49, 161, 109}, 238) 
2021-09-13 04:17:39,078 - INFO -  max history budget=4
2021-09-13 04:17:39,078 - INFO - load: budget=1; scheme=(0.5,0.6000000000000001); result=({205, 49, 169, 109}, 107) 
2021-09-13 04:17:39,078 - INFO - load: budget=2; scheme=(0.5,0.6000000000000001); result=({205, 49, 169, 109}, 189) 
2021-09-13 04:17:39,079 - INFO - load: budget=3; scheme=(0.5,0.6000000000000001); result=({205, 49, 169, 109}, 246) 
2021-09-13 04:17:39,079 - INFO - load: budget=4; scheme=(0.5,0.6000000000000001); result=({205, 49, 169, 109}, 260) 
2021-09-13 04:17:39,090 - INFO -  max history budget=4
2021-09-13 04:17:39,090 - INFO - load: budget=1; scheme=(0.5,0.7000000000000001); result=({205, 49, 169, 109}, 107) 
2021-09-13 04:17:39,090 - INFO - load: budget=2; scheme=(0.5,0.7000000000000001); result=({205, 49, 169, 109}, 189) 
2021-09-13 04:17:39,090 - INFO - load: budget=3; scheme=(0.5,0.7000000000000001); result=({205, 49, 169, 109}, 246) 
2021-09-13 04:17:39,091 - INFO - load: budget=4; scheme=(0.5,0.7000000000000001); result=({205, 49, 169, 109}, 260) 
2021-09-13 04:17:39,098 - INFO -  max history budget=4
2021-09-13 04:17:39,098 - INFO - load: budget=1; scheme=(0.5,0.8); result=({49, 205, 150, 1}, 107) 
2021-09-13 04:17:39,099 - INFO - load: budget=2; scheme=(0.5,0.8); result=({49, 205, 150, 1}, 180) 
2021-09-13 04:17:39,099 - INFO - load: budget=3; scheme=(0.5,0.8); result=({49, 205, 150, 1}, 274) 
2021-09-13 04:17:39,099 - INFO - load: budget=4; scheme=(0.5,0.8); result=({49, 205, 150, 1}, 356) 
2021-09-13 04:17:39,109 - INFO -  max history budget=4
2021-09-13 04:17:39,109 - INFO - load: budget=1; scheme=(0.5,0.9); result=({49, 150, 46, 1}, 107) 
2021-09-13 04:17:39,109 - INFO - load: budget=2; scheme=(0.5,0.9); result=({49, 150, 46, 1}, 180) 
2021-09-13 04:17:39,109 - INFO - load: budget=3; scheme=(0.5,0.9); result=({49, 150, 46, 1}, 274) 
2021-09-13 04:17:39,109 - INFO - load: budget=4; scheme=(0.5,0.9); result=({49, 150, 46, 1}, 333) 
2021-09-13 04:17:39,119 - INFO -  max history budget=4
2021-09-13 04:17:39,119 - INFO - load: budget=1; scheme=(0.5,1.0); result=({49, 150, 46, 1}, 107) 
2021-09-13 04:17:39,119 - INFO - load: budget=2; scheme=(0.5,1.0); result=({49, 150, 46, 1}, 180) 
2021-09-13 04:17:39,120 - INFO - load: budget=3; scheme=(0.5,1.0); result=({49, 150, 46, 1}, 274) 
2021-09-13 04:17:39,120 - INFO - load: budget=4; scheme=(0.5,1.0); result=({49, 150, 46, 1}, 333) 
2021-09-13 04:17:39,129 - INFO -  max history budget=4
2021-09-13 04:17:39,130 - INFO - load: budget=1; scheme=(0.6000000000000001,0.30000000000000004); result=({17, 172, 109}, 11) 
2021-09-13 04:17:39,130 - INFO - load: budget=2; scheme=(0.6000000000000001,0.30000000000000004); result=({17, 172, 109}, 20) 
2021-09-13 04:17:39,130 - INFO - load: budget=3; scheme=(0.6000000000000001,0.30000000000000004); result=({17, 172, 109}, 23) 
2021-09-13 04:17:39,130 - INFO - load: budget=4; scheme=(0.6000000000000001,0.30000000000000004); result=({17, 172, 109}, 23) 
2021-09-13 04:17:39,137 - INFO -  max history budget=4
2021-09-13 04:17:39,138 - INFO - load: budget=1; scheme=(0.6000000000000001,0.4); result=({17, 172, 109}, 11) 
2021-09-13 04:17:39,138 - INFO - load: budget=2; scheme=(0.6000000000000001,0.4); result=({17, 172, 109}, 20) 
2021-09-13 04:17:39,138 - INFO - load: budget=3; scheme=(0.6000000000000001,0.4); result=({17, 172, 109}, 23) 
2021-09-13 04:17:39,138 - INFO - load: budget=4; scheme=(0.6000000000000001,0.4); result=({17, 172, 109}, 23) 
2021-09-13 04:17:39,145 - INFO -  max history budget=4
2021-09-13 04:17:39,145 - INFO - load: budget=1; scheme=(0.6000000000000001,0.5); result=({205, 49, 146, 109}, 22) 
2021-09-13 04:17:39,145 - INFO - load: budget=2; scheme=(0.6000000000000001,0.5); result=({205, 49, 146, 109}, 35) 
2021-09-13 04:17:39,145 - INFO - load: budget=3; scheme=(0.6000000000000001,0.5); result=({205, 49, 146, 109}, 37) 
2021-09-13 04:17:39,145 - INFO - load: budget=4; scheme=(0.6000000000000001,0.5); result=({205, 49, 146, 109}, 45) 
2021-09-13 04:17:39,157 - INFO -  max history budget=4
2021-09-13 04:17:39,157 - INFO - load: budget=1; scheme=(0.6000000000000001,0.6000000000000001); result=({49, 169, 205, 31}, 22) 
2021-09-13 04:17:39,157 - INFO - load: budget=2; scheme=(0.6000000000000001,0.6000000000000001); result=({49, 169, 205, 31}, 37) 
2021-09-13 04:17:39,157 - INFO - load: budget=3; scheme=(0.6000000000000001,0.6000000000000001); result=({49, 169, 205, 31}, 42) 
2021-09-13 04:17:39,157 - INFO - load: budget=4; scheme=(0.6000000000000001,0.6000000000000001); result=({49, 169, 205, 31}, 54) 
2021-09-13 04:17:39,165 - INFO -  max history budget=4
2021-09-13 04:17:39,165 - INFO - load: budget=1; scheme=(0.6000000000000001,0.7000000000000001); result=({49, 169, 205, 31}, 22) 
2021-09-13 04:17:39,166 - INFO - load: budget=2; scheme=(0.6000000000000001,0.7000000000000001); result=({49, 169, 205, 31}, 37) 
2021-09-13 04:17:39,166 - INFO - load: budget=3; scheme=(0.6000000000000001,0.7000000000000001); result=({49, 169, 205, 31}, 49) 
2021-09-13 04:17:39,166 - INFO - load: budget=4; scheme=(0.6000000000000001,0.7000000000000001); result=({49, 169, 205, 31}, 54) 
2021-09-13 04:17:39,178 - INFO -  max history budget=4
2021-09-13 04:17:39,178 - INFO - load: budget=1; scheme=(0.6000000000000001,0.8); result=({49, 169, 1, 47}, 22) 
2021-09-13 04:17:39,178 - INFO - load: budget=2; scheme=(0.6000000000000001,0.8); result=({49, 169, 1, 47}, 36) 
2021-09-13 04:17:39,178 - INFO - load: budget=3; scheme=(0.6000000000000001,0.8); result=({49, 169, 1, 47}, 51) 
2021-09-13 04:17:39,178 - INFO - load: budget=4; scheme=(0.6000000000000001,0.8); result=({49, 169, 1, 47}, 57) 
2021-09-13 04:17:39,186 - INFO -  max history budget=4
2021-09-13 04:17:39,186 - INFO - load: budget=1; scheme=(0.6000000000000001,0.9); result=({49, 169, 46, 1}, 22) 
2021-09-13 04:17:39,186 - INFO - load: budget=2; scheme=(0.6000000000000001,0.9); result=({49, 169, 46, 1}, 36) 
2021-09-13 04:17:39,186 - INFO - load: budget=3; scheme=(0.6000000000000001,0.9); result=({49, 169, 46, 1}, 53) 
2021-09-13 04:17:39,186 - INFO - load: budget=4; scheme=(0.6000000000000001,0.9); result=({49, 169, 46, 1}, 57) 
2021-09-13 04:17:39,208 - INFO -  max history budget=4
2021-09-13 04:17:39,208 - INFO - load: budget=1; scheme=(0.6000000000000001,1.0); result=({49, 169, 46, 1}, 22) 
2021-09-13 04:17:39,208 - INFO - load: budget=2; scheme=(0.6000000000000001,1.0); result=({49, 169, 46, 1}, 36) 
2021-09-13 04:17:39,208 - INFO - load: budget=3; scheme=(0.6000000000000001,1.0); result=({49, 169, 46, 1}, 53) 
2021-09-13 04:17:39,208 - INFO - load: budget=4; scheme=(0.6000000000000001,1.0); result=({49, 169, 46, 1}, 57) 
2021-09-13 04:17:39,215 - INFO -  max history budget=4
2021-09-13 04:17:39,215 - INFO - load: budget=1; scheme=(0.7000000000000001,0.30000000000000004); result=({17, 172, 109}, 11) 
2021-09-13 04:17:39,215 - INFO - load: budget=2; scheme=(0.7000000000000001,0.30000000000000004); result=({17, 172, 109}, 20) 
2021-09-13 04:17:39,215 - INFO - load: budget=3; scheme=(0.7000000000000001,0.30000000000000004); result=({17, 172, 109}, 23) 
2021-09-13 04:17:39,215 - INFO - load: budget=4; scheme=(0.7000000000000001,0.30000000000000004); result=({17, 172, 109}, 23) 
2021-09-13 04:17:39,223 - INFO -  max history budget=4
2021-09-13 04:17:39,224 - INFO - load: budget=1; scheme=(0.7000000000000001,0.4); result=({17, 172, 109}, 11) 
2021-09-13 04:17:39,224 - INFO - load: budget=2; scheme=(0.7000000000000001,0.4); result=({17, 172, 109}, 20) 
2021-09-13 04:17:39,224 - INFO - load: budget=3; scheme=(0.7000000000000001,0.4); result=({17, 172, 109}, 23) 
2021-09-13 04:17:39,224 - INFO - load: budget=4; scheme=(0.7000000000000001,0.4); result=({17, 172, 109}, 23) 
2021-09-13 04:17:39,232 - INFO -  max history budget=4
2021-09-13 04:17:39,232 - INFO - load: budget=1; scheme=(0.7000000000000001,0.5); result=({205, 49, 146, 109}, 22) 
2021-09-13 04:17:39,232 - INFO - load: budget=2; scheme=(0.7000000000000001,0.5); result=({205, 49, 146, 109}, 35) 
2021-09-13 04:17:39,232 - INFO - load: budget=3; scheme=(0.7000000000000001,0.5); result=({205, 49, 146, 109}, 37) 
2021-09-13 04:17:39,232 - INFO - load: budget=4; scheme=(0.7000000000000001,0.5); result=({205, 49, 146, 109}, 45) 
2021-09-13 04:17:39,243 - INFO -  max history budget=4
2021-09-13 04:17:39,243 - INFO - load: budget=1; scheme=(0.7000000000000001,0.6000000000000001); result=({49, 169, 205, 31}, 22) 
2021-09-13 04:17:39,243 - INFO - load: budget=2; scheme=(0.7000000000000001,0.6000000000000001); result=({49, 169, 205, 31}, 37) 
2021-09-13 04:17:39,243 - INFO - load: budget=3; scheme=(0.7000000000000001,0.6000000000000001); result=({49, 169, 205, 31}, 42) 
2021-09-13 04:17:39,243 - INFO - load: budget=4; scheme=(0.7000000000000001,0.6000000000000001); result=({49, 169, 205, 31}, 54) 
2021-09-13 04:17:39,255 - INFO -  max history budget=4
2021-09-13 04:17:39,255 - INFO - load: budget=1; scheme=(0.7000000000000001,0.7000000000000001); result=({49, 169, 205, 31}, 22) 
2021-09-13 04:17:39,255 - INFO - load: budget=2; scheme=(0.7000000000000001,0.7000000000000001); result=({49, 169, 205, 31}, 37) 
2021-09-13 04:17:39,255 - INFO - load: budget=3; scheme=(0.7000000000000001,0.7000000000000001); result=({49, 169, 205, 31}, 49) 
2021-09-13 04:17:39,255 - INFO - load: budget=4; scheme=(0.7000000000000001,0.7000000000000001); result=({49, 169, 205, 31}, 54) 
2021-09-13 04:17:39,262 - INFO -  max history budget=4
2021-09-13 04:17:39,262 - INFO - load: budget=1; scheme=(0.7000000000000001,0.8); result=({49, 169, 1, 47}, 22) 
2021-09-13 04:17:39,262 - INFO - load: budget=2; scheme=(0.7000000000000001,0.8); result=({49, 169, 1, 47}, 36) 
2021-09-13 04:17:39,263 - INFO - load: budget=3; scheme=(0.7000000000000001,0.8); result=({49, 169, 1, 47}, 51) 
2021-09-13 04:17:39,263 - INFO - load: budget=4; scheme=(0.7000000000000001,0.8); result=({49, 169, 1, 47}, 57) 
2021-09-13 04:17:39,272 - INFO -  max history budget=4
2021-09-13 04:17:39,272 - INFO - load: budget=1; scheme=(0.7000000000000001,0.9); result=({49, 169, 46, 1}, 22) 
2021-09-13 04:17:39,272 - INFO - load: budget=2; scheme=(0.7000000000000001,0.9); result=({49, 169, 46, 1}, 36) 
2021-09-13 04:17:39,273 - INFO - load: budget=3; scheme=(0.7000000000000001,0.9); result=({49, 169, 46, 1}, 53) 
2021-09-13 04:17:39,273 - INFO - load: budget=4; scheme=(0.7000000000000001,0.9); result=({49, 169, 46, 1}, 57) 
2021-09-13 04:17:39,281 - INFO -  max history budget=4
2021-09-13 04:17:39,281 - INFO - load: budget=1; scheme=(0.7000000000000001,1.0); result=({49, 169, 46, 1}, 22) 
2021-09-13 04:17:39,281 - INFO - load: budget=2; scheme=(0.7000000000000001,1.0); result=({49, 169, 46, 1}, 36) 
2021-09-13 04:17:39,281 - INFO - load: budget=3; scheme=(0.7000000000000001,1.0); result=({49, 169, 46, 1}, 53) 
2021-09-13 04:17:39,281 - INFO - load: budget=4; scheme=(0.7000000000000001,1.0); result=({49, 169, 46, 1}, 57) 
