2021-09-18 01:22:34,866 - INFO - Namespace(a='2', beta_paras='3,6,6,3', budget_list='2', did='d1', grain_alpha='5', grain_p='5', method='greedy', percent_R='0.25', percent_S='0.25', seed='32', version='v09180122')
2021-09-18 01:22:34,882 - INFO - Finish random requester set R and supplier set S 
                             percent_R=0.25, num_R=55, len_R=55 
                             percent_S=0.25, num_S=55, len_S=54
2021-09-18 01:22:35,467 - INFO - Finish generate valuations and costs using using a=2
2021-09-18 01:22:35,961 - INFO - ********** (0.0, 0.0, 0.0)
2021-09-18 01:22:35,961 - INFO - max_history_budget=0, max_history_result=None
2021-09-18 01:22:35,962 - INFO - when budget_last = 0, M = set(), M_last = set()
2021-09-18 01:22:35,963 - INFO - compute: budget=1; scheme=(0.0,0.0); tilderR=(55) tilderS=(0); result=(set(), 0); rev=0.0
2021-09-18 01:22:35,963 - INFO - when budget_last = 1, M = set(), M_last = set()
2021-09-18 01:22:35,963 - INFO - compute: budget=2; scheme=(0.0,0.0); tilderR=(55) tilderS=(0); result=(set(), 0); rev=0.0
2021-09-18 01:22:35,963 - INFO - ********** (0.0, 0.2, 0.0)
2021-09-18 01:22:35,963 - INFO - max_history_budget=2, max_history_result=(set(), 0, 0.0)
2021-09-18 01:22:35,963 - INFO - load: budget=1; scheme=(0.0,0.0); tilderR=(55) tilderS=(0); result=(set(), 0); rev=0.0
2021-09-18 01:22:35,963 - INFO - ********** (0.0, 0.4, 0.0)
2021-09-18 01:22:35,963 - INFO - max_history_budget=2, max_history_result=(set(), 0, 0.0)
2021-09-18 01:22:35,963 - INFO - load: budget=1; scheme=(0.0,0.0); tilderR=(55) tilderS=(0); result=(set(), 0); rev=0.0
2021-09-18 01:22:35,963 - INFO - ********** (0.0, 0.6000000000000001, 0.0)
2021-09-18 01:22:35,964 - INFO - max_history_budget=2, max_history_result=(set(), 0, 0.0)
2021-09-18 01:22:35,964 - INFO - load: budget=1; scheme=(0.0,0.0); tilderR=(55) tilderS=(0); result=(set(), 0); rev=0.0
2021-09-18 01:22:35,964 - INFO - ********** (0.0, 0.8, 0.0)
2021-09-18 01:22:35,964 - INFO - max_history_budget=2, max_history_result=(set(), 0, 0.0)
2021-09-18 01:22:35,964 - INFO - load: budget=1; scheme=(0.0,0.0); tilderR=(55) tilderS=(0); result=(set(), 0); rev=0.0
2021-09-18 01:22:35,964 - INFO - ********** (0.0, 1.0, 0.0)
2021-09-18 01:22:35,964 - INFO - max_history_budget=2, max_history_result=(set(), 0, 0.0)
2021-09-18 01:22:35,964 - INFO - load: budget=1; scheme=(0.0,0.0); tilderR=(55) tilderS=(0); result=(set(), 0); rev=0.0
2021-09-18 01:22:35,964 - INFO - ********** (0.2, 0.0, 0.0)
2021-09-18 01:22:35,964 - INFO - max_history_budget=2, max_history_result=(set(), 0, 0.0)
2021-09-18 01:22:35,965 - INFO - load: budget=1; scheme=(0.2,0.0); tilderR=(55) tilderS=(0); result=(set(), 0); rev=0.0
2021-09-18 01:22:35,965 - INFO - ********** (0.2, 0.2, 0.04000000000000001)
2021-09-18 01:22:35,965 - INFO - max_history_budget=2, max_history_result=(set(), 0, 0.0)
2021-09-18 01:22:35,965 - INFO - load: budget=1; scheme=(0.2,0.04000000000000001); tilderR=(55) tilderS=(0); result=(set(), 0); rev=0.0
2021-09-18 01:22:35,965 - INFO - ********** (0.2, 0.4, 0.08000000000000002)
2021-09-18 01:22:35,965 - INFO - max_history_budget=2, max_history_result=(set(), 0, 0.0)
2021-09-18 01:22:35,965 - INFO - load: budget=1; scheme=(0.2,0.08000000000000002); tilderR=(55) tilderS=(0); result=(set(), 0); rev=0.0

2021-09-18 01:22:35,965 - INFO - ********** (0.2, 0.6000000000000001, 0.12000000000000002)
2021-09-18 01:22:35,966 - INFO - max_history_budget=0, max_history_result=None
2021-09-18 01:22:35,970 - INFO - when budget_last = 0, M = {168}, M_last = {168}
2021-09-18 01:22:35,970 - INFO - compute: budget=1; scheme=(0.2,0.12000000000000002); tilderR=(55) tilderS=(1); result=({168}, 631); rev=50.47999999999999
2021-09-18 01:22:35,972 - INFO - when budget_last = 1, M = {168}, M_last = {168}
2021-09-18 01:22:35,972 - INFO - compute: budget=2; scheme=(0.2,0.12000000000000002); tilderR=(55) tilderS=(1); result=({168}, 631); rev=50.47999999999999
2021-09-18 01:22:35,973 - INFO - ********** (0.2, 0.8, 0.16000000000000003)
2021-09-18 01:22:35,973 - INFO - max_history_budget=0, max_history_result=None
2021-09-18 01:22:35,979 - INFO - when budget_last = 0, M = {125}, M_last = {125}
2021-09-18 01:22:35,979 - INFO - compute: budget=1; scheme=(0.2,0.16000000000000003); tilderR=(55) tilderS=(2); result=({125}, 671); rev=26.839999999999986
2021-09-18 01:22:35,985 - INFO - when budget_last = 1, M = {168, 125}, M_last = {168, 125}
2021-09-18 01:22:35,985 - INFO - compute: budget=2; scheme=(0.2,0.16000000000000003); tilderR=(55) tilderS=(2); result=({168, 125}, 1093); rev=43.71999999999998
2021-09-18 01:22:35,985 - INFO - ********** (0.2, 1.0, 0.2)
2021-09-18 01:22:35,986 - INFO - max_history_budget=0, max_history_result=None
2021-09-18 01:22:35,994 - INFO - when budget_last = 0, M = {46}, M_last = {46}
2021-09-18 01:22:35,994 - INFO - compute: budget=1; scheme=(0.2,0.2); tilderR=(55) tilderS=(3); result=({46}, 787); rev=0.0
2021-09-18 01:22:36,004 - INFO - when budget_last = 1, M = {125, 46}, M_last = {125, 46}
2021-09-18 01:22:36,005 - INFO - compute: budget=2; scheme=(0.2,0.2); tilderR=(55) tilderS=(3); result=({125, 46}, 1375); rev=0.0
2021-09-18 01:22:36,005 - INFO - ********** (0.4, 0.0, 0.0)
2021-09-18 01:22:36,005 - INFO - max_history_budget=0, max_history_result=None
2021-09-18 01:22:36,006 - INFO - when budget_last = 0, M = set(), M_last = set()
2021-09-18 01:22:36,006 - INFO - compute: budget=1; scheme=(0.4,0.0); tilderR=(49) tilderS=(0); result=(set(), 0); rev=0.0
2021-09-18 01:22:36,006 - INFO - when budget_last = 1, M = set(), M_last = set()
2021-09-18 01:22:36,006 - INFO - compute: budget=2; scheme=(0.4,0.0); tilderR=(49) tilderS=(0); result=(set(), 0); rev=0.0
2021-09-18 01:22:36,007 - INFO - ********** (0.4, 0.2, 0.08000000000000002)
2021-09-18 01:22:36,007 - INFO - max_history_budget=2, max_history_result=(set(), 0, 0.0)
2021-09-18 01:22:36,007 - INFO - load: budget=1; scheme=(0.4,0.08000000000000002); tilderR=(49) tilderS=(0); result=(set(), 0); rev=0.0
2021-09-18 01:22:36,007 - INFO - ********** (0.4, 0.4, 0.16000000000000003)
2021-09-18 01:22:36,008 - INFO - max_history_budget=0, max_history_result=None
2021-09-18 01:22:36,013 - INFO - when budget_last = 0, M = {125}, M_last = {125}
2021-09-18 01:22:36,014 - INFO - compute: budget=1; scheme=(0.4,0.16000000000000003); tilderR=(49) tilderS=(2); result=({125}, 560); rev=134.4
2021-09-18 01:22:36,020 - INFO - when budget_last = 1, M = {168, 125}, M_last = {168, 125}
2021-09-18 01:22:36,020 - INFO - compute: budget=2; scheme=(0.4,0.16000000000000003); tilderR=(49) tilderS=(2); result=({168, 125}, 898); rev=215.51999999999998
2021-09-18 01:22:36,020 - INFO - ********** (0.4, 0.6000000000000001, 0.24000000000000005)
2021-09-18 01:22:36,021 - INFO - max_history_budget=0, max_history_result=None
2021-09-18 01:22:36,032 - INFO - when budget_last = 0, M = {46}, M_last = {46}
2021-09-18 01:22:36,033 - INFO - compute: budget=1; scheme=(0.4,0.24000000000000005); tilderR=(49) tilderS=(5); result=({46}, 656); rev=104.95999999999998
2021-09-18 01:22:36,047 - INFO - when budget_last = 1, M = {125, 46}, M_last = {125, 46}
2021-09-18 01:22:36,047 - INFO - compute: budget=2; scheme=(0.4,0.24000000000000005); tilderR=(49) tilderS=(5); result=({125, 46}, 1147); rev=183.51999999999998
2021-09-18 01:22:36,047 - INFO - ********** (0.4, 0.8, 0.32000000000000006)
2021-09-18 01:22:36,047 - INFO - max_history_budget=0, max_history_result=None
2021-09-18 01:22:36,068 - INFO - when budget_last = 0, M = {46}, M_last = {46}
2021-09-18 01:22:36,068 - INFO - compute: budget=1; scheme=(0.4,0.32000000000000006); tilderR=(49) tilderS=(10); result=({46}, 656); rev=52.479999999999976
2021-09-18 01:22:36,095 - INFO - when budget_last = 1, M = {49, 46}, M_last = {49, 46}
2021-09-18 01:22:36,095 - INFO - compute: budget=2; scheme=(0.4,0.32000000000000006); tilderR=(49) tilderS=(10); result=({49, 46}, 1202); rev=96.15999999999995
2021-09-18 01:22:36,095 - INFO - ********** (0.4, 1.0, 0.4)
2021-09-18 01:22:36,095 - INFO - max_history_budget=0, max_history_result=None
2021-09-18 01:22:36,132 - INFO - when budget_last = 0, M = {150}, M_last = {150}
2021-09-18 01:22:36,132 - INFO - compute: budget=1; scheme=(0.4,0.4); tilderR=(49) tilderS=(19); result=({150}, 787); rev=0.0
2021-09-18 01:22:36,183 - INFO - when budget_last = 1, M = {46, 150}, M_last = {46, 150}
2021-09-18 01:22:36,183 - INFO - compute: budget=2; scheme=(0.4,0.4); tilderR=(49) tilderS=(19); result=({46, 150}, 1333); rev=0.0
2021-09-18 01:22:36,183 - INFO - ********** (0.6000000000000001, 0.0, 0.0)
2021-09-18 01:22:36,184 - INFO - max_history_budget=0, max_history_result=None
2021-09-18 01:22:36,184 - INFO - when budget_last = 0, M = set(), M_last = set()
2021-09-18 01:22:36,185 - INFO - compute: budget=1; scheme=(0.6000000000000001,0.0); tilderR=(21) tilderS=(0); result=(set(), 0); rev=0.0
2021-09-18 01:22:36,185 - INFO - when budget_last = 1, M = set(), M_last = set()
2021-09-18 01:22:36,185 - INFO - compute: budget=2; scheme=(0.6000000000000001,0.0); tilderR=(21) tilderS=(0); result=(set(), 0); rev=0.0
2021-09-18 01:22:36,185 - INFO - ********** (0.6000000000000001, 0.2, 0.12000000000000002)
2021-09-18 01:22:36,185 - INFO - max_history_budget=0, max_history_result=None
2021-09-18 01:22:36,187 - INFO - when budget_last = 0, M = {168}, M_last = {168}
2021-09-18 01:22:36,187 - INFO - compute: budget=1; scheme=(0.6000000000000001,0.12000000000000002); tilderR=(21) tilderS=(1); result=({168}, 101); rev=48.48000000000001
2021-09-18 01:22:36,188 - INFO - when budget_last = 1, M = {168}, M_last = {168}
2021-09-18 01:22:36,188 - INFO - compute: budget=2; scheme=(0.6000000000000001,0.12000000000000002); tilderR=(21) tilderS=(1); result=({168}, 101); rev=48.48000000000001
2021-09-18 01:22:36,188 - INFO - ********** (0.6000000000000001, 0.4, 0.24000000000000005)
2021-09-18 01:22:36,189 - INFO - max_history_budget=0, max_history_result=None
2021-09-18 01:22:36,195 - INFO - when budget_last = 0, M = {46}, M_last = {46}
2021-09-18 01:22:36,195 - INFO - compute: budget=1; scheme=(0.6000000000000001,0.24000000000000005); tilderR=(21) tilderS=(5); result=({46}, 189); rev=68.04
2021-09-18 01:22:36,201 - INFO - when budget_last = 1, M = {125, 46}, M_last = {125, 46}
2021-09-18 01:22:36,201 - INFO - compute: budget=2; scheme=(0.6000000000000001,0.24000000000000005); tilderR=(21) tilderS=(5); result=({125, 46}, 322); rev=115.92000000000002
2021-09-18 01:22:36,201 - INFO - ********** (0.6000000000000001, 0.6000000000000001, 0.3600000000000001)
2021-09-18 01:22:36,202 - INFO - max_history_budget=0, max_history_result=None
2021-09-18 01:22:36,215 - INFO - when budget_last = 0, M = {1}, M_last = {1}
2021-09-18 01:22:36,215 - INFO - compute: budget=1; scheme=(0.6000000000000001,0.3600000000000001); tilderR=(21) tilderS=(14); result=({1}, 227); rev=54.48
2021-09-18 01:22:36,231 - INFO - when budget_last = 1, M = {1, 49}, M_last = {1, 49}
2021-09-18 01:22:36,232 - INFO - compute: budget=2; scheme=(0.6000000000000001,0.3600000000000001); tilderR=(21) tilderS=(14); result=({1, 49}, 384); rev=92.16
2021-09-18 01:22:36,232 - INFO - ********** (0.6000000000000001, 0.8, 0.4800000000000001)
2021-09-18 01:22:36,233 - INFO - max_history_budget=0, max_history_result=None
2021-09-18 01:22:36,260 - INFO - when budget_last = 0, M = {150}, M_last = {150}
2021-09-18 01:22:36,260 - INFO - compute: budget=1; scheme=(0.6000000000000001,0.4800000000000001); tilderR=(21) tilderS=(32); result=({150}, 271); rev=32.519999999999996
2021-09-18 01:22:36,297 - INFO - when budget_last = 1, M = {1, 150}, M_last = {1, 150}
2021-09-18 01:22:36,297 - INFO - compute: budget=2; scheme=(0.6000000000000001,0.4800000000000001); tilderR=(21) tilderS=(32); result=({1, 150}, 498); rev=59.76
2021-09-18 01:22:36,297 - INFO - ********** (0.6000000000000001, 1.0, 0.6000000000000001)
2021-09-18 01:22:36,298 - INFO - max_history_budget=0, max_history_result=None
2021-09-18 01:22:36,335 - INFO - when budget_last = 0, M = {150}, M_last = {150}
2021-09-18 01:22:36,335 - INFO - compute: budget=1; scheme=(0.6000000000000001,0.6000000000000001); tilderR=(21) tilderS=(46); result=({150}, 271); rev=0.0
2021-09-18 01:22:36,388 - INFO - when budget_last = 1, M = {1, 150}, M_last = {1, 150}
2021-09-18 01:22:36,388 - INFO - compute: budget=2; scheme=(0.6000000000000001,0.6000000000000001); tilderR=(21) tilderS=(46); result=({1, 150}, 498); rev=0.0
2021-09-18 01:22:36,388 - INFO - ********** (0.8, 0.0, 0.0)
2021-09-18 01:22:36,389 - INFO - max_history_budget=0, max_history_result=None
2021-09-18 01:22:36,389 - INFO - when budget_last = 0, M = set(), M_last = set()
2021-09-18 01:22:36,389 - INFO - compute: budget=1; scheme=(0.8,0.0); tilderR=(3) tilderS=(0); result=(set(), 0); rev=0.0
2021-09-18 01:22:36,389 - INFO - when budget_last = 1, M = set(), M_last = set()
2021-09-18 01:22:36,389 - INFO - compute: budget=2; scheme=(0.8,0.0); tilderR=(3) tilderS=(0); result=(set(), 0); rev=0.0
2021-09-18 01:22:36,389 - INFO - ********** (0.8, 0.2, 0.16000000000000003)
2021-09-18 01:22:36,390 - INFO - max_history_budget=0, max_history_result=None
2021-09-18 01:22:36,391 - INFO - when budget_last = 0, M = {125}, M_last = {125}
2021-09-18 01:22:36,391 - INFO - compute: budget=1; scheme=(0.8,0.16000000000000003); tilderR=(3) tilderS=(2); result=({125}, 10); rev=6.4
2021-09-18 01:22:36,391 - INFO - when budget_last = 1, M = {168, 125}, M_last = {168, 125}
2021-09-18 01:22:36,391 - INFO - compute: budget=2; scheme=(0.8,0.16000000000000003); tilderR=(3) tilderS=(2); result=({168, 125}, 12); rev=7.68
2021-09-18 01:22:36,391 - INFO - ********** (0.8, 0.4, 0.32000000000000006)
2021-09-18 01:22:36,392 - INFO - max_history_budget=0, max_history_result=None
2021-09-18 01:22:36,394 - INFO - when budget_last = 0, M = {47}, M_last = {47}
2021-09-18 01:22:36,394 - INFO - compute: budget=1; scheme=(0.8,0.32000000000000006); tilderR=(3) tilderS=(10); result=({47}, 18); rev=8.64
2021-09-18 01:22:36,395 - INFO - when budget_last = 1, M = {46, 47}, M_last = {46, 47}
2021-09-18 01:22:36,396 - INFO - compute: budget=2; scheme=(0.8,0.32000000000000006); tilderR=(3) tilderS=(10); result=({46, 47}, 31); rev=14.879999999999999
2021-09-18 01:22:36,396 - INFO - ********** (0.8, 0.6000000000000001, 0.4800000000000001)
2021-09-18 01:22:36,397 - INFO - max_history_budget=0, max_history_result=None
2021-09-18 01:22:36,400 - INFO - when budget_last = 0, M = {150}, M_last = {150}
2021-09-18 01:22:36,401 - INFO - compute: budget=1; scheme=(0.8,0.4800000000000001); tilderR=(3) tilderS=(32); result=({150}, 31); rev=9.919999999999998
2021-09-18 01:22:36,406 - INFO - when budget_last = 1, M = {173, 150}, M_last = {173, 150}
2021-09-18 01:22:36,406 - INFO - compute: budget=2; scheme=(0.8,0.4800000000000001); tilderR=(3) tilderS=(32); result=({173, 150}, 35); rev=11.199999999999998
2021-09-18 01:22:36,406 - INFO - ********** (0.8, 0.8, 0.6400000000000001)
2021-09-18 01:22:36,408 - INFO - max_history_budget=0, max_history_result=None
2021-09-18 01:22:36,414 - INFO - when budget_last = 0, M = {150}, M_last = {150}
2021-09-18 01:22:36,414 - INFO - compute: budget=1; scheme=(0.8,0.6400000000000001); tilderR=(3) tilderS=(48); result=({150}, 31); rev=4.959999999999997
2021-09-18 01:22:36,422 - INFO - when budget_last = 1, M = {109, 150}, M_last = {109, 150}
2021-09-18 01:22:36,422 - INFO - compute: budget=2; scheme=(0.8,0.6400000000000001); tilderR=(3) tilderS=(48); result=({109, 150}, 55); rev=8.799999999999995
2021-09-18 01:22:36,422 - INFO - ********** (0.8, 1.0, 0.8)
2021-09-18 01:22:36,423 - INFO - max_history_budget=0, max_history_result=None
2021-09-18 01:22:36,430 - INFO - when budget_last = 0, M = {150}, M_last = {150}
2021-09-18 01:22:36,430 - INFO - compute: budget=1; scheme=(0.8,0.8); tilderR=(3) tilderS=(54); result=({150}, 31); rev=0.0
2021-09-18 01:22:36,439 - INFO - when budget_last = 1, M = {109, 150}, M_last = {109, 150}
2021-09-18 01:22:36,439 - INFO - compute: budget=2; scheme=(0.8,0.8); tilderR=(3) tilderS=(54); result=({109, 150}, 55); rev=0.0
2021-09-18 01:22:36,440 - INFO - ********** (1.0, 0.0, 0.0)
2021-09-18 01:22:36,441 - INFO - max_history_budget=0, max_history_result=None
2021-09-18 01:22:36,441 - INFO - when budget_last = 0, M = set(), M_last = set()
2021-09-18 01:22:36,441 - INFO - compute: budget=1; scheme=(1.0,0.0); tilderR=(0) tilderS=(0); result=(set(), 0); rev=0.0
2021-09-18 01:22:36,441 - INFO - when budget_last = 1, M = set(), M_last = set()
2021-09-18 01:22:36,441 - INFO - compute: budget=2; scheme=(1.0,0.0); tilderR=(0) tilderS=(0); result=(set(), 0); rev=0.0
2021-09-18 01:22:36,441 - INFO - ********** (1.0, 0.2, 0.2)
2021-09-18 01:22:36,443 - INFO - max_history_budget=0, max_history_result=None
2021-09-18 01:22:36,443 - INFO - when budget_last = 0, M = {46}, M_last = {46}
2021-09-18 01:22:36,443 - INFO - compute: budget=1; scheme=(1.0,0.2); tilderR=(0) tilderS=(3); result=({46}, 0); rev=0.0
2021-09-18 01:22:36,443 - INFO - when budget_last = 1, M = {125, 46}, M_last = {125, 46}
2021-09-18 01:22:36,443 - INFO - compute: budget=2; scheme=(1.0,0.2); tilderR=(0) tilderS=(3); result=({125, 46}, 0); rev=0.0
2021-09-18 01:22:36,443 - INFO - ********** (1.0, 0.4, 0.4)
2021-09-18 01:22:36,444 - INFO - max_history_budget=0, max_history_result=None
2021-09-18 01:22:36,444 - INFO - when budget_last = 0, M = {62}, M_last = {62}
2021-09-18 01:22:36,444 - INFO - compute: budget=1; scheme=(1.0,0.4); tilderR=(0) tilderS=(19); result=({62}, 0); rev=0.0
2021-09-18 01:22:36,444 - INFO - when budget_last = 1, M = {61, 62}, M_last = {61, 62}
2021-09-18 01:22:36,444 - INFO - compute: budget=2; scheme=(1.0,0.4); tilderR=(0) tilderS=(19); result=({61, 62}, 0); rev=0.0
2021-09-18 01:22:36,444 - INFO - ********** (1.0, 0.6000000000000001, 0.6000000000000001)
2021-09-18 01:22:36,446 - INFO - max_history_budget=0, max_history_result=None
2021-09-18 01:22:36,446 - INFO - when budget_last = 0, M = {125}, M_last = {125}
2021-09-18 01:22:36,446 - INFO - compute: budget=1; scheme=(1.0,0.6000000000000001); tilderR=(0) tilderS=(46); result=({125}, 0); rev=0.0
2021-09-18 01:22:36,446 - INFO - when budget_last = 1, M = {122, 125}, M_last = {122, 125}
2021-09-18 01:22:36,446 - INFO - compute: budget=2; scheme=(1.0,0.6000000000000001); tilderR=(0) tilderS=(46); result=({122, 125}, 0); rev=0.0
2021-09-18 01:22:36,446 - INFO - ********** (1.0, 0.8, 0.8)
2021-09-18 01:22:36,447 - INFO - max_history_budget=0, max_history_result=None
2021-09-18 01:22:36,448 - INFO - when budget_last = 0, M = {125}, M_last = {125}
2021-09-18 01:22:36,448 - INFO - compute: budget=1; scheme=(1.0,0.8); tilderR=(0) tilderS=(54); result=({125}, 0); rev=0.0
2021-09-18 01:22:36,448 - INFO - when budget_last = 1, M = {122, 125}, M_last = {122, 125}
2021-09-18 01:22:36,448 - INFO - compute: budget=2; scheme=(1.0,0.8); tilderR=(0) tilderS=(54); result=({122, 125}, 0); rev=0.0
2021-09-18 01:22:36,448 - INFO - ********** (1.0, 1.0, 1.0)
2021-09-18 01:22:36,449 - INFO - max_history_budget=2, max_history_result=({122, 125}, 0, 0.0)
2021-09-18 01:22:36,449 - INFO - load: budget=1; scheme=(1.0,1.0); tilderR=(0) tilderS=(54); result=({125}, 0); rev=0.0
