2021-09-18 01:16:58,850 - INFO - Namespace(a='2', beta_paras='3,6,6,3', budget_list='2', did='d1', grain_alpha='5', grain_p='5', method='greedy', percent_R='0.25', percent_S='0.25', seed='32', version='v09180116')
2021-09-18 01:16:58,866 - INFO - Finish random requester set R and supplier set S 
                             percent_R=0.25, num_R=55, len_R=55 
                             percent_S=0.25, num_S=55, len_S=54
2021-09-18 01:16:59,448 - INFO - Finish generate valuations and costs using using a=2
2021-09-18 01:16:59,926 - INFO - max_history_budget=0, max_history_result=None
2021-09-18 01:16:59,927 - INFO - when budget_last = 0, M = set(), M_last = set()
2021-09-18 01:16:59,927 - INFO - compute: budget=1; scheme=(0.0,0.0); tilderR=(55) tilderS=(0); result=(set(), 0); rev=0.0
2021-09-18 01:16:59,927 - INFO - when budget_last = 1, M = set(), M_last = set()
2021-09-18 01:16:59,927 - INFO - compute: budget=2; scheme=(0.0,0.0); tilderR=(55) tilderS=(0); result=(set(), 0); rev=0.0
2021-09-18 01:16:59,928 - INFO - max_history_budget=2, max_history_result=(set(), 0, 0.0)
2021-09-18 01:16:59,928 - INFO - load: budget=1; scheme=(0.0,0.0); tilderR=(55) tilderS=(0); result=(set(), 0); rev=0.0
2021-09-18 01:16:59,928 - INFO - max_history_budget=2, max_history_result=(set(), 0, 0.0)
2021-09-18 01:16:59,928 - INFO - load: budget=1; scheme=(0.0,0.0); tilderR=(55) tilderS=(0); result=(set(), 0); rev=0.0
2021-09-18 01:16:59,928 - INFO - max_history_budget=2, max_history_result=(set(), 0, 0.0)
2021-09-18 01:16:59,928 - INFO - load: budget=1; scheme=(0.0,0.0); tilderR=(55) tilderS=(0); result=(set(), 0); rev=0.0
2021-09-18 01:16:59,928 - INFO - max_history_budget=2, max_history_result=(set(), 0, 0.0)
2021-09-18 01:16:59,928 - INFO - load: budget=1; scheme=(0.0,0.0); tilderR=(55) tilderS=(0); result=(set(), 0); rev=0.0
2021-09-18 01:16:59,928 - INFO - max_history_budget=2, max_history_result=(set(), 0, 0.0)
2021-09-18 01:16:59,929 - INFO - load: budget=1; scheme=(0.0,0.0); tilderR=(55) tilderS=(0); result=(set(), 0); rev=0.0
2021-09-18 01:16:59,929 - INFO - max_history_budget=2, max_history_result=(set(), 0, 0.0)
2021-09-18 01:16:59,929 - INFO - load: budget=1; scheme=(0.2,0.0); tilderR=(55) tilderS=(0); result=(set(), 0); rev=0.0
2021-09-18 01:16:59,929 - INFO - max_history_budget=2, max_history_result=(set(), 0, 0.0)
2021-09-18 01:16:59,929 - INFO - load: budget=1; scheme=(0.2,0.04000000000000001); tilderR=(55) tilderS=(0); result=(set(), 0); rev=0.0
2021-09-18 01:16:59,929 - INFO - max_history_budget=2, max_history_result=(set(), 0, 0.0)
2021-09-18 01:16:59,929 - INFO - load: budget=1; scheme=(0.2,0.08000000000000002); tilderR=(55) tilderS=(0); result=(set(), 0); rev=0.0
2021-09-18 01:16:59,930 - INFO - max_history_budget=0, max_history_result=None
2021-09-18 01:16:59,934 - INFO - when budget_last = 0, M = {168}, M_last = {168}
2021-09-18 01:16:59,934 - INFO - compute: budget=1; scheme=(0.2,0.12000000000000002); tilderR=(55) tilderS=(1); result=({168}, 631); rev=50.47999999999999
2021-09-18 01:16:59,936 - INFO - when budget_last = 1, M = {168}, M_last = {168}
2021-09-18 01:16:59,936 - INFO - compute: budget=2; scheme=(0.2,0.12000000000000002); tilderR=(55) tilderS=(1); result=({168}, 631); rev=50.47999999999999
2021-09-18 01:16:59,936 - INFO - max_history_budget=0, max_history_result=None
2021-09-18 01:16:59,943 - INFO - when budget_last = 0, M = {125}, M_last = {125}
2021-09-18 01:16:59,943 - INFO - compute: budget=1; scheme=(0.2,0.16000000000000003); tilderR=(55) tilderS=(2); result=({125}, 671); rev=26.839999999999986
2021-09-18 01:16:59,950 - INFO - when budget_last = 1, M = {168, 125}, M_last = {168, 125}
2021-09-18 01:16:59,950 - INFO - compute: budget=2; scheme=(0.2,0.16000000000000003); tilderR=(55) tilderS=(2); result=({168, 125}, 1093); rev=43.71999999999998
2021-09-18 01:16:59,951 - INFO - max_history_budget=0, max_history_result=None
2021-09-18 01:16:59,959 - INFO - when budget_last = 0, M = {46}, M_last = {46}
2021-09-18 01:16:59,960 - INFO - compute: budget=1; scheme=(0.2,0.2); tilderR=(55) tilderS=(3); result=({46}, 787); rev=0.0
2021-09-18 01:16:59,969 - INFO - when budget_last = 1, M = {125, 46}, M_last = {125, 46}
2021-09-18 01:16:59,969 - INFO - compute: budget=2; scheme=(0.2,0.2); tilderR=(55) tilderS=(3); result=({125, 46}, 1375); rev=0.0
2021-09-18 01:16:59,969 - INFO - max_history_budget=0, max_history_result=None
2021-09-18 01:16:59,970 - INFO - when budget_last = 0, M = set(), M_last = set()
2021-09-18 01:16:59,970 - INFO - compute: budget=1; scheme=(0.4,0.0); tilderR=(49) tilderS=(0); result=(set(), 0); rev=0.0
2021-09-18 01:16:59,971 - INFO - when budget_last = 1, M = set(), M_last = set()
2021-09-18 01:16:59,971 - INFO - compute: budget=2; scheme=(0.4,0.0); tilderR=(49) tilderS=(0); result=(set(), 0); rev=0.0
2021-09-18 01:16:59,971 - INFO - max_history_budget=2, max_history_result=(set(), 0, 0.0)
2021-09-18 01:16:59,971 - INFO - load: budget=1; scheme=(0.4,0.08000000000000002); tilderR=(49) tilderS=(0); result=(set(), 0); rev=0.0
2021-09-18 01:16:59,972 - INFO - max_history_budget=0, max_history_result=None
2021-09-18 01:16:59,977 - INFO - when budget_last = 0, M = {125}, M_last = {125}
2021-09-18 01:16:59,977 - INFO - compute: budget=1; scheme=(0.4,0.16000000000000003); tilderR=(49) tilderS=(2); result=({125}, 560); rev=134.4
2021-09-18 01:16:59,983 - INFO - when budget_last = 1, M = {168, 125}, M_last = {168, 125}
2021-09-18 01:16:59,983 - INFO - compute: budget=2; scheme=(0.4,0.16000000000000003); tilderR=(49) tilderS=(2); result=({168, 125}, 898); rev=215.51999999999998
2021-09-18 01:16:59,984 - INFO - max_history_budget=0, max_history_result=None
2021-09-18 01:16:59,995 - INFO - when budget_last = 0, M = {46}, M_last = {46}
2021-09-18 01:16:59,995 - INFO - compute: budget=1; scheme=(0.4,0.24000000000000005); tilderR=(49) tilderS=(5); result=({46}, 656); rev=104.95999999999998
2021-09-18 01:17:00,009 - INFO - when budget_last = 1, M = {125, 46}, M_last = {125, 46}
2021-09-18 01:17:00,009 - INFO - compute: budget=2; scheme=(0.4,0.24000000000000005); tilderR=(49) tilderS=(5); result=({125, 46}, 1147); rev=183.51999999999998
2021-09-18 01:17:00,009 - INFO - max_history_budget=0, max_history_result=None
2021-09-18 01:17:00,030 - INFO - when budget_last = 0, M = {46}, M_last = {46}
2021-09-18 01:17:00,030 - INFO - compute: budget=1; scheme=(0.4,0.32000000000000006); tilderR=(49) tilderS=(10); result=({46}, 656); rev=52.479999999999976
2021-09-18 01:17:00,056 - INFO - when budget_last = 1, M = {49, 46}, M_last = {49, 46}
2021-09-18 01:17:00,057 - INFO - compute: budget=2; scheme=(0.4,0.32000000000000006); tilderR=(49) tilderS=(10); result=({49, 46}, 1202); rev=96.15999999999995
2021-09-18 01:17:00,057 - INFO - max_history_budget=0, max_history_result=None
2021-09-18 01:17:00,093 - INFO - when budget_last = 0, M = {150}, M_last = {150}
2021-09-18 01:17:00,094 - INFO - compute: budget=1; scheme=(0.4,0.4); tilderR=(49) tilderS=(19); result=({150}, 787); rev=0.0
2021-09-18 01:17:00,141 - INFO - when budget_last = 1, M = {46, 150}, M_last = {46, 150}
2021-09-18 01:17:00,141 - INFO - compute: budget=2; scheme=(0.4,0.4); tilderR=(49) tilderS=(19); result=({46, 150}, 1333); rev=0.0
2021-09-18 01:17:00,142 - INFO - max_history_budget=0, max_history_result=None
2021-09-18 01:17:00,142 - INFO - when budget_last = 0, M = set(), M_last = set()
2021-09-18 01:17:00,143 - INFO - compute: budget=1; scheme=(0.6000000000000001,0.0); tilderR=(21) tilderS=(0); result=(set(), 0); rev=0.0
2021-09-18 01:17:00,143 - INFO - when budget_last = 1, M = set(), M_last = set()
2021-09-18 01:17:00,143 - INFO - compute: budget=2; scheme=(0.6000000000000001,0.0); tilderR=(21) tilderS=(0); result=(set(), 0); rev=0.0
2021-09-18 01:17:00,143 - INFO - max_history_budget=0, max_history_result=None
2021-09-18 01:17:00,145 - INFO - when budget_last = 0, M = {168}, M_last = {168}
2021-09-18 01:17:00,145 - INFO - compute: budget=1; scheme=(0.6000000000000001,0.12000000000000002); tilderR=(21) tilderS=(1); result=({168}, 101); rev=48.48000000000001
2021-09-18 01:17:00,146 - INFO - when budget_last = 1, M = {168}, M_last = {168}
2021-09-18 01:17:00,146 - INFO - compute: budget=2; scheme=(0.6000000000000001,0.12000000000000002); tilderR=(21) tilderS=(1); result=({168}, 101); rev=48.48000000000001
2021-09-18 01:17:00,147 - INFO - max_history_budget=0, max_history_result=None
2021-09-18 01:17:00,152 - INFO - when budget_last = 0, M = {46}, M_last = {46}
2021-09-18 01:17:00,152 - INFO - compute: budget=1; scheme=(0.6000000000000001,0.24000000000000005); tilderR=(21) tilderS=(5); result=({46}, 189); rev=68.04
2021-09-18 01:17:00,159 - INFO - when budget_last = 1, M = {125, 46}, M_last = {125, 46}
2021-09-18 01:17:00,159 - INFO - compute: budget=2; scheme=(0.6000000000000001,0.24000000000000005); tilderR=(21) tilderS=(5); result=({125, 46}, 322); rev=115.92000000000002
2021-09-18 01:17:00,160 - INFO - max_history_budget=0, max_history_result=None
2021-09-18 01:17:00,172 - INFO - when budget_last = 0, M = {1}, M_last = {1}
2021-09-18 01:17:00,172 - INFO - compute: budget=1; scheme=(0.6000000000000001,0.3600000000000001); tilderR=(21) tilderS=(14); result=({1}, 227); rev=54.48
2021-09-18 01:17:00,188 - INFO - when budget_last = 1, M = {1, 49}, M_last = {1, 49}
2021-09-18 01:17:00,188 - INFO - compute: budget=2; scheme=(0.6000000000000001,0.3600000000000001); tilderR=(21) tilderS=(14); result=({1, 49}, 384); rev=92.16
2021-09-18 01:17:00,189 - INFO - max_history_budget=0, max_history_result=None
2021-09-18 01:17:00,215 - INFO - when budget_last = 0, M = {150}, M_last = {150}
2021-09-18 01:17:00,215 - INFO - compute: budget=1; scheme=(0.6000000000000001,0.4800000000000001); tilderR=(21) tilderS=(32); result=({150}, 271); rev=32.519999999999996
2021-09-18 01:17:00,252 - INFO - when budget_last = 1, M = {1, 150}, M_last = {1, 150}
2021-09-18 01:17:00,253 - INFO - compute: budget=2; scheme=(0.6000000000000001,0.4800000000000001); tilderR=(21) tilderS=(32); result=({1, 150}, 498); rev=59.76
2021-09-18 01:17:00,253 - INFO - max_history_budget=0, max_history_result=None
2021-09-18 01:17:00,290 - INFO - when budget_last = 0, M = {150}, M_last = {150}
2021-09-18 01:17:00,291 - INFO - compute: budget=1; scheme=(0.6000000000000001,0.6000000000000001); tilderR=(21) tilderS=(46); result=({150}, 271); rev=0.0
2021-09-18 01:17:00,341 - INFO - when budget_last = 1, M = {1, 150}, M_last = {1, 150}
2021-09-18 01:17:00,341 - INFO - compute: budget=2; scheme=(0.6000000000000001,0.6000000000000001); tilderR=(21) tilderS=(46); result=({1, 150}, 498); rev=0.0
2021-09-18 01:17:00,342 - INFO - max_history_budget=0, max_history_result=None
2021-09-18 01:17:00,342 - INFO - when budget_last = 0, M = set(), M_last = set()
2021-09-18 01:17:00,342 - INFO - compute: budget=1; scheme=(0.8,0.0); tilderR=(3) tilderS=(0); result=(set(), 0); rev=0.0
2021-09-18 01:17:00,342 - INFO - when budget_last = 1, M = set(), M_last = set()
2021-09-18 01:17:00,342 - INFO - compute: budget=2; scheme=(0.8,0.0); tilderR=(3) tilderS=(0); result=(set(), 0); rev=0.0
2021-09-18 01:17:00,343 - INFO - max_history_budget=0, max_history_result=None
2021-09-18 01:17:00,344 - INFO - when budget_last = 0, M = {125}, M_last = {125}
2021-09-18 01:17:00,344 - INFO - compute: budget=1; scheme=(0.8,0.16000000000000003); tilderR=(3) tilderS=(2); result=({125}, 10); rev=6.4
2021-09-18 01:17:00,344 - INFO - when budget_last = 1, M = {168, 125}, M_last = {168, 125}
2021-09-18 01:17:00,344 - INFO - compute: budget=2; scheme=(0.8,0.16000000000000003); tilderR=(3) tilderS=(2); result=({168, 125}, 12); rev=7.68
2021-09-18 01:17:00,345 - INFO - max_history_budget=0, max_history_result=None
2021-09-18 01:17:00,347 - INFO - when budget_last = 0, M = {47}, M_last = {47}
2021-09-18 01:17:00,347 - INFO - compute: budget=1; scheme=(0.8,0.32000000000000006); tilderR=(3) tilderS=(10); result=({47}, 18); rev=8.64
2021-09-18 01:17:00,348 - INFO - when budget_last = 1, M = {46, 47}, M_last = {46, 47}
2021-09-18 01:17:00,349 - INFO - compute: budget=2; scheme=(0.8,0.32000000000000006); tilderR=(3) tilderS=(10); result=({46, 47}, 31); rev=14.879999999999999
2021-09-18 01:17:00,350 - INFO - max_history_budget=0, max_history_result=None
2021-09-18 01:17:00,354 - INFO - when budget_last = 0, M = {150}, M_last = {150}
2021-09-18 01:17:00,354 - INFO - compute: budget=1; scheme=(0.8,0.4800000000000001); tilderR=(3) tilderS=(32); result=({150}, 31); rev=9.919999999999998
2021-09-18 01:17:00,359 - INFO - when budget_last = 1, M = {173, 150}, M_last = {173, 150}
2021-09-18 01:17:00,359 - INFO - compute: budget=2; scheme=(0.8,0.4800000000000001); tilderR=(3) tilderS=(32); result=({173, 150}, 35); rev=11.199999999999998
2021-09-18 01:17:00,361 - INFO - max_history_budget=0, max_history_result=None
2021-09-18 01:17:00,366 - INFO - when budget_last = 0, M = {150}, M_last = {150}
2021-09-18 01:17:00,366 - INFO - compute: budget=1; scheme=(0.8,0.6400000000000001); tilderR=(3) tilderS=(48); result=({150}, 31); rev=4.959999999999997
2021-09-18 01:17:00,374 - INFO - when budget_last = 1, M = {109, 150}, M_last = {109, 150}
2021-09-18 01:17:00,375 - INFO - compute: budget=2; scheme=(0.8,0.6400000000000001); tilderR=(3) tilderS=(48); result=({109, 150}, 55); rev=8.799999999999995
2021-09-18 01:17:00,376 - INFO - max_history_budget=0, max_history_result=None
2021-09-18 01:17:00,383 - INFO - when budget_last = 0, M = {150}, M_last = {150}
2021-09-18 01:17:00,383 - INFO - compute: budget=1; scheme=(0.8,0.8); tilderR=(3) tilderS=(54); result=({150}, 31); rev=0.0
2021-09-18 01:17:00,392 - INFO - when budget_last = 1, M = {109, 150}, M_last = {109, 150}
2021-09-18 01:17:00,392 - INFO - compute: budget=2; scheme=(0.8,0.8); tilderR=(3) tilderS=(54); result=({109, 150}, 55); rev=0.0
2021-09-18 01:17:00,393 - INFO - max_history_budget=0, max_history_result=None
2021-09-18 01:17:00,393 - INFO - when budget_last = 0, M = set(), M_last = set()
2021-09-18 01:17:00,393 - INFO - compute: budget=1; scheme=(1.0,0.0); tilderR=(0) tilderS=(0); result=(set(), 0); rev=0.0
2021-09-18 01:17:00,393 - INFO - when budget_last = 1, M = set(), M_last = set()
2021-09-18 01:17:00,393 - INFO - compute: budget=2; scheme=(1.0,0.0); tilderR=(0) tilderS=(0); result=(set(), 0); rev=0.0
2021-09-18 01:17:00,394 - INFO - max_history_budget=0, max_history_result=None
2021-09-18 01:17:00,395 - INFO - when budget_last = 0, M = {46}, M_last = {46}
2021-09-18 01:17:00,395 - INFO - compute: budget=1; scheme=(1.0,0.2); tilderR=(0) tilderS=(3); result=({46}, 0); rev=0.0
2021-09-18 01:17:00,395 - INFO - when budget_last = 1, M = {125, 46}, M_last = {125, 46}
2021-09-18 01:17:00,395 - INFO - compute: budget=2; scheme=(1.0,0.2); tilderR=(0) tilderS=(3); result=({125, 46}, 0); rev=0.0
2021-09-18 01:17:00,396 - INFO - max_history_budget=0, max_history_result=None
2021-09-18 01:17:00,396 - INFO - when budget_last = 0, M = {62}, M_last = {62}
2021-09-18 01:17:00,396 - INFO - compute: budget=1; scheme=(1.0,0.4); tilderR=(0) tilderS=(19); result=({62}, 0); rev=0.0
2021-09-18 01:17:00,396 - INFO - when budget_last = 1, M = {61, 62}, M_last = {61, 62}
2021-09-18 01:17:00,396 - INFO - compute: budget=2; scheme=(1.0,0.4); tilderR=(0) tilderS=(19); result=({61, 62}, 0); rev=0.0
2021-09-18 01:17:00,398 - INFO - max_history_budget=0, max_history_result=None
2021-09-18 01:17:00,398 - INFO - when budget_last = 0, M = {125}, M_last = {125}
2021-09-18 01:17:00,398 - INFO - compute: budget=1; scheme=(1.0,0.6000000000000001); tilderR=(0) tilderS=(46); result=({125}, 0); rev=0.0
2021-09-18 01:17:00,398 - INFO - when budget_last = 1, M = {122, 125}, M_last = {122, 125}
2021-09-18 01:17:00,398 - INFO - compute: budget=2; scheme=(1.0,0.6000000000000001); tilderR=(0) tilderS=(46); result=({122, 125}, 0); rev=0.0
2021-09-18 01:17:00,399 - INFO - max_history_budget=0, max_history_result=None
2021-09-18 01:17:00,400 - INFO - when budget_last = 0, M = {125}, M_last = {125}
2021-09-18 01:17:00,400 - INFO - compute: budget=1; scheme=(1.0,0.8); tilderR=(0) tilderS=(54); result=({125}, 0); rev=0.0
2021-09-18 01:17:00,400 - INFO - when budget_last = 1, M = {122, 125}, M_last = {122, 125}
2021-09-18 01:17:00,400 - INFO - compute: budget=2; scheme=(1.0,0.8); tilderR=(0) tilderS=(54); result=({122, 125}, 0); rev=0.0
2021-09-18 01:17:00,401 - INFO - max_history_budget=2, max_history_result=({122, 125}, 0, 0.0)
2021-09-18 01:17:00,401 - INFO - load: budget=1; scheme=(1.0,1.0); tilderR=(0) tilderS=(54); result=({125}, 0); rev=0.0
