2021-09-14 16:15:18,657 - INFO - Namespace(beta_paras='3,6,6,3', budget_list='3', did='d1', grain_alpha='5', grain_p='10', method='greedy', percent_R='0.25', percent_S='0.25', seed='32', version='v09141615')
2021-09-14 16:15:18,673 - INFO - Finish random requester set R and supplier set S 
                             percent_R=0.25, num_R=55, len_R=55 
                             percent_S=0.25, num_S=55, len_S=54
2021-09-14 16:15:18,674 - INFO - Finish random valuations using v_beta_paras for R and costs using c_beta_paras for S
2021-09-14 16:15:19,276 - INFO - length of pq_list=66 when grain_p=10 grain_alpha=5
2021-09-14 16:15:19,276 - INFO - ========================================, (0.0, 0.0) is invalid scheme since at least one side is empty
2021-09-14 16:15:19,276 - INFO - ========================================, (0.0, 0.0) is invalid scheme since at least one side is empty
2021-09-14 16:15:19,276 - INFO - ========================================, (0.0, 0.0) is invalid scheme since at least one side is empty
2021-09-14 16:15:19,276 - INFO - ========================================, (0.0, 0.0) is invalid scheme since at least one side is empty
2021-09-14 16:15:19,276 - INFO - ========================================, (0.0, 0.0) is invalid scheme since at least one side is empty
2021-09-14 16:15:19,276 - INFO - ========================================, (0.0, 0.0) is invalid scheme since at least one side is empty
2021-09-14 16:15:19,276 - INFO - ========================================, (0.1, 0.0) is invalid scheme since at least one side is empty
2021-09-14 16:15:19,276 - INFO - ========================================, (0.1, 0.020000000000000004) is invalid scheme since at least one side is empty
2021-09-14 16:15:19,276 - INFO - ========================================, (0.1, 0.04000000000000001) is invalid scheme since at least one side is empty
2021-09-14 16:15:19,277 - INFO - ========================================, (0.1, 0.06000000000000001) is invalid scheme since at least one side is empty
2021-09-14 16:15:19,277 - INFO - ========================================, (0.1, 0.08000000000000002) is invalid scheme since at least one side is empty
2021-09-14 16:15:19,277 - INFO - ========================================, (0.1, 0.1) is invalid scheme since at least one side is empty
2021-09-14 16:15:19,277 - INFO - ========================================, (0.2, 0.0) is invalid scheme since at least one side is empty
2021-09-14 16:15:19,277 - INFO - ========================================, (0.2, 0.04000000000000001) is invalid scheme since at least one side is empty
2021-09-14 16:15:19,277 - INFO - ========================================, (0.2, 0.08000000000000002) is invalid scheme since at least one side is empty
2021-09-14 16:15:19,277 - INFO - ========================================, (0.2, 0.12000000000000002) is invalid scheme since at least one side is empty
2021-09-14 16:15:19,277 - INFO - ========================================, (0.2, 0.16000000000000003) is invalid scheme since at least one side is empty
2021-09-14 16:15:19,277 - INFO - ========================================, (0.2, 0.2) is invalid scheme since at least one side is empty
2021-09-14 16:15:19,277 - INFO - ========================================, (0.30000000000000004, 0.0) is invalid scheme since at least one side is empty
2021-09-14 16:15:19,277 - INFO - ========================================, (0.30000000000000004, 0.06000000000000001) is invalid scheme since at least one side is empty
2021-09-14 16:15:19,277 - INFO - ========================================, (0.30000000000000004, 0.12000000000000002) is invalid scheme since at least one side is empty
2021-09-14 16:15:19,277 - INFO - ========================================, (0.30000000000000004, 0.18000000000000005) is invalid scheme since at least one side is empty
2021-09-14 16:15:19,277 - INFO - ========================================, (0.30000000000000004, 0.24000000000000005) complete computation
2021-09-14 16:15:19,278 - INFO - max_history_budget=0, max_history_result=None
2021-09-14 16:15:19,278 - INFO - ========================================, (0.30000000000000004, 0.30000000000000004) complete computation
2021-09-14 16:15:19,278 - INFO - max_history_budget=3, max_history_result=({17, 172, 109}, 693)
2021-09-14 16:15:19,278 - INFO - ========================================, (0.4, 0.0) is invalid scheme since at least one side is empty
2021-09-14 16:15:19,278 - INFO - ========================================, (0.4, 0.08000000000000002) is invalid scheme since at least one side is empty
2021-09-14 16:15:19,278 - INFO - ========================================, (0.4, 0.16000000000000003) is invalid scheme since at least one side is empty
2021-09-14 16:15:19,278 - INFO - ========================================, (0.4, 0.24000000000000005) complete computation
2021-09-14 16:15:19,278 - INFO - max_history_budget=0, max_history_result=None
2021-09-14 16:15:19,278 - INFO - ========================================, (0.4, 0.32000000000000006) complete computation
2021-09-14 16:15:19,278 - INFO - max_history_budget=0, max_history_result=None
2021-09-14 16:15:19,278 - INFO - ========================================, (0.4, 0.4) complete computation
2021-09-14 16:15:19,279 - INFO - max_history_budget=0, max_history_result=None
2021-09-14 16:15:19,279 - INFO - ========================================, (0.5, 0.0) is invalid scheme since at least one side is empty
2021-09-14 16:15:19,279 - INFO - ========================================, (0.5, 0.1) is invalid scheme since at least one side is empty
2021-09-14 16:15:19,279 - INFO - ========================================, (0.5, 0.2) is invalid scheme since at least one side is empty
2021-09-14 16:15:19,279 - INFO - ========================================, (0.5, 0.30000000000000004) complete computation
2021-09-14 16:15:19,279 - INFO - max_history_budget=3, max_history_result=({17, 172, 109}, 173)
2021-09-14 16:15:19,279 - INFO - ========================================, (0.5, 0.4) complete computation
2021-09-14 16:15:19,279 - INFO - max_history_budget=3, max_history_result=({17, 172, 109}, 173)
2021-09-14 16:15:19,279 - INFO - ========================================, (0.5, 0.5) complete computation
2021-09-14 16:15:19,279 - INFO - max_history_budget=3, max_history_result=({205, 49, 109}, 203)
2021-09-14 16:15:19,279 - INFO - ========================================, (0.6000000000000001, 0.0) is invalid scheme since at least one side is empty
2021-09-14 16:15:19,279 - INFO - ========================================, (0.6000000000000001, 0.12000000000000002) is invalid scheme since at least one side is empty
2021-09-14 16:15:19,279 - INFO - ========================================, (0.6000000000000001, 0.24000000000000005) complete computation
2021-09-14 16:15:19,279 - INFO - max_history_budget=0, max_history_result=None
2021-09-14 16:15:19,279 - INFO - ========================================, (0.6000000000000001, 0.3600000000000001) complete computation
2021-09-14 16:15:19,280 - INFO - max_history_budget=0, max_history_result=None
2021-09-14 16:15:19,280 - INFO - ========================================, (0.6000000000000001, 0.4800000000000001) complete computation
2021-09-14 16:15:19,280 - INFO - max_history_budget=0, max_history_result=None
2021-09-14 16:15:19,280 - INFO - ========================================, (0.6000000000000001, 0.6000000000000001) complete computation
2021-09-14 16:15:19,280 - INFO - max_history_budget=3, max_history_result=({49, 169, 31}, 42)
2021-09-14 16:15:19,280 - INFO - ========================================, (0.7000000000000001, 0.0) is invalid scheme since at least one side is empty
2021-09-14 16:15:19,280 - INFO - ========================================, (0.7000000000000001, 0.14) is invalid scheme since at least one side is empty
2021-09-14 16:15:19,280 - INFO - ========================================, (0.7000000000000001, 0.28) complete computation
2021-09-14 16:15:19,280 - INFO - max_history_budget=0, max_history_result=None
2021-09-14 16:15:19,280 - INFO - ========================================, (0.7000000000000001, 0.4200000000000001) complete computation
2021-09-14 16:15:19,280 - INFO - max_history_budget=0, max_history_result=None
2021-09-14 16:15:19,280 - INFO - ========================================, (0.7000000000000001, 0.56) complete computation
2021-09-14 16:15:19,280 - INFO - max_history_budget=0, max_history_result=None
2021-09-14 16:15:19,281 - INFO - ========================================, (0.7000000000000001, 0.7000000000000001) complete computation
2021-09-14 16:15:19,281 - INFO - max_history_budget=0, max_history_result=None
2021-09-14 16:15:19,281 - INFO - ========================================, (0.8, 0.0) is invalid scheme since at least one side is empty
2021-09-14 16:15:19,281 - INFO - ========================================, (0.8, 0.16000000000000003) is invalid scheme since at least one side is empty
2021-09-14 16:15:19,281 - INFO - ========================================, (0.8, 0.32000000000000006) is invalid scheme since at least one side is empty
2021-09-14 16:15:19,281 - INFO - ========================================, (0.8, 0.4800000000000001) is invalid scheme since at least one side is empty
2021-09-14 16:15:19,281 - INFO - ========================================, (0.8, 0.6400000000000001) is invalid scheme since at least one side is empty
2021-09-14 16:15:19,281 - INFO - ========================================, (0.8, 0.8) is invalid scheme since at least one side is empty
2021-09-14 16:15:19,281 - INFO - ========================================, (0.9, 0.0) is invalid scheme since at least one side is empty
2021-09-14 16:15:19,281 - INFO - ========================================, (0.9, 0.18000000000000002) is invalid scheme since at least one side is empty
2021-09-14 16:15:19,281 - INFO - ========================================, (0.9, 0.36000000000000004) is invalid scheme since at least one side is empty
2021-09-14 16:15:19,281 - INFO - ========================================, (0.9, 0.5400000000000001) is invalid scheme since at least one side is empty
2021-09-14 16:15:19,281 - INFO - ========================================, (0.9, 0.7200000000000001) is invalid scheme since at least one side is empty
2021-09-14 16:15:19,281 - INFO - ========================================, (0.9, 0.9) is invalid scheme since at least one side is empty
2021-09-14 16:15:19,281 - INFO - ========================================, (1.0, 0.0) is invalid scheme since at least one side is empty
2021-09-14 16:15:19,281 - INFO - ========================================, (1.0, 0.2) is invalid scheme since at least one side is empty
2021-09-14 16:15:19,282 - INFO - ========================================, (1.0, 0.4) is invalid scheme since at least one side is empty
2021-09-14 16:15:19,282 - INFO - ========================================, (1.0, 0.6000000000000001) is invalid scheme since at least one side is empty
2021-09-14 16:15:19,282 - INFO - ========================================, (1.0, 0.8) is invalid scheme since at least one side is empty
2021-09-14 16:15:19,282 - INFO - ========================================, (1.0, 1.0) is invalid scheme since at least one side is empty
2021-09-14 16:15:19,282 - INFO - cnt_invalid=50, cnt_valid=0
