2021-09-18 01:41:29,382 - INFO - Namespace(a='2', beta_paras='3,6,6,3', budget_list='2', did='d1', grain_alpha='5', grain_p='5', method='greedy', percent_R='0.25', percent_S='0.25', seed='32', version='v09180141')
2021-09-18 01:41:29,398 - INFO - Finish random requester set R and supplier set S 
                             percent_R=0.25, num_R=55, len_R=55 
                             percent_S=0.25, num_S=55, len_S=54
2021-09-18 01:41:30,001 - INFO - Finish generate valuations and costs using using a=2
2021-09-18 01:41:30,485 - INFO - ********** (0.0, 0.0, 0.0)
2021-09-18 01:41:30,485 - INFO - max_history_budget=2, max_history_result=(set(), 0, 0.0)
2021-09-18 01:41:30,485 - INFO - load: budget=1; scheme=(0.0,0.0); tilderR=(55) tilderS=(0); result=(set(), 0); rev=0.0
2021-09-18 01:41:30,486 - INFO - ********** (0.0, 0.2, 0.0)
2021-09-18 01:41:30,486 - INFO - max_history_budget=2, max_history_result=(set(), 0, 0.0)
2021-09-18 01:41:30,486 - INFO - load: budget=1; scheme=(0.0,0.0); tilderR=(55) tilderS=(0); result=(set(), 0); rev=0.0
2021-09-18 01:41:30,486 - INFO - ********** (0.0, 0.4, 0.0)
2021-09-18 01:41:30,486 - INFO - max_history_budget=2, max_history_result=(set(), 0, 0.0)
2021-09-18 01:41:30,486 - INFO - load: budget=1; scheme=(0.0,0.0); tilderR=(55) tilderS=(0); result=(set(), 0); rev=0.0
2021-09-18 01:41:30,486 - INFO - ********** (0.0, 0.6000000000000001, 0.0)
2021-09-18 01:41:30,486 - INFO - max_history_budget=2, max_history_result=(set(), 0, 0.0)
2021-09-18 01:41:30,486 - INFO - load: budget=1; scheme=(0.0,0.0); tilderR=(55) tilderS=(0); result=(set(), 0); rev=0.0
2021-09-18 01:41:30,486 - INFO - ********** (0.0, 0.8, 0.0)
2021-09-18 01:41:30,487 - INFO - max_history_budget=2, max_history_result=(set(), 0, 0.0)
2021-09-18 01:41:30,487 - INFO - load: budget=1; scheme=(0.0,0.0); tilderR=(55) tilderS=(0); result=(set(), 0); rev=0.0
2021-09-18 01:41:30,487 - INFO - ********** (0.0, 1.0, 0.0)
2021-09-18 01:41:30,487 - INFO - max_history_budget=2, max_history_result=(set(), 0, 0.0)
2021-09-18 01:41:30,487 - INFO - load: budget=1; scheme=(0.0,0.0); tilderR=(55) tilderS=(0); result=(set(), 0); rev=0.0
2021-09-18 01:41:30,487 - INFO - ********** (0.2, 0.0, 0.0)
2021-09-18 01:41:30,487 - INFO - max_history_budget=2, max_history_result=(set(), 0, 0.0)
2021-09-18 01:41:30,488 - INFO - load: budget=1; scheme=(0.2,0.0); tilderR=(55) tilderS=(0); result=(set(), 0); rev=0.0
2021-09-18 01:41:30,488 - INFO - ********** (0.2, 0.2, 0.04000000000000001)
2021-09-18 01:41:30,488 - INFO - max_history_budget=2, max_history_result=(set(), 0, 0.0)
2021-09-18 01:41:30,488 - INFO - load: budget=1; scheme=(0.2,0.04000000000000001); tilderR=(55) tilderS=(0); result=(set(), 0); rev=0.0
2021-09-18 01:41:30,488 - INFO - ********** (0.2, 0.4, 0.08000000000000002)
2021-09-18 01:41:30,488 - INFO - max_history_budget=2, max_history_result=(set(), 0, 0.0)
2021-09-18 01:41:30,488 - INFO - load: budget=1; scheme=(0.2,0.08000000000000002); tilderR=(55) tilderS=(0); result=(set(), 0); rev=0.0
2021-09-18 01:41:30,488 - INFO - ********** (0.2, 0.6000000000000001, 0.12000000000000002)
2021-09-18 01:41:30,488 - INFO - max_history_budget=2, max_history_result=({168}, 631, 50.47999999999999)
2021-09-18 01:41:30,489 - INFO - load: budget=1; scheme=(0.2,0.12000000000000002); tilderR=(55) tilderS=(1); result=({168}, 631); rev=50.47999999999999
2021-09-18 01:41:30,489 - INFO - ********** (0.2, 0.8, 0.16000000000000003)
2021-09-18 01:41:30,489 - INFO - max_history_budget=2, max_history_result=({168, 125}, 1093, 43.71999999999998)
2021-09-18 01:41:30,489 - INFO - load: budget=1; scheme=(0.2,0.16000000000000003); tilderR=(55) tilderS=(2); result=({125}, 671); rev=26.839999999999986
2021-09-18 01:41:30,489 - INFO - ********** (0.2, 1.0, 0.2)
2021-09-18 01:41:30,489 - INFO - max_history_budget=2, max_history_result=({125, 46}, 1375, 0.0)
2021-09-18 01:41:30,490 - INFO - load: budget=1; scheme=(0.2,0.2); tilderR=(55) tilderS=(3); result=({46}, 787); rev=0.0
2021-09-18 01:41:30,490 - INFO - ********** (0.4, 0.0, 0.0)
2021-09-18 01:41:30,490 - INFO - max_history_budget=2, max_history_result=(set(), 0, 0.0)
2021-09-18 01:41:30,490 - INFO - load: budget=1; scheme=(0.4,0.0); tilderR=(49) tilderS=(0); result=(set(), 0); rev=0.0
2021-09-18 01:41:30,490 - INFO - ********** (0.4, 0.2, 0.08000000000000002)
2021-09-18 01:41:30,490 - INFO - max_history_budget=2, max_history_result=(set(), 0, 0.0)
2021-09-18 01:41:30,491 - INFO - load: budget=1; scheme=(0.4,0.08000000000000002); tilderR=(49) tilderS=(0); result=(set(), 0); rev=0.0
2021-09-18 01:41:30,491 - INFO - ********** (0.4, 0.4, 0.16000000000000003)
2021-09-18 01:41:30,491 - INFO - max_history_budget=2, max_history_result=({168, 125}, 898, 215.51999999999998)
2021-09-18 01:41:30,491 - INFO - load: budget=1; scheme=(0.4,0.16000000000000003); tilderR=(49) tilderS=(2); result=({125}, 560); rev=134.4
2021-09-18 01:41:30,491 - INFO - ********** (0.4, 0.6000000000000001, 0.24000000000000005)
2021-09-18 01:41:30,492 - INFO - max_history_budget=2, max_history_result=({125, 46}, 1147, 183.51999999999998)
2021-09-18 01:41:30,492 - INFO - load: budget=1; scheme=(0.4,0.24000000000000005); tilderR=(49) tilderS=(5); result=({46}, 656); rev=104.95999999999998
2021-09-18 01:41:30,492 - INFO - ********** (0.4, 0.8, 0.32000000000000006)
2021-09-18 01:41:30,492 - INFO - max_history_budget=2, max_history_result=({49, 46}, 1202, 96.15999999999995)
2021-09-18 01:41:30,493 - INFO - load: budget=1; scheme=(0.4,0.32000000000000006); tilderR=(49) tilderS=(10); result=({46}, 656); rev=52.479999999999976
2021-09-18 01:41:30,493 - INFO - ********** (0.4, 1.0, 0.4)
2021-09-18 01:41:30,493 - INFO - max_history_budget=2, max_history_result=({150, 46}, 1333, 0.0)
2021-09-18 01:41:30,494 - INFO - load: budget=1; scheme=(0.4,0.4); tilderR=(49) tilderS=(19); result=({150}, 787); rev=0.0
2021-09-18 01:41:30,494 - INFO - ********** (0.6000000000000001, 0.0, 0.0)
2021-09-18 01:41:30,494 - INFO - max_history_budget=2, max_history_result=(set(), 0, 0.0)
2021-09-18 01:41:30,494 - INFO - load: budget=1; scheme=(0.6000000000000001,0.0); tilderR=(21) tilderS=(0); result=(set(), 0); rev=0.0
2021-09-18 01:41:30,494 - INFO - ********** (0.6000000000000001, 0.2, 0.12000000000000002)
2021-09-18 01:41:30,495 - INFO - max_history_budget=2, max_history_result=({168}, 101, 48.48000000000001)
2021-09-18 01:41:30,495 - INFO - load: budget=1; scheme=(0.6000000000000001,0.12000000000000002); tilderR=(21) tilderS=(1); result=({168}, 101); rev=48.48000000000001
2021-09-18 01:41:30,495 - INFO - ********** (0.6000000000000001, 0.4, 0.24000000000000005)
2021-09-18 01:41:30,496 - INFO - max_history_budget=2, max_history_result=({125, 46}, 322, 115.92000000000002)
2021-09-18 01:41:30,496 - INFO - load: budget=1; scheme=(0.6000000000000001,0.24000000000000005); tilderR=(21) tilderS=(5); result=({46}, 189); rev=68.04
2021-09-18 01:41:30,496 - INFO - ********** (0.6000000000000001, 0.6000000000000001, 0.3600000000000001)
2021-09-18 01:41:30,497 - INFO - max_history_budget=2, max_history_result=({1, 49}, 384, 92.16)
2021-09-18 01:41:30,497 - INFO - load: budget=1; scheme=(0.6000000000000001,0.3600000000000001); tilderR=(21) tilderS=(14); result=({1}, 227); rev=54.48
2021-09-18 01:41:30,497 - INFO - ********** (0.6000000000000001, 0.8, 0.4800000000000001)
2021-09-18 01:41:30,498 - INFO - max_history_budget=2, max_history_result=({1, 150}, 498, 59.76)
2021-09-18 01:41:30,499 - INFO - load: budget=1; scheme=(0.6000000000000001,0.4800000000000001); tilderR=(21) tilderS=(32); result=({150}, 271); rev=32.519999999999996
2021-09-18 01:41:30,499 - INFO - ********** (0.6000000000000001, 1.0, 0.6000000000000001)
2021-09-18 01:41:30,499 - INFO - max_history_budget=2, max_history_result=({1, 150}, 498, 0.0)
2021-09-18 01:41:30,500 - INFO - load: budget=1; scheme=(0.6000000000000001,0.6000000000000001); tilderR=(21) tilderS=(46); result=({150}, 271); rev=0.0
2021-09-18 01:41:30,500 - INFO - ********** (0.8, 0.0, 0.0)
2021-09-18 01:41:30,500 - INFO - max_history_budget=2, max_history_result=(set(), 0, 0.0)
2021-09-18 01:41:30,501 - INFO - load: budget=1; scheme=(0.8,0.0); tilderR=(3) tilderS=(0); result=(set(), 0); rev=0.0
2021-09-18 01:41:30,501 - INFO - ********** (0.8, 0.2, 0.16000000000000003)
2021-09-18 01:41:30,502 - INFO - max_history_budget=2, max_history_result=({168, 125}, 12, 7.68)
2021-09-18 01:41:30,502 - INFO - load: budget=1; scheme=(0.8,0.16000000000000003); tilderR=(3) tilderS=(2); result=({125}, 10); rev=6.4
2021-09-18 01:41:30,502 - INFO - ********** (0.8, 0.4, 0.32000000000000006)
2021-09-18 01:41:30,503 - INFO - max_history_budget=2, max_history_result=({46, 47}, 31, 14.879999999999999)
2021-09-18 01:41:30,504 - INFO - load: budget=1; scheme=(0.8,0.32000000000000006); tilderR=(3) tilderS=(10); result=({47}, 18); rev=8.64
2021-09-18 01:41:30,504 - INFO - ********** (0.8, 0.6000000000000001, 0.4800000000000001)
2021-09-18 01:41:30,504 - INFO - max_history_budget=2, max_history_result=({173, 150}, 35, 11.199999999999998)
2021-09-18 01:41:30,505 - INFO - load: budget=1; scheme=(0.8,0.4800000000000001); tilderR=(3) tilderS=(32); result=({150}, 31); rev=9.919999999999998
2021-09-18 01:41:30,505 - INFO - ********** (0.8, 0.8, 0.6400000000000001)
2021-09-18 01:41:30,505 - INFO - max_history_budget=2, max_history_result=({109, 150}, 55, 8.799999999999995)
2021-09-18 01:41:30,506 - INFO - load: budget=1; scheme=(0.8,0.6400000000000001); tilderR=(3) tilderS=(48); result=({150}, 31); rev=4.959999999999997
2021-09-18 01:41:30,506 - INFO - ********** (0.8, 1.0, 0.8)
2021-09-18 01:41:30,507 - INFO - max_history_budget=2, max_history_result=({109, 150}, 55, 0.0)
2021-09-18 01:41:30,507 - INFO - load: budget=1; scheme=(0.8,0.8); tilderR=(3) tilderS=(54); result=({150}, 31); rev=0.0
2021-09-18 01:41:30,508 - INFO - ********** (1.0, 0.0, 0.0)
2021-09-18 01:41:30,508 - INFO - max_history_budget=2, max_history_result=(set(), 0, 0.0)
2021-09-18 01:41:30,509 - INFO - load: budget=1; scheme=(1.0,0.0); tilderR=(0) tilderS=(0); result=(set(), 0); rev=0.0
2021-09-18 01:41:30,509 - INFO - ********** (1.0, 0.2, 0.2)
2021-09-18 01:41:30,509 - INFO - max_history_budget=2, max_history_result=({125, 46}, 0, 0.0)
2021-09-18 01:41:30,510 - INFO - load: budget=1; scheme=(1.0,0.2); tilderR=(0) tilderS=(3); result=({46}, 0); rev=0.0
2021-09-18 01:41:30,510 - INFO - ********** (1.0, 0.4, 0.4)
2021-09-18 01:41:30,511 - INFO - max_history_budget=2, max_history_result=({61, 62}, 0, 0.0)
2021-09-18 01:41:30,512 - INFO - load: budget=1; scheme=(1.0,0.4); tilderR=(0) tilderS=(19); result=({62}, 0); rev=0.0
2021-09-18 01:41:30,512 - INFO - ********** (1.0, 0.6000000000000001, 0.6000000000000001)
2021-09-18 01:41:30,512 - INFO - max_history_budget=2, max_history_result=({122, 125}, 0, 0.0)
2021-09-18 01:41:30,513 - INFO - load: budget=1; scheme=(1.0,0.6000000000000001); tilderR=(0) tilderS=(46); result=({125}, 0); rev=0.0
2021-09-18 01:41:30,513 - INFO - ********** (1.0, 0.8, 0.8)
2021-09-18 01:41:30,514 - INFO - max_history_budget=2, max_history_result=({122, 125}, 0, 0.0)
2021-09-18 01:41:30,515 - INFO - load: budget=1; scheme=(1.0,0.8); tilderR=(0) tilderS=(54); result=({125}, 0); rev=0.0
2021-09-18 01:41:30,515 - INFO - ********** (1.0, 1.0, 1.0)
2021-09-18 01:41:30,516 - INFO - max_history_budget=2, max_history_result=({122, 125}, 0, 0.0)
2021-09-18 01:41:30,516 - INFO - load: budget=1; scheme=(1.0,1.0); tilderR=(0) tilderS=(54); result=({125}, 0); rev=0.0
