2021-09-18 01:12:00,539 - INFO - Namespace(a='2', beta_paras='3,6,6,3', budget_list='2', did='d1', grain_alpha='5', grain_p='5', method='greedy', percent_R='0.25', percent_S='0.25', seed='32', version='v09180112')
2021-09-18 01:12:00,554 - INFO - Finish random requester set R and supplier set S 
                             percent_R=0.25, num_R=55, len_R=55 
                             percent_S=0.25, num_S=55, len_S=54
2021-09-18 01:12:01,143 - INFO - Finish generate valuations and costs using using a=2
2021-09-18 01:12:01,632 - INFO - max_history_budget=0, max_history_result=None
2021-09-18 01:12:01,636 - INFO - when budget_last = 0, M = set(), M_last = set()
2021-09-18 01:12:01,636 - INFO - compute: budget=1; scheme=(0.0,0.0); tilderR=(55) tilderS=(0); result=(set(), 0); rev=0.0
2021-09-18 01:12:01,636 - INFO - when budget_last = 1, M = set(), M_last = set()
2021-09-18 01:12:01,636 - INFO - compute: budget=2; scheme=(0.0,0.0); tilderR=(55) tilderS=(0); result=(set(), 0); rev=0.0
2021-09-18 01:12:01,636 - INFO - max_history_budget=2, max_history_result=(set(), 0, 0.0)
2021-09-18 01:12:01,637 - INFO - load: budget=1; scheme=(0.0,0.0); tilderR=(55) tilderS=(0); result=(set(), 0); rev=0.0
2021-09-18 01:12:01,638 - INFO - max_history_budget=2, max_history_result=(set(), 0, 0.0)
2021-09-18 01:12:01,639 - INFO - load: budget=1; scheme=(0.0,0.0); tilderR=(55) tilderS=(0); result=(set(), 0); rev=0.0
2021-09-18 01:12:01,639 - INFO - max_history_budget=2, max_history_result=(set(), 0, 0.0)
2021-09-18 01:12:01,640 - INFO - load: budget=1; scheme=(0.0,0.0); tilderR=(55) tilderS=(0); result=(set(), 0); rev=0.0
2021-09-18 01:12:01,640 - INFO - max_history_budget=2, max_history_result=(set(), 0, 0.0)
2021-09-18 01:12:01,641 - INFO - load: budget=1; scheme=(0.0,0.0); tilderR=(55) tilderS=(0); result=(set(), 0); rev=0.0
2021-09-18 01:12:01,641 - INFO - max_history_budget=2, max_history_result=(set(), 0, 0.0)
2021-09-18 01:12:01,642 - INFO - load: budget=1; scheme=(0.0,0.0); tilderR=(55) tilderS=(0); result=(set(), 0); rev=0.0
2021-09-18 01:12:01,642 - INFO - max_history_budget=2, max_history_result=(set(), 0, 0.0)
2021-09-18 01:12:01,643 - INFO - load: budget=1; scheme=(0.2,0.0); tilderR=(55) tilderS=(0); result=(set(), 0); rev=0.0
2021-09-18 01:12:01,643 - INFO - max_history_budget=2, max_history_result=(set(), 0, 0.0)
2021-09-18 01:12:01,644 - INFO - load: budget=1; scheme=(0.2,0.04000000000000001); tilderR=(55) tilderS=(0); result=(set(), 0); rev=0.0
2021-09-18 01:12:01,644 - INFO - max_history_budget=2, max_history_result=(set(), 0, 0.0)
2021-09-18 01:12:01,645 - INFO - load: budget=1; scheme=(0.2,0.08000000000000002); tilderR=(55) tilderS=(0); result=(set(), 0); rev=0.0
2021-09-18 01:12:01,645 - INFO - max_history_budget=2, max_history_result=({168}, 631, set())
