2021-09-18 01:45:29,486 - INFO - Namespace(a='2', beta_paras='3,6,6,3', budget_list='2', did='d1', grain_alpha='5', grain_p='5', method='greedy', percent_R='0.25', percent_S='0.25', seed='32', version='v09180145')
2021-09-18 01:45:29,502 - INFO - Finish random requester set R and supplier set S 
                             percent_R=0.25, num_R=55, len_R=55 
                             percent_S=0.25, num_S=55, len_S=54
2021-09-18 01:45:30,098 - INFO - Finish generate valuations and costs using using a=2
2021-09-18 01:45:30,581 - INFO - ********** (0.0, 0.0, 0.0)
2021-09-18 01:45:30,581 - INFO - max_history_budget=2, max_history_result=(set(), 0, 0.0)
2021-09-18 01:45:30,581 - INFO - load: budget=1; scheme=(0.0,0.0); tilderR=(55) tilderS=(0); result=(set(), 0); rev=0.0
2021-09-18 01:45:30,581 - INFO - ********** (0.0, 0.2, 0.0)
2021-09-18 01:45:30,582 - INFO - max_history_budget=2, max_history_result=(set(), 0, 0.0)
2021-09-18 01:45:30,582 - INFO - load: budget=1; scheme=(0.0,0.0); tilderR=(55) tilderS=(0); result=(set(), 0); rev=0.0
2021-09-18 01:45:30,582 - INFO - ********** (0.0, 0.4, 0.0)
2021-09-18 01:45:30,582 - INFO - max_history_budget=2, max_history_result=(set(), 0, 0.0)
2021-09-18 01:45:30,582 - INFO - load: budget=1; scheme=(0.0,0.0); tilderR=(55) tilderS=(0); result=(set(), 0); rev=0.0
2021-09-18 01:45:30,582 - INFO - ********** (0.0, 0.6000000000000001, 0.0)
2021-09-18 01:45:30,582 - INFO - max_history_budget=2, max_history_result=(set(), 0, 0.0)
2021-09-18 01:45:30,582 - INFO - load: budget=1; scheme=(0.0,0.0); tilderR=(55) tilderS=(0); result=(set(), 0); rev=0.0
2021-09-18 01:45:30,582 - INFO - ********** (0.0, 0.8, 0.0)
2021-09-18 01:45:30,583 - INFO - max_history_budget=2, max_history_result=(set(), 0, 0.0)
2021-09-18 01:45:30,583 - INFO - load: budget=1; scheme=(0.0,0.0); tilderR=(55) tilderS=(0); result=(set(), 0); rev=0.0
2021-09-18 01:45:30,583 - INFO - ********** (0.0, 1.0, 0.0)
2021-09-18 01:45:30,583 - INFO - max_history_budget=2, max_history_result=(set(), 0, 0.0)
2021-09-18 01:45:30,583 - INFO - load: budget=1; scheme=(0.0,0.0); tilderR=(55) tilderS=(0); result=(set(), 0); rev=0.0
2021-09-18 01:45:30,583 - INFO - ********** (0.2, 0.0, 0.0)
2021-09-18 01:45:30,583 - INFO - max_history_budget=2, max_history_result=(set(), 0, 0.0)
2021-09-18 01:45:30,583 - INFO - load: budget=1; scheme=(0.2,0.0); tilderR=(55) tilderS=(0); result=(set(), 0); rev=0.0
2021-09-18 01:45:30,583 - INFO - ********** (0.2, 0.2, 0.04000000000000001)
2021-09-18 01:45:30,583 - INFO - max_history_budget=2, max_history_result=(set(), 0, 0.0)
2021-09-18 01:45:30,584 - INFO - load: budget=1; scheme=(0.2,0.04000000000000001); tilderR=(55) tilderS=(0); result=(set(), 0); rev=0.0
2021-09-18 01:45:30,584 - INFO - ********** (0.2, 0.4, 0.08000000000000002)
2021-09-18 01:45:30,584 - INFO - max_history_budget=2, max_history_result=(set(), 0, 0.0)
2021-09-18 01:45:30,584 - INFO - load: budget=1; scheme=(0.2,0.08000000000000002); tilderR=(55) tilderS=(0); result=(set(), 0); rev=0.0
2021-09-18 01:45:30,584 - INFO - ********** (0.2, 0.6000000000000001, 0.12000000000000002)
2021-09-18 01:45:30,584 - INFO - max_history_budget=2, max_history_result=({168}, 631, 50.47999999999999)
2021-09-18 01:45:30,584 - INFO - load: budget=1; scheme=(0.2,0.12000000000000002); tilderR=(55) tilderS=(1); result=({168}, 631); rev=50.47999999999999
2021-09-18 01:45:30,584 - INFO - ********** (0.2, 0.8, 0.16000000000000003)
2021-09-18 01:45:30,584 - INFO - max_history_budget=2, max_history_result=({168, 125}, 1093, 43.71999999999998)
2021-09-18 01:45:30,585 - INFO - load: budget=1; scheme=(0.2,0.16000000000000003); tilderR=(55) tilderS=(2); result=({125}, 671); rev=26.839999999999986
2021-09-18 01:45:30,585 - INFO - ********** (0.2, 1.0, 0.2)
2021-09-18 01:45:30,585 - INFO - max_history_budget=2, max_history_result=({125, 46}, 1375, 0.0)
2021-09-18 01:45:30,585 - INFO - load: budget=1; scheme=(0.2,0.2); tilderR=(55) tilderS=(3); result=({46}, 787); rev=0.0
2021-09-18 01:45:30,585 - INFO - ********** (0.4, 0.0, 0.0)
2021-09-18 01:45:30,586 - INFO - max_history_budget=2, max_history_result=(set(), 0, 0.0)
2021-09-18 01:45:30,586 - INFO - load: budget=1; scheme=(0.4,0.0); tilderR=(49) tilderS=(0); result=(set(), 0); rev=0.0
2021-09-18 01:45:30,586 - INFO - ********** (0.4, 0.2, 0.08000000000000002)
2021-09-18 01:45:30,586 - INFO - max_history_budget=2, max_history_result=(set(), 0, 0.0)
2021-09-18 01:45:30,586 - INFO - load: budget=1; scheme=(0.4,0.08000000000000002); tilderR=(49) tilderS=(0); result=(set(), 0); rev=0.0
2021-09-18 01:45:30,586 - INFO - ********** (0.4, 0.4, 0.16000000000000003)
2021-09-18 01:45:30,587 - INFO - max_history_budget=2, max_history_result=({168, 125}, 898, 215.51999999999998)
2021-09-18 01:45:30,587 - INFO - load: budget=1; scheme=(0.4,0.16000000000000003); tilderR=(49) tilderS=(2); result=({125}, 560); rev=134.4
2021-09-18 01:45:30,587 - INFO - ********** (0.4, 0.6000000000000001, 0.24000000000000005)
2021-09-18 01:45:30,587 - INFO - max_history_budget=2, max_history_result=({125, 46}, 1147, 183.51999999999998)
2021-09-18 01:45:30,588 - INFO - load: budget=1; scheme=(0.4,0.24000000000000005); tilderR=(49) tilderS=(5); result=({46}, 656); rev=104.95999999999998
2021-09-18 01:45:30,588 - INFO - ********** (0.4, 0.8, 0.32000000000000006)
2021-09-18 01:45:30,588 - INFO - max_history_budget=2, max_history_result=({49, 46}, 1202, 96.15999999999995)
2021-09-18 01:45:30,588 - INFO - load: budget=1; scheme=(0.4,0.32000000000000006); tilderR=(49) tilderS=(10); result=({46}, 656); rev=52.479999999999976
2021-09-18 01:45:30,588 - INFO - ********** (0.4, 1.0, 0.4)
2021-09-18 01:45:30,589 - INFO - max_history_budget=2, max_history_result=({150, 46}, 1333, 0.0)
2021-09-18 01:45:30,589 - INFO - load: budget=1; scheme=(0.4,0.4); tilderR=(49) tilderS=(19); result=({150}, 787); rev=0.0
2021-09-18 01:45:30,589 - INFO - ********** (0.6000000000000001, 0.0, 0.0)
2021-09-18 01:45:30,590 - INFO - max_history_budget=2, max_history_result=(set(), 0, 0.0)
2021-09-18 01:45:30,590 - INFO - load: budget=1; scheme=(0.6000000000000001,0.0); tilderR=(21) tilderS=(0); result=(set(), 0); rev=0.0
2021-09-18 01:45:30,590 - INFO - ********** (0.6000000000000001, 0.2, 0.12000000000000002)
2021-09-18 01:45:30,590 - INFO - max_history_budget=2, max_history_result=({168}, 101, 48.48000000000001)
2021-09-18 01:45:30,591 - INFO - load: budget=1; scheme=(0.6000000000000001,0.12000000000000002); tilderR=(21) tilderS=(1); result=({168}, 101); rev=48.48000000000001
2021-09-18 01:45:30,591 - INFO - ********** (0.6000000000000001, 0.4, 0.24000000000000005)
2021-09-18 01:45:30,591 - INFO - max_history_budget=2, max_history_result=({125, 46}, 322, 115.92000000000002)
2021-09-18 01:45:30,592 - INFO - load: budget=1; scheme=(0.6000000000000001,0.24000000000000005); tilderR=(21) tilderS=(5); result=({46}, 189); rev=68.04
2021-09-18 01:45:30,592 - INFO - ********** (0.6000000000000001, 0.6000000000000001, 0.3600000000000001)
2021-09-18 01:45:30,592 - INFO - max_history_budget=2, max_history_result=({1, 49}, 384, 92.16)
2021-09-18 01:45:30,593 - INFO - load: budget=1; scheme=(0.6000000000000001,0.3600000000000001); tilderR=(21) tilderS=(14); result=({1}, 227); rev=54.48
2021-09-18 01:45:30,593 - INFO - ********** (0.6000000000000001, 0.8, 0.4800000000000001)
2021-09-18 01:45:30,593 - INFO - max_history_budget=2, max_history_result=({1, 150}, 498, 59.76)
2021-09-18 01:45:30,594 - INFO - load: budget=1; scheme=(0.6000000000000001,0.4800000000000001); tilderR=(21) tilderS=(32); result=({150}, 271); rev=32.519999999999996
2021-09-18 01:45:30,594 - INFO - ********** (0.6000000000000001, 1.0, 0.6000000000000001)
2021-09-18 01:45:30,594 - INFO - max_history_budget=2, max_history_result=({1, 150}, 498, 0.0)
2021-09-18 01:45:30,595 - INFO - load: budget=1; scheme=(0.6000000000000001,0.6000000000000001); tilderR=(21) tilderS=(46); result=({150}, 271); rev=0.0
2021-09-18 01:45:30,595 - INFO - ********** (0.8, 0.0, 0.0)
2021-09-18 01:45:30,595 - INFO - max_history_budget=2, max_history_result=(set(), 0, 0.0)
2021-09-18 01:45:30,596 - INFO - load: budget=1; scheme=(0.8,0.0); tilderR=(3) tilderS=(0); result=(set(), 0); rev=0.0
2021-09-18 01:45:30,596 - INFO - ********** (0.8, 0.2, 0.16000000000000003)
2021-09-18 01:45:30,596 - INFO - max_history_budget=2, max_history_result=({168, 125}, 12, 7.68)
2021-09-18 01:45:30,597 - INFO - load: budget=1; scheme=(0.8,0.16000000000000003); tilderR=(3) tilderS=(2); result=({125}, 10); rev=6.4
2021-09-18 01:45:30,597 - INFO - ********** (0.8, 0.4, 0.32000000000000006)
2021-09-18 01:45:30,598 - INFO - max_history_budget=2, max_history_result=({46, 47}, 31, 14.879999999999999)
2021-09-18 01:45:30,598 - INFO - load: budget=1; scheme=(0.8,0.32000000000000006); tilderR=(3) tilderS=(10); result=({47}, 18); rev=8.64
2021-09-18 01:45:30,598 - INFO - ********** (0.8, 0.6000000000000001, 0.4800000000000001)
2021-09-18 01:45:30,599 - INFO - max_history_budget=2, max_history_result=({173, 150}, 35, 11.199999999999998)
2021-09-18 01:45:30,599 - INFO - load: budget=1; scheme=(0.8,0.4800000000000001); tilderR=(3) tilderS=(32); result=({150}, 31); rev=9.919999999999998
2021-09-18 01:45:30,599 - INFO - ********** (0.8, 0.8, 0.6400000000000001)
2021-09-18 01:45:30,600 - INFO - max_history_budget=2, max_history_result=({109, 150}, 55, 8.799999999999995)
2021-09-18 01:45:30,601 - INFO - load: budget=1; scheme=(0.8,0.6400000000000001); tilderR=(3) tilderS=(48); result=({150}, 31); rev=4.959999999999997
2021-09-18 01:45:30,601 - INFO - ********** (0.8, 1.0, 0.8)
2021-09-18 01:45:30,601 - INFO - max_history_budget=2, max_history_result=({109, 150}, 55, 0.0)
2021-09-18 01:45:30,602 - INFO - load: budget=1; scheme=(0.8,0.8); tilderR=(3) tilderS=(54); result=({150}, 31); rev=0.0
2021-09-18 01:45:30,602 - INFO - ********** (1.0, 0.0, 0.0)
2021-09-18 01:45:30,603 - INFO - max_history_budget=2, max_history_result=(set(), 0, 0.0)
2021-09-18 01:45:30,604 - INFO - load: budget=1; scheme=(1.0,0.0); tilderR=(0) tilderS=(0); result=(set(), 0); rev=0.0
2021-09-18 01:45:30,604 - INFO - ********** (1.0, 0.2, 0.2)
2021-09-18 01:45:30,604 - INFO - max_history_budget=2, max_history_result=({125, 46}, 0, 0.0)
2021-09-18 01:45:30,605 - INFO - load: budget=1; scheme=(1.0,0.2); tilderR=(0) tilderS=(3); result=({46}, 0); rev=0.0
2021-09-18 01:45:30,605 - INFO - ********** (1.0, 0.4, 0.4)
2021-09-18 01:45:30,606 - INFO - max_history_budget=2, max_history_result=({61, 62}, 0, 0.0)
2021-09-18 01:45:30,607 - INFO - load: budget=1; scheme=(1.0,0.4); tilderR=(0) tilderS=(19); result=({62}, 0); rev=0.0
2021-09-18 01:45:30,607 - INFO - ********** (1.0, 0.6000000000000001, 0.6000000000000001)
2021-09-18 01:45:30,607 - INFO - max_history_budget=2, max_history_result=({122, 125}, 0, 0.0)
2021-09-18 01:45:30,608 - INFO - load: budget=1; scheme=(1.0,0.6000000000000001); tilderR=(0) tilderS=(46); result=({125}, 0); rev=0.0
2021-09-18 01:45:30,608 - INFO - ********** (1.0, 0.8, 0.8)
2021-09-18 01:45:30,609 - INFO - max_history_budget=2, max_history_result=({122, 125}, 0, 0.0)
2021-09-18 01:45:30,610 - INFO - load: budget=1; scheme=(1.0,0.8); tilderR=(0) tilderS=(54); result=({125}, 0); rev=0.0
2021-09-18 01:45:30,610 - INFO - ********** (1.0, 1.0, 1.0)
2021-09-18 01:45:30,611 - INFO - max_history_budget=2, max_history_result=({122, 125}, 0, 0.0)
2021-09-18 01:45:30,611 - INFO - load: budget=1; scheme=(1.0,1.0); tilderR=(0) tilderS=(54); result=({125}, 0); rev=0.0
