2021-09-13 04:28:09,548 - INFO - Namespace(beta_paras='3,6,6,3', budget_list='3', did='d1', grain_list_p='10', grain_list_pq='10+10', grain_list_q='10', method='greedy', percent_R='0.25', percent_S='0.25', seed='32', version='v09130428')
2021-09-13 04:28:09,563 - INFO - Finish random requester set R and supplier set S 
                             percent_R=0.25, num_R=55, len_R=55 
                             percent_S=0.25, num_S=55, len_S=54
2021-09-13 04:28:09,563 - INFO - Finish random valuations using v_beta_paras for R and costs using c_beta_paras for S
2021-09-13 04:28:10,511 - INFO - length of pq_list = 64 under grain_tuple = 10+10
2021-09-13 04:28:10,512 - INFO - budget_last = 0
2021-09-13 04:28:10,519 - INFO - compute: budget=1; scheme=(0.0,0.30000000000000004); result=({109}, 455) 
2021-09-13 04:28:10,519 - INFO - budget_last = 1
2021-09-13 04:28:10,526 - INFO - compute: budget=2; scheme=(0.0,0.30000000000000004); result=({172, 109}, 876) 
2021-09-13 04:28:10,526 - INFO - budget_last = 2
2021-09-13 04:28:10,532 - INFO - compute: budget=3; scheme=(0.0,0.30000000000000004); result=({17, 172, 109}, 1279) 
2021-09-13 04:28:10,532 - INFO -  max history budget=3
2021-09-13 04:28:10,532 - INFO - load: budget=1; scheme=(0.0,0.4); result=({17, 172, 109}, 455) 
2021-09-13 04:28:10,532 - INFO - load: budget=2; scheme=(0.0,0.4); result=({17, 172, 109}, 876) 
2021-09-13 04:28:10,532 - INFO - load: budget=3; scheme=(0.0,0.4); result=({17, 172, 109}, 1279) 
2021-09-13 04:28:10,532 - INFO - budget_last = 0
2021-09-13 04:28:10,556 - INFO - compute: budget=1; scheme=(0.0,0.5); result=({49}, 751) 
2021-09-13 04:28:10,557 - INFO - budget_last = 1
2021-09-13 04:28:10,579 - INFO - compute: budget=2; scheme=(0.0,0.5); result=({49, 205}, 1267) 
2021-09-13 04:28:10,579 - INFO - budget_last = 2
2021-09-13 04:28:10,601 - INFO - compute: budget=3; scheme=(0.0,0.5); result=({49, 109, 205}, 1352) 
2021-09-13 04:28:10,601 - INFO - budget_last = 0
2021-09-13 04:28:10,638 - INFO - compute: budget=1; scheme=(0.0,0.6000000000000001); result=({49}, 751) 
2021-09-13 04:28:10,638 - INFO - budget_last = 1
2021-09-13 04:28:10,674 - INFO - compute: budget=2; scheme=(0.0,0.6000000000000001); result=({49, 169}, 1295) 
2021-09-13 04:28:10,674 - INFO - budget_last = 2
2021-09-13 04:28:10,709 - INFO - compute: budget=3; scheme=(0.0,0.6000000000000001); result=({49, 169, 167}, 1895) 
2021-09-13 04:28:10,709 - INFO - budget_last = 0
2021-09-13 04:28:10,774 - INFO - compute: budget=1; scheme=(0.0,0.7000000000000001); result=({49}, 751) 
2021-09-13 04:28:10,774 - INFO - budget_last = 1
2021-09-13 04:28:10,838 - INFO - compute: budget=2; scheme=(0.0,0.7000000000000001); result=({49, 125}, 1398) 
2021-09-13 04:28:10,839 - INFO - budget_last = 2
2021-09-13 04:28:10,902 - INFO - compute: budget=3; scheme=(0.0,0.7000000000000001); result=({49, 169, 125}, 1942) 
2021-09-13 04:28:10,902 - INFO - budget_last = 0
2021-09-13 04:28:10,993 - INFO - compute: budget=1; scheme=(0.0,0.8); result=({150}, 914) 
2021-09-13 04:28:10,993 - INFO - budget_last = 1
2021-09-13 04:28:11,084 - INFO - compute: budget=2; scheme=(0.0,0.8); result=({1, 150}, 1668) 
2021-09-13 04:28:11,084 - INFO - budget_last = 2
2021-09-13 04:28:11,174 - INFO - compute: budget=3; scheme=(0.0,0.8); result=({1, 150, 49}, 2236) 
2021-09-13 04:28:11,174 - INFO - budget_last = 0
2021-09-13 04:28:11,277 - INFO - compute: budget=1; scheme=(0.0,0.9); result=({150}, 914) 
2021-09-13 04:28:11,277 - INFO - budget_last = 1
2021-09-13 04:28:11,379 - INFO - compute: budget=2; scheme=(0.0,0.9); result=({46, 150}, 1568) 
2021-09-13 04:28:11,379 - INFO - budget_last = 2
2021-09-13 04:28:11,479 - INFO - compute: budget=3; scheme=(0.0,0.9); result=({46, 1, 150}, 2246) 
2021-09-13 04:28:11,480 - INFO - budget_last = 0
2021-09-13 04:28:11,585 - INFO - compute: budget=1; scheme=(0.0,1.0); result=({150}, 914) 
2021-09-13 04:28:11,585 - INFO - budget_last = 1
2021-09-13 04:28:11,691 - INFO - compute: budget=2; scheme=(0.0,1.0); result=({46, 150}, 1568) 
2021-09-13 04:28:11,692 - INFO - budget_last = 2
2021-09-13 04:28:11,796 - INFO - compute: budget=3; scheme=(0.0,1.0); result=({46, 1, 150}, 2246) 
2021-09-13 04:28:11,797 - INFO - budget_last = 0
2021-09-13 04:28:11,804 - INFO - compute: budget=1; scheme=(0.1,0.30000000000000004); result=({109}, 441) 
2021-09-13 04:28:11,804 - INFO - budget_last = 1
2021-09-13 04:28:11,810 - INFO - compute: budget=2; scheme=(0.1,0.30000000000000004); result=({172, 109}, 831) 
2021-09-13 04:28:11,810 - INFO - budget_last = 2
2021-09-13 04:28:11,815 - INFO - compute: budget=3; scheme=(0.1,0.30000000000000004); result=({17, 172, 109}, 1207) 
2021-09-13 04:28:11,815 - INFO -  max history budget=3
2021-09-13 04:28:11,816 - INFO - load: budget=1; scheme=(0.1,0.4); result=({17, 172, 109}, 441) 
2021-09-13 04:28:11,816 - INFO - load: budget=2; scheme=(0.1,0.4); result=({17, 172, 109}, 831) 
2021-09-13 04:28:11,816 - INFO - load: budget=3; scheme=(0.1,0.4); result=({17, 172, 109}, 1207) 
2021-09-13 04:28:11,816 - INFO - budget_last = 0
2021-09-13 04:28:11,838 - INFO - compute: budget=1; scheme=(0.1,0.5); result=({49}, 702) 
2021-09-13 04:28:11,838 - INFO - budget_last = 1
2021-09-13 04:28:11,860 - INFO - compute: budget=2; scheme=(0.1,0.5); result=({49, 205}, 1200) 
2021-09-13 04:28:11,860 - INFO - budget_last = 2
2021-09-13 04:28:11,881 - INFO - compute: budget=3; scheme=(0.1,0.5); result=({49, 109, 205}, 1283) 
2021-09-13 04:28:11,881 - INFO - budget_last = 0
2021-09-13 04:28:11,916 - INFO - compute: budget=1; scheme=(0.1,0.6000000000000001); result=({49}, 702) 
2021-09-13 04:28:11,916 - INFO - budget_last = 1
2021-09-13 04:28:11,951 - INFO - compute: budget=2; scheme=(0.1,0.6000000000000001); result=({49, 169}, 1219) 
2021-09-13 04:28:11,952 - INFO - budget_last = 2
2021-09-13 04:28:11,985 - INFO - compute: budget=3; scheme=(0.1,0.6000000000000001); result=({49, 169, 167}, 1778) 
2021-09-13 04:28:11,985 - INFO - budget_last = 0
2021-09-13 04:28:12,047 - INFO - compute: budget=1; scheme=(0.1,0.7000000000000001); result=({49}, 702) 
2021-09-13 04:28:12,047 - INFO - budget_last = 1
2021-09-13 04:28:12,107 - INFO - compute: budget=2; scheme=(0.1,0.7000000000000001); result=({49, 125}, 1320) 
2021-09-13 04:28:12,107 - INFO - budget_last = 2
2021-09-13 04:28:12,167 - INFO - compute: budget=3; scheme=(0.1,0.7000000000000001); result=({49, 169, 125}, 1837) 
2021-09-13 04:28:12,167 - INFO - budget_last = 0
2021-09-13 04:28:12,253 - INFO - compute: budget=1; scheme=(0.1,0.8); result=({150}, 857) 
2021-09-13 04:28:12,254 - INFO - budget_last = 1
2021-09-13 04:28:12,339 - INFO - compute: budget=2; scheme=(0.1,0.8); result=({1, 150}, 1562) 
2021-09-13 04:28:12,340 - INFO - budget_last = 2
2021-09-13 04:28:12,426 - INFO - compute: budget=3; scheme=(0.1,0.8); result=({1, 150, 49}, 2094) 
2021-09-13 04:28:12,426 - INFO - budget_last = 0
2021-09-13 04:28:12,530 - INFO - compute: budget=1; scheme=(0.1,0.9); result=({150}, 857) 
2021-09-13 04:28:12,530 - INFO - budget_last = 1
2021-09-13 04:28:12,633 - INFO - compute: budget=2; scheme=(0.1,0.9); result=({46, 150}, 1476) 
2021-09-13 04:28:12,633 - INFO - budget_last = 2
2021-09-13 04:28:12,728 - INFO - compute: budget=3; scheme=(0.1,0.9); result=({46, 1, 150}, 2111) 
2021-09-13 04:28:12,729 - INFO - budget_last = 0
2021-09-13 04:28:12,828 - INFO - compute: budget=1; scheme=(0.1,1.0); result=({150}, 857) 
2021-09-13 04:28:12,828 - INFO - budget_last = 1
2021-09-13 04:28:12,927 - INFO - compute: budget=2; scheme=(0.1,1.0); result=({46, 150}, 1476) 
2021-09-13 04:28:12,927 - INFO - budget_last = 2
2021-09-13 04:28:13,025 - INFO - compute: budget=3; scheme=(0.1,1.0); result=({46, 1, 150}, 2111) 
2021-09-13 04:28:13,025 - INFO - budget_last = 0
2021-09-13 04:28:13,031 - INFO - compute: budget=1; scheme=(0.2,0.30000000000000004); result=({109}, 393) 
2021-09-13 04:28:13,031 - INFO - budget_last = 1
2021-09-13 04:28:13,037 - INFO - compute: budget=2; scheme=(0.2,0.30000000000000004); result=({172, 109}, 742) 
2021-09-13 04:28:13,037 - INFO - budget_last = 2
2021-09-13 04:28:13,042 - INFO - compute: budget=3; scheme=(0.2,0.30000000000000004); result=({17, 172, 109}, 1069) 
2021-09-13 04:28:13,042 - INFO -  max history budget=3
2021-09-13 04:28:13,042 - INFO - load: budget=1; scheme=(0.2,0.4); result=({17, 172, 109}, 393) 
2021-09-13 04:28:13,042 - INFO - load: budget=2; scheme=(0.2,0.4); result=({17, 172, 109}, 742) 
2021-09-13 04:28:13,042 - INFO - load: budget=3; scheme=(0.2,0.4); result=({17, 172, 109}, 1069) 
2021-09-13 04:28:13,043 - INFO - budget_last = 0
2021-09-13 04:28:13,062 - INFO - compute: budget=1; scheme=(0.2,0.5); result=({49}, 599) 
2021-09-13 04:28:13,062 - INFO - budget_last = 1
2021-09-13 04:28:13,080 - INFO - compute: budget=2; scheme=(0.2,0.5); result=({49, 205}, 1043) 
2021-09-13 04:28:13,080 - INFO - budget_last = 2
2021-09-13 04:28:13,099 - INFO - compute: budget=3; scheme=(0.2,0.5); result=({49, 109, 205}, 1116) 
2021-09-13 04:28:13,100 - INFO - budget_last = 0
2021-09-13 04:28:13,131 - INFO - compute: budget=1; scheme=(0.2,0.6000000000000001); result=({49}, 599) 
2021-09-13 04:28:13,131 - INFO - budget_last = 1
2021-09-13 04:28:13,162 - INFO - compute: budget=2; scheme=(0.2,0.6000000000000001); result=({49, 169}, 1050) 
2021-09-13 04:28:13,162 - INFO - budget_last = 2
2021-09-13 04:28:13,191 - INFO - compute: budget=3; scheme=(0.2,0.6000000000000001); result=({49, 169, 167}, 1549) 
2021-09-13 04:28:13,191 - INFO - budget_last = 0
2021-09-13 04:28:13,245 - INFO - compute: budget=1; scheme=(0.2,0.7000000000000001); result=({49}, 599) 
2021-09-13 04:28:13,245 - INFO - budget_last = 1
2021-09-13 04:28:13,297 - INFO - compute: budget=2; scheme=(0.2,0.7000000000000001); result=({49, 125}, 1145) 
2021-09-13 04:28:13,298 - INFO - budget_last = 2
2021-09-13 04:28:13,350 - INFO - compute: budget=3; scheme=(0.2,0.7000000000000001); result=({49, 169, 125}, 1596) 
2021-09-13 04:28:13,350 - INFO - budget_last = 0
2021-09-13 04:28:13,427 - INFO - compute: budget=1; scheme=(0.2,0.8); result=({150}, 762) 
2021-09-13 04:28:13,427 - INFO - budget_last = 1
2021-09-13 04:28:13,502 - INFO - compute: budget=2; scheme=(0.2,0.8); result=({49, 150}, 1361) 
2021-09-13 04:28:13,503 - INFO - budget_last = 2
2021-09-13 04:28:13,576 - INFO - compute: budget=3; scheme=(0.2,0.8); result=({49, 150, 1}, 1815) 
2021-09-13 04:28:13,576 - INFO - budget_last = 0
2021-09-13 04:28:13,662 - INFO - compute: budget=1; scheme=(0.2,0.9); result=({150}, 762) 
2021-09-13 04:28:13,662 - INFO - budget_last = 1
2021-09-13 04:28:13,747 - INFO - compute: budget=2; scheme=(0.2,0.9); result=({46, 150}, 1295) 
2021-09-13 04:28:13,747 - INFO - budget_last = 2
2021-09-13 04:28:13,832 - INFO - compute: budget=3; scheme=(0.2,0.9); result=({46, 49, 150}, 1821) 
2021-09-13 04:28:13,832 - INFO - budget_last = 0
2021-09-13 04:28:13,919 - INFO - compute: budget=1; scheme=(0.2,1.0); result=({150}, 762) 
2021-09-13 04:28:13,920 - INFO - budget_last = 1
2021-09-13 04:28:14,007 - INFO - compute: budget=2; scheme=(0.2,1.0); result=({46, 150}, 1295) 
2021-09-13 04:28:14,007 - INFO - budget_last = 2
2021-09-13 04:28:14,092 - INFO - compute: budget=3; scheme=(0.2,1.0); result=({46, 49, 150}, 1821) 
2021-09-13 04:28:14,092 - INFO - budget_last = 0
2021-09-13 04:28:14,096 - INFO - compute: budget=1; scheme=(0.30000000000000004,0.30000000000000004); result=({109}, 259) 
2021-09-13 04:28:14,096 - INFO - budget_last = 1
2021-09-13 04:28:14,100 - INFO - compute: budget=2; scheme=(0.30000000000000004,0.30000000000000004); result=({17, 109}, 477) 
2021-09-13 04:28:14,100 - INFO - budget_last = 2
2021-09-13 04:28:14,103 - INFO - compute: budget=3; scheme=(0.30000000000000004,0.30000000000000004); result=({17, 172, 109}, 693) 
2021-09-13 04:28:14,103 - INFO -  max history budget=3
2021-09-13 04:28:14,103 - INFO - load: budget=1; scheme=(0.30000000000000004,0.4); result=({17, 172, 109}, 259) 
2021-09-13 04:28:14,103 - INFO - load: budget=2; scheme=(0.30000000000000004,0.4); result=({17, 172, 109}, 477) 
2021-09-13 04:28:14,103 - INFO - load: budget=3; scheme=(0.30000000000000004,0.4); result=({17, 172, 109}, 693) 
2021-09-13 04:28:14,103 - INFO - budget_last = 0
2021-09-13 04:28:14,115 - INFO - compute: budget=1; scheme=(0.30000000000000004,0.5); result=({49}, 421) 
2021-09-13 04:28:14,116 - INFO - budget_last = 1
2021-09-13 04:28:14,127 - INFO - compute: budget=2; scheme=(0.30000000000000004,0.5); result=({49, 205}, 716) 
2021-09-13 04:28:14,127 - INFO - budget_last = 2
2021-09-13 04:28:14,138 - INFO - compute: budget=3; scheme=(0.30000000000000004,0.5); result=({49, 109, 205}, 765) 
2021-09-13 04:28:14,138 - INFO - budget_last = 0
2021-09-13 04:28:14,157 - INFO - compute: budget=1; scheme=(0.30000000000000004,0.6000000000000001); result=({49}, 421) 
2021-09-13 04:28:14,158 - INFO - budget_last = 1
2021-09-13 04:28:14,176 - INFO - compute: budget=2; scheme=(0.30000000000000004,0.6000000000000001); result=({49, 169}, 729) 
2021-09-13 04:28:14,177 - INFO - budget_last = 2
2021-09-13 04:28:14,196 - INFO - compute: budget=3; scheme=(0.30000000000000004,0.6000000000000001); result=({49, 169, 167}, 1026) 
2021-09-13 04:28:14,196 - INFO - budget_last = 0
2021-09-13 04:28:14,231 - INFO - compute: budget=1; scheme=(0.30000000000000004,0.7000000000000001); result=({49}, 421) 
2021-09-13 04:28:14,232 - INFO - budget_last = 1
2021-09-13 04:28:14,267 - INFO - compute: budget=2; scheme=(0.30000000000000004,0.7000000000000001); result=({49, 169}, 729) 
2021-09-13 04:28:14,267 - INFO - budget_last = 2
2021-09-13 04:28:14,299 - INFO - compute: budget=3; scheme=(0.30000000000000004,0.7000000000000001); result=({49, 169, 125}, 1038) 
2021-09-13 04:28:14,300 - INFO - budget_last = 0
2021-09-13 04:28:14,347 - INFO - compute: budget=1; scheme=(0.30000000000000004,0.8); result=({150}, 440) 
2021-09-13 04:28:14,348 - INFO - budget_last = 1
2021-09-13 04:28:14,394 - INFO - compute: budget=2; scheme=(0.30000000000000004,0.8); result=({49, 150}, 861) 
2021-09-13 04:28:14,395 - INFO - budget_last = 2
2021-09-13 04:28:14,441 - INFO - compute: budget=3; scheme=(0.30000000000000004,0.8); result=({49, 150, 1}, 1154) 
2021-09-13 04:28:14,441 - INFO - budget_last = 0
2021-09-13 04:28:14,494 - INFO - compute: budget=1; scheme=(0.30000000000000004,0.9); result=({150}, 440) 
2021-09-13 04:28:14,494 - INFO - budget_last = 1
2021-09-13 04:28:14,547 - INFO - compute: budget=2; scheme=(0.30000000000000004,0.9); result=({46, 150}, 796) 
2021-09-13 04:28:14,547 - INFO - budget_last = 2
2021-09-13 04:28:14,599 - INFO - compute: budget=3; scheme=(0.30000000000000004,0.9); result=({46, 49, 150}, 1163) 
2021-09-13 04:28:14,600 - INFO - budget_last = 0
2021-09-13 04:28:14,654 - INFO - compute: budget=1; scheme=(0.30000000000000004,1.0); result=({150}, 440) 
2021-09-13 04:28:14,654 - INFO - budget_last = 1
2021-09-13 04:28:14,708 - INFO - compute: budget=2; scheme=(0.30000000000000004,1.0); result=({46, 150}, 796) 
2021-09-13 04:28:14,708 - INFO - budget_last = 2
2021-09-13 04:28:14,761 - INFO - compute: budget=3; scheme=(0.30000000000000004,1.0); result=({46, 49, 150}, 1163) 
2021-09-13 04:28:14,761 - INFO - budget_last = 0
2021-09-13 04:28:14,764 - INFO - compute: budget=1; scheme=(0.4,0.30000000000000004); result=({109}, 187) 
2021-09-13 04:28:14,764 - INFO - budget_last = 1
2021-09-13 04:28:14,767 - INFO - compute: budget=2; scheme=(0.4,0.30000000000000004); result=({17, 109}, 332) 
2021-09-13 04:28:14,767 - INFO - budget_last = 2
2021-09-13 04:28:14,769 - INFO - compute: budget=3; scheme=(0.4,0.30000000000000004); result=({17, 172, 109}, 470) 
2021-09-13 04:28:14,769 - INFO -  max history budget=3
2021-09-13 04:28:14,769 - INFO - load: budget=1; scheme=(0.4,0.4); result=({17, 172, 109}, 187) 
2021-09-13 04:28:14,769 - INFO - load: budget=2; scheme=(0.4,0.4); result=({17, 172, 109}, 332) 
2021-09-13 04:28:14,769 - INFO - load: budget=3; scheme=(0.4,0.4); result=({17, 172, 109}, 470) 
2021-09-13 04:28:14,769 - INFO - budget_last = 0
2021-09-13 04:28:14,777 - INFO - compute: budget=1; scheme=(0.4,0.5); result=({49}, 292) 
2021-09-13 04:28:14,777 - INFO - budget_last = 1
2021-09-13 04:28:14,784 - INFO - compute: budget=2; scheme=(0.4,0.5); result=({49, 205}, 505) 
2021-09-13 04:28:14,785 - INFO - budget_last = 2
2021-09-13 04:28:14,792 - INFO - compute: budget=3; scheme=(0.4,0.5); result=({49, 109, 205}, 541) 
2021-09-13 04:28:14,792 - INFO - budget_last = 0
2021-09-13 04:28:14,804 - INFO - compute: budget=1; scheme=(0.4,0.6000000000000001); result=({49}, 292) 
2021-09-13 04:28:14,805 - INFO - budget_last = 1
2021-09-13 04:28:14,818 - INFO - compute: budget=2; scheme=(0.4,0.6000000000000001); result=({49, 169}, 500) 
2021-09-13 04:28:14,818 - INFO - budget_last = 2
2021-09-13 04:28:14,833 - INFO - compute: budget=3; scheme=(0.4,0.6000000000000001); result=({49, 169, 205}, 695) 
2021-09-13 04:28:14,833 - INFO - budget_last = 0
2021-09-13 04:28:14,856 - INFO - compute: budget=1; scheme=(0.4,0.7000000000000001); result=({49}, 292) 
2021-09-13 04:28:14,856 - INFO - budget_last = 1
2021-09-13 04:28:14,877 - INFO - compute: budget=2; scheme=(0.4,0.7000000000000001); result=({49, 169}, 500) 
2021-09-13 04:28:14,877 - INFO - budget_last = 2
2021-09-13 04:28:14,898 - INFO - compute: budget=3; scheme=(0.4,0.7000000000000001); result=({49, 169, 205}, 695) 
2021-09-13 04:28:14,898 - INFO - budget_last = 0
2021-09-13 04:28:14,928 - INFO - compute: budget=1; scheme=(0.4,0.8); result=({49}, 292) 
2021-09-13 04:28:14,929 - INFO - budget_last = 1
2021-09-13 04:28:14,959 - INFO - compute: budget=2; scheme=(0.4,0.8); result=({49, 1}, 499) 
2021-09-13 04:28:14,959 - INFO - budget_last = 2
2021-09-13 04:28:14,989 - INFO - compute: budget=3; scheme=(0.4,0.8); result=({49, 150, 1}, 775) 
2021-09-13 04:28:14,989 - INFO - budget_last = 0
2021-09-13 04:28:15,024 - INFO - compute: budget=1; scheme=(0.4,0.9); result=({49}, 292) 
2021-09-13 04:28:15,024 - INFO - budget_last = 1
2021-09-13 04:28:15,057 - INFO - compute: budget=2; scheme=(0.4,0.9); result=({49, 1}, 499) 
2021-09-13 04:28:15,057 - INFO - budget_last = 2
2021-09-13 04:28:15,091 - INFO - compute: budget=3; scheme=(0.4,0.9); result=({46, 49, 1}, 738) 
2021-09-13 04:28:15,091 - INFO - budget_last = 0
2021-09-13 04:28:15,126 - INFO - compute: budget=1; scheme=(0.4,1.0); result=({49}, 292) 
2021-09-13 04:28:15,126 - INFO - budget_last = 1
2021-09-13 04:28:15,160 - INFO - compute: budget=2; scheme=(0.4,1.0); result=({49, 1}, 499) 
2021-09-13 04:28:15,160 - INFO - budget_last = 2
2021-09-13 04:28:15,195 - INFO - compute: budget=3; scheme=(0.4,1.0); result=({46, 49, 1}, 738) 
2021-09-13 04:28:15,195 - INFO - budget_last = 0
2021-09-13 04:28:15,197 - INFO - compute: budget=1; scheme=(0.5,0.30000000000000004); result=({109}, 73) 
2021-09-13 04:28:15,197 - INFO - budget_last = 1
2021-09-13 04:28:15,198 - INFO - compute: budget=2; scheme=(0.5,0.30000000000000004); result=({17, 109}, 125) 
2021-09-13 04:28:15,198 - INFO - budget_last = 2
2021-09-13 04:28:15,198 - INFO - compute: budget=3; scheme=(0.5,0.30000000000000004); result=({17, 172, 109}, 173) 
2021-09-13 04:28:15,198 - INFO -  max history budget=3
2021-09-13 04:28:15,199 - INFO - load: budget=1; scheme=(0.5,0.4); result=({17, 172, 109}, 73) 
2021-09-13 04:28:15,199 - INFO - load: budget=2; scheme=(0.5,0.4); result=({17, 172, 109}, 125) 
2021-09-13 04:28:15,199 - INFO - load: budget=3; scheme=(0.5,0.4); result=({17, 172, 109}, 173) 
2021-09-13 04:28:15,199 - INFO - budget_last = 0
2021-09-13 04:28:15,202 - INFO - compute: budget=1; scheme=(0.5,0.5); result=({49}, 107) 
2021-09-13 04:28:15,202 - INFO - budget_last = 1
2021-09-13 04:28:15,205 - INFO - compute: budget=2; scheme=(0.5,0.5); result=({49, 205}, 189) 
2021-09-13 04:28:15,206 - INFO - budget_last = 2
2021-09-13 04:28:15,208 - INFO - compute: budget=3; scheme=(0.5,0.5); result=({49, 109, 205}, 203) 
2021-09-13 04:28:15,209 - INFO - budget_last = 0
2021-09-13 04:28:15,214 - INFO - compute: budget=1; scheme=(0.5,0.6000000000000001); result=({49}, 107) 
2021-09-13 04:28:15,214 - INFO - budget_last = 1
2021-09-13 04:28:15,218 - INFO - compute: budget=2; scheme=(0.5,0.6000000000000001); result=({49, 205}, 189) 
2021-09-13 04:28:15,218 - INFO - budget_last = 2
2021-09-13 04:28:15,223 - INFO - compute: budget=3; scheme=(0.5,0.6000000000000001); result=({49, 169, 205}, 246) 
2021-09-13 04:28:15,223 - INFO - budget_last = 0
2021-09-13 04:28:15,232 - INFO - compute: budget=1; scheme=(0.5,0.7000000000000001); result=({49}, 107) 
2021-09-13 04:28:15,232 - INFO - budget_last = 1
2021-09-13 04:28:15,240 - INFO - compute: budget=2; scheme=(0.5,0.7000000000000001); result=({49, 205}, 189) 
2021-09-13 04:28:15,240 - INFO - budget_last = 2
2021-09-13 04:28:15,249 - INFO - compute: budget=3; scheme=(0.5,0.7000000000000001); result=({49, 169, 205}, 246) 
2021-09-13 04:28:15,249 - INFO - budget_last = 0
2021-09-13 04:28:15,261 - INFO - compute: budget=1; scheme=(0.5,0.8); result=({49}, 107) 
2021-09-13 04:28:15,262 - INFO - budget_last = 1
2021-09-13 04:28:15,274 - INFO - compute: budget=2; scheme=(0.5,0.8); result=({49, 1}, 180) 
2021-09-13 04:28:15,274 - INFO - budget_last = 2
2021-09-13 04:28:15,286 - INFO - compute: budget=3; scheme=(0.5,0.8); result=({49, 150, 1}, 274) 
2021-09-13 04:28:15,286 - INFO - budget_last = 0
2021-09-13 04:28:15,299 - INFO - compute: budget=1; scheme=(0.5,0.9); result=({49}, 107) 
2021-09-13 04:28:15,299 - INFO - budget_last = 1
2021-09-13 04:28:15,313 - INFO - compute: budget=2; scheme=(0.5,0.9); result=({49, 1}, 180) 
2021-09-13 04:28:15,314 - INFO - budget_last = 2
2021-09-13 04:28:15,327 - INFO - compute: budget=3; scheme=(0.5,0.9); result=({49, 150, 1}, 274) 
2021-09-13 04:28:15,327 - INFO - budget_last = 0
2021-09-13 04:28:15,342 - INFO - compute: budget=1; scheme=(0.5,1.0); result=({49}, 107) 
2021-09-13 04:28:15,342 - INFO - budget_last = 1
2021-09-13 04:28:15,356 - INFO - compute: budget=2; scheme=(0.5,1.0); result=({49, 1}, 180) 
2021-09-13 04:28:15,356 - INFO - budget_last = 2
2021-09-13 04:28:15,369 - INFO - compute: budget=3; scheme=(0.5,1.0); result=({49, 150, 1}, 274) 
2021-09-13 04:28:15,369 - INFO - budget_last = 0
2021-09-13 04:28:15,369 - INFO - compute: budget=1; scheme=(0.6000000000000001,0.30000000000000004); result=({109}, 11) 
2021-09-13 04:28:15,370 - INFO - budget_last = 1
2021-09-13 04:28:15,370 - INFO - compute: budget=2; scheme=(0.6000000000000001,0.30000000000000004); result=({17, 109}, 20) 
2021-09-13 04:28:15,370 - INFO - budget_last = 2
2021-09-13 04:28:15,370 - INFO - compute: budget=3; scheme=(0.6000000000000001,0.30000000000000004); result=({17, 172, 109}, 23) 
2021-09-13 04:28:15,370 - INFO -  max history budget=3
2021-09-13 04:28:15,370 - INFO - load: budget=1; scheme=(0.6000000000000001,0.4); result=({17, 172, 109}, 11) 
2021-09-13 04:28:15,370 - INFO - load: budget=2; scheme=(0.6000000000000001,0.4); result=({17, 172, 109}, 20) 
2021-09-13 04:28:15,370 - INFO - load: budget=3; scheme=(0.6000000000000001,0.4); result=({17, 172, 109}, 23) 
2021-09-13 04:28:15,371 - INFO - budget_last = 0
2021-09-13 04:28:15,371 - INFO - compute: budget=1; scheme=(0.6000000000000001,0.5); result=({49}, 22) 
2021-09-13 04:28:15,371 - INFO - budget_last = 1
2021-09-13 04:28:15,372 - INFO - compute: budget=2; scheme=(0.6000000000000001,0.5); result=({49, 205}, 35) 
2021-09-13 04:28:15,372 - INFO - budget_last = 2
2021-09-13 04:28:15,372 - INFO - compute: budget=3; scheme=(0.6000000000000001,0.5); result=({49, 109, 205}, 37) 
2021-09-13 04:28:15,373 - INFO - budget_last = 0
2021-09-13 04:28:15,373 - INFO - compute: budget=1; scheme=(0.6000000000000001,0.6000000000000001); result=({49}, 22) 
2021-09-13 04:28:15,373 - INFO - budget_last = 1
2021-09-13 04:28:15,374 - INFO - compute: budget=2; scheme=(0.6000000000000001,0.6000000000000001); result=({49, 169}, 37) 
2021-09-13 04:28:15,374 - INFO - budget_last = 2
2021-09-13 04:28:15,375 - INFO - compute: budget=3; scheme=(0.6000000000000001,0.6000000000000001); result=({49, 169, 31}, 42) 
2021-09-13 04:28:15,375 - INFO - budget_last = 0
2021-09-13 04:28:15,377 - INFO - compute: budget=1; scheme=(0.6000000000000001,0.7000000000000001); result=({49}, 22) 
2021-09-13 04:28:15,377 - INFO - budget_last = 1
2021-09-13 04:28:15,378 - INFO - compute: budget=2; scheme=(0.6000000000000001,0.7000000000000001); result=({49, 169}, 37) 
2021-09-13 04:28:15,378 - INFO - budget_last = 2
2021-09-13 04:28:15,380 - INFO - compute: budget=3; scheme=(0.6000000000000001,0.7000000000000001); result=({49, 169, 205}, 49) 
2021-09-13 04:28:15,380 - INFO - budget_last = 0
2021-09-13 04:28:15,382 - INFO - compute: budget=1; scheme=(0.6000000000000001,0.8); result=({49}, 22) 
2021-09-13 04:28:15,382 - INFO - budget_last = 1
2021-09-13 04:28:15,383 - INFO - compute: budget=2; scheme=(0.6000000000000001,0.8); result=({49, 1}, 36) 
2021-09-13 04:28:15,384 - INFO - budget_last = 2
2021-09-13 04:28:15,385 - INFO - compute: budget=3; scheme=(0.6000000000000001,0.8); result=({49, 169, 1}, 51) 
2021-09-13 04:28:15,385 - INFO - budget_last = 0
2021-09-13 04:28:15,388 - INFO - compute: budget=1; scheme=(0.6000000000000001,0.9); result=({49}, 22) 
2021-09-13 04:28:15,388 - INFO - budget_last = 1
2021-09-13 04:28:15,390 - INFO - compute: budget=2; scheme=(0.6000000000000001,0.9); result=({49, 1}, 36) 
2021-09-13 04:28:15,390 - INFO - budget_last = 2
2021-09-13 04:28:15,392 - INFO - compute: budget=3; scheme=(0.6000000000000001,0.9); result=({46, 49, 1}, 53) 
2021-09-13 04:28:15,392 - INFO - budget_last = 0
2021-09-13 04:28:15,394 - INFO - compute: budget=1; scheme=(0.6000000000000001,1.0); result=({49}, 22) 
2021-09-13 04:28:15,395 - INFO - budget_last = 1
2021-09-13 04:28:15,397 - INFO - compute: budget=2; scheme=(0.6000000000000001,1.0); result=({49, 1}, 36) 
2021-09-13 04:28:15,397 - INFO - budget_last = 2
2021-09-13 04:28:15,399 - INFO - compute: budget=3; scheme=(0.6000000000000001,1.0); result=({46, 49, 1}, 53) 
2021-09-13 04:28:15,399 - INFO -  max history budget=3
2021-09-13 04:28:15,399 - INFO - load: budget=1; scheme=(0.7000000000000001,0.30000000000000004); result=({17, 172, 109}, 11) 
2021-09-13 04:28:15,399 - INFO - load: budget=2; scheme=(0.7000000000000001,0.30000000000000004); result=({17, 172, 109}, 20) 
2021-09-13 04:28:15,399 - INFO - load: budget=3; scheme=(0.7000000000000001,0.30000000000000004); result=({17, 172, 109}, 23) 
2021-09-13 04:28:15,399 - INFO -  max history budget=3
2021-09-13 04:28:15,400 - INFO - load: budget=1; scheme=(0.7000000000000001,0.4); result=({17, 172, 109}, 11) 
2021-09-13 04:28:15,400 - INFO - load: budget=2; scheme=(0.7000000000000001,0.4); result=({17, 172, 109}, 20) 
2021-09-13 04:28:15,400 - INFO - load: budget=3; scheme=(0.7000000000000001,0.4); result=({17, 172, 109}, 23) 
2021-09-13 04:28:15,400 - INFO -  max history budget=3
2021-09-13 04:28:15,400 - INFO - load: budget=1; scheme=(0.7000000000000001,0.5); result=({49, 109, 205}, 22) 
2021-09-13 04:28:15,400 - INFO - load: budget=2; scheme=(0.7000000000000001,0.5); result=({49, 109, 205}, 35) 
2021-09-13 04:28:15,400 - INFO - load: budget=3; scheme=(0.7000000000000001,0.5); result=({49, 109, 205}, 37) 
2021-09-13 04:28:15,400 - INFO -  max history budget=3
2021-09-13 04:28:15,400 - INFO - load: budget=1; scheme=(0.7000000000000001,0.6000000000000001); result=({49, 169, 31}, 22) 
2021-09-13 04:28:15,400 - INFO - load: budget=2; scheme=(0.7000000000000001,0.6000000000000001); result=({49, 169, 31}, 37) 
2021-09-13 04:28:15,401 - INFO - load: budget=3; scheme=(0.7000000000000001,0.6000000000000001); result=({49, 169, 31}, 42) 
2021-09-13 04:28:15,401 - INFO -  max history budget=3
2021-09-13 04:28:15,401 - INFO - load: budget=1; scheme=(0.7000000000000001,0.7000000000000001); result=({49, 169, 205}, 22) 
2021-09-13 04:28:15,401 - INFO - load: budget=2; scheme=(0.7000000000000001,0.7000000000000001); result=({49, 169, 205}, 37) 
2021-09-13 04:28:15,401 - INFO - load: budget=3; scheme=(0.7000000000000001,0.7000000000000001); result=({49, 169, 205}, 49) 
2021-09-13 04:28:15,401 - INFO -  max history budget=3
2021-09-13 04:28:15,401 - INFO - load: budget=1; scheme=(0.7000000000000001,0.8); result=({49, 169, 1}, 22) 
2021-09-13 04:28:15,401 - INFO - load: budget=2; scheme=(0.7000000000000001,0.8); result=({49, 169, 1}, 36) 
2021-09-13 04:28:15,401 - INFO - load: budget=3; scheme=(0.7000000000000001,0.8); result=({49, 169, 1}, 51) 
2021-09-13 04:28:15,401 - INFO -  max history budget=3
2021-09-13 04:28:15,401 - INFO - load: budget=1; scheme=(0.7000000000000001,0.9); result=({46, 49, 1}, 22) 
2021-09-13 04:28:15,402 - INFO - load: budget=2; scheme=(0.7000000000000001,0.9); result=({46, 49, 1}, 36) 
2021-09-13 04:28:15,402 - INFO - load: budget=3; scheme=(0.7000000000000001,0.9); result=({46, 49, 1}, 53) 
2021-09-13 04:28:15,402 - INFO -  max history budget=3
2021-09-13 04:28:15,402 - INFO - load: budget=1; scheme=(0.7000000000000001,1.0); result=({46, 49, 1}, 22) 
2021-09-13 04:28:15,402 - INFO - load: budget=2; scheme=(0.7000000000000001,1.0); result=({46, 49, 1}, 36) 
2021-09-13 04:28:15,402 - INFO - load: budget=3; scheme=(0.7000000000000001,1.0); result=({46, 49, 1}, 53) 
