2021-09-13 04:34:11,155 - INFO - Namespace(beta_paras='3,6,6,3', budget_list='3', did='d1', grain_list_p='10', grain_list_pq='10+10', grain_list_q='10', method='greedy', percent_R='0.25', percent_S='0.25', seed='32', version='v09130434')
2021-09-13 04:34:11,169 - INFO - Finish random requester set R and supplier set S 
                             percent_R=0.25, num_R=55, len_R=55 
                             percent_S=0.25, num_S=55, len_S=54
2021-09-13 04:34:11,170 - INFO - Finish random valuations using v_beta_paras for R and costs using c_beta_paras for S
2021-09-13 04:34:12,144 - INFO - length of pq_list = 64 under grain_tuple = 10+10
2021-09-13 04:34:12,144 - INFO - budget_last = 0
2021-09-13 04:34:12,152 - INFO - compute: budget=1; scheme=(0.0,0.30000000000000004); result=({109}, 455) 
2021-09-13 04:34:12,152 - INFO - budget_last = 1
2021-09-13 04:34:12,160 - INFO - compute: budget=2; scheme=(0.0,0.30000000000000004); result=({172, 109}, 876) 
2021-09-13 04:34:12,160 - INFO - budget_last = 2
2021-09-13 04:34:12,166 - INFO - compute: budget=3; scheme=(0.0,0.30000000000000004); result=({17, 172, 109}, 1279) 
2021-09-13 04:34:12,166 - INFO -  max history budget=3
2021-09-13 04:34:12,166 - INFO - load: budget=1; scheme=(0.0,0.4); result=({172, 109}, 455) 
2021-09-13 04:34:12,166 - INFO - load: budget=2; scheme=(0.0,0.4); result=({17, 172, 109}, 876) 
2021-09-13 04:34:12,167 - INFO - load: budget=3; scheme=(0.0,0.4); result=({17, 172, 109}, 1279) 
2021-09-13 04:34:12,167 - INFO - budget_last = 0
2021-09-13 04:34:12,190 - INFO - compute: budget=1; scheme=(0.0,0.5); result=({49}, 751) 
2021-09-13 04:34:12,190 - INFO - budget_last = 1
2021-09-13 04:34:12,213 - INFO - compute: budget=2; scheme=(0.0,0.5); result=({49, 205}, 1267) 
2021-09-13 04:34:12,213 - INFO - budget_last = 2
2021-09-13 04:34:12,234 - INFO - compute: budget=3; scheme=(0.0,0.5); result=({49, 109, 205}, 1352) 
2021-09-13 04:34:12,235 - INFO - budget_last = 0
2021-09-13 04:34:12,274 - INFO - compute: budget=1; scheme=(0.0,0.6000000000000001); result=({49}, 751) 
2021-09-13 04:34:12,274 - INFO - budget_last = 1
2021-09-13 04:34:12,309 - INFO - compute: budget=2; scheme=(0.0,0.6000000000000001); result=({49, 169}, 1295) 
2021-09-13 04:34:12,310 - INFO - budget_last = 2
2021-09-13 04:34:12,347 - INFO - compute: budget=3; scheme=(0.0,0.6000000000000001); result=({49, 169, 167}, 1895) 
2021-09-13 04:34:12,347 - INFO - budget_last = 0
2021-09-13 04:34:12,413 - INFO - compute: budget=1; scheme=(0.0,0.7000000000000001); result=({49}, 751) 
2021-09-13 04:34:12,413 - INFO - budget_last = 1
2021-09-13 04:34:12,477 - INFO - compute: budget=2; scheme=(0.0,0.7000000000000001); result=({49, 125}, 1398) 
2021-09-13 04:34:12,477 - INFO - budget_last = 2
2021-09-13 04:34:12,540 - INFO - compute: budget=3; scheme=(0.0,0.7000000000000001); result=({49, 169, 125}, 1942) 
2021-09-13 04:34:12,540 - INFO - budget_last = 0
2021-09-13 04:34:12,632 - INFO - compute: budget=1; scheme=(0.0,0.8); result=({150}, 914) 
2021-09-13 04:34:12,633 - INFO - budget_last = 1
2021-09-13 04:34:12,723 - INFO - compute: budget=2; scheme=(0.0,0.8); result=({1, 150}, 1668) 
2021-09-13 04:34:12,724 - INFO - budget_last = 2
2021-09-13 04:34:12,813 - INFO - compute: budget=3; scheme=(0.0,0.8); result=({1, 150, 49}, 2236) 
2021-09-13 04:34:12,814 - INFO - budget_last = 0
2021-09-13 04:34:12,917 - INFO - compute: budget=1; scheme=(0.0,0.9); result=({150}, 914) 
2021-09-13 04:34:12,917 - INFO - budget_last = 1
2021-09-13 04:34:13,019 - INFO - compute: budget=2; scheme=(0.0,0.9); result=({46, 150}, 1568) 
2021-09-13 04:34:13,020 - INFO - budget_last = 2
2021-09-13 04:34:13,120 - INFO - compute: budget=3; scheme=(0.0,0.9); result=({46, 1, 150}, 2246) 
2021-09-13 04:34:13,120 - INFO - budget_last = 0
2021-09-13 04:34:13,225 - INFO - compute: budget=1; scheme=(0.0,1.0); result=({150}, 914) 
2021-09-13 04:34:13,225 - INFO - budget_last = 1
2021-09-13 04:34:13,329 - INFO - compute: budget=2; scheme=(0.0,1.0); result=({46, 150}, 1568) 
2021-09-13 04:34:13,329 - INFO - budget_last = 2
2021-09-13 04:34:13,436 - INFO - compute: budget=3; scheme=(0.0,1.0); result=({46, 1, 150}, 2246) 
2021-09-13 04:34:13,436 - INFO - budget_last = 0
2021-09-13 04:34:13,443 - INFO - compute: budget=1; scheme=(0.1,0.30000000000000004); result=({109}, 441) 
2021-09-13 04:34:13,443 - INFO - budget_last = 1
2021-09-13 04:34:13,449 - INFO - compute: budget=2; scheme=(0.1,0.30000000000000004); result=({172, 109}, 831) 
2021-09-13 04:34:13,449 - INFO - budget_last = 2
2021-09-13 04:34:13,454 - INFO - compute: budget=3; scheme=(0.1,0.30000000000000004); result=({17, 172, 109}, 1207) 
2021-09-13 04:34:13,454 - INFO -  max history budget=3
2021-09-13 04:34:13,454 - INFO - load: budget=1; scheme=(0.1,0.4); result=({172, 109}, 441) 
2021-09-13 04:34:13,455 - INFO - load: budget=2; scheme=(0.1,0.4); result=({17, 172, 109}, 831) 
2021-09-13 04:34:13,455 - INFO - load: budget=3; scheme=(0.1,0.4); result=({17, 172, 109}, 1207) 
2021-09-13 04:34:13,455 - INFO - budget_last = 0
2021-09-13 04:34:13,477 - INFO - compute: budget=1; scheme=(0.1,0.5); result=({49}, 702) 
2021-09-13 04:34:13,477 - INFO - budget_last = 1
2021-09-13 04:34:13,498 - INFO - compute: budget=2; scheme=(0.1,0.5); result=({49, 205}, 1200) 
2021-09-13 04:34:13,498 - INFO - budget_last = 2
2021-09-13 04:34:13,520 - INFO - compute: budget=3; scheme=(0.1,0.5); result=({49, 109, 205}, 1283) 
2021-09-13 04:34:13,520 - INFO - budget_last = 0
2021-09-13 04:34:13,556 - INFO - compute: budget=1; scheme=(0.1,0.6000000000000001); result=({49}, 702) 
2021-09-13 04:34:13,556 - INFO - budget_last = 1
2021-09-13 04:34:13,590 - INFO - compute: budget=2; scheme=(0.1,0.6000000000000001); result=({49, 169}, 1219) 
2021-09-13 04:34:13,590 - INFO - budget_last = 2
2021-09-13 04:34:13,624 - INFO - compute: budget=3; scheme=(0.1,0.6000000000000001); result=({49, 169, 167}, 1778) 
2021-09-13 04:34:13,625 - INFO - budget_last = 0
2021-09-13 04:34:13,686 - INFO - compute: budget=1; scheme=(0.1,0.7000000000000001); result=({49}, 702) 
2021-09-13 04:34:13,687 - INFO - budget_last = 1
2021-09-13 04:34:13,747 - INFO - compute: budget=2; scheme=(0.1,0.7000000000000001); result=({49, 125}, 1320) 
2021-09-13 04:34:13,748 - INFO - budget_last = 2
2021-09-13 04:34:13,806 - INFO - compute: budget=3; scheme=(0.1,0.7000000000000001); result=({49, 169, 125}, 1837) 
2021-09-13 04:34:13,807 - INFO - budget_last = 0
2021-09-13 04:34:13,894 - INFO - compute: budget=1; scheme=(0.1,0.8); result=({150}, 857) 
2021-09-13 04:34:13,894 - INFO - budget_last = 1
2021-09-13 04:34:13,979 - INFO - compute: budget=2; scheme=(0.1,0.8); result=({1, 150}, 1562) 
2021-09-13 04:34:13,979 - INFO - budget_last = 2
2021-09-13 04:34:14,064 - INFO - compute: budget=3; scheme=(0.1,0.8); result=({1, 150, 49}, 2094) 
2021-09-13 04:34:14,064 - INFO - budget_last = 0
2021-09-13 04:34:14,162 - INFO - compute: budget=1; scheme=(0.1,0.9); result=({150}, 857) 
2021-09-13 04:34:14,162 - INFO - budget_last = 1
2021-09-13 04:34:14,258 - INFO - compute: budget=2; scheme=(0.1,0.9); result=({46, 150}, 1476) 
2021-09-13 04:34:14,259 - INFO - budget_last = 2
2021-09-13 04:34:14,354 - INFO - compute: budget=3; scheme=(0.1,0.9); result=({46, 1, 150}, 2111) 
2021-09-13 04:34:14,354 - INFO - budget_last = 0
2021-09-13 04:34:14,454 - INFO - compute: budget=1; scheme=(0.1,1.0); result=({150}, 857) 
2021-09-13 04:34:14,454 - INFO - budget_last = 1
2021-09-13 04:34:14,552 - INFO - compute: budget=2; scheme=(0.1,1.0); result=({46, 150}, 1476) 
2021-09-13 04:34:14,552 - INFO - budget_last = 2
2021-09-13 04:34:14,649 - INFO - compute: budget=3; scheme=(0.1,1.0); result=({46, 1, 150}, 2111) 
2021-09-13 04:34:14,649 - INFO - budget_last = 0
2021-09-13 04:34:14,656 - INFO - compute: budget=1; scheme=(0.2,0.30000000000000004); result=({109}, 393) 
2021-09-13 04:34:14,656 - INFO - budget_last = 1
2021-09-13 04:34:14,661 - INFO - compute: budget=2; scheme=(0.2,0.30000000000000004); result=({172, 109}, 742) 
2021-09-13 04:34:14,661 - INFO - budget_last = 2
2021-09-13 04:34:14,666 - INFO - compute: budget=3; scheme=(0.2,0.30000000000000004); result=({17, 172, 109}, 1069) 
2021-09-13 04:34:14,666 - INFO -  max history budget=3
2021-09-13 04:34:14,666 - INFO - load: budget=1; scheme=(0.2,0.4); result=({172, 109}, 393) 
2021-09-13 04:34:14,666 - INFO - load: budget=2; scheme=(0.2,0.4); result=({17, 172, 109}, 742) 
2021-09-13 04:34:14,666 - INFO - load: budget=3; scheme=(0.2,0.4); result=({17, 172, 109}, 1069) 
2021-09-13 04:34:14,666 - INFO - budget_last = 0
2021-09-13 04:34:14,686 - INFO - compute: budget=1; scheme=(0.2,0.5); result=({49}, 599) 
2021-09-13 04:34:14,686 - INFO - budget_last = 1
2021-09-13 04:34:14,704 - INFO - compute: budget=2; scheme=(0.2,0.5); result=({49, 205}, 1043) 
2021-09-13 04:34:14,705 - INFO - budget_last = 2
2021-09-13 04:34:14,723 - INFO - compute: budget=3; scheme=(0.2,0.5); result=({49, 109, 205}, 1116) 
2021-09-13 04:34:14,723 - INFO - budget_last = 0
2021-09-13 04:34:14,754 - INFO - compute: budget=1; scheme=(0.2,0.6000000000000001); result=({49}, 599) 
2021-09-13 04:34:14,754 - INFO - budget_last = 1
2021-09-13 04:34:14,784 - INFO - compute: budget=2; scheme=(0.2,0.6000000000000001); result=({49, 169}, 1050) 
2021-09-13 04:34:14,784 - INFO - budget_last = 2
2021-09-13 04:34:14,813 - INFO - compute: budget=3; scheme=(0.2,0.6000000000000001); result=({49, 169, 167}, 1549) 
2021-09-13 04:34:14,813 - INFO - budget_last = 0
2021-09-13 04:34:14,867 - INFO - compute: budget=1; scheme=(0.2,0.7000000000000001); result=({49}, 599) 
2021-09-13 04:34:14,867 - INFO - budget_last = 1
2021-09-13 04:34:14,918 - INFO - compute: budget=2; scheme=(0.2,0.7000000000000001); result=({49, 125}, 1145) 
2021-09-13 04:34:14,919 - INFO - budget_last = 2
2021-09-13 04:34:14,970 - INFO - compute: budget=3; scheme=(0.2,0.7000000000000001); result=({49, 169, 125}, 1596) 
2021-09-13 04:34:14,970 - INFO - budget_last = 0
2021-09-13 04:34:15,045 - INFO - compute: budget=1; scheme=(0.2,0.8); result=({150}, 762) 
2021-09-13 04:34:15,046 - INFO - budget_last = 1
2021-09-13 04:34:15,121 - INFO - compute: budget=2; scheme=(0.2,0.8); result=({49, 150}, 1361) 
2021-09-13 04:34:15,121 - INFO - budget_last = 2
2021-09-13 04:34:15,194 - INFO - compute: budget=3; scheme=(0.2,0.8); result=({49, 150, 1}, 1815) 
2021-09-13 04:34:15,194 - INFO - budget_last = 0
2021-09-13 04:34:15,279 - INFO - compute: budget=1; scheme=(0.2,0.9); result=({150}, 762) 
2021-09-13 04:34:15,279 - INFO - budget_last = 1
2021-09-13 04:34:15,362 - INFO - compute: budget=2; scheme=(0.2,0.9); result=({46, 150}, 1295) 
2021-09-13 04:34:15,363 - INFO - budget_last = 2
2021-09-13 04:34:15,444 - INFO - compute: budget=3; scheme=(0.2,0.9); result=({46, 49, 150}, 1821) 
2021-09-13 04:34:15,445 - INFO - budget_last = 0
2021-09-13 04:34:15,530 - INFO - compute: budget=1; scheme=(0.2,1.0); result=({150}, 762) 
2021-09-13 04:34:15,530 - INFO - budget_last = 1
2021-09-13 04:34:15,614 - INFO - compute: budget=2; scheme=(0.2,1.0); result=({46, 150}, 1295) 
2021-09-13 04:34:15,615 - INFO - budget_last = 2
2021-09-13 04:34:15,699 - INFO - compute: budget=3; scheme=(0.2,1.0); result=({46, 49, 150}, 1821) 
2021-09-13 04:34:15,699 - INFO - budget_last = 0
2021-09-13 04:34:15,703 - INFO - compute: budget=1; scheme=(0.30000000000000004,0.30000000000000004); result=({109}, 259) 
2021-09-13 04:34:15,703 - INFO - budget_last = 1
2021-09-13 04:34:15,706 - INFO - compute: budget=2; scheme=(0.30000000000000004,0.30000000000000004); result=({17, 109}, 477) 
2021-09-13 04:34:15,706 - INFO - budget_last = 2
2021-09-13 04:34:15,709 - INFO - compute: budget=3; scheme=(0.30000000000000004,0.30000000000000004); result=({17, 172, 109}, 693) 
2021-09-13 04:34:15,709 - INFO -  max history budget=3
2021-09-13 04:34:15,709 - INFO - load: budget=1; scheme=(0.30000000000000004,0.4); result=({17, 109}, 259) 
2021-09-13 04:34:15,709 - INFO - load: budget=2; scheme=(0.30000000000000004,0.4); result=({17, 172, 109}, 477) 
2021-09-13 04:34:15,710 - INFO - load: budget=3; scheme=(0.30000000000000004,0.4); result=({17, 172, 109}, 693) 
2021-09-13 04:34:15,710 - INFO - budget_last = 0
2021-09-13 04:34:15,722 - INFO - compute: budget=1; scheme=(0.30000000000000004,0.5); result=({49}, 421) 
2021-09-13 04:34:15,722 - INFO - budget_last = 1
2021-09-13 04:34:15,733 - INFO - compute: budget=2; scheme=(0.30000000000000004,0.5); result=({49, 205}, 716) 
2021-09-13 04:34:15,733 - INFO - budget_last = 2
2021-09-13 04:34:15,744 - INFO - compute: budget=3; scheme=(0.30000000000000004,0.5); result=({49, 109, 205}, 765) 
2021-09-13 04:34:15,744 - INFO - budget_last = 0
2021-09-13 04:34:15,764 - INFO - compute: budget=1; scheme=(0.30000000000000004,0.6000000000000001); result=({49}, 421) 
2021-09-13 04:34:15,764 - INFO - budget_last = 1
2021-09-13 04:34:15,782 - INFO - compute: budget=2; scheme=(0.30000000000000004,0.6000000000000001); result=({49, 169}, 729) 
2021-09-13 04:34:15,783 - INFO - budget_last = 2
2021-09-13 04:34:15,800 - INFO - compute: budget=3; scheme=(0.30000000000000004,0.6000000000000001); result=({49, 169, 167}, 1026) 
2021-09-13 04:34:15,800 - INFO - budget_last = 0
2021-09-13 04:34:15,834 - INFO - compute: budget=1; scheme=(0.30000000000000004,0.7000000000000001); result=({49}, 421) 
2021-09-13 04:34:15,834 - INFO - budget_last = 1
2021-09-13 04:34:15,867 - INFO - compute: budget=2; scheme=(0.30000000000000004,0.7000000000000001); result=({49, 169}, 729) 
2021-09-13 04:34:15,868 - INFO - budget_last = 2
2021-09-13 04:34:15,900 - INFO - compute: budget=3; scheme=(0.30000000000000004,0.7000000000000001); result=({49, 169, 125}, 1038) 
2021-09-13 04:34:15,900 - INFO - budget_last = 0
2021-09-13 04:34:15,947 - INFO - compute: budget=1; scheme=(0.30000000000000004,0.8); result=({150}, 440) 
2021-09-13 04:34:15,947 - INFO - budget_last = 1
2021-09-13 04:34:15,994 - INFO - compute: budget=2; scheme=(0.30000000000000004,0.8); result=({49, 150}, 861) 
2021-09-13 04:34:15,994 - INFO - budget_last = 2
2021-09-13 04:34:16,040 - INFO - compute: budget=3; scheme=(0.30000000000000004,0.8); result=({49, 150, 1}, 1154) 
2021-09-13 04:34:16,040 - INFO - budget_last = 0
2021-09-13 04:34:16,092 - INFO - compute: budget=1; scheme=(0.30000000000000004,0.9); result=({150}, 440) 
2021-09-13 04:34:16,092 - INFO - budget_last = 1
2021-09-13 04:34:16,145 - INFO - compute: budget=2; scheme=(0.30000000000000004,0.9); result=({46, 150}, 796) 
2021-09-13 04:34:16,145 - INFO - budget_last = 2
2021-09-13 04:34:16,196 - INFO - compute: budget=3; scheme=(0.30000000000000004,0.9); result=({46, 49, 150}, 1163) 
2021-09-13 04:34:16,197 - INFO - budget_last = 0
2021-09-13 04:34:16,251 - INFO - compute: budget=1; scheme=(0.30000000000000004,1.0); result=({150}, 440) 
2021-09-13 04:34:16,251 - INFO - budget_last = 1
2021-09-13 04:34:16,304 - INFO - compute: budget=2; scheme=(0.30000000000000004,1.0); result=({46, 150}, 796) 
2021-09-13 04:34:16,304 - INFO - budget_last = 2
2021-09-13 04:34:16,357 - INFO - compute: budget=3; scheme=(0.30000000000000004,1.0); result=({46, 49, 150}, 1163) 
2021-09-13 04:34:16,357 - INFO - budget_last = 0
2021-09-13 04:34:16,360 - INFO - compute: budget=1; scheme=(0.4,0.30000000000000004); result=({109}, 187) 
2021-09-13 04:34:16,360 - INFO - budget_last = 1
2021-09-13 04:34:16,362 - INFO - compute: budget=2; scheme=(0.4,0.30000000000000004); result=({17, 109}, 332) 
2021-09-13 04:34:16,362 - INFO - budget_last = 2
2021-09-13 04:34:16,364 - INFO - compute: budget=3; scheme=(0.4,0.30000000000000004); result=({17, 172, 109}, 470) 
2021-09-13 04:34:16,364 - INFO -  max history budget=3
2021-09-13 04:34:16,364 - INFO - load: budget=1; scheme=(0.4,0.4); result=({17, 109}, 187) 
2021-09-13 04:34:16,364 - INFO - load: budget=2; scheme=(0.4,0.4); result=({17, 172, 109}, 332) 
2021-09-13 04:34:16,364 - INFO - load: budget=3; scheme=(0.4,0.4); result=({17, 172, 109}, 470) 
2021-09-13 04:34:16,364 - INFO - budget_last = 0
2021-09-13 04:34:16,372 - INFO - compute: budget=1; scheme=(0.4,0.5); result=({49}, 292) 
2021-09-13 04:34:16,372 - INFO - budget_last = 1
2021-09-13 04:34:16,380 - INFO - compute: budget=2; scheme=(0.4,0.5); result=({49, 205}, 505) 
2021-09-13 04:34:16,380 - INFO - budget_last = 2
2021-09-13 04:34:16,387 - INFO - compute: budget=3; scheme=(0.4,0.5); result=({49, 109, 205}, 541) 
2021-09-13 04:34:16,387 - INFO - budget_last = 0
2021-09-13 04:34:16,399 - INFO - compute: budget=1; scheme=(0.4,0.6000000000000001); result=({49}, 292) 
2021-09-13 04:34:16,399 - INFO - budget_last = 1
2021-09-13 04:34:16,411 - INFO - compute: budget=2; scheme=(0.4,0.6000000000000001); result=({49, 169}, 500) 
2021-09-13 04:34:16,411 - INFO - budget_last = 2
2021-09-13 04:34:16,423 - INFO - compute: budget=3; scheme=(0.4,0.6000000000000001); result=({49, 169, 205}, 695) 
2021-09-13 04:34:16,423 - INFO - budget_last = 0
2021-09-13 04:34:16,444 - INFO - compute: budget=1; scheme=(0.4,0.7000000000000001); result=({49}, 292) 
2021-09-13 04:34:16,444 - INFO - budget_last = 1
2021-09-13 04:34:16,465 - INFO - compute: budget=2; scheme=(0.4,0.7000000000000001); result=({49, 169}, 500) 
2021-09-13 04:34:16,465 - INFO - budget_last = 2
2021-09-13 04:34:16,486 - INFO - compute: budget=3; scheme=(0.4,0.7000000000000001); result=({49, 169, 205}, 695) 
2021-09-13 04:34:16,486 - INFO - budget_last = 0
2021-09-13 04:34:16,516 - INFO - compute: budget=1; scheme=(0.4,0.8); result=({49}, 292) 
2021-09-13 04:34:16,517 - INFO - budget_last = 1
2021-09-13 04:34:16,546 - INFO - compute: budget=2; scheme=(0.4,0.8); result=({49, 1}, 499) 
2021-09-13 04:34:16,546 - INFO - budget_last = 2
2021-09-13 04:34:16,576 - INFO - compute: budget=3; scheme=(0.4,0.8); result=({49, 150, 1}, 775) 
2021-09-13 04:34:16,576 - INFO - budget_last = 0
2021-09-13 04:34:16,612 - INFO - compute: budget=1; scheme=(0.4,0.9); result=({49}, 292) 
2021-09-13 04:34:16,612 - INFO - budget_last = 1
2021-09-13 04:34:16,646 - INFO - compute: budget=2; scheme=(0.4,0.9); result=({49, 1}, 499) 
2021-09-13 04:34:16,646 - INFO - budget_last = 2
2021-09-13 04:34:16,679 - INFO - compute: budget=3; scheme=(0.4,0.9); result=({46, 49, 1}, 738) 
2021-09-13 04:34:16,680 - INFO - budget_last = 0
2021-09-13 04:34:16,714 - INFO - compute: budget=1; scheme=(0.4,1.0); result=({49}, 292) 
2021-09-13 04:34:16,714 - INFO - budget_last = 1
2021-09-13 04:34:16,748 - INFO - compute: budget=2; scheme=(0.4,1.0); result=({49, 1}, 499) 
2021-09-13 04:34:16,749 - INFO - budget_last = 2
2021-09-13 04:34:16,782 - INFO - compute: budget=3; scheme=(0.4,1.0); result=({46, 49, 1}, 738) 
2021-09-13 04:34:16,783 - INFO - budget_last = 0
2021-09-13 04:34:16,784 - INFO - compute: budget=1; scheme=(0.5,0.30000000000000004); result=({109}, 73) 
2021-09-13 04:34:16,784 - INFO - budget_last = 1
2021-09-13 04:34:16,785 - INFO - compute: budget=2; scheme=(0.5,0.30000000000000004); result=({17, 109}, 125) 
2021-09-13 04:34:16,785 - INFO - budget_last = 2
2021-09-13 04:34:16,786 - INFO - compute: budget=3; scheme=(0.5,0.30000000000000004); result=({17, 172, 109}, 173) 
2021-09-13 04:34:16,786 - INFO -  max history budget=3
2021-09-13 04:34:16,786 - INFO - load: budget=1; scheme=(0.5,0.4); result=({17, 109}, 73) 
2021-09-13 04:34:16,786 - INFO - load: budget=2; scheme=(0.5,0.4); result=({17, 172, 109}, 125) 
2021-09-13 04:34:16,786 - INFO - load: budget=3; scheme=(0.5,0.4); result=({17, 172, 109}, 173) 
2021-09-13 04:34:16,786 - INFO - budget_last = 0
2021-09-13 04:34:16,789 - INFO - compute: budget=1; scheme=(0.5,0.5); result=({49}, 107) 
2021-09-13 04:34:16,789 - INFO - budget_last = 1
2021-09-13 04:34:16,792 - INFO - compute: budget=2; scheme=(0.5,0.5); result=({49, 205}, 189) 
2021-09-13 04:34:16,792 - INFO - budget_last = 2
2021-09-13 04:34:16,795 - INFO - compute: budget=3; scheme=(0.5,0.5); result=({49, 109, 205}, 203) 
2021-09-13 04:34:16,795 - INFO - budget_last = 0
2021-09-13 04:34:16,800 - INFO - compute: budget=1; scheme=(0.5,0.6000000000000001); result=({49}, 107) 
2021-09-13 04:34:16,800 - INFO - budget_last = 1
2021-09-13 04:34:16,805 - INFO - compute: budget=2; scheme=(0.5,0.6000000000000001); result=({49, 205}, 189) 
2021-09-13 04:34:16,805 - INFO - budget_last = 2
2021-09-13 04:34:16,810 - INFO - compute: budget=3; scheme=(0.5,0.6000000000000001); result=({49, 169, 205}, 246) 
2021-09-13 04:34:16,810 - INFO - budget_last = 0
2021-09-13 04:34:16,819 - INFO - compute: budget=1; scheme=(0.5,0.7000000000000001); result=({49}, 107) 
2021-09-13 04:34:16,819 - INFO - budget_last = 1
2021-09-13 04:34:16,828 - INFO - compute: budget=2; scheme=(0.5,0.7000000000000001); result=({49, 205}, 189) 
2021-09-13 04:34:16,828 - INFO - budget_last = 2
2021-09-13 04:34:16,836 - INFO - compute: budget=3; scheme=(0.5,0.7000000000000001); result=({49, 169, 205}, 246) 
2021-09-13 04:34:16,836 - INFO - budget_last = 0
2021-09-13 04:34:16,849 - INFO - compute: budget=1; scheme=(0.5,0.8); result=({49}, 107) 
2021-09-13 04:34:16,849 - INFO - budget_last = 1
2021-09-13 04:34:16,861 - INFO - compute: budget=2; scheme=(0.5,0.8); result=({49, 1}, 180) 
2021-09-13 04:34:16,861 - INFO - budget_last = 2
2021-09-13 04:34:16,873 - INFO - compute: budget=3; scheme=(0.5,0.8); result=({49, 150, 1}, 274) 
2021-09-13 04:34:16,873 - INFO - budget_last = 0
2021-09-13 04:34:16,887 - INFO - compute: budget=1; scheme=(0.5,0.9); result=({49}, 107) 
2021-09-13 04:34:16,887 - INFO - budget_last = 1
2021-09-13 04:34:16,900 - INFO - compute: budget=2; scheme=(0.5,0.9); result=({49, 1}, 180) 
2021-09-13 04:34:16,900 - INFO - budget_last = 2
2021-09-13 04:34:16,914 - INFO - compute: budget=3; scheme=(0.5,0.9); result=({49, 150, 1}, 274) 
2021-09-13 04:34:16,914 - INFO - budget_last = 0
2021-09-13 04:34:16,928 - INFO - compute: budget=1; scheme=(0.5,1.0); result=({49}, 107) 
2021-09-13 04:34:16,928 - INFO - budget_last = 1
2021-09-13 04:34:16,942 - INFO - compute: budget=2; scheme=(0.5,1.0); result=({49, 1}, 180) 
2021-09-13 04:34:16,942 - INFO - budget_last = 2
2021-09-13 04:34:16,955 - INFO - compute: budget=3; scheme=(0.5,1.0); result=({49, 150, 1}, 274) 
2021-09-13 04:34:16,955 - INFO - budget_last = 0
2021-09-13 04:34:16,956 - INFO - compute: budget=1; scheme=(0.6000000000000001,0.30000000000000004); result=({109}, 11) 
2021-09-13 04:34:16,956 - INFO - budget_last = 1
2021-09-13 04:34:16,956 - INFO - compute: budget=2; scheme=(0.6000000000000001,0.30000000000000004); result=({17, 109}, 20) 
2021-09-13 04:34:16,956 - INFO - budget_last = 2
2021-09-13 04:34:16,956 - INFO - compute: budget=3; scheme=(0.6000000000000001,0.30000000000000004); result=({17, 172, 109}, 23) 
2021-09-13 04:34:16,956 - INFO -  max history budget=3
2021-09-13 04:34:16,956 - INFO - load: budget=1; scheme=(0.6000000000000001,0.4); result=({17, 109}, 11) 
2021-09-13 04:34:16,957 - INFO - load: budget=2; scheme=(0.6000000000000001,0.4); result=({17, 172, 109}, 20) 
2021-09-13 04:34:16,957 - INFO - load: budget=3; scheme=(0.6000000000000001,0.4); result=({17, 172, 109}, 23) 
2021-09-13 04:34:16,957 - INFO - budget_last = 0
2021-09-13 04:34:16,957 - INFO - compute: budget=1; scheme=(0.6000000000000001,0.5); result=({49}, 22) 
2021-09-13 04:34:16,957 - INFO - budget_last = 1
2021-09-13 04:34:16,958 - INFO - compute: budget=2; scheme=(0.6000000000000001,0.5); result=({49, 205}, 35) 
2021-09-13 04:34:16,958 - INFO - budget_last = 2
2021-09-13 04:34:16,958 - INFO - compute: budget=3; scheme=(0.6000000000000001,0.5); result=({49, 109, 205}, 37) 
2021-09-13 04:34:16,959 - INFO - budget_last = 0
2021-09-13 04:34:16,959 - INFO - compute: budget=1; scheme=(0.6000000000000001,0.6000000000000001); result=({49}, 22) 
2021-09-13 04:34:16,959 - INFO - budget_last = 1
2021-09-13 04:34:16,960 - INFO - compute: budget=2; scheme=(0.6000000000000001,0.6000000000000001); result=({49, 169}, 37) 
2021-09-13 04:34:16,960 - INFO - budget_last = 2
2021-09-13 04:34:16,961 - INFO - compute: budget=3; scheme=(0.6000000000000001,0.6000000000000001); result=({49, 169, 31}, 42) 
2021-09-13 04:34:16,961 - INFO - budget_last = 0
2021-09-13 04:34:16,963 - INFO - compute: budget=1; scheme=(0.6000000000000001,0.7000000000000001); result=({49}, 22) 
2021-09-13 04:34:16,963 - INFO - budget_last = 1
2021-09-13 04:34:16,964 - INFO - compute: budget=2; scheme=(0.6000000000000001,0.7000000000000001); result=({49, 169}, 37) 
2021-09-13 04:34:16,964 - INFO - budget_last = 2
2021-09-13 04:34:16,966 - INFO - compute: budget=3; scheme=(0.6000000000000001,0.7000000000000001); result=({49, 169, 205}, 49) 
2021-09-13 04:34:16,966 - INFO - budget_last = 0
2021-09-13 04:34:16,968 - INFO - compute: budget=1; scheme=(0.6000000000000001,0.8); result=({49}, 22) 
2021-09-13 04:34:16,968 - INFO - budget_last = 1
2021-09-13 04:34:16,969 - INFO - compute: budget=2; scheme=(0.6000000000000001,0.8); result=({49, 1}, 36) 
2021-09-13 04:34:16,970 - INFO - budget_last = 2
2021-09-13 04:34:16,971 - INFO - compute: budget=3; scheme=(0.6000000000000001,0.8); result=({49, 169, 1}, 51) 
2021-09-13 04:34:16,971 - INFO - budget_last = 0
2021-09-13 04:34:16,973 - INFO - compute: budget=1; scheme=(0.6000000000000001,0.9); result=({49}, 22) 
2021-09-13 04:34:16,974 - INFO - budget_last = 1
2021-09-13 04:34:16,976 - INFO - compute: budget=2; scheme=(0.6000000000000001,0.9); result=({49, 1}, 36) 
2021-09-13 04:34:16,976 - INFO - budget_last = 2
2021-09-13 04:34:16,978 - INFO - compute: budget=3; scheme=(0.6000000000000001,0.9); result=({46, 49, 1}, 53) 
2021-09-13 04:34:16,978 - INFO - budget_last = 0
2021-09-13 04:34:16,980 - INFO - compute: budget=1; scheme=(0.6000000000000001,1.0); result=({49}, 22) 
2021-09-13 04:34:16,980 - INFO - budget_last = 1
2021-09-13 04:34:16,982 - INFO - compute: budget=2; scheme=(0.6000000000000001,1.0); result=({49, 1}, 36) 
2021-09-13 04:34:16,983 - INFO - budget_last = 2
2021-09-13 04:34:16,985 - INFO - compute: budget=3; scheme=(0.6000000000000001,1.0); result=({46, 49, 1}, 53) 
2021-09-13 04:34:16,985 - INFO -  max history budget=3
2021-09-13 04:34:16,985 - INFO - load: budget=1; scheme=(0.7000000000000001,0.30000000000000004); result=({17, 109}, 11) 
2021-09-13 04:34:16,985 - INFO - load: budget=2; scheme=(0.7000000000000001,0.30000000000000004); result=({17, 172, 109}, 20) 
2021-09-13 04:34:16,985 - INFO - load: budget=3; scheme=(0.7000000000000001,0.30000000000000004); result=({17, 172, 109}, 23) 
2021-09-13 04:34:16,985 - INFO -  max history budget=3
2021-09-13 04:34:16,985 - INFO - load: budget=1; scheme=(0.7000000000000001,0.4); result=({17, 109}, 11) 
2021-09-13 04:34:16,986 - INFO - load: budget=2; scheme=(0.7000000000000001,0.4); result=({17, 172, 109}, 20) 
2021-09-13 04:34:16,986 - INFO - load: budget=3; scheme=(0.7000000000000001,0.4); result=({17, 172, 109}, 23) 
2021-09-13 04:34:16,986 - INFO -  max history budget=3
2021-09-13 04:34:16,986 - INFO - load: budget=1; scheme=(0.7000000000000001,0.5); result=({49, 205}, 22) 
2021-09-13 04:34:16,986 - INFO - load: budget=2; scheme=(0.7000000000000001,0.5); result=({49, 109, 205}, 35) 
2021-09-13 04:34:16,986 - INFO - load: budget=3; scheme=(0.7000000000000001,0.5); result=({49, 109, 205}, 37) 
2021-09-13 04:34:16,986 - INFO -  max history budget=3
2021-09-13 04:34:16,986 - INFO - load: budget=1; scheme=(0.7000000000000001,0.6000000000000001); result=({49, 169}, 22) 
2021-09-13 04:34:16,986 - INFO - load: budget=2; scheme=(0.7000000000000001,0.6000000000000001); result=({49, 169, 31}, 37) 
2021-09-13 04:34:16,986 - INFO - load: budget=3; scheme=(0.7000000000000001,0.6000000000000001); result=({49, 169, 31}, 42) 
2021-09-13 04:34:16,987 - INFO -  max history budget=3
2021-09-13 04:34:16,987 - INFO - load: budget=1; scheme=(0.7000000000000001,0.7000000000000001); result=({49, 169}, 22) 
2021-09-13 04:34:16,987 - INFO - load: budget=2; scheme=(0.7000000000000001,0.7000000000000001); result=({49, 169, 205}, 37) 
2021-09-13 04:34:16,987 - INFO - load: budget=3; scheme=(0.7000000000000001,0.7000000000000001); result=({49, 169, 205}, 49) 
2021-09-13 04:34:16,987 - INFO -  max history budget=3
2021-09-13 04:34:16,987 - INFO - load: budget=1; scheme=(0.7000000000000001,0.8); result=({49, 1}, 22) 
2021-09-13 04:34:16,987 - INFO - load: budget=2; scheme=(0.7000000000000001,0.8); result=({49, 169, 1}, 36) 
2021-09-13 04:34:16,987 - INFO - load: budget=3; scheme=(0.7000000000000001,0.8); result=({49, 169, 1}, 51) 
2021-09-13 04:34:16,987 - INFO -  max history budget=3
2021-09-13 04:34:16,987 - INFO - load: budget=1; scheme=(0.7000000000000001,0.9); result=({49, 1}, 22) 
2021-09-13 04:34:16,988 - INFO - load: budget=2; scheme=(0.7000000000000001,0.9); result=({46, 49, 1}, 36) 
2021-09-13 04:34:16,988 - INFO - load: budget=3; scheme=(0.7000000000000001,0.9); result=({46, 49, 1}, 53) 
2021-09-13 04:34:16,988 - INFO -  max history budget=3
2021-09-13 04:34:16,988 - INFO - load: budget=1; scheme=(0.7000000000000001,1.0); result=({49, 1}, 22) 
2021-09-13 04:34:16,988 - INFO - load: budget=2; scheme=(0.7000000000000001,1.0); result=({46, 49, 1}, 36) 
2021-09-13 04:34:16,988 - INFO - load: budget=3; scheme=(0.7000000000000001,1.0); result=({46, 49, 1}, 53) 
