2021-09-18 01:52:12,287 - INFO - Namespace(a='2', beta_paras='3,6,6,3', budget_list='2', did='d1', grain_alpha='5', grain_p='5', method='greedy', percent_R='0.25', percent_S='0.25', seed='32', version='v09180152')
2021-09-18 01:52:12,304 - INFO - Finish random requester set R and supplier set S 
                             percent_R=0.25, num_R=55, len_R=55 
                             percent_S=0.25, num_S=55, len_S=54
2021-09-18 01:52:12,893 - INFO - Finish generate valuations and costs using using a=2
2021-09-18 01:52:13,378 - INFO - ********** (0.0, 0.0, 0.0)
2021-09-18 01:52:13,378 - INFO - max_history_budget=0, max_history_result=None
2021-09-18 01:52:13,379 - INFO - compute: budget=1; scheme=(0.0,0.0); tilderR=(55) tilderS=(0); result=(set(), 0); rev=0.0
2021-09-18 01:52:13,379 - INFO - compute: budget=2; scheme=(0.0,0.0); tilderR=(55) tilderS=(0); result=(set(), 0); rev=0.0
2021-09-18 01:52:13,379 - INFO - ********** (0.0, 0.2, 0.0)
2021-09-18 01:52:13,379 - INFO - max_history_budget=2, max_history_result=(set(), 0, 0.0)
2021-09-18 01:52:13,380 - INFO - load: budget=1; scheme=(0.0,0.0); tilderR=(55) tilderS=(0); result=(set(), 0); rev=0.0
2021-09-18 01:52:13,380 - INFO - load: budget=2; scheme=(0.0,0.0); tilderR=(55) tilderS=(0); result=(set(), 0); rev=0.0
2021-09-18 01:52:13,380 - INFO - ********** (0.0, 0.4, 0.0)
2021-09-18 01:52:13,380 - INFO - max_history_budget=2, max_history_result=(set(), 0, 0.0)
2021-09-18 01:52:13,380 - INFO - load: budget=1; scheme=(0.0,0.0); tilderR=(55) tilderS=(0); result=(set(), 0); rev=0.0
2021-09-18 01:52:13,380 - INFO - load: budget=2; scheme=(0.0,0.0); tilderR=(55) tilderS=(0); result=(set(), 0); rev=0.0
2021-09-18 01:52:13,380 - INFO - ********** (0.0, 0.6000000000000001, 0.0)
2021-09-18 01:52:13,380 - INFO - max_history_budget=2, max_history_result=(set(), 0, 0.0)
2021-09-18 01:52:13,380 - INFO - load: budget=1; scheme=(0.0,0.0); tilderR=(55) tilderS=(0); result=(set(), 0); rev=0.0
2021-09-18 01:52:13,380 - INFO - load: budget=2; scheme=(0.0,0.0); tilderR=(55) tilderS=(0); result=(set(), 0); rev=0.0
2021-09-18 01:52:13,381 - INFO - ********** (0.0, 0.8, 0.0)
2021-09-18 01:52:13,381 - INFO - max_history_budget=2, max_history_result=(set(), 0, 0.0)
2021-09-18 01:52:13,381 - INFO - load: budget=1; scheme=(0.0,0.0); tilderR=(55) tilderS=(0); result=(set(), 0); rev=0.0
2021-09-18 01:52:13,381 - INFO - load: budget=2; scheme=(0.0,0.0); tilderR=(55) tilderS=(0); result=(set(), 0); rev=0.0
2021-09-18 01:52:13,381 - INFO - ********** (0.0, 1.0, 0.0)
2021-09-18 01:52:13,381 - INFO - max_history_budget=2, max_history_result=(set(), 0, 0.0)
2021-09-18 01:52:13,381 - INFO - load: budget=1; scheme=(0.0,0.0); tilderR=(55) tilderS=(0); result=(set(), 0); rev=0.0
2021-09-18 01:52:13,381 - INFO - load: budget=2; scheme=(0.0,0.0); tilderR=(55) tilderS=(0); result=(set(), 0); rev=0.0
2021-09-18 01:52:13,381 - INFO - ********** (0.2, 0.0, 0.0)
2021-09-18 01:52:13,381 - INFO - max_history_budget=2, max_history_result=(set(), 0, 0.0)
2021-09-18 01:52:13,382 - INFO - load: budget=1; scheme=(0.2,0.0); tilderR=(55) tilderS=(0); result=(set(), 0); rev=0.0
2021-09-18 01:52:13,382 - INFO - load: budget=2; scheme=(0.2,0.0); tilderR=(55) tilderS=(0); result=(set(), 0); rev=0.0
2021-09-18 01:52:13,382 - INFO - ********** (0.2, 0.2, 0.04000000000000001)
2021-09-18 01:52:13,382 - INFO - max_history_budget=2, max_history_result=(set(), 0, 0.0)
2021-09-18 01:52:13,382 - INFO - load: budget=1; scheme=(0.2,0.04000000000000001); tilderR=(55) tilderS=(0); result=(set(), 0); rev=0.0
2021-09-18 01:52:13,382 - INFO - load: budget=2; scheme=(0.2,0.04000000000000001); tilderR=(55) tilderS=(0); result=(set(), 0); rev=0.0
2021-09-18 01:52:13,382 - INFO - ********** (0.2, 0.4, 0.08000000000000002)
2021-09-18 01:52:13,382 - INFO - max_history_budget=2, max_history_result=(set(), 0, 0.0)
2021-09-18 01:52:13,382 - INFO - load: budget=1; scheme=(0.2,0.08000000000000002); tilderR=(55) tilderS=(0); result=(set(), 0); rev=0.0
2021-09-18 01:52:13,382 - INFO - load: budget=2; scheme=(0.2,0.08000000000000002); tilderR=(55) tilderS=(0); result=(set(), 0); rev=0.0
2021-09-18 01:52:13,383 - INFO - ********** (0.2, 0.6000000000000001, 0.12000000000000002)
2021-09-18 01:52:13,383 - INFO - max_history_budget=0, max_history_result=None
2021-09-18 01:52:13,387 - INFO - compute: budget=1; scheme=(0.2,0.12000000000000002); tilderR=(55) tilderS=(1); result=({168}, 631); rev=50.47999999999999
2021-09-18 01:52:13,389 - INFO - compute: budget=2; scheme=(0.2,0.12000000000000002); tilderR=(55) tilderS=(1); result=({168}, 631); rev=50.47999999999999
2021-09-18 01:52:13,389 - INFO - ********** (0.2, 0.8, 0.16000000000000003)
2021-09-18 01:52:13,389 - INFO - max_history_budget=0, max_history_result=None
2021-09-18 01:52:13,396 - INFO - compute: budget=1; scheme=(0.2,0.16000000000000003); tilderR=(55) tilderS=(2); result=({125}, 671); rev=26.839999999999986
2021-09-18 01:52:13,402 - INFO - compute: budget=2; scheme=(0.2,0.16000000000000003); tilderR=(55) tilderS=(2); result=({168, 125}, 1093); rev=43.71999999999998
2021-09-18 01:52:13,402 - INFO - ********** (0.2, 1.0, 0.2)
2021-09-18 01:52:13,402 - INFO - max_history_budget=0, max_history_result=None
2021-09-18 01:52:13,411 - INFO - compute: budget=1; scheme=(0.2,0.2); tilderR=(55) tilderS=(3); result=({46}, 787); rev=0.0
2021-09-18 01:52:13,420 - INFO - compute: budget=2; scheme=(0.2,0.2); tilderR=(55) tilderS=(3); result=({125, 46}, 1375); rev=0.0
2021-09-18 01:52:13,420 - INFO - ********** (0.4, 0.0, 0.0)
2021-09-18 01:52:13,421 - INFO - max_history_budget=0, max_history_result=None
2021-09-18 01:52:13,422 - INFO - compute: budget=1; scheme=(0.4,0.0); tilderR=(49) tilderS=(0); result=(set(), 0); rev=0.0
2021-09-18 01:52:13,422 - INFO - compute: budget=2; scheme=(0.4,0.0); tilderR=(49) tilderS=(0); result=(set(), 0); rev=0.0
2021-09-18 01:52:13,422 - INFO - ********** (0.4, 0.2, 0.08000000000000002)
2021-09-18 01:52:13,422 - INFO - max_history_budget=2, max_history_result=(set(), 0, 0.0)
2021-09-18 01:52:13,423 - INFO - load: budget=1; scheme=(0.4,0.08000000000000002); tilderR=(49) tilderS=(0); result=(set(), 0); rev=0.0
2021-09-18 01:52:13,423 - INFO - load: budget=2; scheme=(0.4,0.08000000000000002); tilderR=(49) tilderS=(0); result=(set(), 0); rev=0.0
2021-09-18 01:52:13,423 - INFO - ********** (0.4, 0.4, 0.16000000000000003)
2021-09-18 01:52:13,423 - INFO - max_history_budget=0, max_history_result=None
2021-09-18 01:52:13,429 - INFO - compute: budget=1; scheme=(0.4,0.16000000000000003); tilderR=(49) tilderS=(2); result=({125}, 560); rev=134.4
2021-09-18 01:52:13,435 - INFO - compute: budget=2; scheme=(0.4,0.16000000000000003); tilderR=(49) tilderS=(2); result=({168, 125}, 898); rev=215.51999999999998
2021-09-18 01:52:13,435 - INFO - ********** (0.4, 0.6000000000000001, 0.24000000000000005)
2021-09-18 01:52:13,436 - INFO - max_history_budget=0, max_history_result=None
2021-09-18 01:52:13,447 - INFO - compute: budget=1; scheme=(0.4,0.24000000000000005); tilderR=(49) tilderS=(5); result=({46}, 656); rev=104.95999999999998
2021-09-18 01:52:13,460 - INFO - compute: budget=2; scheme=(0.4,0.24000000000000005); tilderR=(49) tilderS=(5); result=({125, 46}, 1147); rev=183.51999999999998
2021-09-18 01:52:13,460 - INFO - ********** (0.4, 0.8, 0.32000000000000006)
2021-09-18 01:52:13,461 - INFO - max_history_budget=0, max_history_result=None
2021-09-18 01:52:13,484 - INFO - compute: budget=1; scheme=(0.4,0.32000000000000006); tilderR=(49) tilderS=(10); result=({46}, 656); rev=52.479999999999976
2021-09-18 01:52:13,511 - INFO - compute: budget=2; scheme=(0.4,0.32000000000000006); tilderR=(49) tilderS=(10); result=({49, 46}, 1202); rev=96.15999999999995
2021-09-18 01:52:13,511 - INFO - ********** (0.4, 1.0, 0.4)
2021-09-18 01:52:13,512 - INFO - max_history_budget=0, max_history_result=None
2021-09-18 01:52:13,547 - INFO - compute: budget=1; scheme=(0.4,0.4); tilderR=(49) tilderS=(19); result=({150}, 787); rev=0.0
2021-09-18 01:52:13,595 - INFO - compute: budget=2; scheme=(0.4,0.4); tilderR=(49) tilderS=(19); result=({46, 150}, 1333); rev=0.0
2021-09-18 01:52:13,595 - INFO - ********** (0.6000000000000001, 0.0, 0.0)
2021-09-18 01:52:13,596 - INFO - max_history_budget=0, max_history_result=None
2021-09-18 01:52:13,597 - INFO - compute: budget=1; scheme=(0.6000000000000001,0.0); tilderR=(21) tilderS=(0); result=(set(), 0); rev=0.0
2021-09-18 01:52:13,597 - INFO - compute: budget=2; scheme=(0.6000000000000001,0.0); tilderR=(21) tilderS=(0); result=(set(), 0); rev=0.0
2021-09-18 01:52:13,597 - INFO - ********** (0.6000000000000001, 0.2, 0.12000000000000002)
2021-09-18 01:52:13,598 - INFO - max_history_budget=0, max_history_result=None
2021-09-18 01:52:13,599 - INFO - compute: budget=1; scheme=(0.6000000000000001,0.12000000000000002); tilderR=(21) tilderS=(1); result=({168}, 101); rev=48.48000000000001
2021-09-18 01:52:13,600 - INFO - compute: budget=2; scheme=(0.6000000000000001,0.12000000000000002); tilderR=(21) tilderS=(1); result=({168}, 101); rev=48.48000000000001
2021-09-18 01:52:13,600 - INFO - ********** (0.6000000000000001, 0.4, 0.24000000000000005)
2021-09-18 01:52:13,601 - INFO - max_history_budget=0, max_history_result=None
2021-09-18 01:52:13,606 - INFO - compute: budget=1; scheme=(0.6000000000000001,0.24000000000000005); tilderR=(21) tilderS=(5); result=({46}, 189); rev=68.04
2021-09-18 01:52:13,611 - INFO - compute: budget=2; scheme=(0.6000000000000001,0.24000000000000005); tilderR=(21) tilderS=(5); result=({125, 46}, 322); rev=115.92000000000002
2021-09-18 01:52:13,611 - INFO - ********** (0.6000000000000001, 0.6000000000000001, 0.3600000000000001)
2021-09-18 01:52:13,612 - INFO - max_history_budget=0, max_history_result=None
2021-09-18 01:52:13,624 - INFO - compute: budget=1; scheme=(0.6000000000000001,0.3600000000000001); tilderR=(21) tilderS=(14); result=({1}, 227); rev=54.48
2021-09-18 01:52:13,640 - INFO - compute: budget=2; scheme=(0.6000000000000001,0.3600000000000001); tilderR=(21) tilderS=(14); result=({1, 49}, 384); rev=92.16
2021-09-18 01:52:13,640 - INFO - ********** (0.6000000000000001, 0.8, 0.4800000000000001)
2021-09-18 01:52:13,641 - INFO - max_history_budget=0, max_history_result=None
2021-09-18 01:52:13,668 - INFO - compute: budget=1; scheme=(0.6000000000000001,0.4800000000000001); tilderR=(21) tilderS=(32); result=({150}, 271); rev=32.519999999999996
2021-09-18 01:52:13,703 - INFO - compute: budget=2; scheme=(0.6000000000000001,0.4800000000000001); tilderR=(21) tilderS=(32); result=({1, 150}, 498); rev=59.76
2021-09-18 01:52:13,703 - INFO - ********** (0.6000000000000001, 1.0, 0.6000000000000001)
2021-09-18 01:52:13,704 - INFO - max_history_budget=0, max_history_result=None
2021-09-18 01:52:13,742 - INFO - compute: budget=1; scheme=(0.6000000000000001,0.6000000000000001); tilderR=(21) tilderS=(46); result=({150}, 271); rev=0.0
2021-09-18 01:52:13,796 - INFO - compute: budget=2; scheme=(0.6000000000000001,0.6000000000000001); tilderR=(21) tilderS=(46); result=({1, 150}, 498); rev=0.0
2021-09-18 01:52:13,797 - INFO - ********** (0.8, 0.0, 0.0)
2021-09-18 01:52:13,798 - INFO - max_history_budget=0, max_history_result=None
2021-09-18 01:52:13,798 - INFO - compute: budget=1; scheme=(0.8,0.0); tilderR=(3) tilderS=(0); result=(set(), 0); rev=0.0
2021-09-18 01:52:13,798 - INFO - compute: budget=2; scheme=(0.8,0.0); tilderR=(3) tilderS=(0); result=(set(), 0); rev=0.0
2021-09-18 01:52:13,798 - INFO - ********** (0.8, 0.2, 0.16000000000000003)
2021-09-18 01:52:13,799 - INFO - max_history_budget=0, max_history_result=None
2021-09-18 01:52:13,799 - INFO - compute: budget=1; scheme=(0.8,0.16000000000000003); tilderR=(3) tilderS=(2); result=({125}, 10); rev=6.4
2021-09-18 01:52:13,800 - INFO - compute: budget=2; scheme=(0.8,0.16000000000000003); tilderR=(3) tilderS=(2); result=({168, 125}, 12); rev=7.68
2021-09-18 01:52:13,800 - INFO - ********** (0.8, 0.4, 0.32000000000000006)
2021-09-18 01:52:13,801 - INFO - max_history_budget=0, max_history_result=None
2021-09-18 01:52:13,802 - INFO - compute: budget=1; scheme=(0.8,0.32000000000000006); tilderR=(3) tilderS=(10); result=({47}, 18); rev=8.64
2021-09-18 01:52:13,804 - INFO - compute: budget=2; scheme=(0.8,0.32000000000000006); tilderR=(3) tilderS=(10); result=({46, 47}, 31); rev=14.879999999999999
2021-09-18 01:52:13,804 - INFO - ********** (0.8, 0.6000000000000001, 0.4800000000000001)
2021-09-18 01:52:13,805 - INFO - max_history_budget=0, max_history_result=None
2021-09-18 01:52:13,810 - INFO - compute: budget=1; scheme=(0.8,0.4800000000000001); tilderR=(3) tilderS=(32); result=({150}, 31); rev=9.919999999999998
2021-09-18 01:52:13,815 - INFO - compute: budget=2; scheme=(0.8,0.4800000000000001); tilderR=(3) tilderS=(32); result=({173, 150}, 35); rev=11.199999999999998
2021-09-18 01:52:13,815 - INFO - ********** (0.8, 0.8, 0.6400000000000001)
2021-09-18 01:52:13,817 - INFO - max_history_budget=0, max_history_result=None
2021-09-18 01:52:13,822 - INFO - compute: budget=1; scheme=(0.8,0.6400000000000001); tilderR=(3) tilderS=(48); result=({150}, 31); rev=4.959999999999997
2021-09-18 01:52:13,830 - INFO - compute: budget=2; scheme=(0.8,0.6400000000000001); tilderR=(3) tilderS=(48); result=({109, 150}, 55); rev=8.799999999999995
2021-09-18 01:52:13,830 - INFO - ********** (0.8, 1.0, 0.8)
2021-09-18 01:52:13,831 - INFO - max_history_budget=0, max_history_result=None
2021-09-18 01:52:13,838 - INFO - compute: budget=1; scheme=(0.8,0.8); tilderR=(3) tilderS=(54); result=({150}, 31); rev=0.0
2021-09-18 01:52:13,847 - INFO - compute: budget=2; scheme=(0.8,0.8); tilderR=(3) tilderS=(54); result=({109, 150}, 55); rev=0.0
2021-09-18 01:52:13,847 - INFO - ********** (1.0, 0.0, 0.0)
2021-09-18 01:52:13,848 - INFO - max_history_budget=0, max_history_result=None
2021-09-18 01:52:13,848 - INFO - compute: budget=1; scheme=(1.0,0.0); tilderR=(0) tilderS=(0); result=(set(), 0); rev=0.0
2021-09-18 01:52:13,848 - INFO - compute: budget=2; scheme=(1.0,0.0); tilderR=(0) tilderS=(0); result=(set(), 0); rev=0.0
2021-09-18 01:52:13,848 - INFO - ********** (1.0, 0.2, 0.2)
2021-09-18 01:52:13,850 - INFO - max_history_budget=0, max_history_result=None
2021-09-18 01:52:13,850 - INFO - compute: budget=1; scheme=(1.0,0.2); tilderR=(0) tilderS=(3); result=({46}, 0); rev=0.0
2021-09-18 01:52:13,850 - INFO - compute: budget=2; scheme=(1.0,0.2); tilderR=(0) tilderS=(3); result=({125, 46}, 0); rev=0.0
2021-09-18 01:52:13,850 - INFO - ********** (1.0, 0.4, 0.4)
2021-09-18 01:52:13,851 - INFO - max_history_budget=0, max_history_result=None
2021-09-18 01:52:13,851 - INFO - compute: budget=1; scheme=(1.0,0.4); tilderR=(0) tilderS=(19); result=({62}, 0); rev=0.0
2021-09-18 01:52:13,851 - INFO - compute: budget=2; scheme=(1.0,0.4); tilderR=(0) tilderS=(19); result=({61, 62}, 0); rev=0.0
2021-09-18 01:52:13,852 - INFO - ********** (1.0, 0.6000000000000001, 0.6000000000000001)
2021-09-18 01:52:13,853 - INFO - max_history_budget=0, max_history_result=None
2021-09-18 01:52:13,853 - INFO - compute: budget=1; scheme=(1.0,0.6000000000000001); tilderR=(0) tilderS=(46); result=({125}, 0); rev=0.0
2021-09-18 01:52:13,853 - INFO - compute: budget=2; scheme=(1.0,0.6000000000000001); tilderR=(0) tilderS=(46); result=({122, 125}, 0); rev=0.0
2021-09-18 01:52:13,853 - INFO - ********** (1.0, 0.8, 0.8)
2021-09-18 01:52:13,855 - INFO - max_history_budget=0, max_history_result=None
2021-09-18 01:52:13,855 - INFO - compute: budget=1; scheme=(1.0,0.8); tilderR=(0) tilderS=(54); result=({125}, 0); rev=0.0
2021-09-18 01:52:13,855 - INFO - compute: budget=2; scheme=(1.0,0.8); tilderR=(0) tilderS=(54); result=({122, 125}, 0); rev=0.0
2021-09-18 01:52:13,855 - INFO - ********** (1.0, 1.0, 1.0)
2021-09-18 01:52:13,856 - INFO - max_history_budget=2, max_history_result=({122, 125}, 0, 0.0)
2021-09-18 01:52:13,857 - INFO - load: budget=1; scheme=(1.0,1.0); tilderR=(0) tilderS=(54); result=({122, 125}, 0); rev=0.0
2021-09-18 01:52:13,858 - INFO - load: budget=2; scheme=(1.0,1.0); tilderR=(0) tilderS=(54); result=({122, 125}, 0); rev=0.0
