2021-09-18 01:45:37,373 - INFO - Namespace(a='2', beta_paras='3,6,6,3', budget_list='4', did='d1', grain_alpha='5', grain_p='5', method='greedy', percent_R='0.25', percent_S='0.25', seed='32', version='v09180145')
2021-09-18 01:45:37,387 - INFO - Finish random requester set R and supplier set S 
                             percent_R=0.25, num_R=55, len_R=55 
                             percent_S=0.25, num_S=55, len_S=54
2021-09-18 01:45:37,954 - INFO - Finish generate valuations and costs using using a=2
2021-09-18 01:45:38,432 - INFO - ********** (0.0, 0.0, 0.0)
2021-09-18 01:45:38,432 - INFO - max_history_budget=2, max_history_result=(set(), 0, 0.0)
2021-09-18 01:45:38,433 - INFO - load: budget=1; scheme=(0.0,0.0); tilderR=(55) tilderS=(0); result=(set(), 0); rev=0.0
2021-09-18 01:45:38,433 - INFO - when budget_last = 2,  M_last = set()
2021-09-18 01:45:38,433 - INFO - when budget_last = 2, M_last = set()
2021-09-18 01:45:38,433 - INFO - compute: budget=3; scheme=(0.0,0.0); tilderR=(55) tilderS=(0); result=(set(), 0); rev=0.0
2021-09-18 01:45:38,433 - INFO - when budget_last = 3,  M_last = set()
2021-09-18 01:45:38,433 - INFO - when budget_last = 3, M_last = set()
2021-09-18 01:45:38,433 - INFO - compute: budget=4; scheme=(0.0,0.0); tilderR=(55) tilderS=(0); result=(set(), 0); rev=0.0
2021-09-18 01:45:38,433 - INFO - ********** (0.0, 0.2, 0.0)
2021-09-18 01:45:38,433 - INFO - max_history_budget=4, max_history_result=(set(), 0, 0.0)
2021-09-18 01:45:38,433 - INFO - load: budget=1; scheme=(0.0,0.0); tilderR=(55) tilderS=(0); result=(set(), 0); rev=0.0
2021-09-18 01:45:38,434 - INFO - load: budget=2; scheme=(0.0,0.0); tilderR=(55) tilderS=(0); result=(set(), 0); rev=0.0
2021-09-18 01:45:38,434 - INFO - load: budget=3; scheme=(0.0,0.0); tilderR=(55) tilderS=(0); result=(set(), 0); rev=0.0
2021-09-18 01:45:38,434 - INFO - ********** (0.0, 0.4, 0.0)
2021-09-18 01:45:38,434 - INFO - max_history_budget=4, max_history_result=(set(), 0, 0.0)
2021-09-18 01:45:38,434 - INFO - load: budget=1; scheme=(0.0,0.0); tilderR=(55) tilderS=(0); result=(set(), 0); rev=0.0
2021-09-18 01:45:38,434 - INFO - load: budget=2; scheme=(0.0,0.0); tilderR=(55) tilderS=(0); result=(set(), 0); rev=0.0
2021-09-18 01:45:38,434 - INFO - load: budget=3; scheme=(0.0,0.0); tilderR=(55) tilderS=(0); result=(set(), 0); rev=0.0
2021-09-18 01:45:38,434 - INFO - ********** (0.0, 0.6000000000000001, 0.0)
2021-09-18 01:45:38,434 - INFO - max_history_budget=4, max_history_result=(set(), 0, 0.0)
2021-09-18 01:45:38,435 - INFO - load: budget=1; scheme=(0.0,0.0); tilderR=(55) tilderS=(0); result=(set(), 0); rev=0.0
2021-09-18 01:45:38,435 - INFO - load: budget=2; scheme=(0.0,0.0); tilderR=(55) tilderS=(0); result=(set(), 0); rev=0.0
2021-09-18 01:45:38,435 - INFO - load: budget=3; scheme=(0.0,0.0); tilderR=(55) tilderS=(0); result=(set(), 0); rev=0.0
2021-09-18 01:45:38,435 - INFO - ********** (0.0, 0.8, 0.0)
2021-09-18 01:45:38,435 - INFO - max_history_budget=4, max_history_result=(set(), 0, 0.0)
2021-09-18 01:45:38,435 - INFO - load: budget=1; scheme=(0.0,0.0); tilderR=(55) tilderS=(0); result=(set(), 0); rev=0.0
2021-09-18 01:45:38,435 - INFO - load: budget=2; scheme=(0.0,0.0); tilderR=(55) tilderS=(0); result=(set(), 0); rev=0.0
2021-09-18 01:45:38,435 - INFO - load: budget=3; scheme=(0.0,0.0); tilderR=(55) tilderS=(0); result=(set(), 0); rev=0.0
2021-09-18 01:45:38,436 - INFO - ********** (0.0, 1.0, 0.0)
2021-09-18 01:45:38,436 - INFO - max_history_budget=4, max_history_result=(set(), 0, 0.0)
2021-09-18 01:45:38,436 - INFO - load: budget=1; scheme=(0.0,0.0); tilderR=(55) tilderS=(0); result=(set(), 0); rev=0.0
2021-09-18 01:45:38,436 - INFO - load: budget=2; scheme=(0.0,0.0); tilderR=(55) tilderS=(0); result=(set(), 0); rev=0.0
2021-09-18 01:45:38,436 - INFO - load: budget=3; scheme=(0.0,0.0); tilderR=(55) tilderS=(0); result=(set(), 0); rev=0.0
2021-09-18 01:45:38,436 - INFO - ********** (0.2, 0.0, 0.0)
2021-09-18 01:45:38,436 - INFO - max_history_budget=4, max_history_result=(set(), 0, 0.0)
2021-09-18 01:45:38,436 - INFO - load: budget=1; scheme=(0.2,0.0); tilderR=(55) tilderS=(0); result=(set(), 0); rev=0.0
2021-09-18 01:45:38,437 - INFO - load: budget=2; scheme=(0.2,0.0); tilderR=(55) tilderS=(0); result=(set(), 0); rev=0.0
2021-09-18 01:45:38,437 - INFO - load: budget=3; scheme=(0.2,0.0); tilderR=(55) tilderS=(0); result=(set(), 0); rev=0.0
2021-09-18 01:45:38,437 - INFO - ********** (0.2, 0.2, 0.04000000000000001)
2021-09-18 01:45:38,437 - INFO - max_history_budget=4, max_history_result=(set(), 0, 0.0)
2021-09-18 01:45:38,437 - INFO - load: budget=1; scheme=(0.2,0.04000000000000001); tilderR=(55) tilderS=(0); result=(set(), 0); rev=0.0
2021-09-18 01:45:38,437 - INFO - load: budget=2; scheme=(0.2,0.04000000000000001); tilderR=(55) tilderS=(0); result=(set(), 0); rev=0.0
2021-09-18 01:45:38,437 - INFO - load: budget=3; scheme=(0.2,0.04000000000000001); tilderR=(55) tilderS=(0); result=(set(), 0); rev=0.0
2021-09-18 01:45:38,437 - INFO - ********** (0.2, 0.4, 0.08000000000000002)
2021-09-18 01:45:38,437 - INFO - max_history_budget=4, max_history_result=(set(), 0, 0.0)
2021-09-18 01:45:38,438 - INFO - load: budget=1; scheme=(0.2,0.08000000000000002); tilderR=(55) tilderS=(0); result=(set(), 0); rev=0.0
2021-09-18 01:45:38,438 - INFO - load: budget=2; scheme=(0.2,0.08000000000000002); tilderR=(55) tilderS=(0); result=(set(), 0); rev=0.0
2021-09-18 01:45:38,438 - INFO - load: budget=3; scheme=(0.2,0.08000000000000002); tilderR=(55) tilderS=(0); result=(set(), 0); rev=0.0
2021-09-18 01:45:38,438 - INFO - ********** (0.2, 0.6000000000000001, 0.12000000000000002)
2021-09-18 01:45:38,438 - INFO - max_history_budget=2, max_history_result=({168}, 631, 50.47999999999999)
2021-09-18 01:45:38,438 - INFO - load: budget=1; scheme=(0.2,0.12000000000000002); tilderR=(55) tilderS=(1); result=({168}, 631); rev=50.47999999999999
2021-09-18 01:45:38,438 - INFO - when budget_last = 2,  M_last = {168}
2021-09-18 01:45:38,439 - INFO - when budget_last = 2, M_last = {168}
2021-09-18 01:45:38,439 - INFO - compute: budget=3; scheme=(0.2,0.12000000000000002); tilderR=(55) tilderS=(1); result=({168}, 631); rev=50.47999999999999
2021-09-18 01:45:38,439 - INFO - when budget_last = 3,  M_last = {168}
2021-09-18 01:45:38,439 - INFO - when budget_last = 3, M_last = {168}
2021-09-18 01:45:38,439 - INFO - compute: budget=4; scheme=(0.2,0.12000000000000002); tilderR=(55) tilderS=(1); result=({168}, 631); rev=50.47999999999999
2021-09-18 01:45:38,439 - INFO - ********** (0.2, 0.8, 0.16000000000000003)
2021-09-18 01:45:38,439 - INFO - max_history_budget=2, max_history_result=({168, 125}, 1093, 43.71999999999998)
2021-09-18 01:45:38,440 - INFO - load: budget=1; scheme=(0.2,0.16000000000000003); tilderR=(55) tilderS=(2); result=({125}, 671); rev=26.839999999999986
2021-09-18 01:45:38,440 - INFO - when budget_last = 2,  M_last = {168, 125}
2021-09-18 01:45:38,443 - INFO - when budget_last = 2, M_last = {168, 125}
2021-09-18 01:45:38,443 - INFO - compute: budget=3; scheme=(0.2,0.16000000000000003); tilderR=(55) tilderS=(2); result=({125}, 1093); rev=43.71999999999998
2021-09-18 01:45:38,443 - INFO - when budget_last = 3,  M_last = {125}
2021-09-18 01:45:38,443 - INFO - when budget_last = 3, M_last = {125}
2021-09-18 01:45:38,443 - INFO - compute: budget=4; scheme=(0.2,0.16000000000000003); tilderR=(55) tilderS=(2); result=({125}, 1093); rev=43.71999999999998
2021-09-18 01:45:38,443 - INFO - ********** (0.2, 1.0, 0.2)
2021-09-18 01:45:38,444 - INFO - max_history_budget=2, max_history_result=({125, 46}, 1375, 0.0)
2021-09-18 01:45:38,444 - INFO - load: budget=1; scheme=(0.2,0.2); tilderR=(55) tilderS=(3); result=({46}, 787); rev=0.0
2021-09-18 01:45:38,444 - INFO - when budget_last = 2,  M_last = {125, 46}
2021-09-18 01:45:38,452 - INFO - when budget_last = 2, M_last = {168, 125, 46}
2021-09-18 01:45:38,452 - INFO - compute: budget=3; scheme=(0.2,0.2); tilderR=(55) tilderS=(3); result=({46}, 1770); rev=0.0
2021-09-18 01:45:38,452 - INFO - when budget_last = 3,  M_last = {46}
2021-09-18 01:45:38,452 - INFO - when budget_last = 3, M_last = {46}
2021-09-18 01:45:38,452 - INFO - compute: budget=4; scheme=(0.2,0.2); tilderR=(55) tilderS=(3); result=({46}, 1375); rev=0.0
2021-09-18 01:45:38,452 - INFO - ********** (0.4, 0.0, 0.0)
2021-09-18 01:45:38,453 - INFO - max_history_budget=2, max_history_result=(set(), 0, 0.0)
2021-09-18 01:45:38,453 - INFO - load: budget=1; scheme=(0.4,0.0); tilderR=(49) tilderS=(0); result=(set(), 0); rev=0.0
2021-09-18 01:45:38,453 - INFO - when budget_last = 2,  M_last = set()
2021-09-18 01:45:38,453 - INFO - when budget_last = 2, M_last = set()
2021-09-18 01:45:38,453 - INFO - compute: budget=3; scheme=(0.4,0.0); tilderR=(49) tilderS=(0); result=(set(), 0); rev=0.0
2021-09-18 01:45:38,453 - INFO - when budget_last = 3,  M_last = set()
2021-09-18 01:45:38,453 - INFO - when budget_last = 3, M_last = set()
2021-09-18 01:45:38,454 - INFO - compute: budget=4; scheme=(0.4,0.0); tilderR=(49) tilderS=(0); result=(set(), 0); rev=0.0
2021-09-18 01:45:38,454 - INFO - ********** (0.4, 0.2, 0.08000000000000002)
2021-09-18 01:45:38,454 - INFO - max_history_budget=4, max_history_result=(set(), 0, 0.0)
2021-09-18 01:45:38,454 - INFO - load: budget=1; scheme=(0.4,0.08000000000000002); tilderR=(49) tilderS=(0); result=(set(), 0); rev=0.0
2021-09-18 01:45:38,454 - INFO - load: budget=2; scheme=(0.4,0.08000000000000002); tilderR=(49) tilderS=(0); result=(set(), 0); rev=0.0
2021-09-18 01:45:38,455 - INFO - load: budget=3; scheme=(0.4,0.08000000000000002); tilderR=(49) tilderS=(0); result=(set(), 0); rev=0.0
2021-09-18 01:45:38,455 - INFO - ********** (0.4, 0.4, 0.16000000000000003)
2021-09-18 01:45:38,455 - INFO - max_history_budget=2, max_history_result=({168, 125}, 898, 215.51999999999998)
2021-09-18 01:45:38,456 - INFO - load: budget=1; scheme=(0.4,0.16000000000000003); tilderR=(49) tilderS=(2); result=({125}, 560); rev=134.4
2021-09-18 01:45:38,456 - INFO - when budget_last = 2,  M_last = {168, 125}
2021-09-18 01:45:38,459 - INFO - when budget_last = 2, M_last = {168, 125}
2021-09-18 01:45:38,459 - INFO - compute: budget=3; scheme=(0.4,0.16000000000000003); tilderR=(49) tilderS=(2); result=({125}, 898); rev=215.51999999999998
2021-09-18 01:45:38,459 - INFO - when budget_last = 3,  M_last = {125}
2021-09-18 01:45:38,460 - INFO - when budget_last = 3, M_last = {125}
2021-09-18 01:45:38,460 - INFO - compute: budget=4; scheme=(0.4,0.16000000000000003); tilderR=(49) tilderS=(2); result=({125}, 898); rev=215.51999999999998
2021-09-18 01:45:38,460 - INFO - ********** (0.4, 0.6000000000000001, 0.24000000000000005)
2021-09-18 01:45:38,460 - INFO - max_history_budget=2, max_history_result=({125, 46}, 1147, 183.51999999999998)
2021-09-18 01:45:38,461 - INFO - load: budget=1; scheme=(0.4,0.24000000000000005); tilderR=(49) tilderS=(5); result=({46}, 656); rev=104.95999999999998
2021-09-18 01:45:38,461 - INFO - when budget_last = 2,  M_last = {125, 46}
2021-09-18 01:45:38,475 - INFO - when budget_last = 2, M_last = {125, 46, 149}
2021-09-18 01:45:38,475 - INFO - compute: budget=3; scheme=(0.4,0.24000000000000005); tilderR=(49) tilderS=(5); result=({46}, 1510); rev=241.59999999999997
2021-09-18 01:45:38,475 - INFO - when budget_last = 3,  M_last = {46}
2021-09-18 01:45:38,475 - INFO - when budget_last = 3, M_last = {46}
2021-09-18 01:45:38,475 - INFO - compute: budget=4; scheme=(0.4,0.24000000000000005); tilderR=(49) tilderS=(5); result=({46}, 1147); rev=183.51999999999998
2021-09-18 01:45:38,475 - INFO - ********** (0.4, 0.8, 0.32000000000000006)
2021-09-18 01:45:38,476 - INFO - max_history_budget=2, max_history_result=({49, 46}, 1202, 96.15999999999995)
2021-09-18 01:45:38,476 - INFO - load: budget=1; scheme=(0.4,0.32000000000000006); tilderR=(49) tilderS=(10); result=({46}, 656); rev=52.479999999999976
2021-09-18 01:45:38,476 - INFO - when budget_last = 2,  M_last = {49, 46}
2021-09-18 01:45:38,508 - INFO - when budget_last = 2, M_last = {49, 125, 46}
2021-09-18 01:45:38,508 - INFO - compute: budget=3; scheme=(0.4,0.32000000000000006); tilderR=(49) tilderS=(10); result=({46}, 1675); rev=133.99999999999994
2021-09-18 01:45:38,508 - INFO - when budget_last = 3,  M_last = {46}
2021-09-18 01:45:38,508 - INFO - when budget_last = 3, M_last = {46}
2021-09-18 01:45:38,508 - INFO - compute: budget=4; scheme=(0.4,0.32000000000000006); tilderR=(49) tilderS=(10); result=({46}, 1202); rev=96.15999999999995
2021-09-18 01:45:38,508 - INFO - ********** (0.4, 1.0, 0.4)
2021-09-18 01:45:38,509 - INFO - max_history_budget=2, max_history_result=({46, 150}, 1333, 0.0)
2021-09-18 01:45:38,509 - INFO - load: budget=1; scheme=(0.4,0.4); tilderR=(49) tilderS=(19); result=({150}, 787); rev=0.0
2021-09-18 01:45:38,510 - INFO - when budget_last = 2,  M_last = {46, 150}
2021-09-18 01:45:38,569 - INFO - when budget_last = 2, M_last = {46, 1, 150}
2021-09-18 01:45:38,570 - INFO - compute: budget=3; scheme=(0.4,0.4); tilderR=(49) tilderS=(19); result=({150}, 1903); rev=0.0
2021-09-18 01:45:38,570 - INFO - when budget_last = 3,  M_last = {150}
2021-09-18 01:45:38,570 - INFO - when budget_last = 3, M_last = {150}
2021-09-18 01:45:38,570 - INFO - compute: budget=4; scheme=(0.4,0.4); tilderR=(49) tilderS=(19); result=({150}, 1333); rev=0.0
2021-09-18 01:45:38,570 - INFO - ********** (0.6000000000000001, 0.0, 0.0)
2021-09-18 01:45:38,571 - INFO - max_history_budget=2, max_history_result=(set(), 0, 0.0)
2021-09-18 01:45:38,571 - INFO - load: budget=1; scheme=(0.6000000000000001,0.0); tilderR=(21) tilderS=(0); result=(set(), 0); rev=0.0
2021-09-18 01:45:38,571 - INFO - when budget_last = 2,  M_last = set()
2021-09-18 01:45:38,571 - INFO - when budget_last = 2, M_last = set()
2021-09-18 01:45:38,571 - INFO - compute: budget=3; scheme=(0.6000000000000001,0.0); tilderR=(21) tilderS=(0); result=(set(), 0); rev=0.0
2021-09-18 01:45:38,571 - INFO - when budget_last = 3,  M_last = set()
2021-09-18 01:45:38,571 - INFO - when budget_last = 3, M_last = set()
2021-09-18 01:45:38,572 - INFO - compute: budget=4; scheme=(0.6000000000000001,0.0); tilderR=(21) tilderS=(0); result=(set(), 0); rev=0.0
2021-09-18 01:45:38,572 - INFO - ********** (0.6000000000000001, 0.2, 0.12000000000000002)
2021-09-18 01:45:38,572 - INFO - max_history_budget=2, max_history_result=({168}, 101, 48.48000000000001)
2021-09-18 01:45:38,573 - INFO - load: budget=1; scheme=(0.6000000000000001,0.12000000000000002); tilderR=(21) tilderS=(1); result=({168}, 101); rev=48.48000000000001
2021-09-18 01:45:38,573 - INFO - when budget_last = 2,  M_last = {168}
2021-09-18 01:45:38,573 - INFO - when budget_last = 2, M_last = {168}
2021-09-18 01:45:38,573 - INFO - compute: budget=3; scheme=(0.6000000000000001,0.12000000000000002); tilderR=(21) tilderS=(1); result=({168}, 101); rev=48.48000000000001
2021-09-18 01:45:38,573 - INFO - when budget_last = 3,  M_last = {168}
2021-09-18 01:45:38,573 - INFO - when budget_last = 3, M_last = {168}
2021-09-18 01:45:38,573 - INFO - compute: budget=4; scheme=(0.6000000000000001,0.12000000000000002); tilderR=(21) tilderS=(1); result=({168}, 101); rev=48.48000000000001
2021-09-18 01:45:38,573 - INFO - ********** (0.6000000000000001, 0.4, 0.24000000000000005)
2021-09-18 01:45:38,574 - INFO - max_history_budget=2, max_history_result=({125, 46}, 322, 115.92000000000002)
2021-09-18 01:45:38,575 - INFO - load: budget=1; scheme=(0.6000000000000001,0.24000000000000005); tilderR=(21) tilderS=(5); result=({46}, 189); rev=68.04
2021-09-18 01:45:38,575 - INFO - when budget_last = 2,  M_last = {125, 46}
2021-09-18 01:45:38,581 - INFO - when budget_last = 2, M_last = {125, 46, 149}
2021-09-18 01:45:38,581 - INFO - compute: budget=3; scheme=(0.6000000000000001,0.24000000000000005); tilderR=(21) tilderS=(5); result=({46}, 431); rev=155.16000000000003
2021-09-18 01:45:38,581 - INFO - when budget_last = 3,  M_last = {46}
2021-09-18 01:45:38,581 - INFO - when budget_last = 3, M_last = {46}
2021-09-18 01:45:38,581 - INFO - compute: budget=4; scheme=(0.6000000000000001,0.24000000000000005); tilderR=(21) tilderS=(5); result=({46}, 322); rev=115.92000000000002
2021-09-18 01:45:38,581 - INFO - ********** (0.6000000000000001, 0.6000000000000001, 0.3600000000000001)
2021-09-18 01:45:38,582 - INFO - max_history_budget=2, max_history_result=({1, 49}, 384, 92.16)
2021-09-18 01:45:38,582 - INFO - load: budget=1; scheme=(0.6000000000000001,0.3600000000000001); tilderR=(21) tilderS=(14); result=({1}, 227); rev=54.48
2021-09-18 01:45:38,583 - INFO - when budget_last = 2,  M_last = {1, 49}
2021-09-18 01:45:38,602 - INFO - when budget_last = 2, M_last = {1, 46, 49}
2021-09-18 01:45:38,602 - INFO - compute: budget=3; scheme=(0.6000000000000001,0.3600000000000001); tilderR=(21) tilderS=(14); result=({1}, 544); rev=130.56
2021-09-18 01:45:38,602 - INFO - when budget_last = 3,  M_last = {1}
2021-09-18 01:45:38,602 - INFO - when budget_last = 3, M_last = {1}
2021-09-18 01:45:38,602 - INFO - compute: budget=4; scheme=(0.6000000000000001,0.3600000000000001); tilderR=(21) tilderS=(14); result=({1}, 384); rev=92.16
2021-09-18 01:45:38,602 - INFO - ********** (0.6000000000000001, 0.8, 0.4800000000000001)
2021-09-18 01:45:38,603 - INFO - max_history_budget=2, max_history_result=({1, 150}, 498, 59.76)
2021-09-18 01:45:38,604 - INFO - load: budget=1; scheme=(0.6000000000000001,0.4800000000000001); tilderR=(21) tilderS=(32); result=({150}, 271); rev=32.519999999999996
2021-09-18 01:45:38,604 - INFO - when budget_last = 2,  M_last = {1, 150}
2021-09-18 01:45:38,648 - INFO - when budget_last = 2, M_last = {1, 150, 49}
2021-09-18 01:45:38,649 - INFO - compute: budget=3; scheme=(0.6000000000000001,0.4800000000000001); tilderR=(21) tilderS=(32); result=({150}, 655); rev=78.6
2021-09-18 01:45:38,649 - INFO - when budget_last = 3,  M_last = {150}
2021-09-18 01:45:38,649 - INFO - when budget_last = 3, M_last = {150}
2021-09-18 01:45:38,649 - INFO - compute: budget=4; scheme=(0.6000000000000001,0.4800000000000001); tilderR=(21) tilderS=(32); result=({150}, 498); rev=59.76
2021-09-18 01:45:38,649 - INFO - ********** (0.6000000000000001, 1.0, 0.6000000000000001)
2021-09-18 01:45:38,650 - INFO - max_history_budget=2, max_history_result=({1, 150}, 498, 0.0)
2021-09-18 01:45:38,651 - INFO - load: budget=1; scheme=(0.6000000000000001,0.6000000000000001); tilderR=(21) tilderS=(46); result=({150}, 271); rev=0.0
2021-09-18 01:45:38,651 - INFO - when budget_last = 2,  M_last = {1, 150}
2021-09-18 01:45:38,714 - INFO - when budget_last = 2, M_last = {1, 150, 49}
2021-09-18 01:45:38,714 - INFO - compute: budget=3; scheme=(0.6000000000000001,0.6000000000000001); tilderR=(21) tilderS=(46); result=({150}, 655); rev=0.0
2021-09-18 01:45:38,714 - INFO - when budget_last = 3,  M_last = {150}
2021-09-18 01:45:38,714 - INFO - when budget_last = 3, M_last = {150}
2021-09-18 01:45:38,714 - INFO - compute: budget=4; scheme=(0.6000000000000001,0.6000000000000001); tilderR=(21) tilderS=(46); result=({150}, 498); rev=0.0
2021-09-18 01:45:38,714 - INFO - ********** (0.8, 0.0, 0.0)
2021-09-18 01:45:38,715 - INFO - max_history_budget=2, max_history_result=(set(), 0, 0.0)
2021-09-18 01:45:38,716 - INFO - load: budget=1; scheme=(0.8,0.0); tilderR=(3) tilderS=(0); result=(set(), 0); rev=0.0
2021-09-18 01:45:38,716 - INFO - when budget_last = 2,  M_last = set()
2021-09-18 01:45:38,716 - INFO - when budget_last = 2, M_last = set()
2021-09-18 01:45:38,716 - INFO - compute: budget=3; scheme=(0.8,0.0); tilderR=(3) tilderS=(0); result=(set(), 0); rev=0.0
2021-09-18 01:45:38,716 - INFO - when budget_last = 3,  M_last = set()
2021-09-18 01:45:38,716 - INFO - when budget_last = 3, M_last = set()
2021-09-18 01:45:38,716 - INFO - compute: budget=4; scheme=(0.8,0.0); tilderR=(3) tilderS=(0); result=(set(), 0); rev=0.0
2021-09-18 01:45:38,716 - INFO - ********** (0.8, 0.2, 0.16000000000000003)
2021-09-18 01:45:38,718 - INFO - max_history_budget=2, max_history_result=({168, 125}, 12, 7.68)
2021-09-18 01:45:38,718 - INFO - load: budget=1; scheme=(0.8,0.16000000000000003); tilderR=(3) tilderS=(2); result=({125}, 10); rev=6.4
2021-09-18 01:45:38,718 - INFO - when budget_last = 2,  M_last = {168, 125}
2021-09-18 01:45:38,718 - INFO - when budget_last = 2, M_last = {168, 125}
2021-09-18 01:45:38,719 - INFO - compute: budget=3; scheme=(0.8,0.16000000000000003); tilderR=(3) tilderS=(2); result=({125}, 12); rev=7.68
2021-09-18 01:45:38,719 - INFO - when budget_last = 3,  M_last = {125}
2021-09-18 01:45:38,719 - INFO - when budget_last = 3, M_last = {125}
2021-09-18 01:45:38,719 - INFO - compute: budget=4; scheme=(0.8,0.16000000000000003); tilderR=(3) tilderS=(2); result=({125}, 12); rev=7.68
2021-09-18 01:45:38,719 - INFO - ********** (0.8, 0.4, 0.32000000000000006)
2021-09-18 01:45:38,720 - INFO - max_history_budget=2, max_history_result=({46, 47}, 31, 14.879999999999999)
2021-09-18 01:45:38,721 - INFO - load: budget=1; scheme=(0.8,0.32000000000000006); tilderR=(3) tilderS=(10); result=({47}, 18); rev=8.64
2021-09-18 01:45:38,721 - INFO - when budget_last = 2,  M_last = {46, 47}
2021-09-18 01:45:38,723 - INFO - when budget_last = 2, M_last = {62, 46, 47}
2021-09-18 01:45:38,723 - INFO - compute: budget=3; scheme=(0.8,0.32000000000000006); tilderR=(3) tilderS=(10); result=({47}, 40); rev=19.2
2021-09-18 01:45:38,723 - INFO - when budget_last = 3,  M_last = {47}
2021-09-18 01:45:38,723 - INFO - when budget_last = 3, M_last = {47}
2021-09-18 01:45:38,723 - INFO - compute: budget=4; scheme=(0.8,0.32000000000000006); tilderR=(3) tilderS=(10); result=({47}, 31); rev=14.879999999999999
2021-09-18 01:45:38,724 - INFO - ********** (0.8, 0.6000000000000001, 0.4800000000000001)
2021-09-18 01:45:38,725 - INFO - max_history_budget=2, max_history_result=({173, 150}, 35, 11.199999999999998)
2021-09-18 01:45:38,726 - INFO - load: budget=1; scheme=(0.8,0.4800000000000001); tilderR=(3) tilderS=(32); result=({150}, 31); rev=9.919999999999998
2021-09-18 01:45:38,726 - INFO - when budget_last = 2,  M_last = {173, 150}
2021-09-18 01:45:38,733 - INFO - when budget_last = 2, M_last = {173, 150, 167}
2021-09-18 01:45:38,733 - INFO - compute: budget=3; scheme=(0.8,0.4800000000000001); tilderR=(3) tilderS=(32); result=({150}, 38); rev=12.159999999999998
2021-09-18 01:45:38,733 - INFO - when budget_last = 3,  M_last = {150}
2021-09-18 01:45:38,733 - INFO - when budget_last = 3, M_last = {150}
2021-09-18 01:45:38,733 - INFO - compute: budget=4; scheme=(0.8,0.4800000000000001); tilderR=(3) tilderS=(32); result=({150}, 35); rev=11.199999999999998
2021-09-18 01:45:38,733 - INFO - ********** (0.8, 0.8, 0.6400000000000001)
2021-09-18 01:45:38,735 - INFO - max_history_budget=2, max_history_result=({109, 150}, 55, 8.799999999999995)
2021-09-18 01:45:38,735 - INFO - load: budget=1; scheme=(0.8,0.6400000000000001); tilderR=(3) tilderS=(48); result=({150}, 31); rev=4.959999999999997
2021-09-18 01:45:38,735 - INFO - when budget_last = 2,  M_last = {109, 150}
2021-09-18 01:45:38,745 - INFO - when budget_last = 2, M_last = {109, 150, 173}
2021-09-18 01:45:38,745 - INFO - compute: budget=3; scheme=(0.8,0.6400000000000001); tilderR=(3) tilderS=(48); result=({150}, 59); rev=9.439999999999996
2021-09-18 01:45:38,745 - INFO - when budget_last = 3,  M_last = {150}
2021-09-18 01:45:38,745 - INFO - when budget_last = 3, M_last = {150}
2021-09-18 01:45:38,745 - INFO - compute: budget=4; scheme=(0.8,0.6400000000000001); tilderR=(3) tilderS=(48); result=({150}, 55); rev=8.799999999999995
2021-09-18 01:45:38,746 - INFO - ********** (0.8, 1.0, 0.8)
2021-09-18 01:45:38,747 - INFO - max_history_budget=2, max_history_result=({109, 150}, 55, 0.0)
2021-09-18 01:45:38,748 - INFO - load: budget=1; scheme=(0.8,0.8); tilderR=(3) tilderS=(54); result=({150}, 31); rev=0.0
2021-09-18 01:45:38,748 - INFO - when budget_last = 2,  M_last = {109, 150}
2021-09-18 01:45:38,759 - INFO - when budget_last = 2, M_last = {109, 150, 173}
2021-09-18 01:45:38,759 - INFO - compute: budget=3; scheme=(0.8,0.8); tilderR=(3) tilderS=(54); result=({150}, 59); rev=0.0
2021-09-18 01:45:38,759 - INFO - when budget_last = 3,  M_last = {150}
2021-09-18 01:45:38,759 - INFO - when budget_last = 3, M_last = {150}
2021-09-18 01:45:38,760 - INFO - compute: budget=4; scheme=(0.8,0.8); tilderR=(3) tilderS=(54); result=({150}, 55); rev=0.0
2021-09-18 01:45:38,760 - INFO - ********** (1.0, 0.0, 0.0)
2021-09-18 01:45:38,761 - INFO - max_history_budget=2, max_history_result=(set(), 0, 0.0)
2021-09-18 01:45:38,762 - INFO - load: budget=1; scheme=(1.0,0.0); tilderR=(0) tilderS=(0); result=(set(), 0); rev=0.0
2021-09-18 01:45:38,762 - INFO - when budget_last = 2,  M_last = set()
2021-09-18 01:45:38,762 - INFO - when budget_last = 2, M_last = set()
2021-09-18 01:45:38,762 - INFO - compute: budget=3; scheme=(1.0,0.0); tilderR=(0) tilderS=(0); result=(set(), 0); rev=0.0
2021-09-18 01:45:38,762 - INFO - when budget_last = 3,  M_last = set()
2021-09-18 01:45:38,762 - INFO - when budget_last = 3, M_last = set()
2021-09-18 01:45:38,762 - INFO - compute: budget=4; scheme=(1.0,0.0); tilderR=(0) tilderS=(0); result=(set(), 0); rev=0.0
2021-09-18 01:45:38,762 - INFO - ********** (1.0, 0.2, 0.2)
2021-09-18 01:45:38,764 - INFO - max_history_budget=2, max_history_result=({125, 46}, 0, 0.0)
2021-09-18 01:45:38,765 - INFO - load: budget=1; scheme=(1.0,0.2); tilderR=(0) tilderS=(3); result=({46}, 0); rev=0.0
2021-09-18 01:45:38,765 - INFO - when budget_last = 2,  M_last = {125, 46}
2021-09-18 01:45:38,765 - INFO - when budget_last = 2, M_last = {168, 125, 46}
2021-09-18 01:45:38,765 - INFO - compute: budget=3; scheme=(1.0,0.2); tilderR=(0) tilderS=(3); result=({46}, 0); rev=0.0
2021-09-18 01:45:38,765 - INFO - when budget_last = 3,  M_last = {46}
2021-09-18 01:45:38,765 - INFO - when budget_last = 3, M_last = {46}
2021-09-18 01:45:38,765 - INFO - compute: budget=4; scheme=(1.0,0.2); tilderR=(0) tilderS=(3); result=({46}, 0); rev=0.0
2021-09-18 01:45:38,765 - INFO - ********** (1.0, 0.4, 0.4)
2021-09-18 01:45:38,767 - INFO - max_history_budget=2, max_history_result=({61, 62}, 0, 0.0)
2021-09-18 01:45:38,768 - INFO - load: budget=1; scheme=(1.0,0.4); tilderR=(0) tilderS=(19); result=({62}, 0); rev=0.0
2021-09-18 01:45:38,768 - INFO - when budget_last = 2,  M_last = {61, 62}
2021-09-18 01:45:38,768 - INFO - when budget_last = 2, M_last = {125, 61, 62}
2021-09-18 01:45:38,768 - INFO - compute: budget=3; scheme=(1.0,0.4); tilderR=(0) tilderS=(19); result=({62}, 0); rev=0.0
2021-09-18 01:45:38,768 - INFO - when budget_last = 3,  M_last = {62}
2021-09-18 01:45:38,768 - INFO - when budget_last = 3, M_last = {62}
2021-09-18 01:45:38,768 - INFO - compute: budget=4; scheme=(1.0,0.4); tilderR=(0) tilderS=(19); result=({62}, 0); rev=0.0
2021-09-18 01:45:38,768 - INFO - ********** (1.0, 0.6000000000000001, 0.6000000000000001)
2021-09-18 01:45:38,770 - INFO - max_history_budget=2, max_history_result=({122, 125}, 0, 0.0)
2021-09-18 01:45:38,771 - INFO - load: budget=1; scheme=(1.0,0.6000000000000001); tilderR=(0) tilderS=(46); result=({125}, 0); rev=0.0
2021-09-18 01:45:38,771 - INFO - when budget_last = 2,  M_last = {122, 125}
2021-09-18 01:45:38,771 - INFO - when budget_last = 2, M_last = {122, 125, 102}
2021-09-18 01:45:38,771 - INFO - compute: budget=3; scheme=(1.0,0.6000000000000001); tilderR=(0) tilderS=(46); result=({125}, 0); rev=0.0
2021-09-18 01:45:38,771 - INFO - when budget_last = 3,  M_last = {125}
2021-09-18 01:45:38,771 - INFO - when budget_last = 3, M_last = {125}
2021-09-18 01:45:38,771 - INFO - compute: budget=4; scheme=(1.0,0.6000000000000001); tilderR=(0) tilderS=(46); result=({125}, 0); rev=0.0
2021-09-18 01:45:38,772 - INFO - ********** (1.0, 0.8, 0.8)
2021-09-18 01:45:38,773 - INFO - max_history_budget=2, max_history_result=({122, 125}, 0, 0.0)
2021-09-18 01:45:38,774 - INFO - load: budget=1; scheme=(1.0,0.8); tilderR=(0) tilderS=(54); result=({125}, 0); rev=0.0
2021-09-18 01:45:38,774 - INFO - when budget_last = 2,  M_last = {122, 125}
2021-09-18 01:45:38,774 - INFO - when budget_last = 2, M_last = {122, 109, 125}
2021-09-18 01:45:38,774 - INFO - compute: budget=3; scheme=(1.0,0.8); tilderR=(0) tilderS=(54); result=({125}, 0); rev=0.0
2021-09-18 01:45:38,774 - INFO - when budget_last = 3,  M_last = {125}
2021-09-18 01:45:38,775 - INFO - when budget_last = 3, M_last = {125}
2021-09-18 01:45:38,775 - INFO - compute: budget=4; scheme=(1.0,0.8); tilderR=(0) tilderS=(54); result=({125}, 0); rev=0.0
2021-09-18 01:45:38,775 - INFO - ********** (1.0, 1.0, 1.0)
2021-09-18 01:45:38,775 - INFO - max_history_budget=4, max_history_result=({125}, 0, 0.0)
2021-09-18 01:45:38,776 - INFO - load: budget=1; scheme=(1.0,1.0); tilderR=(0) tilderS=(54); result=({125}, 0); rev=0.0
2021-09-18 01:45:38,777 - INFO - load: budget=2; scheme=(1.0,1.0); tilderR=(0) tilderS=(54); result=({122, 109, 125}, 0); rev=0.0
2021-09-18 01:45:38,778 - INFO - load: budget=3; scheme=(1.0,1.0); tilderR=(0) tilderS=(54); result=({122, 109, 125}, 0); rev=0.0
