2021-09-13 04:13:26,190 - INFO - Namespace(beta_paras='3,6,6,3', budget_list='4', did='d1', grain_list_p='10', grain_list_pq='10+10', grain_list_q='10', method='greedy', percent_R='0.25', percent_S='0.25', seed='32', version='v09130413')
2021-09-13 04:13:26,207 - INFO - Finish random requester set R and supplier set S 
                             percent_R=0.25, num_R=55, len_R=55 
                             percent_S=0.25, num_S=55, len_S=54
2021-09-13 04:13:26,207 - INFO - Finish random valuations using v_beta_paras for R and costs using c_beta_paras for S
2021-09-13 04:13:27,224 - INFO - length of pq_list = 64 under grain_tuple = 10+10
2021-09-13 04:13:27,224 - INFO - budget_last = 0
2021-09-13 04:13:27,232 - INFO - compute: budget=1; scheme=(0.0,0.30000000000000004); result=({109}, 455) 
2021-09-13 04:13:27,232 - INFO - budget_last = 1
2021-09-13 04:13:27,239 - INFO - compute: budget=2; scheme=(0.0,0.30000000000000004); result=({172, 109}, 876) 
2021-09-13 04:13:27,239 - INFO - budget_last = 2
2021-09-13 04:13:27,245 - INFO - compute: budget=3; scheme=(0.0,0.30000000000000004); result=({17, 172, 109}, 1279) 
2021-09-13 04:13:27,245 - INFO - budget_last = 3
2021-09-13 04:13:27,249 - INFO - compute: budget=4; scheme=(0.0,0.30000000000000004); result=({17, 172, 109}, 1279) 
2021-09-13 04:13:27,249 - INFO -  max history budget=4
2021-09-13 04:13:27,249 - INFO - load: budget=1; scheme=(0.0,0.4); result=({17, 172, 109}, 455, {0: set(), 130: set(), 2: set(), 133: set(), 6: set(), 134: set(), 5: set(), 9: set(), 138: set(), 136: set(), 12: set(), 14: set(), 142: set(), 145: set(), 19: set(), 20: set(), 153: set(), 25: set(), 28: set(), 30: set(), 32: set(), 37: set(), 40: set(), 41: set(), 42: set(), 176: set(), 178: set(), 51: set(), 181: set(), 54: set(), 184: set(), 58: set(), 187: set(), 60: set(), 188: set(), 192: set(), 193: set(), 73: set(), 76: set(), 77: set(), 207: set(), 79: set(), 83: set(), 84: set(), 85: set(), 90: set(), 94: set(), 110: set(), 112: set(), 114: set(), 119: set(), 120: set(), 124: set(), 126: set(), 127: set()}) 
2021-09-13 04:13:27,249 - INFO - load: budget=2; scheme=(0.0,0.4); result=({17, 172, 109}, 876, {0: set(), 130: set(), 2: set(), 133: set(), 6: set(), 134: set(), 5: set(), 9: set(), 138: set(), 136: set(), 12: set(), 14: set(), 142: set(), 145: set(), 19: set(), 20: set(), 153: set(), 25: set(), 28: set(), 30: set(), 32: set(), 37: set(), 40: set(), 41: set(), 42: set(), 176: set(), 178: set(), 51: set(), 181: set(), 54: set(), 184: set(), 58: set(), 187: set(), 60: set(), 188: set(), 192: set(), 193: set(), 73: set(), 76: set(), 77: set(), 207: set(), 79: set(), 83: set(), 84: set(), 85: set(), 90: set(), 94: set(), 110: set(), 112: set(), 114: set(), 119: set(), 120: set(), 124: set(), 126: set(), 127: set()}) 
2021-09-13 04:13:27,250 - INFO - load: budget=3; scheme=(0.0,0.4); result=({17, 172, 109}, 1279, {0: set(), 130: set(), 2: set(), 133: set(), 6: set(), 134: set(), 5: set(), 9: set(), 138: set(), 136: set(), 12: set(), 14: set(), 142: set(), 145: set(), 19: set(), 20: set(), 153: set(), 25: set(), 28: set(), 30: set(), 32: set(), 37: set(), 40: set(), 41: set(), 42: set(), 176: set(), 178: set(), 51: set(), 181: set(), 54: set(), 184: set(), 58: set(), 187: set(), 60: set(), 188: set(), 192: set(), 193: set(), 73: set(), 76: set(), 77: set(), 207: set(), 79: set(), 83: set(), 84: set(), 85: set(), 90: set(), 94: set(), 110: set(), 112: set(), 114: set(), 119: set(), 120: set(), 124: set(), 126: set(), 127: set()}) 
2021-09-13 04:13:27,250 - INFO - load: budget=4; scheme=(0.0,0.4); result=({17, 172, 109}, 1279, set()) 
2021-09-13 04:13:27,250 - INFO - budget_last = 0
2021-09-13 04:13:27,274 - INFO - compute: budget=1; scheme=(0.0,0.5); result=({49}, 751) 
2021-09-13 04:13:27,274 - INFO - budget_last = 1
2021-09-13 04:13:27,298 - INFO - compute: budget=2; scheme=(0.0,0.5); result=({49, 205}, 1267) 
2021-09-13 04:13:27,298 - INFO - budget_last = 2
2021-09-13 04:13:27,320 - INFO - compute: budget=3; scheme=(0.0,0.5); result=({49, 109, 205}, 1352) 
2021-09-13 04:13:27,320 - INFO - budget_last = 3
2021-09-13 04:13:27,342 - INFO - compute: budget=4; scheme=(0.0,0.5); result=({49, 109, 172, 205}, 1731) 
2021-09-13 04:13:27,342 - INFO - budget_last = 0
2021-09-13 04:13:27,387 - INFO - compute: budget=1; scheme=(0.0,0.6000000000000001); result=({49}, 751) 
2021-09-13 04:13:27,387 - INFO - budget_last = 1
2021-09-13 04:13:27,428 - INFO - compute: budget=2; scheme=(0.0,0.6000000000000001); result=({49, 169}, 1295) 
2021-09-13 04:13:27,428 - INFO - budget_last = 2
2021-09-13 04:13:27,463 - INFO - compute: budget=3; scheme=(0.0,0.6000000000000001); result=({49, 169, 167}, 1895) 
2021-09-13 04:13:27,463 - INFO - budget_last = 3
2021-09-13 04:13:27,498 - INFO - compute: budget=4; scheme=(0.0,0.6000000000000001); result=({65, 49, 169, 167}, 2405) 
2021-09-13 04:13:27,498 - INFO - budget_last = 0
2021-09-13 04:13:27,564 - INFO - compute: budget=1; scheme=(0.0,0.7000000000000001); result=({49}, 751) 
2021-09-13 04:13:27,564 - INFO - budget_last = 1
2021-09-13 04:13:27,629 - INFO - compute: budget=2; scheme=(0.0,0.7000000000000001); result=({49, 125}, 1398) 
2021-09-13 04:13:27,629 - INFO - budget_last = 2
2021-09-13 04:13:27,693 - INFO - compute: budget=3; scheme=(0.0,0.7000000000000001); result=({49, 169, 125}, 1942) 
2021-09-13 04:13:27,693 - INFO - budget_last = 3
2021-09-13 04:13:27,755 - INFO - compute: budget=4; scheme=(0.0,0.7000000000000001); result=({49, 169, 125, 167}, 2428) 
2021-09-13 04:13:27,755 - INFO - budget_last = 0
2021-09-13 04:13:27,848 - INFO - compute: budget=1; scheme=(0.0,0.8); result=({150}, 914) 
2021-09-13 04:13:27,848 - INFO - budget_last = 1
2021-09-13 04:13:27,939 - INFO - compute: budget=2; scheme=(0.0,0.8); result=({1, 150}, 1668) 
2021-09-13 04:13:27,939 - INFO - budget_last = 2
2021-09-13 04:13:28,030 - INFO - compute: budget=3; scheme=(0.0,0.8); result=({1, 150, 49}, 2236) 
2021-09-13 04:13:28,030 - INFO - budget_last = 3
2021-09-13 04:13:28,120 - INFO - compute: budget=4; scheme=(0.0,0.8); result=({1, 125, 150, 49}, 2785) 
2021-09-13 04:13:28,120 - INFO - budget_last = 0
2021-09-13 04:13:28,224 - INFO - compute: budget=1; scheme=(0.0,0.9); result=({150}, 914) 
2021-09-13 04:13:28,224 - INFO - budget_last = 1
2021-09-13 04:13:28,328 - INFO - compute: budget=2; scheme=(0.0,0.9); result=({46, 150}, 1568) 
2021-09-13 04:13:28,328 - INFO - budget_last = 2
2021-09-13 04:13:28,435 - INFO - compute: budget=3; scheme=(0.0,0.9); result=({46, 1, 150}, 2246) 
2021-09-13 04:13:28,435 - INFO - budget_last = 3
2021-09-13 04:13:28,543 - INFO - compute: budget=4; scheme=(0.0,0.9); result=({46, 1, 150, 49}, 2780) 
2021-09-13 04:13:28,543 - INFO - budget_last = 0
2021-09-13 04:13:28,651 - INFO - compute: budget=1; scheme=(0.0,1.0); result=({150}, 914) 
2021-09-13 04:13:28,652 - INFO - budget_last = 1
2021-09-13 04:13:28,756 - INFO - compute: budget=2; scheme=(0.0,1.0); result=({46, 150}, 1568) 
2021-09-13 04:13:28,757 - INFO - budget_last = 2
2021-09-13 04:13:28,861 - INFO - compute: budget=3; scheme=(0.0,1.0); result=({46, 1, 150}, 2246) 
2021-09-13 04:13:28,861 - INFO - budget_last = 3
2021-09-13 04:13:28,967 - INFO - compute: budget=4; scheme=(0.0,1.0); result=({46, 1, 150, 49}, 2780) 
2021-09-13 04:13:28,967 - INFO - budget_last = 0
2021-09-13 04:13:28,974 - INFO - compute: budget=1; scheme=(0.1,0.30000000000000004); result=({109}, 441) 
2021-09-13 04:13:28,974 - INFO - budget_last = 1
2021-09-13 04:13:28,981 - INFO - compute: budget=2; scheme=(0.1,0.30000000000000004); result=({172, 109}, 831) 
2021-09-13 04:13:28,981 - INFO - budget_last = 2
2021-09-13 04:13:28,987 - INFO - compute: budget=3; scheme=(0.1,0.30000000000000004); result=({17, 172, 109}, 1207) 
2021-09-13 04:13:28,988 - INFO - budget_last = 3
2021-09-13 04:13:28,991 - INFO - compute: budget=4; scheme=(0.1,0.30000000000000004); result=({17, 172, 109}, 1207) 
2021-09-13 04:13:28,991 - INFO -  max history budget=4
2021-09-13 04:13:28,991 - INFO - load: budget=1; scheme=(0.1,0.4); result=({17, 172, 109}, 441, {0: set(), 130: set(), 2: set(), 133: set(), 6: set(), 134: set(), 5: set(), 9: set(), 138: set(), 136: set(), 12: set(), 14: set(), 142: set(), 145: set(), 19: set(), 20: set(), 153: set(), 25: set(), 30: set(), 32: set(), 37: set(), 40: set(), 41: set(), 42: set(), 176: set(), 178: set(), 51: set(), 54: set(), 184: set(), 58: set(), 187: set(), 60: set(), 188: set(), 192: set(), 193: set(), 73: set(), 76: set(), 77: set(), 207: set(), 79: set(), 83: set(), 84: set(), 85: set(), 90: set(), 94: set(), 110: set(), 112: set(), 114: set(), 119: set(), 124: set(), 126: set(), 127: set()}) 
2021-09-13 04:13:28,991 - INFO - load: budget=2; scheme=(0.1,0.4); result=({17, 172, 109}, 831, {0: set(), 130: set(), 2: set(), 133: set(), 6: set(), 134: set(), 5: set(), 9: set(), 138: set(), 136: set(), 12: set(), 14: set(), 142: set(), 145: set(), 19: set(), 20: set(), 153: set(), 25: set(), 30: set(), 32: set(), 37: set(), 40: set(), 41: set(), 42: set(), 176: set(), 178: set(), 51: set(), 54: set(), 184: set(), 58: set(), 187: set(), 60: set(), 188: set(), 192: set(), 193: set(), 73: set(), 76: set(), 77: set(), 207: set(), 79: set(), 83: set(), 84: set(), 85: set(), 90: set(), 94: set(), 110: set(), 112: set(), 114: set(), 119: set(), 124: set(), 126: set(), 127: set()}) 
2021-09-13 04:13:28,992 - INFO - load: budget=3; scheme=(0.1,0.4); result=({17, 172, 109}, 1207, {0: set(), 130: set(), 2: set(), 133: set(), 6: set(), 134: set(), 5: set(), 9: set(), 138: set(), 136: set(), 12: set(), 14: set(), 142: set(), 145: set(), 19: set(), 20: set(), 153: set(), 25: set(), 30: set(), 32: set(), 37: set(), 40: set(), 41: set(), 42: set(), 176: set(), 178: set(), 51: set(), 54: set(), 184: set(), 58: set(), 187: set(), 60: set(), 188: set(), 192: set(), 193: set(), 73: set(), 76: set(), 77: set(), 207: set(), 79: set(), 83: set(), 84: set(), 85: set(), 90: set(), 94: set(), 110: set(), 112: set(), 114: set(), 119: set(), 124: set(), 126: set(), 127: set()}) 
2021-09-13 04:13:28,992 - INFO - load: budget=4; scheme=(0.1,0.4); result=({17, 172, 109}, 1207, set()) 
2021-09-13 04:13:28,992 - INFO - budget_last = 0
2021-09-13 04:13:29,015 - INFO - compute: budget=1; scheme=(0.1,0.5); result=({49}, 702) 
2021-09-13 04:13:29,015 - INFO - budget_last = 1
2021-09-13 04:13:29,037 - INFO - compute: budget=2; scheme=(0.1,0.5); result=({49, 205}, 1200) 
2021-09-13 04:13:29,038 - INFO - budget_last = 2
2021-09-13 04:13:29,058 - INFO - compute: budget=3; scheme=(0.1,0.5); result=({49, 109, 205}, 1283) 
2021-09-13 04:13:29,059 - INFO - budget_last = 3
2021-09-13 04:13:29,078 - INFO - compute: budget=4; scheme=(0.1,0.5); result=({49, 109, 172, 205}, 1634) 
2021-09-13 04:13:29,078 - INFO - budget_last = 0
2021-09-13 04:13:29,114 - INFO - compute: budget=1; scheme=(0.1,0.6000000000000001); result=({49}, 702) 
2021-09-13 04:13:29,114 - INFO - budget_last = 1
2021-09-13 04:13:29,149 - INFO - compute: budget=2; scheme=(0.1,0.6000000000000001); result=({49, 169}, 1219) 
2021-09-13 04:13:29,149 - INFO - budget_last = 2
2021-09-13 04:13:29,183 - INFO - compute: budget=3; scheme=(0.1,0.6000000000000001); result=({49, 169, 167}, 1778) 
2021-09-13 04:13:29,183 - INFO - budget_last = 3
2021-09-13 04:13:29,216 - INFO - compute: budget=4; scheme=(0.1,0.6000000000000001); result=({65, 49, 169, 167}, 2266) 
2021-09-13 04:13:29,216 - INFO - budget_last = 0
2021-09-13 04:13:29,279 - INFO - compute: budget=1; scheme=(0.1,0.7000000000000001); result=({49}, 702) 
2021-09-13 04:13:29,279 - INFO - budget_last = 1
2021-09-13 04:13:29,342 - INFO - compute: budget=2; scheme=(0.1,0.7000000000000001); result=({49, 125}, 1320) 
2021-09-13 04:13:29,342 - INFO - budget_last = 2
2021-09-13 04:13:29,403 - INFO - compute: budget=3; scheme=(0.1,0.7000000000000001); result=({49, 169, 125}, 1837) 
2021-09-13 04:13:29,403 - INFO - budget_last = 3
2021-09-13 04:13:29,462 - INFO - compute: budget=4; scheme=(0.1,0.7000000000000001); result=({49, 169, 125, 167}, 2290) 
2021-09-13 04:13:29,462 - INFO - budget_last = 0
2021-09-13 04:13:29,550 - INFO - compute: budget=1; scheme=(0.1,0.8); result=({150}, 857) 
2021-09-13 04:13:29,550 - INFO - budget_last = 1
2021-09-13 04:13:29,637 - INFO - compute: budget=2; scheme=(0.1,0.8); result=({1, 150}, 1562) 
2021-09-13 04:13:29,637 - INFO - budget_last = 2
2021-09-13 04:13:29,723 - INFO - compute: budget=3; scheme=(0.1,0.8); result=({1, 150, 49}, 2094) 
2021-09-13 04:13:29,723 - INFO - budget_last = 3
2021-09-13 04:13:29,809 - INFO - compute: budget=4; scheme=(0.1,0.8); result=({1, 125, 150, 49}, 2622) 
2021-09-13 04:13:29,809 - INFO - budget_last = 0
2021-09-13 04:13:29,908 - INFO - compute: budget=1; scheme=(0.1,0.9); result=({150}, 857) 
2021-09-13 04:13:29,908 - INFO - budget_last = 1
2021-09-13 04:13:30,006 - INFO - compute: budget=2; scheme=(0.1,0.9); result=({46, 150}, 1476) 
2021-09-13 04:13:30,006 - INFO - budget_last = 2
2021-09-13 04:13:30,103 - INFO - compute: budget=3; scheme=(0.1,0.9); result=({46, 1, 150}, 2111) 
2021-09-13 04:13:30,103 - INFO - budget_last = 3
2021-09-13 04:13:30,198 - INFO - compute: budget=4; scheme=(0.1,0.9); result=({46, 1, 150, 49}, 2611) 
2021-09-13 04:13:30,198 - INFO - budget_last = 0
2021-09-13 04:13:30,299 - INFO - compute: budget=1; scheme=(0.1,1.0); result=({150}, 857) 
2021-09-13 04:13:30,299 - INFO - budget_last = 1
2021-09-13 04:13:30,399 - INFO - compute: budget=2; scheme=(0.1,1.0); result=({46, 150}, 1476) 
2021-09-13 04:13:30,399 - INFO - budget_last = 2
2021-09-13 04:13:30,499 - INFO - compute: budget=3; scheme=(0.1,1.0); result=({46, 1, 150}, 2111) 
2021-09-13 04:13:30,499 - INFO - budget_last = 3
2021-09-13 04:13:30,598 - INFO - compute: budget=4; scheme=(0.1,1.0); result=({46, 1, 150, 49}, 2611) 
2021-09-13 04:13:30,598 - INFO - budget_last = 0
2021-09-13 04:13:30,605 - INFO - compute: budget=1; scheme=(0.2,0.30000000000000004); result=({109}, 393) 
2021-09-13 04:13:30,605 - INFO - budget_last = 1
2021-09-13 04:13:30,610 - INFO - compute: budget=2; scheme=(0.2,0.30000000000000004); result=({172, 109}, 742) 
2021-09-13 04:13:30,610 - INFO - budget_last = 2
2021-09-13 04:13:30,615 - INFO - compute: budget=3; scheme=(0.2,0.30000000000000004); result=({17, 172, 109}, 1069) 
2021-09-13 04:13:30,615 - INFO - budget_last = 3
2021-09-13 04:13:30,618 - INFO - compute: budget=4; scheme=(0.2,0.30000000000000004); result=({17, 172, 109}, 1069) 
2021-09-13 04:13:30,618 - INFO -  max history budget=4
2021-09-13 04:13:30,618 - INFO - load: budget=1; scheme=(0.2,0.4); result=({17, 172, 109}, 393, {0: set(), 130: set(), 2: set(), 133: set(), 134: set(), 5: set(), 136: set(), 9: set(), 138: set(), 12: set(), 142: set(), 145: set(), 19: set(), 20: set(), 153: set(), 25: set(), 30: set(), 32: set(), 37: set(), 41: set(), 42: set(), 176: set(), 178: set(), 51: set(), 54: set(), 58: set(), 187: set(), 60: set(), 188: set(), 192: set(), 193: set(), 76: set(), 207: set(), 79: set(), 83: set(), 84: set(), 85: set(), 90: set(), 94: set(), 112: set(), 114: set(), 119: set(), 124: set(), 126: set(), 127: set()}) 
2021-09-13 04:13:30,618 - INFO - load: budget=2; scheme=(0.2,0.4); result=({17, 172, 109}, 742, {0: set(), 130: set(), 2: set(), 133: set(), 134: set(), 5: set(), 136: set(), 9: set(), 138: set(), 12: set(), 142: set(), 145: set(), 19: set(), 20: set(), 153: set(), 25: set(), 30: set(), 32: set(), 37: set(), 41: set(), 42: set(), 176: set(), 178: set(), 51: set(), 54: set(), 58: set(), 187: set(), 60: set(), 188: set(), 192: set(), 193: set(), 76: set(), 207: set(), 79: set(), 83: set(), 84: set(), 85: set(), 90: set(), 94: set(), 112: set(), 114: set(), 119: set(), 124: set(), 126: set(), 127: set()}) 
2021-09-13 04:13:30,619 - INFO - load: budget=3; scheme=(0.2,0.4); result=({17, 172, 109}, 1069, {0: set(), 130: set(), 2: set(), 133: set(), 134: set(), 5: set(), 136: set(), 9: set(), 138: set(), 12: set(), 142: set(), 145: set(), 19: set(), 20: set(), 153: set(), 25: set(), 30: set(), 32: set(), 37: set(), 41: set(), 42: set(), 176: set(), 178: set(), 51: set(), 54: set(), 58: set(), 187: set(), 60: set(), 188: set(), 192: set(), 193: set(), 76: set(), 207: set(), 79: set(), 83: set(), 84: set(), 85: set(), 90: set(), 94: set(), 112: set(), 114: set(), 119: set(), 124: set(), 126: set(), 127: set()}) 
2021-09-13 04:13:30,619 - INFO - load: budget=4; scheme=(0.2,0.4); result=({17, 172, 109}, 1069, set()) 
2021-09-13 04:13:30,619 - INFO - budget_last = 0
2021-09-13 04:13:30,639 - INFO - compute: budget=1; scheme=(0.2,0.5); result=({49}, 599) 
2021-09-13 04:13:30,639 - INFO - budget_last = 1
2021-09-13 04:13:30,658 - INFO - compute: budget=2; scheme=(0.2,0.5); result=({49, 205}, 1043) 
2021-09-13 04:13:30,658 - INFO - budget_last = 2
2021-09-13 04:13:30,675 - INFO - compute: budget=3; scheme=(0.2,0.5); result=({49, 109, 205}, 1116) 
2021-09-13 04:13:30,676 - INFO - budget_last = 3
2021-09-13 04:13:30,692 - INFO - compute: budget=4; scheme=(0.2,0.5); result=({49, 109, 172, 205}, 1430) 
2021-09-13 04:13:30,693 - INFO - budget_last = 0
2021-09-13 04:13:30,724 - INFO - compute: budget=1; scheme=(0.2,0.6000000000000001); result=({49}, 599) 
2021-09-13 04:13:30,724 - INFO - budget_last = 1
2021-09-13 04:13:30,755 - INFO - compute: budget=2; scheme=(0.2,0.6000000000000001); result=({49, 169}, 1050) 
2021-09-13 04:13:30,755 - INFO - budget_last = 2
2021-09-13 04:13:30,785 - INFO - compute: budget=3; scheme=(0.2,0.6000000000000001); result=({49, 169, 167}, 1549) 
2021-09-13 04:13:30,786 - INFO - budget_last = 3
2021-09-13 04:13:30,819 - INFO - compute: budget=4; scheme=(0.2,0.6000000000000001); result=({65, 49, 169, 167}, 1978) 
2021-09-13 04:13:30,820 - INFO - budget_last = 0
2021-09-13 04:13:30,877 - INFO - compute: budget=1; scheme=(0.2,0.7000000000000001); result=({49}, 599) 
2021-09-13 04:13:30,877 - INFO - budget_last = 1
2021-09-13 04:13:30,933 - INFO - compute: budget=2; scheme=(0.2,0.7000000000000001); result=({49, 125}, 1145) 
2021-09-13 04:13:30,934 - INFO - budget_last = 2
2021-09-13 04:13:30,986 - INFO - compute: budget=3; scheme=(0.2,0.7000000000000001); result=({49, 169, 125}, 1596) 
2021-09-13 04:13:30,987 - INFO - budget_last = 3
2021-09-13 04:13:31,039 - INFO - compute: budget=4; scheme=(0.2,0.7000000000000001); result=({49, 169, 125, 167}, 2001) 
2021-09-13 04:13:31,039 - INFO - budget_last = 0
2021-09-13 04:13:31,115 - INFO - compute: budget=1; scheme=(0.2,0.8); result=({150}, 762) 
2021-09-13 04:13:31,116 - INFO - budget_last = 1
2021-09-13 04:13:31,191 - INFO - compute: budget=2; scheme=(0.2,0.8); result=({49, 150}, 1361) 
2021-09-13 04:13:31,191 - INFO - budget_last = 2
2021-09-13 04:13:31,265 - INFO - compute: budget=3; scheme=(0.2,0.8); result=({49, 150, 1}, 1815) 
2021-09-13 04:13:31,266 - INFO - budget_last = 3
2021-09-13 04:13:31,340 - INFO - compute: budget=4; scheme=(0.2,0.8); result=({49, 125, 150, 1}, 2283) 
2021-09-13 04:13:31,341 - INFO - budget_last = 0
2021-09-13 04:13:31,427 - INFO - compute: budget=1; scheme=(0.2,0.9); result=({150}, 762) 
2021-09-13 04:13:31,427 - INFO - budget_last = 1
2021-09-13 04:13:31,513 - INFO - compute: budget=2; scheme=(0.2,0.9); result=({46, 150}, 1295) 
2021-09-13 04:13:31,513 - INFO - budget_last = 2
2021-09-13 04:13:31,596 - INFO - compute: budget=3; scheme=(0.2,0.9); result=({46, 49, 150}, 1821) 
2021-09-13 04:13:31,597 - INFO - budget_last = 3
2021-09-13 04:13:31,679 - INFO - compute: budget=4; scheme=(0.2,0.9); result=({46, 49, 150, 1}, 2264) 
2021-09-13 04:13:31,679 - INFO - budget_last = 0
2021-09-13 04:13:31,766 - INFO - compute: budget=1; scheme=(0.2,1.0); result=({150}, 762) 
2021-09-13 04:13:31,766 - INFO - budget_last = 1
2021-09-13 04:13:31,852 - INFO - compute: budget=2; scheme=(0.2,1.0); result=({46, 150}, 1295) 
2021-09-13 04:13:31,852 - INFO - budget_last = 2
2021-09-13 04:13:31,937 - INFO - compute: budget=3; scheme=(0.2,1.0); result=({46, 49, 150}, 1821) 
2021-09-13 04:13:31,937 - INFO - budget_last = 3
2021-09-13 04:13:32,021 - INFO - compute: budget=4; scheme=(0.2,1.0); result=({46, 49, 150, 1}, 2264) 
2021-09-13 04:13:32,021 - INFO - budget_last = 0
2021-09-13 04:13:32,026 - INFO - compute: budget=1; scheme=(0.30000000000000004,0.30000000000000004); result=({109}, 259) 
2021-09-13 04:13:32,026 - INFO - budget_last = 1
2021-09-13 04:13:32,029 - INFO - compute: budget=2; scheme=(0.30000000000000004,0.30000000000000004); result=({17, 109}, 477) 
2021-09-13 04:13:32,029 - INFO - budget_last = 2
2021-09-13 04:13:32,032 - INFO - compute: budget=3; scheme=(0.30000000000000004,0.30000000000000004); result=({17, 172, 109}, 693) 
2021-09-13 04:13:32,032 - INFO - budget_last = 3
2021-09-13 04:13:32,035 - INFO - compute: budget=4; scheme=(0.30000000000000004,0.30000000000000004); result=({17, 172, 109}, 693) 
2021-09-13 04:13:32,035 - INFO -  max history budget=4
2021-09-13 04:13:32,035 - INFO - load: budget=1; scheme=(0.30000000000000004,0.4); result=({17, 172, 109}, 259, {0: set(), 2: set(), 133: set(), 134: set(), 136: set(), 138: set(), 145: set(), 30: set(), 37: set(), 41: set(), 51: set(), 54: set(), 58: set(), 188: set(), 192: set(), 193: set(), 76: set(), 207: set(), 79: set(), 83: set(), 84: set(), 85: set(), 90: set(), 94: set(), 112: set(), 114: set(), 124: set(), 126: set()}) 
2021-09-13 04:13:32,035 - INFO - load: budget=2; scheme=(0.30000000000000004,0.4); result=({17, 172, 109}, 477, {0: set(), 2: set(), 133: set(), 134: set(), 136: set(), 138: set(), 145: set(), 30: set(), 37: set(), 41: set(), 51: set(), 54: set(), 58: set(), 188: set(), 192: set(), 193: set(), 76: set(), 207: set(), 79: set(), 83: set(), 84: set(), 85: set(), 90: set(), 94: set(), 112: set(), 114: set(), 124: set(), 126: set()}) 
2021-09-13 04:13:32,035 - INFO - load: budget=3; scheme=(0.30000000000000004,0.4); result=({17, 172, 109}, 693, {0: set(), 2: set(), 133: set(), 134: set(), 136: set(), 138: set(), 145: set(), 30: set(), 37: set(), 41: set(), 51: set(), 54: set(), 58: set(), 188: set(), 192: set(), 193: set(), 76: set(), 207: set(), 79: set(), 83: set(), 84: set(), 85: set(), 90: set(), 94: set(), 112: set(), 114: set(), 124: set(), 126: set()}) 
2021-09-13 04:13:32,035 - INFO - load: budget=4; scheme=(0.30000000000000004,0.4); result=({17, 172, 109}, 693, set()) 
2021-09-13 04:13:32,035 - INFO - budget_last = 0
2021-09-13 04:13:32,047 - INFO - compute: budget=1; scheme=(0.30000000000000004,0.5); result=({49}, 421) 
2021-09-13 04:13:32,047 - INFO - budget_last = 1
2021-09-13 04:13:32,058 - INFO - compute: budget=2; scheme=(0.30000000000000004,0.5); result=({49, 205}, 716) 
2021-09-13 04:13:32,059 - INFO - budget_last = 2
2021-09-13 04:13:32,070 - INFO - compute: budget=3; scheme=(0.30000000000000004,0.5); result=({49, 109, 205}, 765) 
2021-09-13 04:13:32,070 - INFO - budget_last = 3
2021-09-13 04:13:32,080 - INFO - compute: budget=4; scheme=(0.30000000000000004,0.5); result=({49, 109, 205, 17}, 909) 
2021-09-13 04:13:32,081 - INFO - budget_last = 0
2021-09-13 04:13:32,100 - INFO - compute: budget=1; scheme=(0.30000000000000004,0.6000000000000001); result=({49}, 421) 
2021-09-13 04:13:32,101 - INFO - budget_last = 1
2021-09-13 04:13:32,120 - INFO - compute: budget=2; scheme=(0.30000000000000004,0.6000000000000001); result=({49, 169}, 729) 
2021-09-13 04:13:32,120 - INFO - budget_last = 2
2021-09-13 04:13:32,138 - INFO - compute: budget=3; scheme=(0.30000000000000004,0.6000000000000001); result=({49, 169, 167}, 1026) 
2021-09-13 04:13:32,138 - INFO - budget_last = 3
2021-09-13 04:13:32,156 - INFO - compute: budget=4; scheme=(0.30000000000000004,0.6000000000000001); result=({49, 169, 205, 167}, 1295) 
2021-09-13 04:13:32,156 - INFO - budget_last = 0
2021-09-13 04:13:32,190 - INFO - compute: budget=1; scheme=(0.30000000000000004,0.7000000000000001); result=({49}, 421) 
2021-09-13 04:13:32,190 - INFO - budget_last = 1
2021-09-13 04:13:32,223 - INFO - compute: budget=2; scheme=(0.30000000000000004,0.7000000000000001); result=({49, 169}, 729) 
2021-09-13 04:13:32,223 - INFO - budget_last = 2
2021-09-13 04:13:32,256 - INFO - compute: budget=3; scheme=(0.30000000000000004,0.7000000000000001); result=({49, 169, 125}, 1038) 
2021-09-13 04:13:32,256 - INFO - budget_last = 3
2021-09-13 04:13:32,288 - INFO - compute: budget=4; scheme=(0.30000000000000004,0.7000000000000001); result=({49, 169, 125, 167}, 1276) 
2021-09-13 04:13:32,289 - INFO - budget_last = 0
2021-09-13 04:13:32,336 - INFO - compute: budget=1; scheme=(0.30000000000000004,0.8); result=({150}, 440) 
2021-09-13 04:13:32,337 - INFO - budget_last = 1
2021-09-13 04:13:32,384 - INFO - compute: budget=2; scheme=(0.30000000000000004,0.8); result=({49, 150}, 861) 
2021-09-13 04:13:32,384 - INFO - budget_last = 2
2021-09-13 04:13:32,430 - INFO - compute: budget=3; scheme=(0.30000000000000004,0.8); result=({49, 150, 1}, 1154) 
2021-09-13 04:13:32,430 - INFO - budget_last = 3
2021-09-13 04:13:32,476 - INFO - compute: budget=4; scheme=(0.30000000000000004,0.8); result=({49, 169, 150, 1}, 1430) 
2021-09-13 04:13:32,477 - INFO - budget_last = 0
2021-09-13 04:13:32,530 - INFO - compute: budget=1; scheme=(0.30000000000000004,0.9); result=({150}, 440) 
2021-09-13 04:13:32,530 - INFO - budget_last = 1
2021-09-13 04:13:32,583 - INFO - compute: budget=2; scheme=(0.30000000000000004,0.9); result=({46, 150}, 796) 
2021-09-13 04:13:32,584 - INFO - budget_last = 2
2021-09-13 04:13:32,636 - INFO - compute: budget=3; scheme=(0.30000000000000004,0.9); result=({46, 49, 150}, 1163) 
2021-09-13 04:13:32,636 - INFO - budget_last = 3
2021-09-13 04:13:32,688 - INFO - compute: budget=4; scheme=(0.30000000000000004,0.9); result=({46, 49, 150, 1}, 1450) 
2021-09-13 04:13:32,688 - INFO - budget_last = 0
2021-09-13 04:13:32,744 - INFO - compute: budget=1; scheme=(0.30000000000000004,1.0); result=({150}, 440) 
2021-09-13 04:13:32,744 - INFO - budget_last = 1
2021-09-13 04:13:32,797 - INFO - compute: budget=2; scheme=(0.30000000000000004,1.0); result=({46, 150}, 796) 
2021-09-13 04:13:32,798 - INFO - budget_last = 2
2021-09-13 04:13:32,850 - INFO - compute: budget=3; scheme=(0.30000000000000004,1.0); result=({46, 49, 150}, 1163) 
2021-09-13 04:13:32,850 - INFO - budget_last = 3
2021-09-13 04:13:32,903 - INFO - compute: budget=4; scheme=(0.30000000000000004,1.0); result=({46, 49, 150, 1}, 1450) 
2021-09-13 04:13:32,904 - INFO - budget_last = 0
2021-09-13 04:13:32,906 - INFO - compute: budget=1; scheme=(0.4,0.30000000000000004); result=({109}, 187) 
2021-09-13 04:13:32,906 - INFO - budget_last = 1
2021-09-13 04:13:32,908 - INFO - compute: budget=2; scheme=(0.4,0.30000000000000004); result=({17, 109}, 332) 
2021-09-13 04:13:32,908 - INFO - budget_last = 2
2021-09-13 04:13:32,910 - INFO - compute: budget=3; scheme=(0.4,0.30000000000000004); result=({17, 172, 109}, 470) 
2021-09-13 04:13:32,910 - INFO - budget_last = 3
2021-09-13 04:13:32,912 - INFO - compute: budget=4; scheme=(0.4,0.30000000000000004); result=({17, 172, 109}, 470) 
2021-09-13 04:13:32,912 - INFO -  max history budget=4
2021-09-13 04:13:32,912 - INFO - load: budget=1; scheme=(0.4,0.4); result=({17, 172, 109}, 187, {0: set(), 193: set(), 192: set(), 58: set(), 133: set(), 134: set(), 207: set(), 112: set(), 79: set(), 188: set(), 83: set(), 114: set(), 85: set(), 145: set(), 30: set(), 90: set(), 124: set(), 94: set()}) 
2021-09-13 04:13:32,912 - INFO - load: budget=2; scheme=(0.4,0.4); result=({17, 172, 109}, 332, {0: set(), 193: set(), 192: set(), 58: set(), 133: set(), 134: set(), 207: set(), 112: set(), 79: set(), 188: set(), 83: set(), 114: set(), 85: set(), 145: set(), 30: set(), 90: set(), 124: set(), 94: set()}) 
2021-09-13 04:13:32,912 - INFO - load: budget=3; scheme=(0.4,0.4); result=({17, 172, 109}, 470, {0: set(), 193: set(), 192: set(), 58: set(), 133: set(), 134: set(), 207: set(), 112: set(), 79: set(), 188: set(), 83: set(), 114: set(), 85: set(), 145: set(), 30: set(), 90: set(), 124: set(), 94: set()}) 
2021-09-13 04:13:32,912 - INFO - load: budget=4; scheme=(0.4,0.4); result=({17, 172, 109}, 470, set()) 
2021-09-13 04:13:32,912 - INFO - budget_last = 0
2021-09-13 04:13:32,920 - INFO - compute: budget=1; scheme=(0.4,0.5); result=({49}, 292) 
2021-09-13 04:13:32,920 - INFO - budget_last = 1
2021-09-13 04:13:32,927 - INFO - compute: budget=2; scheme=(0.4,0.5); result=({49, 205}, 505) 
2021-09-13 04:13:32,927 - INFO - budget_last = 2
2021-09-13 04:13:32,934 - INFO - compute: budget=3; scheme=(0.4,0.5); result=({49, 109, 205}, 541) 
2021-09-13 04:13:32,934 - INFO - budget_last = 3
2021-09-13 04:13:32,941 - INFO - compute: budget=4; scheme=(0.4,0.5); result=({49, 109, 205, 17}, 635) 
2021-09-13 04:13:32,941 - INFO - budget_last = 0
2021-09-13 04:13:32,953 - INFO - compute: budget=1; scheme=(0.4,0.6000000000000001); result=({49}, 292) 
2021-09-13 04:13:32,954 - INFO - budget_last = 1
2021-09-13 04:13:32,966 - INFO - compute: budget=2; scheme=(0.4,0.6000000000000001); result=({49, 169}, 500) 
2021-09-13 04:13:32,966 - INFO - budget_last = 2
2021-09-13 04:13:32,978 - INFO - compute: budget=3; scheme=(0.4,0.6000000000000001); result=({49, 169, 205}, 695) 
2021-09-13 04:13:32,978 - INFO - budget_last = 3
2021-09-13 04:13:32,990 - INFO - compute: budget=4; scheme=(0.4,0.6000000000000001); result=({49, 109, 169, 205}, 731) 
2021-09-13 04:13:32,990 - INFO - budget_last = 0
2021-09-13 04:13:33,012 - INFO - compute: budget=1; scheme=(0.4,0.7000000000000001); result=({49}, 292) 
2021-09-13 04:13:33,012 - INFO - budget_last = 1
2021-09-13 04:13:33,034 - INFO - compute: budget=2; scheme=(0.4,0.7000000000000001); result=({49, 169}, 500) 
2021-09-13 04:13:33,034 - INFO - budget_last = 2
2021-09-13 04:13:33,056 - INFO - compute: budget=3; scheme=(0.4,0.7000000000000001); result=({49, 169, 205}, 695) 
2021-09-13 04:13:33,056 - INFO - budget_last = 3
2021-09-13 04:13:33,077 - INFO - compute: budget=4; scheme=(0.4,0.7000000000000001); result=({49, 125, 169, 205}, 896) 
2021-09-13 04:13:33,077 - INFO - budget_last = 0
2021-09-13 04:13:33,108 - INFO - compute: budget=1; scheme=(0.4,0.8); result=({49}, 292) 
2021-09-13 04:13:33,108 - INFO - budget_last = 1
2021-09-13 04:13:33,138 - INFO - compute: budget=2; scheme=(0.4,0.8); result=({49, 1}, 499) 
2021-09-13 04:13:33,138 - INFO - budget_last = 2
2021-09-13 04:13:33,168 - INFO - compute: budget=3; scheme=(0.4,0.8); result=({49, 150, 1}, 775) 
2021-09-13 04:13:33,168 - INFO - budget_last = 3
2021-09-13 04:13:33,198 - INFO - compute: budget=4; scheme=(0.4,0.8); result=({169, 49, 150, 1}, 963) 
2021-09-13 04:13:33,198 - INFO - budget_last = 0
2021-09-13 04:13:33,232 - INFO - compute: budget=1; scheme=(0.4,0.9); result=({49}, 292) 
2021-09-13 04:13:33,232 - INFO - budget_last = 1
2021-09-13 04:13:33,266 - INFO - compute: budget=2; scheme=(0.4,0.9); result=({49, 1}, 499) 
2021-09-13 04:13:33,267 - INFO - budget_last = 2
2021-09-13 04:13:33,300 - INFO - compute: budget=3; scheme=(0.4,0.9); result=({46, 49, 1}, 738) 
2021-09-13 04:13:33,300 - INFO - budget_last = 3
2021-09-13 04:13:33,334 - INFO - compute: budget=4; scheme=(0.4,0.9); result=({46, 49, 150, 1}, 970) 
2021-09-13 04:13:33,335 - INFO - budget_last = 0
2021-09-13 04:13:33,370 - INFO - compute: budget=1; scheme=(0.4,1.0); result=({49}, 292) 
2021-09-13 04:13:33,370 - INFO - budget_last = 1
2021-09-13 04:13:33,404 - INFO - compute: budget=2; scheme=(0.4,1.0); result=({49, 1}, 499) 
2021-09-13 04:13:33,405 - INFO - budget_last = 2
2021-09-13 04:13:33,439 - INFO - compute: budget=3; scheme=(0.4,1.0); result=({46, 49, 1}, 738) 
2021-09-13 04:13:33,439 - INFO - budget_last = 3
2021-09-13 04:13:33,473 - INFO - compute: budget=4; scheme=(0.4,1.0); result=({46, 49, 150, 1}, 970) 
2021-09-13 04:13:33,474 - INFO - budget_last = 0
2021-09-13 04:13:33,475 - INFO - compute: budget=1; scheme=(0.5,0.30000000000000004); result=({109}, 73) 
2021-09-13 04:13:33,475 - INFO - budget_last = 1
2021-09-13 04:13:33,476 - INFO - compute: budget=2; scheme=(0.5,0.30000000000000004); result=({17, 109}, 125) 
2021-09-13 04:13:33,476 - INFO - budget_last = 2
2021-09-13 04:13:33,477 - INFO - compute: budget=3; scheme=(0.5,0.30000000000000004); result=({17, 172, 109}, 173) 
2021-09-13 04:13:33,477 - INFO - budget_last = 3
2021-09-13 04:13:33,477 - INFO - compute: budget=4; scheme=(0.5,0.30000000000000004); result=({17, 172, 109}, 173) 
2021-09-13 04:13:33,477 - INFO -  max history budget=4
2021-09-13 04:13:33,478 - INFO - load: budget=1; scheme=(0.5,0.4); result=({17, 172, 109}, 73, {0: set(), 133: set(), 145: set(), 114: set(), 85: set(), 58: set(), 94: set()}) 
2021-09-13 04:13:33,478 - INFO - load: budget=2; scheme=(0.5,0.4); result=({17, 172, 109}, 125, {0: set(), 133: set(), 145: set(), 114: set(), 85: set(), 58: set(), 94: set()}) 
2021-09-13 04:13:33,478 - INFO - load: budget=3; scheme=(0.5,0.4); result=({17, 172, 109}, 173, {0: set(), 133: set(), 145: set(), 114: set(), 85: set(), 58: set(), 94: set()}) 
2021-09-13 04:13:33,478 - INFO - load: budget=4; scheme=(0.5,0.4); result=({17, 172, 109}, 173, set()) 
2021-09-13 04:13:33,478 - INFO - budget_last = 0
2021-09-13 04:13:33,481 - INFO - compute: budget=1; scheme=(0.5,0.5); result=({49}, 107) 
2021-09-13 04:13:33,481 - INFO - budget_last = 1
2021-09-13 04:13:33,484 - INFO - compute: budget=2; scheme=(0.5,0.5); result=({49, 205}, 189) 
2021-09-13 04:13:33,484 - INFO - budget_last = 2
2021-09-13 04:13:33,487 - INFO - compute: budget=3; scheme=(0.5,0.5); result=({49, 109, 205}, 203) 
2021-09-13 04:13:33,488 - INFO - budget_last = 3
2021-09-13 04:13:33,490 - INFO - compute: budget=4; scheme=(0.5,0.5); result=({49, 109, 161, 205}, 238) 
2021-09-13 04:13:33,490 - INFO - budget_last = 0
2021-09-13 04:13:33,495 - INFO - compute: budget=1; scheme=(0.5,0.6000000000000001); result=({49}, 107) 
2021-09-13 04:13:33,495 - INFO - budget_last = 1
2021-09-13 04:13:33,500 - INFO - compute: budget=2; scheme=(0.5,0.6000000000000001); result=({49, 205}, 189) 
2021-09-13 04:13:33,501 - INFO - budget_last = 2
2021-09-13 04:13:33,506 - INFO - compute: budget=3; scheme=(0.5,0.6000000000000001); result=({49, 169, 205}, 246) 
2021-09-13 04:13:33,506 - INFO - budget_last = 3
2021-09-13 04:13:33,510 - INFO - compute: budget=4; scheme=(0.5,0.6000000000000001); result=({49, 109, 169, 205}, 260) 
2021-09-13 04:13:33,511 - INFO - budget_last = 0
2021-09-13 04:13:33,520 - INFO - compute: budget=1; scheme=(0.5,0.7000000000000001); result=({49}, 107) 
2021-09-13 04:13:33,520 - INFO - budget_last = 1
2021-09-13 04:13:33,529 - INFO - compute: budget=2; scheme=(0.5,0.7000000000000001); result=({49, 205}, 189) 
2021-09-13 04:13:33,529 - INFO - budget_last = 2
2021-09-13 04:13:33,537 - INFO - compute: budget=3; scheme=(0.5,0.7000000000000001); result=({49, 169, 205}, 246) 
2021-09-13 04:13:33,537 - INFO - budget_last = 3
2021-09-13 04:13:33,546 - INFO - compute: budget=4; scheme=(0.5,0.7000000000000001); result=({49, 109, 169, 205}, 260) 
2021-09-13 04:13:33,546 - INFO - budget_last = 0
2021-09-13 04:13:33,558 - INFO - compute: budget=1; scheme=(0.5,0.8); result=({49}, 107) 
2021-09-13 04:13:33,558 - INFO - budget_last = 1
2021-09-13 04:13:33,571 - INFO - compute: budget=2; scheme=(0.5,0.8); result=({49, 1}, 180) 
2021-09-13 04:13:33,572 - INFO - budget_last = 2
2021-09-13 04:13:33,583 - INFO - compute: budget=3; scheme=(0.5,0.8); result=({49, 150, 1}, 274) 
2021-09-13 04:13:33,584 - INFO - budget_last = 3
2021-09-13 04:13:33,596 - INFO - compute: budget=4; scheme=(0.5,0.8); result=({49, 150, 205, 1}, 356) 
2021-09-13 04:13:33,596 - INFO - budget_last = 0
2021-09-13 04:13:33,610 - INFO - compute: budget=1; scheme=(0.5,0.9); result=({49}, 107) 
2021-09-13 04:13:33,610 - INFO - budget_last = 1
2021-09-13 04:13:33,624 - INFO - compute: budget=2; scheme=(0.5,0.9); result=({49, 1}, 180) 
2021-09-13 04:13:33,624 - INFO - budget_last = 2
2021-09-13 04:13:33,638 - INFO - compute: budget=3; scheme=(0.5,0.9); result=({49, 150, 1}, 274) 
2021-09-13 04:13:33,638 - INFO - budget_last = 3
2021-09-13 04:13:33,651 - INFO - compute: budget=4; scheme=(0.5,0.9); result=({46, 49, 150, 1}, 333) 
2021-09-13 04:13:33,651 - INFO - budget_last = 0
2021-09-13 04:13:33,665 - INFO - compute: budget=1; scheme=(0.5,1.0); result=({49}, 107) 
2021-09-13 04:13:33,665 - INFO - budget_last = 1
2021-09-13 04:13:33,680 - INFO - compute: budget=2; scheme=(0.5,1.0); result=({49, 1}, 180) 
2021-09-13 04:13:33,680 - INFO - budget_last = 2
2021-09-13 04:13:33,694 - INFO - compute: budget=3; scheme=(0.5,1.0); result=({49, 150, 1}, 274) 
2021-09-13 04:13:33,694 - INFO - budget_last = 3
2021-09-13 04:13:33,708 - INFO - compute: budget=4; scheme=(0.5,1.0); result=({46, 49, 150, 1}, 333) 
2021-09-13 04:13:33,708 - INFO - budget_last = 0
2021-09-13 04:13:33,708 - INFO - compute: budget=1; scheme=(0.6000000000000001,0.30000000000000004); result=({109}, 11) 
2021-09-13 04:13:33,709 - INFO - budget_last = 1
2021-09-13 04:13:33,709 - INFO - compute: budget=2; scheme=(0.6000000000000001,0.30000000000000004); result=({17, 109}, 20) 
2021-09-13 04:13:33,709 - INFO - budget_last = 2
2021-09-13 04:13:33,709 - INFO - compute: budget=3; scheme=(0.6000000000000001,0.30000000000000004); result=({17, 172, 109}, 23) 
2021-09-13 04:13:33,709 - INFO - budget_last = 3
2021-09-13 04:13:33,709 - INFO - compute: budget=4; scheme=(0.6000000000000001,0.30000000000000004); result=({17, 172, 109}, 23) 
2021-09-13 04:13:33,709 - INFO -  max history budget=4
2021-09-13 04:13:33,710 - INFO - load: budget=1; scheme=(0.6000000000000001,0.4); result=({17, 172, 109}, 11, {133: set()}) 
2021-09-13 04:13:33,710 - INFO - load: budget=2; scheme=(0.6000000000000001,0.4); result=({17, 172, 109}, 20, {133: set()}) 
2021-09-13 04:13:33,710 - INFO - load: budget=3; scheme=(0.6000000000000001,0.4); result=({17, 172, 109}, 23, {133: set()}) 
2021-09-13 04:13:33,710 - INFO - load: budget=4; scheme=(0.6000000000000001,0.4); result=({17, 172, 109}, 23, set()) 
2021-09-13 04:13:33,710 - INFO - budget_last = 0
2021-09-13 04:13:33,710 - INFO - compute: budget=1; scheme=(0.6000000000000001,0.5); result=({49}, 22) 
2021-09-13 04:13:33,711 - INFO - budget_last = 1
2021-09-13 04:13:33,711 - INFO - compute: budget=2; scheme=(0.6000000000000001,0.5); result=({49, 205}, 35) 
2021-09-13 04:13:33,711 - INFO - budget_last = 2
2021-09-13 04:13:33,712 - INFO - compute: budget=3; scheme=(0.6000000000000001,0.5); result=({49, 109, 205}, 37) 
2021-09-13 04:13:33,712 - INFO - budget_last = 3
2021-09-13 04:13:33,712 - INFO - compute: budget=4; scheme=(0.6000000000000001,0.5); result=({49, 109, 205, 146}, 45) 
2021-09-13 04:13:33,712 - INFO - budget_last = 0
2021-09-13 04:13:33,713 - INFO - compute: budget=1; scheme=(0.6000000000000001,0.6000000000000001); result=({49}, 22) 
2021-09-13 04:13:33,713 - INFO - budget_last = 1
2021-09-13 04:13:33,714 - INFO - compute: budget=2; scheme=(0.6000000000000001,0.6000000000000001); result=({49, 169}, 37) 
2021-09-13 04:13:33,714 - INFO - budget_last = 2
2021-09-13 04:13:33,715 - INFO - compute: budget=3; scheme=(0.6000000000000001,0.6000000000000001); result=({49, 169, 31}, 42) 
2021-09-13 04:13:33,715 - INFO - budget_last = 3
2021-09-13 04:13:33,715 - INFO - compute: budget=4; scheme=(0.6000000000000001,0.6000000000000001); result=({49, 169, 205, 31}, 54) 
2021-09-13 04:13:33,715 - INFO - budget_last = 0
2021-09-13 04:13:33,717 - INFO - compute: budget=1; scheme=(0.6000000000000001,0.7000000000000001); result=({49}, 22) 
2021-09-13 04:13:33,717 - INFO - budget_last = 1
2021-09-13 04:13:33,718 - INFO - compute: budget=2; scheme=(0.6000000000000001,0.7000000000000001); result=({49, 169}, 37) 
2021-09-13 04:13:33,718 - INFO - budget_last = 2
2021-09-13 04:13:33,720 - INFO - compute: budget=3; scheme=(0.6000000000000001,0.7000000000000001); result=({49, 169, 205}, 49) 
2021-09-13 04:13:33,720 - INFO - budget_last = 3
2021-09-13 04:13:33,721 - INFO - compute: budget=4; scheme=(0.6000000000000001,0.7000000000000001); result=({49, 169, 205, 31}, 54) 
2021-09-13 04:13:33,721 - INFO - budget_last = 0
2021-09-13 04:13:33,723 - INFO - compute: budget=1; scheme=(0.6000000000000001,0.8); result=({49}, 22) 
2021-09-13 04:13:33,723 - INFO - budget_last = 1
2021-09-13 04:13:33,725 - INFO - compute: budget=2; scheme=(0.6000000000000001,0.8); result=({49, 1}, 36) 
2021-09-13 04:13:33,725 - INFO - budget_last = 2
2021-09-13 04:13:33,727 - INFO - compute: budget=3; scheme=(0.6000000000000001,0.8); result=({49, 169, 1}, 51) 
2021-09-13 04:13:33,727 - INFO - budget_last = 3
2021-09-13 04:13:33,729 - INFO - compute: budget=4; scheme=(0.6000000000000001,0.8); result=({49, 169, 1, 47}, 57) 
2021-09-13 04:13:33,729 - INFO - budget_last = 0
2021-09-13 04:13:33,731 - INFO - compute: budget=1; scheme=(0.6000000000000001,0.9); result=({49}, 22) 
2021-09-13 04:13:33,731 - INFO - budget_last = 1
2021-09-13 04:13:33,733 - INFO - compute: budget=2; scheme=(0.6000000000000001,0.9); result=({49, 1}, 36) 
2021-09-13 04:13:33,733 - INFO - budget_last = 2
2021-09-13 04:13:33,735 - INFO - compute: budget=3; scheme=(0.6000000000000001,0.9); result=({46, 49, 1}, 53) 
2021-09-13 04:13:33,735 - INFO - budget_last = 3
2021-09-13 04:13:33,737 - INFO - compute: budget=4; scheme=(0.6000000000000001,0.9); result=({46, 49, 169, 1}, 57) 
2021-09-13 04:13:33,738 - INFO - budget_last = 0
2021-09-13 04:13:33,740 - INFO - compute: budget=1; scheme=(0.6000000000000001,1.0); result=({49}, 22) 
2021-09-13 04:13:33,740 - INFO - budget_last = 1
2021-09-13 04:13:33,742 - INFO - compute: budget=2; scheme=(0.6000000000000001,1.0); result=({49, 1}, 36) 
2021-09-13 04:13:33,742 - INFO - budget_last = 2
2021-09-13 04:13:33,744 - INFO - compute: budget=3; scheme=(0.6000000000000001,1.0); result=({46, 49, 1}, 53) 
2021-09-13 04:13:33,744 - INFO - budget_last = 3
2021-09-13 04:13:33,746 - INFO - compute: budget=4; scheme=(0.6000000000000001,1.0); result=({46, 49, 169, 1}, 57) 
2021-09-13 04:13:33,746 - INFO -  max history budget=4
2021-09-13 04:13:33,746 - INFO - load: budget=1; scheme=(0.7000000000000001,0.30000000000000004); result=({17, 172, 109}, 11, {133: set()}) 
2021-09-13 04:13:33,746 - INFO - load: budget=2; scheme=(0.7000000000000001,0.30000000000000004); result=({17, 172, 109}, 20, {133: set()}) 
2021-09-13 04:13:33,747 - INFO - load: budget=3; scheme=(0.7000000000000001,0.30000000000000004); result=({17, 172, 109}, 23, {133: set()}) 
2021-09-13 04:13:33,747 - INFO - load: budget=4; scheme=(0.7000000000000001,0.30000000000000004); result=({17, 172, 109}, 23, set()) 
2021-09-13 04:13:33,747 - INFO -  max history budget=4
2021-09-13 04:13:33,747 - INFO - load: budget=1; scheme=(0.7000000000000001,0.4); result=({17, 172, 109}, 11, {133: set()}) 
2021-09-13 04:13:33,747 - INFO - load: budget=2; scheme=(0.7000000000000001,0.4); result=({17, 172, 109}, 20, {133: set()}) 
2021-09-13 04:13:33,747 - INFO - load: budget=3; scheme=(0.7000000000000001,0.4); result=({17, 172, 109}, 23, {133: set()}) 
2021-09-13 04:13:33,747 - INFO - load: budget=4; scheme=(0.7000000000000001,0.4); result=({17, 172, 109}, 23, set()) 
2021-09-13 04:13:33,747 - INFO -  max history budget=4
2021-09-13 04:13:33,747 - INFO - load: budget=1; scheme=(0.7000000000000001,0.5); result=({49, 109, 205, 146}, 22, {133: set()}) 
2021-09-13 04:13:33,747 - INFO - load: budget=2; scheme=(0.7000000000000001,0.5); result=({49, 109, 205, 146}, 35, {133: set()}) 
2021-09-13 04:13:33,748 - INFO - load: budget=3; scheme=(0.7000000000000001,0.5); result=({49, 109, 205, 146}, 37, {133: set()}) 
2021-09-13 04:13:33,748 - INFO - load: budget=4; scheme=(0.7000000000000001,0.5); result=({49, 109, 205, 146}, 45, {133: set()}) 
2021-09-13 04:13:33,748 - INFO -  max history budget=4
2021-09-13 04:13:33,748 - INFO - load: budget=1; scheme=(0.7000000000000001,0.6000000000000001); result=({49, 169, 205, 31}, 22, {133: set()}) 
2021-09-13 04:13:33,748 - INFO - load: budget=2; scheme=(0.7000000000000001,0.6000000000000001); result=({49, 169, 205, 31}, 37, {133: set()}) 
2021-09-13 04:13:33,748 - INFO - load: budget=3; scheme=(0.7000000000000001,0.6000000000000001); result=({49, 169, 205, 31}, 42, {133: set()}) 
2021-09-13 04:13:33,748 - INFO - load: budget=4; scheme=(0.7000000000000001,0.6000000000000001); result=({49, 169, 205, 31}, 54, {133: set()}) 
2021-09-13 04:13:33,748 - INFO -  max history budget=4
2021-09-13 04:13:33,748 - INFO - load: budget=1; scheme=(0.7000000000000001,0.7000000000000001); result=({49, 169, 205, 31}, 22, {133: set()}) 
2021-09-13 04:13:33,748 - INFO - load: budget=2; scheme=(0.7000000000000001,0.7000000000000001); result=({49, 169, 205, 31}, 37, {133: set()}) 
2021-09-13 04:13:33,748 - INFO - load: budget=3; scheme=(0.7000000000000001,0.7000000000000001); result=({49, 169, 205, 31}, 49, {133: set()}) 
2021-09-13 04:13:33,748 - INFO - load: budget=4; scheme=(0.7000000000000001,0.7000000000000001); result=({49, 169, 205, 31}, 54, {133: set()}) 
2021-09-13 04:13:33,748 - INFO -  max history budget=4
2021-09-13 04:13:33,749 - INFO - load: budget=1; scheme=(0.7000000000000001,0.8); result=({49, 169, 1, 47}, 22, {133: set()}) 
2021-09-13 04:13:33,749 - INFO - load: budget=2; scheme=(0.7000000000000001,0.8); result=({49, 169, 1, 47}, 36, {133: set()}) 
2021-09-13 04:13:33,749 - INFO - load: budget=3; scheme=(0.7000000000000001,0.8); result=({49, 169, 1, 47}, 51, {133: set()}) 
2021-09-13 04:13:33,749 - INFO - load: budget=4; scheme=(0.7000000000000001,0.8); result=({49, 169, 1, 47}, 57, {133: set()}) 
2021-09-13 04:13:33,749 - INFO -  max history budget=4
2021-09-13 04:13:33,749 - INFO - load: budget=1; scheme=(0.7000000000000001,0.9); result=({46, 49, 169, 1}, 22, {133: set()}) 
2021-09-13 04:13:33,749 - INFO - load: budget=2; scheme=(0.7000000000000001,0.9); result=({46, 49, 169, 1}, 36, {133: set()}) 
2021-09-13 04:13:33,749 - INFO - load: budget=3; scheme=(0.7000000000000001,0.9); result=({46, 49, 169, 1}, 53, {133: set()}) 
2021-09-13 04:13:33,749 - INFO - load: budget=4; scheme=(0.7000000000000001,0.9); result=({46, 49, 169, 1}, 57, {133: set()}) 
2021-09-13 04:13:33,749 - INFO -  max history budget=4
2021-09-13 04:13:33,749 - INFO - load: budget=1; scheme=(0.7000000000000001,1.0); result=({46, 49, 169, 1}, 22, {133: set()}) 
2021-09-13 04:13:33,750 - INFO - load: budget=2; scheme=(0.7000000000000001,1.0); result=({46, 49, 169, 1}, 36, {133: set()}) 
2021-09-13 04:13:33,750 - INFO - load: budget=3; scheme=(0.7000000000000001,1.0); result=({46, 49, 169, 1}, 53, {133: set()}) 
2021-09-13 04:13:33,750 - INFO - load: budget=4; scheme=(0.7000000000000001,1.0); result=({46, 49, 169, 1}, 57, {133: set()}) 
