2021-09-18 02:15:23,854 - INFO - Namespace(a='2', beta_paras='3,6,6,3', budget_list='4', did='d1', grain_alpha='10', grain_p='10', method='greedy', percent_R='0.25', percent_S='0.25', seed='32', version='v09180215')
2021-09-18 02:15:23,871 - INFO - Finish random requester set R and supplier set S 
                             percent_R=0.25, num_R=55, len_R=55 
                             percent_S=0.25, num_S=55, len_S=54
2021-09-18 02:15:24,475 - INFO - Finish generate valuations and costs using using a=2
2021-09-18 02:15:24,969 - INFO - ********** (0.0, 0.0, 0.0)
2021-09-18 02:15:24,970 - INFO - max_history_budget=4, max_history_result=(set(), 0, 0.0)
2021-09-18 02:15:24,970 - INFO - load: budget=1; scheme=(0.0,0.0); tilderR=(55) tilderS=(0); result=(set(), 0); rev=0.0
2021-09-18 02:15:24,970 - INFO - load: budget=2; scheme=(0.0,0.0); tilderR=(55) tilderS=(0); result=(set(), 0); rev=0.0
2021-09-18 02:15:24,970 - INFO - load: budget=3; scheme=(0.0,0.0); tilderR=(55) tilderS=(0); result=(set(), 0); rev=0.0
2021-09-18 02:15:24,970 - INFO - load: budget=4; scheme=(0.0,0.0); tilderR=(55) tilderS=(0); result=(set(), 0); rev=0.0
2021-09-18 02:15:24,970 - INFO - ********** (0.0, 0.1, 0.0)
2021-09-18 02:15:24,970 - INFO - max_history_budget=4, max_history_result=(set(), 0, 0.0)
2021-09-18 02:15:24,971 - INFO - load: budget=1; scheme=(0.0,0.0); tilderR=(55) tilderS=(0); result=(set(), 0); rev=0.0
2021-09-18 02:15:24,971 - INFO - load: budget=2; scheme=(0.0,0.0); tilderR=(55) tilderS=(0); result=(set(), 0); rev=0.0
2021-09-18 02:15:24,971 - INFO - load: budget=3; scheme=(0.0,0.0); tilderR=(55) tilderS=(0); result=(set(), 0); rev=0.0
2021-09-18 02:15:24,971 - INFO - load: budget=4; scheme=(0.0,0.0); tilderR=(55) tilderS=(0); result=(set(), 0); rev=0.0
2021-09-18 02:15:24,971 - INFO - ********** (0.0, 0.2, 0.0)
2021-09-18 02:15:24,971 - INFO - max_history_budget=4, max_history_result=(set(), 0, 0.0)
2021-09-18 02:15:24,971 - INFO - load: budget=1; scheme=(0.0,0.0); tilderR=(55) tilderS=(0); result=(set(), 0); rev=0.0
2021-09-18 02:15:24,971 - INFO - load: budget=2; scheme=(0.0,0.0); tilderR=(55) tilderS=(0); result=(set(), 0); rev=0.0
2021-09-18 02:15:24,972 - INFO - load: budget=3; scheme=(0.0,0.0); tilderR=(55) tilderS=(0); result=(set(), 0); rev=0.0
2021-09-18 02:15:24,972 - INFO - load: budget=4; scheme=(0.0,0.0); tilderR=(55) tilderS=(0); result=(set(), 0); rev=0.0
2021-09-18 02:15:24,972 - INFO - ********** (0.0, 0.30000000000000004, 0.0)
2021-09-18 02:15:24,972 - INFO - max_history_budget=4, max_history_result=(set(), 0, 0.0)
2021-09-18 02:15:24,972 - INFO - load: budget=1; scheme=(0.0,0.0); tilderR=(55) tilderS=(0); result=(set(), 0); rev=0.0
2021-09-18 02:15:24,972 - INFO - load: budget=2; scheme=(0.0,0.0); tilderR=(55) tilderS=(0); result=(set(), 0); rev=0.0
2021-09-18 02:15:24,972 - INFO - load: budget=3; scheme=(0.0,0.0); tilderR=(55) tilderS=(0); result=(set(), 0); rev=0.0
2021-09-18 02:15:24,972 - INFO - load: budget=4; scheme=(0.0,0.0); tilderR=(55) tilderS=(0); result=(set(), 0); rev=0.0
2021-09-18 02:15:24,972 - INFO - ********** (0.0, 0.4, 0.0)
2021-09-18 02:15:24,973 - INFO - max_history_budget=4, max_history_result=(set(), 0, 0.0)
2021-09-18 02:15:24,973 - INFO - load: budget=1; scheme=(0.0,0.0); tilderR=(55) tilderS=(0); result=(set(), 0); rev=0.0
2021-09-18 02:15:24,973 - INFO - load: budget=2; scheme=(0.0,0.0); tilderR=(55) tilderS=(0); result=(set(), 0); rev=0.0
2021-09-18 02:15:24,973 - INFO - load: budget=3; scheme=(0.0,0.0); tilderR=(55) tilderS=(0); result=(set(), 0); rev=0.0
2021-09-18 02:15:24,973 - INFO - load: budget=4; scheme=(0.0,0.0); tilderR=(55) tilderS=(0); result=(set(), 0); rev=0.0
2021-09-18 02:15:24,973 - INFO - ********** (0.0, 0.5, 0.0)
2021-09-18 02:15:24,973 - INFO - max_history_budget=4, max_history_result=(set(), 0, 0.0)
2021-09-18 02:15:24,973 - INFO - load: budget=1; scheme=(0.0,0.0); tilderR=(55) tilderS=(0); result=(set(), 0); rev=0.0
2021-09-18 02:15:24,974 - INFO - load: budget=2; scheme=(0.0,0.0); tilderR=(55) tilderS=(0); result=(set(), 0); rev=0.0
2021-09-18 02:15:24,974 - INFO - load: budget=3; scheme=(0.0,0.0); tilderR=(55) tilderS=(0); result=(set(), 0); rev=0.0
2021-09-18 02:15:24,974 - INFO - load: budget=4; scheme=(0.0,0.0); tilderR=(55) tilderS=(0); result=(set(), 0); rev=0.0
2021-09-18 02:15:24,974 - INFO - ********** (0.0, 0.6000000000000001, 0.0)
2021-09-18 02:15:24,974 - INFO - max_history_budget=4, max_history_result=(set(), 0, 0.0)
2021-09-18 02:15:24,974 - INFO - load: budget=1; scheme=(0.0,0.0); tilderR=(55) tilderS=(0); result=(set(), 0); rev=0.0
2021-09-18 02:15:24,974 - INFO - load: budget=2; scheme=(0.0,0.0); tilderR=(55) tilderS=(0); result=(set(), 0); rev=0.0
2021-09-18 02:15:24,974 - INFO - load: budget=3; scheme=(0.0,0.0); tilderR=(55) tilderS=(0); result=(set(), 0); rev=0.0
2021-09-18 02:15:24,975 - INFO - load: budget=4; scheme=(0.0,0.0); tilderR=(55) tilderS=(0); result=(set(), 0); rev=0.0
2021-09-18 02:15:24,975 - INFO - ********** (0.0, 0.7000000000000001, 0.0)
2021-09-18 02:15:24,975 - INFO - max_history_budget=4, max_history_result=(set(), 0, 0.0)
2021-09-18 02:15:24,975 - INFO - load: budget=1; scheme=(0.0,0.0); tilderR=(55) tilderS=(0); result=(set(), 0); rev=0.0
2021-09-18 02:15:24,975 - INFO - load: budget=2; scheme=(0.0,0.0); tilderR=(55) tilderS=(0); result=(set(), 0); rev=0.0
2021-09-18 02:15:24,975 - INFO - load: budget=3; scheme=(0.0,0.0); tilderR=(55) tilderS=(0); result=(set(), 0); rev=0.0
2021-09-18 02:15:24,975 - INFO - load: budget=4; scheme=(0.0,0.0); tilderR=(55) tilderS=(0); result=(set(), 0); rev=0.0
2021-09-18 02:15:24,975 - INFO - ********** (0.0, 0.8, 0.0)
2021-09-18 02:15:24,975 - INFO - max_history_budget=4, max_history_result=(set(), 0, 0.0)
2021-09-18 02:15:24,976 - INFO - load: budget=1; scheme=(0.0,0.0); tilderR=(55) tilderS=(0); result=(set(), 0); rev=0.0
2021-09-18 02:15:24,976 - INFO - load: budget=2; scheme=(0.0,0.0); tilderR=(55) tilderS=(0); result=(set(), 0); rev=0.0
2021-09-18 02:15:24,976 - INFO - load: budget=3; scheme=(0.0,0.0); tilderR=(55) tilderS=(0); result=(set(), 0); rev=0.0
2021-09-18 02:15:24,976 - INFO - load: budget=4; scheme=(0.0,0.0); tilderR=(55) tilderS=(0); result=(set(), 0); rev=0.0
2021-09-18 02:15:24,976 - INFO - ********** (0.0, 0.9, 0.0)
2021-09-18 02:15:24,976 - INFO - max_history_budget=4, max_history_result=(set(), 0, 0.0)
2021-09-18 02:15:24,976 - INFO - load: budget=1; scheme=(0.0,0.0); tilderR=(55) tilderS=(0); result=(set(), 0); rev=0.0
2021-09-18 02:15:24,976 - INFO - load: budget=2; scheme=(0.0,0.0); tilderR=(55) tilderS=(0); result=(set(), 0); rev=0.0
2021-09-18 02:15:24,976 - INFO - load: budget=3; scheme=(0.0,0.0); tilderR=(55) tilderS=(0); result=(set(), 0); rev=0.0
2021-09-18 02:15:24,977 - INFO - load: budget=4; scheme=(0.0,0.0); tilderR=(55) tilderS=(0); result=(set(), 0); rev=0.0
2021-09-18 02:15:24,977 - INFO - ********** (0.0, 1.0, 0.0)
2021-09-18 02:15:24,977 - INFO - max_history_budget=4, max_history_result=(set(), 0, 0.0)
2021-09-18 02:15:24,977 - INFO - load: budget=1; scheme=(0.0,0.0); tilderR=(55) tilderS=(0); result=(set(), 0); rev=0.0
2021-09-18 02:15:24,977 - INFO - load: budget=2; scheme=(0.0,0.0); tilderR=(55) tilderS=(0); result=(set(), 0); rev=0.0
2021-09-18 02:15:24,977 - INFO - load: budget=3; scheme=(0.0,0.0); tilderR=(55) tilderS=(0); result=(set(), 0); rev=0.0
2021-09-18 02:15:24,977 - INFO - load: budget=4; scheme=(0.0,0.0); tilderR=(55) tilderS=(0); result=(set(), 0); rev=0.0
2021-09-18 02:15:24,977 - INFO - ********** (0.1, 0.0, 0.0)
2021-09-18 02:15:24,977 - INFO - max_history_budget=4, max_history_result=(set(), 0, 0.0)
2021-09-18 02:15:24,978 - INFO - load: budget=1; scheme=(0.1,0.0); tilderR=(55) tilderS=(0); result=(set(), 0); rev=0.0
2021-09-18 02:15:24,978 - INFO - load: budget=2; scheme=(0.1,0.0); tilderR=(55) tilderS=(0); result=(set(), 0); rev=0.0
2021-09-18 02:15:24,978 - INFO - load: budget=3; scheme=(0.1,0.0); tilderR=(55) tilderS=(0); result=(set(), 0); rev=0.0
2021-09-18 02:15:24,978 - INFO - load: budget=4; scheme=(0.1,0.0); tilderR=(55) tilderS=(0); result=(set(), 0); rev=0.0
2021-09-18 02:15:24,978 - INFO - ********** (0.1, 0.1, 0.010000000000000002)
2021-09-18 02:15:24,978 - INFO - max_history_budget=4, max_history_result=(set(), 0, 0.0)
2021-09-18 02:15:24,978 - INFO - load: budget=1; scheme=(0.1,0.010000000000000002); tilderR=(55) tilderS=(0); result=(set(), 0); rev=0.0
2021-09-18 02:15:24,978 - INFO - load: budget=2; scheme=(0.1,0.010000000000000002); tilderR=(55) tilderS=(0); result=(set(), 0); rev=0.0
2021-09-18 02:15:24,978 - INFO - load: budget=3; scheme=(0.1,0.010000000000000002); tilderR=(55) tilderS=(0); result=(set(), 0); rev=0.0
2021-09-18 02:15:24,979 - INFO - load: budget=4; scheme=(0.1,0.010000000000000002); tilderR=(55) tilderS=(0); result=(set(), 0); rev=0.0
2021-09-18 02:15:24,979 - INFO - ********** (0.1, 0.2, 0.020000000000000004)
2021-09-18 02:15:24,979 - INFO - max_history_budget=4, max_history_result=(set(), 0, 0.0)
2021-09-18 02:15:24,979 - INFO - load: budget=1; scheme=(0.1,0.020000000000000004); tilderR=(55) tilderS=(0); result=(set(), 0); rev=0.0
2021-09-18 02:15:24,979 - INFO - load: budget=2; scheme=(0.1,0.020000000000000004); tilderR=(55) tilderS=(0); result=(set(), 0); rev=0.0
2021-09-18 02:15:24,979 - INFO - load: budget=3; scheme=(0.1,0.020000000000000004); tilderR=(55) tilderS=(0); result=(set(), 0); rev=0.0
2021-09-18 02:15:24,979 - INFO - load: budget=4; scheme=(0.1,0.020000000000000004); tilderR=(55) tilderS=(0); result=(set(), 0); rev=0.0
2021-09-18 02:15:24,979 - INFO - ********** (0.1, 0.30000000000000004, 0.030000000000000006)
2021-09-18 02:15:24,979 - INFO - max_history_budget=4, max_history_result=(set(), 0, 0.0)
2021-09-18 02:15:24,980 - INFO - load: budget=1; scheme=(0.1,0.030000000000000006); tilderR=(55) tilderS=(0); result=(set(), 0); rev=0.0
2021-09-18 02:15:24,980 - INFO - load: budget=2; scheme=(0.1,0.030000000000000006); tilderR=(55) tilderS=(0); result=(set(), 0); rev=0.0
2021-09-18 02:15:24,980 - INFO - load: budget=3; scheme=(0.1,0.030000000000000006); tilderR=(55) tilderS=(0); result=(set(), 0); rev=0.0
2021-09-18 02:15:24,980 - INFO - load: budget=4; scheme=(0.1,0.030000000000000006); tilderR=(55) tilderS=(0); result=(set(), 0); rev=0.0
2021-09-18 02:15:24,980 - INFO - ********** (0.1, 0.4, 0.04000000000000001)
2021-09-18 02:15:24,980 - INFO - max_history_budget=4, max_history_result=(set(), 0, 0.0)
2021-09-18 02:15:24,980 - INFO - load: budget=1; scheme=(0.1,0.04000000000000001); tilderR=(55) tilderS=(0); result=(set(), 0); rev=0.0
2021-09-18 02:15:24,980 - INFO - load: budget=2; scheme=(0.1,0.04000000000000001); tilderR=(55) tilderS=(0); result=(set(), 0); rev=0.0
2021-09-18 02:15:24,980 - INFO - load: budget=3; scheme=(0.1,0.04000000000000001); tilderR=(55) tilderS=(0); result=(set(), 0); rev=0.0
2021-09-18 02:15:24,980 - INFO - load: budget=4; scheme=(0.1,0.04000000000000001); tilderR=(55) tilderS=(0); result=(set(), 0); rev=0.0
2021-09-18 02:15:24,981 - INFO - ********** (0.1, 0.5, 0.05)
2021-09-18 02:15:24,981 - INFO - max_history_budget=4, max_history_result=(set(), 0, 0.0)
2021-09-18 02:15:24,982 - INFO - load: budget=1; scheme=(0.1,0.05); tilderR=(55) tilderS=(0); result=(set(), 0); rev=0.0
2021-09-18 02:15:24,982 - INFO - load: budget=2; scheme=(0.1,0.05); tilderR=(55) tilderS=(0); result=(set(), 0); rev=0.0
2021-09-18 02:15:24,982 - INFO - load: budget=3; scheme=(0.1,0.05); tilderR=(55) tilderS=(0); result=(set(), 0); rev=0.0
2021-09-18 02:15:24,982 - INFO - load: budget=4; scheme=(0.1,0.05); tilderR=(55) tilderS=(0); result=(set(), 0); rev=0.0
2021-09-18 02:15:24,982 - INFO - ********** (0.1, 0.6000000000000001, 0.06000000000000001)
2021-09-18 02:15:24,982 - INFO - max_history_budget=4, max_history_result=(set(), 0, 0.0)
2021-09-18 02:15:24,982 - INFO - load: budget=1; scheme=(0.1,0.06000000000000001); tilderR=(55) tilderS=(0); result=(set(), 0); rev=0.0
2021-09-18 02:15:24,982 - INFO - load: budget=2; scheme=(0.1,0.06000000000000001); tilderR=(55) tilderS=(0); result=(set(), 0); rev=0.0
2021-09-18 02:15:24,982 - INFO - load: budget=3; scheme=(0.1,0.06000000000000001); tilderR=(55) tilderS=(0); result=(set(), 0); rev=0.0
2021-09-18 02:15:24,982 - INFO - load: budget=4; scheme=(0.1,0.06000000000000001); tilderR=(55) tilderS=(0); result=(set(), 0); rev=0.0
2021-09-18 02:15:24,983 - INFO - ********** (0.1, 0.7000000000000001, 0.07)
2021-09-18 02:15:24,983 - INFO - max_history_budget=4, max_history_result=(set(), 0, 0.0)
2021-09-18 02:15:24,983 - INFO - load: budget=1; scheme=(0.1,0.07); tilderR=(55) tilderS=(0); result=(set(), 0); rev=0.0
2021-09-18 02:15:24,983 - INFO - load: budget=2; scheme=(0.1,0.07); tilderR=(55) tilderS=(0); result=(set(), 0); rev=0.0
2021-09-18 02:15:24,983 - INFO - load: budget=3; scheme=(0.1,0.07); tilderR=(55) tilderS=(0); result=(set(), 0); rev=0.0
2021-09-18 02:15:24,983 - INFO - load: budget=4; scheme=(0.1,0.07); tilderR=(55) tilderS=(0); result=(set(), 0); rev=0.0
2021-09-18 02:15:24,983 - INFO - ********** (0.1, 0.8, 0.08000000000000002)
2021-09-18 02:15:24,983 - INFO - max_history_budget=4, max_history_result=(set(), 0, 0.0)
2021-09-18 02:15:24,983 - INFO - load: budget=1; scheme=(0.1,0.08000000000000002); tilderR=(55) tilderS=(0); result=(set(), 0); rev=0.0
2021-09-18 02:15:24,983 - INFO - load: budget=2; scheme=(0.1,0.08000000000000002); tilderR=(55) tilderS=(0); result=(set(), 0); rev=0.0
2021-09-18 02:15:24,984 - INFO - load: budget=3; scheme=(0.1,0.08000000000000002); tilderR=(55) tilderS=(0); result=(set(), 0); rev=0.0
2021-09-18 02:15:24,984 - INFO - load: budget=4; scheme=(0.1,0.08000000000000002); tilderR=(55) tilderS=(0); result=(set(), 0); rev=0.0
2021-09-18 02:15:24,984 - INFO - ********** (0.1, 0.9, 0.09000000000000001)
2021-09-18 02:15:24,984 - INFO - max_history_budget=4, max_history_result=(set(), 0, 0.0)
2021-09-18 02:15:24,984 - INFO - load: budget=1; scheme=(0.1,0.09000000000000001); tilderR=(55) tilderS=(0); result=(set(), 0); rev=0.0
2021-09-18 02:15:24,984 - INFO - load: budget=2; scheme=(0.1,0.09000000000000001); tilderR=(55) tilderS=(0); result=(set(), 0); rev=0.0
2021-09-18 02:15:24,984 - INFO - load: budget=3; scheme=(0.1,0.09000000000000001); tilderR=(55) tilderS=(0); result=(set(), 0); rev=0.0
2021-09-18 02:15:24,984 - INFO - load: budget=4; scheme=(0.1,0.09000000000000001); tilderR=(55) tilderS=(0); result=(set(), 0); rev=0.0
2021-09-18 02:15:24,984 - INFO - ********** (0.1, 1.0, 0.1)
2021-09-18 02:15:24,984 - INFO - max_history_budget=4, max_history_result=(set(), 0, 0.0)
2021-09-18 02:15:24,984 - INFO - load: budget=1; scheme=(0.1,0.1); tilderR=(55) tilderS=(0); result=(set(), 0); rev=0.0
2021-09-18 02:15:24,985 - INFO - load: budget=2; scheme=(0.1,0.1); tilderR=(55) tilderS=(0); result=(set(), 0); rev=0.0
2021-09-18 02:15:24,985 - INFO - load: budget=3; scheme=(0.1,0.1); tilderR=(55) tilderS=(0); result=(set(), 0); rev=0.0
2021-09-18 02:15:24,985 - INFO - load: budget=4; scheme=(0.1,0.1); tilderR=(55) tilderS=(0); result=(set(), 0); rev=0.0
2021-09-18 02:15:24,985 - INFO - ********** (0.2, 0.0, 0.0)
2021-09-18 02:15:24,985 - INFO - max_history_budget=4, max_history_result=(set(), 0, 0.0)
2021-09-18 02:15:24,985 - INFO - load: budget=1; scheme=(0.2,0.0); tilderR=(55) tilderS=(0); result=(set(), 0); rev=0.0
2021-09-18 02:15:24,985 - INFO - load: budget=2; scheme=(0.2,0.0); tilderR=(55) tilderS=(0); result=(set(), 0); rev=0.0
2021-09-18 02:15:24,985 - INFO - load: budget=3; scheme=(0.2,0.0); tilderR=(55) tilderS=(0); result=(set(), 0); rev=0.0
2021-09-18 02:15:24,985 - INFO - load: budget=4; scheme=(0.2,0.0); tilderR=(55) tilderS=(0); result=(set(), 0); rev=0.0
2021-09-18 02:15:24,985 - INFO - ********** (0.2, 0.1, 0.020000000000000004)
2021-09-18 02:15:24,986 - INFO - max_history_budget=4, max_history_result=(set(), 0, 0.0)
2021-09-18 02:15:24,986 - INFO - load: budget=1; scheme=(0.2,0.020000000000000004); tilderR=(55) tilderS=(0); result=(set(), 0); rev=0.0
2021-09-18 02:15:24,986 - INFO - load: budget=2; scheme=(0.2,0.020000000000000004); tilderR=(55) tilderS=(0); result=(set(), 0); rev=0.0
2021-09-18 02:15:24,986 - INFO - load: budget=3; scheme=(0.2,0.020000000000000004); tilderR=(55) tilderS=(0); result=(set(), 0); rev=0.0
2021-09-18 02:15:24,986 - INFO - load: budget=4; scheme=(0.2,0.020000000000000004); tilderR=(55) tilderS=(0); result=(set(), 0); rev=0.0
2021-09-18 02:15:24,986 - INFO - ********** (0.2, 0.2, 0.04000000000000001)
2021-09-18 02:15:24,986 - INFO - max_history_budget=4, max_history_result=(set(), 0, 0.0)
2021-09-18 02:15:24,986 - INFO - load: budget=1; scheme=(0.2,0.04000000000000001); tilderR=(55) tilderS=(0); result=(set(), 0); rev=0.0
2021-09-18 02:15:24,986 - INFO - load: budget=2; scheme=(0.2,0.04000000000000001); tilderR=(55) tilderS=(0); result=(set(), 0); rev=0.0
2021-09-18 02:15:24,986 - INFO - load: budget=3; scheme=(0.2,0.04000000000000001); tilderR=(55) tilderS=(0); result=(set(), 0); rev=0.0
2021-09-18 02:15:24,987 - INFO - load: budget=4; scheme=(0.2,0.04000000000000001); tilderR=(55) tilderS=(0); result=(set(), 0); rev=0.0
2021-09-18 02:15:24,987 - INFO - ********** (0.2, 0.30000000000000004, 0.06000000000000001)
2021-09-18 02:15:24,987 - INFO - max_history_budget=4, max_history_result=(set(), 0, 0.0)
2021-09-18 02:15:24,987 - INFO - load: budget=1; scheme=(0.2,0.06000000000000001); tilderR=(55) tilderS=(0); result=(set(), 0); rev=0.0
2021-09-18 02:15:24,987 - INFO - load: budget=2; scheme=(0.2,0.06000000000000001); tilderR=(55) tilderS=(0); result=(set(), 0); rev=0.0
2021-09-18 02:15:24,987 - INFO - load: budget=3; scheme=(0.2,0.06000000000000001); tilderR=(55) tilderS=(0); result=(set(), 0); rev=0.0
2021-09-18 02:15:24,987 - INFO - load: budget=4; scheme=(0.2,0.06000000000000001); tilderR=(55) tilderS=(0); result=(set(), 0); rev=0.0
2021-09-18 02:15:24,987 - INFO - ********** (0.2, 0.4, 0.08000000000000002)
2021-09-18 02:15:24,987 - INFO - max_history_budget=4, max_history_result=(set(), 0, 0.0)
2021-09-18 02:15:24,987 - INFO - load: budget=1; scheme=(0.2,0.08000000000000002); tilderR=(55) tilderS=(0); result=(set(), 0); rev=0.0
2021-09-18 02:15:24,988 - INFO - load: budget=2; scheme=(0.2,0.08000000000000002); tilderR=(55) tilderS=(0); result=(set(), 0); rev=0.0
2021-09-18 02:15:24,988 - INFO - load: budget=3; scheme=(0.2,0.08000000000000002); tilderR=(55) tilderS=(0); result=(set(), 0); rev=0.0
2021-09-18 02:15:24,988 - INFO - load: budget=4; scheme=(0.2,0.08000000000000002); tilderR=(55) tilderS=(0); result=(set(), 0); rev=0.0
2021-09-18 02:15:24,988 - INFO - ********** (0.2, 0.5, 0.1)
2021-09-18 02:15:24,988 - INFO - max_history_budget=4, max_history_result=(set(), 0, 0.0)
2021-09-18 02:15:24,988 - INFO - load: budget=1; scheme=(0.2,0.1); tilderR=(55) tilderS=(0); result=(set(), 0); rev=0.0
2021-09-18 02:15:24,988 - INFO - load: budget=2; scheme=(0.2,0.1); tilderR=(55) tilderS=(0); result=(set(), 0); rev=0.0
2021-09-18 02:15:24,988 - INFO - load: budget=3; scheme=(0.2,0.1); tilderR=(55) tilderS=(0); result=(set(), 0); rev=0.0
2021-09-18 02:15:24,989 - INFO - load: budget=4; scheme=(0.2,0.1); tilderR=(55) tilderS=(0); result=(set(), 0); rev=0.0
2021-09-18 02:15:24,989 - INFO - ********** (0.2, 0.6000000000000001, 0.12000000000000002)
2021-09-18 02:15:24,989 - INFO - max_history_budget=4, max_history_result=({168}, 631, 50.47999999999999)
2021-09-18 02:15:24,989 - INFO - load: budget=1; scheme=(0.2,0.12000000000000002); tilderR=(55) tilderS=(1); result=({168}, 631); rev=50.47999999999999
2021-09-18 02:15:24,989 - INFO - load: budget=2; scheme=(0.2,0.12000000000000002); tilderR=(55) tilderS=(1); result=({168}, 631); rev=50.47999999999999
2021-09-18 02:15:24,990 - INFO - load: budget=3; scheme=(0.2,0.12000000000000002); tilderR=(55) tilderS=(1); result=({168}, 631); rev=50.47999999999999
2021-09-18 02:15:24,990 - INFO - load: budget=4; scheme=(0.2,0.12000000000000002); tilderR=(55) tilderS=(1); result=({168}, 631); rev=50.47999999999999
2021-09-18 02:15:24,990 - INFO - ********** (0.2, 0.7000000000000001, 0.14)
2021-09-18 02:15:24,990 - INFO - max_history_budget=4, max_history_result=({168, 125}, 1093, 43.71999999999998)
2021-09-18 02:15:24,990 - INFO - load: budget=1; scheme=(0.2,0.14); tilderR=(55) tilderS=(2); result=({168, 125}, 671); rev=40.26
2021-09-18 02:15:24,990 - INFO - load: budget=2; scheme=(0.2,0.14); tilderR=(55) tilderS=(2); result=({168, 125}, 1093); rev=65.58
2021-09-18 02:15:24,991 - INFO - load: budget=3; scheme=(0.2,0.14); tilderR=(55) tilderS=(2); result=({168, 125}, 1093); rev=65.58
2021-09-18 02:15:24,991 - INFO - load: budget=4; scheme=(0.2,0.14); tilderR=(55) tilderS=(2); result=({168, 125}, 1093); rev=65.58
2021-09-18 02:15:24,991 - INFO - ********** (0.2, 0.8, 0.16000000000000003)
2021-09-18 02:15:24,991 - INFO - max_history_budget=4, max_history_result=({168, 125}, 1093, 43.71999999999998)
2021-09-18 02:15:24,992 - INFO - load: budget=1; scheme=(0.2,0.16000000000000003); tilderR=(55) tilderS=(2); result=({168, 125}, 671); rev=26.839999999999986
2021-09-18 02:15:24,992 - INFO - load: budget=2; scheme=(0.2,0.16000000000000003); tilderR=(55) tilderS=(2); result=({168, 125}, 1093); rev=43.71999999999998
2021-09-18 02:15:24,992 - INFO - load: budget=3; scheme=(0.2,0.16000000000000003); tilderR=(55) tilderS=(2); result=({168, 125}, 1093); rev=43.71999999999998
2021-09-18 02:15:24,992 - INFO - load: budget=4; scheme=(0.2,0.16000000000000003); tilderR=(55) tilderS=(2); result=({168, 125}, 1093); rev=43.71999999999998
2021-09-18 02:15:24,992 - INFO - ********** (0.2, 0.9, 0.18000000000000002)
2021-09-18 02:15:24,993 - INFO - max_history_budget=4, max_history_result=({168, 125, 46}, 1770, 0.0)
2021-09-18 02:15:24,993 - INFO - load: budget=1; scheme=(0.2,0.18000000000000002); tilderR=(55) tilderS=(3); result=({168, 125, 46}, 787); rev=15.739999999999991
2021-09-18 02:15:24,993 - INFO - load: budget=2; scheme=(0.2,0.18000000000000002); tilderR=(55) tilderS=(3); result=({168, 125, 46}, 1375); rev=27.499999999999986
2021-09-18 02:15:24,993 - INFO - load: budget=3; scheme=(0.2,0.18000000000000002); tilderR=(55) tilderS=(3); result=({168, 125, 46}, 1770); rev=35.399999999999984
2021-09-18 02:15:24,994 - INFO - load: budget=4; scheme=(0.2,0.18000000000000002); tilderR=(55) tilderS=(3); result=({168, 125, 46}, 1770); rev=35.399999999999984
2021-09-18 02:15:24,994 - INFO - ********** (0.2, 1.0, 0.2)
2021-09-18 02:15:24,994 - INFO - max_history_budget=4, max_history_result=({168, 125, 46}, 1770, 0.0)
2021-09-18 02:15:24,994 - INFO - load: budget=1; scheme=(0.2,0.2); tilderR=(55) tilderS=(3); result=({168, 125, 46}, 787); rev=0.0
2021-09-18 02:15:24,995 - INFO - load: budget=2; scheme=(0.2,0.2); tilderR=(55) tilderS=(3); result=({168, 125, 46}, 1375); rev=0.0
2021-09-18 02:15:24,995 - INFO - load: budget=3; scheme=(0.2,0.2); tilderR=(55) tilderS=(3); result=({168, 125, 46}, 1770); rev=0.0
2021-09-18 02:15:24,995 - INFO - load: budget=4; scheme=(0.2,0.2); tilderR=(55) tilderS=(3); result=({168, 125, 46}, 1770); rev=0.0
2021-09-18 02:15:24,995 - INFO - ********** (0.30000000000000004, 0.0, 0.0)
2021-09-18 02:15:24,999 - INFO - max_history_budget=0, max_history_result=None
2021-09-18 02:15:25,001 - INFO - compute: budget=1; scheme=(0.30000000000000004,0.0); tilderR=(54) tilderS=(0); result=(set(), 0); rev=0.0
2021-09-18 02:15:25,001 - INFO - compute: budget=2; scheme=(0.30000000000000004,0.0); tilderR=(54) tilderS=(0); result=(set(), 0); rev=0.0
2021-09-18 02:15:25,001 - INFO - compute: budget=3; scheme=(0.30000000000000004,0.0); tilderR=(54) tilderS=(0); result=(set(), 0); rev=0.0
2021-09-18 02:15:25,001 - INFO - compute: budget=4; scheme=(0.30000000000000004,0.0); tilderR=(54) tilderS=(0); result=(set(), 0); rev=0.0
2021-09-18 02:15:25,001 - INFO - ********** (0.30000000000000004, 0.1, 0.030000000000000006)
2021-09-18 02:15:25,003 - INFO - max_history_budget=4, max_history_result=(set(), 0, 0.0)
2021-09-18 02:15:25,004 - INFO - load: budget=1; scheme=(0.30000000000000004,0.030000000000000006); tilderR=(54) tilderS=(0); result=(set(), 0); rev=0.0
2021-09-18 02:15:25,005 - INFO - load: budget=2; scheme=(0.30000000000000004,0.030000000000000006); tilderR=(54) tilderS=(0); result=(set(), 0); rev=0.0
2021-09-18 02:15:25,007 - INFO - load: budget=3; scheme=(0.30000000000000004,0.030000000000000006); tilderR=(54) tilderS=(0); result=(set(), 0); rev=0.0
2021-09-18 02:15:25,008 - INFO - load: budget=4; scheme=(0.30000000000000004,0.030000000000000006); tilderR=(54) tilderS=(0); result=(set(), 0); rev=0.0
2021-09-18 02:15:25,008 - INFO - ********** (0.30000000000000004, 0.2, 0.06000000000000001)
2021-09-18 02:15:25,009 - INFO - max_history_budget=4, max_history_result=(set(), 0, 0.0)
2021-09-18 02:15:25,011 - INFO - load: budget=1; scheme=(0.30000000000000004,0.06000000000000001); tilderR=(54) tilderS=(0); result=(set(), 0); rev=0.0
2021-09-18 02:15:25,012 - INFO - load: budget=2; scheme=(0.30000000000000004,0.06000000000000001); tilderR=(54) tilderS=(0); result=(set(), 0); rev=0.0
2021-09-18 02:15:25,014 - INFO - load: budget=3; scheme=(0.30000000000000004,0.06000000000000001); tilderR=(54) tilderS=(0); result=(set(), 0); rev=0.0
2021-09-18 02:15:25,015 - INFO - load: budget=4; scheme=(0.30000000000000004,0.06000000000000001); tilderR=(54) tilderS=(0); result=(set(), 0); rev=0.0
2021-09-18 02:15:25,015 - INFO - ********** (0.30000000000000004, 0.30000000000000004, 0.09000000000000002)
2021-09-18 02:15:25,016 - INFO - max_history_budget=4, max_history_result=(set(), 0, 0.0)
2021-09-18 02:15:25,017 - INFO - load: budget=1; scheme=(0.30000000000000004,0.09000000000000002); tilderR=(54) tilderS=(0); result=(set(), 0); rev=0.0
2021-09-18 02:15:25,018 - INFO - load: budget=2; scheme=(0.30000000000000004,0.09000000000000002); tilderR=(54) tilderS=(0); result=(set(), 0); rev=0.0
2021-09-18 02:15:25,020 - INFO - load: budget=3; scheme=(0.30000000000000004,0.09000000000000002); tilderR=(54) tilderS=(0); result=(set(), 0); rev=0.0
2021-09-18 02:15:25,021 - INFO - load: budget=4; scheme=(0.30000000000000004,0.09000000000000002); tilderR=(54) tilderS=(0); result=(set(), 0); rev=0.0
2021-09-18 02:15:25,021 - INFO - ********** (0.30000000000000004, 0.4, 0.12000000000000002)
2021-09-18 02:15:25,026 - INFO - max_history_budget=0, max_history_result=None
2021-09-18 02:15:25,031 - INFO - compute: budget=1; scheme=(0.30000000000000004,0.12000000000000002); tilderR=(54) tilderS=(1); result=({168}, 608); rev=109.44000000000001
2021-09-18 02:15:25,033 - INFO - compute: budget=2; scheme=(0.30000000000000004,0.12000000000000002); tilderR=(54) tilderS=(1); result=({168}, 608); rev=109.44000000000001
2021-09-18 02:15:25,033 - INFO - compute: budget=3; scheme=(0.30000000000000004,0.12000000000000002); tilderR=(54) tilderS=(1); result=({168}, 0); rev=0.0
2021-09-18 02:15:25,033 - INFO - compute: budget=4; scheme=(0.30000000000000004,0.12000000000000002); tilderR=(54) tilderS=(1); result=({168}, 0); rev=0.0
2021-09-18 02:15:25,033 - INFO - ********** (0.30000000000000004, 0.5, 0.15000000000000002)
2021-09-18 02:15:25,038 - INFO - max_history_budget=0, max_history_result=None
2021-09-18 02:15:25,045 - INFO - compute: budget=1; scheme=(0.30000000000000004,0.15000000000000002); tilderR=(54) tilderS=(2); result=({125}, 648); rev=97.20000000000002
2021-09-18 02:15:25,051 - INFO - compute: budget=2; scheme=(0.30000000000000004,0.15000000000000002); tilderR=(54) tilderS=(2); result=({168, 125}, 1055); rev=158.25000000000003
2021-09-18 02:15:25,054 - INFO - compute: budget=3; scheme=(0.30000000000000004,0.15000000000000002); tilderR=(54) tilderS=(2); result=({168, 125}, 1055); rev=158.25000000000003
2021-09-18 02:15:25,054 - INFO - compute: budget=4; scheme=(0.30000000000000004,0.15000000000000002); tilderR=(54) tilderS=(2); result=({168, 125}, 0); rev=0.0
2021-09-18 02:15:25,054 - INFO - ********** (0.30000000000000004, 0.6000000000000001, 0.18000000000000005)
2021-09-18 02:15:25,059 - INFO - max_history_budget=0, max_history_result=None
2021-09-18 02:15:25,067 - INFO - compute: budget=1; scheme=(0.30000000000000004,0.18000000000000005); tilderR=(54) tilderS=(3); result=({46}, 765); rev=91.8
2021-09-18 02:15:25,076 - INFO - compute: budget=2; scheme=(0.30000000000000004,0.18000000000000005); tilderR=(54) tilderS=(3); result=({125, 46}, 1333); rev=159.96
2021-09-18 02:15:25,084 - INFO - compute: budget=3; scheme=(0.30000000000000004,0.18000000000000005); tilderR=(54) tilderS=(3); result=({168, 125, 46}, 1714); rev=205.67999999999998
2021-09-18 02:15:25,088 - INFO - compute: budget=4; scheme=(0.30000000000000004,0.18000000000000005); tilderR=(54) tilderS=(3); result=({168, 125, 46}, 1714); rev=205.67999999999998
2021-09-18 02:15:25,088 - INFO - ********** (0.30000000000000004, 0.7000000000000001, 0.21000000000000005)
2021-09-18 02:15:25,089 - INFO - max_history_budget=4, max_history_result=({168, 125, 46}, 1714, 205.67999999999998)
2021-09-18 02:15:25,091 - INFO - load: budget=1; scheme=(0.30000000000000004,0.21000000000000005); tilderR=(54) tilderS=(3); result=({168, 125, 46}, 765); rev=68.85
2021-09-18 02:15:25,092 - INFO - load: budget=2; scheme=(0.30000000000000004,0.21000000000000005); tilderR=(54) tilderS=(3); result=({168, 125, 46}, 1333); rev=119.97
2021-09-18 02:15:25,094 - INFO - load: budget=3; scheme=(0.30000000000000004,0.21000000000000005); tilderR=(54) tilderS=(3); result=({168, 125, 46}, 1714); rev=154.26
2021-09-18 02:15:25,095 - INFO - load: budget=4; scheme=(0.30000000000000004,0.21000000000000005); tilderR=(54) tilderS=(3); result=({168, 125, 46}, 1714); rev=154.26
2021-09-18 02:15:25,095 - INFO - ********** (0.30000000000000004, 0.8, 0.24000000000000005)
2021-09-18 02:15:25,100 - INFO - max_history_budget=0, max_history_result=None
2021-09-18 02:15:25,113 - INFO - compute: budget=1; scheme=(0.30000000000000004,0.24000000000000005); tilderR=(54) tilderS=(5); result=({46}, 765); rev=45.9
2021-09-18 02:15:25,128 - INFO - compute: budget=2; scheme=(0.30000000000000004,0.24000000000000005); tilderR=(54) tilderS=(5); result=({125, 46}, 1333); rev=79.98
2021-09-18 02:15:25,143 - INFO - compute: budget=3; scheme=(0.30000000000000004,0.24000000000000005); tilderR=(54) tilderS=(5); result=({125, 46, 149}, 1758); rev=105.47999999999999
2021-09-18 02:15:25,157 - INFO - compute: budget=4; scheme=(0.30000000000000004,0.24000000000000005); tilderR=(54) tilderS=(5); result=({168, 125, 46, 149}, 2036); rev=122.16
2021-09-18 02:15:25,157 - INFO - ********** (0.30000000000000004, 0.9, 0.2700000000000001)
2021-09-18 02:15:25,163 - INFO - max_history_budget=0, max_history_result=None
2021-09-18 02:15:25,177 - INFO - compute: budget=1; scheme=(0.30000000000000004,0.2700000000000001); tilderR=(54) tilderS=(6); result=({46}, 765); rev=22.949999999999978
2021-09-18 02:15:25,196 - INFO - compute: budget=2; scheme=(0.30000000000000004,0.2700000000000001); tilderR=(54) tilderS=(6); result=({49, 46}, 1403); rev=42.08999999999996
2021-09-18 02:15:25,216 - INFO - compute: budget=3; scheme=(0.30000000000000004,0.2700000000000001); tilderR=(54) tilderS=(6); result=({49, 125, 46}, 1948); rev=58.43999999999994
2021-09-18 02:15:25,234 - INFO - compute: budget=4; scheme=(0.30000000000000004,0.2700000000000001); tilderR=(54) tilderS=(6); result=({49, 125, 46, 149}, 2373); rev=71.18999999999993
2021-09-18 02:15:25,234 - INFO - ********** (0.30000000000000004, 1.0, 0.30000000000000004)
2021-09-18 02:15:25,240 - INFO - max_history_budget=0, max_history_result=None
2021-09-18 02:15:25,258 - INFO - compute: budget=1; scheme=(0.30000000000000004,0.30000000000000004); tilderR=(54) tilderS=(8); result=({46}, 765); rev=0.0
2021-09-18 02:15:25,282 - INFO - compute: budget=2; scheme=(0.30000000000000004,0.30000000000000004); tilderR=(54) tilderS=(8); result=({49, 46}, 1403); rev=0.0
2021-09-18 02:15:25,308 - INFO - compute: budget=3; scheme=(0.30000000000000004,0.30000000000000004); tilderR=(54) tilderS=(8); result=({49, 125, 46}, 1948); rev=0.0
2021-09-18 02:15:25,336 - INFO - compute: budget=4; scheme=(0.30000000000000004,0.30000000000000004); tilderR=(54) tilderS=(8); result=({49, 125, 46, 149}, 2373); rev=0.0
2021-09-18 02:15:25,336 - INFO - ********** (0.4, 0.0, 0.0)
2021-09-18 02:15:25,336 - INFO - max_history_budget=4, max_history_result=(set(), 0, 0.0)
2021-09-18 02:15:25,336 - INFO - load: budget=1; scheme=(0.4,0.0); tilderR=(49) tilderS=(0); result=(set(), 0); rev=0.0
2021-09-18 02:15:25,337 - INFO - load: budget=2; scheme=(0.4,0.0); tilderR=(49) tilderS=(0); result=(set(), 0); rev=0.0
2021-09-18 02:15:25,337 - INFO - load: budget=3; scheme=(0.4,0.0); tilderR=(49) tilderS=(0); result=(set(), 0); rev=0.0
2021-09-18 02:15:25,337 - INFO - load: budget=4; scheme=(0.4,0.0); tilderR=(49) tilderS=(0); result=(set(), 0); rev=0.0
2021-09-18 02:15:25,337 - INFO - ********** (0.4, 0.1, 0.04000000000000001)
2021-09-18 02:15:25,337 - INFO - max_history_budget=4, max_history_result=(set(), 0, 0.0)
2021-09-18 02:15:25,338 - INFO - load: budget=1; scheme=(0.4,0.04000000000000001); tilderR=(49) tilderS=(0); result=(set(), 0); rev=0.0
2021-09-18 02:15:25,338 - INFO - load: budget=2; scheme=(0.4,0.04000000000000001); tilderR=(49) tilderS=(0); result=(set(), 0); rev=0.0
2021-09-18 02:15:25,338 - INFO - load: budget=3; scheme=(0.4,0.04000000000000001); tilderR=(49) tilderS=(0); result=(set(), 0); rev=0.0
2021-09-18 02:15:25,338 - INFO - load: budget=4; scheme=(0.4,0.04000000000000001); tilderR=(49) tilderS=(0); result=(set(), 0); rev=0.0
2021-09-18 02:15:25,339 - INFO - ********** (0.4, 0.2, 0.08000000000000002)
2021-09-18 02:15:25,339 - INFO - max_history_budget=4, max_history_result=(set(), 0, 0.0)
2021-09-18 02:15:25,339 - INFO - load: budget=1; scheme=(0.4,0.08000000000000002); tilderR=(49) tilderS=(0); result=(set(), 0); rev=0.0
2021-09-18 02:15:25,339 - INFO - load: budget=2; scheme=(0.4,0.08000000000000002); tilderR=(49) tilderS=(0); result=(set(), 0); rev=0.0
2021-09-18 02:15:25,340 - INFO - load: budget=3; scheme=(0.4,0.08000000000000002); tilderR=(49) tilderS=(0); result=(set(), 0); rev=0.0
2021-09-18 02:15:25,340 - INFO - load: budget=4; scheme=(0.4,0.08000000000000002); tilderR=(49) tilderS=(0); result=(set(), 0); rev=0.0
2021-09-18 02:15:25,340 - INFO - ********** (0.4, 0.30000000000000004, 0.12000000000000002)
2021-09-18 02:15:25,346 - INFO - max_history_budget=0, max_history_result=None
2021-09-18 02:15:25,349 - INFO - compute: budget=1; scheme=(0.4,0.12000000000000002); tilderR=(49) tilderS=(1); result=({168}, 506); rev=141.68
2021-09-18 02:15:25,351 - INFO - compute: budget=2; scheme=(0.4,0.12000000000000002); tilderR=(49) tilderS=(1); result=({168}, 506); rev=141.68
2021-09-18 02:15:25,352 - INFO - compute: budget=3; scheme=(0.4,0.12000000000000002); tilderR=(49) tilderS=(1); result=({168}, 0); rev=0.0
2021-09-18 02:15:25,352 - INFO - compute: budget=4; scheme=(0.4,0.12000000000000002); tilderR=(49) tilderS=(1); result=({168}, 0); rev=0.0
2021-09-18 02:15:25,352 - INFO - ********** (0.4, 0.4, 0.16000000000000003)
2021-09-18 02:15:25,352 - INFO - max_history_budget=4, max_history_result=({168, 125}, 898, 215.51999999999998)
2021-09-18 02:15:25,352 - INFO - load: budget=1; scheme=(0.4,0.16000000000000003); tilderR=(49) tilderS=(2); result=({168, 125}, 560); rev=134.4
2021-09-18 02:15:25,353 - INFO - load: budget=2; scheme=(0.4,0.16000000000000003); tilderR=(49) tilderS=(2); result=({168, 125}, 898); rev=215.51999999999998
2021-09-18 02:15:25,353 - INFO - load: budget=3; scheme=(0.4,0.16000000000000003); tilderR=(49) tilderS=(2); result=({168, 125}, 898); rev=215.51999999999998
2021-09-18 02:15:25,354 - INFO - load: budget=4; scheme=(0.4,0.16000000000000003); tilderR=(49) tilderS=(2); result=({168, 125}, 898); rev=215.51999999999998
2021-09-18 02:15:25,354 - INFO - ********** (0.4, 0.5, 0.2)
2021-09-18 02:15:25,360 - INFO - max_history_budget=0, max_history_result=None
2021-09-18 02:15:25,367 - INFO - compute: budget=1; scheme=(0.4,0.2); tilderR=(49) tilderS=(3); result=({46}, 656); rev=131.20000000000002
2021-09-18 02:15:25,375 - INFO - compute: budget=2; scheme=(0.4,0.2); tilderR=(49) tilderS=(3); result=({125, 46}, 1147); rev=229.4
2021-09-18 02:15:25,382 - INFO - compute: budget=3; scheme=(0.4,0.2); tilderR=(49) tilderS=(3); result=({168, 125, 46}, 1463); rev=292.6
2021-09-18 02:15:25,386 - INFO - compute: budget=4; scheme=(0.4,0.2); tilderR=(49) tilderS=(3); result=({168, 125, 46}, 1463); rev=292.6
2021-09-18 02:15:25,386 - INFO - ********** (0.4, 0.6000000000000001, 0.24000000000000005)
2021-09-18 02:15:25,386 - INFO - max_history_budget=4, max_history_result=({168, 125, 46, 149}, 1742, 278.71999999999997)
2021-09-18 02:15:25,387 - INFO - load: budget=1; scheme=(0.4,0.24000000000000005); tilderR=(49) tilderS=(5); result=({168, 125, 46, 149}, 656); rev=104.95999999999998
2021-09-18 02:15:25,387 - INFO - load: budget=2; scheme=(0.4,0.24000000000000005); tilderR=(49) tilderS=(5); result=({168, 125, 46, 149}, 1147); rev=183.51999999999998
2021-09-18 02:15:25,387 - INFO - load: budget=3; scheme=(0.4,0.24000000000000005); tilderR=(49) tilderS=(5); result=({168, 125, 46, 149}, 1510); rev=241.59999999999997
2021-09-18 02:15:25,388 - INFO - load: budget=4; scheme=(0.4,0.24000000000000005); tilderR=(49) tilderS=(5); result=({168, 125, 46, 149}, 1742); rev=278.71999999999997
2021-09-18 02:15:25,388 - INFO - ********** (0.4, 0.7000000000000001, 0.28)
2021-09-18 02:15:25,394 - INFO - max_history_budget=0, max_history_result=None
2021-09-18 02:15:25,407 - INFO - compute: budget=1; scheme=(0.4,0.28); tilderR=(49) tilderS=(6); result=({46}, 656); rev=78.72
2021-09-18 02:15:25,422 - INFO - compute: budget=2; scheme=(0.4,0.28); tilderR=(49) tilderS=(6); result=({49, 46}, 1202); rev=144.23999999999998
2021-09-18 02:15:25,440 - INFO - compute: budget=3; scheme=(0.4,0.28); tilderR=(49) tilderS=(6); result=({49, 125, 46}, 1675); rev=201.0
2021-09-18 02:15:25,458 - INFO - compute: budget=4; scheme=(0.4,0.28); tilderR=(49) tilderS=(6); result=({49, 125, 46, 149}, 2038); rev=244.56
2021-09-18 02:15:25,458 - INFO - ********** (0.4, 0.8, 0.32000000000000006)
2021-09-18 02:15:25,458 - INFO - max_history_budget=4, max_history_result=({49, 125, 46, 149}, 2038, 163.0399999999999)
2021-09-18 02:15:25,459 - INFO - load: budget=1; scheme=(0.4,0.32000000000000006); tilderR=(49) tilderS=(10); result=({49, 125, 46, 149}, 656); rev=52.479999999999976
2021-09-18 02:15:25,459 - INFO - load: budget=2; scheme=(0.4,0.32000000000000006); tilderR=(49) tilderS=(10); result=({49, 125, 46, 149}, 1202); rev=96.15999999999995
2021-09-18 02:15:25,460 - INFO - load: budget=3; scheme=(0.4,0.32000000000000006); tilderR=(49) tilderS=(10); result=({49, 125, 46, 149}, 1675); rev=133.99999999999994
2021-09-18 02:15:25,460 - INFO - load: budget=4; scheme=(0.4,0.32000000000000006); tilderR=(49) tilderS=(10); result=({49, 125, 46, 149}, 2038); rev=163.0399999999999
2021-09-18 02:15:25,460 - INFO - ********** (0.4, 0.9, 0.36000000000000004)
2021-09-18 02:15:25,466 - INFO - max_history_budget=0, max_history_result=None
2021-09-18 02:15:25,493 - INFO - compute: budget=1; scheme=(0.4,0.36000000000000004); tilderR=(49) tilderS=(14); result=({46}, 656); rev=26.239999999999988
2021-09-18 02:15:25,530 - INFO - compute: budget=2; scheme=(0.4,0.36000000000000004); tilderR=(49) tilderS=(14); result=({1, 46}, 1226); rev=49.03999999999998
2021-09-18 02:15:25,572 - INFO - compute: budget=3; scheme=(0.4,0.36000000000000004); tilderR=(49) tilderS=(14); result=({1, 46, 49}, 1675); rev=66.99999999999997
2021-09-18 02:15:25,621 - INFO - compute: budget=4; scheme=(0.4,0.36000000000000004); tilderR=(49) tilderS=(14); result=({1, 125, 46, 49}, 2148); rev=85.91999999999996
2021-09-18 02:15:25,621 - INFO - ********** (0.4, 1.0, 0.4)
2021-09-18 02:15:25,622 - INFO - max_history_budget=4, max_history_result=({46, 1, 150, 49}, 2352, 0.0)
2021-09-18 02:15:25,622 - INFO - load: budget=1; scheme=(0.4,0.4); tilderR=(49) tilderS=(19); result=({46, 1, 150, 49}, 787); rev=0.0
2021-09-18 02:15:25,622 - INFO - load: budget=2; scheme=(0.4,0.4); tilderR=(49) tilderS=(19); result=({46, 1, 150, 49}, 1333); rev=0.0
2021-09-18 02:15:25,623 - INFO - load: budget=3; scheme=(0.4,0.4); tilderR=(49) tilderS=(19); result=({46, 1, 150, 49}, 1903); rev=0.0
2021-09-18 02:15:25,623 - INFO - load: budget=4; scheme=(0.4,0.4); tilderR=(49) tilderS=(19); result=({46, 1, 150, 49}, 2352); rev=0.0
2021-09-18 02:15:25,623 - INFO - ********** (0.5, 0.0, 0.0)
2021-09-18 02:15:25,629 - INFO - max_history_budget=0, max_history_result=None
2021-09-18 02:15:25,630 - INFO - compute: budget=1; scheme=(0.5,0.0); tilderR=(35) tilderS=(0); result=(set(), 0); rev=0.0
2021-09-18 02:15:25,630 - INFO - compute: budget=2; scheme=(0.5,0.0); tilderR=(35) tilderS=(0); result=(set(), 0); rev=0.0
2021-09-18 02:15:25,630 - INFO - compute: budget=3; scheme=(0.5,0.0); tilderR=(35) tilderS=(0); result=(set(), 0); rev=0.0
2021-09-18 02:15:25,630 - INFO - compute: budget=4; scheme=(0.5,0.0); tilderR=(35) tilderS=(0); result=(set(), 0); rev=0.0
2021-09-18 02:15:25,630 - INFO - ********** (0.5, 0.1, 0.05)
2021-09-18 02:15:25,632 - INFO - max_history_budget=4, max_history_result=(set(), 0, 0.0)
2021-09-18 02:15:25,633 - INFO - load: budget=1; scheme=(0.5,0.05); tilderR=(35) tilderS=(0); result=(set(), 0); rev=0.0
2021-09-18 02:15:25,635 - INFO - load: budget=2; scheme=(0.5,0.05); tilderR=(35) tilderS=(0); result=(set(), 0); rev=0.0
2021-09-18 02:15:25,636 - INFO - load: budget=3; scheme=(0.5,0.05); tilderR=(35) tilderS=(0); result=(set(), 0); rev=0.0
2021-09-18 02:15:25,638 - INFO - load: budget=4; scheme=(0.5,0.05); tilderR=(35) tilderS=(0); result=(set(), 0); rev=0.0
2021-09-18 02:15:25,638 - INFO - ********** (0.5, 0.2, 0.1)
2021-09-18 02:15:25,640 - INFO - max_history_budget=4, max_history_result=(set(), 0, 0.0)
2021-09-18 02:15:25,641 - INFO - load: budget=1; scheme=(0.5,0.1); tilderR=(35) tilderS=(0); result=(set(), 0); rev=0.0
2021-09-18 02:15:25,644 - INFO - load: budget=2; scheme=(0.5,0.1); tilderR=(35) tilderS=(0); result=(set(), 0); rev=0.0
2021-09-18 02:15:25,646 - INFO - load: budget=3; scheme=(0.5,0.1); tilderR=(35) tilderS=(0); result=(set(), 0); rev=0.0
2021-09-18 02:15:25,648 - INFO - load: budget=4; scheme=(0.5,0.1); tilderR=(35) tilderS=(0); result=(set(), 0); rev=0.0
2021-09-18 02:15:25,648 - INFO - ********** (0.5, 0.30000000000000004, 0.15000000000000002)
2021-09-18 02:15:25,654 - INFO - max_history_budget=0, max_history_result=None
2021-09-18 02:15:25,659 - INFO - compute: budget=1; scheme=(0.5,0.15000000000000002); tilderR=(35) tilderS=(2); result=({125}, 313); rev=109.55
2021-09-18 02:15:25,663 - INFO - compute: budget=2; scheme=(0.5,0.15000000000000002); tilderR=(35) tilderS=(2); result=({168, 125}, 485); rev=169.75
2021-09-18 02:15:25,665 - INFO - compute: budget=3; scheme=(0.5,0.15000000000000002); tilderR=(35) tilderS=(2); result=({168, 125}, 485); rev=169.75
2021-09-18 02:15:25,665 - INFO - compute: budget=4; scheme=(0.5,0.15000000000000002); tilderR=(35) tilderS=(2); result=({168, 125}, 0); rev=0.0
2021-09-18 02:15:25,665 - INFO - ********** (0.5, 0.4, 0.2)
2021-09-18 02:15:25,671 - INFO - max_history_budget=0, max_history_result=None
2021-09-18 02:15:25,677 - INFO - compute: budget=1; scheme=(0.5,0.2); tilderR=(35) tilderS=(3); result=({46}, 404); rev=121.19999999999999
2021-09-18 02:15:25,683 - INFO - compute: budget=2; scheme=(0.5,0.2); tilderR=(35) tilderS=(3); result=({125, 46}, 678); rev=203.4
2021-09-18 02:15:25,688 - INFO - compute: budget=3; scheme=(0.5,0.2); tilderR=(35) tilderS=(3); result=({168, 125, 46}, 839); rev=251.7
2021-09-18 02:15:25,691 - INFO - compute: budget=4; scheme=(0.5,0.2); tilderR=(35) tilderS=(3); result=({168, 125, 46}, 839); rev=251.7
2021-09-18 02:15:25,691 - INFO - ********** (0.5, 0.5, 0.25)
2021-09-18 02:15:25,697 - INFO - max_history_budget=0, max_history_result=None
2021-09-18 02:15:25,706 - INFO - compute: budget=1; scheme=(0.5,0.25); tilderR=(35) tilderS=(5); result=({46}, 404); rev=101.0
2021-09-18 02:15:25,716 - INFO - compute: budget=2; scheme=(0.5,0.25); tilderR=(35) tilderS=(5); result=({149, 46}, 705); rev=176.25
2021-09-18 02:15:25,726 - INFO - compute: budget=3; scheme=(0.5,0.25); tilderR=(35) tilderS=(5); result=({125, 149, 46}, 907); rev=226.75
2021-09-18 02:15:25,735 - INFO - compute: budget=4; scheme=(0.5,0.25); tilderR=(35) tilderS=(5); result=({168, 125, 149, 46}, 1025); rev=256.25
2021-09-18 02:15:25,735 - INFO - ********** (0.5, 0.6000000000000001, 0.30000000000000004)
2021-09-18 02:15:25,741 - INFO - max_history_budget=0, max_history_result=None
2021-09-18 02:15:25,754 - INFO - compute: budget=1; scheme=(0.5,0.30000000000000004); tilderR=(35) tilderS=(8); result=({46}, 404); rev=80.79999999999998
2021-09-18 02:15:25,769 - INFO - compute: budget=2; scheme=(0.5,0.30000000000000004); tilderR=(35) tilderS=(8); result=({49, 46}, 753); rev=150.59999999999997
2021-09-18 02:15:25,786 - INFO - compute: budget=3; scheme=(0.5,0.30000000000000004); tilderR=(35) tilderS=(8); result=({49, 149, 46}, 1054); rev=210.79999999999995
2021-09-18 02:15:25,805 - INFO - compute: budget=4; scheme=(0.5,0.30000000000000004); tilderR=(35) tilderS=(8); result=({49, 125, 149, 46}, 1246); rev=249.19999999999993
2021-09-18 02:15:25,805 - INFO - ********** (0.5, 0.7000000000000001, 0.35000000000000003)
2021-09-18 02:15:25,812 - INFO - max_history_budget=0, max_history_result=None
2021-09-18 02:15:25,832 - INFO - compute: budget=1; scheme=(0.5,0.35000000000000003); tilderR=(35) tilderS=(14); result=({1}, 425); rev=63.749999999999986
2021-09-18 02:15:25,859 - INFO - compute: budget=2; scheme=(0.5,0.35000000000000003); tilderR=(35) tilderS=(14); result=({1, 46}, 788); rev=118.19999999999997
2021-09-18 02:15:25,891 - INFO - compute: budget=3; scheme=(0.5,0.35000000000000003); tilderR=(35) tilderS=(14); result=({1, 46, 49}, 1083); rev=162.44999999999996
2021-09-18 02:15:25,928 - INFO - compute: budget=4; scheme=(0.5,0.35000000000000003); tilderR=(35) tilderS=(14); result=({1, 149, 46, 49}, 1384); rev=207.59999999999997
2021-09-18 02:15:25,928 - INFO - ********** (0.5, 0.8, 0.4)
2021-09-18 02:15:25,935 - INFO - max_history_budget=0, max_history_result=None
2021-09-18 02:15:25,962 - INFO - compute: budget=1; scheme=(0.5,0.4); tilderR=(35) tilderS=(19); result=({150}, 476); rev=47.59999999999999
2021-09-18 02:15:26,007 - INFO - compute: budget=2; scheme=(0.5,0.4); tilderR=(35) tilderS=(19); result=({1, 150}, 901); rev=90.09999999999998
2021-09-18 02:15:26,078 - INFO - compute: budget=3; scheme=(0.5,0.4); tilderR=(35) tilderS=(19); result=({46, 1, 150}, 1200); rev=119.99999999999997
2021-09-18 02:15:26,130 - INFO - compute: budget=4; scheme=(0.5,0.4); tilderR=(35) tilderS=(19); result=({46, 1, 150, 49}, 1495); rev=149.49999999999997
2021-09-18 02:15:26,131 - INFO - ********** (0.5, 0.9, 0.45)
2021-09-18 02:15:26,137 - INFO - max_history_budget=0, max_history_result=None
2021-09-18 02:15:26,173 - INFO - compute: budget=1; scheme=(0.5,0.45); tilderR=(35) tilderS=(27); result=({150}, 476); rev=23.799999999999994
2021-09-18 02:15:26,229 - INFO - compute: budget=2; scheme=(0.5,0.45); tilderR=(35) tilderS=(27); result=({1, 150}, 901); rev=45.04999999999999
2021-09-18 02:15:26,290 - INFO - compute: budget=3; scheme=(0.5,0.45); tilderR=(35) tilderS=(27); result=({46, 1, 150}, 1200); rev=59.999999999999986
2021-09-18 02:15:26,361 - INFO - compute: budget=4; scheme=(0.5,0.45); tilderR=(35) tilderS=(27); result=({46, 1, 150, 49}, 1495); rev=74.74999999999999
2021-09-18 02:15:26,362 - INFO - ********** (0.5, 1.0, 0.5)
2021-09-18 02:15:26,368 - INFO - max_history_budget=0, max_history_result=None
2021-09-18 02:15:26,419 - INFO - compute: budget=1; scheme=(0.5,0.5); tilderR=(35) tilderS=(38); result=({150}, 476); rev=0.0
2021-09-18 02:15:26,487 - INFO - compute: budget=2; scheme=(0.5,0.5); tilderR=(35) tilderS=(38); result=({1, 150}, 901); rev=0.0
2021-09-18 02:15:26,573 - INFO - compute: budget=3; scheme=(0.5,0.5); tilderR=(35) tilderS=(38); result=({46, 1, 150}, 1200); rev=0.0
2021-09-18 02:15:26,677 - INFO - compute: budget=4; scheme=(0.5,0.5); tilderR=(35) tilderS=(38); result=({46, 1, 150, 49}, 1495); rev=0.0
2021-09-18 02:15:26,677 - INFO - ********** (0.6000000000000001, 0.0, 0.0)
2021-09-18 02:15:26,678 - INFO - max_history_budget=4, max_history_result=(set(), 0, 0.0)
2021-09-18 02:15:26,678 - INFO - load: budget=1; scheme=(0.6000000000000001,0.0); tilderR=(21) tilderS=(0); result=(set(), 0); rev=0.0
2021-09-18 02:15:26,679 - INFO - load: budget=2; scheme=(0.6000000000000001,0.0); tilderR=(21) tilderS=(0); result=(set(), 0); rev=0.0
2021-09-18 02:15:26,679 - INFO - load: budget=3; scheme=(0.6000000000000001,0.0); tilderR=(21) tilderS=(0); result=(set(), 0); rev=0.0
2021-09-18 02:15:26,679 - INFO - load: budget=4; scheme=(0.6000000000000001,0.0); tilderR=(21) tilderS=(0); result=(set(), 0); rev=0.0
2021-09-18 02:15:26,679 - INFO - ********** (0.6000000000000001, 0.1, 0.06000000000000001)
2021-09-18 02:15:26,680 - INFO - max_history_budget=4, max_history_result=(set(), 0, 0.0)
2021-09-18 02:15:26,680 - INFO - load: budget=1; scheme=(0.6000000000000001,0.06000000000000001); tilderR=(21) tilderS=(0); result=(set(), 0); rev=0.0
2021-09-18 02:15:26,681 - INFO - load: budget=2; scheme=(0.6000000000000001,0.06000000000000001); tilderR=(21) tilderS=(0); result=(set(), 0); rev=0.0
2021-09-18 02:15:26,681 - INFO - load: budget=3; scheme=(0.6000000000000001,0.06000000000000001); tilderR=(21) tilderS=(0); result=(set(), 0); rev=0.0
2021-09-18 02:15:26,682 - INFO - load: budget=4; scheme=(0.6000000000000001,0.06000000000000001); tilderR=(21) tilderS=(0); result=(set(), 0); rev=0.0
2021-09-18 02:15:26,682 - INFO - ********** (0.6000000000000001, 0.2, 0.12000000000000002)
2021-09-18 02:15:26,682 - INFO - max_history_budget=4, max_history_result=({168}, 101, 48.48000000000001)
2021-09-18 02:15:26,682 - INFO - load: budget=1; scheme=(0.6000000000000001,0.12000000000000002); tilderR=(21) tilderS=(1); result=({168}, 101); rev=48.48000000000001
2021-09-18 02:15:26,683 - INFO - load: budget=2; scheme=(0.6000000000000001,0.12000000000000002); tilderR=(21) tilderS=(1); result=({168}, 101); rev=48.48000000000001
2021-09-18 02:15:26,683 - INFO - load: budget=3; scheme=(0.6000000000000001,0.12000000000000002); tilderR=(21) tilderS=(1); result=({168}, 101); rev=48.48000000000001
2021-09-18 02:15:26,684 - INFO - load: budget=4; scheme=(0.6000000000000001,0.12000000000000002); tilderR=(21) tilderS=(1); result=({168}, 101); rev=48.48000000000001
2021-09-18 02:15:26,684 - INFO - ********** (0.6000000000000001, 0.30000000000000004, 0.18000000000000005)
2021-09-18 02:15:26,690 - INFO - max_history_budget=0, max_history_result=None
2021-09-18 02:15:26,694 - INFO - compute: budget=1; scheme=(0.6000000000000001,0.18000000000000005); tilderR=(21) tilderS=(3); result=({46}, 189); rev=79.38000000000001
2021-09-18 02:15:26,697 - INFO - compute: budget=2; scheme=(0.6000000000000001,0.18000000000000005); tilderR=(21) tilderS=(3); result=({125, 46}, 322); rev=135.24
2021-09-18 02:15:26,700 - INFO - compute: budget=3; scheme=(0.6000000000000001,0.18000000000000005); tilderR=(21) tilderS=(3); result=({168, 125, 46}, 384); rev=161.28000000000003
2021-09-18 02:15:26,702 - INFO - compute: budget=4; scheme=(0.6000000000000001,0.18000000000000005); tilderR=(21) tilderS=(3); result=({168, 125, 46}, 384); rev=161.28000000000003
2021-09-18 02:15:26,702 - INFO - ********** (0.6000000000000001, 0.4, 0.24000000000000005)
2021-09-18 02:15:26,703 - INFO - max_history_budget=4, max_history_result=({149, 125, 46, 23}, 523, 188.28000000000003)
2021-09-18 02:15:26,703 - INFO - load: budget=1; scheme=(0.6000000000000001,0.24000000000000005); tilderR=(21) tilderS=(5); result=({149, 125, 46, 23}, 189); rev=68.04
2021-09-18 02:15:26,704 - INFO - load: budget=2; scheme=(0.6000000000000001,0.24000000000000005); tilderR=(21) tilderS=(5); result=({149, 125, 46, 23}, 322); rev=115.92000000000002
2021-09-18 02:15:26,704 - INFO - load: budget=3; scheme=(0.6000000000000001,0.24000000000000005); tilderR=(21) tilderS=(5); result=({149, 125, 46, 23}, 431); rev=155.16000000000003
2021-09-18 02:15:26,705 - INFO - load: budget=4; scheme=(0.6000000000000001,0.24000000000000005); tilderR=(21) tilderS=(5); result=({149, 125, 46, 23}, 523); rev=188.28000000000003
2021-09-18 02:15:26,705 - INFO - ********** (0.6000000000000001, 0.5, 0.30000000000000004)
2021-09-18 02:15:26,712 - INFO - max_history_budget=0, max_history_result=None
2021-09-18 02:15:26,720 - INFO - compute: budget=1; scheme=(0.6000000000000001,0.30000000000000004); tilderR=(21) tilderS=(8); result=({49}, 196); rev=58.80000000000001
2021-09-18 02:15:26,730 - INFO - compute: budget=2; scheme=(0.6000000000000001,0.30000000000000004); tilderR=(21) tilderS=(8); result=({49, 46}, 361); rev=108.30000000000001
2021-09-18 02:15:26,740 - INFO - compute: budget=3; scheme=(0.6000000000000001,0.30000000000000004); tilderR=(21) tilderS=(8); result=({49, 125, 46}, 492); rev=147.60000000000002
2021-09-18 02:15:26,751 - INFO - compute: budget=4; scheme=(0.6000000000000001,0.30000000000000004); tilderR=(21) tilderS=(8); result=({49, 125, 46, 47}, 589); rev=176.70000000000002
2021-09-18 02:15:26,751 - INFO - ********** (0.6000000000000001, 0.6000000000000001, 0.3600000000000001)
2021-09-18 02:15:26,751 - INFO - max_history_budget=4, max_history_result=({1, 125, 46, 49}, 675, 162.0)
2021-09-18 02:15:26,752 - INFO - load: budget=1; scheme=(0.6000000000000001,0.3600000000000001); tilderR=(21) tilderS=(14); result=({1, 125, 46, 49}, 227); rev=54.48
2021-09-18 02:15:26,752 - INFO - load: budget=2; scheme=(0.6000000000000001,0.3600000000000001); tilderR=(21) tilderS=(14); result=({1, 125, 46, 49}, 384); rev=92.16
2021-09-18 02:15:26,753 - INFO - load: budget=3; scheme=(0.6000000000000001,0.3600000000000001); tilderR=(21) tilderS=(14); result=({1, 125, 46, 49}, 544); rev=130.56
2021-09-18 02:15:26,753 - INFO - load: budget=4; scheme=(0.6000000000000001,0.3600000000000001); tilderR=(21) tilderS=(14); result=({1, 125, 46, 49}, 675); rev=162.0
2021-09-18 02:15:26,753 - INFO - ********** (0.6000000000000001, 0.7000000000000001, 0.4200000000000001)
2021-09-18 02:15:26,761 - INFO - max_history_budget=0, max_history_result=None
2021-09-18 02:15:26,781 - INFO - compute: budget=1; scheme=(0.6000000000000001,0.4200000000000001); tilderR=(21) tilderS=(24); result=({150}, 271); rev=48.78
2021-09-18 02:15:26,810 - INFO - compute: budget=2; scheme=(0.6000000000000001,0.4200000000000001); tilderR=(21) tilderS=(24); result=({1, 150}, 498); rev=89.64
2021-09-18 02:15:26,843 - INFO - compute: budget=3; scheme=(0.6000000000000001,0.4200000000000001); tilderR=(21) tilderS=(24); result=({1, 150, 49}, 655); rev=117.89999999999999
2021-09-18 02:15:26,884 - INFO - compute: budget=4; scheme=(0.6000000000000001,0.4200000000000001); tilderR=(21) tilderS=(24); result=({46, 1, 150, 49}, 786); rev=141.48
2021-09-18 02:15:26,884 - INFO - ********** (0.6000000000000001, 0.8, 0.4800000000000001)
2021-09-18 02:15:26,885 - INFO - max_history_budget=4, max_history_result=({1, 173, 150, 49}, 691, 82.92)
2021-09-18 02:15:26,885 - INFO - load: budget=1; scheme=(0.6000000000000001,0.4800000000000001); tilderR=(21) tilderS=(32); result=({1, 173, 150, 49}, 271); rev=32.519999999999996
2021-09-18 02:15:26,885 - INFO - load: budget=2; scheme=(0.6000000000000001,0.4800000000000001); tilderR=(21) tilderS=(32); result=({1, 173, 150, 49}, 498); rev=59.76
2021-09-18 02:15:26,886 - INFO - load: budget=3; scheme=(0.6000000000000001,0.4800000000000001); tilderR=(21) tilderS=(32); result=({1, 173, 150, 49}, 655); rev=78.6
2021-09-18 02:15:26,886 - INFO - load: budget=4; scheme=(0.6000000000000001,0.4800000000000001); tilderR=(21) tilderS=(32); result=({1, 173, 150, 49}, 691); rev=82.92
2021-09-18 02:15:26,887 - INFO - ********** (0.6000000000000001, 0.9, 0.5400000000000001)
2021-09-18 02:15:26,894 - INFO - max_history_budget=0, max_history_result=None
2021-09-18 02:15:26,925 - INFO - compute: budget=1; scheme=(0.6000000000000001,0.5400000000000001); tilderR=(21) tilderS=(38); result=({150}, 271); rev=16.259999999999984
2021-09-18 02:15:26,969 - INFO - compute: budget=2; scheme=(0.6000000000000001,0.5400000000000001); tilderR=(21) tilderS=(38); result=({1, 150}, 498); rev=29.87999999999997
2021-09-18 02:15:27,024 - INFO - compute: budget=3; scheme=(0.6000000000000001,0.5400000000000001); tilderR=(21) tilderS=(38); result=({1, 150, 49}, 655); rev=39.29999999999996
2021-09-18 02:15:27,087 - INFO - compute: budget=4; scheme=(0.6000000000000001,0.5400000000000001); tilderR=(21) tilderS=(38); result=({1, 173, 150, 49}, 691); rev=41.45999999999996
2021-09-18 02:15:27,087 - INFO - ********** (0.6000000000000001, 1.0, 0.6000000000000001)
2021-09-18 02:15:27,088 - INFO - max_history_budget=4, max_history_result=({1, 173, 150, 49}, 691, 0.0)
2021-09-18 02:15:27,088 - INFO - load: budget=1; scheme=(0.6000000000000001,0.6000000000000001); tilderR=(21) tilderS=(46); result=({1, 173, 150, 49}, 271); rev=0.0
2021-09-18 02:15:27,089 - INFO - load: budget=2; scheme=(0.6000000000000001,0.6000000000000001); tilderR=(21) tilderS=(46); result=({1, 173, 150, 49}, 498); rev=0.0
2021-09-18 02:15:27,089 - INFO - load: budget=3; scheme=(0.6000000000000001,0.6000000000000001); tilderR=(21) tilderS=(46); result=({1, 173, 150, 49}, 655); rev=0.0
2021-09-18 02:15:27,090 - INFO - load: budget=4; scheme=(0.6000000000000001,0.6000000000000001); tilderR=(21) tilderS=(46); result=({1, 173, 150, 49}, 691); rev=0.0
2021-09-18 02:15:27,090 - INFO - ********** (0.7000000000000001, 0.0, 0.0)
2021-09-18 02:15:27,097 - INFO - max_history_budget=0, max_history_result=None
2021-09-18 02:15:27,097 - INFO - compute: budget=1; scheme=(0.7000000000000001,0.0); tilderR=(8) tilderS=(0); result=(set(), 0); rev=0.0
2021-09-18 02:15:27,097 - INFO - compute: budget=2; scheme=(0.7000000000000001,0.0); tilderR=(8) tilderS=(0); result=(set(), 0); rev=0.0
2021-09-18 02:15:27,097 - INFO - compute: budget=3; scheme=(0.7000000000000001,0.0); tilderR=(8) tilderS=(0); result=(set(), 0); rev=0.0
2021-09-18 02:15:27,097 - INFO - compute: budget=4; scheme=(0.7000000000000001,0.0); tilderR=(8) tilderS=(0); result=(set(), 0); rev=0.0
2021-09-18 02:15:27,098 - INFO - ********** (0.7000000000000001, 0.1, 0.07)
2021-09-18 02:15:27,099 - INFO - max_history_budget=4, max_history_result=(set(), 0, 0.0)
2021-09-18 02:15:27,101 - INFO - load: budget=1; scheme=(0.7000000000000001,0.07); tilderR=(8) tilderS=(0); result=(set(), 0); rev=0.0
2021-09-18 02:15:27,103 - INFO - load: budget=2; scheme=(0.7000000000000001,0.07); tilderR=(8) tilderS=(0); result=(set(), 0); rev=0.0
2021-09-18 02:15:27,105 - INFO - load: budget=3; scheme=(0.7000000000000001,0.07); tilderR=(8) tilderS=(0); result=(set(), 0); rev=0.0
2021-09-18 02:15:27,107 - INFO - load: budget=4; scheme=(0.7000000000000001,0.07); tilderR=(8) tilderS=(0); result=(set(), 0); rev=0.0
2021-09-18 02:15:27,107 - INFO - ********** (0.7000000000000001, 0.2, 0.14)
2021-09-18 02:15:27,116 - INFO - max_history_budget=0, max_history_result=None
2021-09-18 02:15:27,117 - INFO - compute: budget=1; scheme=(0.7000000000000001,0.14); tilderR=(8) tilderS=(2); result=({125}, 21); rev=11.760000000000002
2021-09-18 02:15:27,118 - INFO - compute: budget=2; scheme=(0.7000000000000001,0.14); tilderR=(8) tilderS=(2); result=({168, 125}, 31); rev=17.360000000000003
2021-09-18 02:15:27,119 - INFO - compute: budget=3; scheme=(0.7000000000000001,0.14); tilderR=(8) tilderS=(2); result=({168, 125}, 31); rev=17.360000000000003
2021-09-18 02:15:27,119 - INFO - compute: budget=4; scheme=(0.7000000000000001,0.14); tilderR=(8) tilderS=(2); result=({168, 125}, 0); rev=0.0
2021-09-18 02:15:27,119 - INFO - ********** (0.7000000000000001, 0.30000000000000004, 0.21000000000000005)
2021-09-18 02:15:27,128 - INFO - max_history_budget=0, max_history_result=None
2021-09-18 02:15:27,130 - INFO - compute: budget=1; scheme=(0.7000000000000001,0.21000000000000005); tilderR=(8) tilderS=(3); result=({46}, 48); rev=23.52
2021-09-18 02:15:27,131 - INFO - compute: budget=2; scheme=(0.7000000000000001,0.21000000000000005); tilderR=(8) tilderS=(3); result=({125, 46}, 66); rev=32.339999999999996
2021-09-18 02:15:27,133 - INFO - compute: budget=3; scheme=(0.7000000000000001,0.21000000000000005); tilderR=(8) tilderS=(3); result=({168, 125, 46}, 76); rev=37.24
2021-09-18 02:15:27,133 - INFO - compute: budget=4; scheme=(0.7000000000000001,0.21000000000000005); tilderR=(8) tilderS=(3); result=({168, 125, 46}, 76); rev=37.24
2021-09-18 02:15:27,133 - INFO - ********** (0.7000000000000001, 0.4, 0.28)
2021-09-18 02:15:27,142 - INFO - max_history_budget=0, max_history_result=None
2021-09-18 02:15:27,144 - INFO - compute: budget=1; scheme=(0.7000000000000001,0.28); tilderR=(8) tilderS=(6); result=({49}, 62); rev=26.040000000000003
2021-09-18 02:15:27,147 - INFO - compute: budget=2; scheme=(0.7000000000000001,0.28); tilderR=(8) tilderS=(6); result=({49, 46}, 104); rev=43.68000000000001
2021-09-18 02:15:27,150 - INFO - compute: budget=3; scheme=(0.7000000000000001,0.28); tilderR=(8) tilderS=(6); result=({49, 46, 23}, 127); rev=53.34
2021-09-18 02:15:27,153 - INFO - compute: budget=4; scheme=(0.7000000000000001,0.28); tilderR=(8) tilderS=(6); result=({49, 125, 46, 23}, 145); rev=60.900000000000006
2021-09-18 02:15:27,153 - INFO - ********** (0.7000000000000001, 0.5, 0.35000000000000003)
2021-09-18 02:15:27,161 - INFO - max_history_budget=0, max_history_result=None
2021-09-18 02:15:27,166 - INFO - compute: budget=1; scheme=(0.7000000000000001,0.35000000000000003); tilderR=(8) tilderS=(14); result=({1}, 85); rev=29.750000000000004
2021-09-18 02:15:27,172 - INFO - compute: budget=2; scheme=(0.7000000000000001,0.35000000000000003); tilderR=(8) tilderS=(14); result=({1, 49}, 137); rev=47.95
2021-09-18 02:15:27,180 - INFO - compute: budget=3; scheme=(0.7000000000000001,0.35000000000000003); tilderR=(8) tilderS=(14); result=({1, 46, 49}, 177); rev=61.95
2021-09-18 02:15:27,189 - INFO - compute: budget=4; scheme=(0.7000000000000001,0.35000000000000003); tilderR=(8) tilderS=(14); result=({1, 47, 46, 49}, 200); rev=70.0
2021-09-18 02:15:27,189 - INFO - ********** (0.7000000000000001, 0.6000000000000001, 0.4200000000000001)
2021-09-18 02:15:27,197 - INFO - max_history_budget=0, max_history_result=None
2021-09-18 02:15:27,207 - INFO - compute: budget=1; scheme=(0.7000000000000001,0.4200000000000001); tilderR=(8) tilderS=(24); result=({1}, 85); rev=23.799999999999997
2021-09-18 02:15:27,217 - INFO - compute: budget=2; scheme=(0.7000000000000001,0.4200000000000001); tilderR=(8) tilderS=(24); result=({1, 150}, 159); rev=44.519999999999996
2021-09-18 02:15:27,231 - INFO - compute: budget=3; scheme=(0.7000000000000001,0.4200000000000001); tilderR=(8) tilderS=(24); result=({1, 150, 49}, 211); rev=59.07999999999999
2021-09-18 02:15:27,246 - INFO - compute: budget=4; scheme=(0.7000000000000001,0.4200000000000001); tilderR=(8) tilderS=(24); result=({1, 167, 150, 49}, 220); rev=61.599999999999994
2021-09-18 02:15:27,247 - INFO - ********** (0.7000000000000001, 0.7000000000000001, 0.4900000000000001)
2021-09-18 02:15:27,255 - INFO - max_history_budget=0, max_history_result=None
2021-09-18 02:15:27,266 - INFO - compute: budget=1; scheme=(0.7000000000000001,0.4900000000000001); tilderR=(8) tilderS=(36); result=({1}, 85); rev=17.849999999999998
2021-09-18 02:15:27,283 - INFO - compute: budget=2; scheme=(0.7000000000000001,0.4900000000000001); tilderR=(8) tilderS=(36); result=({1, 150}, 159); rev=33.38999999999999
2021-09-18 02:15:27,303 - INFO - compute: budget=3; scheme=(0.7000000000000001,0.4900000000000001); tilderR=(8) tilderS=(36); result=({1, 150, 49}, 211); rev=44.309999999999995
2021-09-18 02:15:27,327 - INFO - compute: budget=4; scheme=(0.7000000000000001,0.4900000000000001); tilderR=(8) tilderS=(36); result=({1, 205, 150, 49}, 272); rev=57.11999999999999
2021-09-18 02:15:27,327 - INFO - ********** (0.7000000000000001, 0.8, 0.56)
2021-09-18 02:15:27,335 - INFO - max_history_budget=0, max_history_result=None
2021-09-18 02:15:27,348 - INFO - compute: budget=1; scheme=(0.7000000000000001,0.56); tilderR=(8) tilderS=(39); result=({1}, 85); rev=11.9
2021-09-18 02:15:27,366 - INFO - compute: budget=2; scheme=(0.7000000000000001,0.56); tilderR=(8) tilderS=(39); result=({1, 150}, 159); rev=22.26
2021-09-18 02:15:27,387 - INFO - compute: budget=3; scheme=(0.7000000000000001,0.56); tilderR=(8) tilderS=(39); result=({1, 150, 49}, 211); rev=29.540000000000003
2021-09-18 02:15:27,413 - INFO - compute: budget=4; scheme=(0.7000000000000001,0.56); tilderR=(8) tilderS=(39); result=({1, 205, 150, 49}, 272); rev=38.080000000000005
2021-09-18 02:15:27,414 - INFO - ********** (0.7000000000000001, 0.9, 0.6300000000000001)
2021-09-18 02:15:27,421 - INFO - max_history_budget=0, max_history_result=None
2021-09-18 02:15:27,437 - INFO - compute: budget=1; scheme=(0.7000000000000001,0.6300000000000001); tilderR=(8) tilderS=(48); result=({1}, 85); rev=5.949999999999996
2021-09-18 02:15:27,459 - INFO - compute: budget=2; scheme=(0.7000000000000001,0.6300000000000001); tilderR=(8) tilderS=(48); result=({1, 150}, 159); rev=11.129999999999992
2021-09-18 02:15:27,486 - INFO - compute: budget=3; scheme=(0.7000000000000001,0.6300000000000001); tilderR=(8) tilderS=(48); result=({1, 150, 49}, 211); rev=14.769999999999989
2021-09-18 02:15:27,518 - INFO - compute: budget=4; scheme=(0.7000000000000001,0.6300000000000001); tilderR=(8) tilderS=(48); result=({1, 109, 150, 49}, 272); rev=19.039999999999985
2021-09-18 02:15:27,518 - INFO - ********** (0.7000000000000001, 1.0, 0.7000000000000001)
2021-09-18 02:15:27,526 - INFO - max_history_budget=0, max_history_result=None
2021-09-18 02:15:27,542 - INFO - compute: budget=1; scheme=(0.7000000000000001,0.7000000000000001); tilderR=(8) tilderS=(53); result=({1}, 85); rev=0.0
2021-09-18 02:15:27,565 - INFO - compute: budget=2; scheme=(0.7000000000000001,0.7000000000000001); tilderR=(8) tilderS=(53); result=({1, 150}, 159); rev=0.0
2021-09-18 02:15:27,595 - INFO - compute: budget=3; scheme=(0.7000000000000001,0.7000000000000001); tilderR=(8) tilderS=(53); result=({1, 150, 49}, 211); rev=0.0
2021-09-18 02:15:27,630 - INFO - compute: budget=4; scheme=(0.7000000000000001,0.7000000000000001); tilderR=(8) tilderS=(53); result=({1, 109, 150, 49}, 272); rev=0.0
2021-09-18 02:15:27,630 - INFO - ********** (0.8, 0.0, 0.0)
2021-09-18 02:15:27,631 - INFO - max_history_budget=4, max_history_result=(set(), 0, 0.0)
2021-09-18 02:15:27,631 - INFO - load: budget=1; scheme=(0.8,0.0); tilderR=(3) tilderS=(0); result=(set(), 0); rev=0.0
2021-09-18 02:15:27,632 - INFO - load: budget=2; scheme=(0.8,0.0); tilderR=(3) tilderS=(0); result=(set(), 0); rev=0.0
2021-09-18 02:15:27,633 - INFO - load: budget=3; scheme=(0.8,0.0); tilderR=(3) tilderS=(0); result=(set(), 0); rev=0.0
2021-09-18 02:15:27,633 - INFO - load: budget=4; scheme=(0.8,0.0); tilderR=(3) tilderS=(0); result=(set(), 0); rev=0.0
2021-09-18 02:15:27,633 - INFO - ********** (0.8, 0.1, 0.08000000000000002)
2021-09-18 02:15:27,634 - INFO - max_history_budget=4, max_history_result=(set(), 0, 0.0)
2021-09-18 02:15:27,634 - INFO - load: budget=1; scheme=(0.8,0.08000000000000002); tilderR=(3) tilderS=(0); result=(set(), 0); rev=0.0
2021-09-18 02:15:27,635 - INFO - load: budget=2; scheme=(0.8,0.08000000000000002); tilderR=(3) tilderS=(0); result=(set(), 0); rev=0.0
2021-09-18 02:15:27,635 - INFO - load: budget=3; scheme=(0.8,0.08000000000000002); tilderR=(3) tilderS=(0); result=(set(), 0); rev=0.0
2021-09-18 02:15:27,636 - INFO - load: budget=4; scheme=(0.8,0.08000000000000002); tilderR=(3) tilderS=(0); result=(set(), 0); rev=0.0
2021-09-18 02:15:27,636 - INFO - ********** (0.8, 0.2, 0.16000000000000003)
2021-09-18 02:15:27,636 - INFO - max_history_budget=4, max_history_result=({168, 125}, 12, 7.68)
2021-09-18 02:15:27,637 - INFO - load: budget=1; scheme=(0.8,0.16000000000000003); tilderR=(3) tilderS=(2); result=({168, 125}, 10); rev=6.4
2021-09-18 02:15:27,638 - INFO - load: budget=2; scheme=(0.8,0.16000000000000003); tilderR=(3) tilderS=(2); result=({168, 125}, 12); rev=7.68
2021-09-18 02:15:27,638 - INFO - load: budget=3; scheme=(0.8,0.16000000000000003); tilderR=(3) tilderS=(2); result=({168, 125}, 12); rev=7.68
2021-09-18 02:15:27,639 - INFO - load: budget=4; scheme=(0.8,0.16000000000000003); tilderR=(3) tilderS=(2); result=({168, 125}, 12); rev=7.68
2021-09-18 02:15:27,639 - INFO - ********** (0.8, 0.30000000000000004, 0.24000000000000005)
2021-09-18 02:15:27,647 - INFO - max_history_budget=0, max_history_result=None
2021-09-18 02:15:27,648 - INFO - compute: budget=1; scheme=(0.8,0.24000000000000005); tilderR=(3) tilderS=(5); result=({46}, 17); rev=9.520000000000001
2021-09-18 02:15:27,649 - INFO - compute: budget=2; scheme=(0.8,0.24000000000000005); tilderR=(3) tilderS=(5); result=({149, 46}, 29); rev=16.240000000000002
2021-09-18 02:15:27,650 - INFO - compute: budget=3; scheme=(0.8,0.24000000000000005); tilderR=(3) tilderS=(5); result=({125, 149, 46}, 38); rev=21.28
2021-09-18 02:15:27,651 - INFO - compute: budget=4; scheme=(0.8,0.24000000000000005); tilderR=(3) tilderS=(5); result=({125, 149, 46, 23}, 43); rev=24.080000000000002
2021-09-18 02:15:27,651 - INFO - ********** (0.8, 0.4, 0.32000000000000006)
2021-09-18 02:15:27,652 - INFO - max_history_budget=4, max_history_result=({46, 149, 62, 47}, 49, 23.52)
2021-09-18 02:15:27,652 - INFO - load: budget=1; scheme=(0.8,0.32000000000000006); tilderR=(3) tilderS=(10); result=({46, 149, 62, 47}, 18); rev=8.64
2021-09-18 02:15:27,653 - INFO - load: budget=2; scheme=(0.8,0.32000000000000006); tilderR=(3) tilderS=(10); result=({46, 149, 62, 47}, 31); rev=14.879999999999999
2021-09-18 02:15:27,654 - INFO - load: budget=3; scheme=(0.8,0.32000000000000006); tilderR=(3) tilderS=(10); result=({46, 149, 62, 47}, 40); rev=19.2
2021-09-18 02:15:27,654 - INFO - load: budget=4; scheme=(0.8,0.32000000000000006); tilderR=(3) tilderS=(10); result=({46, 149, 62, 47}, 49); rev=23.52
2021-09-18 02:15:27,654 - INFO - ********** (0.8, 0.5, 0.4)
2021-09-18 02:15:27,663 - INFO - max_history_budget=0, max_history_result=None
2021-09-18 02:15:27,666 - INFO - compute: budget=1; scheme=(0.8,0.4); tilderR=(3) tilderS=(19); result=({150}, 31); rev=12.4
2021-09-18 02:15:27,669 - INFO - compute: budget=2; scheme=(0.8,0.4); tilderR=(3) tilderS=(19); result=({65, 150}, 50); rev=20.0
2021-09-18 02:15:27,673 - INFO - compute: budget=3; scheme=(0.8,0.4); tilderR=(3) tilderS=(19); result=({65, 150, 47}, 66); rev=26.400000000000002
2021-09-18 02:15:27,678 - INFO - compute: budget=4; scheme=(0.8,0.4); tilderR=(3) tilderS=(19); result=({65, 156, 150, 47}, 74); rev=29.6
2021-09-18 02:15:27,678 - INFO - ********** (0.8, 0.6000000000000001, 0.4800000000000001)
2021-09-18 02:15:27,679 - INFO - max_history_budget=4, max_history_result=({65, 173, 150, 167}, 56, 17.919999999999998)
2021-09-18 02:15:27,679 - INFO - load: budget=1; scheme=(0.8,0.4800000000000001); tilderR=(3) tilderS=(32); result=({65, 173, 150, 167}, 31); rev=9.919999999999998
2021-09-18 02:15:27,680 - INFO - load: budget=2; scheme=(0.8,0.4800000000000001); tilderR=(3) tilderS=(32); result=({65, 173, 150, 167}, 35); rev=11.199999999999998
2021-09-18 02:15:27,680 - INFO - load: budget=3; scheme=(0.8,0.4800000000000001); tilderR=(3) tilderS=(32); result=({65, 173, 150, 167}, 38); rev=12.159999999999998
2021-09-18 02:15:27,681 - INFO - load: budget=4; scheme=(0.8,0.4800000000000001); tilderR=(3) tilderS=(32); result=({65, 173, 150, 167}, 56); rev=17.919999999999998
2021-09-18 02:15:27,681 - INFO - ********** (0.8, 0.7000000000000001, 0.56)
2021-09-18 02:15:27,689 - INFO - max_history_budget=0, max_history_result=None
2021-09-18 02:15:27,695 - INFO - compute: budget=1; scheme=(0.8,0.56); tilderR=(3) tilderS=(39); result=({150}, 31); rev=7.4399999999999995
2021-09-18 02:15:27,702 - INFO - compute: budget=2; scheme=(0.8,0.56); tilderR=(3) tilderS=(39); result=({173, 150}, 35); rev=8.4
2021-09-18 02:15:27,710 - INFO - compute: budget=3; scheme=(0.8,0.56); tilderR=(3) tilderS=(39); result=({173, 150, 167}, 38); rev=9.12
2021-09-18 02:15:27,720 - INFO - compute: budget=4; scheme=(0.8,0.56); tilderR=(3) tilderS=(39); result=({205, 173, 150, 167}, 60); rev=14.399999999999999
2021-09-18 02:15:27,720 - INFO - ********** (0.8, 0.8, 0.6400000000000001)
2021-09-18 02:15:27,720 - INFO - max_history_budget=4, max_history_result=({173, 109, 150, 167}, 62, 9.919999999999995)
2021-09-18 02:15:27,721 - INFO - load: budget=1; scheme=(0.8,0.6400000000000001); tilderR=(3) tilderS=(48); result=({173, 109, 150, 167}, 31); rev=4.959999999999997
2021-09-18 02:15:27,722 - INFO - load: budget=2; scheme=(0.8,0.6400000000000001); tilderR=(3) tilderS=(48); result=({173, 109, 150, 167}, 55); rev=8.799999999999995
2021-09-18 02:15:27,722 - INFO - load: budget=3; scheme=(0.8,0.6400000000000001); tilderR=(3) tilderS=(48); result=({173, 109, 150, 167}, 59); rev=9.439999999999996
2021-09-18 02:15:27,723 - INFO - load: budget=4; scheme=(0.8,0.6400000000000001); tilderR=(3) tilderS=(48); result=({173, 109, 150, 167}, 62); rev=9.919999999999995
2021-09-18 02:15:27,723 - INFO - ********** (0.8, 0.9, 0.7200000000000001)
2021-09-18 02:15:27,732 - INFO - max_history_budget=0, max_history_result=None
2021-09-18 02:15:27,738 - INFO - compute: budget=1; scheme=(0.8,0.7200000000000001); tilderR=(3) tilderS=(53); result=({150}, 31); rev=2.4799999999999986
2021-09-18 02:15:27,747 - INFO - compute: budget=2; scheme=(0.8,0.7200000000000001); tilderR=(3) tilderS=(53); result=({109, 150}, 55); rev=4.399999999999998
2021-09-18 02:15:27,757 - INFO - compute: budget=3; scheme=(0.8,0.7200000000000001); tilderR=(3) tilderS=(53); result=({109, 150, 173}, 59); rev=4.719999999999998
2021-09-18 02:15:27,771 - INFO - compute: budget=4; scheme=(0.8,0.7200000000000001); tilderR=(3) tilderS=(53); result=({167, 109, 150, 173}, 62); rev=4.959999999999997
2021-09-18 02:15:27,771 - INFO - ********** (0.8, 1.0, 0.8)
2021-09-18 02:15:27,772 - INFO - max_history_budget=4, max_history_result=({173, 109, 150, 167}, 62, 0.0)
2021-09-18 02:15:27,773 - INFO - load: budget=1; scheme=(0.8,0.8); tilderR=(3) tilderS=(54); result=({173, 109, 150, 167}, 31); rev=0.0
2021-09-18 02:15:27,773 - INFO - load: budget=2; scheme=(0.8,0.8); tilderR=(3) tilderS=(54); result=({173, 109, 150, 167}, 55); rev=0.0
2021-09-18 02:15:27,774 - INFO - load: budget=3; scheme=(0.8,0.8); tilderR=(3) tilderS=(54); result=({173, 109, 150, 167}, 59); rev=0.0
2021-09-18 02:15:27,775 - INFO - load: budget=4; scheme=(0.8,0.8); tilderR=(3) tilderS=(54); result=({173, 109, 150, 167}, 62); rev=0.0
2021-09-18 02:15:27,775 - INFO - ********** (0.9, 0.0, 0.0)
2021-09-18 02:15:27,775 - INFO - max_history_budget=4, max_history_result=(set(), 0, 0.0)
2021-09-18 02:15:27,776 - INFO - load: budget=1; scheme=(0.9,0.0); tilderR=(0) tilderS=(0); result=(set(), 0); rev=0.0
2021-09-18 02:15:27,777 - INFO - load: budget=2; scheme=(0.9,0.0); tilderR=(0) tilderS=(0); result=(set(), 0); rev=0.0
2021-09-18 02:15:27,777 - INFO - load: budget=3; scheme=(0.9,0.0); tilderR=(0) tilderS=(0); result=(set(), 0); rev=0.0
2021-09-18 02:15:27,778 - INFO - load: budget=4; scheme=(0.9,0.0); tilderR=(0) tilderS=(0); result=(set(), 0); rev=0.0
2021-09-18 02:15:27,778 - INFO - ********** (0.9, 0.1, 0.09000000000000001)
2021-09-18 02:15:27,779 - INFO - max_history_budget=4, max_history_result=(set(), 0, 0.0)
2021-09-18 02:15:27,779 - INFO - load: budget=1; scheme=(0.9,0.09000000000000001); tilderR=(0) tilderS=(0); result=(set(), 0); rev=0.0
2021-09-18 02:15:27,780 - INFO - load: budget=2; scheme=(0.9,0.09000000000000001); tilderR=(0) tilderS=(0); result=(set(), 0); rev=0.0
2021-09-18 02:15:27,781 - INFO - load: budget=3; scheme=(0.9,0.09000000000000001); tilderR=(0) tilderS=(0); result=(set(), 0); rev=0.0
2021-09-18 02:15:27,781 - INFO - load: budget=4; scheme=(0.9,0.09000000000000001); tilderR=(0) tilderS=(0); result=(set(), 0); rev=0.0
2021-09-18 02:15:27,782 - INFO - ********** (0.9, 0.2, 0.18000000000000002)
2021-09-18 02:15:27,782 - INFO - max_history_budget=4, max_history_result=({168, 125, 46}, 0, 0.0)
2021-09-18 02:15:27,783 - INFO - load: budget=1; scheme=(0.9,0.18000000000000002); tilderR=(0) tilderS=(3); result=({168, 125, 46}, 0); rev=0.0
2021-09-18 02:15:27,784 - INFO - load: budget=2; scheme=(0.9,0.18000000000000002); tilderR=(0) tilderS=(3); result=({168, 125, 46}, 0); rev=0.0
2021-09-18 02:15:27,784 - INFO - load: budget=3; scheme=(0.9,0.18000000000000002); tilderR=(0) tilderS=(3); result=({168, 125, 46}, 0); rev=0.0
2021-09-18 02:15:27,785 - INFO - load: budget=4; scheme=(0.9,0.18000000000000002); tilderR=(0) tilderS=(3); result=({168, 125, 46}, 0); rev=0.0
2021-09-18 02:15:27,785 - INFO - ********** (0.9, 0.30000000000000004, 0.2700000000000001)
2021-09-18 02:15:27,794 - INFO - max_history_budget=0, max_history_result=None
2021-09-18 02:15:27,795 - INFO - compute: budget=1; scheme=(0.9,0.2700000000000001); tilderR=(0) tilderS=(6); result=({46}, 0); rev=0.0
2021-09-18 02:15:27,795 - INFO - compute: budget=2; scheme=(0.9,0.2700000000000001); tilderR=(0) tilderS=(6); result=({125, 46}, 0); rev=0.0
2021-09-18 02:15:27,795 - INFO - compute: budget=3; scheme=(0.9,0.2700000000000001); tilderR=(0) tilderS=(6); result=({125, 46, 23}, 0); rev=0.0
2021-09-18 02:15:27,795 - INFO - compute: budget=4; scheme=(0.9,0.2700000000000001); tilderR=(0) tilderS=(6); result=({149, 125, 46, 23}, 0); rev=0.0
2021-09-18 02:15:27,795 - INFO - ********** (0.9, 0.4, 0.36000000000000004)
2021-09-18 02:15:27,804 - INFO - max_history_budget=0, max_history_result=None
2021-09-18 02:15:27,804 - INFO - compute: budget=1; scheme=(0.9,0.36000000000000004); tilderR=(0) tilderS=(14); result=({62}, 0); rev=0.0
2021-09-18 02:15:27,804 - INFO - compute: budget=2; scheme=(0.9,0.36000000000000004); tilderR=(0) tilderS=(14); result=({125, 62}, 0); rev=0.0
2021-09-18 02:15:27,804 - INFO - compute: budget=3; scheme=(0.9,0.36000000000000004); tilderR=(0) tilderS=(14); result=({125, 62, 23}, 0); rev=0.0
2021-09-18 02:15:27,804 - INFO - compute: budget=4; scheme=(0.9,0.36000000000000004); tilderR=(0) tilderS=(14); result=({61, 125, 62, 23}, 0); rev=0.0
2021-09-18 02:15:27,804 - INFO - ********** (0.9, 0.5, 0.45)
2021-09-18 02:15:27,814 - INFO - max_history_budget=0, max_history_result=None
2021-09-18 02:15:27,814 - INFO - compute: budget=1; scheme=(0.9,0.45); tilderR=(0) tilderS=(27); result=({62}, 0); rev=0.0
2021-09-18 02:15:27,814 - INFO - compute: budget=2; scheme=(0.9,0.45); tilderR=(0) tilderS=(27); result=({61, 62}, 0); rev=0.0
2021-09-18 02:15:27,814 - INFO - compute: budget=3; scheme=(0.9,0.45); tilderR=(0) tilderS=(27); result=({61, 62, 189}, 0); rev=0.0
2021-09-18 02:15:27,814 - INFO - compute: budget=4; scheme=(0.9,0.45); tilderR=(0) tilderS=(27); result=({125, 61, 62, 189}, 0); rev=0.0
2021-09-18 02:15:27,814 - INFO - ********** (0.9, 0.6000000000000001, 0.5400000000000001)
2021-09-18 02:15:27,823 - INFO - max_history_budget=0, max_history_result=None
2021-09-18 02:15:27,823 - INFO - compute: budget=1; scheme=(0.9,0.5400000000000001); tilderR=(0) tilderS=(38); result=({125}, 0); rev=0.0
2021-09-18 02:15:27,824 - INFO - compute: budget=2; scheme=(0.9,0.5400000000000001); tilderR=(0) tilderS=(38); result=({92, 125}, 0); rev=0.0
2021-09-18 02:15:27,824 - INFO - compute: budget=3; scheme=(0.9,0.5400000000000001); tilderR=(0) tilderS=(38); result=({92, 125, 214}, 0); rev=0.0
2021-09-18 02:15:27,824 - INFO - compute: budget=4; scheme=(0.9,0.5400000000000001); tilderR=(0) tilderS=(38); result=({213, 92, 125, 214}, 0); rev=0.0
2021-09-18 02:15:27,824 - INFO - ********** (0.9, 0.7000000000000001, 0.6300000000000001)
2021-09-18 02:15:27,833 - INFO - max_history_budget=0, max_history_result=None
2021-09-18 02:15:27,833 - INFO - compute: budget=1; scheme=(0.9,0.6300000000000001); tilderR=(0) tilderS=(48); result=({125}, 0); rev=0.0
2021-09-18 02:15:27,833 - INFO - compute: budget=2; scheme=(0.9,0.6300000000000001); tilderR=(0) tilderS=(48); result=({122, 125}, 0); rev=0.0
2021-09-18 02:15:27,833 - INFO - compute: budget=3; scheme=(0.9,0.6300000000000001); tilderR=(0) tilderS=(48); result=({122, 109, 125}, 0); rev=0.0
2021-09-18 02:15:27,834 - INFO - compute: budget=4; scheme=(0.9,0.6300000000000001); tilderR=(0) tilderS=(48); result=({122, 109, 125, 102}, 0); rev=0.0
2021-09-18 02:15:27,834 - INFO - ********** (0.9, 0.8, 0.7200000000000001)
2021-09-18 02:15:27,844 - INFO - max_history_budget=0, max_history_result=None
2021-09-18 02:15:27,844 - INFO - compute: budget=1; scheme=(0.9,0.7200000000000001); tilderR=(0) tilderS=(53); result=({125}, 0); rev=0.0
2021-09-18 02:15:27,844 - INFO - compute: budget=2; scheme=(0.9,0.7200000000000001); tilderR=(0) tilderS=(53); result=({122, 125}, 0); rev=0.0
2021-09-18 02:15:27,844 - INFO - compute: budget=3; scheme=(0.9,0.7200000000000001); tilderR=(0) tilderS=(53); result=({122, 109, 125}, 0); rev=0.0
2021-09-18 02:15:27,845 - INFO - compute: budget=4; scheme=(0.9,0.7200000000000001); tilderR=(0) tilderS=(53); result=({122, 109, 125, 102}, 0); rev=0.0
2021-09-18 02:15:27,845 - INFO - ********** (0.9, 0.9, 0.81)
2021-09-18 02:15:27,845 - INFO - max_history_budget=4, max_history_result=({122, 125, 109, 102}, 0, 0.0)
2021-09-18 02:15:27,846 - INFO - load: budget=1; scheme=(0.9,0.81); tilderR=(0) tilderS=(54); result=({122, 125, 109, 102}, 0); rev=0.0
2021-09-18 02:15:27,847 - INFO - load: budget=2; scheme=(0.9,0.81); tilderR=(0) tilderS=(54); result=({122, 125, 109, 102}, 0); rev=0.0
2021-09-18 02:15:27,848 - INFO - load: budget=3; scheme=(0.9,0.81); tilderR=(0) tilderS=(54); result=({122, 125, 109, 102}, 0); rev=0.0
2021-09-18 02:15:27,849 - INFO - load: budget=4; scheme=(0.9,0.81); tilderR=(0) tilderS=(54); result=({122, 125, 109, 102}, 0); rev=0.0
2021-09-18 02:15:27,849 - INFO - ********** (0.9, 1.0, 0.9)
2021-09-18 02:15:27,849 - INFO - max_history_budget=4, max_history_result=({122, 125, 109, 102}, 0, 0.0)
2021-09-18 02:15:27,850 - INFO - load: budget=1; scheme=(0.9,0.9); tilderR=(0) tilderS=(54); result=({122, 125, 109, 102}, 0); rev=0.0
2021-09-18 02:15:27,851 - INFO - load: budget=2; scheme=(0.9,0.9); tilderR=(0) tilderS=(54); result=({122, 125, 109, 102}, 0); rev=0.0
2021-09-18 02:15:27,852 - INFO - load: budget=3; scheme=(0.9,0.9); tilderR=(0) tilderS=(54); result=({122, 125, 109, 102}, 0); rev=0.0
2021-09-18 02:15:27,852 - INFO - load: budget=4; scheme=(0.9,0.9); tilderR=(0) tilderS=(54); result=({122, 125, 109, 102}, 0); rev=0.0
2021-09-18 02:15:27,852 - INFO - ********** (1.0, 0.0, 0.0)
2021-09-18 02:15:27,853 - INFO - max_history_budget=4, max_history_result=(set(), 0, 0.0)
2021-09-18 02:15:27,854 - INFO - load: budget=1; scheme=(1.0,0.0); tilderR=(0) tilderS=(0); result=(set(), 0); rev=0.0
2021-09-18 02:15:27,854 - INFO - load: budget=2; scheme=(1.0,0.0); tilderR=(0) tilderS=(0); result=(set(), 0); rev=0.0
2021-09-18 02:15:27,855 - INFO - load: budget=3; scheme=(1.0,0.0); tilderR=(0) tilderS=(0); result=(set(), 0); rev=0.0
2021-09-18 02:15:27,856 - INFO - load: budget=4; scheme=(1.0,0.0); tilderR=(0) tilderS=(0); result=(set(), 0); rev=0.0
2021-09-18 02:15:27,856 - INFO - ********** (1.0, 0.1, 0.1)
2021-09-18 02:15:27,857 - INFO - max_history_budget=4, max_history_result=(set(), 0, 0.0)
2021-09-18 02:15:27,857 - INFO - load: budget=1; scheme=(1.0,0.1); tilderR=(0) tilderS=(0); result=(set(), 0); rev=0.0
2021-09-18 02:15:27,858 - INFO - load: budget=2; scheme=(1.0,0.1); tilderR=(0) tilderS=(0); result=(set(), 0); rev=0.0
2021-09-18 02:15:27,859 - INFO - load: budget=3; scheme=(1.0,0.1); tilderR=(0) tilderS=(0); result=(set(), 0); rev=0.0
2021-09-18 02:15:27,860 - INFO - load: budget=4; scheme=(1.0,0.1); tilderR=(0) tilderS=(0); result=(set(), 0); rev=0.0
2021-09-18 02:15:27,860 - INFO - ********** (1.0, 0.2, 0.2)
2021-09-18 02:15:27,860 - INFO - max_history_budget=4, max_history_result=({168, 125, 46}, 0, 0.0)
2021-09-18 02:15:27,861 - INFO - load: budget=1; scheme=(1.0,0.2); tilderR=(0) tilderS=(3); result=({168, 125, 46}, 0); rev=0.0
2021-09-18 02:15:27,862 - INFO - load: budget=2; scheme=(1.0,0.2); tilderR=(0) tilderS=(3); result=({168, 125, 46}, 0); rev=0.0
2021-09-18 02:15:27,863 - INFO - load: budget=3; scheme=(1.0,0.2); tilderR=(0) tilderS=(3); result=({168, 125, 46}, 0); rev=0.0
2021-09-18 02:15:27,863 - INFO - load: budget=4; scheme=(1.0,0.2); tilderR=(0) tilderS=(3); result=({168, 125, 46}, 0); rev=0.0
2021-09-18 02:15:27,863 - INFO - ********** (1.0, 0.30000000000000004, 0.30000000000000004)
2021-09-18 02:15:27,873 - INFO - max_history_budget=0, max_history_result=None
2021-09-18 02:15:27,873 - INFO - compute: budget=1; scheme=(1.0,0.30000000000000004); tilderR=(0) tilderS=(8); result=({61}, 0); rev=0.0
2021-09-18 02:15:27,873 - INFO - compute: budget=2; scheme=(1.0,0.30000000000000004); tilderR=(0) tilderS=(8); result=({61, 23}, 0); rev=0.0
2021-09-18 02:15:27,873 - INFO - compute: budget=3; scheme=(1.0,0.30000000000000004); tilderR=(0) tilderS=(8); result=({125, 61, 23}, 0); rev=0.0
2021-09-18 02:15:27,873 - INFO - compute: budget=4; scheme=(1.0,0.30000000000000004); tilderR=(0) tilderS=(8); result=({125, 61, 149, 23}, 0); rev=0.0
2021-09-18 02:15:27,873 - INFO - ********** (1.0, 0.4, 0.4)
2021-09-18 02:15:27,874 - INFO - max_history_budget=4, max_history_result=({49, 61, 125, 62}, 0, 0.0)
2021-09-18 02:15:27,875 - INFO - load: budget=1; scheme=(1.0,0.4); tilderR=(0) tilderS=(19); result=({49, 61, 125, 62}, 0); rev=0.0
2021-09-18 02:15:27,876 - INFO - load: budget=2; scheme=(1.0,0.4); tilderR=(0) tilderS=(19); result=({49, 61, 125, 62}, 0); rev=0.0
2021-09-18 02:15:27,876 - INFO - load: budget=3; scheme=(1.0,0.4); tilderR=(0) tilderS=(19); result=({49, 61, 125, 62}, 0); rev=0.0
2021-09-18 02:15:27,877 - INFO - load: budget=4; scheme=(1.0,0.4); tilderR=(0) tilderS=(19); result=({49, 61, 125, 62}, 0); rev=0.0
2021-09-18 02:15:27,877 - INFO - ********** (1.0, 0.5, 0.5)
2021-09-18 02:15:27,880 - INFO - max_history_budget=4, max_history_result=({213, 92, 125, 214}, 0, 0.0)
2021-09-18 02:15:27,882 - INFO - load: budget=1; scheme=(1.0,0.5); tilderR=(0) tilderS=(38); result=({213, 92, 125, 214}, 0); rev=0.0
2021-09-18 02:15:27,885 - INFO - load: budget=2; scheme=(1.0,0.5); tilderR=(0) tilderS=(38); result=({213, 92, 125, 214}, 0); rev=0.0
2021-09-18 02:15:27,887 - INFO - load: budget=3; scheme=(1.0,0.5); tilderR=(0) tilderS=(38); result=({213, 92, 125, 214}, 0); rev=0.0
2021-09-18 02:15:27,889 - INFO - load: budget=4; scheme=(1.0,0.5); tilderR=(0) tilderS=(38); result=({213, 92, 125, 214}, 0); rev=0.0
2021-09-18 02:15:27,889 - INFO - ********** (1.0, 0.6000000000000001, 0.6000000000000001)
2021-09-18 02:15:27,890 - INFO - max_history_budget=4, max_history_result=({122, 92, 125, 102}, 0, 0.0)
2021-09-18 02:15:27,891 - INFO - load: budget=1; scheme=(1.0,0.6000000000000001); tilderR=(0) tilderS=(46); result=({122, 92, 125, 102}, 0); rev=0.0
2021-09-18 02:15:27,892 - INFO - load: budget=2; scheme=(1.0,0.6000000000000001); tilderR=(0) tilderS=(46); result=({122, 92, 125, 102}, 0); rev=0.0
2021-09-18 02:15:27,892 - INFO - load: budget=3; scheme=(1.0,0.6000000000000001); tilderR=(0) tilderS=(46); result=({122, 92, 125, 102}, 0); rev=0.0
2021-09-18 02:15:27,893 - INFO - load: budget=4; scheme=(1.0,0.6000000000000001); tilderR=(0) tilderS=(46); result=({122, 92, 125, 102}, 0); rev=0.0
2021-09-18 02:15:27,893 - INFO - ********** (1.0, 0.7000000000000001, 0.7000000000000001)
2021-09-18 02:15:27,896 - INFO - max_history_budget=4, max_history_result=({122, 109, 125, 102}, 0, 0.0)
2021-09-18 02:15:27,898 - INFO - load: budget=1; scheme=(1.0,0.7000000000000001); tilderR=(0) tilderS=(53); result=({122, 109, 125, 102}, 0); rev=0.0
2021-09-18 02:15:27,901 - INFO - load: budget=2; scheme=(1.0,0.7000000000000001); tilderR=(0) tilderS=(53); result=({122, 109, 125, 102}, 0); rev=0.0
2021-09-18 02:15:27,903 - INFO - load: budget=3; scheme=(1.0,0.7000000000000001); tilderR=(0) tilderS=(53); result=({122, 109, 125, 102}, 0); rev=0.0
2021-09-18 02:15:27,906 - INFO - load: budget=4; scheme=(1.0,0.7000000000000001); tilderR=(0) tilderS=(53); result=({122, 109, 125, 102}, 0); rev=0.0
2021-09-18 02:15:27,906 - INFO - ********** (1.0, 0.8, 0.8)
2021-09-18 02:15:27,907 - INFO - max_history_budget=4, max_history_result=({122, 125, 109, 102}, 0, 0.0)
2021-09-18 02:15:27,907 - INFO - load: budget=1; scheme=(1.0,0.8); tilderR=(0) tilderS=(54); result=({122, 125, 109, 102}, 0); rev=0.0
2021-09-18 02:15:27,908 - INFO - load: budget=2; scheme=(1.0,0.8); tilderR=(0) tilderS=(54); result=({122, 125, 109, 102}, 0); rev=0.0
2021-09-18 02:15:27,909 - INFO - load: budget=3; scheme=(1.0,0.8); tilderR=(0) tilderS=(54); result=({122, 125, 109, 102}, 0); rev=0.0
2021-09-18 02:15:27,910 - INFO - load: budget=4; scheme=(1.0,0.8); tilderR=(0) tilderS=(54); result=({122, 125, 109, 102}, 0); rev=0.0
2021-09-18 02:15:27,910 - INFO - ********** (1.0, 0.9, 0.9)
2021-09-18 02:15:27,911 - INFO - max_history_budget=4, max_history_result=({122, 125, 109, 102}, 0, 0.0)
2021-09-18 02:15:27,911 - INFO - load: budget=1; scheme=(1.0,0.9); tilderR=(0) tilderS=(54); result=({122, 125, 109, 102}, 0); rev=0.0
2021-09-18 02:15:27,912 - INFO - load: budget=2; scheme=(1.0,0.9); tilderR=(0) tilderS=(54); result=({122, 125, 109, 102}, 0); rev=0.0
2021-09-18 02:15:27,913 - INFO - load: budget=3; scheme=(1.0,0.9); tilderR=(0) tilderS=(54); result=({122, 125, 109, 102}, 0); rev=0.0
2021-09-18 02:15:27,914 - INFO - load: budget=4; scheme=(1.0,0.9); tilderR=(0) tilderS=(54); result=({122, 125, 109, 102}, 0); rev=0.0
2021-09-18 02:15:27,914 - INFO - ********** (1.0, 1.0, 1.0)
2021-09-18 02:15:27,914 - INFO - max_history_budget=4, max_history_result=({122, 125, 109, 102}, 0, 0.0)
2021-09-18 02:15:27,915 - INFO - load: budget=1; scheme=(1.0,1.0); tilderR=(0) tilderS=(54); result=({122, 125, 109, 102}, 0); rev=0.0
2021-09-18 02:15:27,916 - INFO - load: budget=2; scheme=(1.0,1.0); tilderR=(0) tilderS=(54); result=({122, 125, 109, 102}, 0); rev=0.0
2021-09-18 02:15:27,917 - INFO - load: budget=3; scheme=(1.0,1.0); tilderR=(0) tilderS=(54); result=({122, 125, 109, 102}, 0); rev=0.0
2021-09-18 02:15:27,918 - INFO - load: budget=4; scheme=(1.0,1.0); tilderR=(0) tilderS=(54); result=({122, 125, 109, 102}, 0); rev=0.0
