2021-10-15 17:24:38,897 - INFO - run algo
2021-10-15 17:24:38,907 - INFO - 217
2021-10-15 17:24:38,907 - INFO - 217
2021-10-15 17:24:38,911 - INFO - load:
2021-10-15 17:24:38,912 - INFO - Finish random requester set R and supplier set S 
                             percent_R=0.25, num_R=55, len_R=55 
                             percent_S=0.25, num_S=55, len_S=54
2021-10-15 17:24:38,922 - INFO - compute | 1 | (0.0, 0.0) | 55 | 1 | {155}  
2021-10-15 17:24:38,924 - INFO - compute | 1 | (0.0, 0.2) | 55 | 1 | {155}  
2021-10-15 17:24:38,925 - INFO - compute | 1 | (0.0, 0.4) | 55 | 1 | {155}  
2021-10-15 17:24:38,926 - INFO - compute | 1 | (0.0, 0.6000000000000001) | 55 | 1 | {155}  
2021-10-15 17:24:38,928 - INFO - compute | 1 | (0.0, 0.8) | 55 | 1 | {155}  
2021-10-15 17:24:38,929 - INFO - compute | 1 | (0.0, 1.0) | 55 | 1 | {155}  
2021-10-15 17:24:38,930 - INFO - compute | 1 | (0.2, 0.0) | 55 | 1 | {155}  
2021-10-15 17:24:38,931 - INFO - compute | 1 | (0.2, 0.2) | 55 | 1 | {155}  
2021-10-15 17:24:38,933 - INFO - compute | 1 | (0.2, 0.4) | 55 | 1 | {155}  
2021-10-15 17:24:38,934 - INFO - compute | 1 | (0.2, 0.6000000000000001) | 55 | 1 | {155}  
2021-10-15 17:24:38,935 - INFO - compute | 1 | (0.2, 0.8) | 55 | 3 | {155}  
2021-10-15 17:24:38,936 - INFO - compute | 1 | (0.2, 1.0) | 55 | 4 | {155}  
2021-10-15 17:24:38,938 - INFO - compute | 1 | (0.4, 0.0) | 48 | 1 | {155}  
2021-10-15 17:24:38,939 - INFO - compute | 1 | (0.4, 0.2) | 48 | 1 | {155}  
2021-10-15 17:24:38,940 - INFO - compute | 1 | (0.4, 0.4) | 48 | 3 | {155}  
2021-10-15 17:24:38,941 - INFO - compute | 1 | (0.4, 0.6000000000000001) | 48 | 5 | {155}  
2021-10-15 17:24:38,942 - INFO - compute | 1 | (0.4, 0.8) | 48 | 10 | {155}  
2021-10-15 17:24:38,943 - INFO - compute | 1 | (0.4, 1.0) | 48 | 20 | {155}  
2021-10-15 17:24:38,944 - INFO - compute | 1 | (0.6000000000000001, 0.0) | 17 | 1 | {155}  
2021-10-15 17:24:38,944 - INFO - compute | 1 | (0.6000000000000001, 0.2) | 17 | 1 | {155}  
2021-10-15 17:24:38,945 - INFO - compute | 1 | (0.6000000000000001, 0.4) | 17 | 5 | {155}  
2021-10-15 17:24:38,945 - INFO - compute | 1 | (0.6000000000000001, 0.6000000000000001) | 17 | 14 | {155}  
2021-10-15 17:24:38,946 - INFO - compute | 1 | (0.6000000000000001, 0.8) | 17 | 28 | {155}  
2021-10-15 17:24:38,946 - INFO - compute | 1 | (0.6000000000000001, 1.0) | 17 | 41 | {155}  
2021-10-15 17:24:38,946 - INFO - compute | 1 | (0.8, 0.0) | 5 | 1 | {155}  
2021-10-15 17:24:38,947 - INFO - compute | 1 | (0.8, 0.2) | 5 | 3 | {155}  
2021-10-15 17:24:38,947 - INFO - compute | 1 | (0.8, 0.4) | 5 | 10 | {155}  
2021-10-15 17:24:38,947 - INFO - compute | 1 | (0.8, 0.6000000000000001) | 5 | 28 | {155}  
2021-10-15 17:24:38,948 - INFO - compute | 1 | (0.8, 0.8) | 5 | 48 | {155}  
2021-10-15 17:24:38,948 - INFO - compute | 1 | (0.8, 1.0) | 5 | 54 | {155}  
2021-10-15 17:24:38,948 - INFO - compute | 1 | (1.0, 0.0) | 0 | 1 | set()  
2021-10-15 17:24:38,948 - INFO - compute | 1 | (1.0, 0.2) | 0 | 4 | set()  
2021-10-15 17:24:38,948 - INFO - compute | 1 | (1.0, 0.4) | 0 | 20 | set()  
2021-10-15 17:24:38,948 - INFO - compute | 1 | (1.0, 0.6000000000000001) | 0 | 41 | set()  
2021-10-15 17:24:38,948 - INFO - compute | 1 | (1.0, 0.8) | 0 | 54 | set()  
2021-10-15 17:24:38,948 - INFO - compute | 1 | (1.0, 1.0) | 0 | 54 | set()  
2021-10-15 17:24:38,950 - INFO - compute | 2 | (0.0, 0.0) | 55 | 1 | {168, 155}  
2021-10-15 17:24:38,951 - INFO - compute | 2 | (0.0, 0.2) | 55 | 1 | {168, 155}  
2021-10-15 17:24:38,952 - INFO - compute | 2 | (0.0, 0.4) | 55 | 1 | {168, 155}  
2021-10-15 17:24:38,953 - INFO - compute | 2 | (0.0, 0.6000000000000001) | 55 | 1 | {168, 155}  
2021-10-15 17:24:38,955 - INFO - compute | 2 | (0.0, 0.8) | 55 | 1 | {168, 155}  
2021-10-15 17:24:38,956 - INFO - compute | 2 | (0.0, 1.0) | 55 | 1 | {168, 155}  
2021-10-15 17:24:38,957 - INFO - compute | 2 | (0.2, 0.0) | 55 | 1 | {168, 155}  
2021-10-15 17:24:38,959 - INFO - compute | 2 | (0.2, 0.2) | 55 | 1 | {168, 155}  
2021-10-15 17:24:38,960 - INFO - compute | 2 | (0.2, 0.4) | 55 | 1 | {168, 155}  
2021-10-15 17:24:38,961 - INFO - compute | 2 | (0.2, 0.6000000000000001) | 55 | 1 | {168, 155}  
2021-10-15 17:24:38,962 - INFO - compute | 2 | (0.2, 0.8) | 55 | 3 | {168, 155}  
2021-10-15 17:24:38,964 - INFO - compute | 2 | (0.2, 1.0) | 55 | 4 | {168, 155}  
2021-10-15 17:24:38,965 - INFO - compute | 2 | (0.4, 0.0) | 48 | 1 | {168, 155}  
2021-10-15 17:24:38,966 - INFO - compute | 2 | (0.4, 0.2) | 48 | 1 | {168, 155}  
2021-10-15 17:24:38,967 - INFO - compute | 2 | (0.4, 0.4) | 48 | 3 | {168, 155}  
2021-10-15 17:24:38,968 - INFO - compute | 2 | (0.4, 0.6000000000000001) | 48 | 5 | {168, 155}  
2021-10-15 17:24:38,969 - INFO - compute | 2 | (0.4, 0.8) | 48 | 10 | {168, 155}  
2021-10-15 17:24:38,970 - INFO - compute | 2 | (0.4, 1.0) | 48 | 20 | {168, 155}  
2021-10-15 17:24:38,971 - INFO - compute | 2 | (0.6000000000000001, 0.0) | 17 | 1 | {168, 155}  
2021-10-15 17:24:38,971 - INFO - compute | 2 | (0.6000000000000001, 0.2) | 17 | 1 | {168, 155}  
2021-10-15 17:24:38,972 - INFO - compute | 2 | (0.6000000000000001, 0.4) | 17 | 5 | {168, 155}  
2021-10-15 17:24:38,973 - INFO - compute | 2 | (0.6000000000000001, 0.6000000000000001) | 17 | 14 | {168, 155}  
2021-10-15 17:24:38,973 - INFO - compute | 2 | (0.6000000000000001, 0.8) | 17 | 28 | {168, 155}  
2021-10-15 17:24:38,974 - INFO - compute | 2 | (0.6000000000000001, 1.0) | 17 | 41 | {168, 155}  
2021-10-15 17:24:38,974 - INFO - compute | 2 | (0.8, 0.0) | 5 | 1 | {168, 155}  
2021-10-15 17:24:38,974 - INFO - compute | 2 | (0.8, 0.2) | 5 | 3 | {168, 155}  
2021-10-15 17:24:38,975 - INFO - compute | 2 | (0.8, 0.4) | 5 | 10 | {168, 155}  
2021-10-15 17:24:38,975 - INFO - compute | 2 | (0.8, 0.6000000000000001) | 5 | 28 | {168, 155}  
2021-10-15 17:24:38,975 - INFO - compute | 2 | (0.8, 0.8) | 5 | 48 | {168, 155}  
2021-10-15 17:24:38,975 - INFO - compute | 2 | (0.8, 1.0) | 5 | 54 | {168, 155}  
2021-10-15 17:24:38,975 - INFO - compute | 2 | (1.0, 0.0) | 0 | 1 | set()  
2021-10-15 17:24:38,976 - INFO - compute | 2 | (1.0, 0.2) | 0 | 4 | set()  
2021-10-15 17:24:38,976 - INFO - compute | 2 | (1.0, 0.4) | 0 | 20 | set()  
2021-10-15 17:24:38,976 - INFO - compute | 2 | (1.0, 0.6000000000000001) | 0 | 41 | set()  
2021-10-15 17:24:38,976 - INFO - compute | 2 | (1.0, 0.8) | 0 | 54 | set()  
2021-10-15 17:24:38,976 - INFO - compute | 2 | (1.0, 1.0) | 0 | 54 | set()  
