2021-10-15 17:22:21,582 - INFO - run algo
2021-10-15 17:22:21,592 - INFO - 217
2021-10-15 17:22:21,593 - INFO - 217
2021-10-15 17:22:21,596 - INFO - load:
2021-10-15 17:22:21,597 - INFO - Finish random requester set R and supplier set S 
                             percent_R=0.25, num_R=55, len_R=55 
                             percent_S=0.25, num_S=55, len_S=54
2021-10-15 17:22:21,608 - INFO - compute | 1 | (0.0, 0.0) | 55 | 1 | {155}  
2021-10-15 17:22:21,609 - INFO - compute | 1 | (0.0, 0.2) | 55 | 1 | {155}  
2021-10-15 17:22:21,611 - INFO - compute | 1 | (0.0, 0.4) | 55 | 1 | {155}  
2021-10-15 17:22:21,612 - INFO - compute | 1 | (0.0, 0.6000000000000001) | 55 | 1 | {155}  
2021-10-15 17:22:21,613 - INFO - compute | 1 | (0.0, 0.8) | 55 | 1 | {155}  
2021-10-15 17:22:21,614 - INFO - compute | 1 | (0.0, 1.0) | 55 | 1 | {155}  
2021-10-15 17:22:21,616 - INFO - compute | 1 | (0.2, 0.0) | 55 | 1 | {155}  
2021-10-15 17:22:21,617 - INFO - compute | 1 | (0.2, 0.2) | 55 | 1 | {155}  
2021-10-15 17:22:21,618 - INFO - compute | 1 | (0.2, 0.4) | 55 | 1 | {155}  
2021-10-15 17:22:21,619 - INFO - compute | 1 | (0.2, 0.6000000000000001) | 55 | 1 | {155}  
2021-10-15 17:22:21,621 - INFO - compute | 1 | (0.2, 0.8) | 55 | 3 | {155}  
2021-10-15 17:22:21,622 - INFO - compute | 1 | (0.2, 1.0) | 55 | 4 | {155}  
2021-10-15 17:22:21,623 - INFO - compute | 1 | (0.4, 0.0) | 48 | 1 | {155}  
2021-10-15 17:22:21,624 - INFO - compute | 1 | (0.4, 0.2) | 48 | 1 | {155}  
2021-10-15 17:22:21,625 - INFO - compute | 1 | (0.4, 0.4) | 48 | 3 | {155}  
2021-10-15 17:22:21,627 - INFO - compute | 1 | (0.4, 0.6000000000000001) | 48 | 5 | {155}  
2021-10-15 17:22:21,628 - INFO - compute | 1 | (0.4, 0.8) | 48 | 10 | {155}  
2021-10-15 17:22:21,629 - INFO - compute | 1 | (0.4, 1.0) | 48 | 20 | {155}  
2021-10-15 17:22:21,630 - INFO - compute | 1 | (0.6000000000000001, 0.0) | 17 | 1 | {155}  
2021-10-15 17:22:21,630 - INFO - compute | 1 | (0.6000000000000001, 0.2) | 17 | 1 | {155}  
2021-10-15 17:22:21,631 - INFO - compute | 1 | (0.6000000000000001, 0.4) | 17 | 5 | {155}  
2021-10-15 17:22:21,632 - INFO - compute | 1 | (0.6000000000000001, 0.6000000000000001) | 17 | 14 | {155}  
2021-10-15 17:22:21,632 - INFO - compute | 1 | (0.6000000000000001, 0.8) | 17 | 28 | {155}  
2021-10-15 17:22:21,633 - INFO - compute | 1 | (0.6000000000000001, 1.0) | 17 | 41 | {155}  
2021-10-15 17:22:21,633 - INFO - compute | 1 | (0.8, 0.0) | 5 | 1 | {155}  
2021-10-15 17:22:21,633 - INFO - compute | 1 | (0.8, 0.2) | 5 | 3 | {155}  
2021-10-15 17:22:21,633 - INFO - compute | 1 | (0.8, 0.4) | 5 | 10 | {155}  
2021-10-15 17:22:21,634 - INFO - compute | 1 | (0.8, 0.6000000000000001) | 5 | 28 | {155}  
2021-10-15 17:22:21,634 - INFO - compute | 1 | (0.8, 0.8) | 5 | 48 | {155}  
2021-10-15 17:22:21,634 - INFO - compute | 1 | (0.8, 1.0) | 5 | 54 | {155}  
2021-10-15 17:22:21,634 - INFO - compute | 1 | (1.0, 0.0) | 0 | 1 | set()  
2021-10-15 17:22:21,634 - INFO - compute | 1 | (1.0, 0.2) | 0 | 4 | set()  
2021-10-15 17:22:21,634 - INFO - compute | 1 | (1.0, 0.4) | 0 | 20 | set()  
2021-10-15 17:22:21,634 - INFO - compute | 1 | (1.0, 0.6000000000000001) | 0 | 41 | set()  
2021-10-15 17:22:21,635 - INFO - compute | 1 | (1.0, 0.8) | 0 | 54 | set()  
2021-10-15 17:22:21,635 - INFO - compute | 1 | (1.0, 1.0) | 0 | 54 | set()  
2021-10-15 17:22:21,636 - INFO - compute | 2 | (0.0, 0.0) | 55 | 1 | {168, 155}  
2021-10-15 17:22:21,637 - INFO - compute | 2 | (0.0, 0.2) | 55 | 1 | {168, 155}  
2021-10-15 17:22:21,638 - INFO - compute | 2 | (0.0, 0.4) | 55 | 1 | {168, 155}  
2021-10-15 17:22:21,639 - INFO - compute | 2 | (0.0, 0.6000000000000001) | 55 | 1 | {168, 155}  
2021-10-15 17:22:21,641 - INFO - compute | 2 | (0.0, 0.8) | 55 | 1 | {168, 155}  
2021-10-15 17:22:21,642 - INFO - compute | 2 | (0.0, 1.0) | 55 | 1 | {168, 155}  
2021-10-15 17:22:21,643 - INFO - compute | 2 | (0.2, 0.0) | 55 | 1 | {168, 155}  
2021-10-15 17:22:21,645 - INFO - compute | 2 | (0.2, 0.2) | 55 | 1 | {168, 155}  
2021-10-15 17:22:21,646 - INFO - compute | 2 | (0.2, 0.4) | 55 | 1 | {168, 155}  
2021-10-15 17:22:21,647 - INFO - compute | 2 | (0.2, 0.6000000000000001) | 55 | 1 | {168, 155}  
2021-10-15 17:22:21,648 - INFO - compute | 2 | (0.2, 0.8) | 55 | 3 | {168, 155}  
2021-10-15 17:22:21,650 - INFO - compute | 2 | (0.2, 1.0) | 55 | 4 | {168, 155}  
2021-10-15 17:22:21,651 - INFO - compute | 2 | (0.4, 0.0) | 48 | 1 | {168, 155}  
2021-10-15 17:22:21,652 - INFO - compute | 2 | (0.4, 0.2) | 48 | 1 | {168, 155}  
2021-10-15 17:22:21,653 - INFO - compute | 2 | (0.4, 0.4) | 48 | 3 | {168, 155}  
2021-10-15 17:22:21,654 - INFO - compute | 2 | (0.4, 0.6000000000000001) | 48 | 5 | {168, 155}  
2021-10-15 17:22:21,655 - INFO - compute | 2 | (0.4, 0.8) | 48 | 10 | {168, 155}  
2021-10-15 17:22:21,656 - INFO - compute | 2 | (0.4, 1.0) | 48 | 20 | {168, 155}  
2021-10-15 17:22:21,657 - INFO - compute | 2 | (0.6000000000000001, 0.0) | 17 | 1 | {168, 155}  
2021-10-15 17:22:21,658 - INFO - compute | 2 | (0.6000000000000001, 0.2) | 17 | 1 | {168, 155}  
2021-10-15 17:22:21,658 - INFO - compute | 2 | (0.6000000000000001, 0.4) | 17 | 5 | {168, 155}  
2021-10-15 17:22:21,659 - INFO - compute | 2 | (0.6000000000000001, 0.6000000000000001) | 17 | 14 | {168, 155}  
2021-10-15 17:22:21,659 - INFO - compute | 2 | (0.6000000000000001, 0.8) | 17 | 28 | {168, 155}  
2021-10-15 17:22:21,660 - INFO - compute | 2 | (0.6000000000000001, 1.0) | 17 | 41 | {168, 155}  
2021-10-15 17:22:21,660 - INFO - compute | 2 | (0.8, 0.0) | 5 | 1 | {168, 155}  
2021-10-15 17:22:21,660 - INFO - compute | 2 | (0.8, 0.2) | 5 | 3 | {168, 155}  
2021-10-15 17:22:21,661 - INFO - compute | 2 | (0.8, 0.4) | 5 | 10 | {168, 155}  
2021-10-15 17:22:21,661 - INFO - compute | 2 | (0.8, 0.6000000000000001) | 5 | 28 | {168, 155}  
2021-10-15 17:22:21,661 - INFO - compute | 2 | (0.8, 0.8) | 5 | 48 | {168, 155}  
2021-10-15 17:22:21,662 - INFO - compute | 2 | (0.8, 1.0) | 5 | 54 | {168, 155}  
2021-10-15 17:22:21,662 - INFO - compute | 2 | (1.0, 0.0) | 0 | 1 | set()  
2021-10-15 17:22:21,662 - INFO - compute | 2 | (1.0, 0.2) | 0 | 4 | set()  
2021-10-15 17:22:21,662 - INFO - compute | 2 | (1.0, 0.4) | 0 | 20 | set()  
2021-10-15 17:22:21,663 - INFO - compute | 2 | (1.0, 0.6000000000000001) | 0 | 41 | set()  
2021-10-15 17:22:21,663 - INFO - compute | 2 | (1.0, 0.8) | 0 | 54 | set()  
2021-10-15 17:22:21,663 - INFO - compute | 2 | (1.0, 1.0) | 0 | 54 | set()  
