2021-10-15 17:20:13,454 - INFO - run algo
2021-10-15 17:20:13,465 - INFO - 217
2021-10-15 17:20:13,465 - INFO - 217
2021-10-15 17:20:13,469 - INFO - load:
2021-10-15 17:20:13,470 - INFO - Finish random requester set R and supplier set S 
                             percent_R=0.25, num_R=55, len_R=55 
                             percent_S=0.25, num_S=55, len_S=54
2021-10-15 17:20:13,481 - INFO - compute | 1 | (0.0, 0.0) | 55 | 1 | [155]  
2021-10-15 17:20:13,483 - INFO - compute | 1 | (0.0, 0.2) | 55 | 1 | [155]  
2021-10-15 17:20:13,484 - INFO - compute | 1 | (0.0, 0.4) | 55 | 1 | [155]  
2021-10-15 17:20:13,485 - INFO - compute | 1 | (0.0, 0.6000000000000001) | 55 | 1 | [155]  
2021-10-15 17:20:13,487 - INFO - compute | 1 | (0.0, 0.8) | 55 | 1 | [155]  
2021-10-15 17:20:13,488 - INFO - compute | 1 | (0.0, 1.0) | 55 | 1 | [155]  
2021-10-15 17:20:13,489 - INFO - compute | 1 | (0.2, 0.0) | 55 | 1 | [155]  
2021-10-15 17:20:13,490 - INFO - compute | 1 | (0.2, 0.2) | 55 | 1 | [155]  
2021-10-15 17:20:13,492 - INFO - compute | 1 | (0.2, 0.4) | 55 | 1 | [155]  
2021-10-15 17:20:13,493 - INFO - compute | 1 | (0.2, 0.6000000000000001) | 55 | 1 | [155]  
2021-10-15 17:20:13,494 - INFO - compute | 1 | (0.2, 0.8) | 55 | 3 | [155]  
2021-10-15 17:20:13,496 - INFO - compute | 1 | (0.2, 1.0) | 55 | 4 | [155]  
2021-10-15 17:20:13,497 - INFO - compute | 1 | (0.4, 0.0) | 48 | 1 | [155]  
2021-10-15 17:20:13,498 - INFO - compute | 1 | (0.4, 0.2) | 48 | 1 | [155]  
2021-10-15 17:20:13,499 - INFO - compute | 1 | (0.4, 0.4) | 48 | 3 | [155]  
2021-10-15 17:20:13,500 - INFO - compute | 1 | (0.4, 0.6000000000000001) | 48 | 5 | [155]  
2021-10-15 17:20:13,501 - INFO - compute | 1 | (0.4, 0.8) | 48 | 10 | [155]  
2021-10-15 17:20:13,503 - INFO - compute | 1 | (0.4, 1.0) | 48 | 20 | [155]  
2021-10-15 17:20:13,504 - INFO - compute | 1 | (0.6000000000000001, 0.0) | 17 | 1 | [155]  
2021-10-15 17:20:13,504 - INFO - compute | 1 | (0.6000000000000001, 0.2) | 17 | 1 | [155]  
2021-10-15 17:20:13,505 - INFO - compute | 1 | (0.6000000000000001, 0.4) | 17 | 5 | [155]  
2021-10-15 17:20:13,505 - INFO - compute | 1 | (0.6000000000000001, 0.6000000000000001) | 17 | 14 | [155]  
2021-10-15 17:20:13,506 - INFO - compute | 1 | (0.6000000000000001, 0.8) | 17 | 28 | [155]  
2021-10-15 17:20:13,506 - INFO - compute | 1 | (0.6000000000000001, 1.0) | 17 | 41 | [155]  
2021-10-15 17:20:13,507 - INFO - compute | 1 | (0.8, 0.0) | 5 | 1 | [155]  
2021-10-15 17:20:13,507 - INFO - compute | 1 | (0.8, 0.2) | 5 | 3 | [155]  
2021-10-15 17:20:13,508 - INFO - compute | 1 | (0.8, 0.4) | 5 | 10 | [155]  
2021-10-15 17:20:13,508 - INFO - compute | 1 | (0.8, 0.6000000000000001) | 5 | 28 | [155]  
2021-10-15 17:20:13,508 - INFO - compute | 1 | (0.8, 0.8) | 5 | 48 | [155]  
2021-10-15 17:20:13,508 - INFO - compute | 1 | (0.8, 1.0) | 5 | 54 | [155]  
2021-10-15 17:20:13,508 - INFO - compute | 1 | (1.0, 0.0) | 0 | 1 | []  
2021-10-15 17:20:13,509 - INFO - compute | 1 | (1.0, 0.2) | 0 | 4 | []  
2021-10-15 17:20:13,509 - INFO - compute | 1 | (1.0, 0.4) | 0 | 20 | []  
2021-10-15 17:20:13,509 - INFO - compute | 1 | (1.0, 0.6000000000000001) | 0 | 41 | []  
2021-10-15 17:20:13,509 - INFO - compute | 1 | (1.0, 0.8) | 0 | 54 | []  
2021-10-15 17:20:13,509 - INFO - compute | 1 | (1.0, 1.0) | 0 | 54 | []  
2021-10-15 17:20:13,510 - INFO - compute | 2 | (0.0, 0.0) | 55 | 1 | [155, 168]  
2021-10-15 17:20:13,511 - INFO - compute | 2 | (0.0, 0.2) | 55 | 1 | [155, 168]  
2021-10-15 17:20:13,513 - INFO - compute | 2 | (0.0, 0.4) | 55 | 1 | [155, 168]  
2021-10-15 17:20:13,514 - INFO - compute | 2 | (0.0, 0.6000000000000001) | 55 | 1 | [155, 168]  
2021-10-15 17:20:13,515 - INFO - compute | 2 | (0.0, 0.8) | 55 | 1 | [155, 168]  
2021-10-15 17:20:13,517 - INFO - compute | 2 | (0.0, 1.0) | 55 | 1 | [155, 168]  
2021-10-15 17:20:13,518 - INFO - compute | 2 | (0.2, 0.0) | 55 | 1 | [155, 168]  
2021-10-15 17:20:13,519 - INFO - compute | 2 | (0.2, 0.2) | 55 | 1 | [155, 168]  
2021-10-15 17:20:13,520 - INFO - compute | 2 | (0.2, 0.4) | 55 | 1 | [155, 168]  
2021-10-15 17:20:13,522 - INFO - compute | 2 | (0.2, 0.6000000000000001) | 55 | 1 | [155, 168]  
2021-10-15 17:20:13,523 - INFO - compute | 2 | (0.2, 0.8) | 55 | 3 | [155, 168]  
2021-10-15 17:20:13,524 - INFO - compute | 2 | (0.2, 1.0) | 55 | 4 | [155, 168]  
2021-10-15 17:20:13,525 - INFO - compute | 2 | (0.4, 0.0) | 48 | 1 | [155, 168]  
2021-10-15 17:20:13,526 - INFO - compute | 2 | (0.4, 0.2) | 48 | 1 | [155, 168]  
2021-10-15 17:20:13,528 - INFO - compute | 2 | (0.4, 0.4) | 48 | 3 | [155, 168]  
2021-10-15 17:20:13,529 - INFO - compute | 2 | (0.4, 0.6000000000000001) | 48 | 5 | [155, 168]  
2021-10-15 17:20:13,530 - INFO - compute | 2 | (0.4, 0.8) | 48 | 10 | [155, 168]  
2021-10-15 17:20:13,531 - INFO - compute | 2 | (0.4, 1.0) | 48 | 20 | [155, 168]  
2021-10-15 17:20:13,531 - INFO - compute | 2 | (0.6000000000000001, 0.0) | 17 | 1 | [155, 168]  
2021-10-15 17:20:13,532 - INFO - compute | 2 | (0.6000000000000001, 0.2) | 17 | 1 | [155, 168]  
2021-10-15 17:20:13,532 - INFO - compute | 2 | (0.6000000000000001, 0.4) | 17 | 5 | [155, 168]  
2021-10-15 17:20:13,533 - INFO - compute | 2 | (0.6000000000000001, 0.6000000000000001) | 17 | 14 | [155, 168]  
2021-10-15 17:20:13,534 - INFO - compute | 2 | (0.6000000000000001, 0.8) | 17 | 28 | [155, 168]  
2021-10-15 17:20:13,534 - INFO - compute | 2 | (0.6000000000000001, 1.0) | 17 | 41 | [155, 168]  
2021-10-15 17:20:13,534 - INFO - compute | 2 | (0.8, 0.0) | 5 | 1 | [155, 168]  
2021-10-15 17:20:13,535 - INFO - compute | 2 | (0.8, 0.2) | 5 | 3 | [155, 168]  
2021-10-15 17:20:13,535 - INFO - compute | 2 | (0.8, 0.4) | 5 | 10 | [155, 168]  
2021-10-15 17:20:13,535 - INFO - compute | 2 | (0.8, 0.6000000000000001) | 5 | 28 | [155, 168]  
2021-10-15 17:20:13,536 - INFO - compute | 2 | (0.8, 0.8) | 5 | 48 | [155, 168]  
2021-10-15 17:20:13,536 - INFO - compute | 2 | (0.8, 1.0) | 5 | 54 | [155, 168]  
2021-10-15 17:20:13,536 - INFO - compute | 2 | (1.0, 0.0) | 0 | 1 | []  
2021-10-15 17:20:13,536 - INFO - compute | 2 | (1.0, 0.2) | 0 | 4 | []  
2021-10-15 17:20:13,536 - INFO - compute | 2 | (1.0, 0.4) | 0 | 20 | []  
2021-10-15 17:20:13,536 - INFO - compute | 2 | (1.0, 0.6000000000000001) | 0 | 41 | []  
2021-10-15 17:20:13,537 - INFO - compute | 2 | (1.0, 0.8) | 0 | 54 | []  
2021-10-15 17:20:13,537 - INFO - compute | 2 | (1.0, 1.0) | 0 | 54 | []  
