2021-09-19 19:54:20,136 - INFO - Namespace(beta_paras='3,6,6,3', budget_list='0', did='d1', gamma='2', grain_alpha='10', grain_p='10', method='', percent_R='0.25', percent_S='0.25', rev=False, seed='32', stat=True, sw=False, version='v09191954')
2021-09-19 19:54:20,151 - INFO - Finish random requester set R and supplier set S 
                             percent_R=0.25, num_R=55, len_R=55 
                             percent_S=0.25, num_S=55, len_S=54
2021-09-19 19:54:20,743 - INFO - Finish generate valuations and costs using using gamma=2
2021-09-19 19:54:21,334 - INFO - Finish random requester set R and supplier set S 
                             percent_R=0.25, num_R=55, len_R=55 
                             percent_S=0.25, num_S=55, len_S=54
2021-09-19 19:54:21,737 - INFO - Finish generate valuations and costs using using gamma=2
2021-09-19 19:54:22,354 - INFO - Finish random requester set R and supplier set S 
                             percent_R=0.25, num_R=55, len_R=55 
                             percent_S=0.25, num_S=55, len_S=54
2021-09-19 19:54:22,761 - INFO - Finish generate valuations and costs using using gamma=2
2021-09-19 19:54:23,144 - INFO - Finish random requester set R and supplier set S 
                             percent_R=0.25, num_R=55, len_R=55 
                             percent_S=0.25, num_S=55, len_S=54
2021-09-19 19:54:23,546 - INFO - Finish generate valuations and costs using using gamma=2
2021-09-19 19:54:23,923 - INFO - Finish random requester set R and supplier set S 
                             percent_R=0.25, num_R=55, len_R=55 
                             percent_S=0.25, num_S=55, len_S=54
2021-09-19 19:54:24,324 - INFO - Finish generate valuations and costs using using gamma=2
