2021-09-20 04:14:25,294 - INFO - Namespace(beta_paras='3,6,6,3', budget_list='0', did='d1', extract=True, gamma='2', grain_alpha='10', grain_p='10', method='', percent_R='0.25', percent_S='0.25', rev=False, seed='32', stat=False, sw=False, version='v09200414')
2021-09-20 04:14:25,308 - INFO - Finish random requester set R and supplier set S 
                             percent_R=0.25, num_R=55, len_R=55 
                             percent_S=0.25, num_S=55, len_S=54
2021-09-20 04:14:25,904 - INFO - Finish generate valuations and costs using using gamma=2
2021-09-20 04:14:26,298 - INFO - ############################## sw
2021-09-20 04:14:26,298 - INFO - ==================== 0.2 5
2021-09-20 04:14:26,299 - INFO - ../eplots/d1_5+5_sw.csv
2021-09-20 04:14:26,311 - INFO - opt_brute_obj_list
2021-09-20 04:14:26,311 - INFO - [435.0214416896235, 790.9553902662993, 1070.601395775941, 1336.3753535353535]
2021-09-20 04:14:26,311 - INFO - opt_brute_M_list
2021-09-20 04:14:26,311 - INFO - ['(150,)', '(1, 150)', '(1, 149, 150)', '(1, 49, 149, 150)']
2021-09-20 04:14:26,311 - INFO - opt_brute_scheme_list
2021-09-20 04:14:26,311 - INFO - [(0.4, 1.0), (0.4, 1.0), (0.4, 1.0), (0.4, 1.0)]
2021-09-20 04:14:26,312 - INFO - opt_greedy_obj_list
2021-09-20 04:14:26,312 - INFO - [435.0214416896235, 732.4187052341597, 1053.3110835629016, 1303.3817171717171]
2021-09-20 04:14:26,312 - INFO - opt_greedy_M_list
2021-09-20 04:14:26,312 - INFO - ['{150}', '{150, 46}', '{1, 150, 46}', '{1, 150, 46, 49}']
2021-09-20 04:14:26,312 - INFO - opt_greedy_scheme_list
2021-09-20 04:14:26,312 - INFO - [(0.4, 1.0), (0.4, 1.0), (0.4, 1.0), (0.4, 1.0)]
2021-09-20 04:14:26,312 - INFO - ==================== 0.1 10
2021-09-20 04:14:26,312 - INFO - ../eplots/d1_10+10_sw.csv
2021-09-20 04:14:26,320 - INFO - opt_brute_obj_list
2021-09-20 04:14:26,320 - INFO - [435.0214416896235, 790.9553902662993, 1070.601395775941, 1336.3753535353535]
2021-09-20 04:14:26,320 - INFO - opt_brute_M_list
2021-09-20 04:14:26,320 - INFO - ['(150,)', '(1, 150)', '(1, 149, 150)', '(1, 49, 149, 150)']
2021-09-20 04:14:26,320 - INFO - opt_brute_scheme_list
2021-09-20 04:14:26,320 - INFO - [(0.4, 1.0), (0.4, 1.0), (0.4, 1.0), (0.4, 1.0)]
2021-09-20 04:14:26,320 - INFO - opt_greedy_obj_list
2021-09-20 04:14:26,320 - INFO - [435.0214416896235, 734.4488797061522, 1053.3110835629016, 1303.3817171717171]
2021-09-20 04:14:26,321 - INFO - opt_greedy_M_list
2021-09-20 04:14:26,321 - INFO - ['{150}', '{49, 46}', '{1, 150, 46}', '{1, 150, 46, 49}']
2021-09-20 04:14:26,321 - INFO - opt_greedy_scheme_list
2021-09-20 04:14:26,321 - INFO - [(0.4, 1.0), (0.30000000000000004, 0.9), (0.4, 1.0), (0.4, 1.0)]
2021-09-20 04:14:26,321 - INFO - ==================== 0.05 20
2021-09-20 04:14:26,321 - INFO - ../eplots/d1_20+20_sw.csv
2021-09-20 04:14:26,331 - INFO - opt_brute_obj_list
2021-09-20 04:14:26,332 - INFO - [435.0214416896235, 790.9553902662993, 1070.601395775941, 1336.3753535353535]
2021-09-20 04:14:26,332 - INFO - opt_brute_M_list
2021-09-20 04:14:26,332 - INFO - ['(150,)', '(1, 150)', '(1, 149, 150)', '(1, 49, 149, 150)']
2021-09-20 04:14:26,332 - INFO - opt_brute_scheme_list
2021-09-20 04:14:26,332 - INFO - [(0.4, 0.95), (0.4, 0.95), (0.4, 0.95), (0.4, 0.95)]
2021-09-20 04:14:26,332 - INFO - opt_greedy_obj_list
2021-09-20 04:14:26,332 - INFO - [435.0214416896235, 752.2152249770431, 1053.3110835629016, 1307.4058953168046]
2021-09-20 04:14:26,332 - INFO - opt_greedy_M_list
2021-09-20 04:14:26,332 - INFO - ['{150}', '{1, 46}', '{1, 150, 46}', '{1, 125, 46, 49}']
2021-09-20 04:14:26,332 - INFO - opt_greedy_scheme_list
2021-09-20 04:14:26,332 - INFO - [(0.4, 0.95), (0.35000000000000003, 1.0), (0.4, 0.95), (0.35000000000000003, 1.0)]
2021-09-20 04:14:26,332 - INFO - brute_core_list: 
 [[435.0214416896235, 790.9553902662993, 1070.601395775941, 1336.3753535353535], [435.0214416896235, 790.9553902662993, 1070.601395775941, 1336.3753535353535], [435.0214416896235, 790.9553902662993, 1070.601395775941, 1336.3753535353535]]
2021-09-20 04:14:26,332 - INFO - greedy_core_list: 
 [[435.0214416896235, 732.4187052341597, 1053.3110835629016, 1303.3817171717171], [435.0214416896235, 734.4488797061522, 1053.3110835629016, 1303.3817171717171], [435.0214416896235, 752.2152249770431, 1053.3110835629016, 1307.4058953168046]]
