2021-09-20 03:45:11,112 - INFO - Namespace(beta_paras='3,6,6,3', budget_list='0', did='d1', extract=True, gamma='2', grain_alpha='10', grain_p='10', method='', percent_R='0.25', percent_S='0.25', rev=False, seed='32', stat=False, sw=False, version='v09200345')
2021-09-20 03:45:11,112 - INFO - ############################## rev
2021-09-20 03:45:11,112 - INFO - ==================== 0.2 5
2021-09-20 03:45:11,112 - INFO - ../eplots/d1_5+5_rev.csv
2021-09-20 03:45:11,122 - INFO - opt_brute_obj_list
2021-09-20 03:45:11,122 - INFO - [134.4, 215.52, 242.23999999999995, 292.96]
2021-09-20 03:45:11,122 - INFO - opt_brute_M_list
2021-09-20 03:45:11,122 - INFO - ['(125,)', '{168, 125}', '(168, 46, 149)', '(168, 46, 149, 23)']
2021-09-20 03:45:11,122 - INFO - opt_brute_scheme_list
2021-09-20 03:45:11,122 - INFO - [(0.4, 0.4), (0.4, 0.4), (0.4, 0.6000000000000001), (0.4, 0.6000000000000001)]
2021-09-20 03:45:11,123 - INFO - opt_greedy_obj_list
2021-09-20 03:45:11,123 - INFO - [134.4, 215.52, 241.6, 278.72]
2021-09-20 03:45:11,123 - INFO - opt_greedy_M_list
2021-09-20 03:45:11,123 - INFO - ['{125}', '{168, 125}', '{125, 46, 149}', '{168, 125, 46, 149}']
2021-09-20 03:45:11,123 - INFO - opt_greedy_scheme_list
2021-09-20 03:45:11,123 - INFO - [(0.4, 0.4), (0.4, 0.4), (0.4, 0.6000000000000001), (0.4, 0.6000000000000001)]
2021-09-20 03:45:11,123 - INFO - ==================== 0.1 10
2021-09-20 03:45:11,123 - INFO - ../eplots/d1_10+10_rev.csv
2021-09-20 03:45:11,130 - INFO - opt_brute_obj_list
2021-09-20 03:45:11,130 - INFO - [141.68, 229.4, 292.6, 292.96]
2021-09-20 03:45:11,130 - INFO - opt_brute_M_list
2021-09-20 03:45:11,130 - INFO - ['{168}', '(125, 46)', '{168, 125, 46}', '(168, 46, 149, 23)']
2021-09-20 03:45:11,131 - INFO - opt_brute_scheme_list
2021-09-20 03:45:11,131 - INFO - [(0.4, 0.30000000000000004), (0.4, 0.5), (0.4, 0.5), (0.4, 0.6000000000000001)]
2021-09-20 03:45:11,131 - INFO - opt_greedy_obj_list
2021-09-20 03:45:11,131 - INFO - [141.68, 229.4, 292.6, 292.6]
2021-09-20 03:45:11,131 - INFO - opt_greedy_M_list
2021-09-20 03:45:11,131 - INFO - ['{168}', '{125, 46}', '{168, 125, 46}', '{168, 125, 46}']
2021-09-20 03:45:11,131 - INFO - opt_greedy_scheme_list
2021-09-20 03:45:11,131 - INFO - [(0.4, 0.30000000000000004), (0.4, 0.5), (0.4, 0.5), (0.4, 0.5)]
2021-09-20 03:45:11,131 - INFO - ==================== 0.05 20
2021-09-20 03:45:11,131 - INFO - ../eplots/d1_20+20_rev.csv
2021-09-20 03:45:11,141 - INFO - opt_brute_obj_list
2021-09-20 03:45:11,142 - INFO - [151.20000000000005, 254.61, 321.86, 321.86]
2021-09-20 03:45:11,152 - INFO - opt_brute_M_list
2021-09-20 03:45:11,152 - INFO - ['(46,)', '(125, 46)', '{168, 125, 46}', '{168, 125, 46}']
2021-09-20 03:45:11,152 - INFO - opt_brute_scheme_list
2021-09-20 03:45:11,152 - INFO - [(0.45, 0.4), (0.45, 0.4), (0.4, 0.45), (0.4, 0.45)]
2021-09-20 03:45:11,152 - INFO - opt_greedy_obj_list
2021-09-20 03:45:11,152 - INFO - [151.20000000000005, 254.61, 321.86, 321.86]
2021-09-20 03:45:11,152 - INFO - opt_greedy_M_list
2021-09-20 03:45:11,152 - INFO - ['{46}', '{125, 46}', '{168, 125, 46}', '{168, 125, 46}']
2021-09-20 03:45:11,152 - INFO - opt_greedy_scheme_list
2021-09-20 03:45:11,152 - INFO - [(0.45, 0.4), (0.45, 0.4), (0.4, 0.45), (0.4, 0.45)]
2021-09-20 03:45:11,152 - INFO - brute_core_list: 
 [[134.4, 215.52, 242.23999999999995, 292.96], [141.68, 229.4, 292.6, 292.96], [151.20000000000005, 254.61, 321.86, 321.86]]
2021-09-20 03:45:11,153 - INFO - greedy_core_list: 
 [[134.4, 215.52, 241.6, 278.72], [141.68, 229.4, 292.6, 292.6], [151.20000000000005, 254.61, 321.86, 321.86]]
2021-09-20 03:45:11,153 - INFO - ############################## sw
2021-09-20 03:45:11,153 - INFO - ==================== 0.2 5
2021-09-20 03:45:11,153 - INFO - ../eplots/d1_5+5_sw.csv
2021-09-20 03:45:11,160 - INFO - opt_brute_obj_list
2021-09-20 03:45:11,161 - INFO - [435.0214416896235, 790.9553902662993, 1070.601395775941, 1336.3753535353535]
2021-09-20 03:45:11,161 - INFO - opt_brute_M_list
2021-09-20 03:45:11,161 - INFO - ['(150,)', '(1, 150)', '(1, 149, 150)', '(1, 49, 149, 150)']
2021-09-20 03:45:11,161 - INFO - opt_brute_scheme_list
2021-09-20 03:45:11,161 - INFO - [(0.4, 1.0), (0.4, 1.0), (0.4, 1.0), (0.4, 1.0)]
2021-09-20 03:45:11,161 - INFO - opt_greedy_obj_list
2021-09-20 03:45:11,161 - INFO - [435.0214416896235, 732.4187052341597, 1053.3110835629016, 1303.3817171717171]
2021-09-20 03:45:11,161 - INFO - opt_greedy_M_list
2021-09-20 03:45:11,161 - INFO - ['{150}', '{150, 46}', '{1, 150, 46}', '{1, 150, 46, 49}']
2021-09-20 03:45:11,161 - INFO - opt_greedy_scheme_list
2021-09-20 03:45:11,161 - INFO - [(0.4, 1.0), (0.4, 1.0), (0.4, 1.0), (0.4, 1.0)]
2021-09-20 03:45:11,161 - INFO - ==================== 0.1 10
2021-09-20 03:45:11,161 - INFO - ../eplots/d1_10+10_sw.csv
2021-09-20 03:45:11,169 - INFO - opt_brute_obj_list
2021-09-20 03:45:11,169 - INFO - [435.0214416896235, 790.9553902662993, 1070.601395775941, 1336.3753535353535]
2021-09-20 03:45:11,169 - INFO - opt_brute_M_list
2021-09-20 03:45:11,169 - INFO - ['(150,)', '(1, 150)', '(1, 149, 150)', '(1, 49, 149, 150)']
2021-09-20 03:45:11,169 - INFO - opt_brute_scheme_list
2021-09-20 03:45:11,169 - INFO - [(0.4, 1.0), (0.4, 1.0), (0.4, 1.0), (0.4, 1.0)]
2021-09-20 03:45:11,169 - INFO - opt_greedy_obj_list
2021-09-20 03:45:11,169 - INFO - [435.0214416896235, 734.4488797061522, 1053.3110835629016, 1303.3817171717171]
2021-09-20 03:45:11,169 - INFO - opt_greedy_M_list
2021-09-20 03:45:11,169 - INFO - ['{150}', '{49, 46}', '{1, 150, 46}', '{1, 150, 46, 49}']
2021-09-20 03:45:11,169 - INFO - opt_greedy_scheme_list
2021-09-20 03:45:11,169 - INFO - [(0.4, 1.0), (0.30000000000000004, 0.9), (0.4, 1.0), (0.4, 1.0)]
2021-09-20 03:45:11,170 - INFO - ==================== 0.05 20
2021-09-20 03:45:11,170 - INFO - ../eplots/d1_20+20_sw.csv
2021-09-20 03:45:11,180 - INFO - opt_brute_obj_list
2021-09-20 03:45:11,180 - INFO - [435.0214416896235, 790.9553902662993, 1070.601395775941, 1336.3753535353535]
2021-09-20 03:45:11,180 - INFO - opt_brute_M_list
2021-09-20 03:45:11,181 - INFO - ['(150,)', '(1, 150)', '(1, 149, 150)', '(1, 49, 149, 150)']
2021-09-20 03:45:11,181 - INFO - opt_brute_scheme_list
2021-09-20 03:45:11,181 - INFO - [(0.4, 0.95), (0.4, 0.95), (0.4, 0.95), (0.4, 0.95)]
2021-09-20 03:45:11,181 - INFO - opt_greedy_obj_list
2021-09-20 03:45:11,181 - INFO - [435.0214416896235, 752.2152249770431, 1053.3110835629016, 1307.4058953168046]
2021-09-20 03:45:11,181 - INFO - opt_greedy_M_list
2021-09-20 03:45:11,181 - INFO - ['{150}', '{1, 46}', '{1, 150, 46}', '{1, 125, 46, 49}']
2021-09-20 03:45:11,181 - INFO - opt_greedy_scheme_list
2021-09-20 03:45:11,181 - INFO - [(0.4, 0.95), (0.35000000000000003, 1.0), (0.4, 0.95), (0.35000000000000003, 1.0)]
