2021-09-20 02:49:05,134 - INFO - Namespace(beta_paras='3,6,6,3', budget_list='0', did='d1', extract=True, gamma='2', grain_alpha='10', grain_p='10', method='', percent_R='0.25', percent_S='0.25', rev=False, seed='32', stat=False, sw=False, version='v09200249')
2021-09-20 02:49:05,141 - INFO - ../eplots/d1_5+5_rev.csv
2021-09-20 02:49:05,167 - INFO - opt_brute_obj_list
2021-09-20 02:49:05,167 - INFO - [134.4, 215.52, 242.23999999999995, 292.96]
2021-09-20 02:49:05,167 - INFO - opt_brute_M_list
2021-09-20 02:49:05,168 - INFO - ['(125,)', '{168, 125}', '(168, 46, 149)', '(168, 46, 149, 23)']
2021-09-20 02:49:05,168 - INFO - opt_brute_scheme_list
2021-09-20 02:49:05,168 - INFO - [(0.4, 0.4), (0.4, 0.4), (0.4, 0.6000000000000001), (0.4, 0.6000000000000001)]
2021-09-20 02:49:05,168 - INFO - opt_greedy_obj_list
2021-09-20 02:49:05,168 - INFO - [134.4, 215.52, 241.6, 278.72]
2021-09-20 02:49:05,168 - INFO - opt_greedy_M_list
2021-09-20 02:49:05,168 - INFO - ['{125}', '{168, 125}', '{125, 46, 149}', '{168, 125, 46, 149}']
2021-09-20 02:49:05,168 - INFO - opt_greedy_scheme_list
2021-09-20 02:49:05,168 - INFO - [(0.4, 0.4), (0.4, 0.4), (0.4, 0.6000000000000001), (0.4, 0.6000000000000001)]
2021-09-20 02:49:05,172 - INFO - ../eplots/d1_10+10_rev.csv
2021-09-20 02:49:05,185 - INFO - opt_brute_obj_list
2021-09-20 02:49:05,186 - INFO - [141.68, 229.4, 292.6, 292.96]
2021-09-20 02:49:05,186 - INFO - opt_brute_M_list
2021-09-20 02:49:05,186 - INFO - ['{168}', '(125, 46)', '{168, 125, 46}', '(168, 46, 149, 23)']
2021-09-20 02:49:05,186 - INFO - opt_brute_scheme_list
2021-09-20 02:49:05,186 - INFO - [(0.4, 0.30000000000000004), (0.4, 0.5), (0.4, 0.5), (0.4, 0.6000000000000001)]
2021-09-20 02:49:05,187 - INFO - opt_greedy_obj_list
2021-09-20 02:49:05,187 - INFO - [141.68, 229.4, 292.6, 292.6]
2021-09-20 02:49:05,187 - INFO - opt_greedy_M_list
2021-09-20 02:49:05,187 - INFO - ['{168}', '{125, 46}', '{168, 125, 46}', '{168, 125, 46}']
2021-09-20 02:49:05,188 - INFO - opt_greedy_scheme_list
2021-09-20 02:49:05,188 - INFO - [(0.4, 0.30000000000000004), (0.4, 0.5), (0.4, 0.5), (0.4, 0.5)]
2021-09-20 02:49:05,189 - INFO - ../eplots/d1_20+20_rev.csv
2021-09-20 02:49:05,211 - INFO - opt_brute_obj_list
2021-09-20 02:49:05,211 - INFO - [151.20000000000005, 254.61, 321.86, 321.86]
2021-09-20 02:49:05,211 - INFO - opt_brute_M_list
2021-09-20 02:49:05,211 - INFO - ['(46,)', '(125, 46)', '{168, 125, 46}', '{168, 125, 46}']
2021-09-20 02:49:05,211 - INFO - opt_brute_scheme_list
2021-09-20 02:49:05,211 - INFO - [(0.45, 0.4), (0.45, 0.4), (0.4, 0.45), (0.4, 0.45)]
2021-09-20 02:49:05,211 - INFO - opt_greedy_obj_list
2021-09-20 02:49:05,211 - INFO - [151.20000000000005, 254.61, 321.86, 321.86]
2021-09-20 02:49:05,211 - INFO - opt_greedy_M_list
2021-09-20 02:49:05,212 - INFO - ['{46}', '{125, 46}', '{168, 125, 46}', '{168, 125, 46}']
2021-09-20 02:49:05,212 - INFO - opt_greedy_scheme_list
2021-09-20 02:49:05,212 - INFO - [(0.45, 0.4), (0.45, 0.4), (0.4, 0.45), (0.4, 0.45)]
