2021-09-20 02:52:45,777 - INFO - Namespace(beta_paras='3,6,6,3', budget_list='0', did='d1', extract=True, gamma='2', grain_alpha='10', grain_p='10', method='', percent_R='0.25', percent_S='0.25', rev=False, seed='32', stat=False, sw=False, version='v09200252')
2021-09-20 02:52:45,777 - INFO - ############################## rev
2021-09-20 02:52:45,777 - INFO - ==================== 0.2 5
2021-09-20 02:52:45,777 - INFO - ../eplots/d1_5+5_rev.csv
2021-09-20 02:52:45,791 - INFO - opt_brute_obj_list
2021-09-20 02:52:45,791 - INFO - [134.4, 215.52, 242.23999999999995, 292.96]
2021-09-20 02:52:45,791 - INFO - opt_brute_M_list
2021-09-20 02:52:45,791 - INFO - ['(125,)', '{168, 125}', '(168, 46, 149)', '(168, 46, 149, 23)']
2021-09-20 02:52:45,791 - INFO - opt_brute_scheme_list
2021-09-20 02:52:45,792 - INFO - [(0.4, 0.4), (0.4, 0.4), (0.4, 0.6000000000000001), (0.4, 0.6000000000000001)]
2021-09-20 02:52:45,792 - INFO - opt_greedy_obj_list
2021-09-20 02:52:45,792 - INFO - [134.4, 215.52, 241.6, 278.72]
2021-09-20 02:52:45,792 - INFO - opt_greedy_M_list
2021-09-20 02:52:45,792 - INFO - ['{125}', '{168, 125}', '{125, 46, 149}', '{168, 125, 46, 149}']
2021-09-20 02:52:45,792 - INFO - opt_greedy_scheme_list
2021-09-20 02:52:45,792 - INFO - [(0.4, 0.4), (0.4, 0.4), (0.4, 0.6000000000000001), (0.4, 0.6000000000000001)]
2021-09-20 02:52:45,792 - INFO - ==================== 0.1 10
2021-09-20 02:52:45,792 - INFO - ../eplots/d1_10+10_rev.csv
2021-09-20 02:52:45,801 - INFO - opt_brute_obj_list
2021-09-20 02:52:45,801 - INFO - [141.68, 229.4, 292.6, 292.96]
2021-09-20 02:52:45,801 - INFO - opt_brute_M_list
2021-09-20 02:52:45,801 - INFO - ['{168}', '(125, 46)', '{168, 125, 46}', '(168, 46, 149, 23)']
2021-09-20 02:52:45,801 - INFO - opt_brute_scheme_list
2021-09-20 02:52:45,801 - INFO - [(0.4, 0.30000000000000004), (0.4, 0.5), (0.4, 0.5), (0.4, 0.6000000000000001)]
2021-09-20 02:52:45,801 - INFO - opt_greedy_obj_list
2021-09-20 02:52:45,801 - INFO - [141.68, 229.4, 292.6, 292.6]
2021-09-20 02:52:45,801 - INFO - opt_greedy_M_list
2021-09-20 02:52:45,802 - INFO - ['{168}', '{125, 46}', '{168, 125, 46}', '{168, 125, 46}']
2021-09-20 02:52:45,802 - INFO - opt_greedy_scheme_list
2021-09-20 02:52:45,802 - INFO - [(0.4, 0.30000000000000004), (0.4, 0.5), (0.4, 0.5), (0.4, 0.5)]
2021-09-20 02:52:45,802 - INFO - ==================== 0.05 20
2021-09-20 02:52:45,802 - INFO - ../eplots/d1_20+20_rev.csv
2021-09-20 02:52:45,812 - INFO - opt_brute_obj_list
2021-09-20 02:52:45,812 - INFO - [151.20000000000005, 254.61, 321.86, 321.86]
2021-09-20 02:52:45,812 - INFO - opt_brute_M_list
2021-09-20 02:52:45,812 - INFO - ['(46,)', '(125, 46)', '{168, 125, 46}', '{168, 125, 46}']
2021-09-20 02:52:45,812 - INFO - opt_brute_scheme_list
2021-09-20 02:52:45,812 - INFO - [(0.45, 0.4), (0.45, 0.4), (0.4, 0.45), (0.4, 0.45)]
2021-09-20 02:52:45,812 - INFO - opt_greedy_obj_list
2021-09-20 02:52:45,812 - INFO - [151.20000000000005, 254.61, 321.86, 321.86]
2021-09-20 02:52:45,812 - INFO - opt_greedy_M_list
2021-09-20 02:52:45,812 - INFO - ['{46}', '{125, 46}', '{168, 125, 46}', '{168, 125, 46}']
2021-09-20 02:52:45,812 - INFO - opt_greedy_scheme_list
2021-09-20 02:52:45,813 - INFO - [(0.45, 0.4), (0.45, 0.4), (0.4, 0.45), (0.4, 0.45)]
2021-09-20 02:52:45,813 - INFO - ############################## sw
2021-09-20 02:52:45,813 - INFO - ==================== 0.2 5
2021-09-20 02:52:45,813 - INFO - ../eplots/d1_5+5_sw.csv
2021-09-20 02:52:45,820 - INFO - opt_brute_obj_list
2021-09-20 02:52:45,820 - INFO - [71.30129366391185, 112.95753388429752, 129.96550376492192, 157.1727500459137]
2021-09-20 02:52:45,820 - INFO - opt_brute_M_list
2021-09-20 02:52:45,820 - INFO - ['(125,)', '{168, 125}', '(46, 149, 125)', '(168, 46, 149, 23)']
2021-09-20 02:52:45,821 - INFO - opt_brute_scheme_list
2021-09-20 02:52:45,821 - INFO - [(0.4, 0.4), (0.4, 0.4), (0.4, 0.6000000000000001), (0.4, 0.6000000000000001)]
2021-09-20 02:52:45,821 - INFO - opt_greedy_obj_list
2021-09-20 02:52:45,821 - INFO - [71.30129366391185, 112.95753388429752, 129.96550376492192, 149.1007897153351]
2021-09-20 02:52:45,821 - INFO - opt_greedy_M_list
2021-09-20 02:52:45,821 - INFO - ['{125}', '{168, 125}', '{125, 46, 149}', '{168, 125, 46, 149}']
2021-09-20 02:52:45,821 - INFO - opt_greedy_scheme_list
2021-09-20 02:52:45,821 - INFO - [(0.4, 0.4), (0.4, 0.4), (0.4, 0.6000000000000001), (0.4, 0.6000000000000001)]
2021-09-20 02:52:45,821 - INFO - ==================== 0.1 10
2021-09-20 02:52:45,821 - INFO - ../eplots/d1_10+10_sw.csv
2021-09-20 02:52:45,829 - INFO - opt_brute_obj_list
2021-09-20 02:52:45,829 - INFO - [72.7947522497704, 123.3910045913682, 155.89228099173553, 165.15554866850314]
2021-09-20 02:52:45,829 - INFO - opt_brute_M_list
2021-09-20 02:52:45,830 - INFO - ['{168}', '(125, 46)', '{168, 125, 46}', '(46, 149, 23, 125)']
2021-09-20 02:52:45,830 - INFO - opt_brute_scheme_list
2021-09-20 02:52:45,830 - INFO - [(0.4, 0.30000000000000004), (0.4, 0.5), (0.4, 0.5), (0.5, 0.5)]
2021-09-20 02:52:45,830 - INFO - opt_greedy_obj_list
2021-09-20 02:52:45,830 - INFO - [72.7947522497704, 123.3910045913682, 155.89228099173553, 155.89228099173553]
2021-09-20 02:52:45,830 - INFO - opt_greedy_M_list
2021-09-20 02:52:45,830 - INFO - ['{168}', '{125, 46}', '{168, 125, 46}', '{168, 125, 46}']
2021-09-20 02:52:45,830 - INFO - opt_greedy_scheme_list
2021-09-20 02:52:45,830 - INFO - [(0.4, 0.30000000000000004), (0.4, 0.5), (0.4, 0.5), (0.4, 0.5)]
2021-09-20 02:52:45,830 - INFO - ==================== 0.05 20
2021-09-20 02:52:45,830 - INFO - ../eplots/d1_20+20_sw.csv
2021-09-20 02:52:45,841 - INFO - opt_brute_obj_list
2021-09-20 02:52:45,841 - INFO - [85.50688264462809, 143.61463140495866, 178.85409917355372, 178.85409917355372]
2021-09-20 02:52:45,841 - INFO - opt_brute_M_list
2021-09-20 02:52:45,842 - INFO - ['(46,)', '(125, 46)', '{168, 125, 46}', '{168, 125, 46}']
2021-09-20 02:52:45,842 - INFO - opt_brute_scheme_list
2021-09-20 02:52:45,842 - INFO - [(0.45, 0.4), (0.45, 0.4), (0.45, 0.4), (0.45, 0.4)]
2021-09-20 02:52:45,842 - INFO - opt_greedy_obj_list
2021-09-20 02:52:45,842 - INFO - [85.50688264462809, 143.61463140495866, 178.85409917355372, 178.85409917355372]
2021-09-20 02:52:45,842 - INFO - opt_greedy_M_list
2021-09-20 02:52:45,842 - INFO - ['{46}', '{125, 46}', '{168, 125, 46}', '{168, 125, 46}']
2021-09-20 02:52:45,842 - INFO - opt_greedy_scheme_list
2021-09-20 02:52:45,842 - INFO - [(0.45, 0.4), (0.45, 0.4), (0.45, 0.4), (0.45, 0.4)]
