2021-09-29 03:37:02,405 - INFO - run analyze
2021-09-29 03:37:02,405 - INFO - excute function Analyst.plot_dist
2021-09-29 03:37:02,474 - INFO - 1224
2021-09-29 03:37:02,475 - INFO - 1224
2021-09-29 03:37:02,567 - INFO - load:
2021-09-29 03:37:02,567 - INFO - Finish random requester set R and supplier set S 
                             percent_R=0.1, num_R=123, len_R=123 
                             percent_S=0.1, num_S=123, len_S=122
2021-09-29 03:37:03,458 - INFO - 1224
2021-09-29 03:37:03,459 - INFO - 1224
2021-09-29 03:37:03,551 - INFO - load:
2021-09-29 03:37:03,551 - INFO - Finish random requester set R and supplier set S 
                             percent_R=0.1, num_R=123, len_R=123 
                             percent_S=0.1, num_S=123, len_S=122
2021-09-29 03:37:04,281 - INFO - 1224
2021-09-29 03:37:04,282 - INFO - 1224
2021-09-29 03:37:04,368 - INFO - load:
2021-09-29 03:37:04,368 - INFO - Finish random requester set R and supplier set S 
                             percent_R=0.1, num_R=123, len_R=123 
                             percent_S=0.1, num_S=123, len_S=122
2021-09-29 03:37:05,075 - INFO - 1224
2021-09-29 03:37:05,076 - INFO - 1224
2021-09-29 03:37:05,164 - INFO - load:
2021-09-29 03:37:05,164 - INFO - Finish random requester set R and supplier set S 
                             percent_R=0.1, num_R=123, len_R=123 
                             percent_S=0.1, num_S=123, len_S=122
