2021-09-27 00:41:35,400 - INFO - run algo
2021-09-27 00:41:35,468 - INFO - 1224
2021-09-27 00:41:35,469 - INFO - 1224
2021-09-27 00:41:35,560 - INFO - load:
2021-09-27 00:41:35,561 - INFO - Finish random requester set R and supplier set S 
                             percent_R=0.25, num_R=306, len_R=306 
                             percent_S=0.25, num_S=306, len_S=306
2021-09-27 00:41:35,751 - INFO - compute | 2 | (0.0, 0.0) | 306 | 0 | set() | 0| 0.0 | 0.0 
2021-09-27 00:41:35,752 - INFO - load | 2 | (0.0, 0.1) | 306 | 0 | set() | 0| 0.0 | 0.0 
2021-09-27 00:41:35,752 - INFO - load | 2 | (0.0, 0.2) | 306 | 0 | set() | 0| 0.0 | 0.0 
2021-09-27 00:41:35,753 - INFO - load | 2 | (0.0, 0.30000000000000004) | 306 | 0 | set() | 0| 0.0 | 0.0 
2021-09-27 00:41:35,753 - INFO - load | 2 | (0.0, 0.4) | 306 | 0 | set() | 0| 0.0 | 0.0 
2021-09-27 00:41:35,753 - INFO - load | 2 | (0.0, 0.5) | 306 | 0 | set() | 0| 0.0 | 0.0 
2021-09-27 00:41:35,754 - INFO - load | 2 | (0.0, 0.6000000000000001) | 306 | 0 | set() | 0| 0.0 | 0.0 
2021-09-27 00:41:35,754 - INFO - load | 2 | (0.0, 0.7000000000000001) | 306 | 0 | set() | 0| 0.0 | 0.0 
2021-09-27 00:41:35,754 - INFO - load | 2 | (0.0, 0.8) | 306 | 0 | set() | 0| 0.0 | 0.0 
2021-09-27 00:41:35,755 - INFO - load | 2 | (0.0, 0.9) | 306 | 0 | set() | 0| 0.0 | 0.0 
2021-09-27 00:41:35,755 - INFO - load | 2 | (0.0, 1.0) | 306 | 0 | set() | 0| 0.0 | 0.0 
2021-09-27 00:41:35,755 - INFO - load | 2 | (0.1, 0.0) | 306 | 0 | set() | 0| 0.0 | 0.0 
2021-09-27 00:41:35,756 - INFO - load | 2 | (0.1, 0.1) | 306 | 0 | set() | 0| 0.0 | 0.0 
2021-09-27 00:41:35,756 - INFO - load | 2 | (0.1, 0.2) | 306 | 0 | set() | 0| 0.0 | 0.0 
2021-09-27 00:41:35,756 - INFO - load | 2 | (0.1, 0.30000000000000004) | 306 | 0 | set() | 0| 0.0 | 0.0 
2021-09-27 00:41:35,757 - INFO - load | 2 | (0.1, 0.4) | 306 | 0 | set() | 0| 0.0 | 0.0 
2021-09-27 00:41:35,851 - INFO - compute | 2 | (0.1, 0.5) | 306 | 1 | {301} | 54483| 2724.15 | 20299.238024030547 
2021-09-27 00:41:35,854 - INFO - load | 2 | (0.1, 0.6000000000000001) | 306 | 1 | {301} | 54483| 2179.3199999999997 | 20299.238024030547 
2021-09-27 00:41:35,856 - INFO - load | 2 | (0.1, 0.7000000000000001) | 306 | 1 | {301} | 54483| 1634.49 | 20299.238024030547 
2021-09-27 00:41:35,986 - INFO - compute | 2 | (0.1, 0.8) | 306 | 2 | {301, 343} | 58203| 1164.0599999999995 | 21710.252270702036 
2021-09-27 00:41:35,989 - INFO - load | 2 | (0.1, 0.9) | 306 | 2 | {301, 343} | 58203| 582.0299999999997 | 21710.252270702036 
2021-09-27 00:41:36,239 - INFO - compute | 2 | (0.1, 1.0) | 306 | 3 | (264, 301) | 64115| 0.0 | 24279.398716787615 
2021-09-27 00:41:36,240 - INFO - load | 2 | (0.2, 0.0) | 306 | 0 | set() | 0| 0.0 | 0.0 
2021-09-27 00:41:36,240 - INFO - load | 2 | (0.2, 0.1) | 306 | 0 | set() | 0| 0.0 | 0.0 
2021-09-27 00:41:36,240 - INFO - load | 2 | (0.2, 0.2) | 306 | 0 | set() | 0| 0.0 | 0.0 
2021-09-27 00:41:36,243 - INFO - load | 2 | (0.2, 0.30000000000000004) | 306 | 1 | {301} | 54483| 7627.620000000001 | 20299.238024030547 
2021-09-27 00:41:36,246 - INFO - load | 2 | (0.2, 0.4) | 306 | 2 | {301, 343} | 58203| 6984.36 | 21710.252270702036 
2021-09-27 00:41:36,249 - INFO - load | 2 | (0.2, 0.5) | 306 | 3 | (264, 301) | 64115| 6411.5 | 24279.398716787615 
2021-09-27 00:41:36,675 - INFO - compute | 2 | (0.2, 0.6000000000000001) | 306 | 4 | (264, 301) | 64115| 5129.199999999999 | 24279.398716787615 
2021-09-27 00:41:37,351 - INFO - compute | 2 | (0.2, 0.7000000000000001) | 306 | 5 | (264, 301) | 64115| 3846.8999999999996 | 24279.398716787615 
2021-09-27 00:41:40,010 - INFO - compute | 2 | (0.2, 0.8) | 306 | 10 | (269, 301) | 64762| 2590.4799999999987 | 24154.17838006266 
2021-09-27 00:41:40,015 - INFO - load | 2 | (0.2, 0.9) | 306 | 10 | (269, 301) | 64762| 1295.2399999999993 | 24154.17838006266 
2021-09-27 00:41:40,019 - INFO - load | 2 | (0.2, 1.0) | 306 | 10 | (269, 301) | 64762| 0.0 | 24154.17838006266 
2021-09-27 00:41:40,060 - INFO - compute | 2 | (0.30000000000000004, 0.0) | 225 | 0 | set() | 0| 0.0 | 0.0 
2021-09-27 00:41:40,065 - INFO - load | 2 | (0.30000000000000004, 0.1) | 225 | 0 | set() | 0| 0.0 | 0.0 
2021-09-27 00:41:40,143 - INFO - compute | 2 | (0.30000000000000004, 0.2) | 225 | 1 | {301} | 33794| 8110.560000000001 | 14882.939498421652 
2021-09-27 00:41:40,248 - INFO - compute | 2 | (0.30000000000000004, 0.30000000000000004) | 225 | 2 | {301, 343} | 35767| 7511.070000000001 | 15840.476207498057 
2021-09-27 00:41:40,586 - INFO - compute | 2 | (0.30000000000000004, 0.4) | 225 | 4 | (264, 301) | 39378| 7088.040000000001 | 17810.403958549312 
2021-09-27 00:41:41,917 - INFO - compute | 2 | (0.30000000000000004, 0.5) | 225 | 8 | (269, 301) | 39711| 5956.650000000001 | 17598.701731383007 
2021-09-27 00:41:44,128 - INFO - compute | 2 | (0.30000000000000004, 0.6000000000000001) | 225 | 10 | (269, 301) | 39711| 4765.32 | 17598.701731383007 
2021-09-27 00:41:47,568 - INFO - compute | 2 | (0.30000000000000004, 0.7000000000000001) | 225 | 11 | (269, 301) | 39711| 3573.99 | 17598.701731383007 
2021-09-27 00:41:54,920 - INFO - compute | 2 | (0.30000000000000004, 0.8) | 225 | 18 | (269, 301) | 39711| 2382.66 | 17598.701731383007 
2021-09-27 00:42:10,194 - INFO - compute | 2 | (0.30000000000000004, 0.9) | 225 | 26 | (301, 65) | 50442| 1513.2599999999986 | 23614.764918636203 
