2021-09-18 02:51:06,021 - INFO - Namespace(a='2', beta_paras='3,6,6,3', budget_list='1,2', did='d2', grain_alpha='5', grain_p='5', method='brute', percent_R='0.25', percent_S='0.25', seed='32', version='v09180251')
2021-09-18 02:51:06,221 - INFO - Finish random requester set R and supplier set S 
                             percent_R=0.25, num_R=306, len_R=306 
                             percent_S=0.25, num_S=306, len_S=306
2021-09-18 02:51:07,472 - INFO - Finish generate valuations and costs using using a=2
2021-09-18 02:51:08,283 - INFO - compute: budget=1; scheme=(0.0,0.0); tilderR=(306) tilderS=(0); result=(set(), 0); rev=0.0
2021-09-18 02:51:08,283 - INFO - load: budget=1; scheme=(0.0,0.0); tilderR=(306) tilderS=(0); result=(set(), 0); rev=0.0
2021-09-18 02:51:08,284 - INFO - load: budget=1; scheme=(0.0,0.0); tilderR=(306) tilderS=(0); result=(set(), 0); rev=0.0
2021-09-18 02:51:08,284 - INFO - load: budget=1; scheme=(0.0,0.0); tilderR=(306) tilderS=(0); result=(set(), 0); rev=0.0
2021-09-18 02:51:08,285 - INFO - load: budget=1; scheme=(0.0,0.0); tilderR=(306) tilderS=(0); result=(set(), 0); rev=0.0
2021-09-18 02:51:08,285 - INFO - load: budget=1; scheme=(0.0,0.0); tilderR=(306) tilderS=(0); result=(set(), 0); rev=0.0
2021-09-18 02:51:08,285 - INFO - load: budget=1; scheme=(0.2,0.0); tilderR=(306) tilderS=(0); result=(set(), 0); rev=0.0
2021-09-18 02:51:08,324 - INFO - compute: budget=1; scheme=(0.2,0.04000000000000001); tilderR=(306) tilderS=(1); result=({739}, 9169); rev=1467.04
2021-09-18 02:51:08,411 - INFO - compute: budget=1; scheme=(0.2,0.08000000000000002); tilderR=(306) tilderS=(2); result=((301,), 60798); rev=7295.759999999999
2021-09-18 02:51:08,533 - INFO - compute: budget=1; scheme=(0.2,0.12000000000000002); tilderR=(306) tilderS=(3); result=((301,), 60798); rev=4863.839999999999
2021-09-18 02:51:08,864 - INFO - compute: budget=1; scheme=(0.2,0.16000000000000003); tilderR=(306) tilderS=(8); result=((301,), 60798); rev=2431.9199999999987
2021-09-18 02:51:09,260 - INFO - compute: budget=1; scheme=(0.2,0.2); tilderR=(306) tilderS=(10); result=((301,), 60798); rev=0.0
2021-09-18 02:51:09,275 - INFO - compute: budget=1; scheme=(0.4,0.0); tilderR=(161) tilderS=(0); result=(set(), 0); rev=0.0
2021-09-18 02:51:09,330 - INFO - compute: budget=1; scheme=(0.4,0.08000000000000002); tilderR=(161) tilderS=(2); result=((301,), 24256); rev=7761.92
2021-09-18 02:51:09,536 - INFO - compute: budget=1; scheme=(0.4,0.16000000000000003); tilderR=(161) tilderS=(8); result=((301,), 24256); rev=5821.44
2021-09-18 02:51:09,856 - INFO - compute: budget=1; scheme=(0.4,0.24000000000000005); tilderR=(161) tilderS=(13); result=((301,), 24256); rev=3880.9599999999996
2021-09-18 02:51:10,658 - INFO - compute: budget=1; scheme=(0.4,0.32000000000000006); tilderR=(161) tilderS=(32); result=((301,), 24256); rev=1940.479999999999
2021-09-18 02:51:12,114 - INFO - compute: budget=1; scheme=(0.4,0.4); tilderR=(161) tilderS=(60); result=((301,), 24256); rev=0.0
2021-09-18 02:51:12,121 - INFO - compute: budget=1; scheme=(0.6000000000000001,0.0); tilderR=(58) tilderS=(0); result=(set(), 0); rev=0.0
2021-09-18 02:51:12,153 - INFO - compute: budget=1; scheme=(0.6000000000000001,0.12000000000000002); tilderR=(58) tilderS=(3); result=((301,), 3508); rev=1683.8400000000004
2021-09-18 02:51:12,275 - INFO - compute: budget=1; scheme=(0.6000000000000001,0.24000000000000005); tilderR=(58) tilderS=(13); result=((63,), 3986); rev=1434.9600000000003
2021-09-18 02:51:12,668 - INFO - compute: budget=1; scheme=(0.6000000000000001,0.3600000000000001); tilderR=(58) tilderS=(45); result=((104,), 5064); rev=1215.36
2021-09-18 02:51:13,477 - INFO - compute: budget=1; scheme=(0.6000000000000001,0.4800000000000001); tilderR=(58) tilderS=(94); result=((104,), 5064); rev=607.68
2021-09-18 02:51:14,763 - INFO - compute: budget=1; scheme=(0.6000000000000001,0.6000000000000001); tilderR=(58) tilderS=(150); result=((104,), 5064); rev=0.0
2021-09-18 02:51:14,766 - INFO - compute: budget=1; scheme=(0.8,0.0); tilderR=(13) tilderS=(0); result=(set(), 0); rev=0.0
2021-09-18 02:51:14,792 - INFO - compute: budget=1; scheme=(0.8,0.16000000000000003); tilderR=(13) tilderS=(8); result=((63,), 768); rev=491.52
2021-09-18 02:51:14,876 - INFO - compute: budget=1; scheme=(0.8,0.32000000000000006); tilderR=(13) tilderS=(32); result=((104,), 1043); rev=500.64
2021-09-18 02:51:15,079 - INFO - compute: budget=1; scheme=(0.8,0.4800000000000001); tilderR=(13) tilderS=(94); result=((104,), 1043); rev=333.75999999999993
2021-09-18 02:51:15,456 - INFO - compute: budget=1; scheme=(0.8,0.6400000000000001); tilderR=(13) tilderS=(189); result=((104,), 1043); rev=166.8799999999999
2021-09-18 02:51:16,044 - INFO - compute: budget=1; scheme=(0.8,0.8); tilderR=(13) tilderS=(306); result=((104,), 1043); rev=0.0
2021-09-18 02:51:16,047 - INFO - compute: budget=1; scheme=(1.0,0.0); tilderR=(0) tilderS=(0); result=(set(), 0); rev=0.0
2021-09-18 02:51:16,050 - INFO - compute: budget=1; scheme=(1.0,0.2); tilderR=(0) tilderS=(10); result=((984,), 0); rev=0.0
2021-09-18 02:51:16,054 - INFO - compute: budget=1; scheme=(1.0,0.4); tilderR=(0) tilderS=(60); result=((1190,), 0); rev=0.0
2021-09-18 02:51:16,057 - INFO - compute: budget=1; scheme=(1.0,0.6000000000000001); tilderR=(0) tilderS=(150); result=((1215,), 0); rev=0.0
2021-09-18 02:51:16,062 - INFO - compute: budget=1; scheme=(1.0,0.8); tilderR=(0) tilderS=(306); result=((1215,), 0); rev=0.0
2021-09-18 02:51:16,066 - INFO - load: budget=1; scheme=(1.0,1.0); tilderR=(0) tilderS=(306); result=((1215,), 0); rev=0.0
2021-09-18 02:51:16,085 - INFO - compute: budget=2; scheme=(0.0,0.0); tilderR=(306) tilderS=(0); result=(set(), 0); rev=0.0
2021-09-18 02:51:16,086 - INFO - load: budget=2; scheme=(0.0,0.0); tilderR=(306) tilderS=(0); result=(set(), 0); rev=0.0
2021-09-18 02:51:16,086 - INFO - load: budget=2; scheme=(0.0,0.0); tilderR=(306) tilderS=(0); result=(set(), 0); rev=0.0
2021-09-18 02:51:16,087 - INFO - load: budget=2; scheme=(0.0,0.0); tilderR=(306) tilderS=(0); result=(set(), 0); rev=0.0
2021-09-18 02:51:16,087 - INFO - load: budget=2; scheme=(0.0,0.0); tilderR=(306) tilderS=(0); result=(set(), 0); rev=0.0
2021-09-18 02:51:16,087 - INFO - load: budget=2; scheme=(0.0,0.0); tilderR=(306) tilderS=(0); result=(set(), 0); rev=0.0
2021-09-18 02:51:16,088 - INFO - load: budget=2; scheme=(0.2,0.0); tilderR=(306) tilderS=(0); result=(set(), 0); rev=0.0
2021-09-18 02:51:16,126 - INFO - compute: budget=2; scheme=(0.2,0.04000000000000001); tilderR=(306) tilderS=(1); result=({739}, 9169); rev=1467.04
2021-09-18 02:51:16,190 - INFO - compute: budget=2; scheme=(0.2,0.08000000000000002); tilderR=(306) tilderS=(2); result=({739, 301}, 67630); rev=8115.599999999999
2021-09-18 02:51:16,376 - INFO - compute: budget=2; scheme=(0.2,0.12000000000000002); tilderR=(306) tilderS=(3); result=((301, 677), 69877); rev=5590.159999999999
2021-09-18 02:51:18,027 - INFO - compute: budget=2; scheme=(0.2,0.16000000000000003); tilderR=(306) tilderS=(8); result=((301, 63), 86455); rev=3458.1999999999985
2021-09-18 02:51:20,648 - INFO - compute: budget=2; scheme=(0.2,0.2); tilderR=(306) tilderS=(10); result=((301, 63), 86455); rev=0.0
2021-09-18 02:51:20,661 - INFO - compute: budget=2; scheme=(0.4,0.0); tilderR=(161) tilderS=(0); result=(set(), 0); rev=0.0
2021-09-18 02:51:20,701 - INFO - compute: budget=2; scheme=(0.4,0.08000000000000002); tilderR=(161) tilderS=(2); result=({739, 301}, 26139); rev=8364.48
2021-09-18 02:51:21,670 - INFO - compute: budget=2; scheme=(0.4,0.16000000000000003); tilderR=(161) tilderS=(8); result=((301, 63), 33759); rev=8102.16
2021-09-18 02:51:24,355 - INFO - compute: budget=2; scheme=(0.4,0.24000000000000005); tilderR=(161) tilderS=(13); result=((301, 63), 33759); rev=5401.44
2021-09-18 02:51:41,888 - INFO - compute: budget=2; scheme=(0.4,0.32000000000000006); tilderR=(161) tilderS=(32); result=((301, 104), 37007); rev=2960.5599999999986
2021-09-18 02:52:40,860 - INFO - compute: budget=2; scheme=(0.4,0.4); tilderR=(161) tilderS=(60); result=((301, 104), 37007); rev=0.0
2021-09-18 02:52:40,867 - INFO - compute: budget=2; scheme=(0.6000000000000001,0.0); tilderR=(58) tilderS=(0); result=(set(), 0); rev=0.0
2021-09-18 02:52:40,912 - INFO - compute: budget=2; scheme=(0.6000000000000001,0.12000000000000002); tilderR=(58) tilderS=(3); result=((301, 677), 4480); rev=2150.4000000000005
2021-09-18 02:52:41,912 - INFO - compute: budget=2; scheme=(0.6000000000000001,0.24000000000000005); tilderR=(58) tilderS=(13); result=((301, 63), 7477); rev=2691.7200000000003
2021-09-18 02:52:55,259 - INFO - compute: budget=2; scheme=(0.6000000000000001,0.3600000000000001); tilderR=(58) tilderS=(45); result=((301, 104), 8572); rev=2057.2799999999997
2021-09-18 02:53:53,758 - INFO - compute: budget=2; scheme=(0.6000000000000001,0.4800000000000001); tilderR=(58) tilderS=(94); result=((104, 301), 8572); rev=1028.6399999999999
2021-09-18 02:56:28,474 - INFO - compute: budget=2; scheme=(0.6000000000000001,0.6000000000000001); tilderR=(58) tilderS=(150); result=((104, 301), 8572); rev=0.0
2021-09-18 02:56:28,478 - INFO - compute: budget=2; scheme=(0.8,0.0); tilderR=(13) tilderS=(0); result=(set(), 0); rev=0.0
2021-09-18 02:56:28,565 - INFO - compute: budget=2; scheme=(0.8,0.16000000000000003); tilderR=(13) tilderS=(8); result=((677, 63), 919); rev=588.16
2021-09-18 02:56:30,067 - INFO - compute: budget=2; scheme=(0.8,0.32000000000000006); tilderR=(13) tilderS=(32); result=((63, 104), 1491); rev=715.68
2021-09-18 02:56:42,513 - INFO - compute: budget=2; scheme=(0.8,0.4800000000000001); tilderR=(13) tilderS=(94); result=((63, 104), 1491); rev=477.11999999999995
2021-09-18 02:57:34,045 - INFO - compute: budget=2; scheme=(0.8,0.6400000000000001); tilderR=(13) tilderS=(189); result=((63, 104), 1491); rev=238.5599999999999
2021-09-18 02:59:37,166 - INFO - compute: budget=2; scheme=(0.8,0.8); tilderR=(13) tilderS=(306); result=((63, 104), 1491); rev=0.0
2021-09-18 02:59:37,169 - INFO - compute: budget=2; scheme=(1.0,0.0); tilderR=(0) tilderS=(0); result=(set(), 0); rev=0.0
2021-09-18 02:59:37,173 - INFO - compute: budget=2; scheme=(1.0,0.2); tilderR=(0) tilderS=(10); result=((984, 828), 0); rev=0.0
2021-09-18 02:59:37,179 - INFO - compute: budget=2; scheme=(1.0,0.4); tilderR=(0) tilderS=(60); result=((1190, 1079), 0); rev=0.0
2021-09-18 02:59:37,196 - INFO - compute: budget=2; scheme=(1.0,0.6000000000000001); tilderR=(0) tilderS=(150); result=((1215, 1023), 0); rev=0.0
2021-09-18 02:59:37,272 - INFO - compute: budget=2; scheme=(1.0,0.8); tilderR=(0) tilderS=(306); result=((1215, 1023), 0); rev=0.0
2021-09-18 02:59:37,276 - INFO - load: budget=2; scheme=(1.0,1.0); tilderR=(0) tilderS=(306); result=((1215, 1023), 0); rev=0.0
