2021-09-28 03:20:37,133 - INFO - run algo
2021-09-28 03:20:37,200 - INFO - 1224
2021-09-28 03:20:37,201 - INFO - 1224
2021-09-28 03:20:37,291 - INFO - load:
2021-09-28 03:20:37,292 - INFO - Finish random requester set R and supplier set S 
                             percent_R=0.1, num_R=123, len_R=123 
                             percent_S=0.1, num_S=123, len_S=122
2021-09-28 03:20:37,475 - INFO - compute | 3 | (0.0, 0.0) | 123 | 1 | {604} | 6788| 0.0 | 2457.9888379596737 
2021-09-28 03:20:37,476 - INFO - load | 3 | (0.0, 0.05) | 123 | 1 | {604} | 6788| 0.0 | 2457.9888379596737 
2021-09-28 03:20:37,476 - INFO - load | 3 | (0.0, 0.1) | 123 | 1 | {604} | 6788| 0.0 | 2457.9888379596737 
2021-09-28 03:20:37,476 - INFO - load | 3 | (0.0, 0.15000000000000002) | 123 | 1 | {604} | 6788| 0.0 | 2457.9888379596737 
2021-09-28 03:20:37,476 - INFO - load | 3 | (0.0, 0.2) | 123 | 1 | {604} | 6788| 0.0 | 2457.9888379596737 
2021-09-28 03:20:37,477 - INFO - load | 3 | (0.0, 0.25) | 123 | 1 | {604} | 6788| 0.0 | 2457.9888379596737 
2021-09-28 03:20:37,477 - INFO - load | 3 | (0.0, 0.30000000000000004) | 123 | 1 | {604} | 6788| 0.0 | 2457.9888379596737 
2021-09-28 03:20:37,477 - INFO - load | 3 | (0.0, 0.35000000000000003) | 123 | 1 | {604} | 6788| 0.0 | 2457.9888379596737 
2021-09-28 03:20:37,477 - INFO - load | 3 | (0.0, 0.4) | 123 | 1 | {604} | 6788| 0.0 | 2457.9888379596737 
2021-09-28 03:20:37,477 - INFO - load | 3 | (0.0, 0.45) | 123 | 1 | {604} | 6788| 0.0 | 2457.9888379596737 
2021-09-28 03:20:37,478 - INFO - load | 3 | (0.0, 0.5) | 123 | 1 | {604} | 6788| 0.0 | 2457.9888379596737 
2021-09-28 03:20:37,478 - INFO - load | 3 | (0.0, 0.55) | 123 | 1 | {604} | 6788| 0.0 | 2457.9888379596737 
2021-09-28 03:20:37,478 - INFO - load | 3 | (0.0, 0.6000000000000001) | 123 | 1 | {604} | 6788| 0.0 | 2457.9888379596737 
2021-09-28 03:20:37,478 - INFO - load | 3 | (0.0, 0.65) | 123 | 1 | {604} | 6788| 0.0 | 2457.9888379596737 
2021-09-28 03:20:37,478 - INFO - load | 3 | (0.0, 0.7000000000000001) | 123 | 1 | {604} | 6788| 0.0 | 2457.9888379596737 
2021-09-28 03:20:37,479 - INFO - load | 3 | (0.0, 0.75) | 123 | 1 | {604} | 6788| 0.0 | 2457.9888379596737 
2021-09-28 03:20:37,479 - INFO - load | 3 | (0.0, 0.8) | 123 | 1 | {604} | 6788| 0.0 | 2457.9888379596737 
2021-09-28 03:20:37,479 - INFO - load | 3 | (0.0, 0.8500000000000001) | 123 | 1 | {604} | 6788| 0.0 | 2457.9888379596737 
2021-09-28 03:20:37,479 - INFO - load | 3 | (0.0, 0.9) | 123 | 1 | {604} | 6788| 0.0 | 2457.9888379596737 
2021-09-28 03:20:37,479 - INFO - load | 3 | (0.0, 0.9500000000000001) | 123 | 1 | {604} | 6788| 0.0 | 2457.9888379596737 
2021-09-28 03:20:37,480 - INFO - load | 3 | (0.0, 1.0) | 123 | 1 | {604} | 6788| 0.0 | 2457.9888379596737 
2021-09-28 03:20:37,480 - INFO - load | 3 | (0.05, 0.0) | 123 | 1 | {604} | 6788| 339.40000000000003 | 2457.9888379596737 
2021-09-28 03:20:37,480 - INFO - load | 3 | (0.05, 0.05) | 123 | 1 | {604} | 6788| 322.43 | 2457.9888379596737 
2021-09-28 03:20:37,480 - INFO - load | 3 | (0.05, 0.1) | 123 | 1 | {604} | 6788| 305.46 | 2457.9888379596737 
2021-09-28 03:20:37,481 - INFO - load | 3 | (0.05, 0.15000000000000002) | 123 | 1 | {604} | 6788| 288.49 | 2457.9888379596737 
2021-09-28 03:20:37,481 - INFO - load | 3 | (0.05, 0.2) | 123 | 1 | {604} | 6788| 271.52 | 2457.9888379596737 
2021-09-28 03:20:37,481 - INFO - load | 3 | (0.05, 0.25) | 123 | 1 | {604} | 6788| 254.55000000000004 | 2457.9888379596737 
2021-09-28 03:20:37,481 - INFO - load | 3 | (0.05, 0.30000000000000004) | 123 | 1 | {604} | 6788| 237.58 | 2457.9888379596737 
2021-09-28 03:20:37,482 - INFO - load | 3 | (0.05, 0.35000000000000003) | 123 | 1 | {604} | 6788| 220.61 | 2457.9888379596737 
2021-09-28 03:20:37,482 - INFO - load | 3 | (0.05, 0.4) | 123 | 1 | {604} | 6788| 203.64 | 2457.9888379596737 
2021-09-28 03:20:37,482 - INFO - load | 3 | (0.05, 0.45) | 123 | 1 | {604} | 6788| 186.67 | 2457.9888379596737 
2021-09-28 03:20:37,482 - INFO - load | 3 | (0.05, 0.5) | 123 | 1 | {604} | 6788| 169.70000000000002 | 2457.9888379596737 
2021-09-28 03:20:37,483 - INFO - load | 3 | (0.05, 0.55) | 123 | 1 | {604} | 6788| 152.73 | 2457.9888379596737 
2021-09-28 03:20:37,483 - INFO - load | 3 | (0.05, 0.6000000000000001) | 123 | 1 | {604} | 6788| 135.76 | 2457.9888379596737 
2021-09-28 03:20:37,483 - INFO - load | 3 | (0.05, 0.65) | 123 | 1 | {604} | 6788| 118.79 | 2457.9888379596737 
2021-09-28 03:20:37,483 - INFO - load | 3 | (0.05, 0.7000000000000001) | 123 | 1 | {604} | 6788| 101.82 | 2457.9888379596737 
2021-09-28 03:20:37,484 - INFO - load | 3 | (0.05, 0.75) | 123 | 1 | {604} | 6788| 84.84999999999998 | 2457.9888379596737 
2021-09-28 03:20:37,484 - INFO - load | 3 | (0.05, 0.8) | 123 | 1 | {604} | 6788| 67.87999999999997 | 2457.9888379596737 
2021-09-28 03:20:37,484 - INFO - load | 3 | (0.05, 0.8500000000000001) | 123 | 1 | {604} | 6788| 50.909999999999954 | 2457.9888379596737 
2021-09-28 03:20:37,484 - INFO - load | 3 | (0.05, 0.9) | 123 | 1 | {604} | 6788| 33.93999999999998 | 2457.9888379596737 
2021-09-28 03:20:37,485 - INFO - load | 3 | (0.05, 0.9500000000000001) | 123 | 1 | {604} | 6788| 16.969999999999967 | 2457.9888379596737 
2021-09-28 03:20:37,485 - INFO - load | 3 | (0.05, 1.0) | 123 | 1 | {604} | 6788| 0.0 | 2457.9888379596737 
2021-09-28 03:20:37,485 - INFO - load | 3 | (0.1, 0.0) | 123 | 1 | {604} | 6788| 678.8000000000001 | 2457.9888379596737 
2021-09-28 03:20:37,485 - INFO - load | 3 | (0.1, 0.05) | 123 | 1 | {604} | 6788| 644.86 | 2457.9888379596737 
2021-09-28 03:20:37,485 - INFO - load | 3 | (0.1, 0.1) | 123 | 1 | {604} | 6788| 610.92 | 2457.9888379596737 
2021-09-28 03:20:37,486 - INFO - load | 3 | (0.1, 0.15000000000000002) | 123 | 1 | {604} | 6788| 576.98 | 2457.9888379596737 
2021-09-28 03:20:37,486 - INFO - load | 3 | (0.1, 0.2) | 123 | 1 | {604} | 6788| 543.04 | 2457.9888379596737 
2021-09-28 03:20:37,486 - INFO - load | 3 | (0.1, 0.25) | 123 | 1 | {604} | 6788| 509.1000000000001 | 2457.9888379596737 
2021-09-28 03:20:37,486 - INFO - load | 3 | (0.1, 0.30000000000000004) | 123 | 1 | {604} | 6788| 475.16 | 2457.9888379596737 
2021-09-28 03:20:37,487 - INFO - load | 3 | (0.1, 0.35000000000000003) | 123 | 1 | {604} | 6788| 441.22 | 2457.9888379596737 
2021-09-28 03:20:37,487 - INFO - load | 3 | (0.1, 0.4) | 123 | 1 | {604} | 6788| 407.28 | 2457.9888379596737 
2021-09-28 03:20:37,487 - INFO - load | 3 | (0.1, 0.45) | 123 | 1 | {604} | 6788| 373.34 | 2457.9888379596737 
2021-09-28 03:20:37,487 - INFO - load | 3 | (0.1, 0.5) | 123 | 1 | {604} | 6788| 339.40000000000003 | 2457.9888379596737 
2021-09-28 03:20:37,488 - INFO - load | 3 | (0.1, 0.55) | 123 | 1 | {604} | 6788| 305.46 | 2457.9888379596737 
2021-09-28 03:20:37,488 - INFO - load | 3 | (0.1, 0.6000000000000001) | 123 | 1 | {604} | 6788| 271.52 | 2457.9888379596737 
2021-09-28 03:20:37,488 - INFO - load | 3 | (0.1, 0.65) | 123 | 1 | {604} | 6788| 237.58 | 2457.9888379596737 
2021-09-28 03:20:37,488 - INFO - load | 3 | (0.1, 0.7000000000000001) | 123 | 1 | {604} | 6788| 203.64 | 2457.9888379596737 
2021-09-28 03:20:37,488 - INFO - load | 3 | (0.1, 0.75) | 123 | 1 | {604} | 6788| 169.69999999999996 | 2457.9888379596737 
2021-09-28 03:20:37,489 - INFO - load | 3 | (0.1, 0.8) | 123 | 1 | {604} | 6788| 135.75999999999993 | 2457.9888379596737 
2021-09-28 03:20:37,489 - INFO - load | 3 | (0.1, 0.8500000000000001) | 123 | 1 | {604} | 6788| 101.81999999999991 | 2457.9888379596737 
2021-09-28 03:20:37,489 - INFO - load | 3 | (0.1, 0.9) | 123 | 1 | {604} | 6788| 67.87999999999997 | 2457.9888379596737 
2021-09-28 03:20:37,542 - INFO - compute | 3 | (0.1, 0.9500000000000001) | 123 | 2 | {604, 677} | 12642| 63.20999999999988 | 4741.99178645063 
2021-09-28 03:20:37,545 - INFO - load | 3 | (0.1, 1.0) | 123 | 2 | {604, 677} | 12642| 0.0 | 4741.99178645063 
2021-09-28 03:20:37,546 - INFO - load | 3 | (0.15000000000000002, 0.0) | 123 | 1 | {604} | 6788| 1018.2000000000002 | 2457.9888379596737 
2021-09-28 03:20:37,546 - INFO - load | 3 | (0.15000000000000002, 0.05) | 123 | 1 | {604} | 6788| 967.2900000000001 | 2457.9888379596737 
2021-09-28 03:20:37,546 - INFO - load | 3 | (0.15000000000000002, 0.1) | 123 | 1 | {604} | 6788| 916.3800000000001 | 2457.9888379596737 
2021-09-28 03:20:37,546 - INFO - load | 3 | (0.15000000000000002, 0.15000000000000002) | 123 | 1 | {604} | 6788| 865.47 | 2457.9888379596737 
2021-09-28 03:20:37,546 - INFO - load | 3 | (0.15000000000000002, 0.2) | 123 | 1 | {604} | 6788| 814.5600000000002 | 2457.9888379596737 
2021-09-28 03:20:37,547 - INFO - load | 3 | (0.15000000000000002, 0.25) | 123 | 1 | {604} | 6788| 763.6500000000001 | 2457.9888379596737 
2021-09-28 03:20:37,547 - INFO - load | 3 | (0.15000000000000002, 0.30000000000000004) | 123 | 1 | {604} | 6788| 712.7400000000001 | 2457.9888379596737 
2021-09-28 03:20:37,547 - INFO - load | 3 | (0.15000000000000002, 0.35000000000000003) | 123 | 1 | {604} | 6788| 661.83 | 2457.9888379596737 
2021-09-28 03:20:37,547 - INFO - load | 3 | (0.15000000000000002, 0.4) | 123 | 1 | {604} | 6788| 610.9200000000001 | 2457.9888379596737 
2021-09-28 03:20:37,547 - INFO - load | 3 | (0.15000000000000002, 0.45) | 123 | 1 | {604} | 6788| 560.01 | 2457.9888379596737 
2021-09-28 03:20:37,548 - INFO - load | 3 | (0.15000000000000002, 0.5) | 123 | 1 | {604} | 6788| 509.1000000000001 | 2457.9888379596737 
2021-09-28 03:20:37,548 - INFO - load | 3 | (0.15000000000000002, 0.55) | 123 | 1 | {604} | 6788| 458.19000000000005 | 2457.9888379596737 
2021-09-28 03:20:37,548 - INFO - load | 3 | (0.15000000000000002, 0.6000000000000001) | 123 | 1 | {604} | 6788| 407.28 | 2457.9888379596737 
2021-09-28 03:20:37,551 - INFO - load | 3 | (0.15000000000000002, 0.65) | 123 | 2 | {604, 677} | 12642| 663.705 | 4741.99178645063 
2021-09-28 03:20:37,555 - INFO - load | 3 | (0.15000000000000002, 0.7000000000000001) | 123 | 2 | {604, 677} | 12642| 568.89 | 4741.99178645063 
2021-09-28 03:20:37,558 - INFO - load | 3 | (0.15000000000000002, 0.75) | 123 | 2 | {604, 677} | 12642| 474.07500000000005 | 4741.99178645063 
2021-09-28 03:20:37,562 - INFO - load | 3 | (0.15000000000000002, 0.8) | 123 | 2 | {604, 677} | 12642| 379.26 | 4741.99178645063 
2021-09-28 03:20:37,565 - INFO - load | 3 | (0.15000000000000002, 0.8500000000000001) | 123 | 2 | {604, 677} | 12642| 284.4449999999999 | 4741.99178645063 
2021-09-28 03:20:37,634 - INFO - compute | 3 | (0.15000000000000002, 0.9) | 123 | 3 | {740, 677, 604} | 14013| 210.1949999999998 | 5254.95188645179 
2021-09-28 03:20:37,793 - INFO - compute | 3 | (0.15000000000000002, 0.9500000000000001) | 123 | 4 | (740, 677, 604) | 14013| 105.0974999999997 | 5254.95188645179 
2021-09-28 03:20:37,798 - INFO - load | 3 | (0.15000000000000002, 1.0) | 123 | 4 | (740, 677, 604) | 14013| 0.0 | 5254.95188645179 
2021-09-28 03:20:37,798 - INFO - load | 3 | (0.2, 0.0) | 123 | 1 | {604} | 6788| 1357.6000000000001 | 2457.9888379596737 
2021-09-28 03:20:37,798 - INFO - load | 3 | (0.2, 0.05) | 123 | 1 | {604} | 6788| 1289.72 | 2457.9888379596737 
2021-09-28 03:20:37,799 - INFO - load | 3 | (0.2, 0.1) | 123 | 1 | {604} | 6788| 1221.84 | 2457.9888379596737 
2021-09-28 03:20:37,799 - INFO - load | 3 | (0.2, 0.15000000000000002) | 123 | 1 | {604} | 6788| 1153.96 | 2457.9888379596737 
2021-09-28 03:20:37,799 - INFO - load | 3 | (0.2, 0.2) | 123 | 1 | {604} | 6788| 1086.08 | 2457.9888379596737 
2021-09-28 03:20:37,799 - INFO - load | 3 | (0.2, 0.25) | 123 | 1 | {604} | 6788| 1018.2000000000002 | 2457.9888379596737 
2021-09-28 03:20:37,799 - INFO - load | 3 | (0.2, 0.30000000000000004) | 123 | 1 | {604} | 6788| 950.32 | 2457.9888379596737 
2021-09-28 03:20:37,800 - INFO - load | 3 | (0.2, 0.35000000000000003) | 123 | 1 | {604} | 6788| 882.44 | 2457.9888379596737 
2021-09-28 03:20:37,800 - INFO - load | 3 | (0.2, 0.4) | 123 | 1 | {604} | 6788| 814.56 | 2457.9888379596737 
2021-09-28 03:20:37,800 - INFO - load | 3 | (0.2, 0.45) | 123 | 1 | {604} | 6788| 746.68 | 2457.9888379596737 
2021-09-28 03:20:37,804 - INFO - load | 3 | (0.2, 0.5) | 123 | 2 | {604, 677} | 12642| 1264.2 | 4741.99178645063 
2021-09-28 03:20:37,808 - INFO - load | 3 | (0.2, 0.55) | 123 | 2 | {604, 677} | 12642| 1137.78 | 4741.99178645063 
2021-09-28 03:20:37,811 - INFO - load | 3 | (0.2, 0.6000000000000001) | 123 | 2 | {604, 677} | 12642| 1011.3599999999999 | 4741.99178645063 
2021-09-28 03:20:37,815 - INFO - load | 3 | (0.2, 0.65) | 123 | 3 | {740, 677, 604} | 14013| 980.9100000000001 | 5254.95188645179 
2021-09-28 03:20:37,820 - INFO - load | 3 | (0.2, 0.7000000000000001) | 123 | 3 | {740, 677, 604} | 14013| 840.78 | 5254.95188645179 
2021-09-28 03:20:37,825 - INFO - load | 3 | (0.2, 0.75) | 123 | 4 | (740, 677, 604) | 14013| 700.6499999999999 | 5254.95188645179 
2021-09-28 03:20:38,166 - INFO - compute | 3 | (0.2, 0.8) | 123 | 5 | (677, 604, 637) | 15032| 601.2799999999997 | 5669.341571392795 
2021-09-28 03:20:38,172 - INFO - load | 3 | (0.2, 0.8500000000000001) | 123 | 5 | (677, 604, 637) | 15032| 450.9599999999996 | 5669.341571392795 
2021-09-28 03:20:38,178 - INFO - load | 3 | (0.2, 0.9) | 123 | 5 | (677, 604, 637) | 15032| 300.6399999999999 | 5669.341571392795 
2021-09-28 03:20:38,825 - INFO - compute | 3 | (0.2, 0.9500000000000001) | 123 | 6 | (677, 604, 637) | 15032| 150.3199999999997 | 5669.341571392795 
2021-09-28 03:20:39,912 - INFO - compute | 3 | (0.2, 1.0) | 123 | 7 | (737, 677, 604) | 16291| 0.0 | 6169.979150164822 
2021-09-28 03:20:39,913 - INFO - load | 3 | (0.25, 0.0) | 123 | 1 | {604} | 6788| 1697.0 | 2457.9888379596737 
2021-09-28 03:20:39,913 - INFO - load | 3 | (0.25, 0.05) | 123 | 1 | {604} | 6788| 1612.1499999999999 | 2457.9888379596737 
2021-09-28 03:20:39,913 - INFO - load | 3 | (0.25, 0.1) | 123 | 1 | {604} | 6788| 1527.3 | 2457.9888379596737 
2021-09-28 03:20:39,913 - INFO - load | 3 | (0.25, 0.15000000000000002) | 123 | 1 | {604} | 6788| 1442.45 | 2457.9888379596737 
2021-09-28 03:20:39,913 - INFO - load | 3 | (0.25, 0.2) | 123 | 1 | {604} | 6788| 1357.6000000000001 | 2457.9888379596737 
2021-09-28 03:20:39,914 - INFO - load | 3 | (0.25, 0.25) | 123 | 1 | {604} | 6788| 1272.75 | 2457.9888379596737 
2021-09-28 03:20:39,914 - INFO - load | 3 | (0.25, 0.30000000000000004) | 123 | 1 | {604} | 6788| 1187.8999999999999 | 2457.9888379596737 
2021-09-28 03:20:39,914 - INFO - load | 3 | (0.25, 0.35000000000000003) | 123 | 1 | {604} | 6788| 1103.05 | 2457.9888379596737 
2021-09-28 03:20:39,917 - INFO - load | 3 | (0.25, 0.4) | 123 | 2 | {604, 677} | 12642| 1896.3 | 4741.99178645063 
2021-09-28 03:20:39,921 - INFO - load | 3 | (0.25, 0.45) | 123 | 2 | {604, 677} | 12642| 1738.275 | 4741.99178645063 
2021-09-28 03:20:39,924 - INFO - load | 3 | (0.25, 0.5) | 123 | 2 | {604, 677} | 12642| 1580.25 | 4741.99178645063 
2021-09-28 03:20:39,929 - INFO - load | 3 | (0.25, 0.55) | 123 | 3 | {740, 677, 604} | 14013| 1576.4624999999999 | 5254.95188645179 
2021-09-28 03:20:39,933 - INFO - load | 3 | (0.25, 0.6000000000000001) | 123 | 4 | (740, 677, 604) | 14013| 1401.2999999999997 | 5254.95188645179 
2021-09-28 03:20:39,939 - INFO - load | 3 | (0.25, 0.65) | 123 | 5 | (677, 604, 637) | 15032| 1315.3 | 5669.341571392795 
2021-09-28 03:20:39,944 - INFO - load | 3 | (0.25, 0.7000000000000001) | 123 | 5 | (677, 604, 637) | 15032| 1127.3999999999996 | 5669.341571392795 
2021-09-28 03:20:39,950 - INFO - load | 3 | (0.25, 0.75) | 123 | 6 | (677, 604, 637) | 15032| 939.5 | 5669.341571392795 
2021-09-28 03:20:39,957 - INFO - load | 3 | (0.25, 0.8) | 123 | 7 | (737, 677, 604) | 16291| 814.5499999999998 | 6169.979150164822 
2021-09-28 03:20:41,681 - INFO - compute | 3 | (0.25, 0.8500000000000001) | 123 | 8 | (737, 677, 604) | 16291| 610.9124999999997 | 6169.979150164822 
2021-09-28 03:20:41,689 - INFO - load | 3 | (0.25, 0.9) | 123 | 8 | (737, 677, 604) | 16291| 407.2749999999999 | 6169.979150164822 
2021-09-28 03:20:41,695 - INFO - load | 3 | (0.25, 0.9500000000000001) | 123 | 8 | (737, 677, 604) | 16291| 203.63749999999973 | 6169.979150164822 
2021-09-28 03:20:45,402 - INFO - compute | 3 | (0.25, 1.0) | 123 | 10 | (737, 677, 604) | 16291| 0.0 | 6169.979150164822 
2021-09-28 03:20:45,437 - INFO - compute | 3 | (0.30000000000000004, 0.0) | 91 | 1 | {604} | 3771| 1131.3000000000002 | 1681.0581697224195 
2021-09-28 03:20:45,444 - INFO - load | 3 | (0.30000000000000004, 0.05) | 91 | 1 | {604} | 3771| 1074.7350000000001 | 1681.0581697224195 
2021-09-28 03:20:45,451 - INFO - load | 3 | (0.30000000000000004, 0.1) | 91 | 1 | {604} | 3771| 1018.1700000000001 | 1681.0581697224195 
2021-09-28 03:20:45,458 - INFO - load | 3 | (0.30000000000000004, 0.15000000000000002) | 91 | 1 | {604} | 3771| 961.605 | 1681.0581697224195 
2021-09-28 03:20:45,465 - INFO - load | 3 | (0.30000000000000004, 0.2) | 91 | 1 | {604} | 3771| 905.0400000000002 | 1681.0581697224195 
2021-09-28 03:20:45,472 - INFO - load | 3 | (0.30000000000000004, 0.25) | 91 | 1 | {604} | 3771| 848.4750000000001 | 1681.0581697224195 
2021-09-28 03:20:45,479 - INFO - load | 3 | (0.30000000000000004, 0.30000000000000004) | 91 | 1 | {604} | 3771| 791.9100000000001 | 1681.0581697224195 
2021-09-28 03:20:45,526 - INFO - compute | 3 | (0.30000000000000004, 0.35000000000000003) | 91 | 2 | {604, 677} | 7557| 1473.615 | 3431.163427937425 
2021-09-28 03:20:45,534 - INFO - load | 3 | (0.30000000000000004, 0.4) | 91 | 2 | {604, 677} | 7557| 1360.2600000000002 | 3431.163427937425 
2021-09-28 03:20:45,592 - INFO - compute | 3 | (0.30000000000000004, 0.45) | 91 | 3 | {740, 677, 604} | 8391| 1384.515 | 3805.6376683187927 
2021-09-28 03:20:45,730 - INFO - compute | 3 | (0.30000000000000004, 0.5) | 91 | 4 | (740, 677, 604) | 8391| 1258.65 | 3805.6376683187927 
2021-09-28 03:20:46,006 - INFO - compute | 3 | (0.30000000000000004, 0.55) | 91 | 5 | (677, 604, 637) | 9085| 1226.4750000000001 | 4135.957155150323 
2021-09-28 03:20:46,015 - INFO - load | 3 | (0.30000000000000004, 0.6000000000000001) | 91 | 5 | (677, 604, 637) | 9085| 1090.2 | 4135.957155150323 
2021-09-28 03:20:46,536 - INFO - compute | 3 | (0.30000000000000004, 0.65) | 91 | 6 | (677, 604, 637) | 9085| 953.9250000000001 | 4135.957155150323 
2021-09-28 03:20:47,891 - INFO - compute | 3 | (0.30000000000000004, 0.7000000000000001) | 91 | 8 | (737, 677, 604) | 9929| 893.61 | 4529.4630594124565 
2021-09-28 03:20:47,899 - INFO - load | 3 | (0.30000000000000004, 0.75) | 91 | 8 | (737, 677, 604) | 9929| 744.6750000000001 | 4529.4630594124565 
2021-09-28 03:20:47,906 - INFO - load | 3 | (0.30000000000000004, 0.8) | 91 | 8 | (737, 677, 604) | 9929| 595.74 | 4529.4630594124565 
2021-09-28 03:20:51,013 - INFO - compute | 3 | (0.30000000000000004, 0.8500000000000001) | 91 | 10 | (737, 677, 126) | 10004| 450.17999999999984 | 4559.989829526262 
2021-09-28 03:20:58,508 - INFO - compute | 3 | (0.30000000000000004, 0.9) | 91 | 13 | (737, 677, 126) | 10004| 300.1199999999997 | 4559.989829526262 
2021-09-28 03:20:58,516 - INFO - load | 3 | (0.30000000000000004, 0.9500000000000001) | 91 | 13 | (737, 677, 126) | 10004| 150.05999999999958 | 4559.989829526262 
2021-09-28 03:20:58,524 - INFO - load | 3 | (0.30000000000000004, 1.0) | 91 | 13 | (737, 677, 126) | 10004| 0.0 | 4559.989829526262 
2021-09-28 03:20:58,555 - INFO - compute | 3 | (0.35000000000000003, 0.0) | 79 | 1 | {604} | 2901| 1015.3500000000001 | 1405.22532222274 
2021-09-28 03:20:58,564 - INFO - load | 3 | (0.35000000000000003, 0.05) | 79 | 1 | {604} | 2901| 964.5825000000001 | 1405.22532222274 
2021-09-28 03:20:58,572 - INFO - load | 3 | (0.35000000000000003, 0.1) | 79 | 1 | {604} | 2901| 913.8150000000002 | 1405.22532222274 
2021-09-28 03:20:58,579 - INFO - load | 3 | (0.35000000000000003, 0.15000000000000002) | 79 | 1 | {604} | 2901| 863.0475000000001 | 1405.22532222274 
2021-09-28 03:20:58,587 - INFO - load | 3 | (0.35000000000000003, 0.2) | 79 | 1 | {604} | 2901| 812.2800000000001 | 1405.22532222274 
2021-09-28 03:20:58,595 - INFO - load | 3 | (0.35000000000000003, 0.25) | 79 | 1 | {604} | 2901| 761.5125 | 1405.22532222274 
2021-09-28 03:20:58,638 - INFO - compute | 3 | (0.35000000000000003, 0.30000000000000004) | 79 | 2 | {604, 677} | 5944| 1456.28 | 2919.3332471840076 
2021-09-28 03:20:58,647 - INFO - load | 3 | (0.35000000000000003, 0.35000000000000003) | 79 | 2 | {604, 677} | 5944| 1352.26 | 2919.3332471840076 
2021-09-28 03:20:58,706 - INFO - compute | 3 | (0.35000000000000003, 0.4) | 79 | 3 | {740, 677, 604} | 6600| 1386.0000000000002 | 3237.323264540064 
2021-09-28 03:20:59,085 - INFO - compute | 3 | (0.35000000000000003, 0.45) | 79 | 5 | (677, 604, 637) | 7162| 1378.685 | 3525.693447943483 
2021-09-28 03:20:59,093 - INFO - load | 3 | (0.35000000000000003, 0.5) | 79 | 5 | (677, 604, 637) | 7162| 1253.3500000000001 | 3525.693447943483 
2021-09-28 03:20:59,701 - INFO - compute | 3 | (0.35000000000000003, 0.55) | 79 | 6 | (677, 604, 637) | 7162| 1128.015 | 3525.693447943483 
2021-09-28 03:21:01,042 - INFO - compute | 3 | (0.35000000000000003, 0.6000000000000001) | 79 | 8 | (737, 677, 604) | 7858| 1100.12 | 3872.135565061911 
2021-09-28 03:21:01,052 - INFO - load | 3 | (0.35000000000000003, 0.65) | 79 | 8 | (737, 677, 604) | 7858| 962.605 | 3872.135565061911 
2021-09-28 03:21:01,062 - INFO - load | 3 | (0.35000000000000003, 0.7000000000000001) | 79 | 8 | (737, 677, 604) | 7858| 825.0899999999998 | 3872.135565061911 
2021-09-28 03:21:05,845 - INFO - compute | 3 | (0.35000000000000003, 0.75) | 79 | 12 | (737, 677, 126) | 7935| 694.3125000000002 | 3903.274575854116 
2021-09-28 03:21:12,049 - INFO - compute | 3 | (0.35000000000000003, 0.8) | 79 | 13 | (737, 677, 126) | 7935| 555.45 | 3903.274575854116 
2021-09-28 03:21:12,058 - INFO - load | 3 | (0.35000000000000003, 0.8500000000000001) | 79 | 13 | (737, 677, 126) | 7935| 416.5874999999999 | 3903.274575854116 
2021-09-28 03:21:21,307 - INFO - compute | 3 | (0.35000000000000003, 0.9) | 79 | 15 | (737, 677, 126) | 7935| 277.7249999999998 | 3903.274575854116 
2021-09-28 03:21:38,437 - INFO - compute | 3 | (0.35000000000000003, 0.9500000000000001) | 79 | 18 | (737, 677, 126) | 7935| 138.86249999999967 | 3903.274575854116 
2021-09-28 03:22:10,613 - INFO - compute | 3 | (0.35000000000000003, 1.0) | 79 | 22 | (22, 677, 737) | 10496| 0.0 | 5499.831952760078 
2021-09-28 03:22:10,642 - INFO - compute | 3 | (0.4, 0.0) | 65 | 1 | {604} | 2014| 805.6 | 1074.97514749735 
2021-09-28 03:22:10,650 - INFO - load | 3 | (0.4, 0.05) | 65 | 1 | {604} | 2014| 765.32 | 1074.97514749735 
2021-09-28 03:22:10,660 - INFO - load | 3 | (0.4, 0.1) | 65 | 1 | {604} | 2014| 725.04 | 1074.97514749735 
2021-09-28 03:22:10,669 - INFO - load | 3 | (0.4, 0.15000000000000002) | 65 | 1 | {604} | 2014| 684.7600000000001 | 1074.97514749735 
2021-09-28 03:22:10,677 - INFO - load | 3 | (0.4, 0.2) | 65 | 1 | {604} | 2014| 644.48 | 1074.97514749735 
2021-09-28 03:22:10,716 - INFO - compute | 3 | (0.4, 0.25) | 65 | 2 | {604, 677} | 4290| 1287.0000000000002 | 2304.4594455089746 
2021-09-28 03:22:10,725 - INFO - load | 3 | (0.4, 0.30000000000000004) | 65 | 2 | {604, 677} | 4290| 1201.2 | 2304.4594455089746 
2021-09-28 03:22:10,772 - INFO - compute | 3 | (0.4, 0.35000000000000003) | 65 | 3 | {740, 677, 604} | 4758| 1237.0800000000002 | 2552.4714717119587 
2021-09-28 03:22:10,989 - INFO - compute | 3 | (0.4, 0.4) | 65 | 5 | (677, 604, 637) | 5176| 1242.24 | 2787.3897460948883 
2021-09-28 03:22:11,000 - INFO - load | 3 | (0.4, 0.45) | 65 | 5 | (677, 604, 637) | 5176| 1138.72 | 2787.3897460948883 
2021-09-28 03:22:11,687 - INFO - compute | 3 | (0.4, 0.5) | 65 | 7 | (737, 677, 604) | 5700| 1140.0 | 3069.9868373539584 
2021-09-28 03:22:12,738 - INFO - compute | 3 | (0.4, 0.55) | 65 | 8 | (737, 677, 604) | 5700| 1026.0 | 3069.9868373539584 
2021-09-28 03:22:12,747 - INFO - load | 3 | (0.4, 0.6000000000000001) | 65 | 8 | (737, 677, 604) | 5700| 911.9999999999999 | 3069.9868373539584 
2021-09-28 03:22:16,797 - INFO - compute | 3 | (0.4, 0.65) | 65 | 12 | (737, 677, 126) | 5784| 809.7600000000001 | 3103.947359608149 
2021-09-28 03:22:21,909 - INFO - compute | 3 | (0.4, 0.7000000000000001) | 65 | 13 | (737, 677, 126) | 5784| 694.0799999999999 | 3103.947359608149 
2021-09-28 03:22:21,919 - INFO - load | 3 | (0.4, 0.75) | 65 | 13 | (737, 677, 126) | 5784| 578.3999999999999 | 3103.947359608149 
2021-09-28 03:22:32,041 - INFO - compute | 3 | (0.4, 0.8) | 65 | 16 | (737, 677, 126) | 5784| 462.71999999999974 | 3103.947359608149 
2021-09-28 03:22:48,946 - INFO - compute | 3 | (0.4, 0.8500000000000001) | 65 | 19 | (737, 2, 677) | 6922| 415.3199999999996 | 3913.0785325105717 
2021-09-28 03:23:31,223 - INFO - compute | 3 | (0.4, 0.9) | 65 | 25 | (22, 677, 737) | 7970| 318.79999999999984 | 4561.1924833137255 
2021-09-28 03:24:17,594 - INFO - compute | 3 | (0.4, 0.9500000000000001) | 65 | 26 | (22, 677, 737) | 7970| 159.3999999999997 | 4561.1924833137255 
2021-09-28 03:25:16,003 - INFO - compute | 3 | (0.4, 1.0) | 65 | 28 | (22, 677, 737) | 7970| 0.0 | 4561.1924833137255 
2021-09-28 03:25:16,031 - INFO - compute | 3 | (0.45, 0.0) | 58 | 1 | {604} | 1610| 724.5 | 907.1148120537222 
2021-09-28 03:25:16,040 - INFO - load | 3 | (0.45, 0.05) | 58 | 1 | {604} | 1610| 688.275 | 907.1148120537222 
2021-09-28 03:25:16,050 - INFO - load | 3 | (0.45, 0.1) | 58 | 1 | {604} | 1610| 652.0500000000001 | 907.1148120537222 
2021-09-28 03:25:16,059 - INFO - load | 3 | (0.45, 0.15000000000000002) | 58 | 1 | {604} | 1610| 615.825 | 907.1148120537222 
2021-09-28 03:25:16,068 - INFO - load | 3 | (0.45, 0.2) | 58 | 1 | {604} | 1610| 579.6 | 907.1148120537222 
2021-09-28 03:25:16,102 - INFO - compute | 3 | (0.45, 0.25) | 58 | 2 | {604, 677} | 3463| 1168.7625 | 1960.5403237079056 
2021-09-28 03:25:16,143 - INFO - compute | 3 | (0.45, 0.30000000000000004) | 58 | 3 | {740, 677, 604} | 3834| 1207.7099999999998 | 2168.2234992545045 
2021-09-28 03:25:16,329 - INFO - compute | 3 | (0.45, 0.35000000000000003) | 58 | 5 | (677, 604, 637) | 4181| 1222.9424999999999 | 2373.53053326189 
2021-09-28 03:25:16,340 - INFO - load | 3 | (0.45, 0.4) | 58 | 5 | (677, 604, 637) | 4181| 1128.8700000000001 | 2373.53053326189 
2021-09-28 03:25:16,912 - INFO - compute | 3 | (0.45, 0.45) | 58 | 7 | (737, 677, 604) | 4614| 1141.965 | 2618.2359164055492 
2021-09-28 03:25:17,818 - INFO - compute | 3 | (0.45, 0.5) | 58 | 8 | (737, 677, 604) | 4614| 1038.15 | 2618.2359164055492 
2021-09-28 03:25:19,152 - INFO - compute | 3 | (0.45, 0.55) | 58 | 9 | (737, 677, 604) | 4614| 934.3349999999999 | 2618.2359164055492 
2021-09-28 03:25:23,701 - INFO - compute | 3 | (0.45, 0.6000000000000001) | 58 | 13 | (737, 677, 126) | 4667| 840.0599999999997 | 2639.3032075213455 
2021-09-28 03:25:23,717 - INFO - load | 3 | (0.45, 0.65) | 58 | 13 | (737, 677, 126) | 4667| 735.0524999999999 | 2639.3032075213455 
2021-09-28 03:25:31,105 - INFO - compute | 3 | (0.45, 0.7000000000000001) | 58 | 15 | (737, 677, 126) | 4667| 630.0449999999997 | 2639.3032075213455 
2021-09-28 03:25:46,520 - INFO - compute | 3 | (0.45, 0.75) | 58 | 19 | (737, 2, 677) | 5915| 665.4374999999999 | 3493.548704702443 
2021-09-28 03:26:22,574 - INFO - compute | 3 | (0.45, 0.8) | 58 | 25 | (22, 677, 737) | 6843| 615.8699999999998 | 4091.719262891821 
2021-09-28 03:27:04,569 - INFO - compute | 3 | (0.45, 0.8500000000000001) | 58 | 26 | (22, 677, 737) | 6843| 461.90249999999963 | 4091.719262891821 
2021-09-28 03:27:55,745 - INFO - compute | 3 | (0.45, 0.9) | 58 | 28 | (22, 677, 737) | 6843| 307.9349999999999 | 4091.719262891821 
2021-09-28 03:28:52,737 - INFO - compute | 3 | (0.45, 0.9500000000000001) | 58 | 29 | (22, 677, 737) | 6843| 153.96749999999975 | 4091.719262891821 
2021-09-28 03:30:01,841 - INFO - compute | 3 | (0.45, 1.0) | 58 | 31 | (22, 677, 737) | 6843| 0.0 | 4091.719262891821 
2021-09-28 03:30:01,865 - INFO - compute | 3 | (0.5, 0.0) | 45 | 1 | {604} | 1026| 513.0 | 628.6846031986396 
2021-09-28 03:30:01,876 - INFO - load | 3 | (0.5, 0.05) | 45 | 1 | {604} | 1026| 487.34999999999997 | 628.6846031986396 
2021-09-28 03:30:01,887 - INFO - load | 3 | (0.5, 0.1) | 45 | 1 | {604} | 1026| 461.7 | 628.6846031986396 
2021-09-28 03:30:01,898 - INFO - load | 3 | (0.5, 0.15000000000000002) | 45 | 1 | {604} | 1026| 436.05 | 628.6846031986396 
2021-09-28 03:30:01,928 - INFO - compute | 3 | (0.5, 0.2) | 45 | 2 | {604, 677} | 2207| 882.8000000000001 | 1361.4683936330068 
2021-09-28 03:30:01,939 - INFO - load | 3 | (0.5, 0.25) | 45 | 2 | {604, 677} | 2207| 827.625 | 1361.4683936330068 
2021-09-28 03:30:02,012 - INFO - compute | 3 | (0.5, 0.30000000000000004) | 45 | 4 | (154, 677, 604) | 2533| 886.55 | 1572.2480408915658 
2021-09-28 03:30:02,157 - INFO - compute | 3 | (0.5, 0.35000000000000003) | 45 | 5 | (677, 604, 637) | 2675| 869.3749999999999 | 1655.2222441437877 
2021-09-28 03:30:02,618 - INFO - compute | 3 | (0.5, 0.4) | 45 | 7 | (737, 677, 604) | 2938| 881.4 | 1818.7185072045104 
2021-09-28 03:30:03,360 - INFO - compute | 3 | (0.5, 0.45) | 45 | 8 | (737, 677, 604) | 2938| 807.95 | 1818.7185072045104 
2021-09-28 03:30:04,926 - INFO - compute | 3 | (0.5, 0.5) | 45 | 10 | (737, 677, 126) | 2942| 735.5 | 1816.3851631935147 
2021-09-28 03:30:08,443 - INFO - compute | 3 | (0.5, 0.55) | 45 | 13 | (737, 677, 126) | 2942| 661.9499999999999 | 1816.3851631935147 
2021-09-28 03:30:08,454 - INFO - load | 3 | (0.5, 0.6000000000000001) | 45 | 13 | (737, 677, 126) | 2942| 588.3999999999999 | 1816.3851631935147 
2021-09-28 03:30:15,259 - INFO - compute | 3 | (0.5, 0.65) | 45 | 16 | (737, 677, 126) | 2942| 514.85 | 1816.3851631935147 
2021-09-28 03:30:34,298 - INFO - compute | 3 | (0.5, 0.7000000000000001) | 45 | 22 | (22, 677, 737) | 5005| 750.7499999999999 | 3212.3228073419605 
2021-09-28 03:31:06,415 - INFO - compute | 3 | (0.5, 0.75) | 45 | 26 | (22, 677, 737) | 5005| 625.625 | 3212.3228073419605 
2021-09-28 03:31:46,315 - INFO - compute | 3 | (0.5, 0.8) | 45 | 28 | (22, 677, 737) | 5005| 500.4999999999999 | 3212.3228073419605 
2021-09-28 03:32:31,941 - INFO - compute | 3 | (0.5, 0.8500000000000001) | 45 | 29 | (22, 677, 737) | 5005| 375.3749999999998 | 3212.3228073419605 
2021-09-28 03:33:27,716 - INFO - compute | 3 | (0.5, 0.9) | 45 | 31 | (22, 677, 737) | 5005| 250.24999999999994 | 3212.3228073419605 
2021-09-28 03:34:45,979 - INFO - compute | 3 | (0.5, 0.9500000000000001) | 45 | 35 | (22, 677, 737) | 5005| 125.12499999999983 | 3212.3228073419605 
2021-09-28 03:37:24,259 - INFO - compute | 3 | (0.5, 1.0) | 45 | 44 | (22, 677, 737) | 5005| 0.0 | 3212.3228073419605 
2021-09-28 03:37:24,293 - INFO - compute | 3 | (0.55, 0.0) | 40 | 1 | {604} | 787| 432.85 | 502.29558003005275 
2021-09-28 03:37:24,304 - INFO - load | 3 | (0.55, 0.05) | 40 | 1 | {604} | 787| 411.20750000000004 | 502.29558003005275 
2021-09-28 03:37:24,316 - INFO - load | 3 | (0.55, 0.1) | 40 | 1 | {604} | 787| 389.56500000000005 | 502.29558003005275 
2021-09-28 03:37:24,327 - INFO - load | 3 | (0.55, 0.15000000000000002) | 40 | 1 | {604} | 787| 367.9225 | 502.29558003005275 
2021-09-28 03:37:24,356 - INFO - compute | 3 | (0.55, 0.2) | 40 | 2 | {604, 677} | 1754| 771.7600000000001 | 1120.898841279456 
2021-09-28 03:37:24,390 - INFO - compute | 3 | (0.55, 0.25) | 40 | 3 | {740, 677, 604} | 1933| 797.3625000000001 | 1234.4563732542022 
2021-09-28 03:37:24,519 - INFO - compute | 3 | (0.55, 0.30000000000000004) | 40 | 5 | (677, 604, 637) | 2138| 823.13 | 1369.8609469824928 
2021-09-28 03:37:24,766 - INFO - compute | 3 | (0.55, 0.35000000000000003) | 40 | 6 | (677, 604, 637) | 2138| 764.335 | 1369.8609469824928 
2021-09-28 03:37:25,438 - INFO - compute | 3 | (0.55, 0.4) | 40 | 8 | (737, 677, 604) | 2351| 775.83 | 1506.5889774487766 
2021-09-28 03:37:26,442 - INFO - compute | 3 | (0.55, 0.45) | 40 | 9 | (737, 677, 604) | 2351| 711.1775 | 1506.5889774487766 
2021-09-28 03:37:29,895 - INFO - compute | 3 | (0.55, 0.5) | 40 | 13 | (737, 677, 604) | 2351| 646.5250000000001 | 1506.5889774487766 
2021-09-28 03:37:33,879 - INFO - compute | 3 | (0.55, 0.55) | 40 | 14 | (737, 677, 604) | 2351| 581.8725 | 1506.5889774487766 
2021-09-28 03:37:41,715 - INFO - compute | 3 | (0.55, 0.6000000000000001) | 40 | 17 | (737, 677, 604) | 2351| 517.2199999999999 | 1506.5889774487766 
2021-09-28 03:38:02,666 - INFO - compute | 3 | (0.55, 0.65) | 40 | 23 | (22, 677, 737) | 4284| 824.6700000000001 | 2829.9407790131504 
2021-09-28 03:38:38,789 - INFO - compute | 3 | (0.55, 0.7000000000000001) | 40 | 28 | (22, 677, 737) | 4284| 706.8599999999999 | 2829.9407790131504 
2021-09-28 03:39:16,584 - INFO - compute | 3 | (0.55, 0.75) | 40 | 29 | (22, 677, 737) | 4284| 589.0500000000001 | 2829.9407790131504 
2021-09-28 03:40:01,384 - INFO - compute | 3 | (0.55, 0.8) | 40 | 30 | (22, 677, 737) | 4284| 471.23999999999995 | 2829.9407790131504 
2021-09-28 03:41:12,166 - INFO - compute | 3 | (0.55, 0.8500000000000001) | 40 | 34 | (22, 677, 737) | 4284| 353.42999999999984 | 2829.9407790131504 
2021-09-28 03:43:11,590 - INFO - compute | 3 | (0.55, 0.9) | 40 | 41 | (22, 677, 737) | 4284| 235.61999999999998 | 2829.9407790131504 
2021-09-28 03:46:11,933 - INFO - compute | 3 | (0.55, 0.9500000000000001) | 40 | 48 | (22, 677, 737) | 4284| 117.80999999999986 | 2829.9407790131504 
2021-09-28 03:50:44,802 - INFO - compute | 3 | (0.55, 1.0) | 40 | 55 | (22, 677, 737) | 4284| 0.0 | 2829.9407790131504 
2021-09-28 03:50:44,827 - INFO - compute | 3 | (0.6000000000000001, 0.0) | 31 | 1 | {604} | 513| 307.80000000000007 | 344.1252650001748 
2021-09-28 03:50:44,840 - INFO - load | 3 | (0.6000000000000001, 0.05) | 31 | 1 | {604} | 513| 292.41 | 344.1252650001748 
2021-09-28 03:50:44,854 - INFO - load | 3 | (0.6000000000000001, 0.1) | 31 | 1 | {604} | 513| 277.02000000000004 | 344.1252650001748 
2021-09-28 03:50:44,867 - INFO - load | 3 | (0.6000000000000001, 0.15000000000000002) | 31 | 1 | {604} | 513| 261.63 | 344.1252650001748 
2021-09-28 03:50:44,895 - INFO - compute | 3 | (0.6000000000000001, 0.2) | 31 | 2 | {604, 677} | 1169| 561.1200000000001 | 782.5881300306353 
2021-09-28 03:50:44,950 - INFO - compute | 3 | (0.6000000000000001, 0.25) | 31 | 4 | (154, 677, 604) | 1380| 621.0000000000001 | 928.8428680007924 
2021-09-28 03:50:45,058 - INFO - compute | 3 | (0.6000000000000001, 0.30000000000000004) | 31 | 5 | (677, 604, 637) | 1428| 599.7600000000001 | 959.1465327202416 
2021-09-28 03:50:45,575 - INFO - compute | 3 | (0.6000000000000001, 0.35000000000000003) | 31 | 8 | (737, 677, 604) | 1567| 611.13 | 1052.825024898368 
2021-09-28 03:50:45,588 - INFO - load | 3 | (0.6000000000000001, 0.4) | 31 | 8 | (737, 677, 604) | 1567| 564.1200000000001 | 1052.825024898368 
2021-09-28 03:50:48,039 - INFO - compute | 3 | (0.6000000000000001, 0.45) | 31 | 13 | (737, 677, 604) | 1567| 517.11 | 1052.825024898368 
2021-09-28 03:50:48,052 - INFO - load | 3 | (0.6000000000000001, 0.5) | 31 | 13 | (737, 677, 604) | 1567| 470.1000000000001 | 1052.825024898368 
2021-09-28 03:50:54,275 - INFO - compute | 3 | (0.6000000000000001, 0.55) | 31 | 17 | (737, 677, 604) | 1567| 423.09000000000003 | 1052.825024898368 
2021-09-28 03:51:13,290 - INFO - compute | 3 | (0.6000000000000001, 0.6000000000000001) | 31 | 25 | (22, 677, 737) | 3146| 755.04 | 2172.263761808524 
2021-09-28 03:51:39,254 - INFO - compute | 3 | (0.6000000000000001, 0.65) | 31 | 28 | (22, 677, 737) | 3146| 660.6600000000001 | 2172.263761808524 
2021-09-28 03:52:08,184 - INFO - compute | 3 | (0.6000000000000001, 0.7000000000000001) | 31 | 29 | (22, 677, 737) | 3146| 566.28 | 2172.263761808524 
2021-09-28 03:52:43,526 - INFO - compute | 3 | (0.6000000000000001, 0.75) | 31 | 31 | (22, 677, 737) | 3146| 471.9000000000001 | 2172.263761808524 
2021-09-28 03:53:34,863 - INFO - compute | 3 | (0.6000000000000001, 0.8) | 31 | 35 | (22, 677, 737) | 3146| 377.52 | 2172.263761808524 
2021-09-28 03:55:24,988 - INFO - compute | 3 | (0.6000000000000001, 0.8500000000000001) | 31 | 45 | (22, 677, 737) | 3146| 283.13999999999993 | 2172.263761808524 
2021-09-28 03:58:47,815 - INFO - compute | 3 | (0.6000000000000001, 0.9) | 31 | 54 | (22, 677, 737) | 3146| 188.75999999999982 | 2172.263761808524 
2021-09-28 04:45:04,241 - INFO - compute | 3 | (0.6000000000000001, 0.9500000000000001) | 31 | 56 | (22, 677, 737) | 3146| 94.37999999999974 | 2172.263761808524 
2021-09-28 04:54:45,477 - INFO - compute | 3 | (0.6000000000000001, 1.0) | 31 | 62 | (677, 737, 22) | 3146| 0.0 | 2172.263761808524 
2021-09-28 04:54:45,500 - INFO - compute | 3 | (0.65, 0.0) | 18 | 1 | {604} | 200| 130.0 | 148.6275728313667 
2021-09-28 04:54:45,513 - INFO - load | 3 | (0.65, 0.05) | 18 | 1 | {604} | 200| 123.50000000000001 | 148.6275728313667 
2021-09-28 04:54:45,526 - INFO - load | 3 | (0.65, 0.1) | 18 | 1 | {604} | 200| 117.0 | 148.6275728313667 
2021-09-28 04:54:45,547 - INFO - compute | 3 | (0.65, 0.15000000000000002) | 18 | 2 | {604, 677} | 479| 264.6475 | 353.1829957250521 
2021-09-28 04:54:45,571 - INFO - compute | 3 | (0.65, 0.2) | 18 | 3 | {740, 677, 604} | 524| 272.48 | 386.13179827371323 
2021-09-28 04:54:45,639 - INFO - compute | 3 | (0.65, 0.25) | 18 | 5 | (677, 604, 637) | 597| 291.0375 | 441.9911654474717 
2021-09-28 04:54:45,754 - INFO - compute | 3 | (0.65, 0.30000000000000004) | 18 | 6 | (677, 604, 637) | 597| 271.635 | 441.9911654474717 
2021-09-28 04:54:46,048 - INFO - compute | 3 | (0.65, 0.35000000000000003) | 18 | 8 | (737, 677, 604) | 659| 278.4275 | 487.98780343976057 
2021-09-28 04:54:47,109 - INFO - compute | 3 | (0.65, 0.4) | 18 | 12 | (737, 677, 604) | 659| 257.01 | 487.98780343976057 
2021-09-28 04:54:48,468 - INFO - compute | 3 | (0.65, 0.45) | 18 | 13 | (737, 677, 604) | 659| 235.5925 | 487.98780343976057 
2021-09-28 04:54:51,118 - INFO - compute | 3 | (0.65, 0.5) | 18 | 16 | (737, 677, 604) | 659| 214.175 | 487.98780343976057 
2021-09-28 04:54:59,411 - INFO - compute | 3 | (0.65, 0.55) | 18 | 23 | (2, 22, 677) | 1588| 464.48999999999995 | 1203.8150422544236 
2021-09-28 04:55:14,677 - INFO - compute | 3 | (0.65, 0.6000000000000001) | 18 | 28 | (22, 411, 677) | 1588| 412.87999999999994 | 1207.2893314132955 
2021-09-28 04:55:43,210 - INFO - compute | 3 | (0.65, 0.65) | 18 | 29 | (22, 411, 677) | 1588| 361.27 | 1207.2893314132955 
2021-09-28 04:56:06,201 - INFO - compute | 3 | (0.65, 0.7000000000000001) | 18 | 32 | (22, 411, 677) | 1588| 309.6599999999999 | 1207.2893314132955 
2021-09-28 04:57:20,244 - INFO - compute | 3 | (0.65, 0.75) | 18 | 40 | (22, 411, 677) | 1588| 258.04999999999995 | 1207.2893314132955 
2021-09-28 04:59:06,049 - INFO - compute | 3 | (0.65, 0.8) | 18 | 48 | (411, 22, 677) | 1588| 206.44 | 1207.2893314132955 
2021-09-28 05:39:29,236 - INFO - compute | 3 | (0.65, 0.8500000000000001) | 18 | 55 | (411, 22, 677) | 1588| 154.82999999999987 | 1207.2893314132955 
2021-09-28 06:27:47,319 - INFO - compute | 3 | (0.65, 0.9) | 18 | 61 | (411, 677, 22) | 1588| 103.21999999999991 | 1207.2893314132955 
2021-09-28 06:45:50,394 - INFO - compute | 3 | (0.65, 0.9500000000000001) | 18 | 68 | (411, 677, 22) | 1588| 51.60999999999996 | 1207.2893314132955 
2021-09-28 07:35:45,538 - INFO - compute | 3 | (0.65, 1.0) | 18 | 80 | (411, 677, 22) | 1588| 0.0 | 1207.2893314132955 
2021-09-28 07:35:45,574 - INFO - compute | 3 | (0.7000000000000001, 0.0) | 13 | 1 | {604} | 109| 76.30000000000001 | 86.5261607590071 
2021-09-28 07:35:45,601 - INFO - load | 3 | (0.7000000000000001, 0.05) | 13 | 1 | {604} | 109| 72.485 | 86.5261607590071 
2021-09-28 07:35:45,630 - INFO - load | 3 | (0.7000000000000001, 0.1) | 13 | 1 | {604} | 109| 68.67000000000002 | 86.5261607590071 
2021-09-28 07:35:45,669 - INFO - compute | 3 | (0.7000000000000001, 0.15000000000000002) | 13 | 2 | {604, 677} | 257| 152.91500000000002 | 200.90664713625085 
2021-09-28 07:35:45,711 - INFO - compute | 3 | (0.7000000000000001, 0.2) | 13 | 3 | {740, 677, 604} | 280| 156.8 | 218.7088150415264 
2021-09-28 07:35:45,819 - INFO - compute | 3 | (0.7000000000000001, 0.25) | 13 | 5 | (677, 154, 604) | 329| 172.725 | 258.0368444885788 
2021-09-28 07:35:46,238 - INFO - compute | 3 | (0.7000000000000001, 0.30000000000000004) | 13 | 8 | (737, 677, 604) | 365| 178.85 | 286.10914876702117 
2021-09-28 07:35:46,267 - INFO - load | 3 | (0.7000000000000001, 0.35000000000000003) | 13 | 8 | (737, 677, 604) | 365| 166.07500000000002 | 286.10914876702117 
2021-09-28 07:35:48,228 - INFO - compute | 3 | (0.7000000000000001, 0.4) | 13 | 13 | (737, 677, 604) | 365| 153.3 | 286.10914876702117 
2021-09-28 07:35:51,306 - INFO - compute | 3 | (0.7000000000000001, 0.45) | 13 | 15 | (737, 677, 604) | 365| 140.525 | 286.10914876702117 
2021-09-28 07:36:01,662 - INFO - compute | 3 | (0.7000000000000001, 0.5) | 13 | 22 | (2, 22, 677) | 986| 345.1 | 792.2389973965917 
2021-09-28 07:36:24,523 - INFO - compute | 3 | (0.7000000000000001, 0.55) | 13 | 28 | (22, 411, 677) | 995| 313.425 | 801.8708014944845 
2021-09-28 07:36:49,989 - INFO - compute | 3 | (0.7000000000000001, 0.6000000000000001) | 13 | 29 | (22, 411, 677) | 995| 278.59999999999997 | 801.8708014944845 
2021-09-28 07:37:23,515 - INFO - compute | 3 | (0.7000000000000001, 0.65) | 13 | 32 | (22, 411, 677) | 995| 243.775 | 801.8708014944845 
2021-09-28 07:38:36,241 - INFO - compute | 3 | (0.7000000000000001, 0.7000000000000001) | 13 | 41 | (22, 411, 677) | 995| 208.94999999999996 | 801.8708014944845 
2021-09-28 07:40:37,435 - INFO - compute | 3 | (0.7000000000000001, 0.75) | 13 | 48 | (411, 22, 677) | 995| 174.12500000000006 | 801.8708014944845 
2021-09-28 09:43:39,067 - INFO - compute | 3 | (0.7000000000000001, 0.8) | 13 | 55 | (411, 22, 677) | 995| 139.3 | 801.8708014944845 
2021-09-28 09:49:09,323 - INFO - compute | 3 | (0.7000000000000001, 0.8500000000000001) | 13 | 62 | (411, 677, 22) | 995| 104.47499999999998 | 801.8708014944845 
2021-09-28 10:30:46,317 - INFO - compute | 3 | (0.7000000000000001, 0.9) | 13 | 73 | (411, 677, 22) | 995| 69.64999999999995 | 801.8708014944845 
2021-09-28 10:41:12,617 - INFO - compute | 3 | (0.7000000000000001, 0.9500000000000001) | 13 | 81 | (411, 677, 22) | 995| 34.82499999999992 | 801.8708014944845 
2021-09-28 10:48:57,803 - INFO - compute | 3 | (0.7000000000000001, 1.0) | 13 | 92 | (22, 677, 411) | 995| 0.0 | 801.8708014944845 
2021-09-28 10:48:57,823 - INFO - compute | 3 | (0.75, 0.0) | 9 | 1 | {604} | 60| 45.0 | 50.971454967442845 
2021-09-28 10:48:57,839 - INFO - load | 3 | (0.75, 0.05) | 9 | 1 | {604} | 60| 42.75 | 50.971454967442845 
2021-09-28 10:48:57,856 - INFO - load | 3 | (0.75, 0.1) | 9 | 1 | {604} | 60| 40.5 | 50.971454967442845 
2021-09-28 10:48:57,876 - INFO - compute | 3 | (0.75, 0.15000000000000002) | 9 | 2 | {604, 677} | 127| 80.96249999999999 | 107.10211971018882 
2021-09-28 10:48:57,906 - INFO - compute | 3 | (0.75, 0.2) | 9 | 4 | (154, 677, 604) | 169| 101.39999999999999 | 142.3117071835432 
2021-09-28 10:48:57,978 - INFO - compute | 3 | (0.75, 0.25) | 9 | 6 | (677, 154, 604) | 169| 95.0625 | 142.3117071835432 
2021-09-28 10:48:58,145 - INFO - compute | 3 | (0.75, 0.30000000000000004) | 9 | 8 | (737, 677, 604) | 182| 95.54999999999998 | 154.00156888839706 
2021-09-28 10:48:58,743 - INFO - compute | 3 | (0.75, 0.35000000000000003) | 9 | 12 | (737, 677, 604) | 182| 88.725 | 154.00156888839706 
2021-09-28 10:48:59,500 - INFO - compute | 3 | (0.75, 0.4) | 9 | 13 | (737, 677, 604) | 182| 81.89999999999999 | 154.00156888839706 
2021-09-28 10:49:01,989 - INFO - compute | 3 | (0.75, 0.45) | 9 | 19 | (737, 2, 677) | 374| 154.275 | 315.48804441519417 
2021-09-28 10:49:08,668 - INFO - compute | 3 | (0.75, 0.5) | 9 | 26 | (22, 411, 677) | 599| 224.625 | 510.8323211394425 
2021-09-28 10:49:18,046 - INFO - compute | 3 | (0.75, 0.55) | 9 | 29 | (22, 411, 677) | 599| 202.16249999999997 | 510.8323211394425 
2021-09-28 10:49:29,446 - INFO - compute | 3 | (0.75, 0.6000000000000001) | 9 | 31 | (22, 411, 677) | 599| 179.69999999999996 | 510.8323211394425 
2021-09-28 10:49:54,196 - INFO - compute | 3 | (0.75, 0.65) | 9 | 40 | (22, 411, 677) | 599| 157.23749999999998 | 510.8323211394425 
2021-09-28 10:50:38,665 - INFO - compute | 3 | (0.75, 0.7000000000000001) | 9 | 48 | (411, 22, 677) | 599| 134.77499999999998 | 510.8323211394425 
2021-09-28 10:51:44,323 - INFO - compute | 3 | (0.75, 0.75) | 9 | 55 | (411, 22, 677) | 599| 112.3125 | 510.8323211394425 
2021-09-28 10:53:18,448 - INFO - compute | 3 | (0.75, 0.8) | 9 | 62 | (411, 677, 22) | 599| 89.84999999999995 | 510.8323211394425 
2021-09-28 10:56:05,802 - INFO - compute | 3 | (0.75, 0.8500000000000001) | 9 | 75 | (411, 677, 22) | 599| 67.38749999999996 | 510.8323211394425 
2021-09-28 10:59:37,832 - INFO - compute | 3 | (0.75, 0.9) | 9 | 82 | (411, 677, 22) | 599| 44.924999999999976 | 510.8323211394425 
2021-09-28 13:04:02,876 - INFO - compute | 3 | (0.75, 0.9500000000000001) | 9 | 95 | (22, 677, 411) | 599| 22.462499999999988 | 510.8323211394425 
2021-09-28 13:34:59,704 - INFO - compute | 3 | (0.75, 1.0) | 9 | 122 | (22, 677, 411) | 599| 0.0 | 510.8323211394425 
2021-09-28 13:34:59,725 - INFO - compute | 3 | (0.8, 0.0) | 8 | 1 | {604} | 52| 41.6 | 44.659902124660746 
2021-09-28 13:34:59,744 - INFO - load | 3 | (0.8, 0.05) | 8 | 1 | {604} | 52| 39.52 | 44.659902124660746 
2021-09-28 13:34:59,763 - INFO - load | 3 | (0.8, 0.1) | 8 | 1 | {604} | 52| 37.44 | 44.659902124660746 
2021-09-28 13:34:59,785 - INFO - compute | 3 | (0.8, 0.15000000000000002) | 8 | 2 | {604, 677} | 106| 72.08 | 90.53429349788583 
2021-09-28 13:34:59,829 - INFO - compute | 3 | (0.8, 0.2) | 8 | 5 | (677, 604, 637) | 142| 90.88 | 121.77447247492692 
2021-09-28 13:34:59,933 - INFO - compute | 3 | (0.8, 0.25) | 8 | 7 | (737, 677, 604) | 154| 92.40000000000002 | 131.91113393865973 
2021-09-28 13:35:00,088 - INFO - compute | 3 | (0.8, 0.30000000000000004) | 8 | 8 | (737, 677, 604) | 154| 86.24000000000001 | 131.91113393865973 
2021-09-28 13:35:00,772 - INFO - compute | 3 | (0.8, 0.35000000000000003) | 8 | 13 | (737, 677, 126) | 155| 80.60000000000001 | 132.07630621789423 
2021-09-28 13:35:02,154 - INFO - compute | 3 | (0.8, 0.4) | 8 | 16 | (737, 677, 126) | 155| 74.39999999999999 | 132.07630621789423 
2021-09-28 13:35:07,360 - INFO - compute | 3 | (0.8, 0.45) | 8 | 25 | (22, 411, 677) | 488| 214.72 | 423.25952544584095 
2021-09-28 13:35:14,933 - INFO - compute | 3 | (0.8, 0.5) | 8 | 28 | (22, 411, 677) | 488| 195.20000000000002 | 423.25952544584095 
2021-09-28 13:35:24,335 - INFO - compute | 3 | (0.8, 0.55) | 8 | 30 | (22, 411, 677) | 488| 175.68 | 423.25952544584095 
2021-09-28 13:35:39,234 - INFO - compute | 3 | (0.8, 0.6000000000000001) | 8 | 35 | (22, 411, 677) | 488| 156.15999999999997 | 423.25952544584095 
2021-09-28 13:36:17,726 - INFO - compute | 3 | (0.8, 0.65) | 8 | 48 | (411, 22, 677) | 488| 136.64000000000001 | 423.25952544584095 
2021-09-28 13:37:13,337 - INFO - compute | 3 | (0.8, 0.7000000000000001) | 8 | 55 | (411, 22, 677) | 488| 117.11999999999999 | 423.25952544584095 
2021-09-28 13:38:31,717 - INFO - compute | 3 | (0.8, 0.75) | 8 | 62 | (411, 677, 22) | 488| 97.59999999999998 | 423.25952544584095 
2021-09-28 13:40:50,782 - INFO - compute | 3 | (0.8, 0.8) | 8 | 75 | (411, 677, 22) | 488| 78.07999999999996 | 423.25952544584095 
2021-09-28 13:43:59,301 - INFO - compute | 3 | (0.8, 0.8500000000000001) | 8 | 83 | (411, 677, 22) | 488| 58.559999999999945 | 423.25952544584095 
2021-09-28 13:49:00,068 - INFO - compute | 3 | (0.8, 0.9) | 8 | 97 | (22, 677, 411) | 488| 39.03999999999998 | 423.25952544584095 
2021-09-28 13:58:19,509 - INFO - compute | 3 | (0.8, 0.9500000000000001) | 8 | 122 | (22, 677, 411) | 488| 19.519999999999964 | 423.25952544584095 
2021-09-28 13:58:19,528 - INFO - load | 3 | (0.8, 1.0) | 8 | 122 | (22, 677, 411) | 488| 0.0 | 423.25952544584095 
2021-09-28 13:58:19,548 - INFO - compute | 3 | (0.8500000000000001, 0.0) | 4 | 1 | {604} | 18| 15.3 | 17.00693732600263 
2021-09-28 13:58:19,567 - INFO - load | 3 | (0.8500000000000001, 0.05) | 4 | 1 | {604} | 18| 14.535000000000002 | 17.00693732600263 
2021-09-28 13:58:19,586 - INFO - load | 3 | (0.8500000000000001, 0.1) | 4 | 1 | {604} | 18| 13.770000000000003 | 17.00693732600263 
2021-09-28 13:58:19,607 - INFO - compute | 3 | (0.8500000000000001, 0.15000000000000002) | 4 | 2 | {604, 677} | 33| 23.8425 | 31.358469522067818 
2021-09-28 13:58:19,639 - INFO - compute | 3 | (0.8500000000000001, 0.2) | 4 | 5 | (677, 604, 637) | 47| 31.96 | 44.68338521706718 
2021-09-28 13:58:19,724 - INFO - compute | 3 | (0.8500000000000001, 0.25) | 4 | 8 | (737, 677, 604) | 51| 32.5125 | 48.28182986988783 
2021-09-28 13:58:19,879 - INFO - compute | 3 | (0.8500000000000001, 0.30000000000000004) | 4 | 10 | (737, 677, 604) | 51| 30.345 | 48.28182986988783 
2021-09-28 13:58:20,212 - INFO - compute | 3 | (0.8500000000000001, 0.35000000000000003) | 4 | 13 | (737, 677, 604) | 51| 28.1775 | 48.28182986988783 
2021-09-28 13:58:21,275 - INFO - compute | 3 | (0.8500000000000001, 0.4) | 4 | 19 | (737, 2, 604) | 104| 53.04 | 97.17700992440214 
2021-09-28 13:58:24,112 - INFO - compute | 3 | (0.8500000000000001, 0.45) | 4 | 26 | (2, 22, 411) | 206| 96.305 | 192.99498174119674 
2021-09-28 13:58:28,089 - INFO - compute | 3 | (0.8500000000000001, 0.5) | 4 | 29 | (2, 22, 411) | 206| 87.55000000000001 | 192.99498174119674 
2021-09-28 13:58:34,509 - INFO - compute | 3 | (0.8500000000000001, 0.55) | 4 | 34 | (405, 22, 411) | 208| 79.56 | 195.0982044054095 
2021-09-28 13:58:49,556 - INFO - compute | 3 | (0.8500000000000001, 0.6000000000000001) | 4 | 45 | (405, 411, 22) | 208| 70.72 | 195.0982044054095 
2021-09-28 13:59:17,620 - INFO - compute | 3 | (0.8500000000000001, 0.65) | 4 | 55 | (405, 411, 22) | 208| 61.879999999999995 | 195.0982044054095 
2021-09-28 14:00:00,100 - INFO - compute | 3 | (0.8500000000000001, 0.7000000000000001) | 4 | 62 | (411, 405, 22) | 208| 53.04 | 195.0982044054095 
2021-09-28 14:01:12,662 - INFO - compute | 3 | (0.8500000000000001, 0.75) | 4 | 75 | (411, 405, 22) | 208| 44.2 | 195.0982044054095 
2021-09-28 14:02:52,153 - INFO - compute | 3 | (0.8500000000000001, 0.8) | 4 | 83 | (411, 22, 405) | 208| 35.359999999999985 | 195.0982044054095 
2021-09-28 14:05:42,658 - INFO - compute | 3 | (0.8500000000000001, 0.8500000000000001) | 4 | 99 | (22, 405, 411) | 208| 26.51999999999999 | 195.0982044054095 
2021-09-28 14:10:37,857 - INFO - compute | 3 | (0.8500000000000001, 0.9) | 4 | 122 | (22, 405, 411) | 208| 17.679999999999993 | 195.0982044054095 
2021-09-28 14:10:37,876 - INFO - load | 3 | (0.8500000000000001, 0.9500000000000001) | 4 | 122 | (22, 405, 411) | 208| 8.839999999999996 | 195.0982044054095 
2021-09-28 14:10:37,895 - INFO - load | 3 | (0.8500000000000001, 1.0) | 4 | 122 | (22, 405, 411) | 208| 0.0 | 195.0982044054095 
2021-09-28 14:10:37,913 - INFO - load | 3 | (0.9, 0.0) | 4 | 1 | {604} | 18| 16.2 | 17.00693732600263 
2021-09-28 14:10:37,932 - INFO - load | 3 | (0.9, 0.05) | 4 | 1 | {604} | 18| 15.39 | 17.00693732600263 
2021-09-28 14:10:37,950 - INFO - load | 3 | (0.9, 0.1) | 4 | 1 | {604} | 18| 14.580000000000002 | 17.00693732600263 
2021-09-28 14:10:37,971 - INFO - compute | 3 | (0.9, 0.15000000000000002) | 4 | 3 | {740, 677, 604} | 36| 27.54 | 34.20375746951042 
2021-09-28 14:10:37,989 - INFO - load | 3 | (0.9, 0.2) | 4 | 5 | (677, 604, 637) | 47| 33.839999999999996 | 44.68338521706718 
2021-09-28 14:10:38,008 - INFO - load | 3 | (0.9, 0.25) | 4 | 8 | (737, 677, 604) | 51| 34.425000000000004 | 48.28182986988783 
2021-09-28 14:10:38,026 - INFO - load | 3 | (0.9, 0.30000000000000004) | 4 | 13 | (737, 677, 604) | 51| 32.129999999999995 | 48.28182986988783 
2021-09-28 14:10:38,562 - INFO - compute | 3 | (0.9, 0.35000000000000003) | 4 | 15 | (737, 677, 604) | 51| 29.834999999999997 | 48.28182986988783 
2021-09-28 14:10:41,173 - INFO - compute | 3 | (0.9, 0.4) | 4 | 25 | (2, 22, 411) | 206| 111.24000000000001 | 192.99498174119674 
2021-09-28 14:10:44,864 - INFO - compute | 3 | (0.9, 0.45) | 4 | 28 | (2, 22, 411) | 206| 101.97 | 192.99498174119674 
2021-09-28 14:10:49,924 - INFO - compute | 3 | (0.9, 0.5) | 4 | 31 | (2, 22, 411) | 206| 92.7 | 192.99498174119674 
2021-09-28 14:11:01,668 - INFO - compute | 3 | (0.9, 0.55) | 4 | 41 | (405, 22, 411) | 208| 84.24 | 195.0982044054095 
2021-09-28 14:11:29,110 - INFO - compute | 3 | (0.9, 0.6000000000000001) | 4 | 54 | (405, 411, 22) | 208| 74.87999999999997 | 195.0982044054095 
2021-09-28 14:12:08,446 - INFO - compute | 3 | (0.9, 0.65) | 4 | 61 | (411, 405, 22) | 208| 65.51999999999998 | 195.0982044054095 
2021-09-28 14:13:16,370 - INFO - compute | 3 | (0.9, 0.7000000000000001) | 4 | 73 | (411, 405, 22) | 208| 56.15999999999998 | 195.0982044054095 
2021-09-28 14:14:49,718 - INFO - compute | 3 | (0.9, 0.75) | 4 | 82 | (411, 22, 405) | 208| 46.8 | 195.0982044054095 
2021-09-28 14:17:24,187 - INFO - compute | 3 | (0.9, 0.8) | 4 | 97 | (22, 405, 411) | 208| 37.43999999999998 | 195.0982044054095 
2021-09-28 14:17:24,215 - INFO - load | 3 | (0.9, 0.8500000000000001) | 4 | 122 | (22, 405, 411) | 208| 28.079999999999977 | 195.0982044054095 
2021-09-28 14:17:24,233 - INFO - load | 3 | (0.9, 0.9) | 4 | 122 | (22, 405, 411) | 208| 18.71999999999999 | 195.0982044054095 
2021-09-28 14:17:24,250 - INFO - load | 3 | (0.9, 0.9500000000000001) | 4 | 122 | (22, 405, 411) | 208| 9.359999999999985 | 195.0982044054095 
2021-09-28 14:17:24,268 - INFO - load | 3 | (0.9, 1.0) | 4 | 122 | (22, 405, 411) | 208| 0.0 | 195.0982044054095 
2021-09-28 14:17:24,287 - INFO - compute | 3 | (0.9500000000000001, 0.0) | 2 | 1 | {604} | 9| 8.55 | 8.643694888699928 
2021-09-28 14:17:24,305 - INFO - load | 3 | (0.9500000000000001, 0.05) | 2 | 1 | {604} | 9| 8.1225 | 8.643694888699928 
2021-09-28 14:17:24,325 - INFO - compute | 3 | (0.9500000000000001, 0.1) | 2 | 2 | {604, 677} | 20| 17.1 | 19.289930575778403 
2021-09-28 14:17:24,346 - INFO - compute | 3 | (0.9500000000000001, 0.15000000000000002) | 2 | 4 | (154, 677, 604) | 25| 20.1875 | 24.045551637176906 
2021-09-28 14:17:24,377 - INFO - compute | 3 | (0.9500000000000001, 0.2) | 2 | 6 | (677, 604, 637) | 31| 23.56 | 29.835873889037728 
2021-09-28 14:17:24,426 - INFO - compute | 3 | (0.9500000000000001, 0.25) | 2 | 8 | (737, 677, 637) | 33| 23.5125 | 31.671260731051035 
2021-09-28 14:17:24,600 - INFO - compute | 3 | (0.9500000000000001, 0.30000000000000004) | 2 | 13 | (737, 677, 637) | 33| 21.945 | 31.671260731051035 
2021-09-28 14:17:25,053 - INFO - compute | 3 | (0.9500000000000001, 0.35000000000000003) | 2 | 18 | (737, 677, 637) | 33| 20.377499999999998 | 31.671260731051035 
2021-09-28 14:17:26,458 - INFO - compute | 3 | (0.9500000000000001, 0.4) | 2 | 26 | (22, 411, 677) | 63| 35.910000000000004 | 60.489148825262966 
2021-09-28 14:17:28,406 - INFO - compute | 3 | (0.9500000000000001, 0.45) | 2 | 29 | (22, 411, 677) | 63| 32.9175 | 60.489148825262966 
2021-09-28 14:17:31,880 - INFO - compute | 3 | (0.9500000000000001, 0.5) | 2 | 35 | (22, 411, 677) | 63| 29.925 | 60.489148825262966 
2021-09-28 14:17:41,162 - INFO - compute | 3 | (0.9500000000000001, 0.55) | 2 | 48 | (411, 22, 677) | 63| 26.9325 | 60.489148825262966 
2021-09-28 14:17:55,610 - INFO - compute | 3 | (0.9500000000000001, 0.6000000000000001) | 2 | 56 | (411, 22, 677) | 63| 23.939999999999994 | 60.489148825262966 
2021-09-28 14:18:21,600 - INFO - compute | 3 | (0.9500000000000001, 0.65) | 2 | 68 | (411, 677, 22) | 63| 20.9475 | 60.489148825262966 
2021-09-28 14:19:05,795 - INFO - compute | 3 | (0.9500000000000001, 0.7000000000000001) | 2 | 81 | (411, 677, 22) | 63| 17.954999999999995 | 60.489148825262966 
2021-09-28 14:20:16,704 - INFO - compute | 3 | (0.9500000000000001, 0.75) | 2 | 95 | (22, 677, 411) | 63| 14.962500000000002 | 60.489148825262966 
2021-09-28 14:22:36,356 - INFO - compute | 3 | (0.9500000000000001, 0.8) | 2 | 122 | (22, 677, 411) | 63| 11.969999999999997 | 60.489148825262966 
2021-09-28 14:22:36,375 - INFO - load | 3 | (0.9500000000000001, 0.8500000000000001) | 2 | 122 | (22, 677, 411) | 63| 8.977499999999997 | 60.489148825262966 
2021-09-28 14:22:36,395 - INFO - load | 3 | (0.9500000000000001, 0.9) | 2 | 122 | (22, 677, 411) | 63| 5.9849999999999985 | 60.489148825262966 
2021-09-28 14:22:36,414 - INFO - load | 3 | (0.9500000000000001, 0.9500000000000001) | 2 | 122 | (22, 677, 411) | 63| 2.9924999999999993 | 60.489148825262966 
2021-09-28 14:22:36,433 - INFO - load | 3 | (0.9500000000000001, 1.0) | 2 | 122 | (22, 677, 411) | 63| 0.0 | 60.489148825262966 
2021-09-28 14:22:36,453 - INFO - compute | 3 | (1.0, 0.0) | 0 | 1 | {604} | 0| 0.0 | 0 
2021-09-28 14:22:36,472 - INFO - load | 3 | (1.0, 0.05) | 0 | 1 | {604} | 0| 0.0 | 0 
2021-09-28 14:22:36,492 - INFO - compute | 3 | (1.0, 0.1) | 0 | 2 | {604, 677} | 0| 0.0 | 0 
2021-09-28 14:22:36,512 - INFO - compute | 3 | (1.0, 0.15000000000000002) | 0 | 4 | (740, 677, 604) | 0| 0.0 | 0 
2021-09-28 14:22:36,531 - INFO - compute | 3 | (1.0, 0.2) | 0 | 7 | (778, 604, 637) | 0| 0.0 | 0 
2021-09-28 14:22:36,551 - INFO - compute | 3 | (1.0, 0.25) | 0 | 10 | (778, 747, 637) | 0| 0.0 | 0 
2021-09-28 14:22:36,571 - INFO - compute | 3 | (1.0, 0.30000000000000004) | 0 | 13 | (1184, 1139, 637) | 0| 0.0 | 0 
2021-09-28 14:22:36,594 - INFO - compute | 3 | (1.0, 0.35000000000000003) | 0 | 22 | (1184, 1139, 763) | 0| 0.0 | 0 
2021-09-28 14:22:36,618 - INFO - compute | 3 | (1.0, 0.4) | 0 | 28 | (1184, 1139, 1012) | 0| 0.0 | 0 
2021-09-28 14:22:36,643 - INFO - compute | 3 | (1.0, 0.45) | 0 | 31 | (1184, 1139, 1012) | 0| 0.0 | 0 
2021-09-28 14:22:36,680 - INFO - compute | 3 | (1.0, 0.5) | 0 | 44 | (1184, 1139, 1012) | 0| 0.0 | 0 
2021-09-28 14:22:36,732 - INFO - compute | 3 | (1.0, 0.55) | 0 | 55 | (1184, 1139, 1012) | 0| 0.0 | 0 
2021-09-28 14:22:36,802 - INFO - compute | 3 | (1.0, 0.6000000000000001) | 0 | 62 | (1184, 1139, 1012) | 0| 0.0 | 0 
2021-09-28 14:22:36,934 - INFO - compute | 3 | (1.0, 0.65) | 0 | 80 | (1184, 1139, 1012) | 0| 0.0 | 0 
2021-09-28 14:22:37,132 - INFO - compute | 3 | (1.0, 0.7000000000000001) | 0 | 92 | (1184, 1012, 503) | 0| 0.0 | 0 
2021-09-28 14:22:37,567 - INFO - compute | 3 | (1.0, 0.75) | 0 | 122 | (1222, 1012, 1020) | 0| 0.0 | 0 
2021-09-28 14:22:37,588 - INFO - load | 3 | (1.0, 0.8) | 0 | 122 | (1222, 1012, 1020) | 0| 0.0 | 0 
2021-09-28 14:22:37,608 - INFO - load | 3 | (1.0, 0.8500000000000001) | 0 | 122 | (1222, 1012, 1020) | 0| 0.0 | 0 
2021-09-28 14:22:37,628 - INFO - load | 3 | (1.0, 0.9) | 0 | 122 | (1222, 1012, 1020) | 0| 0.0 | 0 
2021-09-28 14:22:37,648 - INFO - load | 3 | (1.0, 0.9500000000000001) | 0 | 122 | (1222, 1012, 1020) | 0| 0.0 | 0 
2021-09-28 14:22:37,668 - INFO - load | 3 | (1.0, 1.0) | 0 | 122 | (1222, 1012, 1020) | 0| 0.0 | 0 
