2021-09-13 04:50:08,884 - INFO - Namespace(beta_paras='3,6,6,3', budget_list='4', did='d2', grain_list_p='10', grain_list_pq='10+10', grain_list_q='10', method='greedy', percent_R='0.25', percent_S='0.25', seed='32', version='v09130450')
2021-09-13 04:50:09,066 - INFO - Finish random requester set R and supplier set S 
                             percent_R=0.25, num_R=306, len_R=306 
                             percent_S=0.25, num_S=306, len_S=306
2021-09-13 04:50:09,067 - INFO - Finish random valuations using v_beta_paras for R and costs using c_beta_paras for S
2021-09-13 04:50:10,089 - INFO - length of pq_list = 64 under grain_tuple = 10+10
2021-09-13 04:50:10,090 - INFO - budget_last = 0
2021-09-13 04:50:10,253 - INFO - compute: budget=1; scheme=(0.0,0.30000000000000004); result=({26}, 12312) 
2021-09-13 04:50:10,253 - INFO - budget_last = 1
2021-09-13 04:50:10,388 - INFO - compute: budget=2; scheme=(0.0,0.30000000000000004); result=({809, 26}, 15840) 
2021-09-13 04:50:10,389 - INFO - budget_last = 2
2021-09-13 04:50:10,502 - INFO - compute: budget=3; scheme=(0.0,0.30000000000000004); result=({809, 26, 473}, 18687) 
2021-09-13 04:50:10,502 - INFO - budget_last = 3
2021-09-13 04:50:10,575 - INFO - compute: budget=4; scheme=(0.0,0.30000000000000004); result=({809, 26, 473}, 18687) 
2021-09-13 04:50:10,575 - INFO - budget_last = 0
2021-09-13 04:50:10,943 - INFO - compute: budget=1; scheme=(0.0,0.4); result=({26}, 12312) 
2021-09-13 04:50:10,944 - INFO - budget_last = 1
2021-09-13 04:50:11,289 - INFO - compute: budget=2; scheme=(0.0,0.4); result=({26, 239}, 16073) 
2021-09-13 04:50:11,289 - INFO - budget_last = 2
2021-09-13 04:50:11,621 - INFO - compute: budget=3; scheme=(0.0,0.4); result=({809, 26, 239}, 19601) 
2021-09-13 04:50:11,621 - INFO - budget_last = 3
2021-09-13 04:50:11,924 - INFO - compute: budget=4; scheme=(0.0,0.4); result=({809, 26, 473, 239}, 22448) 
2021-09-13 04:50:11,924 - INFO - budget_last = 0
2021-09-13 04:50:13,448 - INFO - compute: budget=1; scheme=(0.0,0.5); result=({22}, 20894) 
2021-09-13 04:50:13,449 - INFO - budget_last = 1
2021-09-13 04:50:14,952 - INFO - compute: budget=2; scheme=(0.0,0.5); result=({150, 22}, 26356) 
2021-09-13 04:50:14,953 - INFO - budget_last = 2
2021-09-13 04:50:16,445 - INFO - compute: budget=3; scheme=(0.0,0.5); result=({26, 150, 22}, 28105) 
2021-09-13 04:50:16,445 - INFO - budget_last = 3
2021-09-13 04:50:17,920 - INFO - compute: budget=4; scheme=(0.0,0.5); result=({26, 150, 22, 167}, 37135) 
2021-09-13 04:50:17,920 - INFO - budget_last = 0
2021-09-13 04:50:21,590 - INFO - compute: budget=1; scheme=(0.0,0.6000000000000001); result=({22}, 20894) 
2021-09-13 04:50:21,590 - INFO - budget_last = 1
2021-09-13 04:50:25,224 - INFO - compute: budget=2; scheme=(0.0,0.6000000000000001); result=({677, 22}, 41483) 
2021-09-13 04:50:25,224 - INFO - budget_last = 2
2021-09-13 04:50:28,772 - INFO - compute: budget=3; scheme=(0.0,0.6000000000000001); result=({150, 677, 22}, 46615) 
2021-09-13 04:50:28,772 - INFO - budget_last = 3
2021-09-13 04:50:32,278 - INFO - compute: budget=4; scheme=(0.0,0.6000000000000001); result=({70, 150, 677, 22}, 51471) 
2021-09-13 04:50:32,279 - INFO - budget_last = 0
2021-09-13 04:50:38,672 - INFO - compute: budget=1; scheme=(0.0,0.7000000000000001); result=({301}, 60798) 
2021-09-13 04:50:38,672 - INFO - budget_last = 1
2021-09-13 04:50:44,993 - INFO - compute: budget=2; scheme=(0.0,0.7000000000000001); result=({65, 301}, 86117) 
2021-09-13 04:50:44,993 - INFO - budget_last = 2
2021-09-13 04:50:51,299 - INFO - compute: budget=3; scheme=(0.0,0.7000000000000001); result=({65, 828, 301}, 97096) 
2021-09-13 04:50:51,299 - INFO - budget_last = 3
2021-09-13 04:50:57,618 - INFO - compute: budget=4; scheme=(0.0,0.7000000000000001); result=({65, 828, 301, 22}, 104752) 
2021-09-13 04:50:57,618 - INFO - budget_last = 0
2021-09-13 04:51:06,358 - INFO - compute: budget=1; scheme=(0.0,0.8); result=({301}, 60798) 
2021-09-13 04:51:06,359 - INFO - budget_last = 1
2021-09-13 04:51:15,451 - INFO - compute: budget=2; scheme=(0.0,0.8); result=({104, 301}, 91883) 
2021-09-13 04:51:15,451 - INFO - budget_last = 2
2021-09-13 04:51:24,595 - INFO - compute: budget=3; scheme=(0.0,0.8); result=({104, 301, 63}, 105639) 
2021-09-13 04:51:24,602 - INFO - budget_last = 3
2021-09-13 04:51:33,828 - INFO - compute: budget=4; scheme=(0.0,0.8); result=({104, 65, 301, 63}, 113587) 
2021-09-13 04:51:33,828 - INFO - budget_last = 0
2021-09-13 04:51:44,981 - INFO - compute: budget=1; scheme=(0.0,0.9); result=({301}, 60798) 
2021-09-13 04:51:44,981 - INFO - budget_last = 1
2021-09-13 04:51:55,813 - INFO - compute: budget=2; scheme=(0.0,0.9); result=({104, 301}, 91883) 
2021-09-13 04:51:55,814 - INFO - budget_last = 2
2021-09-13 04:52:06,337 - INFO - compute: budget=3; scheme=(0.0,0.9); result=({104, 301, 63}, 105639) 
2021-09-13 04:52:06,337 - INFO - budget_last = 3
2021-09-13 04:52:16,837 - INFO - compute: budget=4; scheme=(0.0,0.9); result=({104, 65, 301, 63}, 113587) 
2021-09-13 04:52:16,837 - INFO - budget_last = 0
2021-09-13 04:52:27,884 - INFO - compute: budget=1; scheme=(0.0,1.0); result=({301}, 60798) 
2021-09-13 04:52:27,884 - INFO - budget_last = 1
2021-09-13 04:52:38,987 - INFO - compute: budget=2; scheme=(0.0,1.0); result=({104, 301}, 91883) 
2021-09-13 04:52:38,987 - INFO - budget_last = 2
2021-09-13 04:52:50,047 - INFO - compute: budget=3; scheme=(0.0,1.0); result=({104, 301, 63}, 105639) 
2021-09-13 04:52:50,047 - INFO - budget_last = 3
2021-09-13 04:53:01,089 - INFO - compute: budget=4; scheme=(0.0,1.0); result=({104, 65, 301, 63}, 113587) 
2021-09-13 04:53:01,090 - INFO - budget_last = 0
2021-09-13 04:53:01,241 - INFO - compute: budget=1; scheme=(0.1,0.30000000000000004); result=({26}, 11857) 
2021-09-13 04:53:01,241 - INFO - budget_last = 1
2021-09-13 04:53:01,368 - INFO - compute: budget=2; scheme=(0.1,0.30000000000000004); result=({809, 26}, 15253) 
2021-09-13 04:53:01,368 - INFO - budget_last = 2
2021-09-13 04:53:01,474 - INFO - compute: budget=3; scheme=(0.1,0.30000000000000004); result=({809, 26, 473}, 17982) 
2021-09-13 04:53:01,474 - INFO - budget_last = 3
2021-09-13 04:53:01,543 - INFO - compute: budget=4; scheme=(0.1,0.30000000000000004); result=({809, 26, 473}, 17982) 
2021-09-13 04:53:01,543 - INFO - budget_last = 0
2021-09-13 04:53:01,895 - INFO - compute: budget=1; scheme=(0.1,0.4); result=({26}, 11857) 
2021-09-13 04:53:01,895 - INFO - budget_last = 1
2021-09-13 04:53:02,223 - INFO - compute: budget=2; scheme=(0.1,0.4); result=({26, 239}, 15481) 
2021-09-13 04:53:02,223 - INFO - budget_last = 2
2021-09-13 04:53:02,530 - INFO - compute: budget=3; scheme=(0.1,0.4); result=({809, 26, 239}, 18877) 
2021-09-13 04:53:02,530 - INFO - budget_last = 3
2021-09-13 04:53:02,817 - INFO - compute: budget=4; scheme=(0.1,0.4); result=({809, 26, 473, 239}, 21606) 
2021-09-13 04:53:02,818 - INFO - budget_last = 0
2021-09-13 04:53:04,265 - INFO - compute: budget=1; scheme=(0.1,0.5); result=({22}, 20129) 
2021-09-13 04:53:04,265 - INFO - budget_last = 1
2021-09-13 04:53:05,695 - INFO - compute: budget=2; scheme=(0.1,0.5); result=({150, 22}, 25382) 
2021-09-13 04:53:05,695 - INFO - budget_last = 2
2021-09-13 04:53:07,095 - INFO - compute: budget=3; scheme=(0.1,0.5); result=({26, 150, 22}, 27062) 
2021-09-13 04:53:07,096 - INFO - budget_last = 3
2021-09-13 04:53:08,477 - INFO - compute: budget=4; scheme=(0.1,0.5); result=({26, 150, 22, 167}, 35739) 
2021-09-13 04:53:08,477 - INFO - budget_last = 0
2021-09-13 04:53:11,961 - INFO - compute: budget=1; scheme=(0.1,0.6000000000000001); result=({22}, 20129) 
2021-09-13 04:53:11,962 - INFO - budget_last = 1
2021-09-13 04:53:15,402 - INFO - compute: budget=2; scheme=(0.1,0.6000000000000001); result=({677, 22}, 39959) 
2021-09-13 04:53:15,402 - INFO - budget_last = 2
2021-09-13 04:53:18,826 - INFO - compute: budget=3; scheme=(0.1,0.6000000000000001); result=({150, 677, 22}, 44895) 
2021-09-13 04:53:18,826 - INFO - budget_last = 3
2021-09-13 04:53:22,226 - INFO - compute: budget=4; scheme=(0.1,0.6000000000000001); result=({70, 150, 677, 22}, 49583) 
2021-09-13 04:53:22,226 - INFO - budget_last = 0
2021-09-13 04:53:28,390 - INFO - compute: budget=1; scheme=(0.1,0.7000000000000001); result=({301}, 58644) 
2021-09-13 04:53:28,390 - INFO - budget_last = 1
2021-09-13 04:53:34,569 - INFO - compute: budget=2; scheme=(0.1,0.7000000000000001); result=({65, 301}, 83051) 
2021-09-13 04:53:34,569 - INFO - budget_last = 2
2021-09-13 04:53:40,686 - INFO - compute: budget=3; scheme=(0.1,0.7000000000000001); result=({65, 828, 301}, 93611) 
2021-09-13 04:53:40,686 - INFO - budget_last = 3
2021-09-13 04:53:46,764 - INFO - compute: budget=4; scheme=(0.1,0.7000000000000001); result=({65, 828, 301, 22}, 100980) 
2021-09-13 04:53:46,764 - INFO - budget_last = 0
2021-09-13 04:53:55,307 - INFO - compute: budget=1; scheme=(0.1,0.8); result=({301}, 58644) 
2021-09-13 04:53:55,308 - INFO - budget_last = 1
2021-09-13 04:54:03,732 - INFO - compute: budget=2; scheme=(0.1,0.8); result=({104, 301}, 88625) 
2021-09-13 04:54:03,732 - INFO - budget_last = 2
2021-09-13 04:54:12,197 - INFO - compute: budget=3; scheme=(0.1,0.8); result=({104, 301, 63}, 101863) 
2021-09-13 04:54:12,197 - INFO - budget_last = 3
2021-09-13 04:54:20,634 - INFO - compute: budget=4; scheme=(0.1,0.8); result=({104, 65, 301, 63}, 109528) 
2021-09-13 04:54:20,634 - INFO - budget_last = 0
2021-09-13 04:54:30,901 - INFO - compute: budget=1; scheme=(0.1,0.9); result=({301}, 58644) 
2021-09-13 04:54:30,901 - INFO - budget_last = 1
2021-09-13 04:54:41,237 - INFO - compute: budget=2; scheme=(0.1,0.9); result=({104, 301}, 88625) 
2021-09-13 04:54:41,237 - INFO - budget_last = 2
2021-09-13 04:54:51,797 - INFO - compute: budget=3; scheme=(0.1,0.9); result=({104, 301, 63}, 101863) 
2021-09-13 04:54:51,798 - INFO - budget_last = 3
2021-09-13 04:55:02,123 - INFO - compute: budget=4; scheme=(0.1,0.9); result=({104, 65, 301, 63}, 109528) 
2021-09-13 04:55:02,124 - INFO - budget_last = 0
2021-09-13 04:59:39,567 - INFO - compute: budget=1; scheme=(0.1,1.0); result=({301}, 58644) 
2021-09-13 04:59:39,567 - INFO - budget_last = 1
2021-09-13 04:59:54,454 - INFO - compute: budget=2; scheme=(0.1,1.0); result=({104, 301}, 88625) 
2021-09-13 04:59:54,455 - INFO - budget_last = 2
2021-09-13 05:00:06,177 - INFO - compute: budget=3; scheme=(0.1,1.0); result=({104, 301, 63}, 101863) 
2021-09-13 05:00:06,177 - INFO - budget_last = 3
2021-09-13 05:00:17,832 - INFO - compute: budget=4; scheme=(0.1,1.0); result=({104, 65, 301, 63}, 109528) 
2021-09-13 05:00:17,844 - INFO - budget_last = 0
2021-09-13 05:00:17,974 - INFO - compute: budget=1; scheme=(0.2,0.30000000000000004); result=({26}, 9972) 
2021-09-13 05:00:17,974 - INFO - budget_last = 1
2021-09-13 05:00:18,086 - INFO - compute: budget=2; scheme=(0.2,0.30000000000000004); result=({809, 26}, 12814) 
2021-09-13 05:00:18,086 - INFO - budget_last = 2
2021-09-13 05:00:18,177 - INFO - compute: budget=3; scheme=(0.2,0.30000000000000004); result=({809, 26, 473}, 15082) 
2021-09-13 05:00:18,177 - INFO - budget_last = 3
2021-09-13 05:00:18,237 - INFO - compute: budget=4; scheme=(0.2,0.30000000000000004); result=({809, 26, 473}, 15082) 
2021-09-13 05:00:18,238 - INFO - budget_last = 0
2021-09-13 05:00:18,536 - INFO - compute: budget=1; scheme=(0.2,0.4); result=({26}, 9972) 
2021-09-13 05:00:18,537 - INFO - budget_last = 1
2021-09-13 05:00:18,816 - INFO - compute: budget=2; scheme=(0.2,0.4); result=({26, 239}, 13021) 
2021-09-13 05:00:18,816 - INFO - budget_last = 2
2021-09-13 05:00:19,084 - INFO - compute: budget=3; scheme=(0.2,0.4); result=({809, 26, 239}, 15863) 
2021-09-13 05:00:19,084 - INFO - budget_last = 3
2021-09-13 05:00:19,331 - INFO - compute: budget=4; scheme=(0.2,0.4); result=({809, 26, 473, 239}, 18131) 
2021-09-13 05:00:19,331 - INFO - budget_last = 0
2021-09-13 05:00:20,557 - INFO - compute: budget=1; scheme=(0.2,0.5); result=({22}, 16944) 
2021-09-13 05:00:20,557 - INFO - budget_last = 1
2021-09-13 05:00:21,770 - INFO - compute: budget=2; scheme=(0.2,0.5); result=({150, 22}, 21346) 
2021-09-13 05:00:21,770 - INFO - budget_last = 2
2021-09-13 05:00:22,963 - INFO - compute: budget=3; scheme=(0.2,0.5); result=({26, 150, 22}, 22749) 
2021-09-13 05:00:22,964 - INFO - budget_last = 3
2021-09-13 05:00:24,136 - INFO - compute: budget=4; scheme=(0.2,0.5); result=({26, 150, 22, 167}, 29982) 
2021-09-13 05:00:24,137 - INFO - budget_last = 0
2021-09-13 05:00:27,175 - INFO - compute: budget=1; scheme=(0.2,0.6000000000000001); result=({22}, 16944) 
2021-09-13 05:00:27,175 - INFO - budget_last = 1
2021-09-13 05:00:30,211 - INFO - compute: budget=2; scheme=(0.2,0.6000000000000001); result=({677, 22}, 33582) 
2021-09-13 05:00:30,211 - INFO - budget_last = 2
2021-09-13 05:00:33,281 - INFO - compute: budget=3; scheme=(0.2,0.6000000000000001); result=({150, 677, 22}, 37719) 
2021-09-13 05:00:33,282 - INFO - budget_last = 3
2021-09-13 05:00:36,155 - INFO - compute: budget=4; scheme=(0.2,0.6000000000000001); result=({70, 150, 677, 22}, 41659) 
2021-09-13 05:00:36,155 - INFO - budget_last = 0
2021-09-13 05:00:41,475 - INFO - compute: budget=1; scheme=(0.2,0.7000000000000001); result=({301}, 49387) 
2021-09-13 05:00:41,476 - INFO - budget_last = 1
2021-09-13 05:00:46,721 - INFO - compute: budget=2; scheme=(0.2,0.7000000000000001); result=({65, 301}, 69919) 
2021-09-13 05:00:46,722 - INFO - budget_last = 2
2021-09-13 05:00:51,990 - INFO - compute: budget=3; scheme=(0.2,0.7000000000000001); result=({65, 828, 301}, 78739) 
2021-09-13 05:00:51,990 - INFO - budget_last = 3
2021-09-13 05:00:57,128 - INFO - compute: budget=4; scheme=(0.2,0.7000000000000001); result=({65, 828, 301, 22}, 84943) 
2021-09-13 05:00:57,128 - INFO - budget_last = 0
2021-09-13 05:01:04,259 - INFO - compute: budget=1; scheme=(0.2,0.8); result=({301}, 49387) 
2021-09-13 05:01:04,260 - INFO - budget_last = 1
2021-09-13 05:01:11,615 - INFO - compute: budget=2; scheme=(0.2,0.8); result=({104, 301}, 74585) 
2021-09-13 05:01:11,616 - INFO - budget_last = 2
2021-09-13 05:01:19,174 - INFO - compute: budget=3; scheme=(0.2,0.8); result=({104, 301, 63}, 85700) 
2021-09-13 05:01:19,175 - INFO - budget_last = 3
2021-09-13 05:01:26,692 - INFO - compute: budget=4; scheme=(0.2,0.8); result=({104, 65, 301, 63}, 92152) 
2021-09-13 05:01:26,692 - INFO - budget_last = 0
2021-09-13 05:01:35,544 - INFO - compute: budget=1; scheme=(0.2,0.9); result=({301}, 49387) 
2021-09-13 05:01:35,544 - INFO - budget_last = 1
2021-09-13 05:01:44,560 - INFO - compute: budget=2; scheme=(0.2,0.9); result=({104, 301}, 74585) 
2021-09-13 05:01:44,560 - INFO - budget_last = 2
2021-09-13 05:01:53,776 - INFO - compute: budget=3; scheme=(0.2,0.9); result=({104, 301, 63}, 85700) 
2021-09-13 05:01:53,776 - INFO - budget_last = 3
2021-09-13 05:02:02,824 - INFO - compute: budget=4; scheme=(0.2,0.9); result=({104, 65, 301, 63}, 92152) 
2021-09-13 05:02:02,824 - INFO - budget_last = 0
2021-09-13 05:02:12,232 - INFO - compute: budget=1; scheme=(0.2,1.0); result=({301}, 49387) 
2021-09-13 05:02:12,232 - INFO - budget_last = 1
2021-09-13 05:02:21,785 - INFO - compute: budget=2; scheme=(0.2,1.0); result=({104, 301}, 74585) 
2021-09-13 05:02:21,785 - INFO - budget_last = 2
2021-09-13 05:02:31,261 - INFO - compute: budget=3; scheme=(0.2,1.0); result=({104, 301, 63}, 85700) 
2021-09-13 05:02:31,261 - INFO - budget_last = 3
2021-09-13 05:02:40,828 - INFO - compute: budget=4; scheme=(0.2,1.0); result=({104, 65, 301, 63}, 92152) 
2021-09-13 05:02:40,828 - INFO - budget_last = 0
2021-09-13 05:02:40,930 - INFO - compute: budget=1; scheme=(0.30000000000000004,0.30000000000000004); result=({26}, 6529) 
2021-09-13 05:02:40,930 - INFO - budget_last = 1
2021-09-13 05:02:41,009 - INFO - compute: budget=2; scheme=(0.30000000000000004,0.30000000000000004); result=({809, 26}, 8354) 
2021-09-13 05:02:41,009 - INFO - budget_last = 2
2021-09-13 05:02:41,089 - INFO - compute: budget=3; scheme=(0.30000000000000004,0.30000000000000004); result=({809, 26, 473}, 9832) 
2021-09-13 05:02:41,089 - INFO - budget_last = 3
2021-09-13 05:02:41,131 - INFO - compute: budget=4; scheme=(0.30000000000000004,0.30000000000000004); result=({809, 26, 473}, 9832) 
2021-09-13 05:02:41,131 - INFO - budget_last = 0
2021-09-13 05:02:41,363 - INFO - compute: budget=1; scheme=(0.30000000000000004,0.4); result=({26}, 6529) 
2021-09-13 05:02:41,363 - INFO - budget_last = 1
2021-09-13 05:02:41,602 - INFO - compute: budget=2; scheme=(0.30000000000000004,0.4); result=({26, 239}, 8529) 
2021-09-13 05:02:41,602 - INFO - budget_last = 2
2021-09-13 05:02:41,822 - INFO - compute: budget=3; scheme=(0.30000000000000004,0.4); result=({809, 26, 239}, 10354) 
2021-09-13 05:02:41,822 - INFO - budget_last = 3
2021-09-13 05:02:42,019 - INFO - compute: budget=4; scheme=(0.30000000000000004,0.4); result=({809, 26, 473, 239}, 11832) 
2021-09-13 05:02:42,019 - INFO - budget_last = 0
2021-09-13 05:02:42,849 - INFO - compute: budget=1; scheme=(0.30000000000000004,0.5); result=({22}, 11091) 
2021-09-13 05:02:42,849 - INFO - budget_last = 1
2021-09-13 05:02:43,674 - INFO - compute: budget=2; scheme=(0.30000000000000004,0.5); result=({150, 22}, 13954) 
2021-09-13 05:02:43,674 - INFO - budget_last = 2
2021-09-13 05:02:44,481 - INFO - compute: budget=3; scheme=(0.30000000000000004,0.5); result=({26, 150, 22}, 14872) 
2021-09-13 05:02:44,482 - INFO - budget_last = 3
2021-09-13 05:02:45,332 - INFO - compute: budget=4; scheme=(0.30000000000000004,0.5); result=({26, 150, 22, 167}, 19611) 
2021-09-13 05:02:45,333 - INFO - budget_last = 0
2021-09-13 05:02:47,337 - INFO - compute: budget=1; scheme=(0.30000000000000004,0.6000000000000001); result=({22}, 11091) 
2021-09-13 05:02:47,345 - INFO - budget_last = 1
2021-09-13 05:02:49,374 - INFO - compute: budget=2; scheme=(0.30000000000000004,0.6000000000000001); result=({677, 22}, 21813) 
2021-09-13 05:02:49,374 - INFO - budget_last = 2
2021-09-13 05:02:51,359 - INFO - compute: budget=3; scheme=(0.30000000000000004,0.6000000000000001); result=({150, 677, 22}, 24501) 
2021-09-13 05:02:51,359 - INFO - budget_last = 3
2021-09-13 05:02:53,283 - INFO - compute: budget=4; scheme=(0.30000000000000004,0.6000000000000001); result=({70, 150, 677, 22}, 27054) 
2021-09-13 05:02:53,283 - INFO - budget_last = 0
2021-09-13 05:02:56,793 - INFO - compute: budget=1; scheme=(0.30000000000000004,0.7000000000000001); result=({301}, 31742) 
2021-09-13 05:02:56,793 - INFO - budget_last = 1
2021-09-13 05:03:00,220 - INFO - compute: budget=2; scheme=(0.30000000000000004,0.7000000000000001); result=({65, 301}, 45129) 
2021-09-13 05:03:00,220 - INFO - budget_last = 2
2021-09-13 05:03:03,647 - INFO - compute: budget=3; scheme=(0.30000000000000004,0.7000000000000001); result=({65, 828, 301}, 50850) 
2021-09-13 05:03:03,647 - INFO - budget_last = 3
2021-09-13 05:03:07,012 - INFO - compute: budget=4; scheme=(0.30000000000000004,0.7000000000000001); result=({65, 828, 301, 22}, 54917) 
2021-09-13 05:03:07,013 - INFO - budget_last = 0
2021-09-13 05:03:11,601 - INFO - compute: budget=1; scheme=(0.30000000000000004,0.8); result=({301}, 31742) 
2021-09-13 05:03:11,601 - INFO - budget_last = 1
2021-09-13 05:03:16,331 - INFO - compute: budget=2; scheme=(0.30000000000000004,0.8); result=({104, 301}, 48241) 
2021-09-13 05:03:16,331 - INFO - budget_last = 2
2021-09-13 05:03:21,007 - INFO - compute: budget=3; scheme=(0.30000000000000004,0.8); result=({104, 301, 63}, 55487) 
2021-09-13 05:03:21,008 - INFO - budget_last = 3
2021-09-13 05:03:25,623 - INFO - compute: budget=4; scheme=(0.30000000000000004,0.8); result=({104, 65, 301, 63}, 59679) 
2021-09-13 05:03:25,624 - INFO - budget_last = 0
2021-09-13 05:03:31,158 - INFO - compute: budget=1; scheme=(0.30000000000000004,0.9); result=({301}, 31742) 
2021-09-13 05:03:31,158 - INFO - budget_last = 1
2021-09-13 05:03:36,687 - INFO - compute: budget=2; scheme=(0.30000000000000004,0.9); result=({104, 301}, 48241) 
2021-09-13 05:03:36,687 - INFO - budget_last = 2
2021-09-13 05:03:42,302 - INFO - compute: budget=3; scheme=(0.30000000000000004,0.9); result=({104, 301, 63}, 55487) 
2021-09-13 05:03:42,302 - INFO - budget_last = 3
2021-09-13 05:03:47,778 - INFO - compute: budget=4; scheme=(0.30000000000000004,0.9); result=({104, 65, 301, 63}, 59679) 
2021-09-13 05:03:47,784 - INFO - budget_last = 0
2021-09-13 05:03:53,580 - INFO - compute: budget=1; scheme=(0.30000000000000004,1.0); result=({301}, 31742) 
2021-09-13 05:03:53,580 - INFO - budget_last = 1
2021-09-13 05:03:59,423 - INFO - compute: budget=2; scheme=(0.30000000000000004,1.0); result=({104, 301}, 48241) 
2021-09-13 05:03:59,423 - INFO - budget_last = 2
2021-09-13 05:04:05,183 - INFO - compute: budget=3; scheme=(0.30000000000000004,1.0); result=({104, 301, 63}, 55487) 
2021-09-13 05:04:05,183 - INFO - budget_last = 3
2021-09-13 05:04:10,928 - INFO - compute: budget=4; scheme=(0.30000000000000004,1.0); result=({104, 65, 301, 63}, 59679) 
2021-09-13 05:04:10,929 - INFO - budget_last = 0
2021-09-13 05:04:10,977 - INFO - compute: budget=1; scheme=(0.4,0.30000000000000004); result=({26}, 3954) 
2021-09-13 05:04:10,978 - INFO - budget_last = 1
2021-09-13 05:04:11,020 - INFO - compute: budget=2; scheme=(0.4,0.30000000000000004); result=({809, 26}, 5143) 
2021-09-13 05:04:11,020 - INFO - budget_last = 2
2021-09-13 05:04:11,055 - INFO - compute: budget=3; scheme=(0.4,0.30000000000000004); result=({809, 26, 473}, 6125) 
2021-09-13 05:04:11,055 - INFO - budget_last = 3
2021-09-13 05:04:11,078 - INFO - compute: budget=4; scheme=(0.4,0.30000000000000004); result=({809, 26, 473}, 6125) 
2021-09-13 05:04:11,078 - INFO - budget_last = 0
2021-09-13 05:04:11,193 - INFO - compute: budget=1; scheme=(0.4,0.4); result=({26}, 3954) 
2021-09-13 05:04:11,193 - INFO - budget_last = 1
2021-09-13 05:04:11,299 - INFO - compute: budget=2; scheme=(0.4,0.4); result=({26, 239}, 5163) 
2021-09-13 05:04:11,299 - INFO - budget_last = 2
2021-09-13 05:04:11,401 - INFO - compute: budget=3; scheme=(0.4,0.4); result=({809, 26, 239}, 6352) 
2021-09-13 05:04:11,401 - INFO - budget_last = 3
2021-09-13 05:04:11,495 - INFO - compute: budget=4; scheme=(0.4,0.4); result=({809, 26, 473, 239}, 7334) 
2021-09-13 05:04:11,495 - INFO - budget_last = 0
2021-09-13 05:04:11,963 - INFO - compute: budget=1; scheme=(0.4,0.5); result=({22}, 6735) 
2021-09-13 05:04:11,964 - INFO - budget_last = 1
2021-09-13 05:04:12,432 - INFO - compute: budget=2; scheme=(0.4,0.5); result=({150, 22}, 8469) 
2021-09-13 05:04:12,432 - INFO - budget_last = 2
2021-09-13 05:04:12,886 - INFO - compute: budget=3; scheme=(0.4,0.5); result=({26, 150, 22}, 9031) 
2021-09-13 05:04:12,887 - INFO - budget_last = 3
2021-09-13 05:04:13,337 - INFO - compute: budget=4; scheme=(0.4,0.5); result=({26, 150, 22, 167}, 12112) 
2021-09-13 05:04:13,337 - INFO - budget_last = 0
2021-09-13 05:04:14,476 - INFO - compute: budget=1; scheme=(0.4,0.6000000000000001); result=({677}, 6964) 
2021-09-13 05:04:14,476 - INFO - budget_last = 1
2021-09-13 05:04:15,605 - INFO - compute: budget=2; scheme=(0.4,0.6000000000000001); result=({677, 22}, 13699) 
2021-09-13 05:04:15,605 - INFO - budget_last = 2
2021-09-13 05:04:16,736 - INFO - compute: budget=3; scheme=(0.4,0.6000000000000001); result=({150, 677, 22}, 15323) 
2021-09-13 05:04:16,736 - INFO - budget_last = 3
2021-09-13 05:04:17,853 - INFO - compute: budget=4; scheme=(0.4,0.6000000000000001); result=({70, 150, 677, 22}, 16890) 
2021-09-13 05:04:17,853 - INFO - budget_last = 0
2021-09-13 05:04:19,893 - INFO - compute: budget=1; scheme=(0.4,0.7000000000000001); result=({301}, 20747) 
2021-09-13 05:04:19,893 - INFO - budget_last = 1
2021-09-13 05:04:21,984 - INFO - compute: budget=2; scheme=(0.4,0.7000000000000001); result=({65, 301}, 28873) 
2021-09-13 05:04:21,985 - INFO - budget_last = 2
2021-09-13 05:04:24,030 - INFO - compute: budget=3; scheme=(0.4,0.7000000000000001); result=({65, 828, 301}, 32543) 
2021-09-13 05:04:24,030 - INFO - budget_last = 3
2021-09-13 05:04:26,057 - INFO - compute: budget=4; scheme=(0.4,0.7000000000000001); result=({65, 828, 301, 677}, 34873) 
2021-09-13 05:04:26,058 - INFO - budget_last = 0
2021-09-13 05:04:28,931 - INFO - compute: budget=1; scheme=(0.4,0.8); result=({301}, 20747) 
2021-09-13 05:04:28,931 - INFO - budget_last = 1
2021-09-13 05:04:31,820 - INFO - compute: budget=2; scheme=(0.4,0.8); result=({104, 301}, 30868) 
2021-09-13 05:04:31,820 - INFO - budget_last = 2
2021-09-13 05:04:34,735 - INFO - compute: budget=3; scheme=(0.4,0.8); result=({104, 301, 63}, 35331) 
2021-09-13 05:04:34,735 - INFO - budget_last = 3
2021-09-13 05:04:37,578 - INFO - compute: budget=4; scheme=(0.4,0.8); result=({104, 65, 301, 63}, 37893) 
2021-09-13 05:04:37,579 - INFO - budget_last = 0
2021-09-13 05:04:41,049 - INFO - compute: budget=1; scheme=(0.4,0.9); result=({301}, 20747) 
2021-09-13 05:04:41,049 - INFO - budget_last = 1
2021-09-13 05:04:44,532 - INFO - compute: budget=2; scheme=(0.4,0.9); result=({104, 301}, 30868) 
2021-09-13 05:04:44,532 - INFO - budget_last = 2
2021-09-13 05:04:48,060 - INFO - compute: budget=3; scheme=(0.4,0.9); result=({104, 301, 63}, 35331) 
2021-09-13 05:04:48,060 - INFO - budget_last = 3
2021-09-13 05:04:51,489 - INFO - compute: budget=4; scheme=(0.4,0.9); result=({104, 65, 301, 63}, 37893) 
2021-09-13 05:04:51,489 - INFO - budget_last = 0
2021-09-13 05:04:55,014 - INFO - compute: budget=1; scheme=(0.4,1.0); result=({301}, 20747) 
2021-09-13 05:04:55,014 - INFO - budget_last = 1
2021-09-13 05:04:58,735 - INFO - compute: budget=2; scheme=(0.4,1.0); result=({104, 301}, 30868) 
2021-09-13 05:04:58,735 - INFO - budget_last = 2
2021-09-13 05:05:02,465 - INFO - compute: budget=3; scheme=(0.4,1.0); result=({104, 301, 63}, 35331) 
2021-09-13 05:05:02,466 - INFO - budget_last = 3
2021-09-13 05:05:06,188 - INFO - compute: budget=4; scheme=(0.4,1.0); result=({104, 65, 301, 63}, 37893) 
2021-09-13 05:05:06,189 - INFO - budget_last = 0
2021-09-13 05:05:06,214 - INFO - compute: budget=1; scheme=(0.5,0.30000000000000004); result=({26}, 1931) 
2021-09-13 05:05:06,215 - INFO - budget_last = 1
2021-09-13 05:05:06,235 - INFO - compute: budget=2; scheme=(0.5,0.30000000000000004); result=({809, 26}, 2489) 
2021-09-13 05:05:06,236 - INFO - budget_last = 2
2021-09-13 05:05:06,254 - INFO - compute: budget=3; scheme=(0.5,0.30000000000000004); result=({809, 26, 473}, 2947) 
2021-09-13 05:05:06,255 - INFO - budget_last = 3
2021-09-13 05:05:06,266 - INFO - compute: budget=4; scheme=(0.5,0.30000000000000004); result=({809, 26, 473}, 2947) 
2021-09-13 05:05:06,267 - INFO - budget_last = 0
2021-09-13 05:05:06,327 - INFO - compute: budget=1; scheme=(0.5,0.4); result=({26}, 1931) 
2021-09-13 05:05:06,327 - INFO - budget_last = 1
2021-09-13 05:05:06,387 - INFO - compute: budget=2; scheme=(0.5,0.4); result=({26, 239}, 2528) 
2021-09-13 05:05:06,388 - INFO - budget_last = 2
2021-09-13 05:05:06,443 - INFO - compute: budget=3; scheme=(0.5,0.4); result=({809, 26, 239}, 3086) 
2021-09-13 05:05:06,444 - INFO - budget_last = 3
2021-09-13 05:05:06,493 - INFO - compute: budget=4; scheme=(0.5,0.4); result=({809, 26, 473, 239}, 3544) 
2021-09-13 05:05:06,493 - INFO - budget_last = 0
2021-09-13 05:05:06,736 - INFO - compute: budget=1; scheme=(0.5,0.5); result=({22}, 3294) 
2021-09-13 05:05:06,736 - INFO - budget_last = 1
2021-09-13 05:05:06,989 - INFO - compute: budget=2; scheme=(0.5,0.5); result=({150, 22}, 4135) 
2021-09-13 05:05:06,989 - INFO - budget_last = 2
2021-09-13 05:05:07,235 - INFO - compute: budget=3; scheme=(0.5,0.5); result=({26, 150, 22}, 4397) 
2021-09-13 05:05:07,235 - INFO - budget_last = 3
2021-09-13 05:05:07,475 - INFO - compute: budget=4; scheme=(0.5,0.5); result=({26, 150, 22, 167}, 5823) 
2021-09-13 05:05:07,475 - INFO - budget_last = 0
2021-09-13 05:05:08,070 - INFO - compute: budget=1; scheme=(0.5,0.6000000000000001); result=({677}, 3346) 
2021-09-13 05:05:08,070 - INFO - budget_last = 1
2021-09-13 05:05:08,652 - INFO - compute: budget=2; scheme=(0.5,0.6000000000000001); result=({677, 22}, 6640) 
2021-09-13 05:05:08,652 - INFO - budget_last = 2
2021-09-13 05:05:09,221 - INFO - compute: budget=3; scheme=(0.5,0.6000000000000001); result=({150, 677, 22}, 7429) 
2021-09-13 05:05:09,221 - INFO - budget_last = 3
2021-09-13 05:05:09,772 - INFO - compute: budget=4; scheme=(0.5,0.6000000000000001); result=({70, 150, 677, 22}, 8180) 
2021-09-13 05:05:09,772 - INFO - budget_last = 0
2021-09-13 05:05:10,761 - INFO - compute: budget=1; scheme=(0.5,0.7000000000000001); result=({301}, 10241) 
2021-09-13 05:05:10,761 - INFO - budget_last = 1
2021-09-13 05:05:11,797 - INFO - compute: budget=2; scheme=(0.5,0.7000000000000001); result=({65, 301}, 14221) 
2021-09-13 05:05:11,797 - INFO - budget_last = 2
2021-09-13 05:05:12,807 - INFO - compute: budget=3; scheme=(0.5,0.7000000000000001); result=({65, 828, 301}, 15967) 
2021-09-13 05:05:12,808 - INFO - budget_last = 3
2021-09-13 05:05:13,866 - INFO - compute: budget=4; scheme=(0.5,0.7000000000000001); result=({65, 828, 301, 677}, 17065) 
2021-09-13 05:05:13,866 - INFO - budget_last = 0
2021-09-13 05:05:15,290 - INFO - compute: budget=1; scheme=(0.5,0.8); result=({301}, 10241) 
2021-09-13 05:05:15,290 - INFO - budget_last = 1
2021-09-13 05:05:16,685 - INFO - compute: budget=2; scheme=(0.5,0.8); result=({104, 301}, 15161) 
2021-09-13 05:05:16,685 - INFO - budget_last = 2
2021-09-13 05:05:18,031 - INFO - compute: budget=3; scheme=(0.5,0.8); result=({104, 301, 63}, 17317) 
2021-09-13 05:05:18,038 - INFO - budget_last = 3
2021-09-13 05:05:19,410 - INFO - compute: budget=4; scheme=(0.5,0.8); result=({104, 65, 301, 63}, 18560) 
2021-09-13 05:05:19,411 - INFO - budget_last = 0
2021-09-13 05:05:21,312 - INFO - compute: budget=1; scheme=(0.5,0.9); result=({301}, 10241) 
2021-09-13 05:05:21,313 - INFO - budget_last = 1
2021-09-13 05:05:23,000 - INFO - compute: budget=2; scheme=(0.5,0.9); result=({104, 301}, 15161) 
2021-09-13 05:05:23,000 - INFO - budget_last = 2
2021-09-13 05:05:24,690 - INFO - compute: budget=3; scheme=(0.5,0.9); result=({104, 301, 63}, 17317) 
2021-09-13 05:05:24,690 - INFO - budget_last = 3
2021-09-13 05:05:26,329 - INFO - compute: budget=4; scheme=(0.5,0.9); result=({104, 65, 301, 63}, 18560) 
2021-09-13 05:05:26,329 - INFO - budget_last = 0
2021-09-13 05:05:28,026 - INFO - compute: budget=1; scheme=(0.5,1.0); result=({301}, 10241) 
2021-09-13 05:05:28,026 - INFO - budget_last = 1
2021-09-13 05:05:29,712 - INFO - compute: budget=2; scheme=(0.5,1.0); result=({104, 301}, 15161) 
2021-09-13 05:05:29,712 - INFO - budget_last = 2
2021-09-13 05:05:31,386 - INFO - compute: budget=3; scheme=(0.5,1.0); result=({104, 301, 63}, 17317) 
2021-09-13 05:05:31,386 - INFO - budget_last = 3
2021-09-13 05:05:33,073 - INFO - compute: budget=4; scheme=(0.5,1.0); result=({104, 65, 301, 63}, 18560) 
2021-09-13 05:05:33,073 - INFO - budget_last = 0
2021-09-13 05:05:33,083 - INFO - compute: budget=1; scheme=(0.6000000000000001,0.30000000000000004); result=({26}, 554) 
2021-09-13 05:05:33,083 - INFO - budget_last = 1
2021-09-13 05:05:33,090 - INFO - compute: budget=2; scheme=(0.6000000000000001,0.30000000000000004); result=({809, 26}, 715) 
2021-09-13 05:05:33,090 - INFO - budget_last = 2
2021-09-13 05:05:33,097 - INFO - compute: budget=3; scheme=(0.6000000000000001,0.30000000000000004); result=({809, 26, 473}, 837) 
2021-09-13 05:05:33,097 - INFO - budget_last = 3
2021-09-13 05:05:33,101 - INFO - compute: budget=4; scheme=(0.6000000000000001,0.30000000000000004); result=({809, 26, 473}, 837) 
2021-09-13 05:05:33,101 - INFO - budget_last = 0
2021-09-13 05:05:33,122 - INFO - compute: budget=1; scheme=(0.6000000000000001,0.4); result=({26}, 554) 
2021-09-13 05:05:33,122 - INFO - budget_last = 1
2021-09-13 05:05:33,141 - INFO - compute: budget=2; scheme=(0.6000000000000001,0.4); result=({26, 239}, 726) 
2021-09-13 05:05:33,141 - INFO - budget_last = 2
2021-09-13 05:05:33,159 - INFO - compute: budget=3; scheme=(0.6000000000000001,0.4); result=({809, 26, 239}, 887) 
2021-09-13 05:05:33,159 - INFO - budget_last = 3
2021-09-13 05:05:33,176 - INFO - compute: budget=4; scheme=(0.6000000000000001,0.4); result=({809, 26, 473, 239}, 1009) 
2021-09-13 05:05:33,177 - INFO - budget_last = 0
2021-09-13 05:05:33,259 - INFO - compute: budget=1; scheme=(0.6000000000000001,0.5); result=({22}, 998) 
2021-09-13 05:05:33,260 - INFO - budget_last = 1
2021-09-13 05:05:33,341 - INFO - compute: budget=2; scheme=(0.6000000000000001,0.5); result=({150, 22}, 1254) 
2021-09-13 05:05:33,341 - INFO - budget_last = 2
2021-09-13 05:05:33,420 - INFO - compute: budget=3; scheme=(0.6000000000000001,0.5); result=({26, 150, 22}, 1326) 
2021-09-13 05:05:33,421 - INFO - budget_last = 3
2021-09-13 05:05:33,499 - INFO - compute: budget=4; scheme=(0.6000000000000001,0.5); result=({26, 150, 22, 167}, 1720) 
2021-09-13 05:05:33,499 - INFO - budget_last = 0
2021-09-13 05:05:33,695 - INFO - compute: budget=1; scheme=(0.6000000000000001,0.6000000000000001); result=({677}, 1006) 
2021-09-13 05:05:33,695 - INFO - budget_last = 1
2021-09-13 05:05:33,891 - INFO - compute: budget=2; scheme=(0.6000000000000001,0.6000000000000001); result=({677, 22}, 2004) 
2021-09-13 05:05:33,891 - INFO - budget_last = 2
2021-09-13 05:05:34,085 - INFO - compute: budget=3; scheme=(0.6000000000000001,0.6000000000000001); result=({150, 677, 22}, 2248) 
2021-09-13 05:05:34,085 - INFO - budget_last = 3
2021-09-13 05:05:34,276 - INFO - compute: budget=4; scheme=(0.6000000000000001,0.6000000000000001); result=({70, 150, 677, 22}, 2490) 
2021-09-13 05:05:34,277 - INFO - budget_last = 0
2021-09-13 05:05:34,622 - INFO - compute: budget=1; scheme=(0.6000000000000001,0.7000000000000001); result=({301}, 3029) 
2021-09-13 05:05:34,622 - INFO - budget_last = 1
2021-09-13 05:05:34,967 - INFO - compute: budget=2; scheme=(0.6000000000000001,0.7000000000000001); result=({65, 301}, 4241) 
2021-09-13 05:05:34,967 - INFO - budget_last = 2
2021-09-13 05:05:35,309 - INFO - compute: budget=3; scheme=(0.6000000000000001,0.7000000000000001); result=({65, 828, 301}, 4765) 
2021-09-13 05:05:35,310 - INFO - budget_last = 3
2021-09-13 05:05:35,650 - INFO - compute: budget=4; scheme=(0.6000000000000001,0.7000000000000001); result=({65, 828, 301, 677}, 5113) 
2021-09-13 05:05:35,650 - INFO - budget_last = 0
2021-09-13 05:05:36,127 - INFO - compute: budget=1; scheme=(0.6000000000000001,0.8); result=({301}, 3029) 
2021-09-13 05:05:36,127 - INFO - budget_last = 1
2021-09-13 05:05:36,601 - INFO - compute: budget=2; scheme=(0.6000000000000001,0.8); result=({104, 301}, 4572) 
2021-09-13 05:05:36,601 - INFO - budget_last = 2
2021-09-13 05:05:37,075 - INFO - compute: budget=3; scheme=(0.6000000000000001,0.8); result=({104, 301, 63}, 5226) 
2021-09-13 05:05:37,076 - INFO - budget_last = 3
2021-09-13 05:05:37,547 - INFO - compute: budget=4; scheme=(0.6000000000000001,0.8); result=({104, 65, 301, 63}, 5623) 
2021-09-13 05:05:37,547 - INFO - budget_last = 0
2021-09-13 05:05:38,121 - INFO - compute: budget=1; scheme=(0.6000000000000001,0.9); result=({301}, 3029) 
2021-09-13 05:05:38,122 - INFO - budget_last = 1
2021-09-13 05:05:38,696 - INFO - compute: budget=2; scheme=(0.6000000000000001,0.9); result=({104, 301}, 4572) 
2021-09-13 05:05:38,696 - INFO - budget_last = 2
2021-09-13 05:05:39,270 - INFO - compute: budget=3; scheme=(0.6000000000000001,0.9); result=({104, 301, 63}, 5226) 
2021-09-13 05:05:39,270 - INFO - budget_last = 3
2021-09-13 05:05:39,841 - INFO - compute: budget=4; scheme=(0.6000000000000001,0.9); result=({104, 65, 301, 63}, 5623) 
2021-09-13 05:05:39,841 - INFO - budget_last = 0
2021-09-13 05:05:40,451 - INFO - compute: budget=1; scheme=(0.6000000000000001,1.0); result=({301}, 3029) 
2021-09-13 05:05:40,452 - INFO - budget_last = 1
2021-09-13 05:05:41,063 - INFO - compute: budget=2; scheme=(0.6000000000000001,1.0); result=({104, 301}, 4572) 
2021-09-13 05:05:41,063 - INFO - budget_last = 2
2021-09-13 05:05:41,669 - INFO - compute: budget=3; scheme=(0.6000000000000001,1.0); result=({104, 301, 63}, 5226) 
2021-09-13 05:05:41,669 - INFO - budget_last = 3
2021-09-13 05:05:42,277 - INFO - compute: budget=4; scheme=(0.6000000000000001,1.0); result=({104, 65, 301, 63}, 5623) 
2021-09-13 05:05:42,278 - INFO - budget_last = 0
2021-09-13 05:05:42,280 - INFO - compute: budget=1; scheme=(0.7000000000000001,0.30000000000000004); result=({26}, 70) 
2021-09-13 05:05:42,280 - INFO - budget_last = 1
2021-09-13 05:05:42,282 - INFO - compute: budget=2; scheme=(0.7000000000000001,0.30000000000000004); result=({809, 26}, 115) 
2021-09-13 05:05:42,282 - INFO - budget_last = 2
2021-09-13 05:05:42,284 - INFO - compute: budget=3; scheme=(0.7000000000000001,0.30000000000000004); result=({809, 26, 473}, 149) 
2021-09-13 05:05:42,284 - INFO - budget_last = 3
2021-09-13 05:05:42,285 - INFO - compute: budget=4; scheme=(0.7000000000000001,0.30000000000000004); result=({809, 26, 473}, 149) 
2021-09-13 05:05:42,285 - INFO - budget_last = 0
2021-09-13 05:05:42,290 - INFO - compute: budget=1; scheme=(0.7000000000000001,0.4); result=({26}, 70) 
2021-09-13 05:05:42,291 - INFO - budget_last = 1
2021-09-13 05:05:42,295 - INFO - compute: budget=2; scheme=(0.7000000000000001,0.4); result=({809, 26}, 115) 
2021-09-13 05:05:42,296 - INFO - budget_last = 2
2021-09-13 05:05:42,300 - INFO - compute: budget=3; scheme=(0.7000000000000001,0.4); result=({809, 26, 473}, 149) 
2021-09-13 05:05:42,300 - INFO - budget_last = 3
2021-09-13 05:05:42,305 - INFO - compute: budget=4; scheme=(0.7000000000000001,0.4); result=({1124, 809, 26, 473}, 175) 
2021-09-13 05:05:42,305 - INFO - budget_last = 0
2021-09-13 05:05:42,328 - INFO - compute: budget=1; scheme=(0.7000000000000001,0.5); result=({22}, 138) 
2021-09-13 05:05:42,328 - INFO - budget_last = 1
2021-09-13 05:05:42,351 - INFO - compute: budget=2; scheme=(0.7000000000000001,0.5); result=({22, 167}, 244) 
2021-09-13 05:05:42,351 - INFO - budget_last = 2
2021-09-13 05:05:42,374 - INFO - compute: budget=3; scheme=(0.7000000000000001,0.5); result=({150, 22, 167}, 281) 
2021-09-13 05:05:42,374 - INFO - budget_last = 3
2021-09-13 05:05:42,396 - INFO - compute: budget=4; scheme=(0.7000000000000001,0.5); result=({154, 150, 22, 167}, 349) 
2021-09-13 05:05:42,396 - INFO - budget_last = 0
2021-09-13 05:05:42,451 - INFO - compute: budget=1; scheme=(0.7000000000000001,0.6000000000000001); result=({677}, 298) 
2021-09-13 05:05:42,451 - INFO - budget_last = 1
2021-09-13 05:05:42,504 - INFO - compute: budget=2; scheme=(0.7000000000000001,0.6000000000000001); result=({677, 735}, 468) 
2021-09-13 05:05:42,504 - INFO - budget_last = 2
2021-09-13 05:05:42,557 - INFO - compute: budget=3; scheme=(0.7000000000000001,0.6000000000000001); result=({677, 790, 735}, 541) 
2021-09-13 05:05:42,557 - INFO - budget_last = 3
2021-09-13 05:05:42,609 - INFO - compute: budget=4; scheme=(0.7000000000000001,0.6000000000000001); result=({650, 677, 790, 735}, 601) 
2021-09-13 05:05:42,609 - INFO - budget_last = 0
2021-09-13 05:05:42,703 - INFO - compute: budget=1; scheme=(0.7000000000000001,0.7000000000000001); result=({301}, 961) 
2021-09-13 05:05:42,704 - INFO - budget_last = 1
2021-09-13 05:05:42,796 - INFO - compute: budget=2; scheme=(0.7000000000000001,0.7000000000000001); result=({828, 301}, 1103) 
2021-09-13 05:05:42,796 - INFO - budget_last = 2
2021-09-13 05:05:42,888 - INFO - compute: budget=3; scheme=(0.7000000000000001,0.7000000000000001); result=({828, 301, 677}, 1200) 
2021-09-13 05:05:42,888 - INFO - budget_last = 3
2021-09-13 05:05:42,980 - INFO - compute: budget=4; scheme=(0.7000000000000001,0.7000000000000001); result=({735, 828, 301, 677}, 1269) 
2021-09-13 05:05:42,980 - INFO - budget_last = 0
2021-09-13 05:05:43,106 - INFO - compute: budget=1; scheme=(0.7000000000000001,0.8); result=({301}, 961) 
2021-09-13 05:05:43,107 - INFO - budget_last = 1
2021-09-13 05:05:43,234 - INFO - compute: budget=2; scheme=(0.7000000000000001,0.8); result=({828, 301}, 1103) 
2021-09-13 05:05:43,234 - INFO - budget_last = 2
2021-09-13 05:05:43,361 - INFO - compute: budget=3; scheme=(0.7000000000000001,0.8); result=({828, 301, 677}, 1200) 
2021-09-13 05:05:43,361 - INFO - budget_last = 3
2021-09-13 05:05:43,491 - INFO - compute: budget=4; scheme=(0.7000000000000001,0.8); result=({104, 828, 301, 677}, 1477) 
2021-09-13 05:05:43,491 - INFO - budget_last = 0
2021-09-13 05:05:43,650 - INFO - compute: budget=1; scheme=(0.7000000000000001,0.9); result=({301}, 961) 
2021-09-13 05:05:43,650 - INFO - budget_last = 1
2021-09-13 05:05:43,803 - INFO - compute: budget=2; scheme=(0.7000000000000001,0.9); result=({828, 301}, 1103) 
2021-09-13 05:05:43,803 - INFO - budget_last = 2
2021-09-13 05:05:43,958 - INFO - compute: budget=3; scheme=(0.7000000000000001,0.9); result=({828, 301, 677}, 1200) 
2021-09-13 05:05:43,958 - INFO - budget_last = 3
2021-09-13 05:05:44,110 - INFO - compute: budget=4; scheme=(0.7000000000000001,0.9); result=({104, 828, 301, 677}, 1477) 
2021-09-13 05:05:44,110 - INFO - budget_last = 0
2021-09-13 05:05:44,270 - INFO - compute: budget=1; scheme=(0.7000000000000001,1.0); result=({301}, 961) 
2021-09-13 05:05:44,270 - INFO - budget_last = 1
2021-09-13 05:05:44,430 - INFO - compute: budget=2; scheme=(0.7000000000000001,1.0); result=({828, 301}, 1103) 
2021-09-13 05:05:44,430 - INFO - budget_last = 2
2021-09-13 05:05:44,590 - INFO - compute: budget=3; scheme=(0.7000000000000001,1.0); result=({828, 301, 677}, 1200) 
2021-09-13 05:05:44,590 - INFO - budget_last = 3
2021-09-13 05:05:44,749 - INFO - compute: budget=4; scheme=(0.7000000000000001,1.0); result=({104, 828, 301, 677}, 1477) 
