2021-09-18 03:29:39,704 - INFO - Namespace(a='2', beta_paras='3,6,6,3', budget_list='1,2', did='d2', grain_alpha='10', grain_p='10', method='greedy', percent_R='0.25', percent_S='0.25', seed='32', version='v09180329')
2021-09-18 03:29:39,895 - INFO - Finish random requester set R and supplier set S 
                             percent_R=0.25, num_R=306, len_R=306 
                             percent_S=0.25, num_S=306, len_S=306
2021-09-18 03:29:41,049 - INFO - Finish generate valuations and costs using using a=2
2021-09-18 03:29:41,837 - INFO - ********** (0.0, 0.0, 0.0)
2021-09-18 03:29:41,838 - INFO - max_history_budget=0, max_history_result=None
2021-09-18 03:29:41,855 - INFO - compute: budget=1; scheme=(0.0,0.0); tilderR=(306) tilderS=(0); result=(set(), 0); rev=0.0
2021-09-18 03:29:41,856 - INFO - compute: budget=2; scheme=(0.0,0.0); tilderR=(306) tilderS=(0); result=(set(), 0); rev=0.0
2021-09-18 03:29:41,856 - INFO - ********** (0.0, 0.1, 0.0)
2021-09-18 03:29:41,856 - INFO - max_history_budget=2, max_history_result=(set(), 0, 0.0)
2021-09-18 03:29:41,856 - INFO - load: budget=1; scheme=(0.0,0.0); tilderR=(306) tilderS=(0); result=(set(), 0); rev=0.0
2021-09-18 03:29:41,857 - INFO - load: budget=2; scheme=(0.0,0.0); tilderR=(306) tilderS=(0); result=(set(), 0); rev=0.0
2021-09-18 03:29:41,857 - INFO - ********** (0.0, 0.2, 0.0)
2021-09-18 03:29:41,857 - INFO - max_history_budget=2, max_history_result=(set(), 0, 0.0)
2021-09-18 03:29:41,857 - INFO - load: budget=1; scheme=(0.0,0.0); tilderR=(306) tilderS=(0); result=(set(), 0); rev=0.0
2021-09-18 03:29:41,858 - INFO - load: budget=2; scheme=(0.0,0.0); tilderR=(306) tilderS=(0); result=(set(), 0); rev=0.0
2021-09-18 03:29:41,858 - INFO - ********** (0.0, 0.30000000000000004, 0.0)
2021-09-18 03:29:41,858 - INFO - max_history_budget=2, max_history_result=(set(), 0, 0.0)
2021-09-18 03:29:41,858 - INFO - load: budget=1; scheme=(0.0,0.0); tilderR=(306) tilderS=(0); result=(set(), 0); rev=0.0
2021-09-18 03:29:41,858 - INFO - load: budget=2; scheme=(0.0,0.0); tilderR=(306) tilderS=(0); result=(set(), 0); rev=0.0
2021-09-18 03:29:41,859 - INFO - ********** (0.0, 0.4, 0.0)
2021-09-18 03:29:41,859 - INFO - max_history_budget=2, max_history_result=(set(), 0, 0.0)
2021-09-18 03:29:41,859 - INFO - load: budget=1; scheme=(0.0,0.0); tilderR=(306) tilderS=(0); result=(set(), 0); rev=0.0
2021-09-18 03:29:41,859 - INFO - load: budget=2; scheme=(0.0,0.0); tilderR=(306) tilderS=(0); result=(set(), 0); rev=0.0
2021-09-18 03:29:41,859 - INFO - ********** (0.0, 0.5, 0.0)
2021-09-18 03:29:41,860 - INFO - max_history_budget=2, max_history_result=(set(), 0, 0.0)
2021-09-18 03:29:41,860 - INFO - load: budget=1; scheme=(0.0,0.0); tilderR=(306) tilderS=(0); result=(set(), 0); rev=0.0
2021-09-18 03:29:41,860 - INFO - load: budget=2; scheme=(0.0,0.0); tilderR=(306) tilderS=(0); result=(set(), 0); rev=0.0
2021-09-18 03:29:41,860 - INFO - ********** (0.0, 0.6000000000000001, 0.0)
2021-09-18 03:29:41,861 - INFO - max_history_budget=2, max_history_result=(set(), 0, 0.0)
2021-09-18 03:29:41,861 - INFO - load: budget=1; scheme=(0.0,0.0); tilderR=(306) tilderS=(0); result=(set(), 0); rev=0.0
2021-09-18 03:29:41,861 - INFO - load: budget=2; scheme=(0.0,0.0); tilderR=(306) tilderS=(0); result=(set(), 0); rev=0.0
2021-09-18 03:29:41,861 - INFO - ********** (0.0, 0.7000000000000001, 0.0)
2021-09-18 03:29:41,861 - INFO - max_history_budget=2, max_history_result=(set(), 0, 0.0)
2021-09-18 03:29:41,862 - INFO - load: budget=1; scheme=(0.0,0.0); tilderR=(306) tilderS=(0); result=(set(), 0); rev=0.0
2021-09-18 03:29:41,862 - INFO - load: budget=2; scheme=(0.0,0.0); tilderR=(306) tilderS=(0); result=(set(), 0); rev=0.0
2021-09-18 03:29:41,862 - INFO - ********** (0.0, 0.8, 0.0)
2021-09-18 03:29:41,862 - INFO - max_history_budget=2, max_history_result=(set(), 0, 0.0)
2021-09-18 03:29:41,863 - INFO - load: budget=1; scheme=(0.0,0.0); tilderR=(306) tilderS=(0); result=(set(), 0); rev=0.0
2021-09-18 03:29:41,863 - INFO - load: budget=2; scheme=(0.0,0.0); tilderR=(306) tilderS=(0); result=(set(), 0); rev=0.0
2021-09-18 03:29:41,863 - INFO - ********** (0.0, 0.9, 0.0)
2021-09-18 03:29:41,863 - INFO - max_history_budget=2, max_history_result=(set(), 0, 0.0)
2021-09-18 03:29:41,864 - INFO - load: budget=1; scheme=(0.0,0.0); tilderR=(306) tilderS=(0); result=(set(), 0); rev=0.0
2021-09-18 03:29:41,864 - INFO - load: budget=2; scheme=(0.0,0.0); tilderR=(306) tilderS=(0); result=(set(), 0); rev=0.0
2021-09-18 03:29:41,864 - INFO - ********** (0.0, 1.0, 0.0)
2021-09-18 03:29:41,864 - INFO - max_history_budget=2, max_history_result=(set(), 0, 0.0)
2021-09-18 03:29:41,865 - INFO - load: budget=1; scheme=(0.0,0.0); tilderR=(306) tilderS=(0); result=(set(), 0); rev=0.0
2021-09-18 03:29:41,865 - INFO - load: budget=2; scheme=(0.0,0.0); tilderR=(306) tilderS=(0); result=(set(), 0); rev=0.0
2021-09-18 03:29:41,865 - INFO - ********** (0.1, 0.0, 0.0)
2021-09-18 03:29:41,865 - INFO - max_history_budget=2, max_history_result=(set(), 0, 0.0)
2021-09-18 03:29:41,866 - INFO - load: budget=1; scheme=(0.1,0.0); tilderR=(306) tilderS=(0); result=(set(), 0); rev=0.0
2021-09-18 03:29:41,866 - INFO - load: budget=2; scheme=(0.1,0.0); tilderR=(306) tilderS=(0); result=(set(), 0); rev=0.0
2021-09-18 03:29:41,866 - INFO - ********** (0.1, 0.1, 0.010000000000000002)
2021-09-18 03:29:41,866 - INFO - max_history_budget=2, max_history_result=(set(), 0, 0.0)
2021-09-18 03:29:41,866 - INFO - load: budget=1; scheme=(0.1,0.010000000000000002); tilderR=(306) tilderS=(0); result=(set(), 0); rev=0.0
2021-09-18 03:29:41,867 - INFO - load: budget=2; scheme=(0.1,0.010000000000000002); tilderR=(306) tilderS=(0); result=(set(), 0); rev=0.0
2021-09-18 03:29:41,867 - INFO - ********** (0.1, 0.2, 0.020000000000000004)
2021-09-18 03:29:41,867 - INFO - max_history_budget=2, max_history_result=(set(), 0, 0.0)
2021-09-18 03:29:41,867 - INFO - load: budget=1; scheme=(0.1,0.020000000000000004); tilderR=(306) tilderS=(0); result=(set(), 0); rev=0.0
2021-09-18 03:29:41,867 - INFO - load: budget=2; scheme=(0.1,0.020000000000000004); tilderR=(306) tilderS=(0); result=(set(), 0); rev=0.0
2021-09-18 03:29:41,868 - INFO - ********** (0.1, 0.30000000000000004, 0.030000000000000006)
2021-09-18 03:29:41,868 - INFO - max_history_budget=2, max_history_result=(set(), 0, 0.0)
2021-09-18 03:29:41,868 - INFO - load: budget=1; scheme=(0.1,0.030000000000000006); tilderR=(306) tilderS=(0); result=(set(), 0); rev=0.0
2021-09-18 03:29:41,868 - INFO - load: budget=2; scheme=(0.1,0.030000000000000006); tilderR=(306) tilderS=(0); result=(set(), 0); rev=0.0
2021-09-18 03:29:41,868 - INFO - ********** (0.1, 0.4, 0.04000000000000001)
2021-09-18 03:29:41,870 - INFO - max_history_budget=0, max_history_result=None
2021-09-18 03:29:41,949 - INFO - compute: budget=1; scheme=(0.1,0.04000000000000001); tilderR=(306) tilderS=(1); result=({739}, 9169); rev=550.14
2021-09-18 03:29:41,986 - INFO - compute: budget=2; scheme=(0.1,0.04000000000000001); tilderR=(306) tilderS=(1); result=({739}, 9169); rev=550.14
2021-09-18 03:29:41,986 - INFO - ********** (0.1, 0.5, 0.05)
2021-09-18 03:29:41,988 - INFO - max_history_budget=0, max_history_result=None
2021-09-18 03:29:42,118 - INFO - compute: budget=1; scheme=(0.1,0.05); tilderR=(306) tilderS=(2); result=({301}, 60798); rev=3039.9
2021-09-18 03:29:42,240 - INFO - compute: budget=2; scheme=(0.1,0.05); tilderR=(306) tilderS=(2); result=({739, 301}, 67630); rev=3381.5
2021-09-18 03:29:42,240 - INFO - ********** (0.1, 0.6000000000000001, 0.06000000000000001)
2021-09-18 03:29:42,242 - INFO - max_history_budget=2, max_history_result=({739, 301}, 67630, 3381.5)
2021-09-18 03:29:42,243 - INFO - load: budget=1; scheme=(0.1,0.06000000000000001); tilderR=(306) tilderS=(2); result=({739, 301}, 60798); rev=2431.9199999999996
2021-09-18 03:29:42,244 - INFO - load: budget=2; scheme=(0.1,0.06000000000000001); tilderR=(306) tilderS=(2); result=({739, 301}, 67630); rev=2705.1999999999994
2021-09-18 03:29:42,244 - INFO - ********** (0.1, 0.7000000000000001, 0.07)
2021-09-18 03:29:42,245 - INFO - max_history_budget=2, max_history_result=({739, 301}, 67630, 3381.5)
2021-09-18 03:29:42,246 - INFO - load: budget=1; scheme=(0.1,0.07); tilderR=(306) tilderS=(2); result=({739, 301}, 60798); rev=1823.9399999999998
2021-09-18 03:29:42,247 - INFO - load: budget=2; scheme=(0.1,0.07); tilderR=(306) tilderS=(2); result=({739, 301}, 67630); rev=2028.8999999999999
2021-09-18 03:29:42,247 - INFO - ********** (0.1, 0.8, 0.08000000000000002)
2021-09-18 03:29:42,248 - INFO - max_history_budget=2, max_history_result=({739, 301}, 67630, 3381.5)
2021-09-18 03:29:42,249 - INFO - load: budget=1; scheme=(0.1,0.08000000000000002); tilderR=(306) tilderS=(2); result=({739, 301}, 60798); rev=1215.9599999999994
2021-09-18 03:29:42,250 - INFO - load: budget=2; scheme=(0.1,0.08000000000000002); tilderR=(306) tilderS=(2); result=({739, 301}, 67630); rev=1352.5999999999992
2021-09-18 03:29:42,250 - INFO - ********** (0.1, 0.9, 0.09000000000000001)
2021-09-18 03:29:42,251 - INFO - max_history_budget=2, max_history_result=({739, 301}, 67630, 3381.5)
2021-09-18 03:29:42,252 - INFO - load: budget=1; scheme=(0.1,0.09000000000000001); tilderR=(306) tilderS=(2); result=({739, 301}, 60798); rev=607.9799999999997
2021-09-18 03:29:42,253 - INFO - load: budget=2; scheme=(0.1,0.09000000000000001); tilderR=(306) tilderS=(2); result=({739, 301}, 67630); rev=676.2999999999996
2021-09-18 03:29:42,253 - INFO - ********** (0.1, 1.0, 0.1)
2021-09-18 03:29:42,256 - INFO - max_history_budget=0, max_history_result=None
2021-09-18 03:29:42,426 - INFO - compute: budget=1; scheme=(0.1,0.1); tilderR=(306) tilderS=(3); result=({301}, 60798); rev=0.0
2021-09-18 03:29:42,616 - INFO - compute: budget=2; scheme=(0.1,0.1); tilderR=(306) tilderS=(3); result=({301, 677}, 69877); rev=0.0
2021-09-18 03:29:42,616 - INFO - ********** (0.2, 0.0, 0.0)
2021-09-18 03:29:42,616 - INFO - max_history_budget=2, max_history_result=(set(), 0, 0.0)
2021-09-18 03:29:42,616 - INFO - load: budget=1; scheme=(0.2,0.0); tilderR=(306) tilderS=(0); result=(set(), 0); rev=0.0
2021-09-18 03:29:42,617 - INFO - load: budget=2; scheme=(0.2,0.0); tilderR=(306) tilderS=(0); result=(set(), 0); rev=0.0
2021-09-18 03:29:42,617 - INFO - ********** (0.2, 0.1, 0.020000000000000004)
2021-09-18 03:29:42,617 - INFO - max_history_budget=2, max_history_result=(set(), 0, 0.0)
2021-09-18 03:29:42,617 - INFO - load: budget=1; scheme=(0.2,0.020000000000000004); tilderR=(306) tilderS=(0); result=(set(), 0); rev=0.0
2021-09-18 03:29:42,618 - INFO - load: budget=2; scheme=(0.2,0.020000000000000004); tilderR=(306) tilderS=(0); result=(set(), 0); rev=0.0
2021-09-18 03:29:42,618 - INFO - ********** (0.2, 0.2, 0.04000000000000001)
2021-09-18 03:29:42,619 - INFO - max_history_budget=2, max_history_result=({739}, 9169, 550.14)
2021-09-18 03:29:42,620 - INFO - load: budget=1; scheme=(0.2,0.04000000000000001); tilderR=(306) tilderS=(1); result=({739}, 9169); rev=1467.04
2021-09-18 03:29:42,621 - INFO - load: budget=2; scheme=(0.2,0.04000000000000001); tilderR=(306) tilderS=(1); result=({739}, 9169); rev=1467.04
2021-09-18 03:29:42,621 - INFO - ********** (0.2, 0.30000000000000004, 0.06000000000000001)
2021-09-18 03:29:42,622 - INFO - max_history_budget=2, max_history_result=({739, 301}, 67630, 3381.5)
2021-09-18 03:29:42,624 - INFO - load: budget=1; scheme=(0.2,0.06000000000000001); tilderR=(306) tilderS=(2); result=({739, 301}, 60798); rev=8511.720000000001
2021-09-18 03:29:42,625 - INFO - load: budget=2; scheme=(0.2,0.06000000000000001); tilderR=(306) tilderS=(2); result=({739, 301}, 67630); rev=9468.2
2021-09-18 03:29:42,625 - INFO - ********** (0.2, 0.4, 0.08000000000000002)
2021-09-18 03:29:42,626 - INFO - max_history_budget=2, max_history_result=({739, 301}, 67630, 3381.5)
2021-09-18 03:29:42,628 - INFO - load: budget=1; scheme=(0.2,0.08000000000000002); tilderR=(306) tilderS=(2); result=({739, 301}, 60798); rev=7295.759999999999
2021-09-18 03:29:42,629 - INFO - load: budget=2; scheme=(0.2,0.08000000000000002); tilderR=(306) tilderS=(2); result=({739, 301}, 67630); rev=8115.599999999999
2021-09-18 03:29:42,629 - INFO - ********** (0.2, 0.5, 0.1)
2021-09-18 03:29:42,631 - INFO - max_history_budget=2, max_history_result=({301, 677}, 69877, 0.0)
2021-09-18 03:29:42,634 - INFO - load: budget=1; scheme=(0.2,0.1); tilderR=(306) tilderS=(3); result=({301, 677}, 60798); rev=6079.8
2021-09-18 03:29:42,637 - INFO - load: budget=2; scheme=(0.2,0.1); tilderR=(306) tilderS=(3); result=({301, 677}, 69877); rev=6987.700000000001
2021-09-18 03:29:42,637 - INFO - ********** (0.2, 0.6000000000000001, 0.12000000000000002)
2021-09-18 03:29:42,639 - INFO - max_history_budget=2, max_history_result=({301, 677}, 69877, 0.0)
2021-09-18 03:29:42,641 - INFO - load: budget=1; scheme=(0.2,0.12000000000000002); tilderR=(306) tilderS=(3); result=({301, 677}, 60798); rev=4863.839999999999
2021-09-18 03:29:42,643 - INFO - load: budget=2; scheme=(0.2,0.12000000000000002); tilderR=(306) tilderS=(3); result=({301, 677}, 69877); rev=5590.159999999999
2021-09-18 03:29:42,643 - INFO - ********** (0.2, 0.7000000000000001, 0.14)
2021-09-18 03:29:42,648 - INFO - max_history_budget=0, max_history_result=None
2021-09-18 03:29:42,928 - INFO - compute: budget=1; scheme=(0.2,0.14); tilderR=(306) tilderS=(6); result=({301}, 60798); rev=3647.8799999999997
2021-09-18 03:29:43,300 - INFO - compute: budget=2; scheme=(0.2,0.14); tilderR=(306) tilderS=(6); result=({828, 301}, 71777); rev=4306.62
2021-09-18 03:29:43,300 - INFO - ********** (0.2, 0.8, 0.16000000000000003)
2021-09-18 03:29:43,306 - INFO - max_history_budget=0, max_history_result=None
2021-09-18 03:29:43,653 - INFO - compute: budget=1; scheme=(0.2,0.16000000000000003); tilderR=(306) tilderS=(8); result=({301}, 60798); rev=2431.9199999999987
2021-09-18 03:29:44,138 - INFO - compute: budget=2; scheme=(0.2,0.16000000000000003); tilderR=(306) tilderS=(8); result=({301, 63}, 86455); rev=3458.1999999999985
2021-09-18 03:29:44,138 - INFO - ********** (0.2, 0.9, 0.18000000000000002)
2021-09-18 03:29:44,141 - INFO - max_history_budget=2, max_history_result=({301, 63}, 86455, 3458.1999999999985)
2021-09-18 03:29:44,144 - INFO - load: budget=1; scheme=(0.2,0.18000000000000002); tilderR=(306) tilderS=(8); result=({301, 63}, 60798); rev=1215.9599999999994
2021-09-18 03:29:44,147 - INFO - load: budget=2; scheme=(0.2,0.18000000000000002); tilderR=(306) tilderS=(8); result=({301, 63}, 86455); rev=1729.0999999999992
2021-09-18 03:29:44,147 - INFO - ********** (0.2, 1.0, 0.2)
2021-09-18 03:29:44,153 - INFO - max_history_budget=0, max_history_result=None
2021-09-18 03:29:44,576 - INFO - compute: budget=1; scheme=(0.2,0.2); tilderR=(306) tilderS=(10); result=({301}, 60798); rev=0.0
2021-09-18 03:29:45,183 - INFO - compute: budget=2; scheme=(0.2,0.2); tilderR=(306) tilderS=(10); result=({301, 63}, 86455); rev=0.0
2021-09-18 03:29:45,183 - INFO - ********** (0.30000000000000004, 0.0, 0.0)
2021-09-18 03:29:45,190 - INFO - max_history_budget=0, max_history_result=None
2021-09-18 03:29:45,205 - INFO - compute: budget=1; scheme=(0.30000000000000004,0.0); tilderR=(203) tilderS=(0); result=(set(), 0); rev=0.0
2021-09-18 03:29:45,205 - INFO - compute: budget=2; scheme=(0.30000000000000004,0.0); tilderR=(203) tilderS=(0); result=(set(), 0); rev=0.0
2021-09-18 03:29:45,205 - INFO - ********** (0.30000000000000004, 0.1, 0.030000000000000006)
2021-09-18 03:29:45,209 - INFO - max_history_budget=2, max_history_result=(set(), 0, 0.0)
2021-09-18 03:29:45,212 - INFO - load: budget=1; scheme=(0.30000000000000004,0.030000000000000006); tilderR=(203) tilderS=(0); result=(set(), 0); rev=0.0
2021-09-18 03:29:45,215 - INFO - load: budget=2; scheme=(0.30000000000000004,0.030000000000000006); tilderR=(203) tilderS=(0); result=(set(), 0); rev=0.0
2021-09-18 03:29:45,215 - INFO - ********** (0.30000000000000004, 0.2, 0.06000000000000001)
2021-09-18 03:29:45,222 - INFO - max_history_budget=0, max_history_result=None
2021-09-18 03:29:45,315 - INFO - compute: budget=1; scheme=(0.30000000000000004,0.06000000000000001); tilderR=(203) tilderS=(2); result=({301}, 34527); rev=8286.480000000001
2021-09-18 03:29:45,402 - INFO - compute: budget=2; scheme=(0.30000000000000004,0.06000000000000001); tilderR=(203) tilderS=(2); result=({739, 301}, 37425); rev=8982.000000000002
2021-09-18 03:29:45,402 - INFO - ********** (0.30000000000000004, 0.30000000000000004, 0.09000000000000002)
2021-09-18 03:29:45,406 - INFO - max_history_budget=2, max_history_result=({739, 301}, 37425, 8982.000000000002)
2021-09-18 03:29:45,409 - INFO - load: budget=1; scheme=(0.30000000000000004,0.09000000000000002); tilderR=(203) tilderS=(2); result=({739, 301}, 34527); rev=7250.670000000001
2021-09-18 03:29:45,412 - INFO - load: budget=2; scheme=(0.30000000000000004,0.09000000000000002); tilderR=(203) tilderS=(2); result=({739, 301}, 37425); rev=7859.250000000001
2021-09-18 03:29:45,413 - INFO - ********** (0.30000000000000004, 0.4, 0.12000000000000002)
2021-09-18 03:29:45,420 - INFO - max_history_budget=0, max_history_result=None
2021-09-18 03:29:45,542 - INFO - compute: budget=1; scheme=(0.30000000000000004,0.12000000000000002); tilderR=(203) tilderS=(3); result=({301}, 34527); rev=6214.860000000001
2021-09-18 03:29:45,674 - INFO - compute: budget=2; scheme=(0.30000000000000004,0.12000000000000002); tilderR=(203) tilderS=(3); result=({301, 677}, 39597); rev=7127.460000000001
2021-09-18 03:29:45,674 - INFO - ********** (0.30000000000000004, 0.5, 0.15000000000000002)
2021-09-18 03:29:45,681 - INFO - max_history_budget=0, max_history_result=None
2021-09-18 03:29:45,915 - INFO - compute: budget=1; scheme=(0.30000000000000004,0.15000000000000002); tilderR=(203) tilderS=(7); result=({301}, 34527); rev=5179.050000000001
2021-09-18 03:29:46,218 - INFO - compute: budget=2; scheme=(0.30000000000000004,0.15000000000000002); tilderR=(203) tilderS=(7); result=({828, 301}, 40358); rev=6053.700000000001
2021-09-18 03:29:46,219 - INFO - ********** (0.30000000000000004, 0.6000000000000001, 0.18000000000000005)
2021-09-18 03:29:46,226 - INFO - max_history_budget=0, max_history_result=None
2021-09-18 03:29:46,489 - INFO - compute: budget=1; scheme=(0.30000000000000004,0.18000000000000005); tilderR=(203) tilderS=(8); result=({301}, 34527); rev=4143.24
2021-09-18 03:29:46,837 - INFO - compute: budget=2; scheme=(0.30000000000000004,0.18000000000000005); tilderR=(203) tilderS=(8); result=({301, 63}, 47517); rev=5702.04
2021-09-18 03:29:46,837 - INFO - ********** (0.30000000000000004, 0.7000000000000001, 0.21000000000000005)
2021-09-18 03:29:46,845 - INFO - max_history_budget=0, max_history_result=None
2021-09-18 03:29:47,166 - INFO - compute: budget=1; scheme=(0.30000000000000004,0.21000000000000005); tilderR=(203) tilderS=(10); result=({301}, 34527); rev=3107.43
2021-09-18 03:29:47,593 - INFO - compute: budget=2; scheme=(0.30000000000000004,0.21000000000000005); tilderR=(203) tilderS=(10); result=({301, 63}, 47517); rev=4276.53
2021-09-18 03:29:47,593 - INFO - ********** (0.30000000000000004, 0.8, 0.24000000000000005)
2021-09-18 03:29:47,601 - INFO - max_history_budget=0, max_history_result=None
2021-09-18 03:29:48,003 - INFO - compute: budget=1; scheme=(0.30000000000000004,0.24000000000000005); tilderR=(203) tilderS=(13); result=({301}, 34527); rev=2071.62
2021-09-18 03:29:48,561 - INFO - compute: budget=2; scheme=(0.30000000000000004,0.24000000000000005); tilderR=(203) tilderS=(13); result=({301, 63}, 47517); rev=2851.02
2021-09-18 03:29:48,561 - INFO - ********** (0.30000000000000004, 0.9, 0.2700000000000001)
2021-09-18 03:29:48,569 - INFO - max_history_budget=0, max_history_result=None
2021-09-18 03:29:49,264 - INFO - compute: budget=1; scheme=(0.30000000000000004,0.2700000000000001); tilderR=(203) tilderS=(23); result=({301}, 34527); rev=1035.809999999999
2021-09-18 03:29:50,287 - INFO - compute: budget=2; scheme=(0.30000000000000004,0.2700000000000001); tilderR=(203) tilderS=(23); result=({301, 63}, 47517); rev=1425.5099999999986
2021-09-18 03:29:50,287 - INFO - ********** (0.30000000000000004, 1.0, 0.30000000000000004)
2021-09-18 03:29:50,295 - INFO - max_history_budget=0, max_history_result=None
2021-09-18 03:29:51,313 - INFO - compute: budget=1; scheme=(0.30000000000000004,0.30000000000000004); tilderR=(203) tilderS=(30); result=({301}, 34527); rev=0.0
2021-09-18 03:29:52,591 - INFO - compute: budget=2; scheme=(0.30000000000000004,0.30000000000000004); tilderR=(203) tilderS=(30); result=({104, 301}, 51498); rev=0.0
2021-09-18 03:29:52,591 - INFO - ********** (0.4, 0.0, 0.0)
2021-09-18 03:29:52,600 - INFO - max_history_budget=0, max_history_result=None
2021-09-18 03:29:52,612 - INFO - compute: budget=1; scheme=(0.4,0.0); tilderR=(161) tilderS=(0); result=(set(), 0); rev=0.0
2021-09-18 03:29:52,612 - INFO - compute: budget=2; scheme=(0.4,0.0); tilderR=(161) tilderS=(0); result=(set(), 0); rev=0.0
2021-09-18 03:29:52,613 - INFO - ********** (0.4, 0.1, 0.04000000000000001)
2021-09-18 03:29:52,622 - INFO - max_history_budget=0, max_history_result=None
2021-09-18 03:29:52,668 - INFO - compute: budget=1; scheme=(0.4,0.04000000000000001); tilderR=(161) tilderS=(1); result=({739}, 2565); rev=923.4
2021-09-18 03:29:52,691 - INFO - compute: budget=2; scheme=(0.4,0.04000000000000001); tilderR=(161) tilderS=(1); result=({739}, 2565); rev=923.4
2021-09-18 03:29:52,691 - INFO - ********** (0.4, 0.2, 0.08000000000000002)
2021-09-18 03:29:52,701 - INFO - max_history_budget=0, max_history_result=None
2021-09-18 03:29:52,791 - INFO - compute: budget=1; scheme=(0.4,0.08000000000000002); tilderR=(161) tilderS=(2); result=({301}, 24256); rev=7761.92
2021-09-18 03:29:52,876 - INFO - compute: budget=2; scheme=(0.4,0.08000000000000002); tilderR=(161) tilderS=(2); result=({739, 301}, 26139); rev=8364.48
2021-09-18 03:29:52,877 - INFO - ********** (0.4, 0.30000000000000004, 0.12000000000000002)
2021-09-18 03:29:52,886 - INFO - max_history_budget=0, max_history_result=None
2021-09-18 03:29:52,985 - INFO - compute: budget=1; scheme=(0.4,0.12000000000000002); tilderR=(161) tilderS=(3); result=({301}, 24256); rev=6791.68
2021-09-18 03:29:53,093 - INFO - compute: budget=2; scheme=(0.4,0.12000000000000002); tilderR=(161) tilderS=(3); result=({301, 677}, 27949); rev=7825.720000000001
2021-09-18 03:29:53,093 - INFO - ********** (0.4, 0.4, 0.16000000000000003)
2021-09-18 03:29:53,103 - INFO - max_history_budget=0, max_history_result=None
2021-09-18 03:29:53,320 - INFO - compute: budget=1; scheme=(0.4,0.16000000000000003); tilderR=(161) tilderS=(8); result=({301}, 24256); rev=5821.44
2021-09-18 03:29:53,599 - INFO - compute: budget=2; scheme=(0.4,0.16000000000000003); tilderR=(161) tilderS=(8); result=({301, 63}, 33759); rev=8102.16
2021-09-18 03:29:53,599 - INFO - ********** (0.4, 0.5, 0.2)
2021-09-18 03:29:53,609 - INFO - max_history_budget=0, max_history_result=None
2021-09-18 03:29:53,872 - INFO - compute: budget=1; scheme=(0.4,0.2); tilderR=(161) tilderS=(10); result=({301}, 24256); rev=4851.2
2021-09-18 03:29:54,218 - INFO - compute: budget=2; scheme=(0.4,0.2); tilderR=(161) tilderS=(10); result=({301, 63}, 33759); rev=6751.8
2021-09-18 03:29:54,218 - INFO - ********** (0.4, 0.6000000000000001, 0.24000000000000005)
2021-09-18 03:29:54,228 - INFO - max_history_budget=0, max_history_result=None
2021-09-18 03:29:54,550 - INFO - compute: budget=1; scheme=(0.4,0.24000000000000005); tilderR=(161) tilderS=(13); result=({301}, 24256); rev=3880.9599999999996
2021-09-18 03:29:54,999 - INFO - compute: budget=2; scheme=(0.4,0.24000000000000005); tilderR=(161) tilderS=(13); result=({301, 63}, 33759); rev=5401.44
2021-09-18 03:29:54,999 - INFO - ********** (0.4, 0.7000000000000001, 0.28)
2021-09-18 03:29:55,010 - INFO - max_history_budget=0, max_history_result=None
2021-09-18 03:29:55,603 - INFO - compute: budget=1; scheme=(0.4,0.28); tilderR=(161) tilderS=(25); result=({301}, 24256); rev=2910.72
2021-09-18 03:29:56,451 - INFO - compute: budget=2; scheme=(0.4,0.28); tilderR=(161) tilderS=(25); result=({301, 63}, 33759); rev=4051.08
2021-09-18 03:29:56,451 - INFO - ********** (0.4, 0.8, 0.32000000000000006)
2021-09-18 03:29:56,462 - INFO - max_history_budget=0, max_history_result=None
2021-09-18 03:29:57,212 - INFO - compute: budget=1; scheme=(0.4,0.32000000000000006); tilderR=(161) tilderS=(32); result=({301}, 24256); rev=1940.479999999999
2021-09-18 03:29:58,306 - INFO - compute: budget=2; scheme=(0.4,0.32000000000000006); tilderR=(161) tilderS=(32); result=({104, 301}, 37007); rev=2960.5599999999986
2021-09-18 03:29:58,307 - INFO - ********** (0.4, 0.9, 0.36000000000000004)
2021-09-18 03:29:58,317 - INFO - max_history_budget=0, max_history_result=None
2021-09-18 03:29:59,346 - INFO - compute: budget=1; scheme=(0.4,0.36000000000000004); tilderR=(161) tilderS=(45); result=({301}, 24256); rev=970.2399999999996
2021-09-18 03:30:00,861 - INFO - compute: budget=2; scheme=(0.4,0.36000000000000004); tilderR=(161) tilderS=(45); result=({104, 301}, 37007); rev=1480.2799999999993
2021-09-18 03:30:00,861 - INFO - ********** (0.4, 1.0, 0.4)
2021-09-18 03:30:00,874 - INFO - max_history_budget=0, max_history_result=None
2021-09-18 03:30:02,262 - INFO - compute: budget=1; scheme=(0.4,0.4); tilderR=(161) tilderS=(60); result=({301}, 24256); rev=0.0
2021-09-18 03:30:04,363 - INFO - compute: budget=2; scheme=(0.4,0.4); tilderR=(161) tilderS=(60); result=({104, 301}, 37007); rev=0.0
2021-09-18 03:30:04,363 - INFO - ********** (0.5, 0.0, 0.0)
2021-09-18 03:30:04,375 - INFO - max_history_budget=0, max_history_result=None
2021-09-18 03:30:04,384 - INFO - compute: budget=1; scheme=(0.5,0.0); tilderR=(109) tilderS=(0); result=(set(), 0); rev=0.0
2021-09-18 03:30:04,384 - INFO - compute: budget=2; scheme=(0.5,0.0); tilderR=(109) tilderS=(0); result=(set(), 0); rev=0.0
2021-09-18 03:30:04,385 - INFO - ********** (0.5, 0.1, 0.05)
2021-09-18 03:30:04,397 - INFO - max_history_budget=0, max_history_result=None
2021-09-18 03:30:04,450 - INFO - compute: budget=1; scheme=(0.5,0.05); tilderR=(109) tilderS=(2); result=({301}, 12310); rev=5539.5
2021-09-18 03:30:04,502 - INFO - compute: budget=2; scheme=(0.5,0.05); tilderR=(109) tilderS=(2); result=({739, 301}, 13396); rev=6028.2
2021-09-18 03:30:04,502 - INFO - ********** (0.5, 0.2, 0.1)
2021-09-18 03:30:04,514 - INFO - max_history_budget=0, max_history_result=None
2021-09-18 03:30:04,584 - INFO - compute: budget=1; scheme=(0.5,0.1); tilderR=(109) tilderS=(3); result=({301}, 12310); rev=4924.0
2021-09-18 03:30:04,658 - INFO - compute: budget=2; scheme=(0.5,0.1); tilderR=(109) tilderS=(3); result=({301, 677}, 14574); rev=5829.6
2021-09-18 03:30:04,659 - INFO - ********** (0.5, 0.30000000000000004, 0.15000000000000002)
2021-09-18 03:30:04,671 - INFO - max_history_budget=0, max_history_result=None
2021-09-18 03:30:04,810 - INFO - compute: budget=1; scheme=(0.5,0.15000000000000002); tilderR=(109) tilderS=(7); result=({301}, 12310); rev=4308.5
2021-09-18 03:30:04,989 - INFO - compute: budget=2; scheme=(0.5,0.15000000000000002); tilderR=(109) tilderS=(7); result=({828, 301}, 14748); rev=5161.799999999999
2021-09-18 03:30:04,990 - INFO - ********** (0.5, 0.4, 0.2)
2021-09-18 03:30:05,002 - INFO - max_history_budget=0, max_history_result=None
2021-09-18 03:30:05,188 - INFO - compute: budget=1; scheme=(0.5,0.2); tilderR=(109) tilderS=(10); result=({301}, 12310); rev=3693.0
2021-09-18 03:30:05,433 - INFO - compute: budget=2; scheme=(0.5,0.2); tilderR=(109) tilderS=(10); result=({301, 63}, 19014); rev=5704.2
2021-09-18 03:30:05,434 - INFO - ********** (0.5, 0.5, 0.25)
2021-09-18 03:30:05,446 - INFO - max_history_budget=0, max_history_result=None
2021-09-18 03:30:05,765 - INFO - compute: budget=1; scheme=(0.5,0.25); tilderR=(109) tilderS=(17); result=({301}, 12310); rev=3077.5
2021-09-18 03:30:06,207 - INFO - compute: budget=2; scheme=(0.5,0.25); tilderR=(109) tilderS=(17); result=({301, 63}, 19014); rev=4753.5
2021-09-18 03:30:06,207 - INFO - ********** (0.5, 0.6000000000000001, 0.30000000000000004)
2021-09-18 03:30:06,220 - INFO - max_history_budget=0, max_history_result=None
2021-09-18 03:30:06,737 - INFO - compute: budget=1; scheme=(0.5,0.30000000000000004); tilderR=(109) tilderS=(30); result=({301}, 12310); rev=2461.9999999999995
2021-09-18 03:30:07,469 - INFO - compute: budget=2; scheme=(0.5,0.30000000000000004); tilderR=(109) tilderS=(30); result=({104, 301}, 21162); rev=4232.399999999999
2021-09-18 03:30:07,469 - INFO - ********** (0.5, 0.7000000000000001, 0.35000000000000003)
2021-09-18 03:30:07,482 - INFO - max_history_budget=0, max_history_result=None
2021-09-18 03:30:08,182 - INFO - compute: budget=1; scheme=(0.5,0.35000000000000003); tilderR=(109) tilderS=(43); result=({301}, 12310); rev=1846.4999999999995
2021-09-18 03:30:09,227 - INFO - compute: budget=2; scheme=(0.5,0.35000000000000003); tilderR=(109) tilderS=(43); result=({104, 301}, 21162); rev=3174.2999999999993
2021-09-18 03:30:09,228 - INFO - ********** (0.5, 0.8, 0.4)
2021-09-18 03:30:09,240 - INFO - max_history_budget=0, max_history_result=None
2021-09-18 03:30:10,192 - INFO - compute: budget=1; scheme=(0.5,0.4); tilderR=(109) tilderS=(60); result=({301}, 12310); rev=1230.9999999999998
2021-09-18 03:30:11,587 - INFO - compute: budget=2; scheme=(0.5,0.4); tilderR=(109) tilderS=(60); result=({104, 301}, 21162); rev=2116.1999999999994
2021-09-18 03:30:11,587 - INFO - ********** (0.5, 0.9, 0.45)
2021-09-18 03:30:11,600 - INFO - max_history_budget=0, max_history_result=None
2021-09-18 03:30:12,893 - INFO - compute: budget=1; scheme=(0.5,0.45); tilderR=(109) tilderS=(82); result=({301}, 12310); rev=615.4999999999999
2021-09-18 03:30:14,791 - INFO - compute: budget=2; scheme=(0.5,0.45); tilderR=(109) tilderS=(82); result=({104, 301}, 21162); rev=1058.0999999999997
2021-09-18 03:30:14,791 - INFO - ********** (0.5, 1.0, 0.5)
2021-09-18 03:30:14,805 - INFO - max_history_budget=0, max_history_result=None
2021-09-18 03:30:16,431 - INFO - compute: budget=1; scheme=(0.5,0.5); tilderR=(109) tilderS=(104); result=({301}, 12310); rev=0.0
2021-09-18 03:30:18,869 - INFO - compute: budget=2; scheme=(0.5,0.5); tilderR=(109) tilderS=(104); result=({104, 301}, 21162); rev=0.0
2021-09-18 03:30:18,870 - INFO - ********** (0.6000000000000001, 0.0, 0.0)
2021-09-18 03:30:18,884 - INFO - max_history_budget=0, max_history_result=None
2021-09-18 03:30:18,889 - INFO - compute: budget=1; scheme=(0.6000000000000001,0.0); tilderR=(58) tilderS=(0); result=(set(), 0); rev=0.0
2021-09-18 03:30:18,890 - INFO - compute: budget=2; scheme=(0.6000000000000001,0.0); tilderR=(58) tilderS=(0); result=(set(), 0); rev=0.0
2021-09-18 03:30:18,890 - INFO - ********** (0.6000000000000001, 0.1, 0.06000000000000001)
2021-09-18 03:30:18,905 - INFO - max_history_budget=0, max_history_result=None
2021-09-18 03:30:18,935 - INFO - compute: budget=1; scheme=(0.6000000000000001,0.06000000000000001); tilderR=(58) tilderS=(2); result=({301}, 3508); rev=1894.3200000000002
2021-09-18 03:30:18,967 - INFO - compute: budget=2; scheme=(0.6000000000000001,0.06000000000000001); tilderR=(58) tilderS=(2); result=({739, 301}, 3833); rev=2069.82
2021-09-18 03:30:18,968 - INFO - ********** (0.6000000000000001, 0.2, 0.12000000000000002)
2021-09-18 03:30:18,983 - INFO - max_history_budget=0, max_history_result=None
2021-09-18 03:30:19,024 - INFO - compute: budget=1; scheme=(0.6000000000000001,0.12000000000000002); tilderR=(58) tilderS=(3); result=({301}, 3508); rev=1683.8400000000004
2021-09-18 03:30:19,067 - INFO - compute: budget=2; scheme=(0.6000000000000001,0.12000000000000002); tilderR=(58) tilderS=(3); result=({301, 677}, 4480); rev=2150.4000000000005
2021-09-18 03:30:19,067 - INFO - ********** (0.6000000000000001, 0.30000000000000004, 0.18000000000000005)
2021-09-18 03:30:19,082 - INFO - max_history_budget=0, max_history_result=None
2021-09-18 03:30:19,167 - INFO - compute: budget=1; scheme=(0.6000000000000001,0.18000000000000005); tilderR=(58) tilderS=(8); result=({63}, 3986); rev=1674.1200000000001
2021-09-18 03:30:19,279 - INFO - compute: budget=2; scheme=(0.6000000000000001,0.18000000000000005); tilderR=(58) tilderS=(8); result=({301, 63}, 7477); rev=3140.34
2021-09-18 03:30:19,279 - INFO - ********** (0.6000000000000001, 0.4, 0.24000000000000005)
2021-09-18 03:30:19,294 - INFO - max_history_budget=0, max_history_result=None
2021-09-18 03:30:19,425 - INFO - compute: budget=1; scheme=(0.6000000000000001,0.24000000000000005); tilderR=(58) tilderS=(13); result=({63}, 3986); rev=1434.9600000000003
2021-09-18 03:30:19,602 - INFO - compute: budget=2; scheme=(0.6000000000000001,0.24000000000000005); tilderR=(58) tilderS=(13); result=({301, 63}, 7477); rev=2691.7200000000003
2021-09-18 03:30:19,602 - INFO - ********** (0.6000000000000001, 0.5, 0.30000000000000004)
2021-09-18 03:30:19,618 - INFO - max_history_budget=0, max_history_result=None
2021-09-18 03:30:19,901 - INFO - compute: budget=1; scheme=(0.6000000000000001,0.30000000000000004); tilderR=(58) tilderS=(30); result=({104}, 5064); rev=1519.2000000000003
2021-09-18 03:30:20,318 - INFO - compute: budget=2; scheme=(0.6000000000000001,0.30000000000000004); tilderR=(58) tilderS=(30); result=({104, 63}, 7198); rev=2159.4000000000005
2021-09-18 03:30:20,319 - INFO - ********** (0.6000000000000001, 0.6000000000000001, 0.3600000000000001)
2021-09-18 03:30:20,335 - INFO - max_history_budget=0, max_history_result=None
2021-09-18 03:30:20,769 - INFO - compute: budget=1; scheme=(0.6000000000000001,0.3600000000000001); tilderR=(58) tilderS=(45); result=({104}, 5064); rev=1215.36
2021-09-18 03:30:21,405 - INFO - compute: budget=2; scheme=(0.6000000000000001,0.3600000000000001); tilderR=(58) tilderS=(45); result=({104, 63}, 7198); rev=1727.52
2021-09-18 03:30:21,405 - INFO - ********** (0.6000000000000001, 0.7000000000000001, 0.4200000000000001)
2021-09-18 03:30:21,423 - INFO - max_history_budget=0, max_history_result=None
2021-09-18 03:30:22,060 - INFO - compute: budget=1; scheme=(0.6000000000000001,0.4200000000000001); tilderR=(58) tilderS=(70); result=({104}, 5064); rev=911.52
2021-09-18 03:30:22,950 - INFO - compute: budget=2; scheme=(0.6000000000000001,0.4200000000000001); tilderR=(58) tilderS=(70); result=({104, 63}, 7198); rev=1295.6399999999999
2021-09-18 03:30:22,950 - INFO - ********** (0.6000000000000001, 0.8, 0.4800000000000001)
2021-09-18 03:30:22,966 - INFO - max_history_budget=0, max_history_result=None
2021-09-18 03:30:23,769 - INFO - compute: budget=1; scheme=(0.6000000000000001,0.4800000000000001); tilderR=(58) tilderS=(94); result=({104}, 5064); rev=607.68
2021-09-18 03:30:24,912 - INFO - compute: budget=2; scheme=(0.6000000000000001,0.4800000000000001); tilderR=(58) tilderS=(94); result=({104, 63}, 7198); rev=863.76
2021-09-18 03:30:24,912 - INFO - ********** (0.6000000000000001, 0.9, 0.5400000000000001)
2021-09-18 03:30:24,928 - INFO - max_history_budget=0, max_history_result=None
2021-09-18 03:30:25,922 - INFO - compute: budget=1; scheme=(0.6000000000000001,0.5400000000000001); tilderR=(58) tilderS=(119); result=({104}, 5064); rev=303.8399999999997
2021-09-18 03:30:27,363 - INFO - compute: budget=2; scheme=(0.6000000000000001,0.5400000000000001); tilderR=(58) tilderS=(119); result=({104, 63}, 7198); rev=431.8799999999996
2021-09-18 03:30:27,364 - INFO - ********** (0.6000000000000001, 1.0, 0.6000000000000001)
2021-09-18 03:30:27,380 - INFO - max_history_budget=0, max_history_result=None
2021-09-18 03:30:28,617 - INFO - compute: budget=1; scheme=(0.6000000000000001,0.6000000000000001); tilderR=(58) tilderS=(150); result=({104}, 5064); rev=0.0
2021-09-18 03:30:30,418 - INFO - compute: budget=2; scheme=(0.6000000000000001,0.6000000000000001); tilderR=(58) tilderS=(150); result=({104, 63}, 7198); rev=0.0
2021-09-18 03:30:30,419 - INFO - ********** (0.7000000000000001, 0.0, 0.0)
2021-09-18 03:30:30,434 - INFO - max_history_budget=0, max_history_result=None
2021-09-18 03:30:30,437 - INFO - compute: budget=1; scheme=(0.7000000000000001,0.0); tilderR=(29) tilderS=(0); result=(set(), 0); rev=0.0
2021-09-18 03:30:30,437 - INFO - compute: budget=2; scheme=(0.7000000000000001,0.0); tilderR=(29) tilderS=(0); result=(set(), 0); rev=0.0
2021-09-18 03:30:30,437 - INFO - ********** (0.7000000000000001, 0.1, 0.07)
2021-09-18 03:30:30,454 - INFO - max_history_budget=0, max_history_result=None
2021-09-18 03:30:30,469 - INFO - compute: budget=1; scheme=(0.7000000000000001,0.07); tilderR=(29) tilderS=(2); result=({301}, 652); rev=410.76000000000005
2021-09-18 03:30:30,483 - INFO - compute: budget=2; scheme=(0.7000000000000001,0.07); tilderR=(29) tilderS=(2); result=({739, 301}, 748); rev=471.24000000000007
2021-09-18 03:30:30,483 - INFO - ********** (0.7000000000000001, 0.2, 0.14)
2021-09-18 03:30:30,500 - INFO - max_history_budget=0, max_history_result=None
2021-09-18 03:30:30,534 - INFO - compute: budget=1; scheme=(0.7000000000000001,0.14); tilderR=(29) tilderS=(6); result=({301}, 652); rev=365.12000000000006
2021-09-18 03:30:30,575 - INFO - compute: budget=2; scheme=(0.7000000000000001,0.14); tilderR=(29) tilderS=(6); result=({301, 677}, 1010); rev=565.6
2021-09-18 03:30:30,575 - INFO - ********** (0.7000000000000001, 0.30000000000000004, 0.21000000000000005)
2021-09-18 03:30:30,593 - INFO - max_history_budget=0, max_history_result=None
2021-09-18 03:30:30,646 - INFO - compute: budget=1; scheme=(0.7000000000000001,0.21000000000000005); tilderR=(29) tilderS=(10); result=({63}, 2012); rev=985.88
2021-09-18 03:30:30,713 - INFO - compute: budget=2; scheme=(0.7000000000000001,0.21000000000000005); tilderR=(29) tilderS=(10); result=({301, 63}, 2662); rev=1304.3799999999999
2021-09-18 03:30:30,713 - INFO - ********** (0.7000000000000001, 0.4, 0.28)
2021-09-18 03:30:30,731 - INFO - max_history_budget=0, max_history_result=None
2021-09-18 03:30:30,848 - INFO - compute: budget=1; scheme=(0.7000000000000001,0.28); tilderR=(29) tilderS=(25); result=({63}, 2012); rev=845.0400000000001
2021-09-18 03:30:31,004 - INFO - compute: budget=2; scheme=(0.7000000000000001,0.28); tilderR=(29) tilderS=(25); result=({65, 63}, 2889); rev=1213.38
2021-09-18 03:30:31,004 - INFO - ********** (0.7000000000000001, 0.5, 0.35000000000000003)
2021-09-18 03:30:31,022 - INFO - max_history_budget=0, max_history_result=None
2021-09-18 03:30:31,212 - INFO - compute: budget=1; scheme=(0.7000000000000001,0.35000000000000003); tilderR=(29) tilderS=(43); result=({104}, 2540); rev=889.0000000000001
2021-09-18 03:30:31,480 - INFO - compute: budget=2; scheme=(0.7000000000000001,0.35000000000000003); tilderR=(29) tilderS=(43); result=({104, 63}, 3642); rev=1274.7
2021-09-18 03:30:31,480 - INFO - ********** (0.7000000000000001, 0.6000000000000001, 0.4200000000000001)
2021-09-18 03:30:31,499 - INFO - max_history_budget=0, max_history_result=None
2021-09-18 03:30:31,804 - INFO - compute: budget=1; scheme=(0.7000000000000001,0.4200000000000001); tilderR=(29) tilderS=(70); result=({104}, 2540); rev=711.1999999999999
2021-09-18 03:30:32,240 - INFO - compute: budget=2; scheme=(0.7000000000000001,0.4200000000000001); tilderR=(29) tilderS=(70); result=({104, 63}, 3642); rev=1019.7599999999999
2021-09-18 03:30:32,241 - INFO - ********** (0.7000000000000001, 0.7000000000000001, 0.4900000000000001)
2021-09-18 03:30:32,259 - INFO - max_history_budget=0, max_history_result=None
2021-09-18 03:30:32,691 - INFO - compute: budget=1; scheme=(0.7000000000000001,0.4900000000000001); tilderR=(29) tilderS=(100); result=({104}, 2540); rev=533.3999999999999
2021-09-18 03:30:33,306 - INFO - compute: budget=2; scheme=(0.7000000000000001,0.4900000000000001); tilderR=(29) tilderS=(100); result=({104, 63}, 3642); rev=764.8199999999998
2021-09-18 03:30:33,306 - INFO - ********** (0.7000000000000001, 0.8, 0.56)
2021-09-18 03:30:33,324 - INFO - max_history_budget=0, max_history_result=None
2021-09-18 03:30:33,871 - INFO - compute: budget=1; scheme=(0.7000000000000001,0.56); tilderR=(29) tilderS=(128); result=({104}, 2540); rev=355.6
2021-09-18 03:30:34,652 - INFO - compute: budget=2; scheme=(0.7000000000000001,0.56); tilderR=(29) tilderS=(128); result=({104, 63}, 3642); rev=509.88000000000005
2021-09-18 03:30:34,652 - INFO - ********** (0.7000000000000001, 0.9, 0.6300000000000001)
2021-09-18 03:30:34,671 - INFO - max_history_budget=0, max_history_result=None
2021-09-18 03:30:35,428 - INFO - compute: budget=1; scheme=(0.7000000000000001,0.6300000000000001); tilderR=(29) tilderS=(179); result=({104}, 2540); rev=177.79999999999987
2021-09-18 03:30:36,517 - INFO - compute: budget=2; scheme=(0.7000000000000001,0.6300000000000001); tilderR=(29) tilderS=(179); result=({104, 63}, 3642); rev=254.93999999999983
2021-09-18 03:30:36,517 - INFO - ********** (0.7000000000000001, 1.0, 0.7000000000000001)
2021-09-18 03:30:36,535 - INFO - max_history_budget=0, max_history_result=None
2021-09-18 03:30:37,496 - INFO - compute: budget=1; scheme=(0.7000000000000001,0.7000000000000001); tilderR=(29) tilderS=(226); result=({104}, 2540); rev=0.0
2021-09-18 03:30:38,899 - INFO - compute: budget=2; scheme=(0.7000000000000001,0.7000000000000001); tilderR=(29) tilderS=(226); result=({104, 63}, 3642); rev=0.0
2021-09-18 03:30:38,899 - INFO - ********** (0.8, 0.0, 0.0)
2021-09-18 03:30:38,918 - INFO - max_history_budget=0, max_history_result=None
2021-09-18 03:30:38,919 - INFO - compute: budget=1; scheme=(0.8,0.0); tilderR=(13) tilderS=(0); result=(set(), 0); rev=0.0
2021-09-18 03:30:38,919 - INFO - compute: budget=2; scheme=(0.8,0.0); tilderR=(13) tilderS=(0); result=(set(), 0); rev=0.0
2021-09-18 03:30:38,919 - INFO - ********** (0.8, 0.1, 0.08000000000000002)
2021-09-18 03:30:38,938 - INFO - max_history_budget=0, max_history_result=None
2021-09-18 03:30:38,945 - INFO - compute: budget=1; scheme=(0.8,0.08000000000000002); tilderR=(13) tilderS=(2); result=({739}, 29); rev=20.88
2021-09-18 03:30:38,952 - INFO - compute: budget=2; scheme=(0.8,0.08000000000000002); tilderR=(13) tilderS=(2); result=({739, 301}, 29); rev=20.88
2021-09-18 03:30:38,952 - INFO - ********** (0.8, 0.2, 0.16000000000000003)
2021-09-18 03:30:38,972 - INFO - max_history_budget=0, max_history_result=None
2021-09-18 03:30:38,991 - INFO - compute: budget=1; scheme=(0.8,0.16000000000000003); tilderR=(13) tilderS=(8); result=({63}, 768); rev=491.52
2021-09-18 03:30:39,017 - INFO - compute: budget=2; scheme=(0.8,0.16000000000000003); tilderR=(13) tilderS=(8); result=({677, 63}, 919); rev=588.16
2021-09-18 03:30:39,017 - INFO - ********** (0.8, 0.30000000000000004, 0.24000000000000005)
2021-09-18 03:30:39,037 - INFO - max_history_budget=0, max_history_result=None
2021-09-18 03:30:39,067 - INFO - compute: budget=1; scheme=(0.8,0.24000000000000005); tilderR=(13) tilderS=(13); result=({63}, 768); rev=430.08000000000004
2021-09-18 03:30:39,106 - INFO - compute: budget=2; scheme=(0.8,0.24000000000000005); tilderR=(13) tilderS=(13); result=({677, 63}, 919); rev=514.6400000000001
2021-09-18 03:30:39,106 - INFO - ********** (0.8, 0.4, 0.32000000000000006)
2021-09-18 03:30:39,126 - INFO - max_history_budget=0, max_history_result=None
2021-09-18 03:30:39,195 - INFO - compute: budget=1; scheme=(0.8,0.32000000000000006); tilderR=(13) tilderS=(32); result=({104}, 1043); rev=500.64
2021-09-18 03:30:39,287 - INFO - compute: budget=2; scheme=(0.8,0.32000000000000006); tilderR=(13) tilderS=(32); result=({104, 63}, 1491); rev=715.68
2021-09-18 03:30:39,287 - INFO - ********** (0.8, 0.5, 0.4)
2021-09-18 03:30:39,306 - INFO - max_history_budget=0, max_history_result=None
2021-09-18 03:30:39,430 - INFO - compute: budget=1; scheme=(0.8,0.4); tilderR=(13) tilderS=(60); result=({104}, 1043); rev=417.20000000000005
2021-09-18 03:30:39,604 - INFO - compute: budget=2; scheme=(0.8,0.4); tilderR=(13) tilderS=(60); result=({104, 63}, 1491); rev=596.4
2021-09-18 03:30:39,604 - INFO - ********** (0.8, 0.6000000000000001, 0.4800000000000001)
2021-09-18 03:30:39,623 - INFO - max_history_budget=0, max_history_result=None
2021-09-18 03:30:39,816 - INFO - compute: budget=1; scheme=(0.8,0.4800000000000001); tilderR=(13) tilderS=(94); result=({104}, 1043); rev=333.75999999999993
2021-09-18 03:30:40,086 - INFO - compute: budget=2; scheme=(0.8,0.4800000000000001); tilderR=(13) tilderS=(94); result=({104, 63}, 1491); rev=477.11999999999995
2021-09-18 03:30:40,086 - INFO - ********** (0.8, 0.7000000000000001, 0.56)
2021-09-18 03:30:40,106 - INFO - max_history_budget=0, max_history_result=None
2021-09-18 03:30:40,365 - INFO - compute: budget=1; scheme=(0.8,0.56); tilderR=(13) tilderS=(128); result=({104}, 1043); rev=250.32
2021-09-18 03:30:40,735 - INFO - compute: budget=2; scheme=(0.8,0.56); tilderR=(13) tilderS=(128); result=({104, 63}, 1491); rev=357.84
2021-09-18 03:30:40,735 - INFO - ********** (0.8, 0.8, 0.6400000000000001)
2021-09-18 03:30:40,755 - INFO - max_history_budget=0, max_history_result=None
2021-09-18 03:30:41,122 - INFO - compute: budget=1; scheme=(0.8,0.6400000000000001); tilderR=(13) tilderS=(189); result=({104}, 1043); rev=166.8799999999999
2021-09-18 03:30:41,719 - INFO - compute: budget=2; scheme=(0.8,0.6400000000000001); tilderR=(13) tilderS=(189); result=({104, 63}, 1491); rev=238.5599999999999
2021-09-18 03:30:41,720 - INFO - ********** (0.8, 0.9, 0.7200000000000001)
2021-09-18 03:30:41,750 - INFO - max_history_budget=0, max_history_result=None
2021-09-18 03:30:42,259 - INFO - compute: budget=1; scheme=(0.8,0.7200000000000001); tilderR=(13) tilderS=(238); result=({104}, 1043); rev=83.43999999999996
2021-09-18 03:30:43,037 - INFO - compute: budget=2; scheme=(0.8,0.7200000000000001); tilderR=(13) tilderS=(238); result=({104, 63}, 1491); rev=119.27999999999994
2021-09-18 03:30:43,037 - INFO - ********** (0.8, 1.0, 0.8)
2021-09-18 03:30:43,061 - INFO - max_history_budget=0, max_history_result=None
2021-09-18 03:30:43,674 - INFO - compute: budget=1; scheme=(0.8,0.8); tilderR=(13) tilderS=(306); result=({104}, 1043); rev=0.0
2021-09-18 03:30:44,531 - INFO - compute: budget=2; scheme=(0.8,0.8); tilderR=(13) tilderS=(306); result=({104, 63}, 1491); rev=0.0
2021-09-18 03:30:44,531 - INFO - ********** (0.9, 0.0, 0.0)
2021-09-18 03:30:44,554 - INFO - max_history_budget=0, max_history_result=None
2021-09-18 03:30:44,555 - INFO - compute: budget=1; scheme=(0.9,0.0); tilderR=(4) tilderS=(0); result=(set(), 0); rev=0.0
2021-09-18 03:30:44,555 - INFO - compute: budget=2; scheme=(0.9,0.0); tilderR=(4) tilderS=(0); result=(set(), 0); rev=0.0
2021-09-18 03:30:44,555 - INFO - ********** (0.9, 0.1, 0.09000000000000001)
2021-09-18 03:30:44,577 - INFO - max_history_budget=0, max_history_result=None
2021-09-18 03:30:44,580 - INFO - compute: budget=1; scheme=(0.9,0.09000000000000001); tilderR=(4) tilderS=(2); result=({739}, 16); rev=12.96
2021-09-18 03:30:44,582 - INFO - compute: budget=2; scheme=(0.9,0.09000000000000001); tilderR=(4) tilderS=(2); result=({739, 301}, 16); rev=12.96
2021-09-18 03:30:44,582 - INFO - ********** (0.9, 0.2, 0.18000000000000002)
2021-09-18 03:30:44,604 - INFO - max_history_budget=0, max_history_result=None
2021-09-18 03:30:44,611 - INFO - compute: budget=1; scheme=(0.9,0.18000000000000002); tilderR=(4) tilderS=(8); result=({63}, 139); rev=100.08
2021-09-18 03:30:44,619 - INFO - compute: budget=2; scheme=(0.9,0.18000000000000002); tilderR=(4) tilderS=(8); result=({828, 63}, 187); rev=134.64
2021-09-18 03:30:44,619 - INFO - ********** (0.9, 0.30000000000000004, 0.2700000000000001)
2021-09-18 03:30:44,642 - INFO - max_history_budget=0, max_history_result=None
2021-09-18 03:30:44,658 - INFO - compute: budget=1; scheme=(0.9,0.2700000000000001); tilderR=(4) tilderS=(23); result=({63}, 139); rev=87.56999999999998
2021-09-18 03:30:44,679 - INFO - compute: budget=2; scheme=(0.9,0.2700000000000001); tilderR=(4) tilderS=(23); result=({65, 63}, 214); rev=134.81999999999996
2021-09-18 03:30:44,680 - INFO - ********** (0.9, 0.4, 0.36000000000000004)
2021-09-18 03:30:44,702 - INFO - max_history_budget=0, max_history_result=None
2021-09-18 03:30:44,732 - INFO - compute: budget=1; scheme=(0.9,0.36000000000000004); tilderR=(4) tilderS=(45); result=({104}, 228); rev=123.12
2021-09-18 03:30:44,774 - INFO - compute: budget=2; scheme=(0.9,0.36000000000000004); tilderR=(4) tilderS=(45); result=({104, 63}, 318); rev=171.72
2021-09-18 03:30:44,774 - INFO - ********** (0.9, 0.5, 0.45)
2021-09-18 03:30:44,797 - INFO - max_history_budget=0, max_history_result=None
2021-09-18 03:30:44,850 - INFO - compute: budget=1; scheme=(0.9,0.45); tilderR=(4) tilderS=(82); result=({104}, 228); rev=102.60000000000001
2021-09-18 03:30:44,927 - INFO - compute: budget=2; scheme=(0.9,0.45); tilderR=(4) tilderS=(82); result=({104, 63}, 318); rev=143.1
2021-09-18 03:30:44,927 - INFO - ********** (0.9, 0.6000000000000001, 0.5400000000000001)
2021-09-18 03:30:44,950 - INFO - max_history_budget=0, max_history_result=None
2021-09-18 03:30:45,029 - INFO - compute: budget=1; scheme=(0.9,0.5400000000000001); tilderR=(4) tilderS=(119); result=({104}, 228); rev=82.07999999999997
2021-09-18 03:30:45,138 - INFO - compute: budget=2; scheme=(0.9,0.5400000000000001); tilderR=(4) tilderS=(119); result=({104, 63}, 318); rev=114.47999999999996
2021-09-18 03:30:45,139 - INFO - ********** (0.9, 0.7000000000000001, 0.6300000000000001)
2021-09-18 03:30:45,162 - INFO - max_history_budget=0, max_history_result=None
2021-09-18 03:30:45,277 - INFO - compute: budget=1; scheme=(0.9,0.6300000000000001); tilderR=(4) tilderS=(179); result=({104}, 228); rev=61.55999999999998
2021-09-18 03:30:45,439 - INFO - compute: budget=2; scheme=(0.9,0.6300000000000001); tilderR=(4) tilderS=(179); result=({104, 63}, 318); rev=85.85999999999997
2021-09-18 03:30:45,439 - INFO - ********** (0.9, 0.8, 0.7200000000000001)
2021-09-18 03:30:45,461 - INFO - max_history_budget=0, max_history_result=None
2021-09-18 03:30:45,613 - INFO - compute: budget=1; scheme=(0.9,0.7200000000000001); tilderR=(4) tilderS=(238); result=({104}, 228); rev=41.039999999999985
2021-09-18 03:30:45,827 - INFO - compute: budget=2; scheme=(0.9,0.7200000000000001); tilderR=(4) tilderS=(238); result=({104, 63}, 318); rev=57.23999999999998
2021-09-18 03:30:45,828 - INFO - ********** (0.9, 0.9, 0.81)
2021-09-18 03:30:45,852 - INFO - max_history_budget=0, max_history_result=None
2021-09-18 03:30:46,035 - INFO - compute: budget=1; scheme=(0.9,0.81); tilderR=(4) tilderS=(306); result=({104}, 228); rev=20.519999999999992
2021-09-18 03:30:46,298 - INFO - compute: budget=2; scheme=(0.9,0.81); tilderR=(4) tilderS=(306); result=({104, 63}, 318); rev=28.61999999999999
2021-09-18 03:30:46,299 - INFO - ********** (0.9, 1.0, 0.9)
2021-09-18 03:30:46,311 - INFO - max_history_budget=2, max_history_result=({104, 63}, 318, 28.61999999999999)
2021-09-18 03:30:46,323 - INFO - load: budget=1; scheme=(0.9,0.9); tilderR=(4) tilderS=(306); result=({104, 63}, 228); rev=0.0
2021-09-18 03:30:46,335 - INFO - load: budget=2; scheme=(0.9,0.9); tilderR=(4) tilderS=(306); result=({104, 63}, 318); rev=0.0
2021-09-18 03:30:46,335 - INFO - ********** (1.0, 0.0, 0.0)
2021-09-18 03:30:46,360 - INFO - max_history_budget=0, max_history_result=None
2021-09-18 03:30:46,360 - INFO - compute: budget=1; scheme=(1.0,0.0); tilderR=(0) tilderS=(0); result=(set(), 0); rev=0.0
2021-09-18 03:30:46,360 - INFO - compute: budget=2; scheme=(1.0,0.0); tilderR=(0) tilderS=(0); result=(set(), 0); rev=0.0
2021-09-18 03:30:46,360 - INFO - ********** (1.0, 0.1, 0.1)
2021-09-18 03:30:46,385 - INFO - max_history_budget=0, max_history_result=None
2021-09-18 03:30:46,385 - INFO - compute: budget=1; scheme=(1.0,0.1); tilderR=(0) tilderS=(3); result=({677}, 0); rev=0.0
2021-09-18 03:30:46,385 - INFO - compute: budget=2; scheme=(1.0,0.1); tilderR=(0) tilderS=(3); result=({301, 677}, 0); rev=0.0
2021-09-18 03:30:46,385 - INFO - ********** (1.0, 0.2, 0.2)
2021-09-18 03:30:46,410 - INFO - max_history_budget=0, max_history_result=None
2021-09-18 03:30:46,410 - INFO - compute: budget=1; scheme=(1.0,0.2); tilderR=(0) tilderS=(10); result=({63}, 0); rev=0.0
2021-09-18 03:30:46,410 - INFO - compute: budget=2; scheme=(1.0,0.2); tilderR=(0) tilderS=(10); result=({828, 63}, 0); rev=0.0
2021-09-18 03:30:46,410 - INFO - ********** (1.0, 0.30000000000000004, 0.30000000000000004)
2021-09-18 03:30:46,435 - INFO - max_history_budget=0, max_history_result=None
2021-09-18 03:30:46,435 - INFO - compute: budget=1; scheme=(1.0,0.30000000000000004); tilderR=(0) tilderS=(30); result=({63}, 0); rev=0.0
2021-09-18 03:30:46,435 - INFO - compute: budget=2; scheme=(1.0,0.30000000000000004); tilderR=(0) tilderS=(30); result=({894, 63}, 0); rev=0.0
2021-09-18 03:30:46,435 - INFO - ********** (1.0, 0.4, 0.4)
2021-09-18 03:30:46,460 - INFO - max_history_budget=0, max_history_result=None
2021-09-18 03:30:46,460 - INFO - compute: budget=1; scheme=(1.0,0.4); tilderR=(0) tilderS=(60); result=({1023}, 0); rev=0.0
2021-09-18 03:30:46,461 - INFO - compute: budget=2; scheme=(1.0,0.4); tilderR=(0) tilderS=(60); result=({894, 1023}, 0); rev=0.0
2021-09-18 03:30:46,461 - INFO - ********** (1.0, 0.5, 0.5)
2021-09-18 03:30:46,487 - INFO - max_history_budget=0, max_history_result=None
2021-09-18 03:30:46,487 - INFO - compute: budget=1; scheme=(1.0,0.5); tilderR=(0) tilderS=(104); result=({1023}, 0); rev=0.0
2021-09-18 03:30:46,487 - INFO - compute: budget=2; scheme=(1.0,0.5); tilderR=(0) tilderS=(104); result=({762, 1023}, 0); rev=0.0
2021-09-18 03:30:46,487 - INFO - ********** (1.0, 0.6000000000000001, 0.6000000000000001)
2021-09-18 03:30:46,513 - INFO - max_history_budget=0, max_history_result=None
2021-09-18 03:30:46,513 - INFO - compute: budget=1; scheme=(1.0,0.6000000000000001); tilderR=(0) tilderS=(150); result=({1023}, 0); rev=0.0
2021-09-18 03:30:46,513 - INFO - compute: budget=2; scheme=(1.0,0.6000000000000001); tilderR=(0) tilderS=(150); result=({1005, 1023}, 0); rev=0.0
2021-09-18 03:30:46,514 - INFO - ********** (1.0, 0.7000000000000001, 0.7000000000000001)
2021-09-18 03:30:46,539 - INFO - max_history_budget=0, max_history_result=None
2021-09-18 03:30:46,539 - INFO - compute: budget=1; scheme=(1.0,0.7000000000000001); tilderR=(0) tilderS=(226); result=({1023}, 0); rev=0.0
2021-09-18 03:30:46,540 - INFO - compute: budget=2; scheme=(1.0,0.7000000000000001); tilderR=(0) tilderS=(226); result=({498, 1023}, 0); rev=0.0
2021-09-18 03:30:46,540 - INFO - ********** (1.0, 0.8, 0.8)
2021-09-18 03:30:46,566 - INFO - max_history_budget=0, max_history_result=None
2021-09-18 03:30:46,566 - INFO - compute: budget=1; scheme=(1.0,0.8); tilderR=(0) tilderS=(306); result=({1023}, 0); rev=0.0
2021-09-18 03:30:46,566 - INFO - compute: budget=2; scheme=(1.0,0.8); tilderR=(0) tilderS=(306); result=({1018, 1023}, 0); rev=0.0
2021-09-18 03:30:46,566 - INFO - ********** (1.0, 0.9, 0.9)
2021-09-18 03:30:46,580 - INFO - max_history_budget=2, max_history_result=({1018, 1023}, 0, 0.0)
2021-09-18 03:30:46,593 - INFO - load: budget=1; scheme=(1.0,0.9); tilderR=(0) tilderS=(306); result=({1018, 1023}, 0); rev=0.0
2021-09-18 03:30:46,606 - INFO - load: budget=2; scheme=(1.0,0.9); tilderR=(0) tilderS=(306); result=({1018, 1023}, 0); rev=0.0
2021-09-18 03:30:46,606 - INFO - ********** (1.0, 1.0, 1.0)
2021-09-18 03:30:46,620 - INFO - max_history_budget=2, max_history_result=({1018, 1023}, 0, 0.0)
2021-09-18 03:30:46,633 - INFO - load: budget=1; scheme=(1.0,1.0); tilderR=(0) tilderS=(306); result=({1018, 1023}, 0); rev=0.0
2021-09-18 03:30:46,645 - INFO - load: budget=2; scheme=(1.0,1.0); tilderR=(0) tilderS=(306); result=({1018, 1023}, 0); rev=0.0
