2021-10-15 19:02:04,502 - INFO - run algo
2021-10-15 19:02:04,568 - INFO - 1224
2021-10-15 19:02:04,569 - INFO - 1224
2021-10-15 19:02:04,658 - INFO - load:
2021-10-15 19:02:04,659 - INFO - Finish random requester set R and supplier set S 
                             percent_R=0.1, num_R=123, len_R=123 
                             percent_S=0.1, num_S=123, len_S=122
2021-10-15 19:02:04,805 - INFO - ********** (0.0, 0.0, 0.0)
2021-10-15 19:02:04,805 - INFO - max_history_budget=0, max_history_result=None
2021-10-15 19:02:04,853 - INFO - compute | 2 | (0.0, 0.0) | 123 | 1 | {604} | 6788| 0.0 | 2457.9888379596737 
2021-10-15 19:02:04,885 - INFO - compute | 2 | (0.0, 0.0) | 123 | 1 | {604} | 6788| 0.0 | 2457.9888379596737 
2021-10-15 19:02:04,885 - INFO - ********** (0.0, 0.2, 0.0)
2021-10-15 19:02:04,885 - INFO - max_history_budget=2, max_history_result=({604}, 6788, 0.0)
2021-10-15 19:02:04,886 - INFO - load | 1 | (0.0, 0.2) | 123 | 1 | {604} | 6788| 0.0 | 2457.9888379596737 
2021-10-15 19:02:04,886 - INFO - load | 2 | (0.0, 0.2) | 123 | 1 | {604} | 6788| 0.0 | 2457.9888379596737 
2021-10-15 19:02:04,886 - INFO - ********** (0.0, 0.4, 0.0)
2021-10-15 19:02:04,886 - INFO - max_history_budget=2, max_history_result=({604}, 6788, 0.0)
2021-10-15 19:02:04,886 - INFO - load | 1 | (0.0, 0.4) | 123 | 1 | {604} | 6788| 0.0 | 2457.9888379596737 
2021-10-15 19:02:04,886 - INFO - load | 2 | (0.0, 0.4) | 123 | 1 | {604} | 6788| 0.0 | 2457.9888379596737 
2021-10-15 19:02:04,886 - INFO - ********** (0.0, 0.6000000000000001, 0.0)
2021-10-15 19:02:04,887 - INFO - max_history_budget=2, max_history_result=({604}, 6788, 0.0)
2021-10-15 19:02:04,887 - INFO - load | 1 | (0.0, 0.6000000000000001) | 123 | 1 | {604} | 6788| 0.0 | 2457.9888379596737 
2021-10-15 19:02:04,887 - INFO - load | 2 | (0.0, 0.6000000000000001) | 123 | 1 | {604} | 6788| 0.0 | 2457.9888379596737 
2021-10-15 19:02:04,887 - INFO - ********** (0.0, 0.8, 0.0)
2021-10-15 19:02:04,887 - INFO - max_history_budget=2, max_history_result=({604}, 6788, 0.0)
2021-10-15 19:02:04,887 - INFO - load | 1 | (0.0, 0.8) | 123 | 1 | {604} | 6788| 0.0 | 2457.9888379596737 
2021-10-15 19:02:04,888 - INFO - load | 2 | (0.0, 0.8) | 123 | 1 | {604} | 6788| 0.0 | 2457.9888379596737 
2021-10-15 19:02:04,888 - INFO - ********** (0.0, 1.0, 0.0)
2021-10-15 19:02:04,888 - INFO - max_history_budget=2, max_history_result=({604}, 6788, 0.0)
2021-10-15 19:02:04,888 - INFO - load | 1 | (0.0, 1.0) | 123 | 1 | {604} | 6788| 0.0 | 2457.9888379596737 
2021-10-15 19:02:04,888 - INFO - load | 2 | (0.0, 1.0) | 123 | 1 | {604} | 6788| 0.0 | 2457.9888379596737 
2021-10-15 19:02:04,888 - INFO - ********** (0.2, 0.0, 0.0)
2021-10-15 19:02:04,889 - INFO - max_history_budget=2, max_history_result=({604}, 6788, 0.0)
2021-10-15 19:02:04,889 - INFO - load | 1 | (0.2, 0.0) | 123 | 1 | {604} | 6788| 1357.6000000000001 | 2457.9888379596737 
2021-10-15 19:02:04,889 - INFO - load | 2 | (0.2, 0.0) | 123 | 1 | {604} | 6788| 1357.6000000000001 | 2457.9888379596737 
2021-10-15 19:02:04,889 - INFO - ********** (0.2, 0.2, 0.04000000000000001)
2021-10-15 19:02:04,889 - INFO - max_history_budget=2, max_history_result=({604}, 6788, 0.0)
2021-10-15 19:02:04,889 - INFO - load | 1 | (0.2, 0.2) | 123 | 1 | {604} | 6788| 1086.08 | 2457.9888379596737 
2021-10-15 19:02:04,889 - INFO - load | 2 | (0.2, 0.2) | 123 | 1 | {604} | 6788| 1086.08 | 2457.9888379596737 
2021-10-15 19:02:04,890 - INFO - ********** (0.2, 0.4, 0.08000000000000002)
2021-10-15 19:02:04,890 - INFO - max_history_budget=2, max_history_result=({604}, 6788, 0.0)
2021-10-15 19:02:04,890 - INFO - load | 1 | (0.2, 0.4) | 123 | 1 | {604} | 6788| 814.56 | 2457.9888379596737 
2021-10-15 19:02:04,890 - INFO - load | 2 | (0.2, 0.4) | 123 | 1 | {604} | 6788| 814.56 | 2457.9888379596737 
2021-10-15 19:02:04,890 - INFO - ********** (0.2, 0.6000000000000001, 0.12000000000000002)
2021-10-15 19:02:04,891 - INFO - max_history_budget=0, max_history_result=None
2021-10-15 19:02:04,956 - INFO - compute | 2 | (0.2, 0.6000000000000001) | 123 | 2 | {677} | 7644| 611.5199999999999 | 2904.477519394517 
2021-10-15 19:02:05,029 - INFO - compute | 2 | (0.2, 0.6000000000000001) | 123 | 2 | {604, 677} | 12642| 1011.3599999999999 | 4741.99178645063 
2021-10-15 19:02:05,029 - INFO - ********** (0.2, 0.8, 0.16000000000000003)
2021-10-15 19:02:05,030 - INFO - max_history_budget=0, max_history_result=None
2021-10-15 19:02:05,139 - INFO - compute | 2 | (0.2, 0.8) | 123 | 5 | {677} | 7644| 305.7599999999998 | 2904.477519394517 
2021-10-15 19:02:05,276 - INFO - compute | 2 | (0.2, 0.8) | 123 | 5 | {604, 677} | 12642| 505.6799999999997 | 4741.99178645063 
2021-10-15 19:02:05,277 - INFO - ********** (0.2, 1.0, 0.2)
2021-10-15 19:02:05,278 - INFO - max_history_budget=0, max_history_result=None
2021-10-15 19:02:05,418 - INFO - compute | 2 | (0.2, 1.0) | 123 | 7 | {677} | 7644| 0.0 | 2904.477519394517 
2021-10-15 19:02:05,602 - INFO - compute | 2 | (0.2, 1.0) | 123 | 7 | {604, 677} | 12642| 0.0 | 4741.99178645063 
2021-10-15 19:02:05,602 - INFO - ********** (0.4, 0.0, 0.0)
2021-10-15 19:02:05,603 - INFO - max_history_budget=0, max_history_result=None
2021-10-15 19:02:05,633 - INFO - compute | 2 | (0.4, 0.0) | 65 | 1 | {604} | 2014| 805.6 | 1074.97514749735 
2021-10-15 19:02:05,651 - INFO - compute | 2 | (0.4, 0.0) | 65 | 1 | {604} | 2014| 805.6 | 1074.97514749735 
2021-10-15 19:02:05,652 - INFO - ********** (0.4, 0.2, 0.08000000000000002)
2021-10-15 19:02:05,652 - INFO - max_history_budget=2, max_history_result=({604}, 2014, 805.6)
2021-10-15 19:02:05,653 - INFO - load | 1 | (0.4, 0.2) | 65 | 1 | {604} | 2014| 644.48 | 1074.97514749735 
2021-10-15 19:02:05,654 - INFO - load | 2 | (0.4, 0.2) | 65 | 1 | {604} | 2014| 644.48 | 1074.97514749735 
2021-10-15 19:02:05,654 - INFO - ********** (0.4, 0.4, 0.16000000000000003)
2021-10-15 19:02:05,656 - INFO - max_history_budget=0, max_history_result=None
2021-10-15 19:02:05,729 - INFO - compute | 2 | (0.4, 0.4) | 65 | 5 | {677} | 2747| 659.28 | 1469.4617416918077 
2021-10-15 19:02:05,811 - INFO - compute | 2 | (0.4, 0.4) | 65 | 5 | {604, 677} | 4290| 1029.6 | 2304.4594455089746 
2021-10-15 19:02:05,811 - INFO - ********** (0.4, 0.6000000000000001, 0.24000000000000005)
2021-10-15 19:02:05,813 - INFO - max_history_budget=0, max_history_result=None
2021-10-15 19:02:05,904 - INFO - compute | 2 | (0.4, 0.6000000000000001) | 65 | 8 | {677} | 2747| 439.5199999999999 | 1469.4617416918077 
2021-10-15 19:02:06,023 - INFO - compute | 2 | (0.4, 0.6000000000000001) | 65 | 8 | {737, 677} | 4407| 705.1199999999999 | 2365.3052758331487 
2021-10-15 19:02:06,023 - INFO - ********** (0.4, 0.8, 0.32000000000000006)
2021-10-15 19:02:06,025 - INFO - max_history_budget=0, max_history_result=None
2021-10-15 19:02:06,191 - INFO - compute | 2 | (0.4, 0.8) | 65 | 16 | {677} | 2747| 219.75999999999988 | 1469.4617416918077 
2021-10-15 19:02:06,422 - INFO - compute | 2 | (0.4, 0.8) | 65 | 16 | {737, 677} | 4407| 352.55999999999983 | 2365.3052758331487 
2021-10-15 19:02:06,423 - INFO - ********** (0.4, 1.0, 0.4)
2021-10-15 19:02:06,425 - INFO - max_history_budget=0, max_history_result=None
2021-10-15 19:02:06,693 - INFO - compute | 2 | (0.4, 1.0) | 65 | 28 | {22} | 3563| 0.0 | 2195.887207480576 
2021-10-15 19:02:07,079 - INFO - compute | 2 | (0.4, 1.0) | 65 | 28 | {677, 22} | 6310| 0.0 | 3665.348949172385 
2021-10-15 19:02:07,079 - INFO - ********** (0.6000000000000001, 0.0, 0.0)
2021-10-15 19:02:07,081 - INFO - max_history_budget=0, max_history_result=None
2021-10-15 19:02:07,095 - INFO - compute | 2 | (0.6000000000000001, 0.0) | 31 | 1 | {604} | 513| 307.80000000000007 | 344.1252650001748 
2021-10-15 19:02:07,105 - INFO - compute | 2 | (0.6000000000000001, 0.0) | 31 | 1 | {604} | 513| 307.80000000000007 | 344.1252650001748 
2021-10-15 19:02:07,106 - INFO - ********** (0.6000000000000001, 0.2, 0.12000000000000002)
2021-10-15 19:02:07,108 - INFO - max_history_budget=0, max_history_result=None
2021-10-15 19:02:07,127 - INFO - compute | 2 | (0.6000000000000001, 0.2) | 31 | 2 | {677} | 739| 354.7200000000001 | 492.5944070402683 
2021-10-15 19:02:07,149 - INFO - compute | 2 | (0.6000000000000001, 0.2) | 31 | 2 | {604, 677} | 1169| 561.1200000000001 | 782.5881300306353 
2021-10-15 19:02:07,149 - INFO - ********** (0.6000000000000001, 0.4, 0.24000000000000005)
2021-10-15 19:02:07,151 - INFO - max_history_budget=0, max_history_result=None
2021-10-15 19:02:07,198 - INFO - compute | 2 | (0.6000000000000001, 0.4) | 31 | 8 | {677} | 739| 266.04 | 492.5944070402683 
2021-10-15 19:02:07,258 - INFO - compute | 2 | (0.6000000000000001, 0.4) | 31 | 8 | {604, 677} | 1169| 420.84000000000003 | 782.5881300306353 
2021-10-15 19:02:07,258 - INFO - ********** (0.6000000000000001, 0.6000000000000001, 0.3600000000000001)
2021-10-15 19:02:07,260 - INFO - max_history_budget=0, max_history_result=None
2021-10-15 19:02:07,381 - INFO - compute | 2 | (0.6000000000000001, 0.6000000000000001) | 31 | 25 | {22} | 1957| 469.68 | 1374.8205104311057 
2021-10-15 19:02:07,546 - INFO - compute | 2 | (0.6000000000000001, 0.6000000000000001) | 31 | 25 | {2, 22} | 2378| 570.72 | 1667.3039253514892 
2021-10-15 19:02:07,546 - INFO - ********** (0.6000000000000001, 0.8, 0.4800000000000001)
2021-10-15 19:02:07,548 - INFO - max_history_budget=0, max_history_result=None
2021-10-15 19:02:07,710 - INFO - compute | 2 | (0.6000000000000001, 0.8) | 31 | 35 | {22} | 1957| 234.84 | 1374.8205104311057 
2021-10-15 19:02:07,935 - INFO - compute | 2 | (0.6000000000000001, 0.8) | 31 | 35 | {2, 22} | 2378| 285.36 | 1667.3039253514892 
2021-10-15 19:02:07,936 - INFO - ********** (0.6000000000000001, 1.0, 0.6000000000000001)
2021-10-15 19:02:07,938 - INFO - max_history_budget=0, max_history_result=None
2021-10-15 19:02:08,215 - INFO - compute | 2 | (0.6000000000000001, 1.0) | 31 | 62 | {22} | 1957| 0.0 | 1374.8205104311057 
2021-10-15 19:02:08,609 - INFO - compute | 2 | (0.6000000000000001, 1.0) | 31 | 62 | {2, 22} | 2378| 0.0 | 1667.3039253514892 
2021-10-15 19:02:08,609 - INFO - ********** (0.8, 0.0, 0.0)
2021-10-15 19:02:08,612 - INFO - max_history_budget=0, max_history_result=None
2021-10-15 19:02:08,616 - INFO - compute | 2 | (0.8, 0.0) | 8 | 1 | {604} | 52| 41.6 | 44.659902124660746 
2021-10-15 19:02:08,618 - INFO - compute | 2 | (0.8, 0.0) | 8 | 1 | {604} | 52| 41.6 | 44.659902124660746 
2021-10-15 19:02:08,618 - INFO - ********** (0.8, 0.2, 0.16000000000000003)
2021-10-15 19:02:08,621 - INFO - max_history_budget=0, max_history_result=None
2021-10-15 19:02:08,630 - INFO - compute | 2 | (0.8, 0.2) | 8 | 5 | {677} | 57| 36.480000000000004 | 48.45519167375275 
2021-10-15 19:02:08,641 - INFO - compute | 2 | (0.8, 0.2) | 8 | 5 | {604, 677} | 106| 67.84 | 90.53429349788583 
2021-10-15 19:02:08,641 - INFO - ********** (0.8, 0.4, 0.32000000000000006)
2021-10-15 19:02:08,644 - INFO - max_history_budget=0, max_history_result=None
2021-10-15 19:02:08,667 - INFO - compute | 2 | (0.8, 0.4) | 8 | 16 | {677} | 57| 27.36 | 48.45519167375275 
2021-10-15 19:02:08,697 - INFO - compute | 2 | (0.8, 0.4) | 8 | 16 | {737, 677} | 111| 53.28 | 94.82092176379459 
2021-10-15 19:02:08,697 - INFO - ********** (0.8, 0.6000000000000001, 0.4800000000000001)
2021-10-15 19:02:08,700 - INFO - max_history_budget=0, max_history_result=None
2021-10-15 19:02:08,746 - INFO - compute | 2 | (0.8, 0.6000000000000001) | 8 | 35 | {22} | 354| 113.27999999999999 | 307.2193320539552 
2021-10-15 19:02:08,807 - INFO - compute | 2 | (0.8, 0.6000000000000001) | 8 | 35 | {2, 22} | 413| 132.15999999999997 | 358.32685441880517 
2021-10-15 19:02:08,808 - INFO - ********** (0.8, 0.8, 0.6400000000000001)
2021-10-15 19:02:08,810 - INFO - max_history_budget=0, max_history_result=None
2021-10-15 19:02:08,902 - INFO - compute | 2 | (0.8, 0.8) | 8 | 75 | {22} | 354| 56.63999999999997 | 307.2193320539552 
2021-10-15 19:02:09,032 - INFO - compute | 2 | (0.8, 0.8) | 8 | 75 | {2, 22} | 413| 66.07999999999997 | 358.32685441880517 
2021-10-15 19:02:09,032 - INFO - ********** (0.8, 1.0, 0.8)
2021-10-15 19:02:09,035 - INFO - max_history_budget=0, max_history_result=None
2021-10-15 19:02:09,173 - INFO - compute | 2 | (0.8, 1.0) | 8 | 122 | {22} | 354| 0.0 | 307.2193320539552 
2021-10-15 19:02:09,371 - INFO - compute | 2 | (0.8, 1.0) | 8 | 122 | {2, 22} | 413| 0.0 | 358.32685441880517 
2021-10-15 19:02:09,371 - INFO - ********** (1.0, 0.0, 0.0)
2021-10-15 19:02:09,374 - INFO - max_history_budget=0, max_history_result=None
2021-10-15 19:02:09,374 - INFO - compute | 2 | (1.0, 0.0) | 0 | 1 | {604} | 0| 0.0 | 0 
2021-10-15 19:02:09,374 - INFO - compute | 2 | (1.0, 0.0) | 0 | 1 | {604} | 0| 0.0 | 0 
2021-10-15 19:02:09,374 - INFO - ********** (1.0, 0.2, 0.2)
2021-10-15 19:02:09,377 - INFO - max_history_budget=0, max_history_result=None
2021-10-15 19:02:09,377 - INFO - compute | 2 | (1.0, 0.2) | 0 | 7 | {637} | 0| 0.0 | 0 
2021-10-15 19:02:09,377 - INFO - compute | 2 | (1.0, 0.2) | 0 | 7 | {604, 637} | 0| 0.0 | 0 
2021-10-15 19:02:09,378 - INFO - ********** (1.0, 0.4, 0.4)
2021-10-15 19:02:09,381 - INFO - max_history_budget=0, max_history_result=None
2021-10-15 19:02:09,381 - INFO - compute | 2 | (1.0, 0.4) | 0 | 28 | {126} | 0| 0.0 | 0 
2021-10-15 19:02:09,381 - INFO - compute | 2 | (1.0, 0.4) | 0 | 28 | {637, 126} | 0| 0.0 | 0 
2021-10-15 19:02:09,381 - INFO - ********** (1.0, 0.6000000000000001, 0.6000000000000001)
2021-10-15 19:02:09,384 - INFO - max_history_budget=0, max_history_result=None
2021-10-15 19:02:09,384 - INFO - compute | 2 | (1.0, 0.6000000000000001) | 0 | 62 | {126} | 0| 0.0 | 0 
2021-10-15 19:02:09,385 - INFO - compute | 2 | (1.0, 0.6000000000000001) | 0 | 62 | {637, 126} | 0| 0.0 | 0 
2021-10-15 19:02:09,385 - INFO - ********** (1.0, 0.8, 0.8)
2021-10-15 19:02:09,388 - INFO - max_history_budget=0, max_history_result=None
2021-10-15 19:02:09,388 - INFO - compute | 2 | (1.0, 0.8) | 0 | 122 | {1020} | 0| 0.0 | 0 
2021-10-15 19:02:09,389 - INFO - compute | 2 | (1.0, 0.8) | 0 | 122 | {763, 1020} | 0| 0.0 | 0 
2021-10-15 19:02:09,389 - INFO - ********** (1.0, 1.0, 1.0)
2021-10-15 19:02:09,390 - INFO - max_history_budget=2, max_history_result=({763, 1020}, 0, 0.0)
2021-10-15 19:02:09,392 - INFO - load | 1 | (1.0, 1.0) | 0 | 122 | {1020} | 0| 0.0 | 0 
2021-10-15 19:02:09,394 - INFO - load | 2 | (1.0, 1.0) | 0 | 122 | {763, 1020} | 0| 0.0 | 0 
