2021-10-15 22:01:31,691 - INFO - run algo
2021-10-15 22:01:31,760 - INFO - 1224
2021-10-15 22:01:31,761 - INFO - 1224
2021-10-15 22:01:31,858 - INFO - load:
2021-10-15 22:01:31,859 - INFO - Finish random requester set R and supplier set S 
                             percent_R=0.1, num_R=123, len_R=123 
                             percent_S=0.1, num_S=123, len_S=122
2021-10-15 22:01:32,014 - INFO - ********** (0.0, 0.0, 0.0)
2021-10-15 22:01:32,015 - INFO - max_history_budget=2, max_history_result=({604}, 6788, 0.0)
2021-10-15 22:01:32,015 - INFO - load | 1 | (0.0, 0.0) | 123 | 1 | {604} | 6788| 0.0 | 2457.9888379596737 
2021-10-15 22:01:32,015 - INFO - load | 2 | (0.0, 0.0) | 123 | 1 | {604} | 6788| 0.0 | 2457.9888379596737 
2021-10-15 22:01:32,016 - INFO - ********** (0.0, 0.2, 0.0)
2021-10-15 22:01:32,016 - INFO - max_history_budget=2, max_history_result=({604}, 6788, 0.0)
2021-10-15 22:01:32,016 - INFO - load | 1 | (0.0, 0.2) | 123 | 1 | {604} | 6788| 0.0 | 2457.9888379596737 
2021-10-15 22:01:32,016 - INFO - load | 2 | (0.0, 0.2) | 123 | 1 | {604} | 6788| 0.0 | 2457.9888379596737 
2021-10-15 22:01:32,016 - INFO - ********** (0.0, 0.4, 0.0)
2021-10-15 22:01:32,016 - INFO - max_history_budget=2, max_history_result=({604}, 6788, 0.0)
2021-10-15 22:01:32,016 - INFO - load | 1 | (0.0, 0.4) | 123 | 1 | {604} | 6788| 0.0 | 2457.9888379596737 
2021-10-15 22:01:32,017 - INFO - load | 2 | (0.0, 0.4) | 123 | 1 | {604} | 6788| 0.0 | 2457.9888379596737 
2021-10-15 22:01:32,017 - INFO - ********** (0.0, 0.6000000000000001, 0.0)
2021-10-15 22:01:32,017 - INFO - max_history_budget=2, max_history_result=({604}, 6788, 0.0)
2021-10-15 22:01:32,017 - INFO - load | 1 | (0.0, 0.6000000000000001) | 123 | 1 | {604} | 6788| 0.0 | 2457.9888379596737 
2021-10-15 22:01:32,017 - INFO - load | 2 | (0.0, 0.6000000000000001) | 123 | 1 | {604} | 6788| 0.0 | 2457.9888379596737 
2021-10-15 22:01:32,017 - INFO - ********** (0.0, 0.8, 0.0)
2021-10-15 22:01:32,017 - INFO - max_history_budget=2, max_history_result=({604}, 6788, 0.0)
2021-10-15 22:01:32,017 - INFO - load | 1 | (0.0, 0.8) | 123 | 1 | {604} | 6788| 0.0 | 2457.9888379596737 
2021-10-15 22:01:32,018 - INFO - load | 2 | (0.0, 0.8) | 123 | 1 | {604} | 6788| 0.0 | 2457.9888379596737 
2021-10-15 22:01:32,018 - INFO - ********** (0.0, 1.0, 0.0)
2021-10-15 22:01:32,018 - INFO - max_history_budget=2, max_history_result=({604}, 6788, 0.0)
2021-10-15 22:01:32,018 - INFO - load | 1 | (0.0, 1.0) | 123 | 1 | {604} | 6788| 0.0 | 2457.9888379596737 
2021-10-15 22:01:32,018 - INFO - load | 2 | (0.0, 1.0) | 123 | 1 | {604} | 6788| 0.0 | 2457.9888379596737 
2021-10-15 22:01:32,018 - INFO - ********** (0.2, 0.0, 0.0)
2021-10-15 22:01:32,018 - INFO - max_history_budget=2, max_history_result=({604}, 6788, 0.0)
2021-10-15 22:01:32,019 - INFO - load | 1 | (0.2, 0.0) | 123 | 1 | {604} | 6788| 1357.6000000000001 | 2457.9888379596737 
2021-10-15 22:01:32,019 - INFO - load | 2 | (0.2, 0.0) | 123 | 1 | {604} | 6788| 1357.6000000000001 | 2457.9888379596737 
2021-10-15 22:01:32,019 - INFO - ********** (0.2, 0.2, 0.04000000000000001)
2021-10-15 22:01:32,019 - INFO - max_history_budget=2, max_history_result=({604}, 6788, 0.0)
2021-10-15 22:01:32,019 - INFO - load | 1 | (0.2, 0.2) | 123 | 1 | {604} | 6788| 1086.08 | 2457.9888379596737 
2021-10-15 22:01:32,019 - INFO - load | 2 | (0.2, 0.2) | 123 | 1 | {604} | 6788| 1086.08 | 2457.9888379596737 
2021-10-15 22:01:32,019 - INFO - ********** (0.2, 0.4, 0.08000000000000002)
2021-10-15 22:01:32,019 - INFO - max_history_budget=2, max_history_result=({604}, 6788, 0.0)
2021-10-15 22:01:32,020 - INFO - load | 1 | (0.2, 0.4) | 123 | 1 | {604} | 6788| 814.56 | 2457.9888379596737 
2021-10-15 22:01:32,020 - INFO - load | 2 | (0.2, 0.4) | 123 | 1 | {604} | 6788| 814.56 | 2457.9888379596737 
2021-10-15 22:01:32,020 - INFO - ********** (0.2, 0.6000000000000001, 0.12000000000000002)
2021-10-15 22:01:32,020 - INFO - max_history_budget=2, max_history_result=({604, 677}, 12642, 1011.3599999999999)
2021-10-15 22:01:32,021 - INFO - load | 1 | (0.2, 0.6000000000000001) | 123 | 2 | {677} | 7644| 611.5199999999999 | 2904.477519394517 
2021-10-15 22:01:32,022 - INFO - load | 2 | (0.2, 0.6000000000000001) | 123 | 2 | {604, 677} | 12642| 1011.3599999999999 | 4741.99178645063 
2021-10-15 22:01:32,022 - INFO - ********** (0.2, 0.8, 0.16000000000000003)
2021-10-15 22:01:32,022 - INFO - max_history_budget=2, max_history_result=({604, 677}, 12642, 505.6799999999997)
2021-10-15 22:01:32,023 - INFO - load | 1 | (0.2, 0.8) | 123 | 5 | {677} | 7644| 305.7599999999998 | 2904.477519394517 
2021-10-15 22:01:32,024 - INFO - load | 2 | (0.2, 0.8) | 123 | 5 | {604, 677} | 12642| 505.6799999999997 | 4741.99178645063 
2021-10-15 22:01:32,024 - INFO - ********** (0.2, 1.0, 0.2)
2021-10-15 22:01:32,025 - INFO - max_history_budget=2, max_history_result=({604, 677}, 12642, 0.0)
2021-10-15 22:01:32,025 - INFO - load | 1 | (0.2, 1.0) | 123 | 7 | {677} | 7644| 0.0 | 2904.477519394517 
2021-10-15 22:01:32,026 - INFO - load | 2 | (0.2, 1.0) | 123 | 7 | {604, 677} | 12642| 0.0 | 4741.99178645063 
2021-10-15 22:01:32,026 - INFO - ********** (0.4, 0.0, 0.0)
2021-10-15 22:01:32,027 - INFO - max_history_budget=2, max_history_result=({604}, 2014, 805.6)
2021-10-15 22:01:32,028 - INFO - load | 1 | (0.4, 0.0) | 65 | 1 | {604} | 2014| 805.6 | 1074.97514749735 
2021-10-15 22:01:32,029 - INFO - load | 2 | (0.4, 0.0) | 65 | 1 | {604} | 2014| 805.6 | 1074.97514749735 
2021-10-15 22:01:32,029 - INFO - ********** (0.4, 0.2, 0.08000000000000002)
2021-10-15 22:01:32,029 - INFO - max_history_budget=2, max_history_result=({604}, 2014, 805.6)
2021-10-15 22:01:32,030 - INFO - load | 1 | (0.4, 0.2) | 65 | 1 | {604} | 2014| 644.48 | 1074.97514749735 
2021-10-15 22:01:32,031 - INFO - load | 2 | (0.4, 0.2) | 65 | 1 | {604} | 2014| 644.48 | 1074.97514749735 
2021-10-15 22:01:32,031 - INFO - ********** (0.4, 0.4, 0.16000000000000003)
2021-10-15 22:01:32,032 - INFO - max_history_budget=2, max_history_result=({604, 677}, 4290, 1029.6)
2021-10-15 22:01:32,033 - INFO - load | 1 | (0.4, 0.4) | 65 | 5 | {677} | 2747| 659.28 | 1469.4617416918077 
2021-10-15 22:01:32,034 - INFO - load | 2 | (0.4, 0.4) | 65 | 5 | {604, 677} | 4290| 1029.6 | 2304.4594455089746 
2021-10-15 22:01:32,034 - INFO - ********** (0.4, 0.6000000000000001, 0.24000000000000005)
2021-10-15 22:01:32,035 - INFO - max_history_budget=2, max_history_result=({737, 677}, 4407, 705.1199999999999)
2021-10-15 22:01:32,036 - INFO - load | 1 | (0.4, 0.6000000000000001) | 65 | 8 | {677} | 2747| 439.5199999999999 | 1469.4617416918077 
2021-10-15 22:01:32,037 - INFO - load | 2 | (0.4, 0.6000000000000001) | 65 | 8 | {737, 677} | 4407| 705.1199999999999 | 2365.3052758331487 
2021-10-15 22:01:32,037 - INFO - ********** (0.4, 0.8, 0.32000000000000006)
2021-10-15 22:01:32,038 - INFO - max_history_budget=2, max_history_result=({737, 677}, 4407, 352.55999999999983)
2021-10-15 22:01:32,039 - INFO - load | 1 | (0.4, 0.8) | 65 | 16 | {677} | 2747| 219.75999999999988 | 1469.4617416918077 
2021-10-15 22:01:32,040 - INFO - load | 2 | (0.4, 0.8) | 65 | 16 | {737, 677} | 4407| 352.55999999999983 | 2365.3052758331487 
2021-10-15 22:01:32,040 - INFO - ********** (0.4, 1.0, 0.4)
2021-10-15 22:01:32,041 - INFO - max_history_budget=2, max_history_result=({677, 22}, 6310, 0.0)
2021-10-15 22:01:32,042 - INFO - load | 1 | (0.4, 1.0) | 65 | 28 | {22} | 3563| 0.0 | 2195.887207480576 
2021-10-15 22:01:32,043 - INFO - load | 2 | (0.4, 1.0) | 65 | 28 | {677, 22} | 6310| 0.0 | 3665.348949172385 
2021-10-15 22:01:32,043 - INFO - ********** (0.6000000000000001, 0.0, 0.0)
2021-10-15 22:01:32,045 - INFO - max_history_budget=2, max_history_result=({604}, 513, 307.80000000000007)
2021-10-15 22:01:32,046 - INFO - load | 1 | (0.6000000000000001, 0.0) | 31 | 1 | {604} | 513| 307.80000000000007 | 344.1252650001748 
2021-10-15 22:01:32,047 - INFO - load | 2 | (0.6000000000000001, 0.0) | 31 | 1 | {604} | 513| 307.80000000000007 | 344.1252650001748 
2021-10-15 22:01:32,047 - INFO - ********** (0.6000000000000001, 0.2, 0.12000000000000002)
2021-10-15 22:01:32,048 - INFO - max_history_budget=2, max_history_result=({604, 677}, 1169, 561.1200000000001)
2021-10-15 22:01:32,049 - INFO - load | 1 | (0.6000000000000001, 0.2) | 31 | 2 | {677} | 739| 354.7200000000001 | 492.5944070402683 
2021-10-15 22:01:32,050 - INFO - load | 2 | (0.6000000000000001, 0.2) | 31 | 2 | {604, 677} | 1169| 561.1200000000001 | 782.5881300306353 
2021-10-15 22:01:32,050 - INFO - ********** (0.6000000000000001, 0.4, 0.24000000000000005)
2021-10-15 22:01:32,052 - INFO - max_history_budget=2, max_history_result=({604, 677}, 1169, 420.84000000000003)
2021-10-15 22:01:32,053 - INFO - load | 1 | (0.6000000000000001, 0.4) | 31 | 8 | {677} | 739| 266.04 | 492.5944070402683 
2021-10-15 22:01:32,054 - INFO - load | 2 | (0.6000000000000001, 0.4) | 31 | 8 | {604, 677} | 1169| 420.84000000000003 | 782.5881300306353 
2021-10-15 22:01:32,054 - INFO - ********** (0.6000000000000001, 0.6000000000000001, 0.3600000000000001)
2021-10-15 22:01:32,055 - INFO - max_history_budget=2, max_history_result=({2, 22}, 2378, 570.72)
2021-10-15 22:01:32,057 - INFO - load | 1 | (0.6000000000000001, 0.6000000000000001) | 31 | 25 | {22} | 1957| 469.68 | 1374.8205104311057 
2021-10-15 22:01:32,058 - INFO - load | 2 | (0.6000000000000001, 0.6000000000000001) | 31 | 25 | {2, 22} | 2378| 570.72 | 1667.3039253514892 
2021-10-15 22:01:32,058 - INFO - ********** (0.6000000000000001, 0.8, 0.4800000000000001)
2021-10-15 22:01:32,060 - INFO - max_history_budget=2, max_history_result=({2, 22}, 2378, 285.36)
2021-10-15 22:01:32,061 - INFO - load | 1 | (0.6000000000000001, 0.8) | 31 | 35 | {22} | 1957| 234.84 | 1374.8205104311057 
2021-10-15 22:01:32,063 - INFO - load | 2 | (0.6000000000000001, 0.8) | 31 | 35 | {2, 22} | 2378| 285.36 | 1667.3039253514892 
2021-10-15 22:01:32,063 - INFO - ********** (0.6000000000000001, 1.0, 0.6000000000000001)
2021-10-15 22:01:32,064 - INFO - max_history_budget=2, max_history_result=({2, 22}, 2378, 0.0)
2021-10-15 22:01:32,065 - INFO - load | 1 | (0.6000000000000001, 1.0) | 31 | 62 | {22} | 1957| 0.0 | 1374.8205104311057 
2021-10-15 22:01:32,067 - INFO - load | 2 | (0.6000000000000001, 1.0) | 31 | 62 | {2, 22} | 2378| 0.0 | 1667.3039253514892 
2021-10-15 22:01:32,067 - INFO - ********** (0.8, 0.0, 0.0)
2021-10-15 22:01:32,068 - INFO - max_history_budget=2, max_history_result=({604}, 52, 41.6)
2021-10-15 22:01:32,070 - INFO - load | 1 | (0.8, 0.0) | 8 | 1 | {604} | 52| 41.6 | 44.659902124660746 
2021-10-15 22:01:32,071 - INFO - load | 2 | (0.8, 0.0) | 8 | 1 | {604} | 52| 41.6 | 44.659902124660746 
2021-10-15 22:01:32,071 - INFO - ********** (0.8, 0.2, 0.16000000000000003)
2021-10-15 22:01:32,072 - INFO - max_history_budget=2, max_history_result=({604, 677}, 106, 67.84)
2021-10-15 22:01:32,074 - INFO - load | 1 | (0.8, 0.2) | 8 | 5 | {677} | 57| 36.480000000000004 | 48.45519167375275 
2021-10-15 22:01:32,075 - INFO - load | 2 | (0.8, 0.2) | 8 | 5 | {604, 677} | 106| 67.84 | 90.53429349788583 
2021-10-15 22:01:32,075 - INFO - ********** (0.8, 0.4, 0.32000000000000006)
2021-10-15 22:01:32,077 - INFO - max_history_budget=2, max_history_result=({737, 677}, 111, 53.28)
2021-10-15 22:01:32,078 - INFO - load | 1 | (0.8, 0.4) | 8 | 16 | {677} | 57| 27.36 | 48.45519167375275 
2021-10-15 22:01:32,080 - INFO - load | 2 | (0.8, 0.4) | 8 | 16 | {737, 677} | 111| 53.28 | 94.82092176379459 
2021-10-15 22:01:32,080 - INFO - ********** (0.8, 0.6000000000000001, 0.4800000000000001)
2021-10-15 22:01:32,081 - INFO - max_history_budget=2, max_history_result=({2, 22}, 413, 132.15999999999997)
2021-10-15 22:01:32,083 - INFO - load | 1 | (0.8, 0.6000000000000001) | 8 | 35 | {22} | 354| 113.27999999999999 | 307.2193320539552 
2021-10-15 22:01:32,085 - INFO - load | 2 | (0.8, 0.6000000000000001) | 8 | 35 | {2, 22} | 413| 132.15999999999997 | 358.32685441880517 
2021-10-15 22:01:32,085 - INFO - ********** (0.8, 0.8, 0.6400000000000001)
2021-10-15 22:01:32,086 - INFO - max_history_budget=2, max_history_result=({2, 22}, 413, 66.07999999999997)
2021-10-15 22:01:32,088 - INFO - load | 1 | (0.8, 0.8) | 8 | 75 | {22} | 354| 56.63999999999997 | 307.2193320539552 
2021-10-15 22:01:32,090 - INFO - load | 2 | (0.8, 0.8) | 8 | 75 | {2, 22} | 413| 66.07999999999997 | 358.32685441880517 
2021-10-15 22:01:32,090 - INFO - ********** (0.8, 1.0, 0.8)
2021-10-15 22:01:32,091 - INFO - max_history_budget=2, max_history_result=({2, 22}, 413, 0.0)
2021-10-15 22:01:32,093 - INFO - load | 1 | (0.8, 1.0) | 8 | 122 | {22} | 354| 0.0 | 307.2193320539552 
2021-10-15 22:01:32,095 - INFO - load | 2 | (0.8, 1.0) | 8 | 122 | {2, 22} | 413| 0.0 | 358.32685441880517 
2021-10-15 22:01:32,095 - INFO - ********** (1.0, 0.0, 0.0)
2021-10-15 22:01:32,097 - INFO - max_history_budget=2, max_history_result=({604}, 0, 0.0)
2021-10-15 22:01:32,098 - INFO - load | 1 | (1.0, 0.0) | 0 | 1 | {604} | 0| 0.0 | 0 
2021-10-15 22:01:32,100 - INFO - load | 2 | (1.0, 0.0) | 0 | 1 | {604} | 0| 0.0 | 0 
2021-10-15 22:01:32,100 - INFO - ********** (1.0, 0.2, 0.2)
2021-10-15 22:01:32,102 - INFO - max_history_budget=2, max_history_result=({604, 637}, 0, 0.0)
2021-10-15 22:01:32,103 - INFO - load | 1 | (1.0, 0.2) | 0 | 7 | {637} | 0| 0.0 | 0 
2021-10-15 22:01:32,105 - INFO - load | 2 | (1.0, 0.2) | 0 | 7 | {604, 637} | 0| 0.0 | 0 
2021-10-15 22:01:32,105 - INFO - ********** (1.0, 0.4, 0.4)
2021-10-15 22:01:32,107 - INFO - max_history_budget=2, max_history_result=({637, 126}, 0, 0.0)
2021-10-15 22:01:32,109 - INFO - load | 1 | (1.0, 0.4) | 0 | 28 | {126} | 0| 0.0 | 0 
2021-10-15 22:01:32,110 - INFO - load | 2 | (1.0, 0.4) | 0 | 28 | {637, 126} | 0| 0.0 | 0 
2021-10-15 22:01:32,110 - INFO - ********** (1.0, 0.6000000000000001, 0.6000000000000001)
2021-10-15 22:01:32,112 - INFO - max_history_budget=2, max_history_result=({637, 126}, 0, 0.0)
2021-10-15 22:01:32,114 - INFO - load | 1 | (1.0, 0.6000000000000001) | 0 | 62 | {126} | 0| 0.0 | 0 
2021-10-15 22:01:32,116 - INFO - load | 2 | (1.0, 0.6000000000000001) | 0 | 62 | {637, 126} | 0| 0.0 | 0 
2021-10-15 22:01:32,116 - INFO - ********** (1.0, 0.8, 0.8)
2021-10-15 22:01:32,118 - INFO - max_history_budget=2, max_history_result=({763, 1020}, 0, 0.0)
2021-10-15 22:01:32,120 - INFO - load | 1 | (1.0, 0.8) | 0 | 122 | {1020} | 0| 0.0 | 0 
2021-10-15 22:01:32,122 - INFO - load | 2 | (1.0, 0.8) | 0 | 122 | {763, 1020} | 0| 0.0 | 0 
2021-10-15 22:01:32,122 - INFO - ********** (1.0, 1.0, 1.0)
2021-10-15 22:01:32,124 - INFO - max_history_budget=2, max_history_result=({763, 1020}, 0, 0.0)
2021-10-15 22:01:32,126 - INFO - load | 1 | (1.0, 1.0) | 0 | 122 | {1020} | 0| 0.0 | 0 
2021-10-15 22:01:32,128 - INFO - load | 2 | (1.0, 1.0) | 0 | 122 | {763, 1020} | 0| 0.0 | 0 
