2021-10-15 18:35:06,093 - INFO - run algo
2021-10-15 18:35:06,158 - INFO - 1224
2021-10-15 18:35:06,159 - INFO - 1224
2021-10-15 18:35:06,248 - INFO - load:
2021-10-15 18:35:06,249 - INFO - Finish random requester set R and supplier set S 
                             percent_R=0.1, num_R=123, len_R=123 
                             percent_S=0.1, num_S=123, len_S=122
2021-10-15 18:35:06,435 - INFO - compute | 1 | (0.0, 0.0) | 123 | 1 | {739} | 3416| 0.0 | 1191.0083387692341 
2021-10-15 18:35:06,435 - INFO - load | 1 | (0.0, 0.2) | 123 | 1 | {739} | 3416| 0.0 | 1191.0083387692341 
2021-10-15 18:35:06,435 - INFO - load | 1 | (0.0, 0.4) | 123 | 1 | {739} | 3416| 0.0 | 1191.0083387692341 
2021-10-15 18:35:06,436 - INFO - load | 1 | (0.0, 0.6000000000000001) | 123 | 1 | {739} | 3416| 0.0 | 1191.0083387692341 
2021-10-15 18:35:06,436 - INFO - load | 1 | (0.0, 0.8) | 123 | 1 | {739} | 3416| 0.0 | 1191.0083387692341 
2021-10-15 18:35:06,436 - INFO - load | 1 | (0.0, 1.0) | 123 | 1 | {739} | 3416| 0.0 | 1191.0083387692341 
2021-10-15 18:35:06,436 - INFO - load | 1 | (0.2, 0.0) | 123 | 1 | {739} | 3416| 0.0 | 1191.0083387692341 
2021-10-15 18:35:06,437 - INFO - load | 1 | (0.2, 0.2) | 123 | 1 | {739} | 3416| 0.0 | 1191.0083387692341 
2021-10-15 18:35:06,437 - INFO - load | 1 | (0.2, 0.4) | 123 | 1 | {739} | 3416| 0.0 | 1191.0083387692341 
2021-10-15 18:35:06,477 - INFO - compute | 1 | (0.2, 0.6000000000000001) | 123 | 2 | {739} | 3416| 273.28 | 1191.0083387692341 
2021-10-15 18:35:06,517 - INFO - compute | 1 | (0.2, 0.8) | 123 | 5 | {739} | 3416| 136.63999999999993 | 1191.0083387692341 
2021-10-15 18:35:06,558 - INFO - compute | 1 | (0.2, 1.0) | 123 | 7 | {739} | 3416| 0.0 | 1191.0083387692341 
2021-10-15 18:35:06,593 - INFO - compute | 1 | (0.4, 0.0) | 65 | 1 | {739} | 878| 351.20000000000005 | 460.2518295204369 
2021-10-15 18:35:06,594 - INFO - load | 1 | (0.4, 0.2) | 65 | 1 | {739} | 878| 351.20000000000005 | 460.2518295204369 
2021-10-15 18:35:06,619 - INFO - compute | 1 | (0.4, 0.4) | 65 | 5 | {739} | 878| 210.72 | 460.2518295204369 
2021-10-15 18:35:06,644 - INFO - compute | 1 | (0.4, 0.6000000000000001) | 65 | 8 | {739} | 878| 140.48 | 460.2518295204369 
2021-10-15 18:35:06,668 - INFO - compute | 1 | (0.4, 0.8) | 65 | 16 | {739} | 878| 70.23999999999997 | 460.2518295204369 
2021-10-15 18:35:06,693 - INFO - compute | 1 | (0.4, 1.0) | 65 | 28 | {739} | 878| 0.0 | 460.2518295204369 
2021-10-15 18:35:06,707 - INFO - compute | 1 | (0.6000000000000001, 0.0) | 31 | 1 | {739} | 193| 115.80000000000001 | 126.87971758552807 
2021-10-15 18:35:06,720 - INFO - compute | 1 | (0.6000000000000001, 0.2) | 31 | 2 | {739} | 193| 92.64000000000001 | 126.87971758552807 
2021-10-15 18:35:06,733 - INFO - compute | 1 | (0.6000000000000001, 0.4) | 31 | 8 | {739} | 193| 69.48 | 126.87971758552807 
2021-10-15 18:35:06,746 - INFO - compute | 1 | (0.6000000000000001, 0.6000000000000001) | 31 | 25 | {739} | 193| 46.32 | 126.87971758552807 
2021-10-15 18:35:06,760 - INFO - compute | 1 | (0.6000000000000001, 0.8) | 31 | 35 | {739} | 193| 23.16 | 126.87971758552807 
2021-10-15 18:35:06,773 - INFO - compute | 1 | (0.6000000000000001, 1.0) | 31 | 62 | {739} | 193| 0.0 | 126.87971758552807 
2021-10-15 18:35:06,778 - INFO - compute | 1 | (0.8, 0.0) | 8 | 1 | {739} | 15| 12.0 | 12.713772146443175 
2021-10-15 18:35:06,782 - INFO - compute | 1 | (0.8, 0.2) | 8 | 5 | {739} | 15| 9.6 | 12.713772146443175 
2021-10-15 18:35:06,787 - INFO - compute | 1 | (0.8, 0.4) | 8 | 16 | {739} | 15| 7.199999999999999 | 12.713772146443175 
2021-10-15 18:35:06,791 - INFO - compute | 1 | (0.8, 0.6000000000000001) | 8 | 35 | {739} | 15| 4.799999999999999 | 12.713772146443175 
2021-10-15 18:35:06,796 - INFO - compute | 1 | (0.8, 0.8) | 8 | 75 | {739} | 15| 2.3999999999999986 | 12.713772146443175 
2021-10-15 18:35:06,802 - INFO - compute | 1 | (0.8, 1.0) | 8 | 122 | {739} | 15| 0.0 | 12.713772146443175 
2021-10-15 18:35:06,803 - INFO - compute | 1 | (1.0, 0.0) | 0 | 1 | set() | 0| 0.0 | 0 
2021-10-15 18:35:06,805 - INFO - compute | 1 | (1.0, 0.2) | 0 | 7 | set() | 0| 0.0 | 0 
2021-10-15 18:35:06,807 - INFO - compute | 1 | (1.0, 0.4) | 0 | 28 | set() | 0| 0.0 | 0 
2021-10-15 18:35:06,808 - INFO - compute | 1 | (1.0, 0.6000000000000001) | 0 | 62 | set() | 0| 0.0 | 0 
2021-10-15 18:35:06,810 - INFO - compute | 1 | (1.0, 0.8) | 0 | 122 | set() | 0| 0.0 | 0 
2021-10-15 18:35:06,812 - INFO - load | 1 | (1.0, 1.0) | 0 | 122 | set() | 0| 0.0 | 0 
2021-10-15 18:35:06,866 - INFO - compute | 2 | (0.0, 0.0) | 123 | 1 | {801, 739} | 6709| 0.0 | 2383.6900247818853 
2021-10-15 18:35:06,867 - INFO - load | 2 | (0.0, 0.2) | 123 | 1 | {801, 739} | 6709| 0.0 | 2383.6900247818853 
2021-10-15 18:35:06,867 - INFO - load | 2 | (0.0, 0.4) | 123 | 1 | {801, 739} | 6709| 0.0 | 2383.6900247818853 
2021-10-15 18:35:06,867 - INFO - load | 2 | (0.0, 0.6000000000000001) | 123 | 1 | {801, 739} | 6709| 0.0 | 2383.6900247818853 
2021-10-15 18:35:06,867 - INFO - load | 2 | (0.0, 0.8) | 123 | 1 | {801, 739} | 6709| 0.0 | 2383.6900247818853 
2021-10-15 18:35:06,868 - INFO - load | 2 | (0.0, 1.0) | 123 | 1 | {801, 739} | 6709| 0.0 | 2383.6900247818853 
2021-10-15 18:35:06,868 - INFO - load | 2 | (0.2, 0.0) | 123 | 1 | {801, 739} | 6709| 0.0 | 2383.6900247818853 
2021-10-15 18:35:06,868 - INFO - load | 2 | (0.2, 0.2) | 123 | 1 | {801, 739} | 6709| 0.0 | 2383.6900247818853 
2021-10-15 18:35:06,868 - INFO - load | 2 | (0.2, 0.4) | 123 | 1 | {801, 739} | 6709| 0.0 | 2383.6900247818853 
2021-10-15 18:35:06,922 - INFO - compute | 2 | (0.2, 0.6000000000000001) | 123 | 2 | {801, 739} | 6709| 536.7199999999999 | 2383.6900247818853 
2021-10-15 18:35:06,976 - INFO - compute | 2 | (0.2, 0.8) | 123 | 5 | {801, 739} | 6709| 268.35999999999984 | 2383.6900247818853 
2021-10-15 18:35:07,031 - INFO - compute | 2 | (0.2, 1.0) | 123 | 7 | {801, 739} | 6709| 0.0 | 2383.6900247818853 
2021-10-15 18:35:07,064 - INFO - compute | 2 | (0.4, 0.0) | 65 | 1 | {801, 739} | 1854| 741.6 | 982.0307007070555 
2021-10-15 18:35:07,065 - INFO - load | 2 | (0.4, 0.2) | 65 | 1 | {801, 739} | 1854| 741.6 | 982.0307007070555 
2021-10-15 18:35:07,097 - INFO - compute | 2 | (0.4, 0.4) | 65 | 5 | {801, 739} | 1854| 444.96 | 982.0307007070555 
2021-10-15 18:35:07,130 - INFO - compute | 2 | (0.4, 0.6000000000000001) | 65 | 8 | {801, 739} | 1854| 296.63999999999993 | 982.0307007070555 
2021-10-15 18:35:07,163 - INFO - compute | 2 | (0.4, 0.8) | 65 | 16 | {801, 739} | 1854| 148.31999999999994 | 982.0307007070555 
2021-10-15 18:35:07,196 - INFO - compute | 2 | (0.4, 1.0) | 65 | 28 | {801, 739} | 1854| 0.0 | 982.0307007070555 
2021-10-15 18:35:07,213 - INFO - compute | 2 | (0.6000000000000001, 0.0) | 31 | 1 | {801, 739} | 456| 273.6 | 300.73398787405785 
2021-10-15 18:35:07,230 - INFO - compute | 2 | (0.6000000000000001, 0.2) | 31 | 2 | {801, 739} | 456| 218.88000000000005 | 300.73398787405785 
2021-10-15 18:35:07,248 - INFO - compute | 2 | (0.6000000000000001, 0.4) | 31 | 8 | {801, 739} | 456| 164.16000000000003 | 300.73398787405785 
2021-10-15 18:35:07,265 - INFO - compute | 2 | (0.6000000000000001, 0.6000000000000001) | 31 | 25 | {801, 739} | 456| 109.44 | 300.73398787405785 
2021-10-15 18:35:07,282 - INFO - compute | 2 | (0.6000000000000001, 0.8) | 31 | 35 | {801, 739} | 456| 54.72 | 300.73398787405785 
2021-10-15 18:35:07,310 - INFO - compute | 2 | (0.6000000000000001, 1.0) | 31 | 62 | {801, 739} | 456| 0.0 | 300.73398787405785 
2021-10-15 18:35:07,317 - INFO - compute | 2 | (0.8, 0.0) | 8 | 1 | {801, 739} | 31| 24.8 | 25.97710150962737 
2021-10-15 18:35:07,322 - INFO - compute | 2 | (0.8, 0.2) | 8 | 5 | {801, 739} | 31| 19.84 | 25.97710150962737 
2021-10-15 18:35:07,328 - INFO - compute | 2 | (0.8, 0.4) | 8 | 16 | {801, 739} | 31| 14.879999999999999 | 25.97710150962737 
2021-10-15 18:35:07,334 - INFO - compute | 2 | (0.8, 0.6000000000000001) | 8 | 35 | {801, 739} | 31| 9.919999999999998 | 25.97710150962737 
2021-10-15 18:35:07,340 - INFO - compute | 2 | (0.8, 0.8) | 8 | 75 | {801, 739} | 31| 4.959999999999997 | 25.97710150962737 
2021-10-15 18:35:07,345 - INFO - compute | 2 | (0.8, 1.0) | 8 | 122 | {801, 739} | 31| 0.0 | 25.97710150962737 
2021-10-15 18:35:07,347 - INFO - compute | 2 | (1.0, 0.0) | 0 | 1 | set() | 0| 0.0 | 0 
2021-10-15 18:35:07,349 - INFO - compute | 2 | (1.0, 0.2) | 0 | 7 | set() | 0| 0.0 | 0 
2021-10-15 18:35:07,350 - INFO - compute | 2 | (1.0, 0.4) | 0 | 28 | set() | 0| 0.0 | 0 
2021-10-15 18:35:07,352 - INFO - compute | 2 | (1.0, 0.6000000000000001) | 0 | 62 | set() | 0| 0.0 | 0 
2021-10-15 18:35:07,354 - INFO - compute | 2 | (1.0, 0.8) | 0 | 122 | set() | 0| 0.0 | 0 
2021-10-15 18:35:07,356 - INFO - load | 2 | (1.0, 1.0) | 0 | 122 | set() | 0| 0.0 | 0 
