2021-10-15 22:55:02,128 - INFO - run algo
2021-10-15 22:55:02,197 - INFO - 1224
2021-10-15 22:55:02,198 - INFO - 1224
2021-10-15 22:55:02,289 - INFO - load:
2021-10-15 22:55:02,290 - INFO - Finish random requester set R and supplier set S 
                             percent_R=0.1, num_R=123, len_R=123 
                             percent_S=0.1, num_S=123, len_S=122
2021-10-15 22:55:02,443 - INFO - load | 1 | (0.0, 0.0) | 123 | 1 | {739} | 3416| 0.0 | 1191.0083387692341 
2021-10-15 22:55:02,443 - INFO - load | 1 | (0.0, 0.05) | 123 | 1 | {739} | 3416| 0.0 | 1191.0083387692341 
2021-10-15 22:55:02,443 - INFO - load | 1 | (0.0, 0.1) | 123 | 1 | {739} | 3416| 0.0 | 1191.0083387692341 
2021-10-15 22:55:02,443 - INFO - load | 1 | (0.0, 0.15000000000000002) | 123 | 1 | {739} | 3416| 0.0 | 1191.0083387692341 
2021-10-15 22:55:02,444 - INFO - load | 1 | (0.0, 0.2) | 123 | 1 | {739} | 3416| 0.0 | 1191.0083387692341 
2021-10-15 22:55:02,444 - INFO - load | 1 | (0.0, 0.25) | 123 | 1 | {739} | 3416| 0.0 | 1191.0083387692341 
2021-10-15 22:55:02,444 - INFO - load | 1 | (0.0, 0.30000000000000004) | 123 | 1 | {739} | 3416| 0.0 | 1191.0083387692341 
2021-10-15 22:55:02,444 - INFO - load | 1 | (0.0, 0.35000000000000003) | 123 | 1 | {739} | 3416| 0.0 | 1191.0083387692341 
2021-10-15 22:55:02,444 - INFO - load | 1 | (0.0, 0.4) | 123 | 1 | {739} | 3416| 0.0 | 1191.0083387692341 
2021-10-15 22:55:02,445 - INFO - load | 1 | (0.0, 0.45) | 123 | 1 | {739} | 3416| 0.0 | 1191.0083387692341 
2021-10-15 22:55:02,445 - INFO - load | 1 | (0.0, 0.5) | 123 | 1 | {739} | 3416| 0.0 | 1191.0083387692341 
2021-10-15 22:55:02,445 - INFO - load | 1 | (0.0, 0.55) | 123 | 1 | {739} | 3416| 0.0 | 1191.0083387692341 
2021-10-15 22:55:02,445 - INFO - load | 1 | (0.0, 0.6000000000000001) | 123 | 1 | {739} | 3416| 0.0 | 1191.0083387692341 
2021-10-15 22:55:02,445 - INFO - load | 1 | (0.0, 0.65) | 123 | 1 | {739} | 3416| 0.0 | 1191.0083387692341 
2021-10-15 22:55:02,446 - INFO - load | 1 | (0.0, 0.7000000000000001) | 123 | 1 | {739} | 3416| 0.0 | 1191.0083387692341 
2021-10-15 22:55:02,446 - INFO - load | 1 | (0.0, 0.75) | 123 | 1 | {739} | 3416| 0.0 | 1191.0083387692341 
2021-10-15 22:55:02,446 - INFO - load | 1 | (0.0, 0.8) | 123 | 1 | {739} | 3416| 0.0 | 1191.0083387692341 
2021-10-15 22:55:02,446 - INFO - load | 1 | (0.0, 0.8500000000000001) | 123 | 1 | {739} | 3416| 0.0 | 1191.0083387692341 
2021-10-15 22:55:02,446 - INFO - load | 1 | (0.0, 0.9) | 123 | 1 | {739} | 3416| 0.0 | 1191.0083387692341 
2021-10-15 22:55:02,447 - INFO - load | 1 | (0.0, 0.9500000000000001) | 123 | 1 | {739} | 3416| 0.0 | 1191.0083387692341 
2021-10-15 22:55:02,447 - INFO - load | 1 | (0.0, 1.0) | 123 | 1 | {739} | 3416| 0.0 | 1191.0083387692341 
2021-10-15 22:55:02,447 - INFO - load | 1 | (0.05, 0.0) | 123 | 1 | {739} | 3416| 170.8 | 1191.0083387692341 
2021-10-15 22:55:02,447 - INFO - load | 1 | (0.05, 0.05) | 123 | 1 | {739} | 3416| 162.26 | 1191.0083387692341 
2021-10-15 22:55:02,447 - INFO - load | 1 | (0.05, 0.1) | 123 | 1 | {739} | 3416| 153.72 | 1191.0083387692341 
2021-10-15 22:55:02,448 - INFO - load | 1 | (0.05, 0.15000000000000002) | 123 | 1 | {739} | 3416| 145.18 | 1191.0083387692341 
2021-10-15 22:55:02,448 - INFO - load | 1 | (0.05, 0.2) | 123 | 1 | {739} | 3416| 136.64000000000001 | 1191.0083387692341 
2021-10-15 22:55:02,448 - INFO - load | 1 | (0.05, 0.25) | 123 | 1 | {739} | 3416| 128.10000000000002 | 1191.0083387692341 
2021-10-15 22:55:02,448 - INFO - load | 1 | (0.05, 0.30000000000000004) | 123 | 1 | {739} | 3416| 119.56000000000002 | 1191.0083387692341 
2021-10-15 22:55:02,449 - INFO - load | 1 | (0.05, 0.35000000000000003) | 123 | 1 | {739} | 3416| 111.02000000000001 | 1191.0083387692341 
2021-10-15 22:55:02,449 - INFO - load | 1 | (0.05, 0.4) | 123 | 1 | {739} | 3416| 102.47999999999999 | 1191.0083387692341 
2021-10-15 22:55:02,449 - INFO - load | 1 | (0.05, 0.45) | 123 | 1 | {739} | 3416| 93.94 | 1191.0083387692341 
2021-10-15 22:55:02,449 - INFO - load | 1 | (0.05, 0.5) | 123 | 1 | {739} | 3416| 85.4 | 1191.0083387692341 
2021-10-15 22:55:02,449 - INFO - load | 1 | (0.05, 0.55) | 123 | 1 | {739} | 3416| 76.86 | 1191.0083387692341 
2021-10-15 22:55:02,450 - INFO - load | 1 | (0.05, 0.6000000000000001) | 123 | 1 | {739} | 3416| 68.32 | 1191.0083387692341 
2021-10-15 22:55:02,450 - INFO - load | 1 | (0.05, 0.65) | 123 | 1 | {739} | 3416| 59.78000000000001 | 1191.0083387692341 
2021-10-15 22:55:02,450 - INFO - load | 1 | (0.05, 0.7000000000000001) | 123 | 1 | {739} | 3416| 51.239999999999995 | 1191.0083387692341 
2021-10-15 22:55:02,450 - INFO - load | 1 | (0.05, 0.75) | 123 | 1 | {739} | 3416| 42.69999999999999 | 1191.0083387692341 
2021-10-15 22:55:02,450 - INFO - load | 1 | (0.05, 0.8) | 123 | 1 | {739} | 3416| 34.15999999999998 | 1191.0083387692341 
2021-10-15 22:55:02,450 - INFO - load | 1 | (0.05, 0.8500000000000001) | 123 | 1 | {739} | 3416| 25.619999999999976 | 1191.0083387692341 
2021-10-15 22:55:02,451 - INFO - load | 1 | (0.05, 0.9) | 123 | 1 | {739} | 3416| 17.07999999999999 | 1191.0083387692341 
2021-10-15 22:55:02,452 - INFO - load | 1 | (0.05, 0.9500000000000001) | 123 | 1 | {739} | 3416| 8.539999999999983 | 1191.0083387692341 
2021-10-15 22:55:02,452 - INFO - load | 1 | (0.05, 1.0) | 123 | 1 | {739} | 3416| 0.0 | 1191.0083387692341 
2021-10-15 22:55:02,453 - INFO - load | 1 | (0.1, 0.0) | 123 | 1 | {739} | 3416| 341.6 | 1191.0083387692341 
2021-10-15 22:55:02,453 - INFO - load | 1 | (0.1, 0.05) | 123 | 1 | {739} | 3416| 324.52 | 1191.0083387692341 
2021-10-15 22:55:02,453 - INFO - load | 1 | (0.1, 0.1) | 123 | 1 | {739} | 3416| 307.44 | 1191.0083387692341 
2021-10-15 22:55:02,453 - INFO - load | 1 | (0.1, 0.15000000000000002) | 123 | 1 | {739} | 3416| 290.36 | 1191.0083387692341 
2021-10-15 22:55:02,453 - INFO - load | 1 | (0.1, 0.2) | 123 | 1 | {739} | 3416| 273.28000000000003 | 1191.0083387692341 
2021-10-15 22:55:02,454 - INFO - load | 1 | (0.1, 0.25) | 123 | 1 | {739} | 3416| 256.20000000000005 | 1191.0083387692341 
2021-10-15 22:55:02,454 - INFO - load | 1 | (0.1, 0.30000000000000004) | 123 | 1 | {739} | 3416| 239.12000000000003 | 1191.0083387692341 
2021-10-15 22:55:02,454 - INFO - load | 1 | (0.1, 0.35000000000000003) | 123 | 1 | {739} | 3416| 222.04000000000002 | 1191.0083387692341 
2021-10-15 22:55:02,454 - INFO - load | 1 | (0.1, 0.4) | 123 | 1 | {739} | 3416| 204.95999999999998 | 1191.0083387692341 
2021-10-15 22:55:02,455 - INFO - load | 1 | (0.1, 0.45) | 123 | 1 | {739} | 3416| 187.88 | 1191.0083387692341 
2021-10-15 22:55:02,455 - INFO - load | 1 | (0.1, 0.5) | 123 | 1 | {739} | 3416| 170.8 | 1191.0083387692341 
2021-10-15 22:55:02,455 - INFO - load | 1 | (0.1, 0.55) | 123 | 1 | {739} | 3416| 153.72 | 1191.0083387692341 
2021-10-15 22:55:02,455 - INFO - load | 1 | (0.1, 0.6000000000000001) | 123 | 1 | {739} | 3416| 136.64 | 1191.0083387692341 
2021-10-15 22:55:02,455 - INFO - load | 1 | (0.1, 0.65) | 123 | 1 | {739} | 3416| 119.56000000000002 | 1191.0083387692341 
2021-10-15 22:55:02,456 - INFO - load | 1 | (0.1, 0.7000000000000001) | 123 | 1 | {739} | 3416| 102.47999999999999 | 1191.0083387692341 
2021-10-15 22:55:02,456 - INFO - load | 1 | (0.1, 0.75) | 123 | 1 | {739} | 3416| 85.39999999999998 | 1191.0083387692341 
2021-10-15 22:55:02,456 - INFO - load | 1 | (0.1, 0.8) | 123 | 1 | {739} | 3416| 68.31999999999996 | 1191.0083387692341 
2021-10-15 22:55:02,456 - INFO - load | 1 | (0.1, 0.8500000000000001) | 123 | 1 | {739} | 3416| 51.23999999999995 | 1191.0083387692341 
2021-10-15 22:55:02,456 - INFO - load | 1 | (0.1, 0.9) | 123 | 1 | {739} | 3416| 34.15999999999998 | 1191.0083387692341 
2021-10-15 22:55:02,460 - INFO - load | 1 | (0.1, 0.9500000000000001) | 123 | 2 | {739} | 3416| 17.079999999999966 | 1191.0083387692341 
2021-10-15 22:55:02,463 - INFO - load | 1 | (0.1, 1.0) | 123 | 2 | {739} | 3416| 0.0 | 1191.0083387692341 
2021-10-15 22:55:02,464 - INFO - load | 1 | (0.15000000000000002, 0.0) | 123 | 1 | {739} | 3416| 512.4000000000001 | 1191.0083387692341 
2021-10-15 22:55:02,464 - INFO - load | 1 | (0.15000000000000002, 0.05) | 123 | 1 | {739} | 3416| 486.78000000000003 | 1191.0083387692341 
2021-10-15 22:55:02,464 - INFO - load | 1 | (0.15000000000000002, 0.1) | 123 | 1 | {739} | 3416| 461.16 | 1191.0083387692341 
2021-10-15 22:55:02,464 - INFO - load | 1 | (0.15000000000000002, 0.15000000000000002) | 123 | 1 | {739} | 3416| 435.54 | 1191.0083387692341 
2021-10-15 22:55:02,464 - INFO - load | 1 | (0.15000000000000002, 0.2) | 123 | 1 | {739} | 3416| 409.9200000000001 | 1191.0083387692341 
2021-10-15 22:55:02,465 - INFO - load | 1 | (0.15000000000000002, 0.25) | 123 | 1 | {739} | 3416| 384.30000000000007 | 1191.0083387692341 
2021-10-15 22:55:02,465 - INFO - load | 1 | (0.15000000000000002, 0.30000000000000004) | 123 | 1 | {739} | 3416| 358.68 | 1191.0083387692341 
2021-10-15 22:55:02,465 - INFO - load | 1 | (0.15000000000000002, 0.35000000000000003) | 123 | 1 | {739} | 3416| 333.06 | 1191.0083387692341 
2021-10-15 22:55:02,465 - INFO - load | 1 | (0.15000000000000002, 0.4) | 123 | 1 | {739} | 3416| 307.44000000000005 | 1191.0083387692341 
2021-10-15 22:55:02,465 - INFO - load | 1 | (0.15000000000000002, 0.45) | 123 | 1 | {739} | 3416| 281.82 | 1191.0083387692341 
2021-10-15 22:55:02,466 - INFO - load | 1 | (0.15000000000000002, 0.5) | 123 | 1 | {739} | 3416| 256.20000000000005 | 1191.0083387692341 
2021-10-15 22:55:02,466 - INFO - load | 1 | (0.15000000000000002, 0.55) | 123 | 1 | {739} | 3416| 230.58 | 1191.0083387692341 
2021-10-15 22:55:02,466 - INFO - load | 1 | (0.15000000000000002, 0.6000000000000001) | 123 | 1 | {739} | 3416| 204.95999999999998 | 1191.0083387692341 
2021-10-15 22:55:02,469 - INFO - load | 1 | (0.15000000000000002, 0.65) | 123 | 2 | {739} | 3416| 179.34 | 1191.0083387692341 
2021-10-15 22:55:02,473 - INFO - load | 1 | (0.15000000000000002, 0.7000000000000001) | 123 | 2 | {739} | 3416| 153.72 | 1191.0083387692341 
2021-10-15 22:55:02,477 - INFO - load | 1 | (0.15000000000000002, 0.75) | 123 | 2 | {739} | 3416| 128.10000000000002 | 1191.0083387692341 
2021-10-15 22:55:02,480 - INFO - load | 1 | (0.15000000000000002, 0.8) | 123 | 2 | {739} | 3416| 102.47999999999999 | 1191.0083387692341 
2021-10-15 22:55:02,484 - INFO - load | 1 | (0.15000000000000002, 0.8500000000000001) | 123 | 2 | {739} | 3416| 76.85999999999997 | 1191.0083387692341 
2021-10-15 22:55:02,488 - INFO - load | 1 | (0.15000000000000002, 0.9) | 123 | 3 | {739} | 3416| 51.23999999999995 | 1191.0083387692341 
2021-10-15 22:55:02,493 - INFO - load | 1 | (0.15000000000000002, 0.9500000000000001) | 123 | 4 | {739} | 3416| 25.619999999999926 | 1191.0083387692341 
2021-10-15 22:55:02,498 - INFO - load | 1 | (0.15000000000000002, 1.0) | 123 | 4 | {739} | 3416| 0.0 | 1191.0083387692341 
2021-10-15 22:55:02,498 - INFO - load | 1 | (0.2, 0.0) | 123 | 1 | {739} | 3416| 683.2 | 1191.0083387692341 
2021-10-15 22:55:02,499 - INFO - load | 1 | (0.2, 0.05) | 123 | 1 | {739} | 3416| 649.04 | 1191.0083387692341 
2021-10-15 22:55:02,499 - INFO - load | 1 | (0.2, 0.1) | 123 | 1 | {739} | 3416| 614.88 | 1191.0083387692341 
2021-10-15 22:55:02,499 - INFO - load | 1 | (0.2, 0.15000000000000002) | 123 | 1 | {739} | 3416| 580.72 | 1191.0083387692341 
2021-10-15 22:55:02,499 - INFO - load | 1 | (0.2, 0.2) | 123 | 1 | {739} | 3416| 546.5600000000001 | 1191.0083387692341 
2021-10-15 22:55:02,499 - INFO - load | 1 | (0.2, 0.25) | 123 | 1 | {739} | 3416| 512.4000000000001 | 1191.0083387692341 
2021-10-15 22:55:02,500 - INFO - load | 1 | (0.2, 0.30000000000000004) | 123 | 1 | {739} | 3416| 478.24000000000007 | 1191.0083387692341 
2021-10-15 22:55:02,500 - INFO - load | 1 | (0.2, 0.35000000000000003) | 123 | 1 | {739} | 3416| 444.08000000000004 | 1191.0083387692341 
2021-10-15 22:55:02,500 - INFO - load | 1 | (0.2, 0.4) | 123 | 1 | {739} | 3416| 409.91999999999996 | 1191.0083387692341 
2021-10-15 22:55:02,500 - INFO - load | 1 | (0.2, 0.45) | 123 | 1 | {739} | 3416| 375.76 | 1191.0083387692341 
2021-10-15 22:55:02,504 - INFO - load | 1 | (0.2, 0.5) | 123 | 2 | {739} | 3416| 341.6 | 1191.0083387692341 
2021-10-15 22:55:02,507 - INFO - load | 1 | (0.2, 0.55) | 123 | 2 | {739} | 3416| 307.44 | 1191.0083387692341 
2021-10-15 22:55:02,511 - INFO - load | 1 | (0.2, 0.6000000000000001) | 123 | 2 | {739} | 3416| 273.28 | 1191.0083387692341 
2021-10-15 22:55:02,515 - INFO - load | 1 | (0.2, 0.65) | 123 | 3 | {739} | 3416| 239.12000000000003 | 1191.0083387692341 
2021-10-15 22:55:02,520 - INFO - load | 1 | (0.2, 0.7000000000000001) | 123 | 3 | {739} | 3416| 204.95999999999998 | 1191.0083387692341 
2021-10-15 22:55:02,524 - INFO - load | 1 | (0.2, 0.75) | 123 | 4 | {739} | 3416| 170.79999999999995 | 1191.0083387692341 
2021-10-15 22:55:02,531 - INFO - load | 1 | (0.2, 0.8) | 123 | 5 | {739} | 3416| 136.63999999999993 | 1191.0083387692341 
2021-10-15 22:55:02,536 - INFO - load | 1 | (0.2, 0.8500000000000001) | 123 | 5 | {739} | 3416| 102.4799999999999 | 1191.0083387692341 
2021-10-15 22:55:02,542 - INFO - load | 1 | (0.2, 0.9) | 123 | 5 | {739} | 3416| 68.31999999999996 | 1191.0083387692341 
2021-10-15 22:55:02,547 - INFO - load | 1 | (0.2, 0.9500000000000001) | 123 | 6 | {739} | 3416| 34.15999999999993 | 1191.0083387692341 
2021-10-15 22:55:02,553 - INFO - load | 1 | (0.2, 1.0) | 123 | 7 | {739} | 3416| 0.0 | 1191.0083387692341 
2021-10-15 22:55:02,553 - INFO - load | 1 | (0.25, 0.0) | 123 | 1 | {739} | 3416| 854.0 | 1191.0083387692341 
2021-10-15 22:55:02,554 - INFO - load | 1 | (0.25, 0.05) | 123 | 1 | {739} | 3416| 811.3 | 1191.0083387692341 
2021-10-15 22:55:02,554 - INFO - load | 1 | (0.25, 0.1) | 123 | 1 | {739} | 3416| 768.6 | 1191.0083387692341 
2021-10-15 22:55:02,554 - INFO - load | 1 | (0.25, 0.15000000000000002) | 123 | 1 | {739} | 3416| 725.9 | 1191.0083387692341 
2021-10-15 22:55:02,554 - INFO - load | 1 | (0.25, 0.2) | 123 | 1 | {739} | 3416| 683.2 | 1191.0083387692341 
2021-10-15 22:55:02,554 - INFO - load | 1 | (0.25, 0.25) | 123 | 1 | {739} | 3416| 640.5 | 1191.0083387692341 
2021-10-15 22:55:02,555 - INFO - load | 1 | (0.25, 0.30000000000000004) | 123 | 1 | {739} | 3416| 597.8 | 1191.0083387692341 
2021-10-15 22:55:02,555 - INFO - load | 1 | (0.25, 0.35000000000000003) | 123 | 1 | {739} | 3416| 555.0999999999999 | 1191.0083387692341 
2021-10-15 22:55:02,558 - INFO - load | 1 | (0.25, 0.4) | 123 | 2 | {739} | 3416| 512.4 | 1191.0083387692341 
2021-10-15 22:55:02,562 - INFO - load | 1 | (0.25, 0.45) | 123 | 2 | {739} | 3416| 469.70000000000005 | 1191.0083387692341 
2021-10-15 22:55:02,566 - INFO - load | 1 | (0.25, 0.5) | 123 | 2 | {739} | 3416| 427.0 | 1191.0083387692341 
2021-10-15 22:55:02,570 - INFO - load | 1 | (0.25, 0.55) | 123 | 3 | {739} | 3416| 384.29999999999995 | 1191.0083387692341 
2021-10-15 22:55:02,575 - INFO - load | 1 | (0.25, 0.6000000000000001) | 123 | 4 | {739} | 3416| 341.5999999999999 | 1191.0083387692341 
2021-10-15 22:55:02,580 - INFO - load | 1 | (0.25, 0.65) | 123 | 5 | {739} | 3416| 298.9 | 1191.0083387692341 
2021-10-15 22:55:02,586 - INFO - load | 1 | (0.25, 0.7000000000000001) | 123 | 5 | {739} | 3416| 256.19999999999993 | 1191.0083387692341 
2021-10-15 22:55:02,592 - INFO - load | 1 | (0.25, 0.75) | 123 | 6 | {739} | 3416| 213.5 | 1191.0083387692341 
2021-10-15 22:55:02,598 - INFO - load | 1 | (0.25, 0.8) | 123 | 7 | {739} | 3416| 170.79999999999995 | 1191.0083387692341 
2021-10-15 22:55:02,604 - INFO - load | 1 | (0.25, 0.8500000000000001) | 123 | 8 | {739} | 3416| 128.09999999999994 | 1191.0083387692341 
2021-10-15 22:55:02,611 - INFO - load | 1 | (0.25, 0.9) | 123 | 8 | {739} | 3416| 85.39999999999998 | 1191.0083387692341 
2021-10-15 22:55:02,618 - INFO - load | 1 | (0.25, 0.9500000000000001) | 123 | 8 | {739} | 3416| 42.699999999999946 | 1191.0083387692341 
2021-10-15 22:55:02,625 - INFO - load | 1 | (0.25, 1.0) | 123 | 10 | {739} | 3416| 0.0 | 1191.0083387692341 
2021-10-15 22:55:02,632 - INFO - load | 1 | (0.30000000000000004, 0.0) | 91 | 1 | {739} | 1770| 531.0000000000001 | 767.84468587287 
2021-10-15 22:55:02,639 - INFO - load | 1 | (0.30000000000000004, 0.05) | 91 | 1 | {739} | 1770| 504.45000000000005 | 767.84468587287 
2021-10-15 22:55:02,646 - INFO - load | 1 | (0.30000000000000004, 0.1) | 91 | 1 | {739} | 1770| 477.90000000000003 | 767.84468587287 
2021-10-15 22:55:02,652 - INFO - load | 1 | (0.30000000000000004, 0.15000000000000002) | 91 | 1 | {739} | 1770| 451.35 | 767.84468587287 
2021-10-15 22:55:02,659 - INFO - load | 1 | (0.30000000000000004, 0.2) | 91 | 1 | {739} | 1770| 424.80000000000007 | 767.84468587287 
2021-10-15 22:55:02,666 - INFO - load | 1 | (0.30000000000000004, 0.25) | 91 | 1 | {739} | 1770| 398.25000000000006 | 767.84468587287 
2021-10-15 22:55:02,673 - INFO - load | 1 | (0.30000000000000004, 0.30000000000000004) | 91 | 1 | {739} | 1770| 371.70000000000005 | 767.84468587287 
2021-10-15 22:55:02,680 - INFO - load | 1 | (0.30000000000000004, 0.35000000000000003) | 91 | 2 | {739} | 1770| 345.15000000000003 | 767.84468587287 
2021-10-15 22:55:02,687 - INFO - load | 1 | (0.30000000000000004, 0.4) | 91 | 2 | {739} | 1770| 318.6 | 767.84468587287 
2021-10-15 22:55:02,695 - INFO - load | 1 | (0.30000000000000004, 0.45) | 91 | 3 | {739} | 1770| 292.05 | 767.84468587287 
2021-10-15 22:55:02,702 - INFO - load | 1 | (0.30000000000000004, 0.5) | 91 | 4 | {739} | 1770| 265.50000000000006 | 767.84468587287 
2021-10-15 22:55:02,710 - INFO - load | 1 | (0.30000000000000004, 0.55) | 91 | 5 | {739} | 1770| 238.95000000000002 | 767.84468587287 
2021-10-15 22:55:02,717 - INFO - load | 1 | (0.30000000000000004, 0.6000000000000001) | 91 | 5 | {739} | 1770| 212.4 | 767.84468587287 
2021-10-15 22:55:02,725 - INFO - load | 1 | (0.30000000000000004, 0.65) | 91 | 6 | {739} | 1770| 185.85000000000002 | 767.84468587287 
2021-10-15 22:55:02,732 - INFO - load | 1 | (0.30000000000000004, 0.7000000000000001) | 91 | 8 | {739} | 1770| 159.29999999999998 | 767.84468587287 
2021-10-15 22:55:02,740 - INFO - load | 1 | (0.30000000000000004, 0.75) | 91 | 8 | {739} | 1770| 132.75000000000003 | 767.84468587287 
2021-10-15 22:55:02,747 - INFO - load | 1 | (0.30000000000000004, 0.8) | 91 | 8 | {739} | 1770| 106.2 | 767.84468587287 
2021-10-15 22:55:02,755 - INFO - load | 1 | (0.30000000000000004, 0.8500000000000001) | 91 | 10 | {739} | 1770| 79.64999999999998 | 767.84468587287 
2021-10-15 22:55:02,764 - INFO - load | 1 | (0.30000000000000004, 0.9) | 91 | 13 | {739} | 1770| 53.09999999999995 | 767.84468587287 
2021-10-15 22:55:02,771 - INFO - load | 1 | (0.30000000000000004, 0.9500000000000001) | 91 | 13 | {739} | 1770| 26.549999999999926 | 767.84468587287 
2021-10-15 22:55:02,779 - INFO - load | 1 | (0.30000000000000004, 1.0) | 91 | 13 | {739} | 1770| 0.0 | 767.84468587287 
2021-10-15 22:55:02,787 - INFO - load | 1 | (0.35000000000000003, 0.0) | 79 | 1 | {739} | 1325| 463.75000000000006 | 626.7584217637948 
2021-10-15 22:55:02,795 - INFO - load | 1 | (0.35000000000000003, 0.05) | 79 | 1 | {739} | 1325| 440.5625 | 626.7584217637948 
2021-10-15 22:55:02,803 - INFO - load | 1 | (0.35000000000000003, 0.1) | 79 | 1 | {739} | 1325| 417.37500000000006 | 626.7584217637948 
2021-10-15 22:55:02,811 - INFO - load | 1 | (0.35000000000000003, 0.15000000000000002) | 79 | 1 | {739} | 1325| 394.18750000000006 | 626.7584217637948 
2021-10-15 22:55:02,819 - INFO - load | 1 | (0.35000000000000003, 0.2) | 79 | 1 | {739} | 1325| 371.00000000000006 | 626.7584217637948 
2021-10-15 22:55:02,827 - INFO - load | 1 | (0.35000000000000003, 0.25) | 79 | 1 | {739} | 1325| 347.8125 | 626.7584217637948 
2021-10-15 22:55:02,835 - INFO - load | 1 | (0.35000000000000003, 0.30000000000000004) | 79 | 2 | {739} | 1325| 324.625 | 626.7584217637948 
2021-10-15 22:55:02,843 - INFO - load | 1 | (0.35000000000000003, 0.35000000000000003) | 79 | 2 | {739} | 1325| 301.4375 | 626.7584217637948 
2021-10-15 22:55:02,852 - INFO - load | 1 | (0.35000000000000003, 0.4) | 79 | 3 | {739} | 1325| 278.25 | 626.7584217637948 
2021-10-15 22:55:02,860 - INFO - load | 1 | (0.35000000000000003, 0.45) | 79 | 5 | {739} | 1325| 255.0625 | 626.7584217637948 
2021-10-15 22:55:02,869 - INFO - load | 1 | (0.35000000000000003, 0.5) | 79 | 5 | {739} | 1325| 231.87500000000003 | 626.7584217637948 
2021-10-15 22:55:02,877 - INFO - load | 1 | (0.35000000000000003, 0.55) | 79 | 6 | {739} | 1325| 208.6875 | 626.7584217637948 
2021-10-15 22:55:02,886 - INFO - load | 1 | (0.35000000000000003, 0.6000000000000001) | 79 | 8 | {739} | 1325| 185.49999999999997 | 626.7584217637948 
2021-10-15 22:55:02,894 - INFO - load | 1 | (0.35000000000000003, 0.65) | 79 | 8 | {739} | 1325| 162.3125 | 626.7584217637948 
2021-10-15 22:55:02,903 - INFO - load | 1 | (0.35000000000000003, 0.7000000000000001) | 79 | 8 | {739} | 1325| 139.12499999999997 | 626.7584217637948 
2021-10-15 22:55:02,911 - INFO - load | 1 | (0.35000000000000003, 0.75) | 79 | 12 | {739} | 1325| 115.93750000000003 | 626.7584217637948 
2021-10-15 22:55:02,920 - INFO - load | 1 | (0.35000000000000003, 0.8) | 79 | 13 | {739} | 1325| 92.75000000000001 | 626.7584217637948 
2021-10-15 22:55:02,929 - INFO - load | 1 | (0.35000000000000003, 0.8500000000000001) | 79 | 13 | {739} | 1325| 69.56249999999999 | 626.7584217637948 
2021-10-15 22:55:02,938 - INFO - load | 1 | (0.35000000000000003, 0.9) | 79 | 15 | {739} | 1325| 46.374999999999964 | 626.7584217637948 
2021-10-15 22:55:02,946 - INFO - load | 1 | (0.35000000000000003, 0.9500000000000001) | 79 | 18 | {739} | 1325| 23.187499999999947 | 626.7584217637948 
2021-10-15 22:55:02,955 - INFO - load | 1 | (0.35000000000000003, 1.0) | 79 | 22 | {739} | 1325| 0.0 | 626.7584217637948 
2021-10-15 22:55:02,964 - INFO - load | 1 | (0.4, 0.0) | 65 | 1 | {739} | 878| 351.20000000000005 | 460.2518295204369 
2021-10-15 22:55:02,973 - INFO - load | 1 | (0.4, 0.05) | 65 | 1 | {739} | 878| 333.64 | 460.2518295204369 
2021-10-15 22:55:02,982 - INFO - load | 1 | (0.4, 0.1) | 65 | 1 | {739} | 878| 316.08 | 460.2518295204369 
2021-10-15 22:55:02,991 - INFO - load | 1 | (0.4, 0.15000000000000002) | 65 | 1 | {739} | 878| 298.52000000000004 | 460.2518295204369 
2021-10-15 22:55:03,002 - INFO - load | 1 | (0.4, 0.2) | 65 | 1 | {739} | 878| 280.96 | 460.2518295204369 
2021-10-15 22:55:03,012 - INFO - load | 1 | (0.4, 0.25) | 65 | 2 | {739} | 878| 263.40000000000003 | 460.2518295204369 
2021-10-15 22:55:03,022 - INFO - load | 1 | (0.4, 0.30000000000000004) | 65 | 2 | {739} | 878| 245.84000000000003 | 460.2518295204369 
2021-10-15 22:55:03,032 - INFO - load | 1 | (0.4, 0.35000000000000003) | 65 | 3 | {739} | 878| 228.28 | 460.2518295204369 
2021-10-15 22:55:03,041 - INFO - load | 1 | (0.4, 0.4) | 65 | 5 | {739} | 878| 210.72 | 460.2518295204369 
2021-10-15 22:55:03,050 - INFO - load | 1 | (0.4, 0.45) | 65 | 5 | {739} | 878| 193.16 | 460.2518295204369 
2021-10-15 22:55:03,060 - INFO - load | 1 | (0.4, 0.5) | 65 | 7 | {739} | 878| 175.60000000000002 | 460.2518295204369 
2021-10-15 22:55:03,070 - INFO - load | 1 | (0.4, 0.55) | 65 | 8 | {739} | 878| 158.04 | 460.2518295204369 
2021-10-15 22:55:03,080 - INFO - load | 1 | (0.4, 0.6000000000000001) | 65 | 8 | {739} | 878| 140.48 | 460.2518295204369 
2021-10-15 22:55:03,090 - INFO - load | 1 | (0.4, 0.65) | 65 | 12 | {739} | 878| 122.92000000000002 | 460.2518295204369 
2021-10-15 22:55:03,100 - INFO - load | 1 | (0.4, 0.7000000000000001) | 65 | 13 | {739} | 878| 105.36 | 460.2518295204369 
2021-10-15 22:55:03,110 - INFO - load | 1 | (0.4, 0.75) | 65 | 13 | {739} | 878| 87.79999999999998 | 460.2518295204369 
2021-10-15 22:55:03,120 - INFO - load | 1 | (0.4, 0.8) | 65 | 16 | {739} | 878| 70.23999999999997 | 460.2518295204369 
2021-10-15 22:55:03,131 - INFO - load | 1 | (0.4, 0.8500000000000001) | 65 | 19 | {739} | 878| 52.67999999999995 | 460.2518295204369 
2021-10-15 22:55:03,142 - INFO - load | 1 | (0.4, 0.9) | 65 | 25 | {739} | 878| 35.11999999999998 | 460.2518295204369 
2021-10-15 22:55:03,151 - INFO - load | 1 | (0.4, 0.9500000000000001) | 65 | 26 | {739} | 878| 17.559999999999967 | 460.2518295204369 
2021-10-15 22:55:03,161 - INFO - load | 1 | (0.4, 1.0) | 65 | 28 | {739} | 878| 0.0 | 460.2518295204369 
2021-10-15 22:55:03,172 - INFO - load | 1 | (0.45, 0.0) | 58 | 1 | {739} | 687| 309.15000000000003 | 381.034098387867 
2021-10-15 22:55:03,182 - INFO - load | 1 | (0.45, 0.05) | 58 | 1 | {739} | 687| 293.6925 | 381.034098387867 
2021-10-15 22:55:03,191 - INFO - load | 1 | (0.45, 0.1) | 58 | 1 | {739} | 687| 278.235 | 381.034098387867 
2021-10-15 22:55:03,201 - INFO - load | 1 | (0.45, 0.15000000000000002) | 58 | 1 | {739} | 687| 262.77750000000003 | 381.034098387867 
2021-10-15 22:55:03,211 - INFO - load | 1 | (0.45, 0.2) | 58 | 1 | {739} | 687| 247.32 | 381.034098387867 
2021-10-15 22:55:03,222 - INFO - load | 1 | (0.45, 0.25) | 58 | 2 | {739} | 687| 231.8625 | 381.034098387867 
2021-10-15 22:55:03,232 - INFO - load | 1 | (0.45, 0.30000000000000004) | 58 | 3 | {739} | 687| 216.40499999999997 | 381.034098387867 
2021-10-15 22:55:03,242 - INFO - load | 1 | (0.45, 0.35000000000000003) | 58 | 5 | {739} | 687| 200.9475 | 381.034098387867 
2021-10-15 22:55:03,252 - INFO - load | 1 | (0.45, 0.4) | 58 | 5 | {739} | 687| 185.49 | 381.034098387867 
2021-10-15 22:55:03,263 - INFO - load | 1 | (0.45, 0.45) | 58 | 7 | {739} | 687| 170.0325 | 381.034098387867 
2021-10-15 22:55:03,273 - INFO - load | 1 | (0.45, 0.5) | 58 | 8 | {739} | 687| 154.57500000000002 | 381.034098387867 
2021-10-15 22:55:03,284 - INFO - load | 1 | (0.45, 0.55) | 58 | 9 | {739} | 687| 139.11749999999998 | 381.034098387867 
