2021-10-15 17:26:53,733 - INFO - run algo
2021-10-15 17:26:53,807 - INFO - 1224
2021-10-15 17:26:53,808 - INFO - 1224
2021-10-15 17:26:53,910 - INFO - load:
2021-10-15 17:26:53,911 - INFO - Finish random requester set R and supplier set S 
                             percent_R=0.1, num_R=123, len_R=123 
                             percent_S=0.1, num_S=123, len_S=122
2021-10-15 17:26:54,076 - INFO - compute | 1 | (0.0, 0.0) | 123 | 1 | {739}  
2021-10-15 17:26:54,085 - INFO - compute | 1 | (0.0, 0.2) | 123 | 1 | {739}  
2021-10-15 17:26:54,093 - INFO - compute | 1 | (0.0, 0.4) | 123 | 1 | {739}  
2021-10-15 17:26:54,101 - INFO - compute | 1 | (0.0, 0.6000000000000001) | 123 | 1 | {739}  
2021-10-15 17:26:54,109 - INFO - compute | 1 | (0.0, 0.8) | 123 | 1 | {739}  
2021-10-15 17:26:54,117 - INFO - compute | 1 | (0.0, 1.0) | 123 | 1 | {739}  
2021-10-15 17:26:54,125 - INFO - compute | 1 | (0.2, 0.0) | 123 | 1 | {739}  
2021-10-15 17:26:54,133 - INFO - compute | 1 | (0.2, 0.2) | 123 | 1 | {739}  
2021-10-15 17:26:54,142 - INFO - compute | 1 | (0.2, 0.4) | 123 | 1 | {739}  
2021-10-15 17:26:54,150 - INFO - compute | 1 | (0.2, 0.6000000000000001) | 123 | 2 | {739}  
2021-10-15 17:26:54,158 - INFO - compute | 1 | (0.2, 0.8) | 123 | 5 | {739}  
2021-10-15 17:26:54,166 - INFO - compute | 1 | (0.2, 1.0) | 123 | 7 | {739}  
2021-10-15 17:26:54,172 - INFO - compute | 1 | (0.4, 0.0) | 65 | 1 | {739}  
2021-10-15 17:26:54,178 - INFO - compute | 1 | (0.4, 0.2) | 65 | 1 | {739}  
2021-10-15 17:26:54,183 - INFO - compute | 1 | (0.4, 0.4) | 65 | 5 | {739}  
2021-10-15 17:26:54,189 - INFO - compute | 1 | (0.4, 0.6000000000000001) | 65 | 8 | {739}  
2021-10-15 17:26:54,194 - INFO - compute | 1 | (0.4, 0.8) | 65 | 16 | {739}  
2021-10-15 17:26:54,200 - INFO - compute | 1 | (0.4, 1.0) | 65 | 28 | {739}  
2021-10-15 17:26:54,203 - INFO - compute | 1 | (0.6000000000000001, 0.0) | 31 | 1 | {739}  
2021-10-15 17:26:54,206 - INFO - compute | 1 | (0.6000000000000001, 0.2) | 31 | 2 | {739}  
2021-10-15 17:26:54,209 - INFO - compute | 1 | (0.6000000000000001, 0.4) | 31 | 8 | {739}  
2021-10-15 17:26:54,212 - INFO - compute | 1 | (0.6000000000000001, 0.6000000000000001) | 31 | 25 | {739}  
2021-10-15 17:26:54,215 - INFO - compute | 1 | (0.6000000000000001, 0.8) | 31 | 35 | {739}  
2021-10-15 17:26:54,218 - INFO - compute | 1 | (0.6000000000000001, 1.0) | 31 | 62 | {739}  
2021-10-15 17:26:54,219 - INFO - compute | 1 | (0.8, 0.0) | 8 | 1 | {739}  
2021-10-15 17:26:54,220 - INFO - compute | 1 | (0.8, 0.2) | 8 | 5 | {739}  
2021-10-15 17:26:54,221 - INFO - compute | 1 | (0.8, 0.4) | 8 | 16 | {739}  
2021-10-15 17:26:54,222 - INFO - compute | 1 | (0.8, 0.6000000000000001) | 8 | 35 | {739}  
2021-10-15 17:26:54,223 - INFO - compute | 1 | (0.8, 0.8) | 8 | 75 | {739}  
2021-10-15 17:26:54,224 - INFO - compute | 1 | (0.8, 1.0) | 8 | 122 | {739}  
2021-10-15 17:26:54,224 - INFO - compute | 1 | (1.0, 0.0) | 0 | 1 | set()  
2021-10-15 17:26:54,224 - INFO - compute | 1 | (1.0, 0.2) | 0 | 7 | set()  
2021-10-15 17:26:54,224 - INFO - compute | 1 | (1.0, 0.4) | 0 | 28 | set()  
2021-10-15 17:26:54,224 - INFO - compute | 1 | (1.0, 0.6000000000000001) | 0 | 62 | set()  
2021-10-15 17:26:54,225 - INFO - compute | 1 | (1.0, 0.8) | 0 | 122 | set()  
2021-10-15 17:26:54,225 - INFO - compute | 1 | (1.0, 1.0) | 0 | 122 | set()  
2021-10-15 17:26:54,233 - INFO - compute | 2 | (0.0, 0.0) | 123 | 1 | {801, 739}  
2021-10-15 17:26:54,241 - INFO - compute | 2 | (0.0, 0.2) | 123 | 1 | {801, 739}  
2021-10-15 17:26:54,250 - INFO - compute | 2 | (0.0, 0.4) | 123 | 1 | {801, 739}  
2021-10-15 17:26:54,258 - INFO - compute | 2 | (0.0, 0.6000000000000001) | 123 | 1 | {801, 739}  
2021-10-15 17:26:54,266 - INFO - compute | 2 | (0.0, 0.8) | 123 | 1 | {801, 739}  
2021-10-15 17:26:54,274 - INFO - compute | 2 | (0.0, 1.0) | 123 | 1 | {801, 739}  
2021-10-15 17:26:54,282 - INFO - compute | 2 | (0.2, 0.0) | 123 | 1 | {801, 739}  
2021-10-15 17:26:54,291 - INFO - compute | 2 | (0.2, 0.2) | 123 | 1 | {801, 739}  
2021-10-15 17:26:54,299 - INFO - compute | 2 | (0.2, 0.4) | 123 | 1 | {801, 739}  
2021-10-15 17:26:54,308 - INFO - compute | 2 | (0.2, 0.6000000000000001) | 123 | 2 | {801, 739}  
2021-10-15 17:26:54,316 - INFO - compute | 2 | (0.2, 0.8) | 123 | 5 | {801, 739}  
2021-10-15 17:26:54,324 - INFO - compute | 2 | (0.2, 1.0) | 123 | 7 | {801, 739}  
2021-10-15 17:26:54,330 - INFO - compute | 2 | (0.4, 0.0) | 65 | 1 | {801, 739}  
2021-10-15 17:26:54,335 - INFO - compute | 2 | (0.4, 0.2) | 65 | 1 | {801, 739}  
2021-10-15 17:26:54,341 - INFO - compute | 2 | (0.4, 0.4) | 65 | 5 | {801, 739}  
2021-10-15 17:26:54,347 - INFO - compute | 2 | (0.4, 0.6000000000000001) | 65 | 8 | {801, 739}  
2021-10-15 17:26:54,352 - INFO - compute | 2 | (0.4, 0.8) | 65 | 16 | {801, 739}  
2021-10-15 17:26:54,358 - INFO - compute | 2 | (0.4, 1.0) | 65 | 28 | {801, 739}  
2021-10-15 17:26:54,361 - INFO - compute | 2 | (0.6000000000000001, 0.0) | 31 | 1 | {801, 739}  
2021-10-15 17:26:54,364 - INFO - compute | 2 | (0.6000000000000001, 0.2) | 31 | 2 | {801, 739}  
2021-10-15 17:26:54,368 - INFO - compute | 2 | (0.6000000000000001, 0.4) | 31 | 8 | {801, 739}  
2021-10-15 17:26:54,371 - INFO - compute | 2 | (0.6000000000000001, 0.6000000000000001) | 31 | 25 | {801, 739}  
2021-10-15 17:26:54,374 - INFO - compute | 2 | (0.6000000000000001, 0.8) | 31 | 35 | {801, 739}  
2021-10-15 17:26:54,377 - INFO - compute | 2 | (0.6000000000000001, 1.0) | 31 | 62 | {801, 739}  
2021-10-15 17:26:54,378 - INFO - compute | 2 | (0.8, 0.0) | 8 | 1 | {801, 739}  
2021-10-15 17:26:54,379 - INFO - compute | 2 | (0.8, 0.2) | 8 | 5 | {801, 739}  
2021-10-15 17:26:54,380 - INFO - compute | 2 | (0.8, 0.4) | 8 | 16 | {801, 739}  
2021-10-15 17:26:54,381 - INFO - compute | 2 | (0.8, 0.6000000000000001) | 8 | 35 | {801, 739}  
2021-10-15 17:26:54,382 - INFO - compute | 2 | (0.8, 0.8) | 8 | 75 | {801, 739}  
2021-10-15 17:26:54,383 - INFO - compute | 2 | (0.8, 1.0) | 8 | 122 | {801, 739}  
2021-10-15 17:26:54,383 - INFO - compute | 2 | (1.0, 0.0) | 0 | 1 | set()  
2021-10-15 17:26:54,383 - INFO - compute | 2 | (1.0, 0.2) | 0 | 7 | set()  
2021-10-15 17:26:54,383 - INFO - compute | 2 | (1.0, 0.4) | 0 | 28 | set()  
2021-10-15 17:26:54,384 - INFO - compute | 2 | (1.0, 0.6000000000000001) | 0 | 62 | set()  
2021-10-15 17:26:54,384 - INFO - compute | 2 | (1.0, 0.8) | 0 | 122 | set()  
2021-10-15 17:26:54,384 - INFO - compute | 2 | (1.0, 1.0) | 0 | 122 | set()  
