2021-09-27 02:40:43,318 - INFO - run algo
2021-09-27 02:40:43,599 - INFO - 9513
2021-09-27 02:40:43,607 - INFO - 10000
2021-09-27 02:40:50,244 - INFO - load:
2021-09-27 02:40:50,246 - INFO - Finish random requester set R and supplier set S 
                             percent_R=0.1, num_R=1000, len_R=1000 
                             percent_S=0.1, num_S=1000, len_S=1000
2021-09-27 02:40:59,560 - INFO - load | 1 | (0.0, 0.0) | 1000 | 0 | set() | 0| 0.0 | 0 
2021-09-27 02:40:59,561 - INFO - load | 1 | (0.0, 0.05) | 1000 | 0 | set() | 0| 0.0 | 0 
2021-09-27 02:40:59,562 - INFO - load | 1 | (0.0, 0.1) | 1000 | 0 | set() | 0| 0.0 | 0 
2021-09-27 02:40:59,563 - INFO - load | 1 | (0.0, 0.15000000000000002) | 1000 | 0 | set() | 0| 0.0 | 0 
2021-09-27 02:40:59,564 - INFO - load | 1 | (0.0, 0.2) | 1000 | 0 | set() | 0| 0.0 | 0 
2021-09-27 02:40:59,565 - INFO - load | 1 | (0.0, 0.25) | 1000 | 0 | set() | 0| 0.0 | 0 
2021-09-27 02:40:59,566 - INFO - load | 1 | (0.0, 0.30000000000000004) | 1000 | 0 | set() | 0| 0.0 | 0 
2021-09-27 02:40:59,567 - INFO - load | 1 | (0.0, 0.35000000000000003) | 1000 | 0 | set() | 0| 0.0 | 0 
2021-09-27 02:40:59,568 - INFO - load | 1 | (0.0, 0.4) | 1000 | 0 | set() | 0| 0.0 | 0 
2021-09-27 02:40:59,569 - INFO - load | 1 | (0.0, 0.45) | 1000 | 0 | set() | 0| 0.0 | 0 
2021-09-27 02:40:59,570 - INFO - load | 1 | (0.0, 0.5) | 1000 | 0 | set() | 0| 0.0 | 0 
2021-09-27 02:40:59,571 - INFO - load | 1 | (0.0, 0.55) | 1000 | 0 | set() | 0| 0.0 | 0 
2021-09-27 02:40:59,572 - INFO - load | 1 | (0.0, 0.6000000000000001) | 1000 | 0 | set() | 0| 0.0 | 0 
2021-09-27 02:40:59,573 - INFO - load | 1 | (0.0, 0.65) | 1000 | 0 | set() | 0| 0.0 | 0 
2021-09-27 02:40:59,574 - INFO - load | 1 | (0.0, 0.7000000000000001) | 1000 | 0 | set() | 0| 0.0 | 0 
2021-09-27 02:40:59,575 - INFO - load | 1 | (0.0, 0.75) | 1000 | 0 | set() | 0| 0.0 | 0 
2021-09-27 02:40:59,576 - INFO - load | 1 | (0.0, 0.8) | 1000 | 0 | set() | 0| 0.0 | 0 
2021-09-27 02:40:59,577 - INFO - load | 1 | (0.0, 0.8500000000000001) | 1000 | 0 | set() | 0| 0.0 | 0 
2021-09-27 02:40:59,578 - INFO - load | 1 | (0.0, 0.9) | 1000 | 0 | set() | 0| 0.0 | 0 
2021-09-27 02:40:59,579 - INFO - load | 1 | (0.0, 0.9500000000000001) | 1000 | 0 | set() | 0| 0.0 | 0 
2021-09-27 02:40:59,580 - INFO - load | 1 | (0.0, 1.0) | 1000 | 0 | set() | 0| 0.0 | 0 
2021-09-27 02:40:59,581 - INFO - load | 1 | (0.05, 0.0) | 1000 | 0 | set() | 0| 0.0 | 0 
2021-09-27 02:40:59,582 - INFO - load | 1 | (0.05, 0.05) | 1000 | 0 | set() | 0| 0.0 | 0 
2021-09-27 02:40:59,583 - INFO - load | 1 | (0.05, 0.1) | 1000 | 0 | set() | 0| 0.0 | 0 
2021-09-27 02:40:59,584 - INFO - load | 1 | (0.05, 0.15000000000000002) | 1000 | 0 | set() | 0| 0.0 | 0 
2021-09-27 02:40:59,585 - INFO - load | 1 | (0.05, 0.2) | 1000 | 0 | set() | 0| 0.0 | 0 
2021-09-27 02:40:59,586 - INFO - load | 1 | (0.05, 0.25) | 1000 | 0 | set() | 0| 0.0 | 0 
2021-09-27 02:40:59,587 - INFO - load | 1 | (0.05, 0.30000000000000004) | 1000 | 0 | set() | 0| 0.0 | 0 
2021-09-27 02:40:59,588 - INFO - load | 1 | (0.05, 0.35000000000000003) | 1000 | 0 | set() | 0| 0.0 | 0 
2021-09-27 02:40:59,589 - INFO - load | 1 | (0.05, 0.4) | 1000 | 0 | set() | 0| 0.0 | 0 
2021-09-27 02:40:59,589 - INFO - load | 1 | (0.05, 0.45) | 1000 | 0 | set() | 0| 0.0 | 0 
2021-09-27 02:40:59,590 - INFO - load | 1 | (0.05, 0.5) | 1000 | 0 | set() | 0| 0.0 | 0 
2021-09-27 02:40:59,591 - INFO - load | 1 | (0.05, 0.55) | 1000 | 0 | set() | 0| 0.0 | 0 
2021-09-27 02:40:59,592 - INFO - load | 1 | (0.05, 0.6000000000000001) | 1000 | 0 | set() | 0| 0.0 | 0 
2021-09-27 02:40:59,593 - INFO - load | 1 | (0.05, 0.65) | 1000 | 0 | set() | 0| 0.0 | 0 
2021-09-27 02:40:59,594 - INFO - load | 1 | (0.05, 0.7000000000000001) | 1000 | 0 | set() | 0| 0.0 | 0 
2021-09-27 02:40:59,595 - INFO - load | 1 | (0.05, 0.75) | 1000 | 0 | set() | 0| 0.0 | 0 
2021-09-27 02:40:59,596 - INFO - load | 1 | (0.05, 0.8) | 1000 | 0 | set() | 0| 0.0 | 0 
2021-09-27 02:40:59,597 - INFO - load | 1 | (0.05, 0.8500000000000001) | 1000 | 0 | set() | 0| 0.0 | 0 
2021-09-27 02:40:59,598 - INFO - load | 1 | (0.05, 0.9) | 1000 | 0 | set() | 0| 0.0 | 0 
2021-09-27 02:40:59,599 - INFO - load | 1 | (0.05, 0.9500000000000001) | 1000 | 0 | set() | 0| 0.0 | 0 
2021-09-27 02:40:59,600 - INFO - load | 1 | (0.05, 1.0) | 1000 | 0 | set() | 0| 0.0 | 0 
2021-09-27 02:40:59,601 - INFO - load | 1 | (0.1, 0.0) | 1000 | 0 | set() | 0| 0.0 | 0 
2021-09-27 02:40:59,602 - INFO - load | 1 | (0.1, 0.05) | 1000 | 0 | set() | 0| 0.0 | 0 
2021-09-27 02:40:59,603 - INFO - load | 1 | (0.1, 0.1) | 1000 | 0 | set() | 0| 0.0 | 0 
2021-09-27 02:40:59,604 - INFO - load | 1 | (0.1, 0.15000000000000002) | 1000 | 0 | set() | 0| 0.0 | 0 
2021-09-27 02:40:59,605 - INFO - load | 1 | (0.1, 0.2) | 1000 | 0 | set() | 0| 0.0 | 0 
2021-09-27 02:40:59,606 - INFO - load | 1 | (0.1, 0.25) | 1000 | 0 | set() | 0| 0.0 | 0 
2021-09-27 02:40:59,607 - INFO - load | 1 | (0.1, 0.30000000000000004) | 1000 | 0 | set() | 0| 0.0 | 0 
2021-09-27 02:40:59,608 - INFO - load | 1 | (0.1, 0.35000000000000003) | 1000 | 0 | set() | 0| 0.0 | 0 
2021-09-27 02:40:59,609 - INFO - load | 1 | (0.1, 0.4) | 1000 | 0 | set() | 0| 0.0 | 0 
2021-09-27 02:40:59,610 - INFO - load | 1 | (0.1, 0.45) | 1000 | 0 | set() | 0| 0.0 | 0 
2021-09-27 02:40:59,611 - INFO - load | 1 | (0.1, 0.5) | 1000 | 0 | set() | 0| 0.0 | 0 
2021-09-27 02:40:59,612 - INFO - load | 1 | (0.1, 0.55) | 1000 | 0 | set() | 0| 0.0 | 0 
2021-09-27 02:40:59,613 - INFO - load | 1 | (0.1, 0.6000000000000001) | 1000 | 0 | set() | 0| 0.0 | 0 
2021-09-27 02:40:59,614 - INFO - load | 1 | (0.1, 0.65) | 1000 | 0 | set() | 0| 0.0 | 0 
2021-09-27 02:40:59,615 - INFO - load | 1 | (0.1, 0.7000000000000001) | 1000 | 0 | set() | 0| 0.0 | 0 
2021-09-27 02:40:59,616 - INFO - load | 1 | (0.1, 0.75) | 1000 | 0 | set() | 0| 0.0 | 0 
2021-09-27 02:40:59,617 - INFO - load | 1 | (0.1, 0.8) | 1000 | 0 | set() | 0| 0.0 | 0 
2021-09-27 02:40:59,618 - INFO - load | 1 | (0.1, 0.8500000000000001) | 1000 | 0 | set() | 0| 0.0 | 0 
2021-09-27 02:40:59,619 - INFO - load | 1 | (0.1, 0.9) | 1000 | 0 | set() | 0| 0.0 | 0 
2021-09-27 02:40:59,620 - INFO - load | 1 | (0.1, 0.9500000000000001) | 1000 | 0 | set() | 0| 0.0 | 0 
2021-09-27 02:40:59,621 - INFO - load | 1 | (0.1, 1.0) | 1000 | 0 | set() | 0| 0.0 | 0 
2021-09-27 02:40:59,622 - INFO - load | 1 | (0.15000000000000002, 0.0) | 1000 | 0 | set() | 0| 0.0 | 0 
2021-09-27 02:40:59,623 - INFO - load | 1 | (0.15000000000000002, 0.05) | 1000 | 0 | set() | 0| 0.0 | 0 
2021-09-27 02:40:59,624 - INFO - load | 1 | (0.15000000000000002, 0.1) | 1000 | 0 | set() | 0| 0.0 | 0 
2021-09-27 02:40:59,625 - INFO - load | 1 | (0.15000000000000002, 0.15000000000000002) | 1000 | 0 | set() | 0| 0.0 | 0 
2021-09-27 02:40:59,626 - INFO - load | 1 | (0.15000000000000002, 0.2) | 1000 | 0 | set() | 0| 0.0 | 0 
2021-09-27 02:40:59,627 - INFO - load | 1 | (0.15000000000000002, 0.25) | 1000 | 0 | set() | 0| 0.0 | 0 
2021-09-27 02:40:59,628 - INFO - load | 1 | (0.15000000000000002, 0.30000000000000004) | 1000 | 0 | set() | 0| 0.0 | 0 
2021-09-27 02:40:59,629 - INFO - load | 1 | (0.15000000000000002, 0.35000000000000003) | 1000 | 0 | set() | 0| 0.0 | 0 
2021-09-27 02:40:59,630 - INFO - load | 1 | (0.15000000000000002, 0.4) | 1000 | 0 | set() | 0| 0.0 | 0 
2021-09-27 02:40:59,631 - INFO - load | 1 | (0.15000000000000002, 0.45) | 1000 | 0 | set() | 0| 0.0 | 0 
2021-09-27 02:40:59,632 - INFO - load | 1 | (0.15000000000000002, 0.5) | 1000 | 0 | set() | 0| 0.0 | 0 
2021-09-27 02:40:59,633 - INFO - load | 1 | (0.15000000000000002, 0.55) | 1000 | 0 | set() | 0| 0.0 | 0 
2021-09-27 02:40:59,634 - INFO - load | 1 | (0.15000000000000002, 0.6000000000000001) | 1000 | 0 | set() | 0| 0.0 | 0 
2021-09-27 02:40:59,635 - INFO - load | 1 | (0.15000000000000002, 0.65) | 1000 | 0 | set() | 0| 0.0 | 0 
2021-09-27 02:40:59,636 - INFO - load | 1 | (0.15000000000000002, 0.7000000000000001) | 1000 | 0 | set() | 0| 0.0 | 0 
2021-09-27 02:40:59,637 - INFO - load | 1 | (0.15000000000000002, 0.75) | 1000 | 0 | set() | 0| 0.0 | 0 
2021-09-27 02:40:59,638 - INFO - load | 1 | (0.15000000000000002, 0.8) | 1000 | 0 | set() | 0| 0.0 | 0 
2021-09-27 02:40:59,639 - INFO - load | 1 | (0.15000000000000002, 0.8500000000000001) | 1000 | 0 | set() | 0| 0.0 | 0 
2021-09-27 02:40:59,640 - INFO - load | 1 | (0.15000000000000002, 0.9) | 1000 | 0 | set() | 0| 0.0 | 0 
2021-09-27 02:40:59,641 - INFO - load | 1 | (0.15000000000000002, 0.9500000000000001) | 1000 | 0 | set() | 0| 0.0 | 0 
2021-09-27 02:40:59,642 - INFO - load | 1 | (0.15000000000000002, 1.0) | 1000 | 0 | set() | 0| 0.0 | 0 
2021-09-27 02:40:59,643 - INFO - load | 1 | (0.2, 0.0) | 1000 | 0 | set() | 0| 0.0 | 0 
2021-09-27 02:40:59,644 - INFO - load | 1 | (0.2, 0.05) | 1000 | 0 | set() | 0| 0.0 | 0 
2021-09-27 02:40:59,645 - INFO - load | 1 | (0.2, 0.1) | 1000 | 0 | set() | 0| 0.0 | 0 
2021-09-27 02:40:59,645 - INFO - load | 1 | (0.2, 0.15000000000000002) | 1000 | 0 | set() | 0| 0.0 | 0 
2021-09-27 02:40:59,646 - INFO - load | 1 | (0.2, 0.2) | 1000 | 0 | set() | 0| 0.0 | 0 
2021-09-27 02:40:59,647 - INFO - load | 1 | (0.2, 0.25) | 1000 | 0 | set() | 0| 0.0 | 0 
2021-09-27 02:40:59,648 - INFO - load | 1 | (0.2, 0.30000000000000004) | 1000 | 0 | set() | 0| 0.0 | 0 
2021-09-27 02:40:59,649 - INFO - load | 1 | (0.2, 0.35000000000000003) | 1000 | 0 | set() | 0| 0.0 | 0 
2021-09-27 02:40:59,651 - INFO - load | 1 | (0.2, 0.4) | 1000 | 0 | set() | 0| 0.0 | 0 
2021-09-27 02:40:59,652 - INFO - load | 1 | (0.2, 0.45) | 1000 | 0 | set() | 0| 0.0 | 0 
2021-09-27 02:40:59,652 - INFO - load | 1 | (0.2, 0.5) | 1000 | 0 | set() | 0| 0.0 | 0 
2021-09-27 02:40:59,653 - INFO - load | 1 | (0.2, 0.55) | 1000 | 0 | set() | 0| 0.0 | 0 
2021-09-27 02:40:59,654 - INFO - load | 1 | (0.2, 0.6000000000000001) | 1000 | 0 | set() | 0| 0.0 | 0 
2021-09-27 02:40:59,655 - INFO - load | 1 | (0.2, 0.65) | 1000 | 0 | set() | 0| 0.0 | 0 
2021-09-27 02:40:59,656 - INFO - load | 1 | (0.2, 0.7000000000000001) | 1000 | 0 | set() | 0| 0.0 | 0 
2021-09-27 02:40:59,657 - INFO - load | 1 | (0.2, 0.75) | 1000 | 0 | set() | 0| 0.0 | 0 
2021-09-27 02:40:59,658 - INFO - load | 1 | (0.2, 0.8) | 1000 | 0 | set() | 0| 0.0 | 0 
2021-09-27 02:40:59,659 - INFO - load | 1 | (0.2, 0.8500000000000001) | 1000 | 0 | set() | 0| 0.0 | 0 
2021-09-27 02:40:59,660 - INFO - load | 1 | (0.2, 0.9) | 1000 | 0 | set() | 0| 0.0 | 0 
2021-09-27 02:40:59,661 - INFO - load | 1 | (0.2, 0.9500000000000001) | 1000 | 0 | set() | 0| 0.0 | 0 
2021-09-27 02:40:59,662 - INFO - load | 1 | (0.2, 1.0) | 1000 | 0 | set() | 0| 0.0 | 0 
2021-09-27 02:40:59,663 - INFO - load | 1 | (0.25, 0.0) | 1000 | 0 | set() | 0| 0.0 | 0 
2021-09-27 02:40:59,664 - INFO - load | 1 | (0.25, 0.05) | 1000 | 0 | set() | 0| 0.0 | 0 
2021-09-27 02:40:59,665 - INFO - load | 1 | (0.25, 0.1) | 1000 | 0 | set() | 0| 0.0 | 0 
2021-09-27 02:40:59,666 - INFO - load | 1 | (0.25, 0.15000000000000002) | 1000 | 0 | set() | 0| 0.0 | 0 
2021-09-27 02:40:59,667 - INFO - load | 1 | (0.25, 0.2) | 1000 | 0 | set() | 0| 0.0 | 0 
2021-09-27 02:40:59,668 - INFO - load | 1 | (0.25, 0.25) | 1000 | 0 | set() | 0| 0.0 | 0 
2021-09-27 02:40:59,669 - INFO - load | 1 | (0.25, 0.30000000000000004) | 1000 | 0 | set() | 0| 0.0 | 0 
2021-09-27 02:40:59,670 - INFO - load | 1 | (0.25, 0.35000000000000003) | 1000 | 0 | set() | 0| 0.0 | 0 
2021-09-27 02:40:59,671 - INFO - load | 1 | (0.25, 0.4) | 1000 | 0 | set() | 0| 0.0 | 0 
2021-09-27 02:40:59,672 - INFO - load | 1 | (0.25, 0.45) | 1000 | 0 | set() | 0| 0.0 | 0 
2021-09-27 02:40:59,673 - INFO - load | 1 | (0.25, 0.5) | 1000 | 0 | set() | 0| 0.0 | 0 
2021-09-27 02:40:59,674 - INFO - load | 1 | (0.25, 0.55) | 1000 | 0 | set() | 0| 0.0 | 0 
2021-09-27 02:40:59,675 - INFO - load | 1 | (0.25, 0.6000000000000001) | 1000 | 0 | set() | 0| 0.0 | 0 
2021-09-27 02:40:59,676 - INFO - load | 1 | (0.25, 0.65) | 1000 | 0 | set() | 0| 0.0 | 0 
2021-09-27 02:40:59,677 - INFO - load | 1 | (0.25, 0.7000000000000001) | 1000 | 0 | set() | 0| 0.0 | 0 
2021-09-27 02:40:59,678 - INFO - load | 1 | (0.25, 0.75) | 1000 | 0 | set() | 0| 0.0 | 0 
2021-09-27 02:40:59,679 - INFO - load | 1 | (0.25, 0.8) | 1000 | 0 | set() | 0| 0.0 | 0 
2021-09-27 02:40:59,680 - INFO - load | 1 | (0.25, 0.8500000000000001) | 1000 | 0 | set() | 0| 0.0 | 0 
2021-09-27 02:40:59,681 - INFO - load | 1 | (0.25, 0.9) | 1000 | 0 | set() | 0| 0.0 | 0 
2021-09-27 02:40:59,683 - INFO - load | 1 | (0.25, 0.9500000000000001) | 1000 | 0 | set() | 0| 0.0 | 0 
2021-09-27 02:41:01,606 - INFO - compute | 1 | (0.25, 1.0) | 1000 | 1 | {20} | 83046| 0.0 | 83046 
2021-09-27 02:41:01,622 - INFO - load | 1 | (0.30000000000000004, 0.0) | 136 | 0 | set() | 0| 0.0 | 0 
2021-09-27 02:41:01,638 - INFO - load | 1 | (0.30000000000000004, 0.05) | 136 | 0 | set() | 0| 0.0 | 0 
2021-09-27 02:41:01,654 - INFO - load | 1 | (0.30000000000000004, 0.1) | 136 | 0 | set() | 0| 0.0 | 0 
2021-09-27 02:41:01,670 - INFO - load | 1 | (0.30000000000000004, 0.15000000000000002) | 136 | 0 | set() | 0| 0.0 | 0 
2021-09-27 02:41:01,685 - INFO - load | 1 | (0.30000000000000004, 0.2) | 136 | 0 | set() | 0| 0.0 | 0 
2021-09-27 02:41:01,700 - INFO - load | 1 | (0.30000000000000004, 0.25) | 136 | 0 | set() | 0| 0.0 | 0 
2021-09-27 02:41:01,715 - INFO - load | 1 | (0.30000000000000004, 0.30000000000000004) | 136 | 0 | set() | 0| 0.0 | 0 
2021-09-27 02:41:01,732 - INFO - load | 1 | (0.30000000000000004, 0.35000000000000003) | 136 | 0 | set() | 0| 0.0 | 0 
2021-09-27 02:41:01,749 - INFO - load | 1 | (0.30000000000000004, 0.4) | 136 | 0 | set() | 0| 0.0 | 0 
2021-09-27 02:41:01,765 - INFO - load | 1 | (0.30000000000000004, 0.45) | 136 | 0 | set() | 0| 0.0 | 0 
2021-09-27 02:41:01,780 - INFO - load | 1 | (0.30000000000000004, 0.5) | 136 | 0 | set() | 0| 0.0 | 0 
2021-09-27 02:41:01,795 - INFO - load | 1 | (0.30000000000000004, 0.55) | 136 | 0 | set() | 0| 0.0 | 0 
2021-09-27 02:41:01,812 - INFO - load | 1 | (0.30000000000000004, 0.6000000000000001) | 136 | 0 | set() | 0| 0.0 | 0 
2021-09-27 02:41:01,829 - INFO - load | 1 | (0.30000000000000004, 0.65) | 136 | 0 | set() | 0| 0.0 | 0 
2021-09-27 02:41:01,844 - INFO - load | 1 | (0.30000000000000004, 0.7000000000000001) | 136 | 0 | set() | 0| 0.0 | 0 
2021-09-27 02:41:01,859 - INFO - load | 1 | (0.30000000000000004, 0.75) | 136 | 0 | set() | 0| 0.0 | 0 
2021-09-27 02:41:01,874 - INFO - load | 1 | (0.30000000000000004, 0.8) | 136 | 0 | set() | 0| 0.0 | 0 
2021-09-27 02:41:02,244 - INFO - compute | 1 | (0.30000000000000004, 0.8500000000000001) | 136 | 1 | {20} | 9442| 424.8899999999999 | 9442 
2021-09-27 02:41:02,264 - INFO - load | 1 | (0.30000000000000004, 0.9) | 136 | 2 | (20,) | 9442| 283.2599999999997 | 3209.1727566465097 
2021-09-27 02:41:02,282 - INFO - load | 1 | (0.30000000000000004, 0.9500000000000001) | 136 | 2 | (20,) | 9442| 141.6299999999996 | 3209.1727566465097 
2021-09-27 02:41:02,301 - INFO - load | 1 | (0.30000000000000004, 1.0) | 136 | 2 | (20,) | 9442| 0.0 | 3209.1727566465097 
2021-09-27 02:41:02,443 - INFO - compute | 1 | (0.35000000000000003, 0.0) | 47 | 0 | set() | 0| 0.0 | 0 
2021-09-27 02:41:02,538 - INFO - load | 1 | (0.35000000000000003, 0.05) | 47 | 0 | set() | 0| 0.0 | 0 
2021-09-27 02:41:02,631 - INFO - load | 1 | (0.35000000000000003, 0.1) | 47 | 0 | set() | 0| 0.0 | 0 
2021-09-27 02:41:02,725 - INFO - load | 1 | (0.35000000000000003, 0.15000000000000002) | 47 | 0 | set() | 0| 0.0 | 0 
2021-09-27 02:41:02,817 - INFO - load | 1 | (0.35000000000000003, 0.2) | 47 | 0 | set() | 0| 0.0 | 0 
2021-09-27 02:41:02,907 - INFO - load | 1 | (0.35000000000000003, 0.25) | 47 | 0 | set() | 0| 0.0 | 0 
2021-09-27 02:41:02,998 - INFO - load | 1 | (0.35000000000000003, 0.30000000000000004) | 47 | 0 | set() | 0| 0.0 | 0 
2021-09-27 02:41:03,093 - INFO - load | 1 | (0.35000000000000003, 0.35000000000000003) | 47 | 0 | set() | 0| 0.0 | 0 
2021-09-27 02:41:03,184 - INFO - load | 1 | (0.35000000000000003, 0.4) | 47 | 0 | set() | 0| 0.0 | 0 
2021-09-27 02:41:03,276 - INFO - load | 1 | (0.35000000000000003, 0.45) | 47 | 0 | set() | 0| 0.0 | 0 
2021-09-27 02:41:03,366 - INFO - load | 1 | (0.35000000000000003, 0.5) | 47 | 0 | set() | 0| 0.0 | 0 
2021-09-27 02:41:03,459 - INFO - load | 1 | (0.35000000000000003, 0.55) | 47 | 0 | set() | 0| 0.0 | 0 
2021-09-27 02:41:03,551 - INFO - load | 1 | (0.35000000000000003, 0.6000000000000001) | 47 | 0 | set() | 0| 0.0 | 0 
2021-09-27 02:41:03,644 - INFO - load | 1 | (0.35000000000000003, 0.65) | 47 | 0 | set() | 0| 0.0 | 0 
2021-09-27 02:41:03,833 - INFO - compute | 1 | (0.35000000000000003, 0.7000000000000001) | 47 | 1 | {20} | 2714| 284.96999999999997 | 2714 
2021-09-27 02:41:03,928 - INFO - load | 1 | (0.35000000000000003, 0.75) | 47 | 1 | {20} | 2714| 237.47500000000005 | 2714 
2021-09-27 02:41:04,168 - INFO - compute | 1 | (0.35000000000000003, 0.8) | 47 | 2 | (20,) | 2714| 189.98000000000002 | 1079.2520033807903 
2021-09-27 02:41:04,266 - INFO - load | 1 | (0.35000000000000003, 0.8500000000000001) | 47 | 2 | (20,) | 2714| 142.48499999999999 | 1079.2520033807903 
2021-09-27 02:41:04,580 - INFO - compute | 1 | (0.35000000000000003, 0.9) | 47 | 3 | (20,) | 2714| 94.98999999999994 | 1079.2520033807903 
2021-09-27 02:41:04,680 - INFO - load | 1 | (0.35000000000000003, 0.9500000000000001) | 47 | 3 | (20,) | 2714| 47.49499999999989 | 1079.2520033807903 
2021-09-27 02:41:04,778 - INFO - load | 1 | (0.35000000000000003, 1.0) | 47 | 3 | (20,) | 2714| 0.0 | 1079.2520033807903 
2021-09-27 02:41:04,797 - INFO - load | 1 | (0.4, 0.0) | 19 | 0 | set() | 0| 0.0 | 0 
2021-09-27 02:41:04,817 - INFO - load | 1 | (0.4, 0.05) | 19 | 0 | set() | 0| 0.0 | 0 
2021-09-27 02:41:04,837 - INFO - load | 1 | (0.4, 0.1) | 19 | 0 | set() | 0| 0.0 | 0 
2021-09-27 02:41:04,856 - INFO - load | 1 | (0.4, 0.15000000000000002) | 19 | 0 | set() | 0| 0.0 | 0 
2021-09-27 02:41:04,875 - INFO - load | 1 | (0.4, 0.2) | 19 | 0 | set() | 0| 0.0 | 0 
2021-09-27 02:41:04,894 - INFO - load | 1 | (0.4, 0.25) | 19 | 0 | set() | 0| 0.0 | 0 
2021-09-27 02:41:04,914 - INFO - load | 1 | (0.4, 0.30000000000000004) | 19 | 0 | set() | 0| 0.0 | 0 
2021-09-27 02:41:04,933 - INFO - load | 1 | (0.4, 0.35000000000000003) | 19 | 0 | set() | 0| 0.0 | 0 
2021-09-27 02:41:04,952 - INFO - load | 1 | (0.4, 0.4) | 19 | 0 | set() | 0| 0.0 | 0 
2021-09-27 02:41:04,971 - INFO - load | 1 | (0.4, 0.45) | 19 | 0 | set() | 0| 0.0 | 0 
2021-09-27 02:41:04,990 - INFO - load | 1 | (0.4, 0.5) | 19 | 0 | set() | 0| 0.0 | 0 
2021-09-27 02:41:05,010 - INFO - load | 1 | (0.4, 0.55) | 19 | 0 | set() | 0| 0.0 | 0 
2021-09-27 02:41:05,030 - INFO - load | 1 | (0.4, 0.6000000000000001) | 19 | 0 | set() | 0| 0.0 | 0 
2021-09-27 02:41:05,169 - INFO - compute | 1 | (0.4, 0.65) | 19 | 1 | {20} | 932| 130.48000000000002 | 932 
2021-09-27 02:41:05,191 - INFO - load | 1 | (0.4, 0.7000000000000001) | 19 | 2 | (20,) | 932| 111.83999999999999 | 416.0358810068182 
2021-09-27 02:41:05,212 - INFO - load | 1 | (0.4, 0.75) | 19 | 2 | (20,) | 932| 93.19999999999997 | 416.0358810068182 
2021-09-27 02:41:05,234 - INFO - load | 1 | (0.4, 0.8) | 19 | 3 | (25,) | 918| 73.43999999999997 | 424.3193864936131 
2021-09-27 02:41:05,255 - INFO - load | 1 | (0.4, 0.8500000000000001) | 19 | 3 | (25,) | 918| 55.07999999999995 | 424.3193864936131 
2021-09-27 02:41:05,277 - INFO - load | 1 | (0.4, 0.9) | 19 | 3 | (25,) | 918| 36.719999999999985 | 424.3193864936131 
2021-09-27 02:41:05,471 - INFO - compute | 1 | (0.4, 0.9500000000000001) | 19 | 4 | (25,) | 918| 18.359999999999964 | 424.3193864936131 
2021-09-27 02:41:05,494 - INFO - load | 1 | (0.4, 1.0) | 19 | 5 | (25,) | 918| 0.0 | 424.3193864936131 
2021-09-27 02:41:05,608 - INFO - compute | 1 | (0.45, 0.0) | 6 | 0 | set() | 0| 0.0 | 0 
2021-09-27 02:41:05,713 - INFO - load | 1 | (0.45, 0.05) | 6 | 0 | set() | 0| 0.0 | 0 
2021-09-27 02:41:05,818 - INFO - load | 1 | (0.45, 0.1) | 6 | 0 | set() | 0| 0.0 | 0 
2021-09-27 02:41:05,923 - INFO - load | 1 | (0.45, 0.15000000000000002) | 6 | 0 | set() | 0| 0.0 | 0 
2021-09-27 02:41:06,032 - INFO - load | 1 | (0.45, 0.2) | 6 | 0 | set() | 0| 0.0 | 0 
2021-09-27 02:41:06,137 - INFO - load | 1 | (0.45, 0.25) | 6 | 0 | set() | 0| 0.0 | 0 
2021-09-27 02:41:06,241 - INFO - load | 1 | (0.45, 0.30000000000000004) | 6 | 0 | set() | 0| 0.0 | 0 
2021-09-27 02:41:06,346 - INFO - load | 1 | (0.45, 0.35000000000000003) | 6 | 0 | set() | 0| 0.0 | 0 
2021-09-27 02:41:06,455 - INFO - load | 1 | (0.45, 0.4) | 6 | 0 | set() | 0| 0.0 | 0 
2021-09-27 02:41:06,562 - INFO - load | 1 | (0.45, 0.45) | 6 | 0 | set() | 0| 0.0 | 0 
2021-09-27 02:41:06,673 - INFO - load | 1 | (0.45, 0.5) | 6 | 0 | set() | 0| 0.0 | 0 
2021-09-27 02:41:06,797 - INFO - compute | 1 | (0.45, 0.55) | 6 | 1 | {20} | 229| 46.372499999999995 | 229 
2021-09-27 02:41:06,923 - INFO - compute | 1 | (0.45, 0.6000000000000001) | 6 | 2 | (20,) | 229| 41.219999999999985 | 118.12006834542431 
2021-09-27 02:41:07,034 - INFO - load | 1 | (0.45, 0.65) | 6 | 2 | (20,) | 229| 36.067499999999995 | 118.12006834542431 
2021-09-27 02:41:07,168 - INFO - compute | 1 | (0.45, 0.7000000000000001) | 6 | 3 | (25,) | 258| 34.82999999999999 | 142.47737144575495 
2021-09-27 02:41:07,279 - INFO - load | 1 | (0.45, 0.75) | 6 | 3 | (25,) | 258| 29.025 | 142.47737144575495 
2021-09-27 02:41:07,388 - INFO - load | 1 | (0.45, 0.8) | 6 | 3 | (25,) | 258| 23.21999999999999 | 142.47737144575495 
2021-09-27 02:41:07,529 - INFO - compute | 1 | (0.45, 0.8500000000000001) | 6 | 4 | (25,) | 258| 17.41499999999999 | 142.47737144575495 
2021-09-27 02:41:07,676 - INFO - compute | 1 | (0.45, 0.9) | 6 | 5 | (25,) | 258| 11.609999999999996 | 142.47737144575495 
2021-09-27 02:41:07,788 - INFO - load | 1 | (0.45, 0.9500000000000001) | 6 | 5 | (25,) | 258| 5.804999999999991 | 142.47737144575495 
2021-09-27 02:41:07,899 - INFO - load | 1 | (0.45, 1.0) | 6 | 5 | (25,) | 258| 0.0 | 142.47737144575495 
2021-09-27 02:41:07,922 - INFO - load | 1 | (0.5, 0.0) | 4 | 0 | set() | 0| 0.0 | 0 
2021-09-27 02:41:07,946 - INFO - load | 1 | (0.5, 0.05) | 4 | 0 | set() | 0| 0.0 | 0 
2021-09-27 02:41:07,969 - INFO - load | 1 | (0.5, 0.1) | 4 | 0 | set() | 0| 0.0 | 0 
2021-09-27 02:41:07,993 - INFO - load | 1 | (0.5, 0.15000000000000002) | 4 | 0 | set() | 0| 0.0 | 0 
2021-09-27 02:41:08,018 - INFO - load | 1 | (0.5, 0.2) | 4 | 0 | set() | 0| 0.0 | 0 
2021-09-27 02:41:08,042 - INFO - load | 1 | (0.5, 0.25) | 4 | 0 | set() | 0| 0.0 | 0 
2021-09-27 02:41:08,065 - INFO - load | 1 | (0.5, 0.30000000000000004) | 4 | 0 | set() | 0| 0.0 | 0 
2021-09-27 02:41:08,089 - INFO - load | 1 | (0.5, 0.35000000000000003) | 4 | 0 | set() | 0| 0.0 | 0 
2021-09-27 02:41:08,113 - INFO - load | 1 | (0.5, 0.4) | 4 | 0 | set() | 0| 0.0 | 0 
2021-09-27 02:41:08,136 - INFO - load | 1 | (0.5, 0.45) | 4 | 0 | set() | 0| 0.0 | 0 
2021-09-27 02:41:08,162 - INFO - load | 1 | (0.5, 0.5) | 4 | 1 | {20} | 128| 32.0 | 128 
2021-09-27 02:41:08,187 - INFO - load | 1 | (0.5, 0.55) | 4 | 2 | (20,) | 128| 28.799999999999997 | 71.02824951023545 
2021-09-27 02:41:08,214 - INFO - load | 1 | (0.5, 0.6000000000000001) | 4 | 2 | (20,) | 128| 25.599999999999994 | 71.02824951023545 
2021-09-27 02:41:08,240 - INFO - load | 1 | (0.5, 0.65) | 4 | 3 | (25,) | 149| 26.075 | 91.63999697242659 
2021-09-27 02:41:08,267 - INFO - load | 1 | (0.5, 0.7000000000000001) | 4 | 3 | (25,) | 149| 22.349999999999994 | 91.63999697242659 
2021-09-27 02:41:08,403 - INFO - compute | 1 | (0.5, 0.75) | 4 | 4 | (25,) | 149| 18.625 | 91.63999697242659 
2021-09-27 02:41:08,429 - INFO - load | 1 | (0.5, 0.8) | 4 | 5 | (25,) | 149| 14.899999999999997 | 91.63999697242659 
2021-09-27 02:41:08,456 - INFO - load | 1 | (0.5, 0.8500000000000001) | 4 | 5 | (25,) | 149| 11.174999999999994 | 91.63999697242659 
2021-09-27 02:41:08,482 - INFO - load | 1 | (0.5, 0.9) | 4 | 5 | (25,) | 149| 7.449999999999998 | 91.63999697242659 
2021-09-27 02:41:08,509 - INFO - load | 1 | (0.5, 0.9500000000000001) | 4 | 5 | (25,) | 149| 3.724999999999995 | 91.63999697242659 
2021-09-27 02:41:08,537 - INFO - load | 1 | (0.5, 1.0) | 4 | 6 | (25,) | 149| 0.0 | 91.63999697242659 
2021-09-27 02:41:08,654 - INFO - compute | 1 | (0.55, 0.0) | 3 | 0 | set() | 0| 0.0 | 0 
2021-09-27 02:41:08,771 - INFO - load | 1 | (0.55, 0.05) | 3 | 0 | set() | 0| 0.0 | 0 
2021-09-27 02:41:08,887 - INFO - load | 1 | (0.55, 0.1) | 3 | 0 | set() | 0| 0.0 | 0 
2021-09-27 02:41:09,003 - INFO - load | 1 | (0.55, 0.15000000000000002) | 3 | 0 | set() | 0| 0.0 | 0 
2021-09-27 02:41:09,120 - INFO - load | 1 | (0.55, 0.2) | 3 | 0 | set() | 0| 0.0 | 0 
2021-09-27 02:41:09,235 - INFO - load | 1 | (0.55, 0.25) | 3 | 0 | set() | 0| 0.0 | 0 
2021-09-27 02:41:09,351 - INFO - load | 1 | (0.55, 0.30000000000000004) | 3 | 0 | set() | 0| 0.0 | 0 
2021-09-27 02:41:09,468 - INFO - load | 1 | (0.55, 0.35000000000000003) | 3 | 0 | set() | 0| 0.0 | 0 
2021-09-27 02:41:09,584 - INFO - load | 1 | (0.55, 0.4) | 3 | 0 | set() | 0| 0.0 | 0 
2021-09-27 02:41:09,708 - INFO - compute | 1 | (0.55, 0.45) | 3 | 1 | {20} | 78| 23.595 | 78 
2021-09-27 02:41:09,838 - INFO - compute | 1 | (0.55, 0.5) | 3 | 2 | (40,) | 75| 20.625 | 46.0320123271334 
2021-09-27 02:41:09,969 - INFO - compute | 1 | (0.55, 0.55) | 3 | 3 | (25,) | 94| 23.265 | 63.513853534998816 
2021-09-27 02:41:10,091 - INFO - load | 1 | (0.55, 0.6000000000000001) | 3 | 3 | (25,) | 94| 20.679999999999996 | 63.513853534998816 
2021-09-27 02:41:10,210 - INFO - load | 1 | (0.55, 0.65) | 3 | 3 | (25,) | 94| 18.095 | 63.513853534998816 
2021-09-27 02:41:10,348 - INFO - compute | 1 | (0.55, 0.7000000000000001) | 3 | 4 | (25,) | 94| 15.509999999999998 | 63.513853534998816 
2021-09-27 02:41:10,491 - INFO - compute | 1 | (0.55, 0.75) | 3 | 5 | (25,) | 94| 12.925 | 63.513853534998816 
2021-09-27 02:41:10,613 - INFO - load | 1 | (0.55, 0.8) | 3 | 5 | (25,) | 94| 10.339999999999998 | 63.513853534998816 
2021-09-27 02:41:10,733 - INFO - load | 1 | (0.55, 0.8500000000000001) | 3 | 5 | (25,) | 94| 7.754999999999996 | 63.513853534998816 
2021-09-27 02:41:10,878 - INFO - compute | 1 | (0.55, 0.9) | 3 | 6 | (25,) | 94| 5.169999999999999 | 63.513853534998816 
2021-09-27 02:41:11,029 - INFO - compute | 1 | (0.55, 0.9500000000000001) | 3 | 8 | (25,) | 94| 2.5849999999999973 | 63.513853534998816 
2021-09-27 02:41:11,184 - INFO - compute | 1 | (0.55, 1.0) | 3 | 9 | (25,) | 94| 0.0 | 63.513853534998816 
2021-09-27 02:41:11,212 - INFO - load | 1 | (0.6000000000000001, 0.0) | 1 | 0 | set() | 0| 0.0 | 0 
2021-09-27 02:41:11,239 - INFO - load | 1 | (0.6000000000000001, 0.05) | 1 | 0 | set() | 0| 0.0 | 0 
2021-09-27 02:41:11,267 - INFO - load | 1 | (0.6000000000000001, 0.1) | 1 | 0 | set() | 0| 0.0 | 0 
2021-09-27 02:41:11,294 - INFO - load | 1 | (0.6000000000000001, 0.15000000000000002) | 1 | 0 | set() | 0| 0.0 | 0 
2021-09-27 02:41:11,322 - INFO - load | 1 | (0.6000000000000001, 0.2) | 1 | 0 | set() | 0| 0.0 | 0 
2021-09-27 02:41:11,350 - INFO - load | 1 | (0.6000000000000001, 0.25) | 1 | 0 | set() | 0| 0.0 | 0 
2021-09-27 02:41:11,378 - INFO - load | 1 | (0.6000000000000001, 0.30000000000000004) | 1 | 0 | set() | 0| 0.0 | 0 
2021-09-27 02:41:11,405 - INFO - load | 1 | (0.6000000000000001, 0.35000000000000003) | 1 | 0 | set() | 0| 0.0 | 0 
2021-09-27 02:41:11,433 - INFO - load | 1 | (0.6000000000000001, 0.4) | 1 | 0 | set() | 0| 0.0 | 0 
2021-09-27 02:41:11,462 - INFO - load | 1 | (0.6000000000000001, 0.45) | 1 | 2 | (40,) | 13| 4.29 | 9.960171044260534 
2021-09-27 02:41:11,491 - INFO - load | 1 | (0.6000000000000001, 0.5) | 1 | 2 | (40,) | 13| 3.9000000000000004 | 9.960171044260534 
2021-09-27 02:41:11,521 - INFO - load | 1 | (0.6000000000000001, 0.55) | 1 | 3 | (25,) | 49| 13.23 | 37.54218316682816 
2021-09-27 02:41:11,550 - INFO - load | 1 | (0.6000000000000001, 0.6000000000000001) | 1 | 3 | (25,) | 49| 11.76 | 37.54218316682816 
2021-09-27 02:41:11,680 - INFO - compute | 1 | (0.6000000000000001, 0.65) | 1 | 4 | (25,) | 49| 10.290000000000001 | 37.54218316682816 
2021-09-27 02:41:11,710 - INFO - load | 1 | (0.6000000000000001, 0.7000000000000001) | 1 | 5 | (25,) | 49| 8.82 | 37.54218316682816 
2021-09-27 02:41:11,740 - INFO - load | 1 | (0.6000000000000001, 0.75) | 1 | 5 | (25,) | 49| 7.350000000000001 | 37.54218316682816 
2021-09-27 02:41:11,770 - INFO - load | 1 | (0.6000000000000001, 0.8) | 1 | 5 | (25,) | 49| 5.88 | 37.54218316682816 
2021-09-27 02:41:11,905 - INFO - compute | 1 | (0.6000000000000001, 0.8500000000000001) | 1 | 7 | (25,) | 49| 4.409999999999998 | 37.54218316682816 
2021-09-27 02:41:11,936 - INFO - load | 1 | (0.6000000000000001, 0.9) | 1 | 9 | (25,) | 49| 2.9399999999999973 | 37.54218316682816 
2021-09-27 02:41:12,077 - INFO - compute | 1 | (0.6000000000000001, 0.9500000000000001) | 1 | 13 | (25,) | 49| 1.4699999999999958 | 37.54218316682816 
2021-09-27 02:41:12,108 - INFO - load | 1 | (0.6000000000000001, 1.0) | 1 | 20 | (25,) | 49| 0.0 | 37.54218316682816 
2021-09-27 02:41:12,136 - INFO - load | 1 | (0.65, 0.0) | 1 | 0 | set() | 0| 0.0 | 0 
2021-09-27 02:41:12,164 - INFO - load | 1 | (0.65, 0.05) | 1 | 0 | set() | 0| 0.0 | 0 
2021-09-27 02:41:12,191 - INFO - load | 1 | (0.65, 0.1) | 1 | 0 | set() | 0| 0.0 | 0 
2021-09-27 02:41:12,218 - INFO - load | 1 | (0.65, 0.15000000000000002) | 1 | 0 | set() | 0| 0.0 | 0 
2021-09-27 02:41:12,246 - INFO - load | 1 | (0.65, 0.2) | 1 | 0 | set() | 0| 0.0 | 0 
2021-09-27 02:41:12,273 - INFO - load | 1 | (0.65, 0.25) | 1 | 0 | set() | 0| 0.0 | 0 
2021-09-27 02:41:12,301 - INFO - load | 1 | (0.65, 0.30000000000000004) | 1 | 0 | set() | 0| 0.0 | 0 
2021-09-27 02:41:12,329 - INFO - load | 1 | (0.65, 0.35000000000000003) | 1 | 0 | set() | 0| 0.0 | 0 
2021-09-27 02:41:12,462 - INFO - compute | 1 | (0.65, 0.4) | 1 | 1 | {20} | 0| 0.0 | 0 
2021-09-27 02:41:12,491 - INFO - load | 1 | (0.65, 0.45) | 1 | 2 | (40,) | 13| 4.6475 | 9.960171044260534 
2021-09-27 02:41:12,521 - INFO - load | 1 | (0.65, 0.5) | 1 | 3 | (25,) | 49| 15.925 | 37.54218316682816 
2021-09-27 02:41:12,551 - INFO - load | 1 | (0.65, 0.55) | 1 | 3 | (25,) | 49| 14.3325 | 37.54218316682816 
2021-09-27 02:41:12,675 - INFO - load | 1 | (0.65, 0.6000000000000001) | 1 | 4 | (25,) | 49| 12.739999999999998 | 37.54218316682816 
2021-09-27 02:41:12,705 - INFO - load | 1 | (0.65, 0.65) | 1 | 5 | (25,) | 49| 11.147499999999999 | 37.54218316682816 
2021-09-27 02:41:12,736 - INFO - load | 1 | (0.65, 0.7000000000000001) | 1 | 5 | (25,) | 49| 9.554999999999998 | 37.54218316682816 
2021-09-27 02:41:12,770 - INFO - load | 1 | (0.65, 0.75) | 1 | 6 | (25,) | 49| 7.962499999999999 | 37.54218316682816 
2021-09-27 02:41:12,913 - INFO - compute | 1 | (0.65, 0.8) | 1 | 8 | (25,) | 49| 6.37 | 37.54218316682816 
2021-09-27 02:41:12,944 - INFO - load | 1 | (0.65, 0.8500000000000001) | 1 | 9 | (25,) | 49| 4.777499999999996 | 37.54218316682816 
2021-09-27 02:41:13,099 - INFO - compute | 1 | (0.65, 0.9) | 1 | 18 | (25,) | 49| 3.1849999999999974 | 37.54218316682816 
2021-09-27 02:41:13,260 - INFO - compute | 1 | (0.65, 0.9500000000000001) | 1 | 24 | (37,) | 52| 1.6899999999999986 | 39.840684177042135 
2021-09-27 02:41:13,463 - INFO - compute | 1 | (0.65, 1.0) | 1 | 48 | (37,) | 52| 0.0 | 39.840684177042135 
2021-09-27 02:41:13,496 - INFO - load | 1 | (0.7000000000000001, 0.0) | 1 | 0 | set() | 0| 0.0 | 0 
2021-09-27 02:41:13,530 - INFO - load | 1 | (0.7000000000000001, 0.05) | 1 | 0 | set() | 0| 0.0 | 0 
2021-09-27 02:41:13,565 - INFO - load | 1 | (0.7000000000000001, 0.1) | 1 | 0 | set() | 0| 0.0 | 0 
2021-09-27 02:41:13,598 - INFO - load | 1 | (0.7000000000000001, 0.15000000000000002) | 1 | 0 | set() | 0| 0.0 | 0 
2021-09-27 02:41:13,633 - INFO - load | 1 | (0.7000000000000001, 0.2) | 1 | 0 | set() | 0| 0.0 | 0 
2021-09-27 02:41:13,667 - INFO - load | 1 | (0.7000000000000001, 0.25) | 1 | 0 | set() | 0| 0.0 | 0 
2021-09-27 02:41:13,700 - INFO - load | 1 | (0.7000000000000001, 0.30000000000000004) | 1 | 0 | set() | 0| 0.0 | 0 
2021-09-27 02:41:13,834 - INFO - load | 1 | (0.7000000000000001, 0.35000000000000003) | 1 | 1 | {20} | 0| 0.0 | 0 
2021-09-27 02:41:13,863 - INFO - load | 1 | (0.7000000000000001, 0.4) | 1 | 2 | (40,) | 13| 5.460000000000001 | 9.960171044260534 
2021-09-27 02:41:13,892 - INFO - load | 1 | (0.7000000000000001, 0.45) | 1 | 3 | (25,) | 49| 18.865000000000002 | 37.54218316682816 
2021-09-27 02:41:13,922 - INFO - load | 1 | (0.7000000000000001, 0.5) | 1 | 3 | (25,) | 49| 17.150000000000002 | 37.54218316682816 
2021-09-27 02:41:14,047 - INFO - load | 1 | (0.7000000000000001, 0.55) | 1 | 4 | (25,) | 49| 15.435 | 37.54218316682816 
2021-09-27 02:41:14,078 - INFO - load | 1 | (0.7000000000000001, 0.6000000000000001) | 1 | 5 | (25,) | 49| 13.719999999999999 | 37.54218316682816 
2021-09-27 02:41:14,108 - INFO - load | 1 | (0.7000000000000001, 0.65) | 1 | 5 | (25,) | 49| 12.004999999999999 | 37.54218316682816 
2021-09-27 02:41:14,142 - INFO - load | 1 | (0.7000000000000001, 0.7000000000000001) | 1 | 6 | (25,) | 49| 10.29 | 37.54218316682816 
2021-09-27 02:41:14,275 - INFO - load | 1 | (0.7000000000000001, 0.75) | 1 | 8 | (25,) | 49| 8.575000000000003 | 37.54218316682816 
2021-09-27 02:41:14,309 - INFO - load | 1 | (0.7000000000000001, 0.8) | 1 | 12 | (25,) | 49| 6.86 | 37.54218316682816 
2021-09-27 02:41:14,340 - INFO - load | 1 | (0.7000000000000001, 0.8500000000000001) | 1 | 20 | (25,) | 49| 5.145 | 37.54218316682816 
2021-09-27 02:41:14,375 - INFO - load | 1 | (0.7000000000000001, 0.9) | 1 | 31 | (37,) | 52| 3.6399999999999975 | 39.840684177042135 
2021-09-27 02:41:14,581 - INFO - compute | 1 | (0.7000000000000001, 0.9500000000000001) | 1 | 65 | (37,) | 52| 1.8199999999999958 | 39.840684177042135 
2021-09-27 02:41:14,617 - INFO - load | 1 | (0.7000000000000001, 1.0) | 1 | 148 | (37,) | 52| 0.0 | 39.840684177042135 
2021-09-27 02:41:14,645 - INFO - load | 1 | (0.75, 0.0) | 1 | 0 | set() | 0| 0.0 | 0 
2021-09-27 02:41:14,672 - INFO - load | 1 | (0.75, 0.05) | 1 | 0 | set() | 0| 0.0 | 0 
2021-09-27 02:41:14,700 - INFO - load | 1 | (0.75, 0.1) | 1 | 0 | set() | 0| 0.0 | 0 
2021-09-27 02:41:14,728 - INFO - load | 1 | (0.75, 0.15000000000000002) | 1 | 0 | set() | 0| 0.0 | 0 
2021-09-27 02:41:14,757 - INFO - load | 1 | (0.75, 0.2) | 1 | 0 | set() | 0| 0.0 | 0 
2021-09-27 02:41:14,785 - INFO - load | 1 | (0.75, 0.25) | 1 | 0 | set() | 0| 0.0 | 0 
2021-09-27 02:41:14,813 - INFO - load | 1 | (0.75, 0.30000000000000004) | 1 | 0 | set() | 0| 0.0 | 0 
2021-09-27 02:41:14,942 - INFO - load | 1 | (0.75, 0.35000000000000003) | 1 | 1 | {20} | 0| 0.0 | 0 
2021-09-27 02:41:14,971 - INFO - load | 1 | (0.75, 0.4) | 1 | 2 | (40,) | 13| 5.85 | 9.960171044260534 
2021-09-27 02:41:15,001 - INFO - load | 1 | (0.75, 0.45) | 1 | 3 | (25,) | 49| 20.2125 | 37.54218316682816 
2021-09-27 02:41:15,127 - INFO - load | 1 | (0.75, 0.5) | 1 | 4 | (25,) | 49| 18.375 | 37.54218316682816 
2021-09-27 02:41:15,157 - INFO - load | 1 | (0.75, 0.55) | 1 | 5 | (25,) | 49| 16.537499999999998 | 37.54218316682816 
2021-09-27 02:41:15,187 - INFO - load | 1 | (0.75, 0.6000000000000001) | 1 | 5 | (25,) | 49| 14.699999999999998 | 37.54218316682816 
2021-09-27 02:41:15,221 - INFO - load | 1 | (0.75, 0.65) | 1 | 6 | (25,) | 49| 12.862499999999997 | 37.54218316682816 
2021-09-27 02:41:15,353 - INFO - load | 1 | (0.75, 0.7000000000000001) | 1 | 8 | (25,) | 49| 11.024999999999999 | 37.54218316682816 
2021-09-27 02:41:15,387 - INFO - load | 1 | (0.75, 0.75) | 1 | 12 | (25,) | 49| 9.1875 | 37.54218316682816 
2021-09-27 02:41:15,418 - INFO - load | 1 | (0.75, 0.8) | 1 | 20 | (25,) | 49| 7.349999999999996 | 37.54218316682816 
2021-09-27 02:41:15,598 - INFO - compute | 1 | (0.75, 0.8500000000000001) | 1 | 34 | (37,) | 52| 5.849999999999996 | 39.840684177042135 
2021-09-27 02:41:15,825 - INFO - compute | 1 | (0.75, 0.9) | 1 | 79 | (37,) | 52| 3.8999999999999977 | 39.840684177042135 
2021-09-27 02:41:16,172 - INFO - compute | 1 | (0.75, 0.9500000000000001) | 1 | 194 | (37,) | 52| 1.9499999999999988 | 39.840684177042135 
2021-09-27 02:41:17,289 - INFO - compute | 1 | (0.75, 1.0) | 1 | 1000 | (37,) | 52| 0.0 | 39.840684177042135 
2021-09-27 02:41:17,325 - INFO - load | 1 | (0.8, 0.0) | 0 | 0 | set() | 0| 0.0 | 0 
2021-09-27 02:41:17,361 - INFO - load | 1 | (0.8, 0.05) | 0 | 0 | set() | 0| 0.0 | 0 
2021-09-27 02:41:17,397 - INFO - load | 1 | (0.8, 0.1) | 0 | 0 | set() | 0| 0.0 | 0 
2021-09-27 02:41:17,433 - INFO - load | 1 | (0.8, 0.15000000000000002) | 0 | 0 | set() | 0| 0.0 | 0 
2021-09-27 02:41:17,470 - INFO - load | 1 | (0.8, 0.2) | 0 | 0 | set() | 0| 0.0 | 0 
2021-09-27 02:41:17,505 - INFO - load | 1 | (0.8, 0.25) | 0 | 0 | set() | 0| 0.0 | 0 
2021-09-27 02:41:17,541 - INFO - load | 1 | (0.8, 0.30000000000000004) | 0 | 0 | set() | 0| 0.0 | 0 
2021-09-27 02:41:17,582 - INFO - load | 1 | (0.8, 0.35000000000000003) | 0 | 2 | (40,) | 0| 0.0 | 0 
2021-09-27 02:41:17,619 - INFO - load | 1 | (0.8, 0.4) | 0 | 3 | (40,) | 0| 0.0 | 0 
2021-09-27 02:41:17,656 - INFO - load | 1 | (0.8, 0.45) | 0 | 3 | (40,) | 0| 0.0 | 0 
2021-09-27 02:41:17,693 - INFO - load | 1 | (0.8, 0.5) | 0 | 5 | (62,) | 0| 0.0 | 0 
2021-09-27 02:41:17,730 - INFO - load | 1 | (0.8, 0.55) | 0 | 5 | (62,) | 0| 0.0 | 0 
2021-09-27 02:41:17,768 - INFO - load | 1 | (0.8, 0.6000000000000001) | 0 | 5 | (62,) | 0| 0.0 | 0 
2021-09-27 02:41:17,916 - INFO - compute | 1 | (0.8, 0.65) | 0 | 8 | (480,) | 0| 0.0 | 0 
2021-09-27 02:41:17,954 - INFO - load | 1 | (0.8, 0.7000000000000001) | 0 | 12 | (480,) | 0| 0.0 | 0 
2021-09-27 02:41:18,000 - INFO - load | 1 | (0.8, 0.75) | 0 | 20 | (2535,) | 0| 0.0 | 0 
2021-09-27 02:41:18,040 - INFO - load | 1 | (0.8, 0.8) | 0 | 37 | (3658,) | 0| 0.0 | 0 
2021-09-27 02:41:18,188 - INFO - compute | 1 | (0.8, 0.8500000000000001) | 0 | 89 | (7589,) | 0| 0.0 | 0 
2021-09-27 02:41:18,226 - INFO - load | 1 | (0.8, 0.9) | 0 | 235 | (9709,) | 0| 0.0 | 0 
2021-09-27 02:41:18,266 - INFO - load | 1 | (0.8, 0.9500000000000001) | 0 | 1000 | (9994,) | 0| 0.0 | 0 
2021-09-27 02:41:18,305 - INFO - load | 1 | (0.8, 1.0) | 0 | 1000 | (9994,) | 0| 0.0 | 0 
2021-09-27 02:41:18,340 - INFO - load | 1 | (0.8500000000000001, 0.0) | 0 | 0 | set() | 0| 0.0 | 0 
2021-09-27 02:41:18,377 - INFO - load | 1 | (0.8500000000000001, 0.05) | 0 | 0 | set() | 0| 0.0 | 0 
2021-09-27 02:41:18,412 - INFO - load | 1 | (0.8500000000000001, 0.1) | 0 | 0 | set() | 0| 0.0 | 0 
2021-09-27 02:41:18,447 - INFO - load | 1 | (0.8500000000000001, 0.15000000000000002) | 0 | 0 | set() | 0| 0.0 | 0 
2021-09-27 02:41:18,483 - INFO - load | 1 | (0.8500000000000001, 0.2) | 0 | 0 | set() | 0| 0.0 | 0 
2021-09-27 02:41:18,519 - INFO - load | 1 | (0.8500000000000001, 0.25) | 0 | 0 | set() | 0| 0.0 | 0 
2021-09-27 02:41:18,669 - INFO - compute | 1 | (0.8500000000000001, 0.30000000000000004) | 0 | 1 | {20} | 0| 0.0 | 0 
2021-09-27 02:41:18,710 - INFO - load | 1 | (0.8500000000000001, 0.35000000000000003) | 0 | 2 | (40,) | 0| 0.0 | 0 
2021-09-27 02:41:18,747 - INFO - load | 1 | (0.8500000000000001, 0.4) | 0 | 3 | (40,) | 0| 0.0 | 0 
2021-09-27 02:41:18,901 - INFO - compute | 1 | (0.8500000000000001, 0.45) | 0 | 4 | (62,) | 0| 0.0 | 0 
2021-09-27 02:41:18,938 - INFO - load | 1 | (0.8500000000000001, 0.5) | 0 | 5 | (62,) | 0| 0.0 | 0 
2021-09-27 02:41:18,976 - INFO - load | 1 | (0.8500000000000001, 0.55) | 0 | 5 | (62,) | 0| 0.0 | 0 
2021-09-27 02:41:19,130 - INFO - compute | 1 | (0.8500000000000001, 0.6000000000000001) | 0 | 7 | (480,) | 0| 0.0 | 0 
2021-09-27 02:41:19,172 - INFO - load | 1 | (0.8500000000000001, 0.65) | 0 | 9 | (480,) | 0| 0.0 | 0 
2021-09-27 02:41:19,218 - INFO - load | 1 | (0.8500000000000001, 0.7000000000000001) | 0 | 20 | (2535,) | 0| 0.0 | 0 
2021-09-27 02:41:19,373 - INFO - compute | 1 | (0.8500000000000001, 0.75) | 0 | 34 | (3658,) | 0| 0.0 | 0 
2021-09-27 02:41:19,522 - INFO - load | 1 | (0.8500000000000001, 0.8) | 0 | 89 | (7589,) | 0| 0.0 | 0 
2021-09-27 02:41:19,677 - INFO - compute | 1 | (0.8500000000000001, 0.8500000000000001) | 0 | 255 | (9709,) | 0| 0.0 | 0 
2021-09-27 02:41:19,716 - INFO - load | 1 | (0.8500000000000001, 0.9) | 0 | 1000 | (9994,) | 0| 0.0 | 0 
2021-09-27 02:41:19,756 - INFO - load | 1 | (0.8500000000000001, 0.9500000000000001) | 0 | 1000 | (9994,) | 0| 0.0 | 0 
2021-09-27 02:41:19,795 - INFO - load | 1 | (0.8500000000000001, 1.0) | 0 | 1000 | (9994,) | 0| 0.0 | 0 
2021-09-27 02:41:19,831 - INFO - load | 1 | (0.9, 0.0) | 0 | 0 | set() | 0| 0.0 | 0 
2021-09-27 02:41:19,866 - INFO - load | 1 | (0.9, 0.05) | 0 | 0 | set() | 0| 0.0 | 0 
2021-09-27 02:41:19,902 - INFO - load | 1 | (0.9, 0.1) | 0 | 0 | set() | 0| 0.0 | 0 
2021-09-27 02:41:19,938 - INFO - load | 1 | (0.9, 0.15000000000000002) | 0 | 0 | set() | 0| 0.0 | 0 
2021-09-27 02:41:19,974 - INFO - load | 1 | (0.9, 0.2) | 0 | 0 | set() | 0| 0.0 | 0 
2021-09-27 02:41:20,011 - INFO - load | 1 | (0.9, 0.25) | 0 | 0 | set() | 0| 0.0 | 0 
2021-09-27 02:41:20,052 - INFO - load | 1 | (0.9, 0.30000000000000004) | 0 | 2 | (40,) | 0| 0.0 | 0 
2021-09-27 02:41:20,089 - INFO - load | 1 | (0.9, 0.35000000000000003) | 0 | 3 | (40,) | 0| 0.0 | 0 
2021-09-27 02:41:20,128 - INFO - load | 1 | (0.9, 0.4) | 0 | 3 | (40,) | 0| 0.0 | 0 
2021-09-27 02:41:20,166 - INFO - load | 1 | (0.9, 0.45) | 0 | 5 | (62,) | 0| 0.0 | 0 
2021-09-27 02:41:20,204 - INFO - load | 1 | (0.9, 0.5) | 0 | 5 | (62,) | 0| 0.0 | 0 
2021-09-27 02:41:20,249 - INFO - load | 1 | (0.9, 0.55) | 0 | 6 | (62,) | 0| 0.0 | 0 
2021-09-27 02:41:20,291 - INFO - load | 1 | (0.9, 0.6000000000000001) | 0 | 9 | (480,) | 0| 0.0 | 0 
2021-09-27 02:41:20,452 - INFO - compute | 1 | (0.9, 0.65) | 0 | 18 | (2535,) | 0| 0.0 | 0 
2021-09-27 02:41:20,494 - INFO - load | 1 | (0.9, 0.7000000000000001) | 0 | 31 | (3658,) | 0| 0.0 | 0 
2021-09-27 02:41:20,659 - INFO - compute | 1 | (0.9, 0.75) | 0 | 79 | (6016,) | 0| 0.0 | 0 
2021-09-27 02:41:20,698 - INFO - load | 1 | (0.9, 0.8) | 0 | 235 | (9709,) | 0| 0.0 | 0 
2021-09-27 02:41:20,737 - INFO - load | 1 | (0.9, 0.8500000000000001) | 0 | 1000 | (9994,) | 0| 0.0 | 0 
2021-09-27 02:41:20,776 - INFO - load | 1 | (0.9, 0.9) | 0 | 1000 | (9994,) | 0| 0.0 | 0 
2021-09-27 02:41:20,815 - INFO - load | 1 | (0.9, 0.9500000000000001) | 0 | 1000 | (9994,) | 0| 0.0 | 0 
2021-09-27 02:41:20,855 - INFO - load | 1 | (0.9, 1.0) | 0 | 1000 | (9994,) | 0| 0.0 | 0 
2021-09-27 02:41:20,891 - INFO - load | 1 | (0.9500000000000001, 0.0) | 0 | 0 | set() | 0| 0.0 | 0 
2021-09-27 02:41:20,927 - INFO - load | 1 | (0.9500000000000001, 0.05) | 0 | 0 | set() | 0| 0.0 | 0 
2021-09-27 02:41:20,963 - INFO - load | 1 | (0.9500000000000001, 0.1) | 0 | 0 | set() | 0| 0.0 | 0 
2021-09-27 02:41:20,998 - INFO - load | 1 | (0.9500000000000001, 0.15000000000000002) | 0 | 0 | set() | 0| 0.0 | 0 
2021-09-27 02:41:21,035 - INFO - load | 1 | (0.9500000000000001, 0.2) | 0 | 0 | set() | 0| 0.0 | 0 
2021-09-27 02:41:21,070 - INFO - load | 1 | (0.9500000000000001, 0.25) | 0 | 0 | set() | 0| 0.0 | 0 
2021-09-27 02:41:21,111 - INFO - load | 1 | (0.9500000000000001, 0.30000000000000004) | 0 | 2 | (40,) | 0| 0.0 | 0 
2021-09-27 02:41:21,148 - INFO - load | 1 | (0.9500000000000001, 0.35000000000000003) | 0 | 3 | (40,) | 0| 0.0 | 0 
2021-09-27 02:41:21,300 - INFO - load | 1 | (0.9500000000000001, 0.4) | 0 | 4 | (62,) | 0| 0.0 | 0 
2021-09-27 02:41:21,337 - INFO - load | 1 | (0.9500000000000001, 0.45) | 0 | 5 | (62,) | 0| 0.0 | 0 
2021-09-27 02:41:21,374 - INFO - load | 1 | (0.9500000000000001, 0.5) | 0 | 5 | (62,) | 0| 0.0 | 0 
2021-09-27 02:41:21,523 - INFO - load | 1 | (0.9500000000000001, 0.55) | 0 | 8 | (480,) | 0| 0.0 | 0 
2021-09-27 02:41:21,687 - INFO - compute | 1 | (0.9500000000000001, 0.6000000000000001) | 0 | 13 | (480,) | 0| 0.0 | 0 
2021-09-27 02:41:21,869 - INFO - compute | 1 | (0.9500000000000001, 0.65) | 0 | 24 | (2535,) | 0| 0.0 | 0 
2021-09-27 02:41:22,043 - INFO - compute | 1 | (0.9500000000000001, 0.7000000000000001) | 0 | 65 | (5595,) | 0| 0.0 | 0 
2021-09-27 02:41:22,208 - INFO - compute | 1 | (0.9500000000000001, 0.75) | 0 | 194 | (9709,) | 0| 0.0 | 0 
2021-09-27 02:41:22,247 - INFO - load | 1 | (0.9500000000000001, 0.8) | 0 | 1000 | (9994,) | 0| 0.0 | 0 
2021-09-27 02:41:22,286 - INFO - load | 1 | (0.9500000000000001, 0.8500000000000001) | 0 | 1000 | (9994,) | 0| 0.0 | 0 
2021-09-27 02:41:22,326 - INFO - load | 1 | (0.9500000000000001, 0.9) | 0 | 1000 | (9994,) | 0| 0.0 | 0 
2021-09-27 02:41:22,365 - INFO - load | 1 | (0.9500000000000001, 0.9500000000000001) | 0 | 1000 | (9994,) | 0| 0.0 | 0 
2021-09-27 02:41:22,404 - INFO - load | 1 | (0.9500000000000001, 1.0) | 0 | 1000 | (9994,) | 0| 0.0 | 0 
2021-09-27 02:41:22,440 - INFO - load | 1 | (1.0, 0.0) | 0 | 0 | set() | 0| 0.0 | 0 
2021-09-27 02:41:22,476 - INFO - load | 1 | (1.0, 0.05) | 0 | 0 | set() | 0| 0.0 | 0 
2021-09-27 02:41:22,511 - INFO - load | 1 | (1.0, 0.1) | 0 | 0 | set() | 0| 0.0 | 0 
2021-09-27 02:41:22,547 - INFO - load | 1 | (1.0, 0.15000000000000002) | 0 | 0 | set() | 0| 0.0 | 0 
2021-09-27 02:41:22,582 - INFO - load | 1 | (1.0, 0.2) | 0 | 0 | set() | 0| 0.0 | 0 
2021-09-27 02:41:22,734 - INFO - load | 1 | (1.0, 0.25) | 0 | 1 | {20} | 0| 0.0 | 0 
2021-09-27 02:41:22,777 - INFO - load | 1 | (1.0, 0.30000000000000004) | 0 | 2 | (40,) | 0| 0.0 | 0 
2021-09-27 02:41:22,818 - INFO - load | 1 | (1.0, 0.35000000000000003) | 0 | 3 | (40,) | 0| 0.0 | 0 
2021-09-27 02:41:22,859 - INFO - load | 1 | (1.0, 0.4) | 0 | 5 | (62,) | 0| 0.0 | 0 
2021-09-27 02:41:22,899 - INFO - load | 1 | (1.0, 0.45) | 0 | 5 | (62,) | 0| 0.0 | 0 
2021-09-27 02:41:22,948 - INFO - load | 1 | (1.0, 0.5) | 0 | 6 | (62,) | 0| 0.0 | 0 
2021-09-27 02:41:22,992 - INFO - load | 1 | (1.0, 0.55) | 0 | 9 | (480,) | 0| 0.0 | 0 
2021-09-27 02:41:23,046 - INFO - load | 1 | (1.0, 0.6000000000000001) | 0 | 20 | (2535,) | 0| 0.0 | 0 
2021-09-27 02:41:23,230 - INFO - compute | 1 | (1.0, 0.65) | 0 | 48 | (4113,) | 0| 0.0 | 0 
2021-09-27 02:41:23,277 - INFO - load | 1 | (1.0, 0.7000000000000001) | 0 | 148 | (8450,) | 0| 0.0 | 0 
2021-09-27 02:41:23,316 - INFO - load | 1 | (1.0, 0.75) | 0 | 1000 | (9994,) | 0| 0.0 | 0 
2021-09-27 02:41:23,355 - INFO - load | 1 | (1.0, 0.8) | 0 | 1000 | (9994,) | 0| 0.0 | 0 
2021-09-27 02:41:23,394 - INFO - load | 1 | (1.0, 0.8500000000000001) | 0 | 1000 | (9994,) | 0| 0.0 | 0 
2021-09-27 02:41:23,433 - INFO - load | 1 | (1.0, 0.9) | 0 | 1000 | (9994,) | 0| 0.0 | 0 
2021-09-27 02:41:23,472 - INFO - load | 1 | (1.0, 0.9500000000000001) | 0 | 1000 | (9994,) | 0| 0.0 | 0 
2021-09-27 02:41:23,511 - INFO - load | 1 | (1.0, 1.0) | 0 | 1000 | (9994,) | 0| 0.0 | 0 
2021-09-27 02:41:23,512 - INFO - load | 2 | (0.0, 0.0) | 1000 | 0 | set() | 0| 0.0 | 0 
2021-09-27 02:41:23,513 - INFO - load | 2 | (0.0, 0.05) | 1000 | 0 | set() | 0| 0.0 | 0 
2021-09-27 02:41:23,514 - INFO - load | 2 | (0.0, 0.1) | 1000 | 0 | set() | 0| 0.0 | 0 
2021-09-27 02:41:23,515 - INFO - load | 2 | (0.0, 0.15000000000000002) | 1000 | 0 | set() | 0| 0.0 | 0 
2021-09-27 02:41:23,516 - INFO - load | 2 | (0.0, 0.2) | 1000 | 0 | set() | 0| 0.0 | 0 
2021-09-27 02:41:23,517 - INFO - load | 2 | (0.0, 0.25) | 1000 | 0 | set() | 0| 0.0 | 0 
2021-09-27 02:41:23,518 - INFO - load | 2 | (0.0, 0.30000000000000004) | 1000 | 0 | set() | 0| 0.0 | 0 
2021-09-27 02:41:23,520 - INFO - load | 2 | (0.0, 0.35000000000000003) | 1000 | 0 | set() | 0| 0.0 | 0 
2021-09-27 02:41:23,521 - INFO - load | 2 | (0.0, 0.4) | 1000 | 0 | set() | 0| 0.0 | 0 
2021-09-27 02:41:23,522 - INFO - load | 2 | (0.0, 0.45) | 1000 | 0 | set() | 0| 0.0 | 0 
2021-09-27 02:41:23,523 - INFO - load | 2 | (0.0, 0.5) | 1000 | 0 | set() | 0| 0.0 | 0 
2021-09-27 02:41:23,524 - INFO - load | 2 | (0.0, 0.55) | 1000 | 0 | set() | 0| 0.0 | 0 
2021-09-27 02:41:23,525 - INFO - load | 2 | (0.0, 0.6000000000000001) | 1000 | 0 | set() | 0| 0.0 | 0 
2021-09-27 02:41:23,526 - INFO - load | 2 | (0.0, 0.65) | 1000 | 0 | set() | 0| 0.0 | 0 
2021-09-27 02:41:23,527 - INFO - load | 2 | (0.0, 0.7000000000000001) | 1000 | 0 | set() | 0| 0.0 | 0 
2021-09-27 02:41:23,528 - INFO - load | 2 | (0.0, 0.75) | 1000 | 0 | set() | 0| 0.0 | 0 
2021-09-27 02:41:23,529 - INFO - load | 2 | (0.0, 0.8) | 1000 | 0 | set() | 0| 0.0 | 0 
2021-09-27 02:41:23,530 - INFO - load | 2 | (0.0, 0.8500000000000001) | 1000 | 0 | set() | 0| 0.0 | 0 
2021-09-27 02:41:23,531 - INFO - load | 2 | (0.0, 0.9) | 1000 | 0 | set() | 0| 0.0 | 0 
2021-09-27 02:41:23,532 - INFO - load | 2 | (0.0, 0.9500000000000001) | 1000 | 0 | set() | 0| 0.0 | 0 
2021-09-27 02:41:23,533 - INFO - load | 2 | (0.0, 1.0) | 1000 | 0 | set() | 0| 0.0 | 0 
2021-09-27 02:41:23,534 - INFO - load | 2 | (0.05, 0.0) | 1000 | 0 | set() | 0| 0.0 | 0 
2021-09-27 02:41:23,535 - INFO - load | 2 | (0.05, 0.05) | 1000 | 0 | set() | 0| 0.0 | 0 
2021-09-27 02:41:23,536 - INFO - load | 2 | (0.05, 0.1) | 1000 | 0 | set() | 0| 0.0 | 0 
2021-09-27 02:41:23,537 - INFO - load | 2 | (0.05, 0.15000000000000002) | 1000 | 0 | set() | 0| 0.0 | 0 
2021-09-27 02:41:23,538 - INFO - load | 2 | (0.05, 0.2) | 1000 | 0 | set() | 0| 0.0 | 0 
2021-09-27 02:41:23,539 - INFO - load | 2 | (0.05, 0.25) | 1000 | 0 | set() | 0| 0.0 | 0 
2021-09-27 02:41:23,540 - INFO - load | 2 | (0.05, 0.30000000000000004) | 1000 | 0 | set() | 0| 0.0 | 0 
2021-09-27 02:41:23,541 - INFO - load | 2 | (0.05, 0.35000000000000003) | 1000 | 0 | set() | 0| 0.0 | 0 
2021-09-27 02:41:23,542 - INFO - load | 2 | (0.05, 0.4) | 1000 | 0 | set() | 0| 0.0 | 0 
2021-09-27 02:41:23,543 - INFO - load | 2 | (0.05, 0.45) | 1000 | 0 | set() | 0| 0.0 | 0 
2021-09-27 02:41:23,544 - INFO - load | 2 | (0.05, 0.5) | 1000 | 0 | set() | 0| 0.0 | 0 
2021-09-27 02:41:23,545 - INFO - load | 2 | (0.05, 0.55) | 1000 | 0 | set() | 0| 0.0 | 0 
2021-09-27 02:41:23,546 - INFO - load | 2 | (0.05, 0.6000000000000001) | 1000 | 0 | set() | 0| 0.0 | 0 
2021-09-27 02:41:23,547 - INFO - load | 2 | (0.05, 0.65) | 1000 | 0 | set() | 0| 0.0 | 0 
2021-09-27 02:41:23,548 - INFO - load | 2 | (0.05, 0.7000000000000001) | 1000 | 0 | set() | 0| 0.0 | 0 
2021-09-27 02:41:23,549 - INFO - load | 2 | (0.05, 0.75) | 1000 | 0 | set() | 0| 0.0 | 0 
2021-09-27 02:41:23,550 - INFO - load | 2 | (0.05, 0.8) | 1000 | 0 | set() | 0| 0.0 | 0 
2021-09-27 02:41:23,552 - INFO - load | 2 | (0.05, 0.8500000000000001) | 1000 | 0 | set() | 0| 0.0 | 0 
2021-09-27 02:41:23,553 - INFO - load | 2 | (0.05, 0.9) | 1000 | 0 | set() | 0| 0.0 | 0 
2021-09-27 02:41:23,554 - INFO - load | 2 | (0.05, 0.9500000000000001) | 1000 | 0 | set() | 0| 0.0 | 0 
2021-09-27 02:41:23,555 - INFO - load | 2 | (0.05, 1.0) | 1000 | 0 | set() | 0| 0.0 | 0 
2021-09-27 02:41:23,556 - INFO - load | 2 | (0.1, 0.0) | 1000 | 0 | set() | 0| 0.0 | 0 
2021-09-27 02:41:23,557 - INFO - load | 2 | (0.1, 0.05) | 1000 | 0 | set() | 0| 0.0 | 0 
2021-09-27 02:41:23,558 - INFO - load | 2 | (0.1, 0.1) | 1000 | 0 | set() | 0| 0.0 | 0 
2021-09-27 02:41:23,559 - INFO - load | 2 | (0.1, 0.15000000000000002) | 1000 | 0 | set() | 0| 0.0 | 0 
2021-09-27 02:41:23,560 - INFO - load | 2 | (0.1, 0.2) | 1000 | 0 | set() | 0| 0.0 | 0 
2021-09-27 02:41:23,561 - INFO - load | 2 | (0.1, 0.25) | 1000 | 0 | set() | 0| 0.0 | 0 
2021-09-27 02:41:23,563 - INFO - load | 2 | (0.1, 0.30000000000000004) | 1000 | 0 | set() | 0| 0.0 | 0 
2021-09-27 02:41:23,564 - INFO - load | 2 | (0.1, 0.35000000000000003) | 1000 | 0 | set() | 0| 0.0 | 0 
2021-09-27 02:41:23,565 - INFO - load | 2 | (0.1, 0.4) | 1000 | 0 | set() | 0| 0.0 | 0 
2021-09-27 02:41:23,566 - INFO - load | 2 | (0.1, 0.45) | 1000 | 0 | set() | 0| 0.0 | 0 
2021-09-27 02:41:23,567 - INFO - load | 2 | (0.1, 0.5) | 1000 | 0 | set() | 0| 0.0 | 0 
2021-09-27 02:41:23,568 - INFO - load | 2 | (0.1, 0.55) | 1000 | 0 | set() | 0| 0.0 | 0 
2021-09-27 02:41:23,569 - INFO - load | 2 | (0.1, 0.6000000000000001) | 1000 | 0 | set() | 0| 0.0 | 0 
2021-09-27 02:41:23,570 - INFO - load | 2 | (0.1, 0.65) | 1000 | 0 | set() | 0| 0.0 | 0 
2021-09-27 02:41:23,571 - INFO - load | 2 | (0.1, 0.7000000000000001) | 1000 | 0 | set() | 0| 0.0 | 0 
2021-09-27 02:41:23,572 - INFO - load | 2 | (0.1, 0.75) | 1000 | 0 | set() | 0| 0.0 | 0 
2021-09-27 02:41:23,573 - INFO - load | 2 | (0.1, 0.8) | 1000 | 0 | set() | 0| 0.0 | 0 
2021-09-27 02:41:23,574 - INFO - load | 2 | (0.1, 0.8500000000000001) | 1000 | 0 | set() | 0| 0.0 | 0 
2021-09-27 02:41:23,575 - INFO - load | 2 | (0.1, 0.9) | 1000 | 0 | set() | 0| 0.0 | 0 
2021-09-27 02:41:23,576 - INFO - load | 2 | (0.1, 0.9500000000000001) | 1000 | 0 | set() | 0| 0.0 | 0 
2021-09-27 02:41:23,577 - INFO - load | 2 | (0.1, 1.0) | 1000 | 0 | set() | 0| 0.0 | 0 
2021-09-27 02:41:23,579 - INFO - load | 2 | (0.15000000000000002, 0.0) | 1000 | 0 | set() | 0| 0.0 | 0 
2021-09-27 02:41:23,580 - INFO - load | 2 | (0.15000000000000002, 0.05) | 1000 | 0 | set() | 0| 0.0 | 0 
2021-09-27 02:41:23,581 - INFO - load | 2 | (0.15000000000000002, 0.1) | 1000 | 0 | set() | 0| 0.0 | 0 
2021-09-27 02:41:23,582 - INFO - load | 2 | (0.15000000000000002, 0.15000000000000002) | 1000 | 0 | set() | 0| 0.0 | 0 
2021-09-27 02:41:23,583 - INFO - load | 2 | (0.15000000000000002, 0.2) | 1000 | 0 | set() | 0| 0.0 | 0 
2021-09-27 02:41:23,584 - INFO - load | 2 | (0.15000000000000002, 0.25) | 1000 | 0 | set() | 0| 0.0 | 0 
2021-09-27 02:41:23,585 - INFO - load | 2 | (0.15000000000000002, 0.30000000000000004) | 1000 | 0 | set() | 0| 0.0 | 0 
2021-09-27 02:41:23,586 - INFO - load | 2 | (0.15000000000000002, 0.35000000000000003) | 1000 | 0 | set() | 0| 0.0 | 0 
2021-09-27 02:41:23,587 - INFO - load | 2 | (0.15000000000000002, 0.4) | 1000 | 0 | set() | 0| 0.0 | 0 
2021-09-27 02:41:23,588 - INFO - load | 2 | (0.15000000000000002, 0.45) | 1000 | 0 | set() | 0| 0.0 | 0 
2021-09-27 02:41:23,589 - INFO - load | 2 | (0.15000000000000002, 0.5) | 1000 | 0 | set() | 0| 0.0 | 0 
2021-09-27 02:41:23,590 - INFO - load | 2 | (0.15000000000000002, 0.55) | 1000 | 0 | set() | 0| 0.0 | 0 
2021-09-27 02:41:23,591 - INFO - load | 2 | (0.15000000000000002, 0.6000000000000001) | 1000 | 0 | set() | 0| 0.0 | 0 
2021-09-27 02:41:23,592 - INFO - load | 2 | (0.15000000000000002, 0.65) | 1000 | 0 | set() | 0| 0.0 | 0 
2021-09-27 02:41:23,593 - INFO - load | 2 | (0.15000000000000002, 0.7000000000000001) | 1000 | 0 | set() | 0| 0.0 | 0 
2021-09-27 02:41:23,594 - INFO - load | 2 | (0.15000000000000002, 0.75) | 1000 | 0 | set() | 0| 0.0 | 0 
2021-09-27 02:41:23,595 - INFO - load | 2 | (0.15000000000000002, 0.8) | 1000 | 0 | set() | 0| 0.0 | 0 
2021-09-27 02:41:23,596 - INFO - load | 2 | (0.15000000000000002, 0.8500000000000001) | 1000 | 0 | set() | 0| 0.0 | 0 
2021-09-27 02:41:23,597 - INFO - load | 2 | (0.15000000000000002, 0.9) | 1000 | 0 | set() | 0| 0.0 | 0 
2021-09-27 02:41:23,598 - INFO - load | 2 | (0.15000000000000002, 0.9500000000000001) | 1000 | 0 | set() | 0| 0.0 | 0 
2021-09-27 02:41:23,599 - INFO - load | 2 | (0.15000000000000002, 1.0) | 1000 | 0 | set() | 0| 0.0 | 0 
2021-09-27 02:41:23,600 - INFO - load | 2 | (0.2, 0.0) | 1000 | 0 | set() | 0| 0.0 | 0 
2021-09-27 02:41:23,601 - INFO - load | 2 | (0.2, 0.05) | 1000 | 0 | set() | 0| 0.0 | 0 
2021-09-27 02:41:23,602 - INFO - load | 2 | (0.2, 0.1) | 1000 | 0 | set() | 0| 0.0 | 0 
2021-09-27 02:41:23,603 - INFO - load | 2 | (0.2, 0.15000000000000002) | 1000 | 0 | set() | 0| 0.0 | 0 
2021-09-27 02:41:23,604 - INFO - load | 2 | (0.2, 0.2) | 1000 | 0 | set() | 0| 0.0 | 0 
2021-09-27 02:41:23,605 - INFO - load | 2 | (0.2, 0.25) | 1000 | 0 | set() | 0| 0.0 | 0 
2021-09-27 02:41:23,606 - INFO - load | 2 | (0.2, 0.30000000000000004) | 1000 | 0 | set() | 0| 0.0 | 0 
2021-09-27 02:41:23,607 - INFO - load | 2 | (0.2, 0.35000000000000003) | 1000 | 0 | set() | 0| 0.0 | 0 
2021-09-27 02:41:23,608 - INFO - load | 2 | (0.2, 0.4) | 1000 | 0 | set() | 0| 0.0 | 0 
2021-09-27 02:41:23,609 - INFO - load | 2 | (0.2, 0.45) | 1000 | 0 | set() | 0| 0.0 | 0 
2021-09-27 02:41:23,610 - INFO - load | 2 | (0.2, 0.5) | 1000 | 0 | set() | 0| 0.0 | 0 
2021-09-27 02:41:23,611 - INFO - load | 2 | (0.2, 0.55) | 1000 | 0 | set() | 0| 0.0 | 0 
2021-09-27 02:41:23,612 - INFO - load | 2 | (0.2, 0.6000000000000001) | 1000 | 0 | set() | 0| 0.0 | 0 
2021-09-27 02:41:23,613 - INFO - load | 2 | (0.2, 0.65) | 1000 | 0 | set() | 0| 0.0 | 0 
2021-09-27 02:41:23,614 - INFO - load | 2 | (0.2, 0.7000000000000001) | 1000 | 0 | set() | 0| 0.0 | 0 
2021-09-27 02:41:23,615 - INFO - load | 2 | (0.2, 0.75) | 1000 | 0 | set() | 0| 0.0 | 0 
2021-09-27 02:41:23,616 - INFO - load | 2 | (0.2, 0.8) | 1000 | 0 | set() | 0| 0.0 | 0 
2021-09-27 02:41:23,617 - INFO - load | 2 | (0.2, 0.8500000000000001) | 1000 | 0 | set() | 0| 0.0 | 0 
2021-09-27 02:41:23,618 - INFO - load | 2 | (0.2, 0.9) | 1000 | 0 | set() | 0| 0.0 | 0 
2021-09-27 02:41:23,619 - INFO - load | 2 | (0.2, 0.9500000000000001) | 1000 | 0 | set() | 0| 0.0 | 0 
2021-09-27 02:41:23,620 - INFO - load | 2 | (0.2, 1.0) | 1000 | 0 | set() | 0| 0.0 | 0 
2021-09-27 02:41:23,621 - INFO - load | 2 | (0.25, 0.0) | 1000 | 0 | set() | 0| 0.0 | 0 
2021-09-27 02:41:23,622 - INFO - load | 2 | (0.25, 0.05) | 1000 | 0 | set() | 0| 0.0 | 0 
2021-09-27 02:41:23,623 - INFO - load | 2 | (0.25, 0.1) | 1000 | 0 | set() | 0| 0.0 | 0 
2021-09-27 02:41:23,624 - INFO - load | 2 | (0.25, 0.15000000000000002) | 1000 | 0 | set() | 0| 0.0 | 0 
2021-09-27 02:41:23,625 - INFO - load | 2 | (0.25, 0.2) | 1000 | 0 | set() | 0| 0.0 | 0 
2021-09-27 02:41:23,626 - INFO - load | 2 | (0.25, 0.25) | 1000 | 0 | set() | 0| 0.0 | 0 
2021-09-27 02:41:23,627 - INFO - load | 2 | (0.25, 0.30000000000000004) | 1000 | 0 | set() | 0| 0.0 | 0 
2021-09-27 02:41:23,628 - INFO - load | 2 | (0.25, 0.35000000000000003) | 1000 | 0 | set() | 0| 0.0 | 0 
2021-09-27 02:41:23,629 - INFO - load | 2 | (0.25, 0.4) | 1000 | 0 | set() | 0| 0.0 | 0 
2021-09-27 02:41:23,630 - INFO - load | 2 | (0.25, 0.45) | 1000 | 0 | set() | 0| 0.0 | 0 
2021-09-27 02:41:23,631 - INFO - load | 2 | (0.25, 0.5) | 1000 | 0 | set() | 0| 0.0 | 0 
2021-09-27 02:41:23,632 - INFO - load | 2 | (0.25, 0.55) | 1000 | 0 | set() | 0| 0.0 | 0 
2021-09-27 02:41:23,633 - INFO - load | 2 | (0.25, 0.6000000000000001) | 1000 | 0 | set() | 0| 0.0 | 0 
2021-09-27 02:41:23,634 - INFO - load | 2 | (0.25, 0.65) | 1000 | 0 | set() | 0| 0.0 | 0 
2021-09-27 02:41:23,635 - INFO - load | 2 | (0.25, 0.7000000000000001) | 1000 | 0 | set() | 0| 0.0 | 0 
2021-09-27 02:41:23,637 - INFO - load | 2 | (0.25, 0.75) | 1000 | 0 | set() | 0| 0.0 | 0 
2021-09-27 02:41:23,638 - INFO - load | 2 | (0.25, 0.8) | 1000 | 0 | set() | 0| 0.0 | 0 
2021-09-27 02:41:23,639 - INFO - load | 2 | (0.25, 0.8500000000000001) | 1000 | 0 | set() | 0| 0.0 | 0 
2021-09-27 02:41:23,640 - INFO - load | 2 | (0.25, 0.9) | 1000 | 0 | set() | 0| 0.0 | 0 
2021-09-27 02:41:23,641 - INFO - load | 2 | (0.25, 0.9500000000000001) | 1000 | 0 | set() | 0| 0.0 | 0 
2021-09-27 02:41:25,583 - INFO - compute | 2 | (0.25, 1.0) | 1000 | 1 | {20} | 83046| 0.0 | 83046 
2021-09-27 02:41:25,600 - INFO - load | 2 | (0.30000000000000004, 0.0) | 136 | 0 | set() | 0| 0.0 | 0 
2021-09-27 02:41:25,616 - INFO - load | 2 | (0.30000000000000004, 0.05) | 136 | 0 | set() | 0| 0.0 | 0 
2021-09-27 02:41:25,632 - INFO - load | 2 | (0.30000000000000004, 0.1) | 136 | 0 | set() | 0| 0.0 | 0 
2021-09-27 02:41:25,647 - INFO - load | 2 | (0.30000000000000004, 0.15000000000000002) | 136 | 0 | set() | 0| 0.0 | 0 
2021-09-27 02:41:25,663 - INFO - load | 2 | (0.30000000000000004, 0.2) | 136 | 0 | set() | 0| 0.0 | 0 
2021-09-27 02:41:25,679 - INFO - load | 2 | (0.30000000000000004, 0.25) | 136 | 0 | set() | 0| 0.0 | 0 
2021-09-27 02:41:25,694 - INFO - load | 2 | (0.30000000000000004, 0.30000000000000004) | 136 | 0 | set() | 0| 0.0 | 0 
2021-09-27 02:41:25,710 - INFO - load | 2 | (0.30000000000000004, 0.35000000000000003) | 136 | 0 | set() | 0| 0.0 | 0 
2021-09-27 02:41:25,726 - INFO - load | 2 | (0.30000000000000004, 0.4) | 136 | 0 | set() | 0| 0.0 | 0 
2021-09-27 02:41:25,741 - INFO - load | 2 | (0.30000000000000004, 0.45) | 136 | 0 | set() | 0| 0.0 | 0 
2021-09-27 02:41:25,757 - INFO - load | 2 | (0.30000000000000004, 0.5) | 136 | 0 | set() | 0| 0.0 | 0 
2021-09-27 02:41:25,773 - INFO - load | 2 | (0.30000000000000004, 0.55) | 136 | 0 | set() | 0| 0.0 | 0 
2021-09-27 02:41:25,788 - INFO - load | 2 | (0.30000000000000004, 0.6000000000000001) | 136 | 0 | set() | 0| 0.0 | 0 
2021-09-27 02:41:25,804 - INFO - load | 2 | (0.30000000000000004, 0.65) | 136 | 0 | set() | 0| 0.0 | 0 
2021-09-27 02:41:25,820 - INFO - load | 2 | (0.30000000000000004, 0.7000000000000001) | 136 | 0 | set() | 0| 0.0 | 0 
2021-09-27 02:41:25,835 - INFO - load | 2 | (0.30000000000000004, 0.75) | 136 | 0 | set() | 0| 0.0 | 0 
2021-09-27 02:41:25,851 - INFO - load | 2 | (0.30000000000000004, 0.8) | 136 | 0 | set() | 0| 0.0 | 0 
2021-09-27 02:41:26,215 - INFO - compute | 2 | (0.30000000000000004, 0.8500000000000001) | 136 | 1 | {20} | 9442| 424.8899999999999 | 9442 
2021-09-27 02:41:26,234 - INFO - load | 2 | (0.30000000000000004, 0.9) | 136 | 2 | {40, 20} | 15573| 467.18999999999954 | 15573 
2021-09-27 02:41:26,253 - INFO - load | 2 | (0.30000000000000004, 0.9500000000000001) | 136 | 2 | {40, 20} | 15573| 233.59499999999935 | 15573 
2021-09-27 02:41:26,272 - INFO - load | 2 | (0.30000000000000004, 1.0) | 136 | 2 | {40, 20} | 15573| 0.0 | 15573 
2021-09-27 02:41:26,415 - INFO - compute | 2 | (0.35000000000000003, 0.0) | 47 | 0 | set() | 0| 0.0 | 0 
2021-09-27 02:41:26,508 - INFO - load | 2 | (0.35000000000000003, 0.05) | 47 | 0 | set() | 0| 0.0 | 0 
2021-09-27 02:41:26,600 - INFO - load | 2 | (0.35000000000000003, 0.1) | 47 | 0 | set() | 0| 0.0 | 0 
2021-09-27 02:41:26,692 - INFO - load | 2 | (0.35000000000000003, 0.15000000000000002) | 47 | 0 | set() | 0| 0.0 | 0 
2021-09-27 02:41:26,785 - INFO - load | 2 | (0.35000000000000003, 0.2) | 47 | 0 | set() | 0| 0.0 | 0 
2021-09-27 02:41:26,878 - INFO - load | 2 | (0.35000000000000003, 0.25) | 47 | 0 | set() | 0| 0.0 | 0 
2021-09-27 02:41:26,971 - INFO - load | 2 | (0.35000000000000003, 0.30000000000000004) | 47 | 0 | set() | 0| 0.0 | 0 
2021-09-27 02:41:27,066 - INFO - load | 2 | (0.35000000000000003, 0.35000000000000003) | 47 | 0 | set() | 0| 0.0 | 0 
2021-09-27 02:41:27,159 - INFO - load | 2 | (0.35000000000000003, 0.4) | 47 | 0 | set() | 0| 0.0 | 0 
2021-09-27 02:41:27,252 - INFO - load | 2 | (0.35000000000000003, 0.45) | 47 | 0 | set() | 0| 0.0 | 0 
2021-09-27 02:41:27,346 - INFO - load | 2 | (0.35000000000000003, 0.5) | 47 | 0 | set() | 0| 0.0 | 0 
2021-09-27 02:41:27,440 - INFO - load | 2 | (0.35000000000000003, 0.55) | 47 | 0 | set() | 0| 0.0 | 0 
2021-09-27 02:41:27,533 - INFO - load | 2 | (0.35000000000000003, 0.6000000000000001) | 47 | 0 | set() | 0| 0.0 | 0 
2021-09-27 02:41:27,626 - INFO - load | 2 | (0.35000000000000003, 0.65) | 47 | 0 | set() | 0| 0.0 | 0 
2021-09-27 02:41:27,818 - INFO - compute | 2 | (0.35000000000000003, 0.7000000000000001) | 47 | 1 | {20} | 2714| 284.96999999999997 | 2714 
2021-09-27 02:41:27,918 - INFO - load | 2 | (0.35000000000000003, 0.75) | 47 | 1 | {20} | 2714| 237.47500000000005 | 2714 
2021-09-27 02:41:28,157 - INFO - compute | 2 | (0.35000000000000003, 0.8) | 47 | 2 | {40, 20} | 4563| 319.41 | 4563 
2021-09-27 02:41:28,258 - INFO - load | 2 | (0.35000000000000003, 0.8500000000000001) | 47 | 2 | {40, 20} | 4563| 239.55749999999995 | 4563 
2021-09-27 02:41:28,638 - INFO - compute | 2 | (0.35000000000000003, 0.9) | 47 | 3 | (25, 20) | 4841| 169.4349999999999 | 1952.6970865060914 
2021-09-27 02:41:28,740 - INFO - load | 2 | (0.35000000000000003, 0.9500000000000001) | 47 | 3 | (25, 20) | 4841| 84.7174999999998 | 1952.6970865060914 
2021-09-27 02:41:28,840 - INFO - load | 2 | (0.35000000000000003, 1.0) | 47 | 3 | (25, 20) | 4841| 0.0 | 1952.6970865060914 
2021-09-27 02:41:28,860 - INFO - load | 2 | (0.4, 0.0) | 19 | 0 | set() | 0| 0.0 | 0 
2021-09-27 02:41:28,879 - INFO - load | 2 | (0.4, 0.05) | 19 | 0 | set() | 0| 0.0 | 0 
2021-09-27 02:41:28,899 - INFO - load | 2 | (0.4, 0.1) | 19 | 0 | set() | 0| 0.0 | 0 
2021-09-27 02:41:28,919 - INFO - load | 2 | (0.4, 0.15000000000000002) | 19 | 0 | set() | 0| 0.0 | 0 
2021-09-27 02:41:28,938 - INFO - load | 2 | (0.4, 0.2) | 19 | 0 | set() | 0| 0.0 | 0 
2021-09-27 02:41:28,958 - INFO - load | 2 | (0.4, 0.25) | 19 | 0 | set() | 0| 0.0 | 0 
2021-09-27 02:41:28,977 - INFO - load | 2 | (0.4, 0.30000000000000004) | 19 | 0 | set() | 0| 0.0 | 0 
2021-09-27 02:41:28,998 - INFO - load | 2 | (0.4, 0.35000000000000003) | 19 | 0 | set() | 0| 0.0 | 0 
2021-09-27 02:41:29,019 - INFO - load | 2 | (0.4, 0.4) | 19 | 0 | set() | 0| 0.0 | 0 
2021-09-27 02:41:29,039 - INFO - load | 2 | (0.4, 0.45) | 19 | 0 | set() | 0| 0.0 | 0 
2021-09-27 02:41:29,059 - INFO - load | 2 | (0.4, 0.5) | 19 | 0 | set() | 0| 0.0 | 0 
2021-09-27 02:41:29,078 - INFO - load | 2 | (0.4, 0.55) | 19 | 0 | set() | 0| 0.0 | 0 
2021-09-27 02:41:29,098 - INFO - load | 2 | (0.4, 0.6000000000000001) | 19 | 0 | set() | 0| 0.0 | 0 
2021-09-27 02:41:29,239 - INFO - compute | 2 | (0.4, 0.65) | 19 | 1 | {20} | 932| 130.48000000000002 | 932 
2021-09-27 02:41:29,262 - INFO - load | 2 | (0.4, 0.7000000000000001) | 19 | 2 | {40, 20} | 1513| 181.56 | 1513 
2021-09-27 02:41:29,285 - INFO - load | 2 | (0.4, 0.75) | 19 | 2 | {40, 20} | 1513| 151.29999999999995 | 1513 
2021-09-27 02:41:29,307 - INFO - load | 2 | (0.4, 0.8) | 19 | 3 | (25, 20) | 1825| 145.99999999999991 | 829.4337919470638 
2021-09-27 02:41:29,330 - INFO - load | 2 | (0.4, 0.8500000000000001) | 19 | 3 | (25, 20) | 1825| 109.4999999999999 | 829.4337919470638 
2021-09-27 02:41:29,352 - INFO - load | 2 | (0.4, 0.9) | 19 | 3 | (25, 20) | 1825| 72.99999999999996 | 829.4337919470638 
2021-09-27 02:41:29,653 - INFO - compute | 2 | (0.4, 0.9500000000000001) | 19 | 4 | (25, 20) | 1825| 36.49999999999993 | 829.4337919470638 
2021-09-27 02:41:29,677 - INFO - load | 2 | (0.4, 1.0) | 19 | 5 | (20, 25) | 1825| 0.0 | 829.4337919470638 
2021-09-27 02:41:29,789 - INFO - compute | 2 | (0.45, 0.0) | 6 | 0 | set() | 0| 0.0 | 0 
2021-09-27 02:41:29,894 - INFO - load | 2 | (0.45, 0.05) | 6 | 0 | set() | 0| 0.0 | 0 
2021-09-27 02:41:29,998 - INFO - load | 2 | (0.45, 0.1) | 6 | 0 | set() | 0| 0.0 | 0 
2021-09-27 02:41:30,105 - INFO - load | 2 | (0.45, 0.15000000000000002) | 6 | 0 | set() | 0| 0.0 | 0 
2021-09-27 02:41:30,208 - INFO - load | 2 | (0.45, 0.2) | 6 | 0 | set() | 0| 0.0 | 0 
2021-09-27 02:41:30,312 - INFO - load | 2 | (0.45, 0.25) | 6 | 0 | set() | 0| 0.0 | 0 
2021-09-27 02:41:30,416 - INFO - load | 2 | (0.45, 0.30000000000000004) | 6 | 0 | set() | 0| 0.0 | 0 
2021-09-27 02:41:30,519 - INFO - load | 2 | (0.45, 0.35000000000000003) | 6 | 0 | set() | 0| 0.0 | 0 
2021-09-27 02:41:30,624 - INFO - load | 2 | (0.45, 0.4) | 6 | 0 | set() | 0| 0.0 | 0 
2021-09-27 02:41:30,729 - INFO - load | 2 | (0.45, 0.45) | 6 | 0 | set() | 0| 0.0 | 0 
2021-09-27 02:41:30,833 - INFO - load | 2 | (0.45, 0.5) | 6 | 0 | set() | 0| 0.0 | 0 
2021-09-27 02:41:30,953 - INFO - compute | 2 | (0.45, 0.55) | 6 | 1 | {20} | 229| 46.372499999999995 | 229 
2021-09-27 02:41:31,081 - INFO - compute | 2 | (0.45, 0.6000000000000001) | 6 | 2 | {40, 20} | 380| 68.39999999999998 | 380 
2021-09-27 02:41:31,190 - INFO - load | 2 | (0.45, 0.65) | 6 | 2 | {40, 20} | 380| 59.84999999999999 | 380 
2021-09-27 02:41:31,334 - INFO - compute | 2 | (0.45, 0.7000000000000001) | 6 | 3 | (25, 20) | 481| 64.93499999999997 | 257.7092240752093 
2021-09-27 02:41:31,444 - INFO - load | 2 | (0.45, 0.75) | 6 | 3 | (25, 20) | 481| 54.1125 | 257.7092240752093 
2021-09-27 02:41:31,553 - INFO - load | 2 | (0.45, 0.8) | 6 | 3 | (25, 20) | 481| 43.289999999999985 | 257.7092240752093 
2021-09-27 02:41:31,728 - INFO - compute | 2 | (0.45, 0.8500000000000001) | 6 | 4 | (25, 20) | 481| 32.46749999999997 | 257.7092240752093 
2021-09-27 02:41:31,943 - INFO - compute | 2 | (0.45, 0.9) | 6 | 5 | (20, 25) | 481| 21.644999999999992 | 257.7092240752093 
2021-09-27 02:41:32,064 - INFO - load | 2 | (0.45, 0.9500000000000001) | 6 | 5 | (20, 25) | 481| 10.822499999999984 | 257.7092240752093 
2021-09-27 02:41:32,186 - INFO - load | 2 | (0.45, 1.0) | 6 | 5 | (20, 25) | 481| 0.0 | 257.7092240752093 
2021-09-27 02:41:32,212 - INFO - load | 2 | (0.5, 0.0) | 4 | 0 | set() | 0| 0.0 | 0 
2021-09-27 02:41:32,236 - INFO - load | 2 | (0.5, 0.05) | 4 | 0 | set() | 0| 0.0 | 0 
2021-09-27 02:41:32,261 - INFO - load | 2 | (0.5, 0.1) | 4 | 0 | set() | 0| 0.0 | 0 
2021-09-27 02:41:32,286 - INFO - load | 2 | (0.5, 0.15000000000000002) | 4 | 0 | set() | 0| 0.0 | 0 
2021-09-27 02:41:32,314 - INFO - load | 2 | (0.5, 0.2) | 4 | 0 | set() | 0| 0.0 | 0 
2021-09-27 02:41:32,339 - INFO - load | 2 | (0.5, 0.25) | 4 | 0 | set() | 0| 0.0 | 0 
2021-09-27 02:41:32,366 - INFO - load | 2 | (0.5, 0.30000000000000004) | 4 | 0 | set() | 0| 0.0 | 0 
2021-09-27 02:41:32,394 - INFO - load | 2 | (0.5, 0.35000000000000003) | 4 | 0 | set() | 0| 0.0 | 0 
2021-09-27 02:41:32,421 - INFO - load | 2 | (0.5, 0.4) | 4 | 0 | set() | 0| 0.0 | 0 
2021-09-27 02:41:32,449 - INFO - load | 2 | (0.5, 0.45) | 4 | 0 | set() | 0| 0.0 | 0 
2021-09-27 02:41:32,476 - INFO - load | 2 | (0.5, 0.5) | 4 | 1 | {20} | 128| 32.0 | 128 
2021-09-27 02:41:32,504 - INFO - load | 2 | (0.5, 0.55) | 4 | 2 | {40, 20} | 202| 45.449999999999996 | 202 
2021-09-27 02:41:32,532 - INFO - load | 2 | (0.5, 0.6000000000000001) | 4 | 2 | {40, 20} | 202| 40.39999999999999 | 202 
2021-09-27 02:41:32,560 - INFO - load | 2 | (0.5, 0.65) | 4 | 3 | (25, 20) | 275| 48.125 | 161.64547763039195 
2021-09-27 02:41:32,587 - INFO - load | 2 | (0.5, 0.7000000000000001) | 4 | 3 | (25, 20) | 275| 41.24999999999999 | 161.64547763039195 
2021-09-27 02:41:32,751 - INFO - compute | 2 | (0.5, 0.75) | 4 | 4 | (25, 20) | 275| 34.375 | 161.64547763039195 
2021-09-27 02:41:32,779 - INFO - load | 2 | (0.5, 0.8) | 4 | 5 | (50, 25) | 271| 27.099999999999994 | 163.3263545152098 
2021-09-27 02:41:32,808 - INFO - load | 2 | (0.5, 0.8500000000000001) | 4 | 5 | (50, 25) | 271| 20.32499999999999 | 163.3263545152098 
2021-09-27 02:41:32,836 - INFO - load | 2 | (0.5, 0.9) | 4 | 5 | (50, 25) | 271| 13.549999999999997 | 163.3263545152098 
2021-09-27 02:41:32,863 - INFO - load | 2 | (0.5, 0.9500000000000001) | 4 | 5 | (50, 25) | 271| 6.774999999999991 | 163.3263545152098 
2021-09-27 02:41:32,892 - INFO - load | 2 | (0.5, 1.0) | 4 | 6 | (42, 25) | 279| 0.0 | 169.90737176624134 
2021-09-27 02:41:33,017 - INFO - compute | 2 | (0.55, 0.0) | 3 | 0 | set() | 0| 0.0 | 0 
2021-09-27 02:41:33,143 - INFO - load | 2 | (0.55, 0.05) | 3 | 0 | set() | 0| 0.0 | 0 
2021-09-27 02:41:33,264 - INFO - load | 2 | (0.55, 0.1) | 3 | 0 | set() | 0| 0.0 | 0 
2021-09-27 02:41:33,382 - INFO - load | 2 | (0.55, 0.15000000000000002) | 3 | 0 | set() | 0| 0.0 | 0 
2021-09-27 02:41:33,497 - INFO - load | 2 | (0.55, 0.2) | 3 | 0 | set() | 0| 0.0 | 0 
2021-09-27 02:41:33,612 - INFO - load | 2 | (0.55, 0.25) | 3 | 0 | set() | 0| 0.0 | 0 
2021-09-27 02:41:33,729 - INFO - load | 2 | (0.55, 0.30000000000000004) | 3 | 0 | set() | 0| 0.0 | 0 
2021-09-27 02:41:33,844 - INFO - load | 2 | (0.55, 0.35000000000000003) | 3 | 0 | set() | 0| 0.0 | 0 
2021-09-27 02:41:33,959 - INFO - load | 2 | (0.55, 0.4) | 3 | 0 | set() | 0| 0.0 | 0 
2021-09-27 02:41:34,086 - INFO - compute | 2 | (0.55, 0.45) | 3 | 1 | {20} | 78| 23.595 | 78 
2021-09-27 02:41:34,213 - INFO - compute | 2 | (0.55, 0.5) | 3 | 2 | {40, 20} | 152| 41.800000000000004 | 152 
2021-09-27 02:41:34,352 - INFO - compute | 2 | (0.55, 0.55) | 3 | 3 | (40, 25) | 169| 41.8275 | 109.54586586213223 
2021-09-27 02:41:34,477 - INFO - load | 2 | (0.55, 0.6000000000000001) | 3 | 3 | (40, 25) | 169| 37.17999999999999 | 109.54586586213223 
2021-09-27 02:41:34,596 - INFO - load | 2 | (0.55, 0.65) | 3 | 3 | (40, 25) | 169| 32.5325 | 109.54586586213223 
2021-09-27 02:41:34,749 - INFO - compute | 2 | (0.55, 0.7000000000000001) | 3 | 4 | (40, 25) | 169| 27.884999999999998 | 109.54586586213223 
2021-09-27 02:41:34,923 - INFO - compute | 2 | (0.55, 0.75) | 3 | 5 | (50, 25) | 185| 25.437500000000004 | 119.3472938675955 
2021-09-27 02:41:35,056 - INFO - load | 2 | (0.55, 0.8) | 3 | 5 | (50, 25) | 185| 20.349999999999998 | 119.3472938675955 
2021-09-27 02:41:35,188 - INFO - load | 2 | (0.55, 0.8500000000000001) | 3 | 5 | (50, 25) | 185| 15.262499999999992 | 119.3472938675955 
2021-09-27 02:41:35,383 - INFO - compute | 2 | (0.55, 0.9) | 3 | 6 | (42, 25) | 184| 10.12 | 121.32585128341157 
2021-09-27 02:41:35,641 - INFO - compute | 2 | (0.55, 0.9500000000000001) | 3 | 8 | (42, 25) | 184| 5.059999999999994 | 121.32585128341157 
2021-09-27 02:41:35,936 - INFO - compute | 2 | (0.55, 1.0) | 3 | 9 | (42, 25) | 184| 0.0 | 121.32585128341157 
2021-09-27 02:41:35,965 - INFO - load | 2 | (0.6000000000000001, 0.0) | 1 | 0 | set() | 0| 0.0 | 0 
2021-09-27 02:41:35,992 - INFO - load | 2 | (0.6000000000000001, 0.05) | 1 | 0 | set() | 0| 0.0 | 0 
2021-09-27 02:41:36,021 - INFO - load | 2 | (0.6000000000000001, 0.1) | 1 | 0 | set() | 0| 0.0 | 0 
2021-09-27 02:41:36,050 - INFO - load | 2 | (0.6000000000000001, 0.15000000000000002) | 1 | 0 | set() | 0| 0.0 | 0 
2021-09-27 02:41:36,078 - INFO - load | 2 | (0.6000000000000001, 0.2) | 1 | 0 | set() | 0| 0.0 | 0 
2021-09-27 02:41:36,106 - INFO - load | 2 | (0.6000000000000001, 0.25) | 1 | 0 | set() | 0| 0.0 | 0 
2021-09-27 02:41:36,135 - INFO - load | 2 | (0.6000000000000001, 0.30000000000000004) | 1 | 0 | set() | 0| 0.0 | 0 
2021-09-27 02:41:36,165 - INFO - load | 2 | (0.6000000000000001, 0.35000000000000003) | 1 | 0 | set() | 0| 0.0 | 0 
2021-09-27 02:41:36,193 - INFO - load | 2 | (0.6000000000000001, 0.4) | 1 | 0 | set() | 0| 0.0 | 0 
2021-09-27 02:41:36,223 - INFO - load | 2 | (0.6000000000000001, 0.45) | 1 | 2 | {40, 20} | 13| 4.29 | 13 
2021-09-27 02:41:36,253 - INFO - load | 2 | (0.6000000000000001, 0.5) | 1 | 2 | {40, 20} | 13| 3.9000000000000004 | 13 
2021-09-27 02:41:36,283 - INFO - load | 2 | (0.6000000000000001, 0.55) | 1 | 3 | (40, 25) | 62| 16.740000000000002 | 47.502354211088694 
2021-09-27 02:41:36,313 - INFO - load | 2 | (0.6000000000000001, 0.6000000000000001) | 1 | 3 | (40, 25) | 62| 14.879999999999999 | 47.502354211088694 
2021-09-27 02:41:36,452 - INFO - compute | 2 | (0.6000000000000001, 0.65) | 1 | 4 | (40, 25) | 62| 13.020000000000001 | 47.502354211088694 
2021-09-27 02:41:36,482 - INFO - load | 2 | (0.6000000000000001, 0.7000000000000001) | 1 | 5 | (50, 25) | 65| 11.7 | 49.80085522130266 
2021-09-27 02:41:36,516 - INFO - load | 2 | (0.6000000000000001, 0.75) | 1 | 5 | (50, 25) | 65| 9.750000000000002 | 49.80085522130266 
2021-09-27 02:41:36,554 - INFO - load | 2 | (0.6000000000000001, 0.8) | 1 | 5 | (50, 25) | 65| 7.8 | 49.80085522130266 
2021-09-27 02:41:36,732 - INFO - compute | 2 | (0.6000000000000001, 0.8500000000000001) | 1 | 7 | (42, 25) | 79| 7.109999999999998 | 60.52719326896786 
2021-09-27 02:41:36,764 - INFO - load | 2 | (0.6000000000000001, 0.9) | 1 | 9 | (42, 25) | 79| 4.739999999999996 | 60.52719326896786 
2021-09-27 02:41:37,014 - INFO - compute | 2 | (0.6000000000000001, 0.9500000000000001) | 1 | 13 | (42, 25) | 79| 2.3699999999999934 | 60.52719326896786 
2021-09-27 02:41:37,047 - INFO - load | 2 | (0.6000000000000001, 1.0) | 1 | 20 | (39, 25) | 85| 0.0 | 65.12419528939579 
2021-09-27 02:41:37,075 - INFO - load | 2 | (0.65, 0.0) | 1 | 0 | set() | 0| 0.0 | 0 
2021-09-27 02:41:37,104 - INFO - load | 2 | (0.65, 0.05) | 1 | 0 | set() | 0| 0.0 | 0 
2021-09-27 02:41:37,132 - INFO - load | 2 | (0.65, 0.1) | 1 | 0 | set() | 0| 0.0 | 0 
2021-09-27 02:41:37,160 - INFO - load | 2 | (0.65, 0.15000000000000002) | 1 | 0 | set() | 0| 0.0 | 0 
2021-09-27 02:41:37,190 - INFO - load | 2 | (0.65, 0.2) | 1 | 0 | set() | 0| 0.0 | 0 
2021-09-27 02:41:37,218 - INFO - load | 2 | (0.65, 0.25) | 1 | 0 | set() | 0| 0.0 | 0 
2021-09-27 02:41:37,245 - INFO - load | 2 | (0.65, 0.30000000000000004) | 1 | 0 | set() | 0| 0.0 | 0 
2021-09-27 02:41:37,274 - INFO - load | 2 | (0.65, 0.35000000000000003) | 1 | 0 | set() | 0| 0.0 | 0 
2021-09-27 02:41:37,407 - INFO - compute | 2 | (0.65, 0.4) | 1 | 1 | {20} | 0| 0.0 | 0 
2021-09-27 02:41:37,437 - INFO - load | 2 | (0.65, 0.45) | 1 | 2 | {40, 20} | 13| 4.6475 | 13 
2021-09-27 02:41:37,467 - INFO - load | 2 | (0.65, 0.5) | 1 | 3 | (40, 25) | 62| 20.150000000000002 | 47.502354211088694 
2021-09-27 02:41:37,498 - INFO - load | 2 | (0.65, 0.55) | 1 | 3 | (40, 25) | 62| 18.134999999999998 | 47.502354211088694 
2021-09-27 02:41:37,625 - INFO - load | 2 | (0.65, 0.6000000000000001) | 1 | 4 | (40, 25) | 62| 16.119999999999997 | 47.502354211088694 
2021-09-27 02:41:37,656 - INFO - load | 2 | (0.65, 0.65) | 1 | 5 | (50, 25) | 65| 14.787499999999998 | 49.80085522130266 
2021-09-27 02:41:37,686 - INFO - load | 2 | (0.65, 0.7000000000000001) | 1 | 5 | (50, 25) | 65| 12.674999999999997 | 49.80085522130266 
2021-09-27 02:41:37,720 - INFO - load | 2 | (0.65, 0.75) | 1 | 6 | (42, 25) | 79| 12.837499999999999 | 60.52719326896786 
2021-09-27 02:41:37,898 - INFO - compute | 2 | (0.65, 0.8) | 1 | 8 | (42, 25) | 79| 10.27 | 60.52719326896786 
2021-09-27 02:41:37,931 - INFO - load | 2 | (0.65, 0.8500000000000001) | 1 | 9 | (42, 25) | 79| 7.7024999999999935 | 60.52719326896786 
2021-09-27 02:41:38,303 - INFO - compute | 2 | (0.65, 0.9) | 1 | 18 | (39, 25) | 85| 5.524999999999995 | 65.12419528939579 
2021-09-27 02:41:38,862 - INFO - compute | 2 | (0.65, 0.9500000000000001) | 1 | 24 | (25, 37) | 101| 3.282499999999997 | 77.38286734387029 
2021-09-27 02:41:40,743 - INFO - compute | 2 | (0.65, 1.0) | 1 | 48 | (25, 37) | 101| 0.0 | 77.38286734387029 
2021-09-27 02:41:40,773 - INFO - load | 2 | (0.7000000000000001, 0.0) | 1 | 0 | set() | 0| 0.0 | 0 
2021-09-27 02:41:40,800 - INFO - load | 2 | (0.7000000000000001, 0.05) | 1 | 0 | set() | 0| 0.0 | 0 
2021-09-27 02:41:40,829 - INFO - load | 2 | (0.7000000000000001, 0.1) | 1 | 0 | set() | 0| 0.0 | 0 
2021-09-27 02:41:40,857 - INFO - load | 2 | (0.7000000000000001, 0.15000000000000002) | 1 | 0 | set() | 0| 0.0 | 0 
2021-09-27 02:41:40,885 - INFO - load | 2 | (0.7000000000000001, 0.2) | 1 | 0 | set() | 0| 0.0 | 0 
2021-09-27 02:41:40,913 - INFO - load | 2 | (0.7000000000000001, 0.25) | 1 | 0 | set() | 0| 0.0 | 0 
2021-09-27 02:41:40,941 - INFO - load | 2 | (0.7000000000000001, 0.30000000000000004) | 1 | 0 | set() | 0| 0.0 | 0 
2021-09-27 02:41:41,076 - INFO - load | 2 | (0.7000000000000001, 0.35000000000000003) | 1 | 1 | {20} | 0| 0.0 | 0 
2021-09-27 02:41:41,105 - INFO - load | 2 | (0.7000000000000001, 0.4) | 1 | 2 | {40, 20} | 13| 5.460000000000001 | 13 
2021-09-27 02:41:41,136 - INFO - load | 2 | (0.7000000000000001, 0.45) | 1 | 3 | (40, 25) | 62| 23.87 | 47.502354211088694 
2021-09-27 02:41:41,167 - INFO - load | 2 | (0.7000000000000001, 0.5) | 1 | 3 | (40, 25) | 62| 21.700000000000003 | 47.502354211088694 
2021-09-27 02:41:41,293 - INFO - load | 2 | (0.7000000000000001, 0.55) | 1 | 4 | (40, 25) | 62| 19.53 | 47.502354211088694 
2021-09-27 02:41:41,325 - INFO - load | 2 | (0.7000000000000001, 0.6000000000000001) | 1 | 5 | (50, 25) | 65| 18.2 | 49.80085522130266 
2021-09-27 02:41:41,355 - INFO - load | 2 | (0.7000000000000001, 0.65) | 1 | 5 | (50, 25) | 65| 15.924999999999999 | 49.80085522130266 
2021-09-27 02:41:41,389 - INFO - load | 2 | (0.7000000000000001, 0.7000000000000001) | 1 | 6 | (42, 25) | 79| 16.589999999999996 | 60.52719326896786 
2021-09-27 02:41:41,534 - INFO - load | 2 | (0.7000000000000001, 0.75) | 1 | 8 | (42, 25) | 79| 13.825000000000003 | 60.52719326896786 
2021-09-27 02:41:41,570 - INFO - load | 2 | (0.7000000000000001, 0.8) | 1 | 12 | (42, 25) | 79| 11.06 | 60.52719326896786 
2021-09-27 02:41:41,604 - INFO - load | 2 | (0.7000000000000001, 0.8500000000000001) | 1 | 20 | (39, 25) | 85| 8.924999999999999 | 65.12419528939579 
2021-09-27 02:41:41,648 - INFO - load | 2 | (0.7000000000000001, 0.9) | 1 | 31 | (25, 37) | 101| 7.069999999999995 | 77.38286734387029 
2021-09-27 02:41:45,561 - INFO - compute | 2 | (0.7000000000000001, 0.9500000000000001) | 1 | 65 | (25, 37) | 101| 3.534999999999992 | 77.38286734387029 
2021-09-27 02:41:45,598 - INFO - load | 2 | (0.7000000000000001, 1.0) | 1 | 148 | (25, 37) | 101| 0.0 | 77.38286734387029 
2021-09-27 02:41:45,629 - INFO - load | 2 | (0.75, 0.0) | 1 | 0 | set() | 0| 0.0 | 0 
2021-09-27 02:41:45,660 - INFO - load | 2 | (0.75, 0.05) | 1 | 0 | set() | 0| 0.0 | 0 
2021-09-27 02:41:45,692 - INFO - load | 2 | (0.75, 0.1) | 1 | 0 | set() | 0| 0.0 | 0 
2021-09-27 02:41:45,723 - INFO - load | 2 | (0.75, 0.15000000000000002) | 1 | 0 | set() | 0| 0.0 | 0 
2021-09-27 02:41:45,756 - INFO - load | 2 | (0.75, 0.2) | 1 | 0 | set() | 0| 0.0 | 0 
2021-09-27 02:41:45,788 - INFO - load | 2 | (0.75, 0.25) | 1 | 0 | set() | 0| 0.0 | 0 
2021-09-27 02:41:45,818 - INFO - load | 2 | (0.75, 0.30000000000000004) | 1 | 0 | set() | 0| 0.0 | 0 
2021-09-27 02:41:45,949 - INFO - load | 2 | (0.75, 0.35000000000000003) | 1 | 1 | {20} | 0| 0.0 | 0 
2021-09-27 02:41:45,978 - INFO - load | 2 | (0.75, 0.4) | 1 | 2 | {40, 20} | 13| 5.85 | 13 
2021-09-27 02:41:46,010 - INFO - load | 2 | (0.75, 0.45) | 1 | 3 | (40, 25) | 62| 25.575 | 47.502354211088694 
2021-09-27 02:41:46,145 - INFO - load | 2 | (0.75, 0.5) | 1 | 4 | (40, 25) | 62| 23.25 | 47.502354211088694 
2021-09-27 02:41:46,178 - INFO - load | 2 | (0.75, 0.55) | 1 | 5 | (50, 25) | 65| 21.937499999999996 | 49.80085522130266 
2021-09-27 02:41:46,213 - INFO - load | 2 | (0.75, 0.6000000000000001) | 1 | 5 | (50, 25) | 65| 19.499999999999996 | 49.80085522130266 
2021-09-27 02:41:46,250 - INFO - load | 2 | (0.75, 0.65) | 1 | 6 | (42, 25) | 79| 20.737499999999997 | 60.52719326896786 
2021-09-27 02:41:46,386 - INFO - load | 2 | (0.75, 0.7000000000000001) | 1 | 8 | (42, 25) | 79| 17.775 | 60.52719326896786 
2021-09-27 02:41:46,422 - INFO - load | 2 | (0.75, 0.75) | 1 | 12 | (42, 25) | 79| 14.8125 | 60.52719326896786 
2021-09-27 02:41:46,456 - INFO - load | 2 | (0.75, 0.8) | 1 | 20 | (39, 25) | 85| 12.749999999999993 | 65.12419528939579 
2021-09-27 02:41:47,484 - INFO - compute | 2 | (0.75, 0.8500000000000001) | 1 | 34 | (25, 37) | 101| 11.362499999999994 | 77.38286734387029 
2021-09-27 02:41:52,509 - INFO - compute | 2 | (0.75, 0.9) | 1 | 79 | (25, 37) | 101| 7.574999999999996 | 77.38286734387029 
2021-09-27 02:42:21,458 - INFO - compute | 2 | (0.75, 0.9500000000000001) | 1 | 194 | (25, 37) | 101| 3.787499999999998 | 77.38286734387029 
2021-09-27 09:59:45,724 - INFO - compute | 2 | (0.75, 1.0) | 1 | 1000 | (25, 37) | 101| 0.0 | 77.38286734387029 
2021-09-27 09:59:45,761 - INFO - load | 2 | (0.8, 0.0) | 0 | 0 | set() | 0| 0.0 | 0 
2021-09-27 09:59:45,796 - INFO - load | 2 | (0.8, 0.05) | 0 | 0 | set() | 0| 0.0 | 0 
2021-09-27 09:59:45,831 - INFO - load | 2 | (0.8, 0.1) | 0 | 0 | set() | 0| 0.0 | 0 
2021-09-27 09:59:45,866 - INFO - load | 2 | (0.8, 0.15000000000000002) | 0 | 0 | set() | 0| 0.0 | 0 
2021-09-27 09:59:45,902 - INFO - load | 2 | (0.8, 0.2) | 0 | 0 | set() | 0| 0.0 | 0 
2021-09-27 09:59:45,939 - INFO - load | 2 | (0.8, 0.25) | 0 | 0 | set() | 0| 0.0 | 0 
2021-09-27 09:59:45,975 - INFO - load | 2 | (0.8, 0.30000000000000004) | 0 | 0 | set() | 0| 0.0 | 0 
2021-09-27 09:59:46,016 - INFO - load | 2 | (0.8, 0.35000000000000003) | 0 | 2 | {40, 20} | 0| 0.0 | 0 
2021-09-27 09:59:46,054 - INFO - load | 2 | (0.8, 0.4) | 0 | 3 | (40, 25) | 0| 0.0 | 0 
2021-09-27 09:59:46,090 - INFO - load | 2 | (0.8, 0.45) | 0 | 3 | (40, 25) | 0| 0.0 | 0 
2021-09-27 09:59:46,128 - INFO - load | 2 | (0.8, 0.5) | 0 | 5 | (50, 62) | 0| 0.0 | 0 
2021-09-27 09:59:46,165 - INFO - load | 2 | (0.8, 0.55) | 0 | 5 | (50, 62) | 0| 0.0 | 0 
2021-09-27 09:59:46,202 - INFO - load | 2 | (0.8, 0.6000000000000001) | 0 | 5 | (50, 62) | 0| 0.0 | 0 
2021-09-27 09:59:46,347 - INFO - compute | 2 | (0.8, 0.65) | 0 | 8 | (480, 62) | 0| 0.0 | 0 
2021-09-27 09:59:46,385 - INFO - load | 2 | (0.8, 0.7000000000000001) | 0 | 12 | (480, 335) | 0| 0.0 | 0 
2021-09-27 09:59:46,431 - INFO - load | 2 | (0.8, 0.75) | 0 | 20 | (2535, 698) | 0| 0.0 | 0 
2021-09-27 09:59:46,469 - INFO - load | 2 | (0.8, 0.8) | 0 | 37 | (3658, 2535) | 0| 0.0 | 0 
2021-09-27 09:59:46,623 - INFO - compute | 2 | (0.8, 0.8500000000000001) | 0 | 89 | (7589, 5595) | 0| 0.0 | 0 
2021-09-27 09:59:46,663 - INFO - load | 2 | (0.8, 0.9) | 0 | 235 | (9709, 6139) | 0| 0.0 | 0 
2021-09-27 09:59:46,702 - INFO - load | 2 | (0.8, 0.9500000000000001) | 0 | 1000 | (9994, 9993) | 0| 0.0 | 0 
2021-09-27 09:59:46,741 - INFO - load | 2 | (0.8, 1.0) | 0 | 1000 | (9994, 9993) | 0| 0.0 | 0 
2021-09-27 09:59:46,776 - INFO - load | 2 | (0.8500000000000001, 0.0) | 0 | 0 | set() | 0| 0.0 | 0 
2021-09-27 09:59:46,811 - INFO - load | 2 | (0.8500000000000001, 0.05) | 0 | 0 | set() | 0| 0.0 | 0 
2021-09-27 09:59:46,846 - INFO - load | 2 | (0.8500000000000001, 0.1) | 0 | 0 | set() | 0| 0.0 | 0 
2021-09-27 09:59:46,882 - INFO - load | 2 | (0.8500000000000001, 0.15000000000000002) | 0 | 0 | set() | 0| 0.0 | 0 
2021-09-27 09:59:46,917 - INFO - load | 2 | (0.8500000000000001, 0.2) | 0 | 0 | set() | 0| 0.0 | 0 
2021-09-27 09:59:46,954 - INFO - load | 2 | (0.8500000000000001, 0.25) | 0 | 0 | set() | 0| 0.0 | 0 
2021-09-27 09:59:47,106 - INFO - compute | 2 | (0.8500000000000001, 0.30000000000000004) | 0 | 1 | {20} | 0| 0.0 | 0 
2021-09-27 09:59:47,147 - INFO - load | 2 | (0.8500000000000001, 0.35000000000000003) | 0 | 2 | {40, 20} | 0| 0.0 | 0 
2021-09-27 09:59:47,184 - INFO - load | 2 | (0.8500000000000001, 0.4) | 0 | 3 | (40, 25) | 0| 0.0 | 0 
2021-09-27 09:59:47,334 - INFO - compute | 2 | (0.8500000000000001, 0.45) | 0 | 4 | (40, 62) | 0| 0.0 | 0 
2021-09-27 09:59:47,372 - INFO - load | 2 | (0.8500000000000001, 0.5) | 0 | 5 | (50, 62) | 0| 0.0 | 0 
2021-09-27 09:59:47,408 - INFO - load | 2 | (0.8500000000000001, 0.55) | 0 | 5 | (50, 62) | 0| 0.0 | 0 
2021-09-27 09:59:47,564 - INFO - compute | 2 | (0.8500000000000001, 0.6000000000000001) | 0 | 7 | (480, 62) | 0| 0.0 | 0 
2021-09-27 09:59:47,606 - INFO - load | 2 | (0.8500000000000001, 0.65) | 0 | 9 | (480, 335) | 0| 0.0 | 0 
2021-09-27 09:59:47,650 - INFO - load | 2 | (0.8500000000000001, 0.7000000000000001) | 0 | 20 | (2535, 698) | 0| 0.0 | 0 
2021-09-27 09:59:47,801 - INFO - compute | 2 | (0.8500000000000001, 0.75) | 0 | 34 | (3658, 2535) | 0| 0.0 | 0 
2021-09-27 09:59:47,958 - INFO - load | 2 | (0.8500000000000001, 0.8) | 0 | 89 | (7589, 5595) | 0| 0.0 | 0 
2021-09-27 09:59:48,175 - INFO - compute | 2 | (0.8500000000000001, 0.8500000000000001) | 0 | 255 | (9709, 6139) | 0| 0.0 | 0 
2021-09-27 09:59:48,216 - INFO - load | 2 | (0.8500000000000001, 0.9) | 0 | 1000 | (9994, 9993) | 0| 0.0 | 0 
2021-09-27 09:59:48,256 - INFO - load | 2 | (0.8500000000000001, 0.9500000000000001) | 0 | 1000 | (9994, 9993) | 0| 0.0 | 0 
2021-09-27 09:59:48,298 - INFO - load | 2 | (0.8500000000000001, 1.0) | 0 | 1000 | (9994, 9993) | 0| 0.0 | 0 
2021-09-27 09:59:48,337 - INFO - load | 2 | (0.9, 0.0) | 0 | 0 | set() | 0| 0.0 | 0 
2021-09-27 09:59:48,372 - INFO - load | 2 | (0.9, 0.05) | 0 | 0 | set() | 0| 0.0 | 0 
2021-09-27 09:59:48,408 - INFO - load | 2 | (0.9, 0.1) | 0 | 0 | set() | 0| 0.0 | 0 
2021-09-27 09:59:48,444 - INFO - load | 2 | (0.9, 0.15000000000000002) | 0 | 0 | set() | 0| 0.0 | 0 
2021-09-27 09:59:48,479 - INFO - load | 2 | (0.9, 0.2) | 0 | 0 | set() | 0| 0.0 | 0 
2021-09-27 09:59:48,513 - INFO - load | 2 | (0.9, 0.25) | 0 | 0 | set() | 0| 0.0 | 0 
2021-09-27 09:59:48,554 - INFO - load | 2 | (0.9, 0.30000000000000004) | 0 | 2 | {40, 20} | 0| 0.0 | 0 
2021-09-27 09:59:48,590 - INFO - load | 2 | (0.9, 0.35000000000000003) | 0 | 3 | (40, 25) | 0| 0.0 | 0 
2021-09-27 09:59:48,626 - INFO - load | 2 | (0.9, 0.4) | 0 | 3 | (40, 25) | 0| 0.0 | 0 
2021-09-27 09:59:48,663 - INFO - load | 2 | (0.9, 0.45) | 0 | 5 | (50, 62) | 0| 0.0 | 0 
2021-09-27 09:59:48,700 - INFO - load | 2 | (0.9, 0.5) | 0 | 5 | (50, 62) | 0| 0.0 | 0 
2021-09-27 09:59:48,746 - INFO - load | 2 | (0.9, 0.55) | 0 | 6 | (50, 62) | 0| 0.0 | 0 
2021-09-27 09:59:48,789 - INFO - load | 2 | (0.9, 0.6000000000000001) | 0 | 9 | (480, 335) | 0| 0.0 | 0 
2021-09-27 09:59:48,961 - INFO - compute | 2 | (0.9, 0.65) | 0 | 18 | (2535, 698) | 0| 0.0 | 0 
2021-09-27 09:59:49,008 - INFO - load | 2 | (0.9, 0.7000000000000001) | 0 | 31 | (3658, 2535) | 0| 0.0 | 0 
2021-09-27 09:59:49,181 - INFO - compute | 2 | (0.9, 0.75) | 0 | 79 | (6016, 5821) | 0| 0.0 | 0 
2021-09-27 09:59:49,222 - INFO - load | 2 | (0.9, 0.8) | 0 | 235 | (9709, 6139) | 0| 0.0 | 0 
2021-09-27 09:59:49,262 - INFO - load | 2 | (0.9, 0.8500000000000001) | 0 | 1000 | (9994, 9993) | 0| 0.0 | 0 
2021-09-27 09:59:49,303 - INFO - load | 2 | (0.9, 0.9) | 0 | 1000 | (9994, 9993) | 0| 0.0 | 0 
2021-09-27 09:59:49,344 - INFO - load | 2 | (0.9, 0.9500000000000001) | 0 | 1000 | (9994, 9993) | 0| 0.0 | 0 
2021-09-27 09:59:49,385 - INFO - load | 2 | (0.9, 1.0) | 0 | 1000 | (9994, 9993) | 0| 0.0 | 0 
2021-09-27 09:59:49,422 - INFO - load | 2 | (0.9500000000000001, 0.0) | 0 | 0 | set() | 0| 0.0 | 0 
2021-09-27 09:59:49,458 - INFO - load | 2 | (0.9500000000000001, 0.05) | 0 | 0 | set() | 0| 0.0 | 0 
2021-09-27 09:59:49,494 - INFO - load | 2 | (0.9500000000000001, 0.1) | 0 | 0 | set() | 0| 0.0 | 0 
2021-09-27 09:59:49,532 - INFO - load | 2 | (0.9500000000000001, 0.15000000000000002) | 0 | 0 | set() | 0| 0.0 | 0 
2021-09-27 09:59:49,569 - INFO - load | 2 | (0.9500000000000001, 0.2) | 0 | 0 | set() | 0| 0.0 | 0 
2021-09-27 09:59:49,606 - INFO - load | 2 | (0.9500000000000001, 0.25) | 0 | 0 | set() | 0| 0.0 | 0 
2021-09-27 09:59:49,651 - INFO - load | 2 | (0.9500000000000001, 0.30000000000000004) | 0 | 2 | {40, 20} | 0| 0.0 | 0 
2021-09-27 09:59:49,692 - INFO - load | 2 | (0.9500000000000001, 0.35000000000000003) | 0 | 3 | (40, 25) | 0| 0.0 | 0 
2021-09-27 09:59:49,853 - INFO - load | 2 | (0.9500000000000001, 0.4) | 0 | 4 | (40, 62) | 0| 0.0 | 0 
2021-09-27 09:59:49,892 - INFO - load | 2 | (0.9500000000000001, 0.45) | 0 | 5 | (50, 62) | 0| 0.0 | 0 
2021-09-27 09:59:49,930 - INFO - load | 2 | (0.9500000000000001, 0.5) | 0 | 5 | (50, 62) | 0| 0.0 | 0 
2021-09-27 09:59:50,081 - INFO - load | 2 | (0.9500000000000001, 0.55) | 0 | 8 | (480, 62) | 0| 0.0 | 0 
2021-09-27 09:59:50,246 - INFO - compute | 2 | (0.9500000000000001, 0.6000000000000001) | 0 | 13 | (480, 335) | 0| 0.0 | 0 
2021-09-27 09:59:50,414 - INFO - compute | 2 | (0.9500000000000001, 0.65) | 0 | 24 | (2535, 879) | 0| 0.0 | 0 
2021-09-27 09:59:50,591 - INFO - compute | 2 | (0.9500000000000001, 0.7000000000000001) | 0 | 65 | (5595, 3684) | 0| 0.0 | 0 
2021-09-27 09:59:50,803 - INFO - compute | 2 | (0.9500000000000001, 0.75) | 0 | 194 | (9709, 6139) | 0| 0.0 | 0 
2021-09-27 09:59:50,846 - INFO - load | 2 | (0.9500000000000001, 0.8) | 0 | 1000 | (9994, 9993) | 0| 0.0 | 0 
2021-09-27 09:59:50,885 - INFO - load | 2 | (0.9500000000000001, 0.8500000000000001) | 0 | 1000 | (9994, 9993) | 0| 0.0 | 0 
2021-09-27 09:59:50,924 - INFO - load | 2 | (0.9500000000000001, 0.9) | 0 | 1000 | (9994, 9993) | 0| 0.0 | 0 
2021-09-27 09:59:50,967 - INFO - load | 2 | (0.9500000000000001, 0.9500000000000001) | 0 | 1000 | (9994, 9993) | 0| 0.0 | 0 
2021-09-27 09:59:51,010 - INFO - load | 2 | (0.9500000000000001, 1.0) | 0 | 1000 | (9994, 9993) | 0| 0.0 | 0 
2021-09-27 09:59:51,050 - INFO - load | 2 | (1.0, 0.0) | 0 | 0 | set() | 0| 0.0 | 0 
2021-09-27 09:59:51,089 - INFO - load | 2 | (1.0, 0.05) | 0 | 0 | set() | 0| 0.0 | 0 
2021-09-27 09:59:51,126 - INFO - load | 2 | (1.0, 0.1) | 0 | 0 | set() | 0| 0.0 | 0 
2021-09-27 09:59:51,161 - INFO - load | 2 | (1.0, 0.15000000000000002) | 0 | 0 | set() | 0| 0.0 | 0 
2021-09-27 09:59:51,195 - INFO - load | 2 | (1.0, 0.2) | 0 | 0 | set() | 0| 0.0 | 0 
2021-09-27 09:59:51,355 - INFO - load | 2 | (1.0, 0.25) | 0 | 1 | {20} | 0| 0.0 | 0 
2021-09-27 09:59:51,399 - INFO - load | 2 | (1.0, 0.30000000000000004) | 0 | 2 | {40, 20} | 0| 0.0 | 0 
2021-09-27 09:59:51,439 - INFO - load | 2 | (1.0, 0.35000000000000003) | 0 | 3 | (40, 25) | 0| 0.0 | 0 
2021-09-27 09:59:51,480 - INFO - load | 2 | (1.0, 0.4) | 0 | 5 | (50, 62) | 0| 0.0 | 0 
2021-09-27 09:59:51,522 - INFO - load | 2 | (1.0, 0.45) | 0 | 5 | (50, 62) | 0| 0.0 | 0 
2021-09-27 09:59:51,573 - INFO - load | 2 | (1.0, 0.5) | 0 | 6 | (50, 62) | 0| 0.0 | 0 
2021-09-27 09:59:51,618 - INFO - load | 2 | (1.0, 0.55) | 0 | 9 | (480, 335) | 0| 0.0 | 0 
2021-09-27 09:59:51,667 - INFO - load | 2 | (1.0, 0.6000000000000001) | 0 | 20 | (2535, 698) | 0| 0.0 | 0 
2021-09-27 09:59:51,849 - INFO - compute | 2 | (1.0, 0.65) | 0 | 48 | (4113, 4042) | 0| 0.0 | 0 
2021-09-27 09:59:51,895 - INFO - load | 2 | (1.0, 0.7000000000000001) | 0 | 148 | (8450, 7589) | 0| 0.0 | 0 
2021-09-27 09:59:51,934 - INFO - load | 2 | (1.0, 0.75) | 0 | 1000 | (9994, 9993) | 0| 0.0 | 0 
2021-09-27 09:59:51,973 - INFO - load | 2 | (1.0, 0.8) | 0 | 1000 | (9994, 9993) | 0| 0.0 | 0 
2021-09-27 09:59:52,013 - INFO - load | 2 | (1.0, 0.8500000000000001) | 0 | 1000 | (9994, 9993) | 0| 0.0 | 0 
2021-09-27 09:59:52,054 - INFO - load | 2 | (1.0, 0.9) | 0 | 1000 | (9994, 9993) | 0| 0.0 | 0 
2021-09-27 09:59:52,094 - INFO - load | 2 | (1.0, 0.9500000000000001) | 0 | 1000 | (9994, 9993) | 0| 0.0 | 0 
2021-09-27 09:59:52,133 - INFO - load | 2 | (1.0, 1.0) | 0 | 1000 | (9994, 9993) | 0| 0.0 | 0 
