2021-09-27 02:38:30,116 - INFO - run algo
2021-09-27 02:38:30,395 - INFO - 9513
2021-09-27 02:38:30,403 - INFO - 10000
2021-09-27 02:38:37,115 - INFO - load:
2021-09-27 02:38:37,118 - INFO - Finish random requester set R and supplier set S 
                             percent_R=0.1, num_R=1000, len_R=1000 
                             percent_S=0.1, num_S=1000, len_S=1000
2021-09-27 02:38:46,874 - INFO - compute | 1 | (0.0, 0.0) | 1000 | 0 | set() | 0| 0.0 | 0.0 
2021-09-27 02:38:46,876 - INFO - load | 1 | (0.0, 0.1) | 1000 | 0 | set() | 0| 0.0 | 0.0 
2021-09-27 02:38:46,877 - INFO - load | 1 | (0.0, 0.2) | 1000 | 0 | set() | 0| 0.0 | 0.0 
2021-09-27 02:38:46,878 - INFO - load | 1 | (0.0, 0.30000000000000004) | 1000 | 0 | set() | 0| 0.0 | 0.0 
2021-09-27 02:38:46,879 - INFO - load | 1 | (0.0, 0.4) | 1000 | 0 | set() | 0| 0.0 | 0.0 
2021-09-27 02:38:46,880 - INFO - load | 1 | (0.0, 0.5) | 1000 | 0 | set() | 0| 0.0 | 0.0 
2021-09-27 02:38:46,881 - INFO - load | 1 | (0.0, 0.6000000000000001) | 1000 | 0 | set() | 0| 0.0 | 0.0 
2021-09-27 02:38:46,882 - INFO - load | 1 | (0.0, 0.7000000000000001) | 1000 | 0 | set() | 0| 0.0 | 0.0 
2021-09-27 02:38:46,883 - INFO - load | 1 | (0.0, 0.8) | 1000 | 0 | set() | 0| 0.0 | 0.0 
2021-09-27 02:38:46,884 - INFO - load | 1 | (0.0, 0.9) | 1000 | 0 | set() | 0| 0.0 | 0.0 
2021-09-27 02:38:46,885 - INFO - load | 1 | (0.0, 1.0) | 1000 | 0 | set() | 0| 0.0 | 0.0 
2021-09-27 02:38:46,886 - INFO - load | 1 | (0.1, 0.0) | 1000 | 0 | set() | 0| 0.0 | 0.0 
2021-09-27 02:38:46,887 - INFO - load | 1 | (0.1, 0.1) | 1000 | 0 | set() | 0| 0.0 | 0.0 
2021-09-27 02:38:46,888 - INFO - load | 1 | (0.1, 0.2) | 1000 | 0 | set() | 0| 0.0 | 0.0 
2021-09-27 02:38:46,889 - INFO - load | 1 | (0.1, 0.30000000000000004) | 1000 | 0 | set() | 0| 0.0 | 0.0 
2021-09-27 02:38:46,890 - INFO - load | 1 | (0.1, 0.4) | 1000 | 0 | set() | 0| 0.0 | 0.0 
2021-09-27 02:38:46,891 - INFO - load | 1 | (0.1, 0.5) | 1000 | 0 | set() | 0| 0.0 | 0.0 
2021-09-27 02:38:46,892 - INFO - load | 1 | (0.1, 0.6000000000000001) | 1000 | 0 | set() | 0| 0.0 | 0.0 
2021-09-27 02:38:46,893 - INFO - load | 1 | (0.1, 0.7000000000000001) | 1000 | 0 | set() | 0| 0.0 | 0.0 
2021-09-27 02:38:46,894 - INFO - load | 1 | (0.1, 0.8) | 1000 | 0 | set() | 0| 0.0 | 0.0 
2021-09-27 02:38:46,895 - INFO - load | 1 | (0.1, 0.9) | 1000 | 0 | set() | 0| 0.0 | 0.0 
2021-09-27 02:38:46,896 - INFO - load | 1 | (0.1, 1.0) | 1000 | 0 | set() | 0| 0.0 | 0.0 
2021-09-27 02:38:46,898 - INFO - load | 1 | (0.2, 0.0) | 1000 | 0 | set() | 0| 0.0 | 0.0 
2021-09-27 02:38:46,899 - INFO - load | 1 | (0.2, 0.1) | 1000 | 0 | set() | 0| 0.0 | 0.0 
2021-09-27 02:38:46,900 - INFO - load | 1 | (0.2, 0.2) | 1000 | 0 | set() | 0| 0.0 | 0.0 
2021-09-27 02:38:46,901 - INFO - load | 1 | (0.2, 0.30000000000000004) | 1000 | 0 | set() | 0| 0.0 | 0.0 
2021-09-27 02:38:46,902 - INFO - load | 1 | (0.2, 0.4) | 1000 | 0 | set() | 0| 0.0 | 0.0 
2021-09-27 02:38:46,903 - INFO - load | 1 | (0.2, 0.5) | 1000 | 0 | set() | 0| 0.0 | 0.0 
2021-09-27 02:38:46,904 - INFO - load | 1 | (0.2, 0.6000000000000001) | 1000 | 0 | set() | 0| 0.0 | 0.0 
2021-09-27 02:38:46,905 - INFO - load | 1 | (0.2, 0.7000000000000001) | 1000 | 0 | set() | 0| 0.0 | 0.0 
2021-09-27 02:38:46,906 - INFO - load | 1 | (0.2, 0.8) | 1000 | 0 | set() | 0| 0.0 | 0.0 
2021-09-27 02:38:46,907 - INFO - load | 1 | (0.2, 0.9) | 1000 | 0 | set() | 0| 0.0 | 0.0 
2021-09-27 02:38:46,908 - INFO - load | 1 | (0.2, 1.0) | 1000 | 0 | set() | 0| 0.0 | 0.0 
2021-09-27 02:38:47,063 - INFO - compute | 1 | (0.30000000000000004, 0.0) | 136 | 0 | set() | 0| 0.0 | 0.0 
2021-09-27 02:38:47,081 - INFO - load | 1 | (0.30000000000000004, 0.1) | 136 | 0 | set() | 0| 0.0 | 0.0 
2021-09-27 02:38:47,098 - INFO - load | 1 | (0.30000000000000004, 0.2) | 136 | 0 | set() | 0| 0.0 | 0.0 
2021-09-27 02:38:47,114 - INFO - load | 1 | (0.30000000000000004, 0.30000000000000004) | 136 | 0 | set() | 0| 0.0 | 0.0 
2021-09-27 02:38:47,131 - INFO - load | 1 | (0.30000000000000004, 0.4) | 136 | 0 | set() | 0| 0.0 | 0.0 
2021-09-27 02:38:47,147 - INFO - load | 1 | (0.30000000000000004, 0.5) | 136 | 0 | set() | 0| 0.0 | 0.0 
2021-09-27 02:38:47,164 - INFO - load | 1 | (0.30000000000000004, 0.6000000000000001) | 136 | 0 | set() | 0| 0.0 | 0.0 
2021-09-27 02:38:47,180 - INFO - load | 1 | (0.30000000000000004, 0.7000000000000001) | 136 | 0 | set() | 0| 0.0 | 0.0 
2021-09-27 02:38:47,197 - INFO - load | 1 | (0.30000000000000004, 0.8) | 136 | 0 | set() | 0| 0.0 | 0.0 
2021-09-27 02:38:47,623 - INFO - compute | 1 | (0.30000000000000004, 0.9) | 136 | 2 | (20,) | 9442| 283.2599999999997 | 3209.1727566465097 
2021-09-27 02:38:47,642 - INFO - load | 1 | (0.30000000000000004, 1.0) | 136 | 2 | (20,) | 9442| 0.0 | 3209.1727566465097 
2021-09-27 02:38:47,682 - INFO - compute | 1 | (0.4, 0.0) | 19 | 0 | set() | 0| 0.0 | 0.0 
2021-09-27 02:38:47,703 - INFO - load | 1 | (0.4, 0.1) | 19 | 0 | set() | 0| 0.0 | 0.0 
2021-09-27 02:38:47,723 - INFO - load | 1 | (0.4, 0.2) | 19 | 0 | set() | 0| 0.0 | 0.0 
2021-09-27 02:38:47,744 - INFO - load | 1 | (0.4, 0.30000000000000004) | 19 | 0 | set() | 0| 0.0 | 0.0 
2021-09-27 02:38:47,765 - INFO - load | 1 | (0.4, 0.4) | 19 | 0 | set() | 0| 0.0 | 0.0 
2021-09-27 02:38:47,785 - INFO - load | 1 | (0.4, 0.5) | 19 | 0 | set() | 0| 0.0 | 0.0 
2021-09-27 02:38:47,806 - INFO - load | 1 | (0.4, 0.6000000000000001) | 19 | 0 | set() | 0| 0.0 | 0.0 
2021-09-27 02:38:47,886 - INFO - compute | 1 | (0.4, 0.7000000000000001) | 19 | 2 | (20,) | 932| 111.83999999999999 | 416.0358810068182 
2021-09-27 02:38:47,987 - INFO - compute | 1 | (0.4, 0.8) | 19 | 3 | (20,) | 932| 74.55999999999996 | 416.0358810068182 
2021-09-27 02:38:48,011 - INFO - load | 1 | (0.4, 0.9) | 19 | 3 | (20,) | 932| 37.27999999999998 | 416.0358810068182 
2021-09-27 02:38:48,149 - INFO - compute | 1 | (0.4, 1.0) | 19 | 5 | (20,) | 932| 0.0 | 416.0358810068182 
2021-09-27 02:38:48,177 - INFO - compute | 1 | (0.5, 0.0) | 4 | 0 | set() | 0| 0.0 | 0.0 
2021-09-27 02:38:48,202 - INFO - load | 1 | (0.5, 0.1) | 4 | 0 | set() | 0| 0.0 | 0.0 
2021-09-27 02:38:48,226 - INFO - load | 1 | (0.5, 0.2) | 4 | 0 | set() | 0| 0.0 | 0.0 
2021-09-27 02:38:48,251 - INFO - load | 1 | (0.5, 0.30000000000000004) | 4 | 0 | set() | 0| 0.0 | 0.0 
2021-09-27 02:38:48,277 - INFO - load | 1 | (0.5, 0.4) | 4 | 0 | set() | 0| 0.0 | 0.0 
2021-09-27 02:38:48,310 - INFO - compute | 1 | (0.5, 0.5) | 4 | 1 | {20} | 128| 32.0 | 71.02824951023545 
2021-09-27 02:38:48,350 - INFO - compute | 1 | (0.5, 0.6000000000000001) | 4 | 2 | (20,) | 128| 25.599999999999994 | 71.02824951023545 
2021-09-27 02:38:48,392 - INFO - compute | 1 | (0.5, 0.7000000000000001) | 4 | 3 | (25,) | 149| 22.349999999999994 | 91.63999697242659 
2021-09-27 02:38:48,443 - INFO - compute | 1 | (0.5, 0.8) | 4 | 5 | (25,) | 149| 14.899999999999997 | 91.63999697242659 
2021-09-27 02:38:48,470 - INFO - load | 1 | (0.5, 0.9) | 4 | 5 | (25,) | 149| 7.449999999999998 | 91.63999697242659 
2021-09-27 02:38:48,526 - INFO - compute | 1 | (0.5, 1.0) | 4 | 6 | (25,) | 149| 0.0 | 91.63999697242659 
2021-09-27 02:38:48,556 - INFO - compute | 1 | (0.6000000000000001, 0.0) | 1 | 0 | set() | 0| 0.0 | 0.0 
2021-09-27 02:38:48,583 - INFO - load | 1 | (0.6000000000000001, 0.1) | 1 | 0 | set() | 0| 0.0 | 0.0 
2021-09-27 02:38:48,611 - INFO - load | 1 | (0.6000000000000001, 0.2) | 1 | 0 | set() | 0| 0.0 | 0.0 
2021-09-27 02:38:48,640 - INFO - load | 1 | (0.6000000000000001, 0.30000000000000004) | 1 | 0 | set() | 0| 0.0 | 0.0 
2021-09-27 02:38:48,667 - INFO - load | 1 | (0.6000000000000001, 0.4) | 1 | 0 | set() | 0| 0.0 | 0.0 
2021-09-27 02:38:48,701 - INFO - compute | 1 | (0.6000000000000001, 0.5) | 1 | 2 | (40,) | 13| 3.9000000000000004 | 9.960171044260534 
2021-09-27 02:38:48,735 - INFO - compute | 1 | (0.6000000000000001, 0.6000000000000001) | 1 | 3 | (25,) | 49| 11.76 | 37.54218316682816 
2021-09-27 02:38:48,771 - INFO - compute | 1 | (0.6000000000000001, 0.7000000000000001) | 1 | 5 | (25,) | 49| 8.82 | 37.54218316682816 
2021-09-27 02:38:48,802 - INFO - load | 1 | (0.6000000000000001, 0.8) | 1 | 5 | (25,) | 49| 5.88 | 37.54218316682816 
2021-09-27 02:38:48,843 - INFO - compute | 1 | (0.6000000000000001, 0.9) | 1 | 9 | (25,) | 49| 2.9399999999999973 | 37.54218316682816 
2021-09-27 02:38:48,898 - INFO - compute | 1 | (0.6000000000000001, 1.0) | 1 | 20 | (25,) | 49| 0.0 | 37.54218316682816 
2021-09-27 02:38:48,928 - INFO - load | 1 | (0.7000000000000001, 0.0) | 1 | 0 | set() | 0| 0.0 | 0.0 
2021-09-27 02:38:48,957 - INFO - load | 1 | (0.7000000000000001, 0.1) | 1 | 0 | set() | 0| 0.0 | 0.0 
2021-09-27 02:38:48,984 - INFO - load | 1 | (0.7000000000000001, 0.2) | 1 | 0 | set() | 0| 0.0 | 0.0 
2021-09-27 02:38:49,014 - INFO - load | 1 | (0.7000000000000001, 0.30000000000000004) | 1 | 0 | set() | 0| 0.0 | 0.0 
2021-09-27 02:38:49,044 - INFO - load | 1 | (0.7000000000000001, 0.4) | 1 | 2 | (40,) | 13| 5.460000000000001 | 9.960171044260534 
2021-09-27 02:38:49,075 - INFO - load | 1 | (0.7000000000000001, 0.5) | 1 | 3 | (25,) | 49| 17.150000000000002 | 37.54218316682816 
2021-09-27 02:38:49,105 - INFO - load | 1 | (0.7000000000000001, 0.6000000000000001) | 1 | 5 | (25,) | 49| 13.719999999999999 | 37.54218316682816 
2021-09-27 02:38:49,149 - INFO - compute | 1 | (0.7000000000000001, 0.7000000000000001) | 1 | 6 | (25,) | 49| 10.29 | 37.54218316682816 
2021-09-27 02:38:49,197 - INFO - compute | 1 | (0.7000000000000001, 0.8) | 1 | 12 | (25,) | 49| 6.86 | 37.54218316682816 
2021-09-27 02:38:49,267 - INFO - compute | 1 | (0.7000000000000001, 0.9) | 1 | 31 | (37,) | 52| 3.6399999999999975 | 39.840684177042135 
2021-09-27 02:38:49,458 - INFO - compute | 1 | (0.7000000000000001, 1.0) | 1 | 148 | (37,) | 52| 0.0 | 39.840684177042135 
2021-09-27 02:38:49,496 - INFO - compute | 1 | (0.8, 0.0) | 0 | 0 | set() | 0| 0.0 | 0 
2021-09-27 02:38:49,531 - INFO - load | 1 | (0.8, 0.1) | 0 | 0 | set() | 0| 0.0 | 0 
2021-09-27 02:38:49,570 - INFO - load | 1 | (0.8, 0.2) | 0 | 0 | set() | 0| 0.0 | 0 
2021-09-27 02:38:49,605 - INFO - load | 1 | (0.8, 0.30000000000000004) | 0 | 0 | set() | 0| 0.0 | 0 
2021-09-27 02:38:49,643 - INFO - compute | 1 | (0.8, 0.4) | 0 | 3 | (40,) | 0| 0.0 | 0 
2021-09-27 02:38:49,679 - INFO - compute | 1 | (0.8, 0.5) | 0 | 5 | (62,) | 0| 0.0 | 0 
2021-09-27 02:38:49,719 - INFO - load | 1 | (0.8, 0.6000000000000001) | 0 | 5 | (62,) | 0| 0.0 | 0 
2021-09-27 02:38:49,756 - INFO - compute | 1 | (0.8, 0.7000000000000001) | 0 | 12 | (480,) | 0| 0.0 | 0 
2021-09-27 02:38:49,795 - INFO - compute | 1 | (0.8, 0.8) | 0 | 37 | (3658,) | 0| 0.0 | 0 
2021-09-27 02:38:49,834 - INFO - compute | 1 | (0.8, 0.9) | 0 | 235 | (9709,) | 0| 0.0 | 0 
2021-09-27 02:38:49,875 - INFO - compute | 1 | (0.8, 1.0) | 0 | 1000 | (9994,) | 0| 0.0 | 0 
2021-09-27 02:38:49,911 - INFO - load | 1 | (0.9, 0.0) | 0 | 0 | set() | 0| 0.0 | 0 
2021-09-27 02:38:49,948 - INFO - load | 1 | (0.9, 0.1) | 0 | 0 | set() | 0| 0.0 | 0 
2021-09-27 02:38:49,985 - INFO - load | 1 | (0.9, 0.2) | 0 | 0 | set() | 0| 0.0 | 0 
2021-09-27 02:38:50,028 - INFO - compute | 1 | (0.9, 0.30000000000000004) | 0 | 2 | (40,) | 0| 0.0 | 0 
2021-09-27 02:38:50,065 - INFO - load | 1 | (0.9, 0.4) | 0 | 3 | (40,) | 0| 0.0 | 0 
2021-09-27 02:38:50,105 - INFO - load | 1 | (0.9, 0.5) | 0 | 5 | (62,) | 0| 0.0 | 0 
2021-09-27 02:38:50,146 - INFO - compute | 1 | (0.9, 0.6000000000000001) | 0 | 9 | (480,) | 0| 0.0 | 0 
2021-09-27 02:38:50,191 - INFO - compute | 1 | (0.9, 0.7000000000000001) | 0 | 31 | (3658,) | 0| 0.0 | 0 
2021-09-27 02:38:50,230 - INFO - load | 1 | (0.9, 0.8) | 0 | 235 | (9709,) | 0| 0.0 | 0 
2021-09-27 02:38:50,271 - INFO - load | 1 | (0.9, 0.9) | 0 | 1000 | (9994,) | 0| 0.0 | 0 
2021-09-27 02:38:50,311 - INFO - load | 1 | (0.9, 1.0) | 0 | 1000 | (9994,) | 0| 0.0 | 0 
2021-09-27 02:38:50,348 - INFO - load | 1 | (1.0, 0.0) | 0 | 0 | set() | 0| 0.0 | 0 
2021-09-27 02:38:50,384 - INFO - load | 1 | (1.0, 0.1) | 0 | 0 | set() | 0| 0.0 | 0 
2021-09-27 02:38:50,420 - INFO - load | 1 | (1.0, 0.2) | 0 | 0 | set() | 0| 0.0 | 0 
2021-09-27 02:38:50,461 - INFO - load | 1 | (1.0, 0.30000000000000004) | 0 | 2 | (40,) | 0| 0.0 | 0 
2021-09-27 02:38:50,499 - INFO - load | 1 | (1.0, 0.4) | 0 | 5 | (62,) | 0| 0.0 | 0 
2021-09-27 02:38:50,545 - INFO - compute | 1 | (1.0, 0.5) | 0 | 6 | (62,) | 0| 0.0 | 0 
2021-09-27 02:38:50,591 - INFO - compute | 1 | (1.0, 0.6000000000000001) | 0 | 20 | (2535,) | 0| 0.0 | 0 
2021-09-27 02:38:50,638 - INFO - compute | 1 | (1.0, 0.7000000000000001) | 0 | 148 | (8450,) | 0| 0.0 | 0 
2021-09-27 02:38:50,678 - INFO - load | 1 | (1.0, 0.8) | 0 | 1000 | (9994,) | 0| 0.0 | 0 
2021-09-27 02:38:50,718 - INFO - load | 1 | (1.0, 0.9) | 0 | 1000 | (9994,) | 0| 0.0 | 0 
2021-09-27 02:38:50,758 - INFO - load | 1 | (1.0, 1.0) | 0 | 1000 | (9994,) | 0| 0.0 | 0 
2021-09-27 02:38:51,629 - INFO - compute | 2 | (0.0, 0.0) | 1000 | 0 | set() | 0| 0.0 | 0.0 
2021-09-27 02:38:51,630 - INFO - load | 2 | (0.0, 0.1) | 1000 | 0 | set() | 0| 0.0 | 0.0 
2021-09-27 02:38:51,631 - INFO - load | 2 | (0.0, 0.2) | 1000 | 0 | set() | 0| 0.0 | 0.0 
2021-09-27 02:38:51,632 - INFO - load | 2 | (0.0, 0.30000000000000004) | 1000 | 0 | set() | 0| 0.0 | 0.0 
2021-09-27 02:38:51,633 - INFO - load | 2 | (0.0, 0.4) | 1000 | 0 | set() | 0| 0.0 | 0.0 
2021-09-27 02:38:51,634 - INFO - load | 2 | (0.0, 0.5) | 1000 | 0 | set() | 0| 0.0 | 0.0 
2021-09-27 02:38:51,635 - INFO - load | 2 | (0.0, 0.6000000000000001) | 1000 | 0 | set() | 0| 0.0 | 0.0 
2021-09-27 02:38:51,636 - INFO - load | 2 | (0.0, 0.7000000000000001) | 1000 | 0 | set() | 0| 0.0 | 0.0 
2021-09-27 02:38:51,637 - INFO - load | 2 | (0.0, 0.8) | 1000 | 0 | set() | 0| 0.0 | 0.0 
2021-09-27 02:38:51,638 - INFO - load | 2 | (0.0, 0.9) | 1000 | 0 | set() | 0| 0.0 | 0.0 
2021-09-27 02:38:51,639 - INFO - load | 2 | (0.0, 1.0) | 1000 | 0 | set() | 0| 0.0 | 0.0 
2021-09-27 02:38:51,640 - INFO - load | 2 | (0.1, 0.0) | 1000 | 0 | set() | 0| 0.0 | 0.0 
2021-09-27 02:38:51,641 - INFO - load | 2 | (0.1, 0.1) | 1000 | 0 | set() | 0| 0.0 | 0.0 
2021-09-27 02:38:51,642 - INFO - load | 2 | (0.1, 0.2) | 1000 | 0 | set() | 0| 0.0 | 0.0 
2021-09-27 02:38:51,643 - INFO - load | 2 | (0.1, 0.30000000000000004) | 1000 | 0 | set() | 0| 0.0 | 0.0 
2021-09-27 02:38:51,644 - INFO - load | 2 | (0.1, 0.4) | 1000 | 0 | set() | 0| 0.0 | 0.0 
2021-09-27 02:38:51,645 - INFO - load | 2 | (0.1, 0.5) | 1000 | 0 | set() | 0| 0.0 | 0.0 
2021-09-27 02:38:51,646 - INFO - load | 2 | (0.1, 0.6000000000000001) | 1000 | 0 | set() | 0| 0.0 | 0.0 
2021-09-27 02:38:51,647 - INFO - load | 2 | (0.1, 0.7000000000000001) | 1000 | 0 | set() | 0| 0.0 | 0.0 
2021-09-27 02:38:51,648 - INFO - load | 2 | (0.1, 0.8) | 1000 | 0 | set() | 0| 0.0 | 0.0 
2021-09-27 02:38:51,649 - INFO - load | 2 | (0.1, 0.9) | 1000 | 0 | set() | 0| 0.0 | 0.0 
2021-09-27 02:38:51,650 - INFO - load | 2 | (0.1, 1.0) | 1000 | 0 | set() | 0| 0.0 | 0.0 
2021-09-27 02:38:51,651 - INFO - load | 2 | (0.2, 0.0) | 1000 | 0 | set() | 0| 0.0 | 0.0 
2021-09-27 02:38:51,652 - INFO - load | 2 | (0.2, 0.1) | 1000 | 0 | set() | 0| 0.0 | 0.0 
2021-09-27 02:38:51,653 - INFO - load | 2 | (0.2, 0.2) | 1000 | 0 | set() | 0| 0.0 | 0.0 
2021-09-27 02:38:51,655 - INFO - load | 2 | (0.2, 0.30000000000000004) | 1000 | 0 | set() | 0| 0.0 | 0.0 
2021-09-27 02:38:51,656 - INFO - load | 2 | (0.2, 0.4) | 1000 | 0 | set() | 0| 0.0 | 0.0 
2021-09-27 02:38:51,657 - INFO - load | 2 | (0.2, 0.5) | 1000 | 0 | set() | 0| 0.0 | 0.0 
2021-09-27 02:38:51,658 - INFO - load | 2 | (0.2, 0.6000000000000001) | 1000 | 0 | set() | 0| 0.0 | 0.0 
2021-09-27 02:38:51,659 - INFO - load | 2 | (0.2, 0.7000000000000001) | 1000 | 0 | set() | 0| 0.0 | 0.0 
2021-09-27 02:38:51,660 - INFO - load | 2 | (0.2, 0.8) | 1000 | 0 | set() | 0| 0.0 | 0.0 
2021-09-27 02:38:51,661 - INFO - load | 2 | (0.2, 0.9) | 1000 | 0 | set() | 0| 0.0 | 0.0 
2021-09-27 02:38:51,662 - INFO - load | 2 | (0.2, 1.0) | 1000 | 0 | set() | 0| 0.0 | 0.0 
2021-09-27 02:38:51,813 - INFO - compute | 2 | (0.30000000000000004, 0.0) | 136 | 0 | set() | 0| 0.0 | 0.0 
2021-09-27 02:38:51,829 - INFO - load | 2 | (0.30000000000000004, 0.1) | 136 | 0 | set() | 0| 0.0 | 0.0 
2021-09-27 02:38:51,845 - INFO - load | 2 | (0.30000000000000004, 0.2) | 136 | 0 | set() | 0| 0.0 | 0.0 
2021-09-27 02:38:51,861 - INFO - load | 2 | (0.30000000000000004, 0.30000000000000004) | 136 | 0 | set() | 0| 0.0 | 0.0 
2021-09-27 02:38:51,878 - INFO - load | 2 | (0.30000000000000004, 0.4) | 136 | 0 | set() | 0| 0.0 | 0.0 
2021-09-27 02:38:51,895 - INFO - load | 2 | (0.30000000000000004, 0.5) | 136 | 0 | set() | 0| 0.0 | 0.0 
2021-09-27 02:38:51,911 - INFO - load | 2 | (0.30000000000000004, 0.6000000000000001) | 136 | 0 | set() | 0| 0.0 | 0.0 
2021-09-27 02:38:51,928 - INFO - load | 2 | (0.30000000000000004, 0.7000000000000001) | 136 | 0 | set() | 0| 0.0 | 0.0 
2021-09-27 02:38:51,945 - INFO - load | 2 | (0.30000000000000004, 0.8) | 136 | 0 | set() | 0| 0.0 | 0.0 
2021-09-27 02:38:52,379 - INFO - compute | 2 | (0.30000000000000004, 0.9) | 136 | 2 | {40, 20} | 15573| 467.18999999999954 | 5302.644731135798 
2021-09-27 02:38:52,398 - INFO - load | 2 | (0.30000000000000004, 1.0) | 136 | 2 | {40, 20} | 15573| 0.0 | 5302.644731135798 
2021-09-27 02:38:52,438 - INFO - compute | 2 | (0.4, 0.0) | 19 | 0 | set() | 0| 0.0 | 0.0 
2021-09-27 02:38:52,459 - INFO - load | 2 | (0.4, 0.1) | 19 | 0 | set() | 0| 0.0 | 0.0 
2021-09-27 02:38:52,480 - INFO - load | 2 | (0.4, 0.2) | 19 | 0 | set() | 0| 0.0 | 0.0 
2021-09-27 02:38:52,500 - INFO - load | 2 | (0.4, 0.30000000000000004) | 19 | 0 | set() | 0| 0.0 | 0.0 
2021-09-27 02:38:52,520 - INFO - load | 2 | (0.4, 0.4) | 19 | 0 | set() | 0| 0.0 | 0.0 
2021-09-27 02:38:52,541 - INFO - load | 2 | (0.4, 0.5) | 19 | 0 | set() | 0| 0.0 | 0.0 
2021-09-27 02:38:52,562 - INFO - load | 2 | (0.4, 0.6000000000000001) | 19 | 0 | set() | 0| 0.0 | 0.0 
2021-09-27 02:38:52,644 - INFO - compute | 2 | (0.4, 0.7000000000000001) | 19 | 2 | {40, 20} | 1513| 181.56 | 680.4263201822545 
2021-09-27 02:38:52,780 - INFO - compute | 2 | (0.4, 0.8) | 19 | 3 | (25, 20) | 1825| 145.99999999999991 | 829.4337919470638 
2021-09-27 02:38:52,804 - INFO - load | 2 | (0.4, 0.9) | 19 | 3 | (25, 20) | 1825| 72.99999999999996 | 829.4337919470638 
2021-09-27 02:38:53,135 - INFO - compute | 2 | (0.4, 1.0) | 19 | 5 | (20, 25) | 1825| 0.0 | 829.4337919470638 
2021-09-27 02:38:53,163 - INFO - compute | 2 | (0.5, 0.0) | 4 | 0 | set() | 0| 0.0 | 0.0 
2021-09-27 02:38:53,188 - INFO - load | 2 | (0.5, 0.1) | 4 | 0 | set() | 0| 0.0 | 0.0 
2021-09-27 02:38:53,213 - INFO - load | 2 | (0.5, 0.2) | 4 | 0 | set() | 0| 0.0 | 0.0 
2021-09-27 02:38:53,236 - INFO - load | 2 | (0.5, 0.30000000000000004) | 4 | 0 | set() | 0| 0.0 | 0.0 
2021-09-27 02:38:53,261 - INFO - load | 2 | (0.5, 0.4) | 4 | 0 | set() | 0| 0.0 | 0.0 
2021-09-27 02:38:53,296 - INFO - compute | 2 | (0.5, 0.5) | 4 | 1 | {20} | 128| 32.0 | 71.02824951023545 
2021-09-27 02:38:53,336 - INFO - compute | 2 | (0.5, 0.6000000000000001) | 4 | 2 | {40, 20} | 202| 40.39999999999999 | 116.47745378347804 
2021-09-27 02:38:53,388 - INFO - compute | 2 | (0.5, 0.7000000000000001) | 4 | 3 | (25, 20) | 275| 41.24999999999999 | 161.64547763039195 
2021-09-27 02:38:53,483 - INFO - compute | 2 | (0.5, 0.8) | 4 | 5 | (20, 25) | 275| 27.499999999999993 | 161.64547763039195 
2021-09-27 02:38:53,511 - INFO - load | 2 | (0.5, 0.9) | 4 | 5 | (20, 25) | 275| 13.749999999999996 | 161.64547763039195 
2021-09-27 02:38:53,635 - INFO - compute | 2 | (0.5, 1.0) | 4 | 6 | (42, 25) | 279| 0.0 | 169.90737176624134 
2021-09-27 02:38:53,664 - INFO - compute | 2 | (0.6000000000000001, 0.0) | 1 | 0 | set() | 0| 0.0 | 0.0 
2021-09-27 02:38:53,693 - INFO - load | 2 | (0.6000000000000001, 0.1) | 1 | 0 | set() | 0| 0.0 | 0.0 
2021-09-27 02:38:53,722 - INFO - load | 2 | (0.6000000000000001, 0.2) | 1 | 0 | set() | 0| 0.0 | 0.0 
2021-09-27 02:38:53,750 - INFO - load | 2 | (0.6000000000000001, 0.30000000000000004) | 1 | 0 | set() | 0| 0.0 | 0.0 
2021-09-27 02:38:53,779 - INFO - load | 2 | (0.6000000000000001, 0.4) | 1 | 0 | set() | 0| 0.0 | 0.0 
2021-09-27 02:38:53,814 - INFO - compute | 2 | (0.6000000000000001, 0.5) | 1 | 2 | {40, 20} | 13| 3.9000000000000004 | 9.960171044260534 
2021-09-27 02:38:53,850 - INFO - compute | 2 | (0.6000000000000001, 0.6000000000000001) | 1 | 3 | (40, 25) | 62| 14.879999999999999 | 47.502354211088694 
2021-09-27 02:38:53,899 - INFO - compute | 2 | (0.6000000000000001, 0.7000000000000001) | 1 | 5 | (50, 25) | 65| 11.7 | 49.80085522130266 
2021-09-27 02:38:53,931 - INFO - load | 2 | (0.6000000000000001, 0.8) | 1 | 5 | (50, 25) | 65| 7.8 | 49.80085522130266 
2021-09-27 02:38:54,018 - INFO - compute | 2 | (0.6000000000000001, 0.9) | 1 | 9 | (42, 25) | 79| 4.739999999999996 | 60.52719326896786 
2021-09-27 02:38:54,333 - INFO - compute | 2 | (0.6000000000000001, 1.0) | 1 | 20 | (39, 25) | 85| 0.0 | 65.12419528939579 
2021-09-27 02:38:54,362 - INFO - load | 2 | (0.7000000000000001, 0.0) | 1 | 0 | set() | 0| 0.0 | 0.0 
2021-09-27 02:38:54,391 - INFO - load | 2 | (0.7000000000000001, 0.1) | 1 | 0 | set() | 0| 0.0 | 0.0 
2021-09-27 02:38:54,419 - INFO - load | 2 | (0.7000000000000001, 0.2) | 1 | 0 | set() | 0| 0.0 | 0.0 
2021-09-27 02:38:54,448 - INFO - load | 2 | (0.7000000000000001, 0.30000000000000004) | 1 | 0 | set() | 0| 0.0 | 0.0 
2021-09-27 02:38:54,480 - INFO - load | 2 | (0.7000000000000001, 0.4) | 1 | 2 | {40, 20} | 13| 5.460000000000001 | 9.960171044260534 
2021-09-27 02:38:54,509 - INFO - load | 2 | (0.7000000000000001, 0.5) | 1 | 3 | (40, 25) | 62| 21.700000000000003 | 47.502354211088694 
2021-09-27 02:38:54,543 - INFO - load | 2 | (0.7000000000000001, 0.6000000000000001) | 1 | 5 | (50, 25) | 65| 18.2 | 49.80085522130266 
2021-09-27 02:38:54,601 - INFO - compute | 2 | (0.7000000000000001, 0.7000000000000001) | 1 | 6 | (42, 25) | 79| 16.589999999999996 | 60.52719326896786 
2021-09-27 02:38:54,738 - INFO - compute | 2 | (0.7000000000000001, 0.8) | 1 | 12 | (42, 25) | 79| 11.06 | 60.52719326896786 
2021-09-27 02:38:55,474 - INFO - compute | 2 | (0.7000000000000001, 0.9) | 1 | 31 | (25, 37) | 101| 7.069999999999995 | 77.38286734387029 
2021-09-27 02:39:11,792 - INFO - compute | 2 | (0.7000000000000001, 1.0) | 1 | 148 | (25, 37) | 101| 0.0 | 77.38286734387029 
2021-09-27 02:39:11,830 - INFO - compute | 2 | (0.8, 0.0) | 0 | 0 | set() | 0| 0.0 | 0 
2021-09-27 02:39:11,866 - INFO - load | 2 | (0.8, 0.1) | 0 | 0 | set() | 0| 0.0 | 0 
2021-09-27 02:39:11,903 - INFO - load | 2 | (0.8, 0.2) | 0 | 0 | set() | 0| 0.0 | 0 
2021-09-27 02:39:11,940 - INFO - load | 2 | (0.8, 0.30000000000000004) | 0 | 0 | set() | 0| 0.0 | 0 
2021-09-27 02:39:11,977 - INFO - compute | 2 | (0.8, 0.4) | 0 | 3 | (40, 25) | 0| 0.0 | 0 
2021-09-27 02:39:12,015 - INFO - compute | 2 | (0.8, 0.5) | 0 | 5 | (50, 62) | 0| 0.0 | 0 
2021-09-27 02:39:12,053 - INFO - load | 2 | (0.8, 0.6000000000000001) | 0 | 5 | (50, 62) | 0| 0.0 | 0 
2021-09-27 02:39:12,093 - INFO - compute | 2 | (0.8, 0.7000000000000001) | 0 | 12 | (480, 335) | 0| 0.0 | 0 
2021-09-27 02:39:12,132 - INFO - compute | 2 | (0.8, 0.8) | 0 | 37 | (3658, 2535) | 0| 0.0 | 0 
2021-09-27 02:39:12,210 - INFO - compute | 2 | (0.8, 0.9) | 0 | 235 | (9709, 6139) | 0| 0.0 | 0 
2021-09-27 02:39:13,013 - INFO - compute | 2 | (0.8, 1.0) | 0 | 1000 | (9994, 9993) | 0| 0.0 | 0 
2021-09-27 02:39:13,049 - INFO - load | 2 | (0.9, 0.0) | 0 | 0 | set() | 0| 0.0 | 0 
2021-09-27 02:39:13,086 - INFO - load | 2 | (0.9, 0.1) | 0 | 0 | set() | 0| 0.0 | 0 
2021-09-27 02:39:13,122 - INFO - load | 2 | (0.9, 0.2) | 0 | 0 | set() | 0| 0.0 | 0 
2021-09-27 02:39:13,162 - INFO - compute | 2 | (0.9, 0.30000000000000004) | 0 | 2 | {40, 20} | 0| 0.0 | 0 
2021-09-27 02:39:13,200 - INFO - load | 2 | (0.9, 0.4) | 0 | 3 | (40, 25) | 0| 0.0 | 0 
2021-09-27 02:39:13,237 - INFO - load | 2 | (0.9, 0.5) | 0 | 5 | (50, 62) | 0| 0.0 | 0 
2021-09-27 02:39:13,280 - INFO - compute | 2 | (0.9, 0.6000000000000001) | 0 | 9 | (480, 335) | 0| 0.0 | 0 
2021-09-27 02:39:13,323 - INFO - compute | 2 | (0.9, 0.7000000000000001) | 0 | 31 | (3658, 2535) | 0| 0.0 | 0 
2021-09-27 02:39:13,362 - INFO - load | 2 | (0.9, 0.8) | 0 | 235 | (9709, 6139) | 0| 0.0 | 0 
2021-09-27 02:39:13,405 - INFO - load | 2 | (0.9, 0.9) | 0 | 1000 | (9994, 9993) | 0| 0.0 | 0 
2021-09-27 02:39:13,444 - INFO - load | 2 | (0.9, 1.0) | 0 | 1000 | (9994, 9993) | 0| 0.0 | 0 
2021-09-27 02:39:13,481 - INFO - load | 2 | (1.0, 0.0) | 0 | 0 | set() | 0| 0.0 | 0 
2021-09-27 02:39:13,517 - INFO - load | 2 | (1.0, 0.1) | 0 | 0 | set() | 0| 0.0 | 0 
2021-09-27 02:39:13,553 - INFO - load | 2 | (1.0, 0.2) | 0 | 0 | set() | 0| 0.0 | 0 
2021-09-27 02:39:13,594 - INFO - load | 2 | (1.0, 0.30000000000000004) | 0 | 2 | {40, 20} | 0| 0.0 | 0 
2021-09-27 02:39:13,631 - INFO - load | 2 | (1.0, 0.4) | 0 | 5 | (50, 62) | 0| 0.0 | 0 
2021-09-27 02:39:13,677 - INFO - compute | 2 | (1.0, 0.5) | 0 | 6 | (50, 62) | 0| 0.0 | 0 
2021-09-27 02:39:13,723 - INFO - compute | 2 | (1.0, 0.6000000000000001) | 0 | 20 | (2535, 698) | 0| 0.0 | 0 
2021-09-27 02:39:13,782 - INFO - compute | 2 | (1.0, 0.7000000000000001) | 0 | 148 | (8450, 7589) | 0| 0.0 | 0 
2021-09-27 02:39:13,823 - INFO - load | 2 | (1.0, 0.8) | 0 | 1000 | (9994, 9993) | 0| 0.0 | 0 
2021-09-27 02:39:13,862 - INFO - load | 2 | (1.0, 0.9) | 0 | 1000 | (9994, 9993) | 0| 0.0 | 0 
2021-09-27 02:39:13,901 - INFO - load | 2 | (1.0, 1.0) | 0 | 1000 | (9994, 9993) | 0| 0.0 | 0 
