2021-09-27 02:36:29,914 - INFO - run algo
2021-09-27 02:36:30,243 - INFO - 9513
2021-09-27 02:36:30,252 - INFO - 10000
2021-09-27 02:36:37,753 - INFO - load:
2021-09-27 02:36:37,755 - INFO - Finish random requester set R and supplier set S 
                             percent_R=0.05, num_R=500, len_R=500 
                             percent_S=0.05, num_S=500, len_S=500
2021-09-27 02:36:47,340 - INFO - compute | 1 | (0.0, 0.0) | 500 | 0 | set() | 0| 0.0 | 0.0 
2021-09-27 02:36:47,341 - INFO - load | 1 | (0.0, 0.1) | 500 | 0 | set() | 0| 0.0 | 0.0 
2021-09-27 02:36:47,342 - INFO - load | 1 | (0.0, 0.2) | 500 | 0 | set() | 0| 0.0 | 0.0 
2021-09-27 02:36:47,342 - INFO - load | 1 | (0.0, 0.30000000000000004) | 500 | 0 | set() | 0| 0.0 | 0.0 
2021-09-27 02:36:47,343 - INFO - load | 1 | (0.0, 0.4) | 500 | 0 | set() | 0| 0.0 | 0.0 
2021-09-27 02:36:47,343 - INFO - load | 1 | (0.0, 0.5) | 500 | 0 | set() | 0| 0.0 | 0.0 
2021-09-27 02:36:47,344 - INFO - load | 1 | (0.0, 0.6000000000000001) | 500 | 0 | set() | 0| 0.0 | 0.0 
2021-09-27 02:36:47,345 - INFO - load | 1 | (0.0, 0.7000000000000001) | 500 | 0 | set() | 0| 0.0 | 0.0 
2021-09-27 02:36:47,345 - INFO - load | 1 | (0.0, 0.8) | 500 | 0 | set() | 0| 0.0 | 0.0 
2021-09-27 02:36:47,346 - INFO - load | 1 | (0.0, 0.9) | 500 | 0 | set() | 0| 0.0 | 0.0 
2021-09-27 02:36:47,346 - INFO - load | 1 | (0.0, 1.0) | 500 | 0 | set() | 0| 0.0 | 0.0 
2021-09-27 02:36:47,347 - INFO - load | 1 | (0.1, 0.0) | 500 | 0 | set() | 0| 0.0 | 0.0 
2021-09-27 02:36:47,347 - INFO - load | 1 | (0.1, 0.1) | 500 | 0 | set() | 0| 0.0 | 0.0 
2021-09-27 02:36:47,348 - INFO - load | 1 | (0.1, 0.2) | 500 | 0 | set() | 0| 0.0 | 0.0 
2021-09-27 02:36:47,348 - INFO - load | 1 | (0.1, 0.30000000000000004) | 500 | 0 | set() | 0| 0.0 | 0.0 
2021-09-27 02:36:47,349 - INFO - load | 1 | (0.1, 0.4) | 500 | 0 | set() | 0| 0.0 | 0.0 
2021-09-27 02:36:47,349 - INFO - load | 1 | (0.1, 0.5) | 500 | 0 | set() | 0| 0.0 | 0.0 
2021-09-27 02:36:47,350 - INFO - load | 1 | (0.1, 0.6000000000000001) | 500 | 0 | set() | 0| 0.0 | 0.0 
2021-09-27 02:36:47,351 - INFO - load | 1 | (0.1, 0.7000000000000001) | 500 | 0 | set() | 0| 0.0 | 0.0 
2021-09-27 02:36:47,351 - INFO - load | 1 | (0.1, 0.8) | 500 | 0 | set() | 0| 0.0 | 0.0 
2021-09-27 02:36:47,352 - INFO - load | 1 | (0.1, 0.9) | 500 | 0 | set() | 0| 0.0 | 0.0 
2021-09-27 02:36:47,352 - INFO - load | 1 | (0.1, 1.0) | 500 | 0 | set() | 0| 0.0 | 0.0 
2021-09-27 02:36:47,353 - INFO - load | 1 | (0.2, 0.0) | 500 | 0 | set() | 0| 0.0 | 0.0 
2021-09-27 02:36:47,353 - INFO - load | 1 | (0.2, 0.1) | 500 | 0 | set() | 0| 0.0 | 0.0 
2021-09-27 02:36:47,354 - INFO - load | 1 | (0.2, 0.2) | 500 | 0 | set() | 0| 0.0 | 0.0 
2021-09-27 02:36:47,354 - INFO - load | 1 | (0.2, 0.30000000000000004) | 500 | 0 | set() | 0| 0.0 | 0.0 
2021-09-27 02:36:47,355 - INFO - load | 1 | (0.2, 0.4) | 500 | 0 | set() | 0| 0.0 | 0.0 
2021-09-27 02:36:47,355 - INFO - load | 1 | (0.2, 0.5) | 500 | 0 | set() | 0| 0.0 | 0.0 
2021-09-27 02:36:47,356 - INFO - load | 1 | (0.2, 0.6000000000000001) | 500 | 0 | set() | 0| 0.0 | 0.0 
2021-09-27 02:36:47,356 - INFO - load | 1 | (0.2, 0.7000000000000001) | 500 | 0 | set() | 0| 0.0 | 0.0 
2021-09-27 02:36:47,357 - INFO - load | 1 | (0.2, 0.8) | 500 | 0 | set() | 0| 0.0 | 0.0 
2021-09-27 02:36:47,358 - INFO - load | 1 | (0.2, 0.9) | 500 | 0 | set() | 0| 0.0 | 0.0 
2021-09-27 02:36:47,358 - INFO - load | 1 | (0.2, 1.0) | 500 | 0 | set() | 0| 0.0 | 0.0 
2021-09-27 02:36:47,429 - INFO - compute | 1 | (0.30000000000000004, 0.0) | 63 | 0 | set() | 0| 0.0 | 0.0 
2021-09-27 02:36:47,437 - INFO - load | 1 | (0.30000000000000004, 0.1) | 63 | 0 | set() | 0| 0.0 | 0.0 
2021-09-27 02:36:47,445 - INFO - load | 1 | (0.30000000000000004, 0.2) | 63 | 0 | set() | 0| 0.0 | 0.0 
2021-09-27 02:36:47,453 - INFO - load | 1 | (0.30000000000000004, 0.30000000000000004) | 63 | 0 | set() | 0| 0.0 | 0.0 
2021-09-27 02:36:47,460 - INFO - load | 1 | (0.30000000000000004, 0.4) | 63 | 0 | set() | 0| 0.0 | 0.0 
2021-09-27 02:36:47,468 - INFO - load | 1 | (0.30000000000000004, 0.5) | 63 | 0 | set() | 0| 0.0 | 0.0 
2021-09-27 02:36:47,476 - INFO - load | 1 | (0.30000000000000004, 0.6000000000000001) | 63 | 0 | set() | 0| 0.0 | 0.0 
2021-09-27 02:36:47,483 - INFO - load | 1 | (0.30000000000000004, 0.7000000000000001) | 63 | 0 | set() | 0| 0.0 | 0.0 
2021-09-27 02:36:47,492 - INFO - load | 1 | (0.30000000000000004, 0.8) | 63 | 0 | set() | 0| 0.0 | 0.0 
2021-09-27 02:36:47,499 - INFO - load | 1 | (0.30000000000000004, 0.9) | 63 | 0 | set() | 0| 0.0 | 0.0 
2021-09-27 02:36:47,507 - INFO - load | 1 | (0.30000000000000004, 1.0) | 63 | 0 | set() | 0| 0.0 | 0.0 
2021-09-27 02:36:47,523 - INFO - compute | 1 | (0.4, 0.0) | 6 | 0 | set() | 0| 0.0 | 0.0 
2021-09-27 02:36:47,534 - INFO - load | 1 | (0.4, 0.1) | 6 | 0 | set() | 0| 0.0 | 0.0 
2021-09-27 02:36:47,543 - INFO - load | 1 | (0.4, 0.2) | 6 | 0 | set() | 0| 0.0 | 0.0 
2021-09-27 02:36:47,553 - INFO - load | 1 | (0.4, 0.30000000000000004) | 6 | 0 | set() | 0| 0.0 | 0.0 
2021-09-27 02:36:47,563 - INFO - load | 1 | (0.4, 0.4) | 6 | 0 | set() | 0| 0.0 | 0.0 
2021-09-27 02:36:47,572 - INFO - load | 1 | (0.4, 0.5) | 6 | 0 | set() | 0| 0.0 | 0.0 
2021-09-27 02:36:47,582 - INFO - load | 1 | (0.4, 0.6000000000000001) | 6 | 0 | set() | 0| 0.0 | 0.0 
2021-09-27 02:36:47,592 - INFO - load | 1 | (0.4, 0.7000000000000001) | 6 | 0 | set() | 0| 0.0 | 0.0 
2021-09-27 02:36:47,601 - INFO - load | 1 | (0.4, 0.8) | 6 | 0 | set() | 0| 0.0 | 0.0 
2021-09-27 02:36:47,611 - INFO - load | 1 | (0.4, 0.9) | 6 | 0 | set() | 0| 0.0 | 0.0 
2021-09-27 02:36:47,620 - INFO - load | 1 | (0.4, 1.0) | 6 | 0 | set() | 0| 0.0 | 0.0 
2021-09-27 02:36:47,634 - INFO - compute | 1 | (0.5, 0.0) | 2 | 0 | set() | 0| 0.0 | 0.0 
2021-09-27 02:36:47,645 - INFO - load | 1 | (0.5, 0.1) | 2 | 0 | set() | 0| 0.0 | 0.0 
2021-09-27 02:36:47,657 - INFO - load | 1 | (0.5, 0.2) | 2 | 0 | set() | 0| 0.0 | 0.0 
2021-09-27 02:36:47,668 - INFO - load | 1 | (0.5, 0.30000000000000004) | 2 | 0 | set() | 0| 0.0 | 0.0 
2021-09-27 02:36:47,679 - INFO - load | 1 | (0.5, 0.4) | 2 | 0 | set() | 0| 0.0 | 0.0 
2021-09-27 02:36:47,691 - INFO - load | 1 | (0.5, 0.5) | 2 | 0 | set() | 0| 0.0 | 0.0 
2021-09-27 02:36:47,702 - INFO - load | 1 | (0.5, 0.6000000000000001) | 2 | 0 | set() | 0| 0.0 | 0.0 
2021-09-27 02:36:47,713 - INFO - load | 1 | (0.5, 0.7000000000000001) | 2 | 0 | set() | 0| 0.0 | 0.0 
2021-09-27 02:36:47,725 - INFO - load | 1 | (0.5, 0.8) | 2 | 0 | set() | 0| 0.0 | 0.0 
2021-09-27 02:36:47,742 - INFO - compute | 1 | (0.5, 0.9) | 2 | 1 | {14} | 102| 5.099999999999999 | 69.07613324323347 
2021-09-27 02:36:47,761 - INFO - compute | 1 | (0.5, 1.0) | 2 | 2 | (14,) | 102| 0.0 | 69.07613324323347 
2021-09-27 02:36:47,775 - INFO - compute | 1 | (0.6000000000000001, 0.0) | 1 | 0 | set() | 0| 0.0 | 0.0 
2021-09-27 02:36:47,789 - INFO - load | 1 | (0.6000000000000001, 0.1) | 1 | 0 | set() | 0| 0.0 | 0.0 
2021-09-27 02:36:47,802 - INFO - load | 1 | (0.6000000000000001, 0.2) | 1 | 0 | set() | 0| 0.0 | 0.0 
2021-09-27 02:36:47,815 - INFO - load | 1 | (0.6000000000000001, 0.30000000000000004) | 1 | 0 | set() | 0| 0.0 | 0.0 
2021-09-27 02:36:47,828 - INFO - load | 1 | (0.6000000000000001, 0.4) | 1 | 0 | set() | 0| 0.0 | 0.0 
2021-09-27 02:36:47,842 - INFO - load | 1 | (0.6000000000000001, 0.5) | 1 | 0 | set() | 0| 0.0 | 0.0 
2021-09-27 02:36:47,855 - INFO - load | 1 | (0.6000000000000001, 0.6000000000000001) | 1 | 0 | set() | 0| 0.0 | 0.0 
2021-09-27 02:36:47,873 - INFO - compute | 1 | (0.6000000000000001, 0.7000000000000001) | 1 | 1 | {14} | 54| 9.719999999999999 | 41.37301818385144 
2021-09-27 02:36:47,888 - INFO - load | 1 | (0.6000000000000001, 0.8) | 1 | 1 | {14} | 54| 6.4799999999999995 | 41.37301818385144 
2021-09-27 02:36:47,908 - INFO - compute | 1 | (0.6000000000000001, 0.9) | 1 | 4 | (14,) | 54| 3.2399999999999967 | 41.37301818385144 
2021-09-27 02:36:47,938 - INFO - compute | 1 | (0.6000000000000001, 1.0) | 1 | 14 | (14,) | 54| 0.0 | 41.37301818385144 
2021-09-27 02:36:47,951 - INFO - load | 1 | (0.7000000000000001, 0.0) | 1 | 0 | set() | 0| 0.0 | 0.0 
2021-09-27 02:36:47,965 - INFO - load | 1 | (0.7000000000000001, 0.1) | 1 | 0 | set() | 0| 0.0 | 0.0 
2021-09-27 02:36:47,978 - INFO - load | 1 | (0.7000000000000001, 0.2) | 1 | 0 | set() | 0| 0.0 | 0.0 
2021-09-27 02:36:47,991 - INFO - load | 1 | (0.7000000000000001, 0.30000000000000004) | 1 | 0 | set() | 0| 0.0 | 0.0 
2021-09-27 02:36:48,005 - INFO - load | 1 | (0.7000000000000001, 0.4) | 1 | 0 | set() | 0| 0.0 | 0.0 
2021-09-27 02:36:48,019 - INFO - load | 1 | (0.7000000000000001, 0.5) | 1 | 0 | set() | 0| 0.0 | 0.0 
2021-09-27 02:36:48,033 - INFO - load | 1 | (0.7000000000000001, 0.6000000000000001) | 1 | 1 | {14} | 54| 15.12 | 41.37301818385144 
2021-09-27 02:36:48,053 - INFO - compute | 1 | (0.7000000000000001, 0.7000000000000001) | 1 | 2 | (14,) | 54| 11.339999999999998 | 41.37301818385144 
2021-09-27 02:36:48,076 - INFO - compute | 1 | (0.7000000000000001, 0.8) | 1 | 5 | (14,) | 54| 7.5600000000000005 | 41.37301818385144 
2021-09-27 02:36:48,118 - INFO - compute | 1 | (0.7000000000000001, 0.9) | 1 | 23 | (14,) | 54| 3.7799999999999976 | 41.37301818385144 
2021-09-27 02:36:48,214 - INFO - compute | 1 | (0.7000000000000001, 1.0) | 1 | 74 | (14,) | 54| 0.0 | 41.37301818385144 
2021-09-27 02:36:48,232 - INFO - compute | 1 | (0.8, 0.0) | 0 | 0 | set() | 0| 0.0 | 0 
2021-09-27 02:36:48,249 - INFO - load | 1 | (0.8, 0.1) | 0 | 0 | set() | 0| 0.0 | 0 
2021-09-27 02:36:48,265 - INFO - load | 1 | (0.8, 0.2) | 0 | 0 | set() | 0| 0.0 | 0 
2021-09-27 02:36:48,283 - INFO - load | 1 | (0.8, 0.30000000000000004) | 0 | 0 | set() | 0| 0.0 | 0 
2021-09-27 02:36:48,301 - INFO - load | 1 | (0.8, 0.4) | 0 | 0 | set() | 0| 0.0 | 0 
2021-09-27 02:36:48,318 - INFO - load | 1 | (0.8, 0.5) | 0 | 0 | set() | 0| 0.0 | 0 
2021-09-27 02:36:48,336 - INFO - compute | 1 | (0.8, 0.6000000000000001) | 0 | 1 | {14} | 0| 0.0 | 0 
2021-09-27 02:36:48,353 - INFO - compute | 1 | (0.8, 0.7000000000000001) | 0 | 5 | (857,) | 0| 0.0 | 0 
2021-09-27 02:36:48,372 - INFO - compute | 1 | (0.8, 0.8) | 0 | 27 | (4671,) | 0| 0.0 | 0 
2021-09-27 02:36:48,390 - INFO - compute | 1 | (0.8, 0.9) | 0 | 115 | (9852,) | 0| 0.0 | 0 
2021-09-27 02:36:48,409 - INFO - compute | 1 | (0.8, 1.0) | 0 | 500 | (9977,) | 0| 0.0 | 0 
2021-09-27 02:36:48,426 - INFO - load | 1 | (0.9, 0.0) | 0 | 0 | set() | 0| 0.0 | 0 
2021-09-27 02:36:48,443 - INFO - load | 1 | (0.9, 0.1) | 0 | 0 | set() | 0| 0.0 | 0 
2021-09-27 02:36:48,459 - INFO - load | 1 | (0.9, 0.2) | 0 | 0 | set() | 0| 0.0 | 0 
2021-09-27 02:36:48,476 - INFO - load | 1 | (0.9, 0.30000000000000004) | 0 | 0 | set() | 0| 0.0 | 0 
2021-09-27 02:36:48,493 - INFO - load | 1 | (0.9, 0.4) | 0 | 0 | set() | 0| 0.0 | 0 
2021-09-27 02:36:48,512 - INFO - load | 1 | (0.9, 0.5) | 0 | 1 | {14} | 0| 0.0 | 0 
2021-09-27 02:36:48,532 - INFO - compute | 1 | (0.9, 0.6000000000000001) | 0 | 4 | (857,) | 0| 0.0 | 0 
2021-09-27 02:36:48,553 - INFO - compute | 1 | (0.9, 0.7000000000000001) | 0 | 23 | (3150,) | 0| 0.0 | 0 
2021-09-27 02:36:48,571 - INFO - load | 1 | (0.9, 0.8) | 0 | 115 | (9852,) | 0| 0.0 | 0 
2021-09-27 02:36:48,589 - INFO - load | 1 | (0.9, 0.9) | 0 | 500 | (9977,) | 0| 0.0 | 0 
2021-09-27 02:36:48,609 - INFO - load | 1 | (0.9, 1.0) | 0 | 500 | (9977,) | 0| 0.0 | 0 
2021-09-27 02:36:48,626 - INFO - load | 1 | (1.0, 0.0) | 0 | 0 | set() | 0| 0.0 | 0 
2021-09-27 02:36:48,642 - INFO - load | 1 | (1.0, 0.1) | 0 | 0 | set() | 0| 0.0 | 0 
2021-09-27 02:36:48,659 - INFO - load | 1 | (1.0, 0.2) | 0 | 0 | set() | 0| 0.0 | 0 
2021-09-27 02:36:48,676 - INFO - load | 1 | (1.0, 0.30000000000000004) | 0 | 0 | set() | 0| 0.0 | 0 
2021-09-27 02:36:48,693 - INFO - load | 1 | (1.0, 0.4) | 0 | 0 | set() | 0| 0.0 | 0 
2021-09-27 02:36:48,714 - INFO - compute | 1 | (1.0, 0.5) | 0 | 2 | (857,) | 0| 0.0 | 0 
2021-09-27 02:36:48,736 - INFO - compute | 1 | (1.0, 0.6000000000000001) | 0 | 14 | (3150,) | 0| 0.0 | 0 
2021-09-27 02:36:48,759 - INFO - compute | 1 | (1.0, 0.7000000000000001) | 0 | 74 | (7579,) | 0| 0.0 | 0 
2021-09-27 02:36:48,779 - INFO - load | 1 | (1.0, 0.8) | 0 | 500 | (9977,) | 0| 0.0 | 0 
2021-09-27 02:36:48,800 - INFO - load | 1 | (1.0, 0.9) | 0 | 500 | (9977,) | 0| 0.0 | 0 
2021-09-27 02:36:48,820 - INFO - load | 1 | (1.0, 1.0) | 0 | 500 | (9977,) | 0| 0.0 | 0 
2021-09-27 02:36:49,292 - INFO - compute | 2 | (0.0, 0.0) | 500 | 0 | set() | 0| 0.0 | 0.0 
2021-09-27 02:36:49,293 - INFO - load | 2 | (0.0, 0.1) | 500 | 0 | set() | 0| 0.0 | 0.0 
2021-09-27 02:36:49,293 - INFO - load | 2 | (0.0, 0.2) | 500 | 0 | set() | 0| 0.0 | 0.0 
2021-09-27 02:36:49,294 - INFO - load | 2 | (0.0, 0.30000000000000004) | 500 | 0 | set() | 0| 0.0 | 0.0 
2021-09-27 02:36:49,294 - INFO - load | 2 | (0.0, 0.4) | 500 | 0 | set() | 0| 0.0 | 0.0 
2021-09-27 02:36:49,295 - INFO - load | 2 | (0.0, 0.5) | 500 | 0 | set() | 0| 0.0 | 0.0 
2021-09-27 02:36:49,296 - INFO - load | 2 | (0.0, 0.6000000000000001) | 500 | 0 | set() | 0| 0.0 | 0.0 
2021-09-27 02:36:49,296 - INFO - load | 2 | (0.0, 0.7000000000000001) | 500 | 0 | set() | 0| 0.0 | 0.0 
2021-09-27 02:36:49,297 - INFO - load | 2 | (0.0, 0.8) | 500 | 0 | set() | 0| 0.0 | 0.0 
2021-09-27 02:36:49,297 - INFO - load | 2 | (0.0, 0.9) | 500 | 0 | set() | 0| 0.0 | 0.0 
2021-09-27 02:36:49,298 - INFO - load | 2 | (0.0, 1.0) | 500 | 0 | set() | 0| 0.0 | 0.0 
2021-09-27 02:36:49,298 - INFO - load | 2 | (0.1, 0.0) | 500 | 0 | set() | 0| 0.0 | 0.0 
2021-09-27 02:36:49,299 - INFO - load | 2 | (0.1, 0.1) | 500 | 0 | set() | 0| 0.0 | 0.0 
2021-09-27 02:36:49,300 - INFO - load | 2 | (0.1, 0.2) | 500 | 0 | set() | 0| 0.0 | 0.0 
2021-09-27 02:36:49,300 - INFO - load | 2 | (0.1, 0.30000000000000004) | 500 | 0 | set() | 0| 0.0 | 0.0 
2021-09-27 02:36:49,301 - INFO - load | 2 | (0.1, 0.4) | 500 | 0 | set() | 0| 0.0 | 0.0 
2021-09-27 02:36:49,301 - INFO - load | 2 | (0.1, 0.5) | 500 | 0 | set() | 0| 0.0 | 0.0 
2021-09-27 02:36:49,302 - INFO - load | 2 | (0.1, 0.6000000000000001) | 500 | 0 | set() | 0| 0.0 | 0.0 
2021-09-27 02:36:49,302 - INFO - load | 2 | (0.1, 0.7000000000000001) | 500 | 0 | set() | 0| 0.0 | 0.0 
2021-09-27 02:36:49,303 - INFO - load | 2 | (0.1, 0.8) | 500 | 0 | set() | 0| 0.0 | 0.0 
2021-09-27 02:36:49,304 - INFO - load | 2 | (0.1, 0.9) | 500 | 0 | set() | 0| 0.0 | 0.0 
2021-09-27 02:36:49,305 - INFO - load | 2 | (0.1, 1.0) | 500 | 0 | set() | 0| 0.0 | 0.0 
2021-09-27 02:36:49,305 - INFO - load | 2 | (0.2, 0.0) | 500 | 0 | set() | 0| 0.0 | 0.0 
2021-09-27 02:36:49,306 - INFO - load | 2 | (0.2, 0.1) | 500 | 0 | set() | 0| 0.0 | 0.0 
2021-09-27 02:36:49,306 - INFO - load | 2 | (0.2, 0.2) | 500 | 0 | set() | 0| 0.0 | 0.0 
2021-09-27 02:36:49,307 - INFO - load | 2 | (0.2, 0.30000000000000004) | 500 | 0 | set() | 0| 0.0 | 0.0 
2021-09-27 02:36:49,307 - INFO - load | 2 | (0.2, 0.4) | 500 | 0 | set() | 0| 0.0 | 0.0 
2021-09-27 02:36:49,308 - INFO - load | 2 | (0.2, 0.5) | 500 | 0 | set() | 0| 0.0 | 0.0 
2021-09-27 02:36:49,309 - INFO - load | 2 | (0.2, 0.6000000000000001) | 500 | 0 | set() | 0| 0.0 | 0.0 
2021-09-27 02:36:49,309 - INFO - load | 2 | (0.2, 0.7000000000000001) | 500 | 0 | set() | 0| 0.0 | 0.0 
2021-09-27 02:36:49,310 - INFO - load | 2 | (0.2, 0.8) | 500 | 0 | set() | 0| 0.0 | 0.0 
2021-09-27 02:36:49,311 - INFO - load | 2 | (0.2, 0.9) | 500 | 0 | set() | 0| 0.0 | 0.0 
2021-09-27 02:36:49,311 - INFO - load | 2 | (0.2, 1.0) | 500 | 0 | set() | 0| 0.0 | 0.0 
2021-09-27 02:36:49,384 - INFO - compute | 2 | (0.30000000000000004, 0.0) | 63 | 0 | set() | 0| 0.0 | 0.0 
2021-09-27 02:36:49,392 - INFO - load | 2 | (0.30000000000000004, 0.1) | 63 | 0 | set() | 0| 0.0 | 0.0 
2021-09-27 02:36:49,400 - INFO - load | 2 | (0.30000000000000004, 0.2) | 63 | 0 | set() | 0| 0.0 | 0.0 
2021-09-27 02:36:49,407 - INFO - load | 2 | (0.30000000000000004, 0.30000000000000004) | 63 | 0 | set() | 0| 0.0 | 0.0 
2021-09-27 02:36:49,415 - INFO - load | 2 | (0.30000000000000004, 0.4) | 63 | 0 | set() | 0| 0.0 | 0.0 
2021-09-27 02:36:49,423 - INFO - load | 2 | (0.30000000000000004, 0.5) | 63 | 0 | set() | 0| 0.0 | 0.0 
2021-09-27 02:36:49,431 - INFO - load | 2 | (0.30000000000000004, 0.6000000000000001) | 63 | 0 | set() | 0| 0.0 | 0.0 
2021-09-27 02:36:49,438 - INFO - load | 2 | (0.30000000000000004, 0.7000000000000001) | 63 | 0 | set() | 0| 0.0 | 0.0 
2021-09-27 02:36:49,446 - INFO - load | 2 | (0.30000000000000004, 0.8) | 63 | 0 | set() | 0| 0.0 | 0.0 
2021-09-27 02:36:49,453 - INFO - load | 2 | (0.30000000000000004, 0.9) | 63 | 0 | set() | 0| 0.0 | 0.0 
2021-09-27 02:36:49,461 - INFO - load | 2 | (0.30000000000000004, 1.0) | 63 | 0 | set() | 0| 0.0 | 0.0 
2021-09-27 02:36:49,477 - INFO - compute | 2 | (0.4, 0.0) | 6 | 0 | set() | 0| 0.0 | 0.0 
2021-09-27 02:36:49,486 - INFO - load | 2 | (0.4, 0.1) | 6 | 0 | set() | 0| 0.0 | 0.0 
2021-09-27 02:36:49,496 - INFO - load | 2 | (0.4, 0.2) | 6 | 0 | set() | 0| 0.0 | 0.0 
2021-09-27 02:36:49,506 - INFO - load | 2 | (0.4, 0.30000000000000004) | 6 | 0 | set() | 0| 0.0 | 0.0 
2021-09-27 02:36:49,517 - INFO - load | 2 | (0.4, 0.4) | 6 | 0 | set() | 0| 0.0 | 0.0 
2021-09-27 02:36:49,527 - INFO - load | 2 | (0.4, 0.5) | 6 | 0 | set() | 0| 0.0 | 0.0 
2021-09-27 02:36:49,537 - INFO - load | 2 | (0.4, 0.6000000000000001) | 6 | 0 | set() | 0| 0.0 | 0.0 
2021-09-27 02:36:49,547 - INFO - load | 2 | (0.4, 0.7000000000000001) | 6 | 0 | set() | 0| 0.0 | 0.0 
2021-09-27 02:36:49,557 - INFO - load | 2 | (0.4, 0.8) | 6 | 0 | set() | 0| 0.0 | 0.0 
2021-09-27 02:36:49,566 - INFO - load | 2 | (0.4, 0.9) | 6 | 0 | set() | 0| 0.0 | 0.0 
2021-09-27 02:36:49,576 - INFO - load | 2 | (0.4, 1.0) | 6 | 0 | set() | 0| 0.0 | 0.0 
2021-09-27 02:36:49,590 - INFO - compute | 2 | (0.5, 0.0) | 2 | 0 | set() | 0| 0.0 | 0.0 
2021-09-27 02:36:49,601 - INFO - load | 2 | (0.5, 0.1) | 2 | 0 | set() | 0| 0.0 | 0.0 
2021-09-27 02:36:49,613 - INFO - load | 2 | (0.5, 0.2) | 2 | 0 | set() | 0| 0.0 | 0.0 
2021-09-27 02:36:49,624 - INFO - load | 2 | (0.5, 0.30000000000000004) | 2 | 0 | set() | 0| 0.0 | 0.0 
2021-09-27 02:36:49,636 - INFO - load | 2 | (0.5, 0.4) | 2 | 0 | set() | 0| 0.0 | 0.0 
2021-09-27 02:36:49,647 - INFO - load | 2 | (0.5, 0.5) | 2 | 0 | set() | 0| 0.0 | 0.0 
2021-09-27 02:36:49,658 - INFO - load | 2 | (0.5, 0.6000000000000001) | 2 | 0 | set() | 0| 0.0 | 0.0 
2021-09-27 02:36:49,669 - INFO - load | 2 | (0.5, 0.7000000000000001) | 2 | 0 | set() | 0| 0.0 | 0.0 
2021-09-27 02:36:49,681 - INFO - load | 2 | (0.5, 0.8) | 2 | 0 | set() | 0| 0.0 | 0.0 
2021-09-27 02:36:49,697 - INFO - compute | 2 | (0.5, 0.9) | 2 | 1 | {14} | 102| 5.099999999999999 | 69.07613324323347 
2021-09-27 02:36:49,717 - INFO - compute | 2 | (0.5, 1.0) | 2 | 2 | {857, 14} | 111| 0.0 | 75.02654240887107 
2021-09-27 02:36:49,731 - INFO - compute | 2 | (0.6000000000000001, 0.0) | 1 | 0 | set() | 0| 0.0 | 0.0 
2021-09-27 02:36:49,744 - INFO - load | 2 | (0.6000000000000001, 0.1) | 1 | 0 | set() | 0| 0.0 | 0.0 
2021-09-27 02:36:49,757 - INFO - load | 2 | (0.6000000000000001, 0.2) | 1 | 0 | set() | 0| 0.0 | 0.0 
2021-09-27 02:36:49,770 - INFO - load | 2 | (0.6000000000000001, 0.30000000000000004) | 1 | 0 | set() | 0| 0.0 | 0.0 
2021-09-27 02:36:49,783 - INFO - load | 2 | (0.6000000000000001, 0.4) | 1 | 0 | set() | 0| 0.0 | 0.0 
2021-09-27 02:36:49,795 - INFO - load | 2 | (0.6000000000000001, 0.5) | 1 | 0 | set() | 0| 0.0 | 0.0 
2021-09-27 02:36:49,808 - INFO - load | 2 | (0.6000000000000001, 0.6000000000000001) | 1 | 0 | set() | 0| 0.0 | 0.0 
2021-09-27 02:36:49,824 - INFO - compute | 2 | (0.6000000000000001, 0.7000000000000001) | 1 | 1 | {14} | 54| 9.719999999999999 | 41.37301818385144 
2021-09-27 02:36:49,839 - INFO - load | 2 | (0.6000000000000001, 0.8) | 1 | 1 | {14} | 54| 6.4799999999999995 | 41.37301818385144 
2021-09-27 02:36:49,866 - INFO - compute | 2 | (0.6000000000000001, 0.9) | 1 | 4 | (296, 14) | 76| 4.559999999999995 | 58.22869225875388 
2021-09-27 02:36:50,019 - INFO - compute | 2 | (0.6000000000000001, 1.0) | 1 | 14 | (14, 91) | 94| 0.0 | 72.0196983200377 
2021-09-27 02:36:50,032 - INFO - load | 2 | (0.7000000000000001, 0.0) | 1 | 0 | set() | 0| 0.0 | 0.0 
2021-09-27 02:36:50,045 - INFO - load | 2 | (0.7000000000000001, 0.1) | 1 | 0 | set() | 0| 0.0 | 0.0 
2021-09-27 02:36:50,058 - INFO - load | 2 | (0.7000000000000001, 0.2) | 1 | 0 | set() | 0| 0.0 | 0.0 
2021-09-27 02:36:50,071 - INFO - load | 2 | (0.7000000000000001, 0.30000000000000004) | 1 | 0 | set() | 0| 0.0 | 0.0 
2021-09-27 02:36:50,084 - INFO - load | 2 | (0.7000000000000001, 0.4) | 1 | 0 | set() | 0| 0.0 | 0.0 
2021-09-27 02:36:50,096 - INFO - load | 2 | (0.7000000000000001, 0.5) | 1 | 0 | set() | 0| 0.0 | 0.0 
2021-09-27 02:36:50,110 - INFO - load | 2 | (0.7000000000000001, 0.6000000000000001) | 1 | 1 | {14} | 54| 15.12 | 41.37301818385144 
2021-09-27 02:36:50,129 - INFO - compute | 2 | (0.7000000000000001, 0.7000000000000001) | 1 | 2 | {857, 14} | 58| 12.179999999999998 | 44.43768619747007 
2021-09-27 02:36:50,162 - INFO - compute | 2 | (0.7000000000000001, 0.8) | 1 | 5 | (296, 14) | 76| 10.64 | 58.22869225875388 
2021-09-27 02:36:50,564 - INFO - compute | 2 | (0.7000000000000001, 0.9) | 1 | 23 | (14, 18) | 97| 6.789999999999996 | 74.31819933025167 
2021-09-27 02:36:54,665 - INFO - compute | 2 | (0.7000000000000001, 1.0) | 1 | 74 | (14, 18) | 97| 0.0 | 74.31819933025167 
2021-09-27 02:36:54,681 - INFO - compute | 2 | (0.8, 0.0) | 0 | 0 | set() | 0| 0.0 | 0 
2021-09-27 02:36:54,698 - INFO - load | 2 | (0.8, 0.1) | 0 | 0 | set() | 0| 0.0 | 0 
2021-09-27 02:36:54,714 - INFO - load | 2 | (0.8, 0.2) | 0 | 0 | set() | 0| 0.0 | 0 
2021-09-27 02:36:54,730 - INFO - load | 2 | (0.8, 0.30000000000000004) | 0 | 0 | set() | 0| 0.0 | 0 
2021-09-27 02:36:54,747 - INFO - load | 2 | (0.8, 0.4) | 0 | 0 | set() | 0| 0.0 | 0 
2021-09-27 02:36:54,763 - INFO - load | 2 | (0.8, 0.5) | 0 | 0 | set() | 0| 0.0 | 0 
2021-09-27 02:36:54,780 - INFO - compute | 2 | (0.8, 0.6000000000000001) | 0 | 1 | {14} | 0| 0.0 | 0 
2021-09-27 02:36:54,797 - INFO - compute | 2 | (0.8, 0.7000000000000001) | 0 | 5 | (529, 857) | 0| 0.0 | 0 
2021-09-27 02:36:54,815 - INFO - compute | 2 | (0.8, 0.8) | 0 | 27 | (4671, 3277) | 0| 0.0 | 0 
2021-09-27 02:36:54,841 - INFO - compute | 2 | (0.8, 0.9) | 0 | 115 | (9852, 9702) | 0| 0.0 | 0 
2021-09-27 02:36:55,044 - INFO - compute | 2 | (0.8, 1.0) | 0 | 500 | (9977, 8180) | 0| 0.0 | 0 
2021-09-27 02:36:55,061 - INFO - load | 2 | (0.9, 0.0) | 0 | 0 | set() | 0| 0.0 | 0 
2021-09-27 02:36:55,078 - INFO - load | 2 | (0.9, 0.1) | 0 | 0 | set() | 0| 0.0 | 0 
2021-09-27 02:36:55,095 - INFO - load | 2 | (0.9, 0.2) | 0 | 0 | set() | 0| 0.0 | 0 
2021-09-27 02:36:55,111 - INFO - load | 2 | (0.9, 0.30000000000000004) | 0 | 0 | set() | 0| 0.0 | 0 
2021-09-27 02:36:55,128 - INFO - load | 2 | (0.9, 0.4) | 0 | 0 | set() | 0| 0.0 | 0 
2021-09-27 02:36:55,145 - INFO - load | 2 | (0.9, 0.5) | 0 | 1 | {14} | 0| 0.0 | 0 
2021-09-27 02:36:55,165 - INFO - compute | 2 | (0.9, 0.6000000000000001) | 0 | 4 | (857, 51) | 0| 0.0 | 0 
2021-09-27 02:36:55,185 - INFO - compute | 2 | (0.9, 0.7000000000000001) | 0 | 23 | (3150, 857) | 0| 0.0 | 0 
2021-09-27 02:36:55,203 - INFO - load | 2 | (0.9, 0.8) | 0 | 115 | (9852, 9702) | 0| 0.0 | 0 
2021-09-27 02:36:55,221 - INFO - load | 2 | (0.9, 0.9) | 0 | 500 | (9977, 8180) | 0| 0.0 | 0 
2021-09-27 02:36:55,240 - INFO - load | 2 | (0.9, 1.0) | 0 | 500 | (9977, 8180) | 0| 0.0 | 0 
2021-09-27 02:36:55,256 - INFO - load | 2 | (1.0, 0.0) | 0 | 0 | set() | 0| 0.0 | 0 
2021-09-27 02:36:55,272 - INFO - load | 2 | (1.0, 0.1) | 0 | 0 | set() | 0| 0.0 | 0 
2021-09-27 02:36:55,289 - INFO - load | 2 | (1.0, 0.2) | 0 | 0 | set() | 0| 0.0 | 0 
2021-09-27 02:36:55,305 - INFO - load | 2 | (1.0, 0.30000000000000004) | 0 | 0 | set() | 0| 0.0 | 0 
2021-09-27 02:36:55,322 - INFO - load | 2 | (1.0, 0.4) | 0 | 0 | set() | 0| 0.0 | 0 
2021-09-27 02:36:55,345 - INFO - compute | 2 | (1.0, 0.5) | 0 | 2 | {857, 14} | 0| 0.0 | 0 
2021-09-27 02:36:55,369 - INFO - compute | 2 | (1.0, 0.6000000000000001) | 0 | 14 | (3150, 1940) | 0| 0.0 | 0 
2021-09-27 02:36:55,395 - INFO - compute | 2 | (1.0, 0.7000000000000001) | 0 | 74 | (7579, 7420) | 0| 0.0 | 0 
2021-09-27 02:36:55,413 - INFO - load | 2 | (1.0, 0.8) | 0 | 500 | (9977, 8180) | 0| 0.0 | 0 
2021-09-27 02:36:55,431 - INFO - load | 2 | (1.0, 0.9) | 0 | 500 | (9977, 8180) | 0| 0.0 | 0 
2021-09-27 02:36:55,449 - INFO - load | 2 | (1.0, 1.0) | 0 | 500 | (9977, 8180) | 0| 0.0 | 0 
