2021-09-29 05:34:35,620 - INFO - run algo
2021-09-29 05:34:35,937 - INFO - 9513
2021-09-29 05:34:35,947 - INFO - 10000
2021-09-29 05:34:43,612 - INFO - load:
2021-09-29 05:34:43,614 - INFO - Finish random requester set R and supplier set S 
                             percent_R=0.1, num_R=1000, len_R=1000 
                             percent_S=0.1, num_S=1000, len_S=1000
2021-09-29 05:34:53,787 - INFO - compute | 3 | (0.0, 0.0) | 1000 | 0 | set() | 0| 0.0 | 0.0 
2021-09-29 05:34:53,789 - INFO - load | 3 | (0.0, 0.05) | 1000 | 0 | set() | 0| 0.0 | 0.0 
2021-09-29 05:34:53,791 - INFO - load | 3 | (0.0, 0.1) | 1000 | 0 | set() | 0| 0.0 | 0.0 
2021-09-29 05:34:53,792 - INFO - load | 3 | (0.0, 0.15000000000000002) | 1000 | 0 | set() | 0| 0.0 | 0.0 
2021-09-29 05:34:53,793 - INFO - load | 3 | (0.0, 0.2) | 1000 | 0 | set() | 0| 0.0 | 0.0 
2021-09-29 05:34:53,795 - INFO - load | 3 | (0.0, 0.25) | 1000 | 0 | set() | 0| 0.0 | 0.0 
2021-09-29 05:34:53,796 - INFO - load | 3 | (0.0, 0.30000000000000004) | 1000 | 0 | set() | 0| 0.0 | 0.0 
2021-09-29 05:34:53,797 - INFO - load | 3 | (0.0, 0.35000000000000003) | 1000 | 0 | set() | 0| 0.0 | 0.0 
2021-09-29 05:34:53,798 - INFO - load | 3 | (0.0, 0.4) | 1000 | 0 | set() | 0| 0.0 | 0.0 
2021-09-29 05:34:53,799 - INFO - load | 3 | (0.0, 0.45) | 1000 | 0 | set() | 0| 0.0 | 0.0 
2021-09-29 05:34:53,800 - INFO - load | 3 | (0.0, 0.5) | 1000 | 0 | set() | 0| 0.0 | 0.0 
2021-09-29 05:34:53,801 - INFO - load | 3 | (0.0, 0.55) | 1000 | 0 | set() | 0| 0.0 | 0.0 
2021-09-29 05:34:53,802 - INFO - load | 3 | (0.0, 0.6000000000000001) | 1000 | 0 | set() | 0| 0.0 | 0.0 
2021-09-29 05:34:53,803 - INFO - load | 3 | (0.0, 0.65) | 1000 | 0 | set() | 0| 0.0 | 0.0 
2021-09-29 05:34:53,804 - INFO - load | 3 | (0.0, 0.7000000000000001) | 1000 | 0 | set() | 0| 0.0 | 0.0 
2021-09-29 05:34:53,805 - INFO - load | 3 | (0.0, 0.75) | 1000 | 0 | set() | 0| 0.0 | 0.0 
2021-09-29 05:34:53,806 - INFO - load | 3 | (0.0, 0.8) | 1000 | 0 | set() | 0| 0.0 | 0.0 
2021-09-29 05:34:53,807 - INFO - load | 3 | (0.0, 0.8500000000000001) | 1000 | 0 | set() | 0| 0.0 | 0.0 
2021-09-29 05:34:53,808 - INFO - load | 3 | (0.0, 0.9) | 1000 | 0 | set() | 0| 0.0 | 0.0 
2021-09-29 05:34:53,809 - INFO - load | 3 | (0.0, 0.9500000000000001) | 1000 | 0 | set() | 0| 0.0 | 0.0 
2021-09-29 05:34:53,810 - INFO - load | 3 | (0.0, 1.0) | 1000 | 0 | set() | 0| 0.0 | 0.0 
2021-09-29 05:34:53,811 - INFO - load | 3 | (0.05, 0.0) | 1000 | 0 | set() | 0| 0.0 | 0.0 
2021-09-29 05:34:53,812 - INFO - load | 3 | (0.05, 0.05) | 1000 | 0 | set() | 0| 0.0 | 0.0 
2021-09-29 05:34:53,813 - INFO - load | 3 | (0.05, 0.1) | 1000 | 0 | set() | 0| 0.0 | 0.0 
2021-09-29 05:34:53,814 - INFO - load | 3 | (0.05, 0.15000000000000002) | 1000 | 0 | set() | 0| 0.0 | 0.0 
2021-09-29 05:34:53,815 - INFO - load | 3 | (0.05, 0.2) | 1000 | 0 | set() | 0| 0.0 | 0.0 
2021-09-29 05:34:53,816 - INFO - load | 3 | (0.05, 0.25) | 1000 | 0 | set() | 0| 0.0 | 0.0 
2021-09-29 05:34:53,817 - INFO - load | 3 | (0.05, 0.30000000000000004) | 1000 | 0 | set() | 0| 0.0 | 0.0 
2021-09-29 05:34:53,818 - INFO - load | 3 | (0.05, 0.35000000000000003) | 1000 | 0 | set() | 0| 0.0 | 0.0 
2021-09-29 05:34:53,819 - INFO - load | 3 | (0.05, 0.4) | 1000 | 0 | set() | 0| 0.0 | 0.0 
2021-09-29 05:34:53,820 - INFO - load | 3 | (0.05, 0.45) | 1000 | 0 | set() | 0| 0.0 | 0.0 
2021-09-29 05:34:53,821 - INFO - load | 3 | (0.05, 0.5) | 1000 | 0 | set() | 0| 0.0 | 0.0 
2021-09-29 05:34:53,822 - INFO - load | 3 | (0.05, 0.55) | 1000 | 0 | set() | 0| 0.0 | 0.0 
2021-09-29 05:34:53,823 - INFO - load | 3 | (0.05, 0.6000000000000001) | 1000 | 0 | set() | 0| 0.0 | 0.0 
2021-09-29 05:34:53,824 - INFO - load | 3 | (0.05, 0.65) | 1000 | 0 | set() | 0| 0.0 | 0.0 
2021-09-29 05:34:53,825 - INFO - load | 3 | (0.05, 0.7000000000000001) | 1000 | 0 | set() | 0| 0.0 | 0.0 
2021-09-29 05:34:53,826 - INFO - load | 3 | (0.05, 0.75) | 1000 | 0 | set() | 0| 0.0 | 0.0 
2021-09-29 05:34:53,827 - INFO - load | 3 | (0.05, 0.8) | 1000 | 0 | set() | 0| 0.0 | 0.0 
2021-09-29 05:34:53,828 - INFO - load | 3 | (0.05, 0.8500000000000001) | 1000 | 0 | set() | 0| 0.0 | 0.0 
2021-09-29 05:34:53,829 - INFO - load | 3 | (0.05, 0.9) | 1000 | 0 | set() | 0| 0.0 | 0.0 
2021-09-29 05:34:53,830 - INFO - load | 3 | (0.05, 0.9500000000000001) | 1000 | 0 | set() | 0| 0.0 | 0.0 
2021-09-29 05:34:53,831 - INFO - load | 3 | (0.05, 1.0) | 1000 | 0 | set() | 0| 0.0 | 0.0 
2021-09-29 05:34:53,832 - INFO - load | 3 | (0.1, 0.0) | 1000 | 0 | set() | 0| 0.0 | 0.0 
2021-09-29 05:34:53,833 - INFO - load | 3 | (0.1, 0.05) | 1000 | 0 | set() | 0| 0.0 | 0.0 
2021-09-29 05:34:53,834 - INFO - load | 3 | (0.1, 0.1) | 1000 | 0 | set() | 0| 0.0 | 0.0 
2021-09-29 05:34:53,835 - INFO - load | 3 | (0.1, 0.15000000000000002) | 1000 | 0 | set() | 0| 0.0 | 0.0 
2021-09-29 05:34:53,836 - INFO - load | 3 | (0.1, 0.2) | 1000 | 0 | set() | 0| 0.0 | 0.0 
2021-09-29 05:34:53,837 - INFO - load | 3 | (0.1, 0.25) | 1000 | 0 | set() | 0| 0.0 | 0.0 
2021-09-29 05:34:53,838 - INFO - load | 3 | (0.1, 0.30000000000000004) | 1000 | 0 | set() | 0| 0.0 | 0.0 
2021-09-29 05:34:53,839 - INFO - load | 3 | (0.1, 0.35000000000000003) | 1000 | 0 | set() | 0| 0.0 | 0.0 
2021-09-29 05:34:53,840 - INFO - load | 3 | (0.1, 0.4) | 1000 | 0 | set() | 0| 0.0 | 0.0 
2021-09-29 05:34:53,841 - INFO - load | 3 | (0.1, 0.45) | 1000 | 0 | set() | 0| 0.0 | 0.0 
2021-09-29 05:34:53,842 - INFO - load | 3 | (0.1, 0.5) | 1000 | 0 | set() | 0| 0.0 | 0.0 
2021-09-29 05:34:53,843 - INFO - load | 3 | (0.1, 0.55) | 1000 | 0 | set() | 0| 0.0 | 0.0 
2021-09-29 05:34:53,844 - INFO - load | 3 | (0.1, 0.6000000000000001) | 1000 | 0 | set() | 0| 0.0 | 0.0 
2021-09-29 05:34:53,845 - INFO - load | 3 | (0.1, 0.65) | 1000 | 0 | set() | 0| 0.0 | 0.0 
2021-09-29 05:34:53,846 - INFO - load | 3 | (0.1, 0.7000000000000001) | 1000 | 0 | set() | 0| 0.0 | 0.0 
2021-09-29 05:34:53,847 - INFO - load | 3 | (0.1, 0.75) | 1000 | 0 | set() | 0| 0.0 | 0.0 
2021-09-29 05:34:53,848 - INFO - load | 3 | (0.1, 0.8) | 1000 | 0 | set() | 0| 0.0 | 0.0 
2021-09-29 05:34:53,849 - INFO - load | 3 | (0.1, 0.8500000000000001) | 1000 | 0 | set() | 0| 0.0 | 0.0 
2021-09-29 05:34:53,850 - INFO - load | 3 | (0.1, 0.9) | 1000 | 0 | set() | 0| 0.0 | 0.0 
2021-09-29 05:34:53,851 - INFO - load | 3 | (0.1, 0.9500000000000001) | 1000 | 0 | set() | 0| 0.0 | 0.0 
2021-09-29 05:34:53,852 - INFO - load | 3 | (0.1, 1.0) | 1000 | 0 | set() | 0| 0.0 | 0.0 
2021-09-29 05:34:53,853 - INFO - load | 3 | (0.15000000000000002, 0.0) | 1000 | 0 | set() | 0| 0.0 | 0.0 
2021-09-29 05:34:53,854 - INFO - load | 3 | (0.15000000000000002, 0.05) | 1000 | 0 | set() | 0| 0.0 | 0.0 
2021-09-29 05:34:53,855 - INFO - load | 3 | (0.15000000000000002, 0.1) | 1000 | 0 | set() | 0| 0.0 | 0.0 
2021-09-29 05:34:53,856 - INFO - load | 3 | (0.15000000000000002, 0.15000000000000002) | 1000 | 0 | set() | 0| 0.0 | 0.0 
2021-09-29 05:34:53,857 - INFO - load | 3 | (0.15000000000000002, 0.2) | 1000 | 0 | set() | 0| 0.0 | 0.0 
2021-09-29 05:34:53,858 - INFO - load | 3 | (0.15000000000000002, 0.25) | 1000 | 0 | set() | 0| 0.0 | 0.0 
2021-09-29 05:34:53,859 - INFO - load | 3 | (0.15000000000000002, 0.30000000000000004) | 1000 | 0 | set() | 0| 0.0 | 0.0 
2021-09-29 05:34:53,860 - INFO - load | 3 | (0.15000000000000002, 0.35000000000000003) | 1000 | 0 | set() | 0| 0.0 | 0.0 
2021-09-29 05:34:53,862 - INFO - load | 3 | (0.15000000000000002, 0.4) | 1000 | 0 | set() | 0| 0.0 | 0.0 
2021-09-29 05:34:53,863 - INFO - load | 3 | (0.15000000000000002, 0.45) | 1000 | 0 | set() | 0| 0.0 | 0.0 
2021-09-29 05:34:53,864 - INFO - load | 3 | (0.15000000000000002, 0.5) | 1000 | 0 | set() | 0| 0.0 | 0.0 
2021-09-29 05:34:53,865 - INFO - load | 3 | (0.15000000000000002, 0.55) | 1000 | 0 | set() | 0| 0.0 | 0.0 
2021-09-29 05:34:53,866 - INFO - load | 3 | (0.15000000000000002, 0.6000000000000001) | 1000 | 0 | set() | 0| 0.0 | 0.0 
2021-09-29 05:34:53,867 - INFO - load | 3 | (0.15000000000000002, 0.65) | 1000 | 0 | set() | 0| 0.0 | 0.0 
2021-09-29 05:34:53,868 - INFO - load | 3 | (0.15000000000000002, 0.7000000000000001) | 1000 | 0 | set() | 0| 0.0 | 0.0 
2021-09-29 05:34:53,869 - INFO - load | 3 | (0.15000000000000002, 0.75) | 1000 | 0 | set() | 0| 0.0 | 0.0 
2021-09-29 05:34:53,870 - INFO - load | 3 | (0.15000000000000002, 0.8) | 1000 | 0 | set() | 0| 0.0 | 0.0 
2021-09-29 05:34:53,871 - INFO - load | 3 | (0.15000000000000002, 0.8500000000000001) | 1000 | 0 | set() | 0| 0.0 | 0.0 
2021-09-29 05:34:53,872 - INFO - load | 3 | (0.15000000000000002, 0.9) | 1000 | 0 | set() | 0| 0.0 | 0.0 
2021-09-29 05:34:53,873 - INFO - load | 3 | (0.15000000000000002, 0.9500000000000001) | 1000 | 0 | set() | 0| 0.0 | 0.0 
2021-09-29 05:34:53,874 - INFO - load | 3 | (0.15000000000000002, 1.0) | 1000 | 0 | set() | 0| 0.0 | 0.0 
2021-09-29 05:34:53,875 - INFO - load | 3 | (0.2, 0.0) | 1000 | 0 | set() | 0| 0.0 | 0.0 
2021-09-29 05:34:53,876 - INFO - load | 3 | (0.2, 0.05) | 1000 | 0 | set() | 0| 0.0 | 0.0 
2021-09-29 05:34:53,877 - INFO - load | 3 | (0.2, 0.1) | 1000 | 0 | set() | 0| 0.0 | 0.0 
2021-09-29 05:34:53,878 - INFO - load | 3 | (0.2, 0.15000000000000002) | 1000 | 0 | set() | 0| 0.0 | 0.0 
2021-09-29 05:34:53,879 - INFO - load | 3 | (0.2, 0.2) | 1000 | 0 | set() | 0| 0.0 | 0.0 
2021-09-29 05:34:53,880 - INFO - load | 3 | (0.2, 0.25) | 1000 | 0 | set() | 0| 0.0 | 0.0 
2021-09-29 05:34:53,881 - INFO - load | 3 | (0.2, 0.30000000000000004) | 1000 | 0 | set() | 0| 0.0 | 0.0 
2021-09-29 05:34:53,882 - INFO - load | 3 | (0.2, 0.35000000000000003) | 1000 | 0 | set() | 0| 0.0 | 0.0 
2021-09-29 05:34:53,883 - INFO - load | 3 | (0.2, 0.4) | 1000 | 0 | set() | 0| 0.0 | 0.0 
2021-09-29 05:34:53,884 - INFO - load | 3 | (0.2, 0.45) | 1000 | 0 | set() | 0| 0.0 | 0.0 
2021-09-29 05:34:53,885 - INFO - load | 3 | (0.2, 0.5) | 1000 | 0 | set() | 0| 0.0 | 0.0 
2021-09-29 05:34:53,886 - INFO - load | 3 | (0.2, 0.55) | 1000 | 0 | set() | 0| 0.0 | 0.0 
2021-09-29 05:34:53,887 - INFO - load | 3 | (0.2, 0.6000000000000001) | 1000 | 0 | set() | 0| 0.0 | 0.0 
2021-09-29 05:34:53,888 - INFO - load | 3 | (0.2, 0.65) | 1000 | 0 | set() | 0| 0.0 | 0.0 
2021-09-29 05:34:53,889 - INFO - load | 3 | (0.2, 0.7000000000000001) | 1000 | 0 | set() | 0| 0.0 | 0.0 
2021-09-29 05:34:53,890 - INFO - load | 3 | (0.2, 0.75) | 1000 | 0 | set() | 0| 0.0 | 0.0 
2021-09-29 05:34:53,891 - INFO - load | 3 | (0.2, 0.8) | 1000 | 0 | set() | 0| 0.0 | 0.0 
2021-09-29 05:34:53,892 - INFO - load | 3 | (0.2, 0.8500000000000001) | 1000 | 0 | set() | 0| 0.0 | 0.0 
2021-09-29 05:34:53,893 - INFO - load | 3 | (0.2, 0.9) | 1000 | 0 | set() | 0| 0.0 | 0.0 
2021-09-29 05:34:53,894 - INFO - load | 3 | (0.2, 0.9500000000000001) | 1000 | 0 | set() | 0| 0.0 | 0.0 
2021-09-29 05:34:53,895 - INFO - load | 3 | (0.2, 1.0) | 1000 | 0 | set() | 0| 0.0 | 0.0 
2021-09-29 05:34:53,896 - INFO - load | 3 | (0.25, 0.0) | 1000 | 0 | set() | 0| 0.0 | 0.0 
2021-09-29 05:34:53,897 - INFO - load | 3 | (0.25, 0.05) | 1000 | 0 | set() | 0| 0.0 | 0.0 
2021-09-29 05:34:53,898 - INFO - load | 3 | (0.25, 0.1) | 1000 | 0 | set() | 0| 0.0 | 0.0 
2021-09-29 05:34:53,899 - INFO - load | 3 | (0.25, 0.15000000000000002) | 1000 | 0 | set() | 0| 0.0 | 0.0 
2021-09-29 05:34:53,900 - INFO - load | 3 | (0.25, 0.2) | 1000 | 0 | set() | 0| 0.0 | 0.0 
2021-09-29 05:34:53,901 - INFO - load | 3 | (0.25, 0.25) | 1000 | 0 | set() | 0| 0.0 | 0.0 
2021-09-29 05:34:53,902 - INFO - load | 3 | (0.25, 0.30000000000000004) | 1000 | 0 | set() | 0| 0.0 | 0.0 
2021-09-29 05:34:53,903 - INFO - load | 3 | (0.25, 0.35000000000000003) | 1000 | 0 | set() | 0| 0.0 | 0.0 
2021-09-29 05:34:53,904 - INFO - load | 3 | (0.25, 0.4) | 1000 | 0 | set() | 0| 0.0 | 0.0 
2021-09-29 05:34:53,905 - INFO - load | 3 | (0.25, 0.45) | 1000 | 0 | set() | 0| 0.0 | 0.0 
2021-09-29 05:34:53,906 - INFO - load | 3 | (0.25, 0.5) | 1000 | 0 | set() | 0| 0.0 | 0.0 
2021-09-29 05:34:53,907 - INFO - load | 3 | (0.25, 0.55) | 1000 | 0 | set() | 0| 0.0 | 0.0 
2021-09-29 05:34:53,908 - INFO - load | 3 | (0.25, 0.6000000000000001) | 1000 | 0 | set() | 0| 0.0 | 0.0 
2021-09-29 05:34:53,909 - INFO - load | 3 | (0.25, 0.65) | 1000 | 0 | set() | 0| 0.0 | 0.0 
2021-09-29 05:34:53,910 - INFO - load | 3 | (0.25, 0.7000000000000001) | 1000 | 0 | set() | 0| 0.0 | 0.0 
2021-09-29 05:34:53,911 - INFO - load | 3 | (0.25, 0.75) | 1000 | 0 | set() | 0| 0.0 | 0.0 
2021-09-29 05:34:53,912 - INFO - load | 3 | (0.25, 0.8) | 1000 | 0 | set() | 0| 0.0 | 0.0 
2021-09-29 05:34:53,913 - INFO - load | 3 | (0.25, 0.8500000000000001) | 1000 | 0 | set() | 0| 0.0 | 0.0 
2021-09-29 05:34:53,914 - INFO - load | 3 | (0.25, 0.9) | 1000 | 0 | set() | 0| 0.0 | 0.0 
2021-09-29 05:34:53,915 - INFO - load | 3 | (0.25, 0.9500000000000001) | 1000 | 0 | set() | 0| 0.0 | 0.0 
2021-09-29 05:34:56,113 - INFO - compute | 3 | (0.25, 1.0) | 1000 | 1 | {20} | 83046| 0.0 | 22503.165705946223 
2021-09-29 05:34:56,388 - INFO - compute | 3 | (0.30000000000000004, 0.0) | 136 | 0 | set() | 0| 0.0 | 0.0 
2021-09-29 05:34:56,450 - INFO - load | 3 | (0.30000000000000004, 0.05) | 136 | 0 | set() | 0| 0.0 | 0.0 
2021-09-29 05:34:56,521 - INFO - load | 3 | (0.30000000000000004, 0.1) | 136 | 0 | set() | 0| 0.0 | 0.0 
2021-09-29 05:34:56,659 - INFO - load | 3 | (0.30000000000000004, 0.15000000000000002) | 136 | 0 | set() | 0| 0.0 | 0.0 
2021-09-29 05:34:56,786 - INFO - load | 3 | (0.30000000000000004, 0.2) | 136 | 0 | set() | 0| 0.0 | 0.0 
2021-09-29 05:34:56,865 - INFO - load | 3 | (0.30000000000000004, 0.25) | 136 | 0 | set() | 0| 0.0 | 0.0 
2021-09-29 05:34:57,482 - INFO - load | 3 | (0.30000000000000004, 0.30000000000000004) | 136 | 0 | set() | 0| 0.0 | 0.0 
2021-09-29 05:34:57,668 - INFO - load | 3 | (0.30000000000000004, 0.35000000000000003) | 136 | 0 | set() | 0| 0.0 | 0.0 
2021-09-29 05:34:57,805 - INFO - load | 3 | (0.30000000000000004, 0.4) | 136 | 0 | set() | 0| 0.0 | 0.0 
2021-09-29 05:34:57,906 - INFO - load | 3 | (0.30000000000000004, 0.45) | 136 | 0 | set() | 0| 0.0 | 0.0 
2021-09-29 05:34:57,986 - INFO - load | 3 | (0.30000000000000004, 0.5) | 136 | 0 | set() | 0| 0.0 | 0.0 
2021-09-29 05:34:58,060 - INFO - load | 3 | (0.30000000000000004, 0.55) | 136 | 0 | set() | 0| 0.0 | 0.0 
2021-09-29 05:34:58,160 - INFO - load | 3 | (0.30000000000000004, 0.6000000000000001) | 136 | 0 | set() | 0| 0.0 | 0.0 
2021-09-29 05:34:58,277 - INFO - load | 3 | (0.30000000000000004, 0.65) | 136 | 0 | set() | 0| 0.0 | 0.0 
2021-09-29 05:34:58,346 - INFO - load | 3 | (0.30000000000000004, 0.7000000000000001) | 136 | 0 | set() | 0| 0.0 | 0.0 
2021-09-29 05:34:58,407 - INFO - load | 3 | (0.30000000000000004, 0.75) | 136 | 0 | set() | 0| 0.0 | 0.0 
2021-09-29 05:34:58,469 - INFO - load | 3 | (0.30000000000000004, 0.8) | 136 | 0 | set() | 0| 0.0 | 0.0 
2021-09-29 05:34:58,921 - INFO - compute | 3 | (0.30000000000000004, 0.8500000000000001) | 136 | 1 | {20} | 9442| 424.8899999999999 | 3209.1727566465097 
2021-09-29 05:34:59,619 - INFO - compute | 3 | (0.30000000000000004, 0.9) | 136 | 2 | {40, 20} | 15573| 467.18999999999954 | 5302.644731135798 
2021-09-29 05:34:59,750 - INFO - load | 3 | (0.30000000000000004, 0.9500000000000001) | 136 | 2 | {40, 20} | 15573| 233.59499999999935 | 5302.644731135798 
2021-09-29 05:34:59,847 - INFO - load | 3 | (0.30000000000000004, 1.0) | 136 | 2 | {40, 20} | 15573| 0.0 | 5302.644731135798 
2021-09-29 05:35:00,015 - INFO - compute | 3 | (0.35000000000000003, 0.0) | 47 | 0 | set() | 0| 0.0 | 0.0 
2021-09-29 05:35:00,124 - INFO - load | 3 | (0.35000000000000003, 0.05) | 47 | 0 | set() | 0| 0.0 | 0.0 
2021-09-29 05:35:00,239 - INFO - load | 3 | (0.35000000000000003, 0.1) | 47 | 0 | set() | 0| 0.0 | 0.0 
2021-09-29 05:35:00,343 - INFO - load | 3 | (0.35000000000000003, 0.15000000000000002) | 47 | 0 | set() | 0| 0.0 | 0.0 
2021-09-29 05:35:00,427 - INFO - load | 3 | (0.35000000000000003, 0.2) | 47 | 0 | set() | 0| 0.0 | 0.0 
2021-09-29 05:35:00,506 - INFO - load | 3 | (0.35000000000000003, 0.25) | 47 | 0 | set() | 0| 0.0 | 0.0 
2021-09-29 05:35:00,590 - INFO - load | 3 | (0.35000000000000003, 0.30000000000000004) | 47 | 0 | set() | 0| 0.0 | 0.0 
2021-09-29 05:35:00,660 - INFO - load | 3 | (0.35000000000000003, 0.35000000000000003) | 47 | 0 | set() | 0| 0.0 | 0.0 
2021-09-29 05:35:00,729 - INFO - load | 3 | (0.35000000000000003, 0.4) | 47 | 0 | set() | 0| 0.0 | 0.0 
2021-09-29 05:35:00,798 - INFO - load | 3 | (0.35000000000000003, 0.45) | 47 | 0 | set() | 0| 0.0 | 0.0 
2021-09-29 05:35:00,869 - INFO - load | 3 | (0.35000000000000003, 0.5) | 47 | 0 | set() | 0| 0.0 | 0.0 
2021-09-29 05:35:00,937 - INFO - load | 3 | (0.35000000000000003, 0.55) | 47 | 0 | set() | 0| 0.0 | 0.0 
2021-09-29 05:35:01,007 - INFO - load | 3 | (0.35000000000000003, 0.6000000000000001) | 47 | 0 | set() | 0| 0.0 | 0.0 
2021-09-29 05:35:01,076 - INFO - load | 3 | (0.35000000000000003, 0.65) | 47 | 0 | set() | 0| 0.0 | 0.0 
2021-09-29 05:35:01,262 - INFO - compute | 3 | (0.35000000000000003, 0.7000000000000001) | 47 | 1 | {20} | 2714| 284.96999999999997 | 1079.2520033807903 
2021-09-29 05:35:01,342 - INFO - load | 3 | (0.35000000000000003, 0.75) | 47 | 1 | {20} | 2714| 237.47500000000005 | 1079.2520033807903 
2021-09-29 05:35:01,572 - INFO - compute | 3 | (0.35000000000000003, 0.8) | 47 | 2 | {40, 20} | 4563| 319.41 | 1816.1935020023584 
2021-09-29 05:35:01,656 - INFO - load | 3 | (0.35000000000000003, 0.8500000000000001) | 47 | 2 | {40, 20} | 4563| 239.55749999999995 | 1816.1935020023584 
2021-09-29 05:35:01,928 - INFO - compute | 3 | (0.35000000000000003, 0.9) | 47 | 3 | {40, 25, 20} | 6666| 233.30999999999983 | 2680.2652831088 
2021-09-29 05:35:02,006 - INFO - load | 3 | (0.35000000000000003, 0.9500000000000001) | 47 | 3 | {40, 25, 20} | 6666| 116.65499999999973 | 2680.2652831088 
2021-09-29 05:35:02,081 - INFO - load | 3 | (0.35000000000000003, 1.0) | 47 | 3 | {40, 25, 20} | 6666| 0.0 | 2680.2652831088 
2021-09-29 05:35:02,179 - INFO - compute | 3 | (0.4, 0.0) | 19 | 0 | set() | 0| 0.0 | 0.0 
2021-09-29 05:35:02,258 - INFO - load | 3 | (0.4, 0.05) | 19 | 0 | set() | 0| 0.0 | 0.0 
2021-09-29 05:35:02,337 - INFO - load | 3 | (0.4, 0.1) | 19 | 0 | set() | 0| 0.0 | 0.0 
2021-09-29 05:35:02,413 - INFO - load | 3 | (0.4, 0.15000000000000002) | 19 | 0 | set() | 0| 0.0 | 0.0 
2021-09-29 05:35:02,491 - INFO - load | 3 | (0.4, 0.2) | 19 | 0 | set() | 0| 0.0 | 0.0 
2021-09-29 05:35:02,571 - INFO - load | 3 | (0.4, 0.25) | 19 | 0 | set() | 0| 0.0 | 0.0 
2021-09-29 05:35:02,648 - INFO - load | 3 | (0.4, 0.30000000000000004) | 19 | 0 | set() | 0| 0.0 | 0.0 
2021-09-29 05:35:02,730 - INFO - load | 3 | (0.4, 0.35000000000000003) | 19 | 0 | set() | 0| 0.0 | 0.0 
2021-09-29 05:35:02,809 - INFO - load | 3 | (0.4, 0.4) | 19 | 0 | set() | 0| 0.0 | 0.0 
2021-09-29 05:35:02,886 - INFO - load | 3 | (0.4, 0.45) | 19 | 0 | set() | 0| 0.0 | 0.0 
2021-09-29 05:35:02,964 - INFO - load | 3 | (0.4, 0.5) | 19 | 0 | set() | 0| 0.0 | 0.0 
2021-09-29 05:35:03,043 - INFO - load | 3 | (0.4, 0.55) | 19 | 0 | set() | 0| 0.0 | 0.0 
2021-09-29 05:35:03,120 - INFO - load | 3 | (0.4, 0.6000000000000001) | 19 | 0 | set() | 0| 0.0 | 0.0 
2021-09-29 05:35:03,241 - INFO - compute | 3 | (0.4, 0.65) | 19 | 1 | {20} | 932| 130.48000000000002 | 416.0358810068182 
2021-09-29 05:35:03,381 - INFO - compute | 3 | (0.4, 0.7000000000000001) | 19 | 2 | {40, 20} | 1513| 181.56 | 680.4263201822545 
2021-09-29 05:35:03,462 - INFO - load | 3 | (0.4, 0.75) | 19 | 2 | {40, 20} | 1513| 151.29999999999995 | 680.4263201822545 
2021-09-29 05:35:03,618 - INFO - compute | 3 | (0.4, 0.8) | 19 | 3 | {40, 25, 20} | 2399| 191.9199999999999 | 1090.8009268193227 
2021-09-29 05:35:03,700 - INFO - load | 3 | (0.4, 0.8500000000000001) | 19 | 3 | {40, 25, 20} | 2399| 143.93999999999986 | 1090.8009268193227 
2021-09-29 05:35:03,779 - INFO - load | 3 | (0.4, 0.9) | 19 | 3 | {40, 25, 20} | 2399| 95.95999999999995 | 1090.8009268193227 
2021-09-29 05:35:04,052 - INFO - compute | 3 | (0.4, 0.9500000000000001) | 19 | 4 | (25, 20, 62) | 2447| 48.939999999999905 | 1108.2262652563447 
2021-09-29 05:35:04,573 - INFO - compute | 3 | (0.4, 1.0) | 19 | 5 | (50, 20, 25) | 2478| 0.0 | 1128.0511919024686 
2021-09-29 05:35:04,662 - INFO - compute | 3 | (0.45, 0.0) | 6 | 0 | set() | 0| 0.0 | 0.0 
2021-09-29 05:35:04,746 - INFO - load | 3 | (0.45, 0.05) | 6 | 0 | set() | 0| 0.0 | 0.0 
2021-09-29 05:35:04,826 - INFO - load | 3 | (0.45, 0.1) | 6 | 0 | set() | 0| 0.0 | 0.0 
2021-09-29 05:35:04,914 - INFO - load | 3 | (0.45, 0.15000000000000002) | 6 | 0 | set() | 0| 0.0 | 0.0 
2021-09-29 05:35:05,001 - INFO - load | 3 | (0.45, 0.2) | 6 | 0 | set() | 0| 0.0 | 0.0 
2021-09-29 05:35:05,088 - INFO - load | 3 | (0.45, 0.25) | 6 | 0 | set() | 0| 0.0 | 0.0 
2021-09-29 05:35:05,174 - INFO - load | 3 | (0.45, 0.30000000000000004) | 6 | 0 | set() | 0| 0.0 | 0.0 
2021-09-29 05:35:05,261 - INFO - load | 3 | (0.45, 0.35000000000000003) | 6 | 0 | set() | 0| 0.0 | 0.0 
2021-09-29 05:35:05,349 - INFO - load | 3 | (0.45, 0.4) | 6 | 0 | set() | 0| 0.0 | 0.0 
2021-09-29 05:35:05,441 - INFO - load | 3 | (0.45, 0.45) | 6 | 0 | set() | 0| 0.0 | 0.0 
2021-09-29 05:35:05,528 - INFO - load | 3 | (0.45, 0.5) | 6 | 0 | set() | 0| 0.0 | 0.0 
2021-09-29 05:35:05,631 - INFO - compute | 3 | (0.45, 0.55) | 6 | 1 | {20} | 229| 46.372499999999995 | 118.12006834542431 
2021-09-29 05:35:05,743 - INFO - compute | 3 | (0.45, 0.6000000000000001) | 6 | 2 | {40, 20} | 380| 68.39999999999998 | 199.4830721823963 
2021-09-29 05:35:05,838 - INFO - load | 3 | (0.45, 0.65) | 6 | 2 | {40, 20} | 380| 59.84999999999999 | 199.4830721823963 
2021-09-29 05:35:05,958 - INFO - compute | 3 | (0.45, 0.7000000000000001) | 6 | 3 | {40, 25, 20} | 631| 85.18499999999997 | 338.60530227661246 
2021-09-29 05:35:06,056 - INFO - load | 3 | (0.45, 0.75) | 6 | 3 | {40, 25, 20} | 631| 70.9875 | 338.60530227661246 
2021-09-29 05:35:06,146 - INFO - load | 3 | (0.45, 0.8) | 6 | 3 | {40, 25, 20} | 631| 56.78999999999998 | 338.60530227661246 
2021-09-29 05:35:06,303 - INFO - compute | 3 | (0.45, 0.8500000000000001) | 6 | 4 | (40, 25, 20) | 631| 42.592499999999966 | 338.60530227661246 
2021-09-29 05:35:06,545 - INFO - compute | 3 | (0.45, 0.9) | 6 | 5 | (50, 20, 25) | 656| 29.51999999999999 | 352.80532617671344 
2021-09-29 05:35:06,640 - INFO - load | 3 | (0.45, 0.9500000000000001) | 6 | 5 | (50, 20, 25) | 656| 14.759999999999977 | 352.80532617671344 
2021-09-29 05:35:06,728 - INFO - load | 3 | (0.45, 1.0) | 6 | 5 | (50, 20, 25) | 656| 0.0 | 352.80532617671344 
2021-09-29 05:35:06,821 - INFO - compute | 3 | (0.5, 0.0) | 4 | 0 | set() | 0| 0.0 | 0.0 
2021-09-29 05:35:06,910 - INFO - load | 3 | (0.5, 0.05) | 4 | 0 | set() | 0| 0.0 | 0.0 
2021-09-29 05:35:06,998 - INFO - load | 3 | (0.5, 0.1) | 4 | 0 | set() | 0| 0.0 | 0.0 
2021-09-29 05:35:07,087 - INFO - load | 3 | (0.5, 0.15000000000000002) | 4 | 0 | set() | 0| 0.0 | 0.0 
2021-09-29 05:35:07,176 - INFO - load | 3 | (0.5, 0.2) | 4 | 0 | set() | 0| 0.0 | 0.0 
2021-09-29 05:35:07,267 - INFO - load | 3 | (0.5, 0.25) | 4 | 0 | set() | 0| 0.0 | 0.0 
2021-09-29 05:35:07,363 - INFO - load | 3 | (0.5, 0.30000000000000004) | 4 | 0 | set() | 0| 0.0 | 0.0 
2021-09-29 05:35:07,458 - INFO - load | 3 | (0.5, 0.35000000000000003) | 4 | 0 | set() | 0| 0.0 | 0.0 
2021-09-29 05:35:07,549 - INFO - load | 3 | (0.5, 0.4) | 4 | 0 | set() | 0| 0.0 | 0.0 
2021-09-29 05:35:07,644 - INFO - load | 3 | (0.5, 0.45) | 4 | 0 | set() | 0| 0.0 | 0.0 
2021-09-29 05:35:07,750 - INFO - compute | 3 | (0.5, 0.5) | 4 | 1 | {20} | 128| 32.0 | 71.02824951023545 
2021-09-29 05:35:07,861 - INFO - compute | 3 | (0.5, 0.55) | 4 | 2 | {40, 20} | 202| 45.449999999999996 | 116.47745378347804 
2021-09-29 05:35:07,958 - INFO - load | 3 | (0.5, 0.6000000000000001) | 4 | 2 | {40, 20} | 202| 40.39999999999999 | 116.47745378347804 
2021-09-29 05:35:08,074 - INFO - compute | 3 | (0.5, 0.65) | 4 | 3 | {40, 25, 20} | 349| 61.074999999999996 | 207.09468190363452 
2021-09-29 05:35:08,177 - INFO - load | 3 | (0.5, 0.7000000000000001) | 4 | 3 | {40, 25, 20} | 349| 52.34999999999999 | 207.09468190363452 
2021-09-29 05:35:08,319 - INFO - compute | 3 | (0.5, 0.75) | 4 | 4 | (25, 20, 62) | 360| 45.0 | 209.1969719492595 
2021-09-29 05:35:08,525 - INFO - compute | 3 | (0.5, 0.8) | 4 | 5 | (50, 20, 25) | 384| 38.39999999999999 | 225.96960135586195 
2021-09-29 05:35:08,628 - INFO - load | 3 | (0.5, 0.8500000000000001) | 4 | 5 | (50, 20, 25) | 384| 28.799999999999983 | 225.96960135586195 
2021-09-29 05:35:08,728 - INFO - load | 3 | (0.5, 0.9) | 4 | 5 | (50, 20, 25) | 384| 19.199999999999996 | 225.96960135586195 
2021-09-29 05:35:08,829 - INFO - load | 3 | (0.5, 0.9500000000000001) | 4 | 5 | (50, 20, 25) | 384| 9.599999999999987 | 225.96960135586195 
2021-09-29 05:35:09,113 - INFO - compute | 3 | (0.5, 1.0) | 4 | 6 | (42, 50, 25) | 401| 0.0 | 241.59372930902458 
2021-09-29 05:35:09,224 - INFO - compute | 3 | (0.55, 0.0) | 3 | 0 | set() | 0| 0.0 | 0.0 
2021-09-29 05:35:09,329 - INFO - load | 3 | (0.55, 0.05) | 3 | 0 | set() | 0| 0.0 | 0.0 
2021-09-29 05:35:09,426 - INFO - load | 3 | (0.55, 0.1) | 3 | 0 | set() | 0| 0.0 | 0.0 
2021-09-29 05:35:09,522 - INFO - load | 3 | (0.55, 0.15000000000000002) | 3 | 0 | set() | 0| 0.0 | 0.0 
2021-09-29 05:35:09,617 - INFO - load | 3 | (0.55, 0.2) | 3 | 0 | set() | 0| 0.0 | 0.0 
2021-09-29 05:35:09,713 - INFO - load | 3 | (0.55, 0.25) | 3 | 0 | set() | 0| 0.0 | 0.0 
2021-09-29 05:35:09,809 - INFO - load | 3 | (0.55, 0.30000000000000004) | 3 | 0 | set() | 0| 0.0 | 0.0 
2021-09-29 05:35:09,910 - INFO - load | 3 | (0.55, 0.35000000000000003) | 3 | 0 | set() | 0| 0.0 | 0.0 
2021-09-29 05:35:10,013 - INFO - load | 3 | (0.55, 0.4) | 3 | 0 | set() | 0| 0.0 | 0.0 
2021-09-29 05:35:10,123 - INFO - compute | 3 | (0.55, 0.45) | 3 | 1 | {20} | 78| 23.595 | 45.45902820348294 
2021-09-29 05:35:10,241 - INFO - compute | 3 | (0.55, 0.5) | 3 | 2 | {40, 20} | 152| 41.800000000000004 | 90.90823247672554 
2021-09-29 05:35:10,362 - INFO - compute | 3 | (0.55, 0.55) | 3 | 3 | {40, 25, 20} | 246| 60.885 | 154.42208601172436 
2021-09-29 05:35:10,468 - INFO - load | 3 | (0.55, 0.6000000000000001) | 3 | 3 | {40, 25, 20} | 246| 54.11999999999999 | 154.42208601172436 
2021-09-29 05:35:10,577 - INFO - load | 3 | (0.55, 0.65) | 3 | 3 | {40, 25, 20} | 246| 47.355000000000004 | 154.42208601172436 
2021-09-29 05:35:10,716 - INFO - compute | 3 | (0.55, 0.7000000000000001) | 3 | 4 | (40, 25, 20) | 246| 40.589999999999996 | 154.42208601172436 
2021-09-29 05:35:10,896 - INFO - compute | 3 | (0.55, 0.75) | 3 | 5 | (40, 50, 25) | 250| 34.375 | 159.19582740376717 
2021-09-29 05:35:11,003 - INFO - load | 3 | (0.55, 0.8) | 3 | 5 | (40, 50, 25) | 250| 27.499999999999996 | 159.19582740376717 
2021-09-29 05:35:11,109 - INFO - load | 3 | (0.55, 0.8500000000000001) | 3 | 5 | (40, 50, 25) | 250| 20.62499999999999 | 159.19582740376717 
2021-09-29 05:35:11,359 - INFO - compute | 3 | (0.55, 0.9) | 3 | 6 | (42, 50, 25) | 275| 15.124999999999998 | 177.15929161600823 
2021-09-29 05:35:11,834 - INFO - compute | 3 | (0.55, 0.9500000000000001) | 3 | 8 | (42, 50, 25) | 275| 7.562499999999991 | 177.15929161600823 
2021-09-29 05:35:12,491 - INFO - compute | 3 | (0.55, 1.0) | 3 | 9 | (42, 50, 25) | 275| 0.0 | 177.15929161600823 
2021-09-29 05:35:12,601 - INFO - compute | 3 | (0.6000000000000001, 0.0) | 1 | 0 | set() | 0| 0.0 | 0.0 
2021-09-29 05:35:12,713 - INFO - load | 3 | (0.6000000000000001, 0.05) | 1 | 0 | set() | 0| 0.0 | 0.0 
2021-09-29 05:35:12,826 - INFO - load | 3 | (0.6000000000000001, 0.1) | 1 | 0 | set() | 0| 0.0 | 0.0 
2021-09-29 05:35:12,935 - INFO - load | 3 | (0.6000000000000001, 0.15000000000000002) | 1 | 0 | set() | 0| 0.0 | 0.0 
2021-09-29 05:35:13,045 - INFO - load | 3 | (0.6000000000000001, 0.2) | 1 | 0 | set() | 0| 0.0 | 0.0 
2021-09-29 05:35:13,153 - INFO - load | 3 | (0.6000000000000001, 0.25) | 1 | 0 | set() | 0| 0.0 | 0.0 
2021-09-29 05:35:13,265 - INFO - load | 3 | (0.6000000000000001, 0.30000000000000004) | 1 | 0 | set() | 0| 0.0 | 0.0 
2021-09-29 05:35:13,376 - INFO - load | 3 | (0.6000000000000001, 0.35000000000000003) | 1 | 0 | set() | 0| 0.0 | 0.0 
2021-09-29 05:35:13,488 - INFO - load | 3 | (0.6000000000000001, 0.4) | 1 | 0 | set() | 0| 0.0 | 0.0 
2021-09-29 05:35:13,603 - INFO - compute | 3 | (0.6000000000000001, 0.45) | 1 | 2 | {40, 20} | 13| 4.29 | 9.960171044260534 
2021-09-29 05:35:13,715 - INFO - load | 3 | (0.6000000000000001, 0.5) | 1 | 2 | {40, 20} | 13| 3.9000000000000004 | 9.960171044260534 
2021-09-29 05:35:13,837 - INFO - compute | 3 | (0.6000000000000001, 0.55) | 1 | 3 | {40, 25, 20} | 62| 16.740000000000002 | 47.502354211088694 
2021-09-29 05:35:13,952 - INFO - load | 3 | (0.6000000000000001, 0.6000000000000001) | 1 | 3 | {40, 25, 20} | 62| 14.879999999999999 | 47.502354211088694 
2021-09-29 05:35:14,076 - INFO - compute | 3 | (0.6000000000000001, 0.65) | 1 | 4 | (40, 25, 62) | 62| 13.020000000000001 | 47.502354211088694 
2021-09-29 05:35:14,216 - INFO - compute | 3 | (0.6000000000000001, 0.7000000000000001) | 1 | 5 | (40, 50, 25) | 76| 13.68 | 58.22869225875388 
2021-09-29 05:35:14,337 - INFO - load | 3 | (0.6000000000000001, 0.75) | 1 | 5 | (40, 50, 25) | 76| 11.400000000000002 | 58.22869225875388 
2021-09-29 05:35:14,453 - INFO - load | 3 | (0.6000000000000001, 0.8) | 1 | 5 | (40, 50, 25) | 76| 9.12 | 58.22869225875388 
2021-09-29 05:35:14,645 - INFO - compute | 3 | (0.6000000000000001, 0.8500000000000001) | 1 | 7 | (42, 50, 25) | 95| 8.549999999999997 | 72.78586532344235 
2021-09-29 05:35:14,938 - INFO - compute | 3 | (0.6000000000000001, 0.9) | 1 | 9 | (42, 50, 25) | 95| 5.699999999999995 | 72.78586532344235 
2021-09-29 05:35:15,650 - INFO - compute | 3 | (0.6000000000000001, 0.9500000000000001) | 1 | 13 | (73, 42, 25) | 101| 3.0299999999999914 | 77.38286734387029 
2021-09-29 05:35:18,161 - INFO - compute | 3 | (0.6000000000000001, 1.0) | 1 | 20 | (39, 149, 25) | 116| 0.0 | 88.87537239494014 
2021-09-29 05:35:18,272 - INFO - load | 3 | (0.65, 0.0) | 1 | 0 | set() | 0| 0.0 | 0.0 
2021-09-29 05:35:18,383 - INFO - load | 3 | (0.65, 0.05) | 1 | 0 | set() | 0| 0.0 | 0.0 
2021-09-29 05:35:18,496 - INFO - load | 3 | (0.65, 0.1) | 1 | 0 | set() | 0| 0.0 | 0.0 
2021-09-29 05:35:18,605 - INFO - load | 3 | (0.65, 0.15000000000000002) | 1 | 0 | set() | 0| 0.0 | 0.0 
2021-09-29 05:35:18,715 - INFO - load | 3 | (0.65, 0.2) | 1 | 0 | set() | 0| 0.0 | 0.0 
2021-09-29 05:35:18,833 - INFO - load | 3 | (0.65, 0.25) | 1 | 0 | set() | 0| 0.0 | 0.0 
2021-09-29 05:35:18,945 - INFO - load | 3 | (0.65, 0.30000000000000004) | 1 | 0 | set() | 0| 0.0 | 0.0 
2021-09-29 05:35:19,054 - INFO - load | 3 | (0.65, 0.35000000000000003) | 1 | 0 | set() | 0| 0.0 | 0.0 
2021-09-29 05:35:19,177 - INFO - compute | 3 | (0.65, 0.4) | 1 | 1 | {20} | 0| 0.0 | 0.0 
2021-09-29 05:35:19,293 - INFO - load | 3 | (0.65, 0.45) | 1 | 2 | {40, 20} | 13| 4.6475 | 9.960171044260534 
2021-09-29 05:35:19,406 - INFO - load | 3 | (0.65, 0.5) | 1 | 3 | {40, 25, 20} | 62| 20.150000000000002 | 47.502354211088694 
2021-09-29 05:35:19,520 - INFO - load | 3 | (0.65, 0.55) | 1 | 3 | {40, 25, 20} | 62| 18.134999999999998 | 47.502354211088694 
2021-09-29 05:35:19,636 - INFO - load | 3 | (0.65, 0.6000000000000001) | 1 | 4 | (40, 25, 62) | 62| 16.119999999999997 | 47.502354211088694 
2021-09-29 05:35:19,753 - INFO - load | 3 | (0.65, 0.65) | 1 | 5 | (40, 50, 25) | 76| 17.29 | 58.22869225875388 
2021-09-29 05:35:19,868 - INFO - load | 3 | (0.65, 0.7000000000000001) | 1 | 5 | (40, 50, 25) | 76| 14.819999999999997 | 58.22869225875388 
2021-09-29 05:35:20,038 - INFO - compute | 3 | (0.65, 0.75) | 1 | 6 | (42, 50, 25) | 95| 15.437499999999998 | 72.78586532344235 
2021-09-29 05:35:20,275 - INFO - compute | 3 | (0.65, 0.8) | 1 | 8 | (42, 50, 25) | 95| 12.35 | 72.78586532344235 
2021-09-29 05:35:20,388 - INFO - load | 3 | (0.65, 0.8500000000000001) | 1 | 9 | (42, 50, 25) | 95| 9.262499999999992 | 72.78586532344235 
2021-09-29 05:35:22,207 - INFO - compute | 3 | (0.65, 0.9) | 1 | 18 | (39, 149, 25) | 116| 7.539999999999994 | 88.87537239494014 
2021-09-29 05:35:26,532 - INFO - compute | 3 | (0.65, 0.9500000000000001) | 1 | 24 | (25, 37, 39) | 137| 4.452499999999996 | 104.96487946643792 
2021-09-29 05:36:02,366 - INFO - compute | 3 | (0.65, 1.0) | 1 | 48 | (25, 37, 39) | 137| 0.0 | 104.96487946643792 
2021-09-29 05:36:02,472 - INFO - load | 3 | (0.7000000000000001, 0.0) | 1 | 0 | set() | 0| 0.0 | 0.0 
2021-09-29 05:36:02,575 - INFO - load | 3 | (0.7000000000000001, 0.05) | 1 | 0 | set() | 0| 0.0 | 0.0 
2021-09-29 05:36:02,679 - INFO - load | 3 | (0.7000000000000001, 0.1) | 1 | 0 | set() | 0| 0.0 | 0.0 
2021-09-29 05:36:02,782 - INFO - load | 3 | (0.7000000000000001, 0.15000000000000002) | 1 | 0 | set() | 0| 0.0 | 0.0 
2021-09-29 05:36:02,885 - INFO - load | 3 | (0.7000000000000001, 0.2) | 1 | 0 | set() | 0| 0.0 | 0.0 
2021-09-29 05:36:02,989 - INFO - load | 3 | (0.7000000000000001, 0.25) | 1 | 0 | set() | 0| 0.0 | 0.0 
2021-09-29 05:36:03,093 - INFO - load | 3 | (0.7000000000000001, 0.30000000000000004) | 1 | 0 | set() | 0| 0.0 | 0.0 
2021-09-29 05:36:03,206 - INFO - load | 3 | (0.7000000000000001, 0.35000000000000003) | 1 | 1 | {20} | 0| 0.0 | 0.0 
2021-09-29 05:36:03,312 - INFO - load | 3 | (0.7000000000000001, 0.4) | 1 | 2 | {40, 20} | 13| 5.460000000000001 | 9.960171044260534 
2021-09-29 05:36:03,419 - INFO - load | 3 | (0.7000000000000001, 0.45) | 1 | 3 | {40, 25, 20} | 62| 23.87 | 47.502354211088694 
2021-09-29 05:36:03,526 - INFO - load | 3 | (0.7000000000000001, 0.5) | 1 | 3 | {40, 25, 20} | 62| 21.700000000000003 | 47.502354211088694 
2021-09-29 05:36:03,634 - INFO - load | 3 | (0.7000000000000001, 0.55) | 1 | 4 | (40, 25, 62) | 62| 19.53 | 47.502354211088694 
2021-09-29 05:36:03,742 - INFO - load | 3 | (0.7000000000000001, 0.6000000000000001) | 1 | 5 | (40, 50, 25) | 76| 21.279999999999998 | 58.22869225875388 
2021-09-29 05:36:03,856 - INFO - load | 3 | (0.7000000000000001, 0.65) | 1 | 5 | (40, 50, 25) | 76| 18.62 | 58.22869225875388 
2021-09-29 05:36:03,973 - INFO - load | 3 | (0.7000000000000001, 0.7000000000000001) | 1 | 6 | (42, 50, 25) | 95| 19.949999999999996 | 72.78586532344235 
2021-09-29 05:36:04,090 - INFO - load | 3 | (0.7000000000000001, 0.75) | 1 | 8 | (42, 50, 25) | 95| 16.625000000000004 | 72.78586532344235 
2021-09-29 05:36:04,668 - INFO - compute | 3 | (0.7000000000000001, 0.8) | 1 | 12 | (42, 50, 25) | 95| 13.3 | 72.78586532344235 
2021-09-29 05:36:04,782 - INFO - load | 3 | (0.7000000000000001, 0.8500000000000001) | 1 | 20 | (39, 149, 25) | 116| 12.179999999999998 | 88.87537239494014 
2021-09-29 05:36:14,264 - INFO - compute | 3 | (0.7000000000000001, 0.9) | 1 | 31 | (25, 37, 39) | 137| 9.589999999999993 | 104.96487946643792 
2021-09-29 05:37:45,275 - INFO - compute | 3 | (0.7000000000000001, 0.9500000000000001) | 1 | 65 | (25, 37, 39) | 137| 4.794999999999989 | 104.96487946643792 
2021-09-29 05:56:58,205 - INFO - compute | 3 | (0.7000000000000001, 1.0) | 1 | 148 | (25, 37, 39) | 137| 0.0 | 104.96487946643792 
2021-09-29 05:56:58,318 - INFO - load | 3 | (0.75, 0.0) | 1 | 0 | set() | 0| 0.0 | 0.0 
2021-09-29 05:56:58,428 - INFO - load | 3 | (0.75, 0.05) | 1 | 0 | set() | 0| 0.0 | 0.0 
2021-09-29 05:56:58,538 - INFO - load | 3 | (0.75, 0.1) | 1 | 0 | set() | 0| 0.0 | 0.0 
2021-09-29 05:56:58,649 - INFO - load | 3 | (0.75, 0.15000000000000002) | 1 | 0 | set() | 0| 0.0 | 0.0 
2021-09-29 05:56:58,759 - INFO - load | 3 | (0.75, 0.2) | 1 | 0 | set() | 0| 0.0 | 0.0 
2021-09-29 05:56:58,869 - INFO - load | 3 | (0.75, 0.25) | 1 | 0 | set() | 0| 0.0 | 0.0 
2021-09-29 05:56:58,980 - INFO - load | 3 | (0.75, 0.30000000000000004) | 1 | 0 | set() | 0| 0.0 | 0.0 
2021-09-29 05:56:59,102 - INFO - load | 3 | (0.75, 0.35000000000000003) | 1 | 1 | {20} | 0| 0.0 | 0.0 
2021-09-29 05:56:59,215 - INFO - load | 3 | (0.75, 0.4) | 1 | 2 | {40, 20} | 13| 5.85 | 9.960171044260534 
2021-09-29 05:56:59,330 - INFO - load | 3 | (0.75, 0.45) | 1 | 3 | {40, 25, 20} | 62| 25.575 | 47.502354211088694 
2021-09-29 05:56:59,444 - INFO - load | 3 | (0.75, 0.5) | 1 | 4 | (40, 25, 62) | 62| 23.25 | 47.502354211088694 
2021-09-29 05:56:59,559 - INFO - load | 3 | (0.75, 0.55) | 1 | 5 | (40, 50, 25) | 76| 25.65 | 58.22869225875388 
2021-09-29 05:56:59,674 - INFO - load | 3 | (0.75, 0.6000000000000001) | 1 | 5 | (40, 50, 25) | 76| 22.799999999999994 | 58.22869225875388 
2021-09-29 05:56:59,794 - INFO - load | 3 | (0.75, 0.65) | 1 | 6 | (42, 50, 25) | 95| 24.937499999999996 | 72.78586532344235 
2021-09-29 05:56:59,915 - INFO - load | 3 | (0.75, 0.7000000000000001) | 1 | 8 | (42, 50, 25) | 95| 21.374999999999996 | 72.78586532344235 
2021-09-29 05:57:00,043 - INFO - load | 3 | (0.75, 0.75) | 1 | 12 | (42, 50, 25) | 95| 17.8125 | 72.78586532344235 
2021-09-29 05:57:00,158 - INFO - load | 3 | (0.75, 0.8) | 1 | 20 | (39, 149, 25) | 116| 17.39999999999999 | 88.87537239494014 
2021-09-29 05:57:13,295 - INFO - compute | 3 | (0.75, 0.8500000000000001) | 1 | 34 | (25, 37, 39) | 137| 15.41249999999999 | 104.96487946643792 
2021-09-29 06:00:05,597 - INFO - compute | 3 | (0.75, 0.9) | 1 | 79 | (25, 37, 39) | 137| 10.274999999999993 | 104.96487946643792 
2021-09-29 06:41:34,171 - INFO - compute | 3 | (0.75, 0.9500000000000001) | 1 | 194 | (25, 37, 39) | 137| 5.137499999999997 | 104.96487946643792 
