2021-09-27 02:37:28,998 - INFO - run algo
2021-09-27 02:37:29,311 - INFO - 9513
2021-09-27 02:37:29,321 - INFO - 10000
2021-09-27 02:37:38,685 - INFO - load:
2021-09-27 02:37:38,688 - INFO - Finish random requester set R and supplier set S 
                             percent_R=0.1, num_R=1000, len_R=1000 
                             percent_S=0.1, num_S=1000, len_S=1000
2021-09-27 02:37:58,622 - INFO - load | 1 | (0.0, 0.0) | 1000 | 0 | set() | 0| 0.0 | 0.0 
2021-09-27 02:37:58,625 - INFO - load | 1 | (0.0, 0.1) | 1000 | 0 | set() | 0| 0.0 | 0.0 
2021-09-27 02:37:58,626 - INFO - load | 1 | (0.0, 0.2) | 1000 | 0 | set() | 0| 0.0 | 0.0 
2021-09-27 02:37:58,627 - INFO - load | 1 | (0.0, 0.30000000000000004) | 1000 | 0 | set() | 0| 0.0 | 0.0 
2021-09-27 02:37:58,628 - INFO - load | 1 | (0.0, 0.4) | 1000 | 0 | set() | 0| 0.0 | 0.0 
2021-09-27 02:37:58,630 - INFO - load | 1 | (0.0, 0.5) | 1000 | 0 | set() | 0| 0.0 | 0.0 
2021-09-27 02:37:58,632 - INFO - load | 1 | (0.0, 0.6000000000000001) | 1000 | 0 | set() | 0| 0.0 | 0.0 
2021-09-27 02:37:58,633 - INFO - load | 1 | (0.0, 0.7000000000000001) | 1000 | 0 | set() | 0| 0.0 | 0.0 
2021-09-27 02:37:58,634 - INFO - load | 1 | (0.0, 0.8) | 1000 | 0 | set() | 0| 0.0 | 0.0 
2021-09-27 02:37:58,636 - INFO - load | 1 | (0.0, 0.9) | 1000 | 0 | set() | 0| 0.0 | 0.0 
2021-09-27 02:37:58,638 - INFO - load | 1 | (0.0, 1.0) | 1000 | 0 | set() | 0| 0.0 | 0.0 
2021-09-27 02:37:58,639 - INFO - load | 1 | (0.1, 0.0) | 1000 | 0 | set() | 0| 0.0 | 0.0 
2021-09-27 02:37:58,641 - INFO - load | 1 | (0.1, 0.1) | 1000 | 0 | set() | 0| 0.0 | 0.0 
2021-09-27 02:37:58,643 - INFO - load | 1 | (0.1, 0.2) | 1000 | 0 | set() | 0| 0.0 | 0.0 
2021-09-27 02:37:58,645 - INFO - load | 1 | (0.1, 0.30000000000000004) | 1000 | 0 | set() | 0| 0.0 | 0.0 
2021-09-27 02:37:58,646 - INFO - load | 1 | (0.1, 0.4) | 1000 | 0 | set() | 0| 0.0 | 0.0 
2021-09-27 02:37:58,648 - INFO - load | 1 | (0.1, 0.5) | 1000 | 0 | set() | 0| 0.0 | 0.0 
2021-09-27 02:37:58,649 - INFO - load | 1 | (0.1, 0.6000000000000001) | 1000 | 0 | set() | 0| 0.0 | 0.0 
2021-09-27 02:37:58,650 - INFO - load | 1 | (0.1, 0.7000000000000001) | 1000 | 0 | set() | 0| 0.0 | 0.0 
2021-09-27 02:37:58,652 - INFO - load | 1 | (0.1, 0.8) | 1000 | 0 | set() | 0| 0.0 | 0.0 
2021-09-27 02:37:58,653 - INFO - load | 1 | (0.1, 0.9) | 1000 | 0 | set() | 0| 0.0 | 0.0 
2021-09-27 02:37:58,654 - INFO - load | 1 | (0.1, 1.0) | 1000 | 0 | set() | 0| 0.0 | 0.0 
2021-09-27 02:37:58,655 - INFO - load | 1 | (0.2, 0.0) | 1000 | 0 | set() | 0| 0.0 | 0.0 
2021-09-27 02:37:58,656 - INFO - load | 1 | (0.2, 0.1) | 1000 | 0 | set() | 0| 0.0 | 0.0 
2021-09-27 02:37:58,658 - INFO - load | 1 | (0.2, 0.2) | 1000 | 0 | set() | 0| 0.0 | 0.0 
2021-09-27 02:37:58,659 - INFO - load | 1 | (0.2, 0.30000000000000004) | 1000 | 0 | set() | 0| 0.0 | 0.0 
2021-09-27 02:37:58,660 - INFO - load | 1 | (0.2, 0.4) | 1000 | 0 | set() | 0| 0.0 | 0.0 
2021-09-27 02:37:58,661 - INFO - load | 1 | (0.2, 0.5) | 1000 | 0 | set() | 0| 0.0 | 0.0 
2021-09-27 02:37:58,663 - INFO - load | 1 | (0.2, 0.6000000000000001) | 1000 | 0 | set() | 0| 0.0 | 0.0 
2021-09-27 02:37:58,664 - INFO - load | 1 | (0.2, 0.7000000000000001) | 1000 | 0 | set() | 0| 0.0 | 0.0 
2021-09-27 02:37:58,666 - INFO - load | 1 | (0.2, 0.8) | 1000 | 0 | set() | 0| 0.0 | 0.0 
2021-09-27 02:37:58,667 - INFO - load | 1 | (0.2, 0.9) | 1000 | 0 | set() | 0| 0.0 | 0.0 
2021-09-27 02:37:58,668 - INFO - load | 1 | (0.2, 1.0) | 1000 | 0 | set() | 0| 0.0 | 0.0 
2021-09-27 02:37:58,686 - INFO - load | 1 | (0.30000000000000004, 0.0) | 136 | 0 | set() | 0| 0.0 | 0.0 
2021-09-27 02:37:58,712 - INFO - load | 1 | (0.30000000000000004, 0.1) | 136 | 0 | set() | 0| 0.0 | 0.0 
2021-09-27 02:37:58,736 - INFO - load | 1 | (0.30000000000000004, 0.2) | 136 | 0 | set() | 0| 0.0 | 0.0 
2021-09-27 02:37:58,756 - INFO - load | 1 | (0.30000000000000004, 0.30000000000000004) | 136 | 0 | set() | 0| 0.0 | 0.0 
2021-09-27 02:37:58,774 - INFO - load | 1 | (0.30000000000000004, 0.4) | 136 | 0 | set() | 0| 0.0 | 0.0 
2021-09-27 02:37:58,792 - INFO - load | 1 | (0.30000000000000004, 0.5) | 136 | 0 | set() | 0| 0.0 | 0.0 
2021-09-27 02:37:58,810 - INFO - load | 1 | (0.30000000000000004, 0.6000000000000001) | 136 | 0 | set() | 0| 0.0 | 0.0 
2021-09-27 02:37:58,830 - INFO - load | 1 | (0.30000000000000004, 0.7000000000000001) | 136 | 0 | set() | 0| 0.0 | 0.0 
2021-09-27 02:37:58,848 - INFO - load | 1 | (0.30000000000000004, 0.8) | 136 | 0 | set() | 0| 0.0 | 0.0 
2021-09-27 02:37:58,871 - INFO - load | 1 | (0.30000000000000004, 0.9) | 136 | 2 | set() | 0| 0.0 | 0.0 
2021-09-27 02:37:58,892 - INFO - load | 1 | (0.30000000000000004, 1.0) | 136 | 2 | set() | 0| 0.0 | 0.0 
2021-09-27 02:37:58,916 - INFO - load | 1 | (0.4, 0.0) | 19 | 0 | set() | 0| 0.0 | 0.0 
2021-09-27 02:37:58,939 - INFO - load | 1 | (0.4, 0.1) | 19 | 0 | set() | 0| 0.0 | 0.0 
2021-09-27 02:37:58,961 - INFO - load | 1 | (0.4, 0.2) | 19 | 0 | set() | 0| 0.0 | 0.0 
2021-09-27 02:37:58,983 - INFO - load | 1 | (0.4, 0.30000000000000004) | 19 | 0 | set() | 0| 0.0 | 0.0 
2021-09-27 02:37:59,004 - INFO - load | 1 | (0.4, 0.4) | 19 | 0 | set() | 0| 0.0 | 0.0 
2021-09-27 02:37:59,033 - INFO - load | 1 | (0.4, 0.5) | 19 | 0 | set() | 0| 0.0 | 0.0 
2021-09-27 02:37:59,055 - INFO - load | 1 | (0.4, 0.6000000000000001) | 19 | 0 | set() | 0| 0.0 | 0.0 
2021-09-27 02:37:59,079 - INFO - load | 1 | (0.4, 0.7000000000000001) | 19 | 2 | set() | 0| 0.0 | 0.0 
2021-09-27 02:37:59,108 - INFO - load | 1 | (0.4, 0.8) | 19 | 3 | set() | 0| 0.0 | 0.0 
2021-09-27 02:37:59,132 - INFO - load | 1 | (0.4, 0.9) | 19 | 3 | set() | 0| 0.0 | 0.0 
2021-09-27 02:37:59,158 - INFO - load | 1 | (0.4, 1.0) | 19 | 5 | set() | 0| 0.0 | 0.0 
2021-09-27 02:37:59,183 - INFO - load | 1 | (0.5, 0.0) | 4 | 0 | set() | 0| 0.0 | 0.0 
2021-09-27 02:37:59,210 - INFO - load | 1 | (0.5, 0.1) | 4 | 0 | set() | 0| 0.0 | 0.0 
2021-09-27 02:37:59,236 - INFO - load | 1 | (0.5, 0.2) | 4 | 0 | set() | 0| 0.0 | 0.0 
2021-09-27 02:37:59,261 - INFO - load | 1 | (0.5, 0.30000000000000004) | 4 | 0 | set() | 0| 0.0 | 0.0 
2021-09-27 02:37:59,287 - INFO - load | 1 | (0.5, 0.4) | 4 | 0 | set() | 0| 0.0 | 0.0 
2021-09-27 02:37:59,314 - INFO - load | 1 | (0.5, 0.5) | 4 | 1 | set() | 0| 0.0 | 0.0 
2021-09-27 02:37:59,342 - INFO - load | 1 | (0.5, 0.6000000000000001) | 4 | 2 | set() | 0| 0.0 | 0.0 
2021-09-27 02:37:59,374 - INFO - load | 1 | (0.5, 0.7000000000000001) | 4 | 3 | set() | 0| 0.0 | 0.0 
2021-09-27 02:37:59,404 - INFO - load | 1 | (0.5, 0.8) | 4 | 5 | set() | 0| 0.0 | 0.0 
2021-09-27 02:37:59,434 - INFO - load | 1 | (0.5, 0.9) | 4 | 5 | set() | 0| 0.0 | 0.0 
2021-09-27 02:37:59,466 - INFO - load | 1 | (0.5, 1.0) | 4 | 6 | (14,) | 102| 0.0 | 69.07613324323347 
2021-09-27 02:37:59,496 - INFO - load | 1 | (0.6000000000000001, 0.0) | 1 | 0 | set() | 0| 0.0 | 0.0 
2021-09-27 02:37:59,526 - INFO - load | 1 | (0.6000000000000001, 0.1) | 1 | 0 | set() | 0| 0.0 | 0.0 
2021-09-27 02:37:59,558 - INFO - load | 1 | (0.6000000000000001, 0.2) | 1 | 0 | set() | 0| 0.0 | 0.0 
2021-09-27 02:37:59,589 - INFO - load | 1 | (0.6000000000000001, 0.30000000000000004) | 1 | 0 | set() | 0| 0.0 | 0.0 
2021-09-27 02:37:59,619 - INFO - load | 1 | (0.6000000000000001, 0.4) | 1 | 0 | set() | 0| 0.0 | 0.0 
2021-09-27 02:37:59,651 - INFO - load | 1 | (0.6000000000000001, 0.5) | 1 | 2 | set() | 0| 0.0 | 0.0 
2021-09-27 02:37:59,683 - INFO - load | 1 | (0.6000000000000001, 0.6000000000000001) | 1 | 3 | set() | 0| 0.0 | 0.0 
2021-09-27 02:37:59,720 - INFO - load | 1 | (0.6000000000000001, 0.7000000000000001) | 1 | 5 | {14} | 54| 9.719999999999999 | 41.37301818385144 
2021-09-27 02:37:59,752 - INFO - load | 1 | (0.6000000000000001, 0.8) | 1 | 5 | {14} | 54| 6.4799999999999995 | 41.37301818385144 
2021-09-27 02:37:59,786 - INFO - load | 1 | (0.6000000000000001, 0.9) | 1 | 9 | (14,) | 54| 3.2399999999999967 | 41.37301818385144 
2021-09-27 02:37:59,821 - INFO - load | 1 | (0.6000000000000001, 1.0) | 1 | 20 | (14,) | 54| 0.0 | 41.37301818385144 
2021-09-27 02:37:59,850 - INFO - load | 1 | (0.7000000000000001, 0.0) | 1 | 0 | set() | 0| 0.0 | 0.0 
2021-09-27 02:37:59,880 - INFO - load | 1 | (0.7000000000000001, 0.1) | 1 | 0 | set() | 0| 0.0 | 0.0 
2021-09-27 02:37:59,910 - INFO - load | 1 | (0.7000000000000001, 0.2) | 1 | 0 | set() | 0| 0.0 | 0.0 
2021-09-27 02:37:59,939 - INFO - load | 1 | (0.7000000000000001, 0.30000000000000004) | 1 | 0 | set() | 0| 0.0 | 0.0 
2021-09-27 02:37:59,970 - INFO - load | 1 | (0.7000000000000001, 0.4) | 1 | 2 | set() | 0| 0.0 | 0.0 
2021-09-27 02:38:00,004 - INFO - load | 1 | (0.7000000000000001, 0.5) | 1 | 3 | set() | 0| 0.0 | 0.0 
2021-09-27 02:38:00,039 - INFO - load | 1 | (0.7000000000000001, 0.6000000000000001) | 1 | 5 | {14} | 54| 15.12 | 41.37301818385144 
2021-09-27 02:38:00,077 - INFO - load | 1 | (0.7000000000000001, 0.7000000000000001) | 1 | 6 | (14,) | 54| 11.339999999999998 | 41.37301818385144 
2021-09-27 02:38:00,115 - INFO - load | 1 | (0.7000000000000001, 0.8) | 1 | 12 | (14,) | 54| 7.5600000000000005 | 41.37301818385144 
2021-09-27 02:38:00,153 - INFO - load | 1 | (0.7000000000000001, 0.9) | 1 | 31 | (14,) | 54| 3.7799999999999976 | 41.37301818385144 
2021-09-27 02:38:00,192 - INFO - load | 1 | (0.7000000000000001, 1.0) | 1 | 148 | (14,) | 54| 0.0 | 41.37301818385144 
2021-09-27 02:38:00,230 - INFO - load | 1 | (0.8, 0.0) | 0 | 0 | set() | 0| 0.0 | 0 
2021-09-27 02:38:00,268 - INFO - load | 1 | (0.8, 0.1) | 0 | 0 | set() | 0| 0.0 | 0 
2021-09-27 02:38:00,306 - INFO - load | 1 | (0.8, 0.2) | 0 | 0 | set() | 0| 0.0 | 0 
2021-09-27 02:38:00,344 - INFO - load | 1 | (0.8, 0.30000000000000004) | 0 | 0 | set() | 0| 0.0 | 0 
2021-09-27 02:38:00,383 - INFO - load | 1 | (0.8, 0.4) | 0 | 3 | set() | 0| 0.0 | 0 
2021-09-27 02:38:00,422 - INFO - load | 1 | (0.8, 0.5) | 0 | 5 | set() | 0| 0.0 | 0 
2021-09-27 02:38:00,463 - INFO - load | 1 | (0.8, 0.6000000000000001) | 0 | 5 | set() | 0| 0.0 | 0 
2021-09-27 02:38:00,504 - INFO - load | 1 | (0.8, 0.7000000000000001) | 0 | 12 | (857,) | 0| 0.0 | 0 
2021-09-27 02:38:00,544 - INFO - load | 1 | (0.8, 0.8) | 0 | 37 | (4671,) | 0| 0.0 | 0 
2021-09-27 02:38:00,585 - INFO - load | 1 | (0.8, 0.9) | 0 | 235 | (9852,) | 0| 0.0 | 0 
2021-09-27 02:38:00,626 - INFO - load | 1 | (0.8, 1.0) | 0 | 1000 | (9977,) | 0| 0.0 | 0 
2021-09-27 02:38:00,667 - INFO - load | 1 | (0.9, 0.0) | 0 | 0 | set() | 0| 0.0 | 0 
2021-09-27 02:38:00,707 - INFO - load | 1 | (0.9, 0.1) | 0 | 0 | set() | 0| 0.0 | 0 
2021-09-27 02:38:00,750 - INFO - load | 1 | (0.9, 0.2) | 0 | 0 | set() | 0| 0.0 | 0 
2021-09-27 02:38:00,796 - INFO - load | 1 | (0.9, 0.30000000000000004) | 0 | 2 | set() | 0| 0.0 | 0 
2021-09-27 02:38:00,840 - INFO - load | 1 | (0.9, 0.4) | 0 | 3 | set() | 0| 0.0 | 0 
2021-09-27 02:38:00,883 - INFO - load | 1 | (0.9, 0.5) | 0 | 5 | set() | 0| 0.0 | 0 
2021-09-27 02:38:00,931 - INFO - load | 1 | (0.9, 0.6000000000000001) | 0 | 9 | (857,) | 0| 0.0 | 0 
2021-09-27 02:38:00,981 - INFO - load | 1 | (0.9, 0.7000000000000001) | 0 | 31 | (3150,) | 0| 0.0 | 0 
2021-09-27 02:38:01,027 - INFO - load | 1 | (0.9, 0.8) | 0 | 235 | (9852,) | 0| 0.0 | 0 
2021-09-27 02:38:01,071 - INFO - load | 1 | (0.9, 0.9) | 0 | 1000 | (9977,) | 0| 0.0 | 0 
2021-09-27 02:38:01,116 - INFO - load | 1 | (0.9, 1.0) | 0 | 1000 | (9977,) | 0| 0.0 | 0 
2021-09-27 02:38:01,157 - INFO - load | 1 | (1.0, 0.0) | 0 | 0 | set() | 0| 0.0 | 0 
2021-09-27 02:38:01,194 - INFO - load | 1 | (1.0, 0.1) | 0 | 0 | set() | 0| 0.0 | 0 
2021-09-27 02:38:01,232 - INFO - load | 1 | (1.0, 0.2) | 0 | 0 | set() | 0| 0.0 | 0 
2021-09-27 02:38:01,275 - INFO - load | 1 | (1.0, 0.30000000000000004) | 0 | 2 | set() | 0| 0.0 | 0 
2021-09-27 02:38:01,315 - INFO - load | 1 | (1.0, 0.4) | 0 | 5 | set() | 0| 0.0 | 0 
2021-09-27 02:38:01,363 - INFO - load | 1 | (1.0, 0.5) | 0 | 6 | (857,) | 0| 0.0 | 0 
2021-09-27 02:38:01,413 - INFO - load | 1 | (1.0, 0.6000000000000001) | 0 | 20 | (3150,) | 0| 0.0 | 0 
2021-09-27 02:38:01,464 - INFO - load | 1 | (1.0, 0.7000000000000001) | 0 | 148 | (7579,) | 0| 0.0 | 0 
2021-09-27 02:38:01,506 - INFO - load | 1 | (1.0, 0.8) | 0 | 1000 | (9977,) | 0| 0.0 | 0 
2021-09-27 02:38:01,549 - INFO - load | 1 | (1.0, 0.9) | 0 | 1000 | (9977,) | 0| 0.0 | 0 
2021-09-27 02:38:01,591 - INFO - load | 1 | (1.0, 1.0) | 0 | 1000 | (9977,) | 0| 0.0 | 0 
2021-09-27 02:38:01,592 - INFO - load | 2 | (0.0, 0.0) | 1000 | 0 | set() | 0| 0.0 | 0.0 
2021-09-27 02:38:01,593 - INFO - load | 2 | (0.0, 0.1) | 1000 | 0 | set() | 0| 0.0 | 0.0 
2021-09-27 02:38:01,595 - INFO - load | 2 | (0.0, 0.2) | 1000 | 0 | set() | 0| 0.0 | 0.0 
2021-09-27 02:38:01,596 - INFO - load | 2 | (0.0, 0.30000000000000004) | 1000 | 0 | set() | 0| 0.0 | 0.0 
2021-09-27 02:38:01,597 - INFO - load | 2 | (0.0, 0.4) | 1000 | 0 | set() | 0| 0.0 | 0.0 
2021-09-27 02:38:01,598 - INFO - load | 2 | (0.0, 0.5) | 1000 | 0 | set() | 0| 0.0 | 0.0 
2021-09-27 02:38:01,599 - INFO - load | 2 | (0.0, 0.6000000000000001) | 1000 | 0 | set() | 0| 0.0 | 0.0 
2021-09-27 02:38:01,601 - INFO - load | 2 | (0.0, 0.7000000000000001) | 1000 | 0 | set() | 0| 0.0 | 0.0 
2021-09-27 02:38:01,602 - INFO - load | 2 | (0.0, 0.8) | 1000 | 0 | set() | 0| 0.0 | 0.0 
2021-09-27 02:38:01,603 - INFO - load | 2 | (0.0, 0.9) | 1000 | 0 | set() | 0| 0.0 | 0.0 
2021-09-27 02:38:01,604 - INFO - load | 2 | (0.0, 1.0) | 1000 | 0 | set() | 0| 0.0 | 0.0 
2021-09-27 02:38:01,605 - INFO - load | 2 | (0.1, 0.0) | 1000 | 0 | set() | 0| 0.0 | 0.0 
2021-09-27 02:38:01,606 - INFO - load | 2 | (0.1, 0.1) | 1000 | 0 | set() | 0| 0.0 | 0.0 
2021-09-27 02:38:01,608 - INFO - load | 2 | (0.1, 0.2) | 1000 | 0 | set() | 0| 0.0 | 0.0 
2021-09-27 02:38:01,609 - INFO - load | 2 | (0.1, 0.30000000000000004) | 1000 | 0 | set() | 0| 0.0 | 0.0 
2021-09-27 02:38:01,610 - INFO - load | 2 | (0.1, 0.4) | 1000 | 0 | set() | 0| 0.0 | 0.0 
2021-09-27 02:38:01,611 - INFO - load | 2 | (0.1, 0.5) | 1000 | 0 | set() | 0| 0.0 | 0.0 
2021-09-27 02:38:01,613 - INFO - load | 2 | (0.1, 0.6000000000000001) | 1000 | 0 | set() | 0| 0.0 | 0.0 
2021-09-27 02:38:01,614 - INFO - load | 2 | (0.1, 0.7000000000000001) | 1000 | 0 | set() | 0| 0.0 | 0.0 
2021-09-27 02:38:01,615 - INFO - load | 2 | (0.1, 0.8) | 1000 | 0 | set() | 0| 0.0 | 0.0 
2021-09-27 02:38:01,616 - INFO - load | 2 | (0.1, 0.9) | 1000 | 0 | set() | 0| 0.0 | 0.0 
2021-09-27 02:38:01,617 - INFO - load | 2 | (0.1, 1.0) | 1000 | 0 | set() | 0| 0.0 | 0.0 
2021-09-27 02:38:01,618 - INFO - load | 2 | (0.2, 0.0) | 1000 | 0 | set() | 0| 0.0 | 0.0 
2021-09-27 02:38:01,619 - INFO - load | 2 | (0.2, 0.1) | 1000 | 0 | set() | 0| 0.0 | 0.0 
2021-09-27 02:38:01,621 - INFO - load | 2 | (0.2, 0.2) | 1000 | 0 | set() | 0| 0.0 | 0.0 
2021-09-27 02:38:01,622 - INFO - load | 2 | (0.2, 0.30000000000000004) | 1000 | 0 | set() | 0| 0.0 | 0.0 
2021-09-27 02:38:01,623 - INFO - load | 2 | (0.2, 0.4) | 1000 | 0 | set() | 0| 0.0 | 0.0 
2021-09-27 02:38:01,624 - INFO - load | 2 | (0.2, 0.5) | 1000 | 0 | set() | 0| 0.0 | 0.0 
2021-09-27 02:38:01,625 - INFO - load | 2 | (0.2, 0.6000000000000001) | 1000 | 0 | set() | 0| 0.0 | 0.0 
2021-09-27 02:38:01,627 - INFO - load | 2 | (0.2, 0.7000000000000001) | 1000 | 0 | set() | 0| 0.0 | 0.0 
2021-09-27 02:38:01,628 - INFO - load | 2 | (0.2, 0.8) | 1000 | 0 | set() | 0| 0.0 | 0.0 
2021-09-27 02:38:01,629 - INFO - load | 2 | (0.2, 0.9) | 1000 | 0 | set() | 0| 0.0 | 0.0 
2021-09-27 02:38:01,630 - INFO - load | 2 | (0.2, 1.0) | 1000 | 0 | set() | 0| 0.0 | 0.0 
2021-09-27 02:38:01,648 - INFO - load | 2 | (0.30000000000000004, 0.0) | 136 | 0 | set() | 0| 0.0 | 0.0 
2021-09-27 02:38:01,668 - INFO - load | 2 | (0.30000000000000004, 0.1) | 136 | 0 | set() | 0| 0.0 | 0.0 
2021-09-27 02:38:01,687 - INFO - load | 2 | (0.30000000000000004, 0.2) | 136 | 0 | set() | 0| 0.0 | 0.0 
2021-09-27 02:38:01,708 - INFO - load | 2 | (0.30000000000000004, 0.30000000000000004) | 136 | 0 | set() | 0| 0.0 | 0.0 
2021-09-27 02:38:01,731 - INFO - load | 2 | (0.30000000000000004, 0.4) | 136 | 0 | set() | 0| 0.0 | 0.0 
2021-09-27 02:38:01,750 - INFO - load | 2 | (0.30000000000000004, 0.5) | 136 | 0 | set() | 0| 0.0 | 0.0 
2021-09-27 02:38:01,769 - INFO - load | 2 | (0.30000000000000004, 0.6000000000000001) | 136 | 0 | set() | 0| 0.0 | 0.0 
2021-09-27 02:38:01,787 - INFO - load | 2 | (0.30000000000000004, 0.7000000000000001) | 136 | 0 | set() | 0| 0.0 | 0.0 
2021-09-27 02:38:01,805 - INFO - load | 2 | (0.30000000000000004, 0.8) | 136 | 0 | set() | 0| 0.0 | 0.0 
2021-09-27 02:38:01,829 - INFO - load | 2 | (0.30000000000000004, 0.9) | 136 | 2 | set() | 0| 0.0 | 0.0 
2021-09-27 02:38:01,851 - INFO - load | 2 | (0.30000000000000004, 1.0) | 136 | 2 | set() | 0| 0.0 | 0.0 
2021-09-27 02:38:01,873 - INFO - load | 2 | (0.4, 0.0) | 19 | 0 | set() | 0| 0.0 | 0.0 
2021-09-27 02:38:01,895 - INFO - load | 2 | (0.4, 0.1) | 19 | 0 | set() | 0| 0.0 | 0.0 
2021-09-27 02:38:01,917 - INFO - load | 2 | (0.4, 0.2) | 19 | 0 | set() | 0| 0.0 | 0.0 
2021-09-27 02:38:01,938 - INFO - load | 2 | (0.4, 0.30000000000000004) | 19 | 0 | set() | 0| 0.0 | 0.0 
2021-09-27 02:38:01,961 - INFO - load | 2 | (0.4, 0.4) | 19 | 0 | set() | 0| 0.0 | 0.0 
2021-09-27 02:38:01,982 - INFO - load | 2 | (0.4, 0.5) | 19 | 0 | set() | 0| 0.0 | 0.0 
2021-09-27 02:38:02,004 - INFO - load | 2 | (0.4, 0.6000000000000001) | 19 | 0 | set() | 0| 0.0 | 0.0 
2021-09-27 02:38:02,033 - INFO - load | 2 | (0.4, 0.7000000000000001) | 19 | 2 | set() | 0| 0.0 | 0.0 
2021-09-27 02:38:02,057 - INFO - load | 2 | (0.4, 0.8) | 19 | 3 | set() | 0| 0.0 | 0.0 
2021-09-27 02:38:02,084 - INFO - load | 2 | (0.4, 0.9) | 19 | 3 | set() | 0| 0.0 | 0.0 
2021-09-27 02:38:02,112 - INFO - load | 2 | (0.4, 1.0) | 19 | 5 | set() | 0| 0.0 | 0.0 
2021-09-27 02:38:02,138 - INFO - load | 2 | (0.5, 0.0) | 4 | 0 | set() | 0| 0.0 | 0.0 
2021-09-27 02:38:02,163 - INFO - load | 2 | (0.5, 0.1) | 4 | 0 | set() | 0| 0.0 | 0.0 
2021-09-27 02:38:02,188 - INFO - load | 2 | (0.5, 0.2) | 4 | 0 | set() | 0| 0.0 | 0.0 
2021-09-27 02:38:02,212 - INFO - load | 2 | (0.5, 0.30000000000000004) | 4 | 0 | set() | 0| 0.0 | 0.0 
2021-09-27 02:38:02,236 - INFO - load | 2 | (0.5, 0.4) | 4 | 0 | set() | 0| 0.0 | 0.0 
2021-09-27 02:38:02,263 - INFO - load | 2 | (0.5, 0.5) | 4 | 1 | set() | 0| 0.0 | 0.0 
2021-09-27 02:38:02,291 - INFO - load | 2 | (0.5, 0.6000000000000001) | 4 | 2 | set() | 0| 0.0 | 0.0 
2021-09-27 02:38:02,318 - INFO - load | 2 | (0.5, 0.7000000000000001) | 4 | 3 | set() | 0| 0.0 | 0.0 
2021-09-27 02:38:02,346 - INFO - load | 2 | (0.5, 0.8) | 4 | 5 | set() | 0| 0.0 | 0.0 
2021-09-27 02:38:02,374 - INFO - load | 2 | (0.5, 0.9) | 4 | 5 | set() | 0| 0.0 | 0.0 
2021-09-27 02:38:02,403 - INFO - load | 2 | (0.5, 1.0) | 4 | 6 | {857, 14} | 111| 0.0 | 75.02654240887107 
2021-09-27 02:38:02,432 - INFO - load | 2 | (0.6000000000000001, 0.0) | 1 | 0 | set() | 0| 0.0 | 0.0 
2021-09-27 02:38:02,461 - INFO - load | 2 | (0.6000000000000001, 0.1) | 1 | 0 | set() | 0| 0.0 | 0.0 
2021-09-27 02:38:02,491 - INFO - load | 2 | (0.6000000000000001, 0.2) | 1 | 0 | set() | 0| 0.0 | 0.0 
2021-09-27 02:38:02,520 - INFO - load | 2 | (0.6000000000000001, 0.30000000000000004) | 1 | 0 | set() | 0| 0.0 | 0.0 
2021-09-27 02:38:02,549 - INFO - load | 2 | (0.6000000000000001, 0.4) | 1 | 0 | set() | 0| 0.0 | 0.0 
2021-09-27 02:38:02,580 - INFO - load | 2 | (0.6000000000000001, 0.5) | 1 | 2 | set() | 0| 0.0 | 0.0 
2021-09-27 02:38:02,611 - INFO - load | 2 | (0.6000000000000001, 0.6000000000000001) | 1 | 3 | set() | 0| 0.0 | 0.0 
2021-09-27 02:38:02,642 - INFO - load | 2 | (0.6000000000000001, 0.7000000000000001) | 1 | 5 | {14} | 54| 9.719999999999999 | 41.37301818385144 
2021-09-27 02:38:02,674 - INFO - load | 2 | (0.6000000000000001, 0.8) | 1 | 5 | {14} | 54| 6.4799999999999995 | 41.37301818385144 
2021-09-27 02:38:02,706 - INFO - load | 2 | (0.6000000000000001, 0.9) | 1 | 9 | (296, 14) | 76| 4.559999999999995 | 58.22869225875388 
2021-09-27 02:38:02,738 - INFO - load | 2 | (0.6000000000000001, 1.0) | 1 | 20 | (14, 91) | 94| 0.0 | 72.0196983200377 
2021-09-27 02:38:02,766 - INFO - load | 2 | (0.7000000000000001, 0.0) | 1 | 0 | set() | 0| 0.0 | 0.0 
2021-09-27 02:38:02,794 - INFO - load | 2 | (0.7000000000000001, 0.1) | 1 | 0 | set() | 0| 0.0 | 0.0 
2021-09-27 02:38:02,822 - INFO - load | 2 | (0.7000000000000001, 0.2) | 1 | 0 | set() | 0| 0.0 | 0.0 
2021-09-27 02:38:02,851 - INFO - load | 2 | (0.7000000000000001, 0.30000000000000004) | 1 | 0 | set() | 0| 0.0 | 0.0 
2021-09-27 02:38:02,883 - INFO - load | 2 | (0.7000000000000001, 0.4) | 1 | 2 | set() | 0| 0.0 | 0.0 
2021-09-27 02:38:02,914 - INFO - load | 2 | (0.7000000000000001, 0.5) | 1 | 3 | set() | 0| 0.0 | 0.0 
2021-09-27 02:38:02,945 - INFO - load | 2 | (0.7000000000000001, 0.6000000000000001) | 1 | 5 | {14} | 54| 15.12 | 41.37301818385144 
2021-09-27 02:38:02,980 - INFO - load | 2 | (0.7000000000000001, 0.7000000000000001) | 1 | 6 | {857, 14} | 58| 12.179999999999998 | 44.43768619747007 
2021-09-27 02:38:03,019 - INFO - load | 2 | (0.7000000000000001, 0.8) | 1 | 12 | (296, 14) | 76| 10.64 | 58.22869225875388 
2021-09-27 02:38:03,057 - INFO - load | 2 | (0.7000000000000001, 0.9) | 1 | 31 | (14, 18) | 97| 6.789999999999996 | 74.31819933025167 
2021-09-27 02:38:03,094 - INFO - load | 2 | (0.7000000000000001, 1.0) | 1 | 148 | (14, 18) | 97| 0.0 | 74.31819933025167 
2021-09-27 02:38:03,132 - INFO - load | 2 | (0.8, 0.0) | 0 | 0 | set() | 0| 0.0 | 0 
2021-09-27 02:38:03,169 - INFO - load | 2 | (0.8, 0.1) | 0 | 0 | set() | 0| 0.0 | 0 
2021-09-27 02:38:03,206 - INFO - load | 2 | (0.8, 0.2) | 0 | 0 | set() | 0| 0.0 | 0 
2021-09-27 02:38:03,243 - INFO - load | 2 | (0.8, 0.30000000000000004) | 0 | 0 | set() | 0| 0.0 | 0 
2021-09-27 02:38:03,282 - INFO - load | 2 | (0.8, 0.4) | 0 | 3 | set() | 0| 0.0 | 0 
2021-09-27 02:38:03,321 - INFO - load | 2 | (0.8, 0.5) | 0 | 5 | set() | 0| 0.0 | 0 
2021-09-27 02:38:03,360 - INFO - load | 2 | (0.8, 0.6000000000000001) | 0 | 5 | set() | 0| 0.0 | 0 
2021-09-27 02:38:03,399 - INFO - load | 2 | (0.8, 0.7000000000000001) | 0 | 12 | (529, 857) | 0| 0.0 | 0 
2021-09-27 02:38:03,439 - INFO - load | 2 | (0.8, 0.8) | 0 | 37 | (4671, 3277) | 0| 0.0 | 0 
2021-09-27 02:38:03,480 - INFO - load | 2 | (0.8, 0.9) | 0 | 235 | (9852, 9702) | 0| 0.0 | 0 
2021-09-27 02:38:03,522 - INFO - load | 2 | (0.8, 1.0) | 0 | 1000 | (9977, 8180) | 0| 0.0 | 0 
2021-09-27 02:38:03,560 - INFO - load | 2 | (0.9, 0.0) | 0 | 0 | set() | 0| 0.0 | 0 
2021-09-27 02:38:03,596 - INFO - load | 2 | (0.9, 0.1) | 0 | 0 | set() | 0| 0.0 | 0 
2021-09-27 02:38:03,631 - INFO - load | 2 | (0.9, 0.2) | 0 | 0 | set() | 0| 0.0 | 0 
2021-09-27 02:38:03,672 - INFO - load | 2 | (0.9, 0.30000000000000004) | 0 | 2 | set() | 0| 0.0 | 0 
2021-09-27 02:38:03,709 - INFO - load | 2 | (0.9, 0.4) | 0 | 3 | set() | 0| 0.0 | 0 
2021-09-27 02:38:03,748 - INFO - load | 2 | (0.9, 0.5) | 0 | 5 | set() | 0| 0.0 | 0 
2021-09-27 02:38:03,788 - INFO - load | 2 | (0.9, 0.6000000000000001) | 0 | 9 | (857, 51) | 0| 0.0 | 0 
2021-09-27 02:38:03,831 - INFO - load | 2 | (0.9, 0.7000000000000001) | 0 | 31 | (3150, 857) | 0| 0.0 | 0 
2021-09-27 02:38:03,869 - INFO - load | 2 | (0.9, 0.8) | 0 | 235 | (9852, 9702) | 0| 0.0 | 0 
2021-09-27 02:38:03,908 - INFO - load | 2 | (0.9, 0.9) | 0 | 1000 | (9977, 8180) | 0| 0.0 | 0 
2021-09-27 02:38:03,950 - INFO - load | 2 | (0.9, 1.0) | 0 | 1000 | (9977, 8180) | 0| 0.0 | 0 
2021-09-27 02:38:03,987 - INFO - load | 2 | (1.0, 0.0) | 0 | 0 | set() | 0| 0.0 | 0 
2021-09-27 02:38:04,026 - INFO - load | 2 | (1.0, 0.1) | 0 | 0 | set() | 0| 0.0 | 0 
2021-09-27 02:38:04,064 - INFO - load | 2 | (1.0, 0.2) | 0 | 0 | set() | 0| 0.0 | 0 
2021-09-27 02:38:04,108 - INFO - load | 2 | (1.0, 0.30000000000000004) | 0 | 2 | set() | 0| 0.0 | 0 
2021-09-27 02:38:04,147 - INFO - load | 2 | (1.0, 0.4) | 0 | 5 | set() | 0| 0.0 | 0 
2021-09-27 02:38:04,195 - INFO - load | 2 | (1.0, 0.5) | 0 | 6 | {857, 14} | 0| 0.0 | 0 
2021-09-27 02:38:04,246 - INFO - load | 2 | (1.0, 0.6000000000000001) | 0 | 20 | (3150, 1940) | 0| 0.0 | 0 
2021-09-27 02:38:04,296 - INFO - load | 2 | (1.0, 0.7000000000000001) | 0 | 148 | (7579, 7420) | 0| 0.0 | 0 
2021-09-27 02:38:04,342 - INFO - load | 2 | (1.0, 0.8) | 0 | 1000 | (9977, 8180) | 0| 0.0 | 0 
2021-09-27 02:38:04,389 - INFO - load | 2 | (1.0, 0.9) | 0 | 1000 | (9977, 8180) | 0| 0.0 | 0 
2021-09-27 02:38:04,443 - INFO - load | 2 | (1.0, 1.0) | 0 | 1000 | (9977, 8180) | 0| 0.0 | 0 
