2021-09-27 02:36:03,723 - INFO - run algo
2021-09-27 02:36:04,032 - INFO - 9513
2021-09-27 02:36:04,041 - INFO - 10000
2021-09-27 02:36:11,505 - INFO - load:
2021-09-27 02:36:11,507 - INFO - Finish random requester set R and supplier set S 
                             percent_R=0.05, num_R=500, len_R=500 
                             percent_S=0.05, num_S=500, len_S=500
2021-09-27 02:36:21,352 - INFO - compute | 1 | (0.0, 0.0) | 500 | 0 | set() | 0| 0.0 | 0 
2021-09-27 02:36:21,353 - INFO - load | 1 | (0.0, 0.1) | 500 | 0 | set() | 0| 0.0 | 0 
2021-09-27 02:36:21,353 - INFO - load | 1 | (0.0, 0.2) | 500 | 0 | set() | 0| 0.0 | 0 
2021-09-27 02:36:21,354 - INFO - load | 1 | (0.0, 0.30000000000000004) | 500 | 0 | set() | 0| 0.0 | 0 
2021-09-27 02:36:21,354 - INFO - load | 1 | (0.0, 0.4) | 500 | 0 | set() | 0| 0.0 | 0 
2021-09-27 02:36:21,355 - INFO - load | 1 | (0.0, 0.5) | 500 | 0 | set() | 0| 0.0 | 0 
2021-09-27 02:36:21,356 - INFO - load | 1 | (0.0, 0.6000000000000001) | 500 | 0 | set() | 0| 0.0 | 0 
2021-09-27 02:36:21,356 - INFO - load | 1 | (0.0, 0.7000000000000001) | 500 | 0 | set() | 0| 0.0 | 0 
2021-09-27 02:36:21,357 - INFO - load | 1 | (0.0, 0.8) | 500 | 0 | set() | 0| 0.0 | 0 
2021-09-27 02:36:21,357 - INFO - load | 1 | (0.0, 0.9) | 500 | 0 | set() | 0| 0.0 | 0 
2021-09-27 02:36:21,358 - INFO - load | 1 | (0.0, 1.0) | 500 | 0 | set() | 0| 0.0 | 0 
2021-09-27 02:36:21,358 - INFO - load | 1 | (0.1, 0.0) | 500 | 0 | set() | 0| 0.0 | 0 
2021-09-27 02:36:21,359 - INFO - load | 1 | (0.1, 0.1) | 500 | 0 | set() | 0| 0.0 | 0 
2021-09-27 02:36:21,360 - INFO - load | 1 | (0.1, 0.2) | 500 | 0 | set() | 0| 0.0 | 0 
2021-09-27 02:36:21,360 - INFO - load | 1 | (0.1, 0.30000000000000004) | 500 | 0 | set() | 0| 0.0 | 0 
2021-09-27 02:36:21,361 - INFO - load | 1 | (0.1, 0.4) | 500 | 0 | set() | 0| 0.0 | 0 
2021-09-27 02:36:21,361 - INFO - load | 1 | (0.1, 0.5) | 500 | 0 | set() | 0| 0.0 | 0 
2021-09-27 02:36:21,362 - INFO - load | 1 | (0.1, 0.6000000000000001) | 500 | 0 | set() | 0| 0.0 | 0 
2021-09-27 02:36:21,362 - INFO - load | 1 | (0.1, 0.7000000000000001) | 500 | 0 | set() | 0| 0.0 | 0 
2021-09-27 02:36:21,363 - INFO - load | 1 | (0.1, 0.8) | 500 | 0 | set() | 0| 0.0 | 0 
2021-09-27 02:36:21,364 - INFO - load | 1 | (0.1, 0.9) | 500 | 0 | set() | 0| 0.0 | 0 
2021-09-27 02:36:21,364 - INFO - load | 1 | (0.1, 1.0) | 500 | 0 | set() | 0| 0.0 | 0 
2021-09-27 02:36:21,365 - INFO - load | 1 | (0.2, 0.0) | 500 | 0 | set() | 0| 0.0 | 0 
2021-09-27 02:36:21,365 - INFO - load | 1 | (0.2, 0.1) | 500 | 0 | set() | 0| 0.0 | 0 
2021-09-27 02:36:21,366 - INFO - load | 1 | (0.2, 0.2) | 500 | 0 | set() | 0| 0.0 | 0 
2021-09-27 02:36:21,366 - INFO - load | 1 | (0.2, 0.30000000000000004) | 500 | 0 | set() | 0| 0.0 | 0 
2021-09-27 02:36:21,367 - INFO - load | 1 | (0.2, 0.4) | 500 | 0 | set() | 0| 0.0 | 0 
2021-09-27 02:36:21,367 - INFO - load | 1 | (0.2, 0.5) | 500 | 0 | set() | 0| 0.0 | 0 
2021-09-27 02:36:21,368 - INFO - load | 1 | (0.2, 0.6000000000000001) | 500 | 0 | set() | 0| 0.0 | 0 
2021-09-27 02:36:21,368 - INFO - load | 1 | (0.2, 0.7000000000000001) | 500 | 0 | set() | 0| 0.0 | 0 
2021-09-27 02:36:21,369 - INFO - load | 1 | (0.2, 0.8) | 500 | 0 | set() | 0| 0.0 | 0 
2021-09-27 02:36:21,370 - INFO - load | 1 | (0.2, 0.9) | 500 | 0 | set() | 0| 0.0 | 0 
2021-09-27 02:36:21,370 - INFO - load | 1 | (0.2, 1.0) | 500 | 0 | set() | 0| 0.0 | 0 
2021-09-27 02:36:21,444 - INFO - compute | 1 | (0.30000000000000004, 0.0) | 63 | 0 | set() | 0| 0.0 | 0 
2021-09-27 02:36:21,452 - INFO - load | 1 | (0.30000000000000004, 0.1) | 63 | 0 | set() | 0| 0.0 | 0 
2021-09-27 02:36:21,460 - INFO - load | 1 | (0.30000000000000004, 0.2) | 63 | 0 | set() | 0| 0.0 | 0 
2021-09-27 02:36:21,468 - INFO - load | 1 | (0.30000000000000004, 0.30000000000000004) | 63 | 0 | set() | 0| 0.0 | 0 
2021-09-27 02:36:21,475 - INFO - load | 1 | (0.30000000000000004, 0.4) | 63 | 0 | set() | 0| 0.0 | 0 
2021-09-27 02:36:21,483 - INFO - load | 1 | (0.30000000000000004, 0.5) | 63 | 0 | set() | 0| 0.0 | 0 
2021-09-27 02:36:21,490 - INFO - load | 1 | (0.30000000000000004, 0.6000000000000001) | 63 | 0 | set() | 0| 0.0 | 0 
2021-09-27 02:36:21,498 - INFO - load | 1 | (0.30000000000000004, 0.7000000000000001) | 63 | 0 | set() | 0| 0.0 | 0 
2021-09-27 02:36:21,506 - INFO - load | 1 | (0.30000000000000004, 0.8) | 63 | 0 | set() | 0| 0.0 | 0 
2021-09-27 02:36:21,514 - INFO - load | 1 | (0.30000000000000004, 0.9) | 63 | 0 | set() | 0| 0.0 | 0 
2021-09-27 02:36:21,522 - INFO - load | 1 | (0.30000000000000004, 1.0) | 63 | 0 | set() | 0| 0.0 | 0 
2021-09-27 02:36:21,538 - INFO - compute | 1 | (0.4, 0.0) | 6 | 0 | set() | 0| 0.0 | 0 
2021-09-27 02:36:21,548 - INFO - load | 1 | (0.4, 0.1) | 6 | 0 | set() | 0| 0.0 | 0 
2021-09-27 02:36:21,559 - INFO - load | 1 | (0.4, 0.2) | 6 | 0 | set() | 0| 0.0 | 0 
2021-09-27 02:36:21,569 - INFO - load | 1 | (0.4, 0.30000000000000004) | 6 | 0 | set() | 0| 0.0 | 0 
2021-09-27 02:36:21,578 - INFO - load | 1 | (0.4, 0.4) | 6 | 0 | set() | 0| 0.0 | 0 
2021-09-27 02:36:21,587 - INFO - load | 1 | (0.4, 0.5) | 6 | 0 | set() | 0| 0.0 | 0 
2021-09-27 02:36:21,596 - INFO - load | 1 | (0.4, 0.6000000000000001) | 6 | 0 | set() | 0| 0.0 | 0 
2021-09-27 02:36:21,605 - INFO - load | 1 | (0.4, 0.7000000000000001) | 6 | 0 | set() | 0| 0.0 | 0 
2021-09-27 02:36:21,614 - INFO - load | 1 | (0.4, 0.8) | 6 | 0 | set() | 0| 0.0 | 0 
2021-09-27 02:36:21,624 - INFO - load | 1 | (0.4, 0.9) | 6 | 0 | set() | 0| 0.0 | 0 
2021-09-27 02:36:21,633 - INFO - load | 1 | (0.4, 1.0) | 6 | 0 | set() | 0| 0.0 | 0 
2021-09-27 02:36:21,645 - INFO - compute | 1 | (0.5, 0.0) | 2 | 0 | set() | 0| 0.0 | 0 
2021-09-27 02:36:21,656 - INFO - load | 1 | (0.5, 0.1) | 2 | 0 | set() | 0| 0.0 | 0 
2021-09-27 02:36:21,667 - INFO - load | 1 | (0.5, 0.2) | 2 | 0 | set() | 0| 0.0 | 0 
2021-09-27 02:36:21,678 - INFO - load | 1 | (0.5, 0.30000000000000004) | 2 | 0 | set() | 0| 0.0 | 0 
2021-09-27 02:36:21,689 - INFO - load | 1 | (0.5, 0.4) | 2 | 0 | set() | 0| 0.0 | 0 
2021-09-27 02:36:21,700 - INFO - load | 1 | (0.5, 0.5) | 2 | 0 | set() | 0| 0.0 | 0 
2021-09-27 02:36:21,710 - INFO - load | 1 | (0.5, 0.6000000000000001) | 2 | 0 | set() | 0| 0.0 | 0 
2021-09-27 02:36:21,721 - INFO - load | 1 | (0.5, 0.7000000000000001) | 2 | 0 | set() | 0| 0.0 | 0 
2021-09-27 02:36:21,732 - INFO - load | 1 | (0.5, 0.8) | 2 | 0 | set() | 0| 0.0 | 0 
2021-09-27 02:36:21,748 - INFO - compute | 1 | (0.5, 0.9) | 2 | 1 | {14} | 102| 5.099999999999999 | 102 
2021-09-27 02:36:21,767 - INFO - compute | 1 | (0.5, 1.0) | 2 | 2 | (14,) | 102| 0.0 | 69.07613324323347 
2021-09-27 02:36:21,784 - INFO - compute | 1 | (0.6000000000000001, 0.0) | 1 | 0 | set() | 0| 0.0 | 0 
2021-09-27 02:36:21,797 - INFO - load | 1 | (0.6000000000000001, 0.1) | 1 | 0 | set() | 0| 0.0 | 0 
2021-09-27 02:36:21,810 - INFO - load | 1 | (0.6000000000000001, 0.2) | 1 | 0 | set() | 0| 0.0 | 0 
2021-09-27 02:36:21,824 - INFO - load | 1 | (0.6000000000000001, 0.30000000000000004) | 1 | 0 | set() | 0| 0.0 | 0 
2021-09-27 02:36:21,837 - INFO - load | 1 | (0.6000000000000001, 0.4) | 1 | 0 | set() | 0| 0.0 | 0 
2021-09-27 02:36:21,849 - INFO - load | 1 | (0.6000000000000001, 0.5) | 1 | 0 | set() | 0| 0.0 | 0 
2021-09-27 02:36:21,862 - INFO - load | 1 | (0.6000000000000001, 0.6000000000000001) | 1 | 0 | set() | 0| 0.0 | 0 
2021-09-27 02:36:21,882 - INFO - compute | 1 | (0.6000000000000001, 0.7000000000000001) | 1 | 1 | {14} | 54| 9.719999999999999 | 54 
2021-09-27 02:36:21,896 - INFO - load | 1 | (0.6000000000000001, 0.8) | 1 | 1 | {14} | 54| 6.4799999999999995 | 54 
2021-09-27 02:36:21,917 - INFO - compute | 1 | (0.6000000000000001, 0.9) | 1 | 4 | (14,) | 54| 3.2399999999999967 | 41.37301818385144 
2021-09-27 02:36:21,951 - INFO - compute | 1 | (0.6000000000000001, 1.0) | 1 | 14 | (14,) | 54| 0.0 | 41.37301818385144 
2021-09-27 02:36:21,966 - INFO - load | 1 | (0.7000000000000001, 0.0) | 1 | 0 | set() | 0| 0.0 | 0 
2021-09-27 02:36:21,996 - INFO - load | 1 | (0.7000000000000001, 0.1) | 1 | 0 | set() | 0| 0.0 | 0 
2021-09-27 02:36:22,022 - INFO - load | 1 | (0.7000000000000001, 0.2) | 1 | 0 | set() | 0| 0.0 | 0 
2021-09-27 02:36:22,036 - INFO - load | 1 | (0.7000000000000001, 0.30000000000000004) | 1 | 0 | set() | 0| 0.0 | 0 
2021-09-27 02:36:22,050 - INFO - load | 1 | (0.7000000000000001, 0.4) | 1 | 0 | set() | 0| 0.0 | 0 
2021-09-27 02:36:22,064 - INFO - load | 1 | (0.7000000000000001, 0.5) | 1 | 0 | set() | 0| 0.0 | 0 
2021-09-27 02:36:22,079 - INFO - load | 1 | (0.7000000000000001, 0.6000000000000001) | 1 | 1 | {14} | 54| 15.12 | 54 
2021-09-27 02:36:22,099 - INFO - compute | 1 | (0.7000000000000001, 0.7000000000000001) | 1 | 2 | (14,) | 54| 11.339999999999998 | 41.37301818385144 
2021-09-27 02:36:22,122 - INFO - compute | 1 | (0.7000000000000001, 0.8) | 1 | 5 | (14,) | 54| 7.5600000000000005 | 41.37301818385144 
2021-09-27 02:36:22,163 - INFO - compute | 1 | (0.7000000000000001, 0.9) | 1 | 23 | (14,) | 54| 3.7799999999999976 | 41.37301818385144 
2021-09-27 02:36:22,258 - INFO - compute | 1 | (0.7000000000000001, 1.0) | 1 | 74 | (14,) | 54| 0.0 | 41.37301818385144 
2021-09-27 02:36:22,274 - INFO - compute | 1 | (0.8, 0.0) | 0 | 0 | set() | 0| 0.0 | 0 
2021-09-27 02:36:22,291 - INFO - load | 1 | (0.8, 0.1) | 0 | 0 | set() | 0| 0.0 | 0 
2021-09-27 02:36:22,308 - INFO - load | 1 | (0.8, 0.2) | 0 | 0 | set() | 0| 0.0 | 0 
2021-09-27 02:36:22,326 - INFO - load | 1 | (0.8, 0.30000000000000004) | 0 | 0 | set() | 0| 0.0 | 0 
2021-09-27 02:36:22,344 - INFO - load | 1 | (0.8, 0.4) | 0 | 0 | set() | 0| 0.0 | 0 
2021-09-27 02:36:22,362 - INFO - load | 1 | (0.8, 0.5) | 0 | 0 | set() | 0| 0.0 | 0 
2021-09-27 02:36:22,380 - INFO - compute | 1 | (0.8, 0.6000000000000001) | 0 | 1 | {14} | 0| 0.0 | 0 
2021-09-27 02:36:22,399 - INFO - compute | 1 | (0.8, 0.7000000000000001) | 0 | 5 | (857,) | 0| 0.0 | 0 
2021-09-27 02:36:22,418 - INFO - compute | 1 | (0.8, 0.8) | 0 | 27 | (4671,) | 0| 0.0 | 0 
2021-09-27 02:36:22,437 - INFO - compute | 1 | (0.8, 0.9) | 0 | 115 | (9852,) | 0| 0.0 | 0 
2021-09-27 02:36:22,457 - INFO - compute | 1 | (0.8, 1.0) | 0 | 500 | (9977,) | 0| 0.0 | 0 
2021-09-27 02:36:22,474 - INFO - load | 1 | (0.9, 0.0) | 0 | 0 | set() | 0| 0.0 | 0 
2021-09-27 02:36:22,492 - INFO - load | 1 | (0.9, 0.1) | 0 | 0 | set() | 0| 0.0 | 0 
2021-09-27 02:36:22,510 - INFO - load | 1 | (0.9, 0.2) | 0 | 0 | set() | 0| 0.0 | 0 
2021-09-27 02:36:22,528 - INFO - load | 1 | (0.9, 0.30000000000000004) | 0 | 0 | set() | 0| 0.0 | 0 
2021-09-27 02:36:22,546 - INFO - load | 1 | (0.9, 0.4) | 0 | 0 | set() | 0| 0.0 | 0 
2021-09-27 02:36:22,566 - INFO - load | 1 | (0.9, 0.5) | 0 | 1 | {14} | 0| 0.0 | 0 
2021-09-27 02:36:22,587 - INFO - compute | 1 | (0.9, 0.6000000000000001) | 0 | 4 | (857,) | 0| 0.0 | 0 
2021-09-27 02:36:22,619 - INFO - compute | 1 | (0.9, 0.7000000000000001) | 0 | 23 | (3150,) | 0| 0.0 | 0 
2021-09-27 02:36:22,647 - INFO - load | 1 | (0.9, 0.8) | 0 | 115 | (9852,) | 0| 0.0 | 0 
2021-09-27 02:36:22,674 - INFO - load | 1 | (0.9, 0.9) | 0 | 500 | (9977,) | 0| 0.0 | 0 
2021-09-27 02:36:22,701 - INFO - load | 1 | (0.9, 1.0) | 0 | 500 | (9977,) | 0| 0.0 | 0 
2021-09-27 02:36:22,723 - INFO - load | 1 | (1.0, 0.0) | 0 | 0 | set() | 0| 0.0 | 0 
2021-09-27 02:36:22,746 - INFO - load | 1 | (1.0, 0.1) | 0 | 0 | set() | 0| 0.0 | 0 
2021-09-27 02:36:22,766 - INFO - load | 1 | (1.0, 0.2) | 0 | 0 | set() | 0| 0.0 | 0 
2021-09-27 02:36:22,786 - INFO - load | 1 | (1.0, 0.30000000000000004) | 0 | 0 | set() | 0| 0.0 | 0 
2021-09-27 02:36:22,804 - INFO - load | 1 | (1.0, 0.4) | 0 | 0 | set() | 0| 0.0 | 0 
2021-09-27 02:36:22,826 - INFO - compute | 1 | (1.0, 0.5) | 0 | 2 | (857,) | 0| 0.0 | 0 
2021-09-27 02:36:22,847 - INFO - compute | 1 | (1.0, 0.6000000000000001) | 0 | 14 | (3150,) | 0| 0.0 | 0 
2021-09-27 02:36:22,867 - INFO - compute | 1 | (1.0, 0.7000000000000001) | 0 | 74 | (7579,) | 0| 0.0 | 0 
2021-09-27 02:36:22,887 - INFO - load | 1 | (1.0, 0.8) | 0 | 500 | (9977,) | 0| 0.0 | 0 
2021-09-27 02:36:22,905 - INFO - load | 1 | (1.0, 0.9) | 0 | 500 | (9977,) | 0| 0.0 | 0 
2021-09-27 02:36:22,923 - INFO - load | 1 | (1.0, 1.0) | 0 | 500 | (9977,) | 0| 0.0 | 0 
2021-09-27 02:36:23,354 - INFO - compute | 2 | (0.0, 0.0) | 500 | 0 | set() | 0| 0.0 | 0 
2021-09-27 02:36:23,354 - INFO - load | 2 | (0.0, 0.1) | 500 | 0 | set() | 0| 0.0 | 0 
2021-09-27 02:36:23,355 - INFO - load | 2 | (0.0, 0.2) | 500 | 0 | set() | 0| 0.0 | 0 
2021-09-27 02:36:23,356 - INFO - load | 2 | (0.0, 0.30000000000000004) | 500 | 0 | set() | 0| 0.0 | 0 
2021-09-27 02:36:23,356 - INFO - load | 2 | (0.0, 0.4) | 500 | 0 | set() | 0| 0.0 | 0 
2021-09-27 02:36:23,357 - INFO - load | 2 | (0.0, 0.5) | 500 | 0 | set() | 0| 0.0 | 0 
2021-09-27 02:36:23,357 - INFO - load | 2 | (0.0, 0.6000000000000001) | 500 | 0 | set() | 0| 0.0 | 0 
2021-09-27 02:36:23,358 - INFO - load | 2 | (0.0, 0.7000000000000001) | 500 | 0 | set() | 0| 0.0 | 0 
2021-09-27 02:36:23,358 - INFO - load | 2 | (0.0, 0.8) | 500 | 0 | set() | 0| 0.0 | 0 
2021-09-27 02:36:23,359 - INFO - load | 2 | (0.0, 0.9) | 500 | 0 | set() | 0| 0.0 | 0 
2021-09-27 02:36:23,359 - INFO - load | 2 | (0.0, 1.0) | 500 | 0 | set() | 0| 0.0 | 0 
2021-09-27 02:36:23,360 - INFO - load | 2 | (0.1, 0.0) | 500 | 0 | set() | 0| 0.0 | 0 
2021-09-27 02:36:23,360 - INFO - load | 2 | (0.1, 0.1) | 500 | 0 | set() | 0| 0.0 | 0 
2021-09-27 02:36:23,361 - INFO - load | 2 | (0.1, 0.2) | 500 | 0 | set() | 0| 0.0 | 0 
2021-09-27 02:36:23,361 - INFO - load | 2 | (0.1, 0.30000000000000004) | 500 | 0 | set() | 0| 0.0 | 0 
2021-09-27 02:36:23,362 - INFO - load | 2 | (0.1, 0.4) | 500 | 0 | set() | 0| 0.0 | 0 
2021-09-27 02:36:23,362 - INFO - load | 2 | (0.1, 0.5) | 500 | 0 | set() | 0| 0.0 | 0 
2021-09-27 02:36:23,363 - INFO - load | 2 | (0.1, 0.6000000000000001) | 500 | 0 | set() | 0| 0.0 | 0 
2021-09-27 02:36:23,364 - INFO - load | 2 | (0.1, 0.7000000000000001) | 500 | 0 | set() | 0| 0.0 | 0 
2021-09-27 02:36:23,364 - INFO - load | 2 | (0.1, 0.8) | 500 | 0 | set() | 0| 0.0 | 0 
2021-09-27 02:36:23,365 - INFO - load | 2 | (0.1, 0.9) | 500 | 0 | set() | 0| 0.0 | 0 
2021-09-27 02:36:23,365 - INFO - load | 2 | (0.1, 1.0) | 500 | 0 | set() | 0| 0.0 | 0 
2021-09-27 02:36:23,366 - INFO - load | 2 | (0.2, 0.0) | 500 | 0 | set() | 0| 0.0 | 0 
2021-09-27 02:36:23,366 - INFO - load | 2 | (0.2, 0.1) | 500 | 0 | set() | 0| 0.0 | 0 
2021-09-27 02:36:23,367 - INFO - load | 2 | (0.2, 0.2) | 500 | 0 | set() | 0| 0.0 | 0 
2021-09-27 02:36:23,367 - INFO - load | 2 | (0.2, 0.30000000000000004) | 500 | 0 | set() | 0| 0.0 | 0 
2021-09-27 02:36:23,368 - INFO - load | 2 | (0.2, 0.4) | 500 | 0 | set() | 0| 0.0 | 0 
2021-09-27 02:36:23,368 - INFO - load | 2 | (0.2, 0.5) | 500 | 0 | set() | 0| 0.0 | 0 
2021-09-27 02:36:23,369 - INFO - load | 2 | (0.2, 0.6000000000000001) | 500 | 0 | set() | 0| 0.0 | 0 
2021-09-27 02:36:23,370 - INFO - load | 2 | (0.2, 0.7000000000000001) | 500 | 0 | set() | 0| 0.0 | 0 
2021-09-27 02:36:23,370 - INFO - load | 2 | (0.2, 0.8) | 500 | 0 | set() | 0| 0.0 | 0 
2021-09-27 02:36:23,371 - INFO - load | 2 | (0.2, 0.9) | 500 | 0 | set() | 0| 0.0 | 0 
2021-09-27 02:36:23,371 - INFO - load | 2 | (0.2, 1.0) | 500 | 0 | set() | 0| 0.0 | 0 
2021-09-27 02:36:23,440 - INFO - compute | 2 | (0.30000000000000004, 0.0) | 63 | 0 | set() | 0| 0.0 | 0 
2021-09-27 02:36:23,448 - INFO - load | 2 | (0.30000000000000004, 0.1) | 63 | 0 | set() | 0| 0.0 | 0 
2021-09-27 02:36:23,455 - INFO - load | 2 | (0.30000000000000004, 0.2) | 63 | 0 | set() | 0| 0.0 | 0 
2021-09-27 02:36:23,462 - INFO - load | 2 | (0.30000000000000004, 0.30000000000000004) | 63 | 0 | set() | 0| 0.0 | 0 
2021-09-27 02:36:23,470 - INFO - load | 2 | (0.30000000000000004, 0.4) | 63 | 0 | set() | 0| 0.0 | 0 
2021-09-27 02:36:23,477 - INFO - load | 2 | (0.30000000000000004, 0.5) | 63 | 0 | set() | 0| 0.0 | 0 
2021-09-27 02:36:23,485 - INFO - load | 2 | (0.30000000000000004, 0.6000000000000001) | 63 | 0 | set() | 0| 0.0 | 0 
2021-09-27 02:36:23,492 - INFO - load | 2 | (0.30000000000000004, 0.7000000000000001) | 63 | 0 | set() | 0| 0.0 | 0 
2021-09-27 02:36:23,500 - INFO - load | 2 | (0.30000000000000004, 0.8) | 63 | 0 | set() | 0| 0.0 | 0 
2021-09-27 02:36:23,508 - INFO - load | 2 | (0.30000000000000004, 0.9) | 63 | 0 | set() | 0| 0.0 | 0 
2021-09-27 02:36:23,516 - INFO - load | 2 | (0.30000000000000004, 1.0) | 63 | 0 | set() | 0| 0.0 | 0 
2021-09-27 02:36:23,533 - INFO - compute | 2 | (0.4, 0.0) | 6 | 0 | set() | 0| 0.0 | 0 
2021-09-27 02:36:23,544 - INFO - load | 2 | (0.4, 0.1) | 6 | 0 | set() | 0| 0.0 | 0 
2021-09-27 02:36:23,555 - INFO - load | 2 | (0.4, 0.2) | 6 | 0 | set() | 0| 0.0 | 0 
2021-09-27 02:36:23,565 - INFO - load | 2 | (0.4, 0.30000000000000004) | 6 | 0 | set() | 0| 0.0 | 0 
2021-09-27 02:36:23,575 - INFO - load | 2 | (0.4, 0.4) | 6 | 0 | set() | 0| 0.0 | 0 
2021-09-27 02:36:23,585 - INFO - load | 2 | (0.4, 0.5) | 6 | 0 | set() | 0| 0.0 | 0 
2021-09-27 02:36:23,596 - INFO - load | 2 | (0.4, 0.6000000000000001) | 6 | 0 | set() | 0| 0.0 | 0 
2021-09-27 02:36:23,606 - INFO - load | 2 | (0.4, 0.7000000000000001) | 6 | 0 | set() | 0| 0.0 | 0 
2021-09-27 02:36:23,616 - INFO - load | 2 | (0.4, 0.8) | 6 | 0 | set() | 0| 0.0 | 0 
2021-09-27 02:36:23,626 - INFO - load | 2 | (0.4, 0.9) | 6 | 0 | set() | 0| 0.0 | 0 
2021-09-27 02:36:23,637 - INFO - load | 2 | (0.4, 1.0) | 6 | 0 | set() | 0| 0.0 | 0 
2021-09-27 02:36:23,651 - INFO - compute | 2 | (0.5, 0.0) | 2 | 0 | set() | 0| 0.0 | 0 
2021-09-27 02:36:23,663 - INFO - load | 2 | (0.5, 0.1) | 2 | 0 | set() | 0| 0.0 | 0 
2021-09-27 02:36:23,674 - INFO - load | 2 | (0.5, 0.2) | 2 | 0 | set() | 0| 0.0 | 0 
2021-09-27 02:36:23,686 - INFO - load | 2 | (0.5, 0.30000000000000004) | 2 | 0 | set() | 0| 0.0 | 0 
2021-09-27 02:36:23,697 - INFO - load | 2 | (0.5, 0.4) | 2 | 0 | set() | 0| 0.0 | 0 
2021-09-27 02:36:23,708 - INFO - load | 2 | (0.5, 0.5) | 2 | 0 | set() | 0| 0.0 | 0 
2021-09-27 02:36:23,719 - INFO - load | 2 | (0.5, 0.6000000000000001) | 2 | 0 | set() | 0| 0.0 | 0 
2021-09-27 02:36:23,730 - INFO - load | 2 | (0.5, 0.7000000000000001) | 2 | 0 | set() | 0| 0.0 | 0 
2021-09-27 02:36:23,741 - INFO - load | 2 | (0.5, 0.8) | 2 | 0 | set() | 0| 0.0 | 0 
2021-09-27 02:36:23,758 - INFO - compute | 2 | (0.5, 0.9) | 2 | 1 | {14} | 102| 5.099999999999999 | 102 
2021-09-27 02:36:23,776 - INFO - compute | 2 | (0.5, 1.0) | 2 | 2 | {857, 14} | 111| 0.0 | 111 
2021-09-27 02:36:23,790 - INFO - compute | 2 | (0.6000000000000001, 0.0) | 1 | 0 | set() | 0| 0.0 | 0 
2021-09-27 02:36:23,802 - INFO - load | 2 | (0.6000000000000001, 0.1) | 1 | 0 | set() | 0| 0.0 | 0 
2021-09-27 02:36:23,815 - INFO - load | 2 | (0.6000000000000001, 0.2) | 1 | 0 | set() | 0| 0.0 | 0 
2021-09-27 02:36:23,828 - INFO - load | 2 | (0.6000000000000001, 0.30000000000000004) | 1 | 0 | set() | 0| 0.0 | 0 
2021-09-27 02:36:23,840 - INFO - load | 2 | (0.6000000000000001, 0.4) | 1 | 0 | set() | 0| 0.0 | 0 
2021-09-27 02:36:23,853 - INFO - load | 2 | (0.6000000000000001, 0.5) | 1 | 0 | set() | 0| 0.0 | 0 
2021-09-27 02:36:23,865 - INFO - load | 2 | (0.6000000000000001, 0.6000000000000001) | 1 | 0 | set() | 0| 0.0 | 0 
2021-09-27 02:36:23,882 - INFO - compute | 2 | (0.6000000000000001, 0.7000000000000001) | 1 | 1 | {14} | 54| 9.719999999999999 | 54 
2021-09-27 02:36:23,897 - INFO - load | 2 | (0.6000000000000001, 0.8) | 1 | 1 | {14} | 54| 6.4799999999999995 | 54 
2021-09-27 02:36:23,922 - INFO - compute | 2 | (0.6000000000000001, 0.9) | 1 | 4 | (296, 14) | 76| 4.559999999999995 | 58.22869225875388 
2021-09-27 02:36:24,083 - INFO - compute | 2 | (0.6000000000000001, 1.0) | 1 | 14 | (14, 91) | 94| 0.0 | 72.0196983200377 
2021-09-27 02:36:24,098 - INFO - load | 2 | (0.7000000000000001, 0.0) | 1 | 0 | set() | 0| 0.0 | 0 
2021-09-27 02:36:24,112 - INFO - load | 2 | (0.7000000000000001, 0.1) | 1 | 0 | set() | 0| 0.0 | 0 
2021-09-27 02:36:24,124 - INFO - load | 2 | (0.7000000000000001, 0.2) | 1 | 0 | set() | 0| 0.0 | 0 
2021-09-27 02:36:24,137 - INFO - load | 2 | (0.7000000000000001, 0.30000000000000004) | 1 | 0 | set() | 0| 0.0 | 0 
2021-09-27 02:36:24,149 - INFO - load | 2 | (0.7000000000000001, 0.4) | 1 | 0 | set() | 0| 0.0 | 0 
2021-09-27 02:36:24,162 - INFO - load | 2 | (0.7000000000000001, 0.5) | 1 | 0 | set() | 0| 0.0 | 0 
2021-09-27 02:36:24,176 - INFO - load | 2 | (0.7000000000000001, 0.6000000000000001) | 1 | 1 | {14} | 54| 15.12 | 54 
2021-09-27 02:36:24,194 - INFO - compute | 2 | (0.7000000000000001, 0.7000000000000001) | 1 | 2 | {857, 14} | 58| 12.179999999999998 | 58 
2021-09-27 02:36:24,228 - INFO - compute | 2 | (0.7000000000000001, 0.8) | 1 | 5 | (296, 14) | 76| 10.64 | 58.22869225875388 
2021-09-27 02:36:24,632 - INFO - compute | 2 | (0.7000000000000001, 0.9) | 1 | 23 | (14, 18) | 97| 6.789999999999996 | 74.31819933025167 
2021-09-27 02:36:28,702 - INFO - compute | 2 | (0.7000000000000001, 1.0) | 1 | 74 | (14, 18) | 97| 0.0 | 74.31819933025167 
2021-09-27 02:36:28,717 - INFO - compute | 2 | (0.8, 0.0) | 0 | 0 | set() | 0| 0.0 | 0 
2021-09-27 02:36:28,734 - INFO - load | 2 | (0.8, 0.1) | 0 | 0 | set() | 0| 0.0 | 0 
2021-09-27 02:36:28,752 - INFO - load | 2 | (0.8, 0.2) | 0 | 0 | set() | 0| 0.0 | 0 
2021-09-27 02:36:28,769 - INFO - load | 2 | (0.8, 0.30000000000000004) | 0 | 0 | set() | 0| 0.0 | 0 
2021-09-27 02:36:28,786 - INFO - load | 2 | (0.8, 0.4) | 0 | 0 | set() | 0| 0.0 | 0 
2021-09-27 02:36:28,803 - INFO - load | 2 | (0.8, 0.5) | 0 | 0 | set() | 0| 0.0 | 0 
2021-09-27 02:36:28,821 - INFO - compute | 2 | (0.8, 0.6000000000000001) | 0 | 1 | {14} | 0| 0.0 | 0 
2021-09-27 02:36:28,839 - INFO - compute | 2 | (0.8, 0.7000000000000001) | 0 | 5 | (529, 857) | 0| 0.0 | 0 
2021-09-27 02:36:28,858 - INFO - compute | 2 | (0.8, 0.8) | 0 | 27 | (4671, 3277) | 0| 0.0 | 0 
2021-09-27 02:36:28,886 - INFO - compute | 2 | (0.8, 0.9) | 0 | 115 | (9852, 9702) | 0| 0.0 | 0 
2021-09-27 02:36:29,098 - INFO - compute | 2 | (0.8, 1.0) | 0 | 500 | (9977, 8180) | 0| 0.0 | 0 
2021-09-27 02:36:29,115 - INFO - load | 2 | (0.9, 0.0) | 0 | 0 | set() | 0| 0.0 | 0 
2021-09-27 02:36:29,132 - INFO - load | 2 | (0.9, 0.1) | 0 | 0 | set() | 0| 0.0 | 0 
2021-09-27 02:36:29,149 - INFO - load | 2 | (0.9, 0.2) | 0 | 0 | set() | 0| 0.0 | 0 
2021-09-27 02:36:29,166 - INFO - load | 2 | (0.9, 0.30000000000000004) | 0 | 0 | set() | 0| 0.0 | 0 
2021-09-27 02:36:29,184 - INFO - load | 2 | (0.9, 0.4) | 0 | 0 | set() | 0| 0.0 | 0 
2021-09-27 02:36:29,205 - INFO - load | 2 | (0.9, 0.5) | 0 | 1 | {14} | 0| 0.0 | 0 
2021-09-27 02:36:29,228 - INFO - compute | 2 | (0.9, 0.6000000000000001) | 0 | 4 | (857, 51) | 0| 0.0 | 0 
2021-09-27 02:36:29,250 - INFO - compute | 2 | (0.9, 0.7000000000000001) | 0 | 23 | (3150, 857) | 0| 0.0 | 0 
2021-09-27 02:36:29,271 - INFO - load | 2 | (0.9, 0.8) | 0 | 115 | (9852, 9702) | 0| 0.0 | 0 
2021-09-27 02:36:29,290 - INFO - load | 2 | (0.9, 0.9) | 0 | 500 | (9977, 8180) | 0| 0.0 | 0 
2021-09-27 02:36:29,312 - INFO - load | 2 | (0.9, 1.0) | 0 | 500 | (9977, 8180) | 0| 0.0 | 0 
2021-09-27 02:36:29,331 - INFO - load | 2 | (1.0, 0.0) | 0 | 0 | set() | 0| 0.0 | 0 
2021-09-27 02:36:29,349 - INFO - load | 2 | (1.0, 0.1) | 0 | 0 | set() | 0| 0.0 | 0 
2021-09-27 02:36:29,366 - INFO - load | 2 | (1.0, 0.2) | 0 | 0 | set() | 0| 0.0 | 0 
2021-09-27 02:36:29,384 - INFO - load | 2 | (1.0, 0.30000000000000004) | 0 | 0 | set() | 0| 0.0 | 0 
2021-09-27 02:36:29,400 - INFO - load | 2 | (1.0, 0.4) | 0 | 0 | set() | 0| 0.0 | 0 
2021-09-27 02:36:29,422 - INFO - compute | 2 | (1.0, 0.5) | 0 | 2 | {857, 14} | 0| 0.0 | 0 
2021-09-27 02:36:29,443 - INFO - compute | 2 | (1.0, 0.6000000000000001) | 0 | 14 | (3150, 1940) | 0| 0.0 | 0 
2021-09-27 02:36:29,468 - INFO - compute | 2 | (1.0, 0.7000000000000001) | 0 | 74 | (7579, 7420) | 0| 0.0 | 0 
2021-09-27 02:36:29,487 - INFO - load | 2 | (1.0, 0.8) | 0 | 500 | (9977, 8180) | 0| 0.0 | 0 
2021-09-27 02:36:29,506 - INFO - load | 2 | (1.0, 0.9) | 0 | 500 | (9977, 8180) | 0| 0.0 | 0 
2021-09-27 02:36:29,526 - INFO - load | 2 | (1.0, 1.0) | 0 | 500 | (9977, 8180) | 0| 0.0 | 0 
