2021-09-27 02:37:25,460 - INFO - run algo
2021-09-27 02:37:25,770 - INFO - 9513
2021-09-27 02:37:25,779 - INFO - 10000
2021-09-27 02:37:34,995 - INFO - load:
2021-09-27 02:37:34,999 - INFO - Finish random requester set R and supplier set S 
                             percent_R=0.1, num_R=1000, len_R=1000 
                             percent_S=0.1, num_S=1000, len_S=1000
2021-09-27 02:37:51,950 - INFO - load | 1 | (0.0, 0.0) | 1000 | 0 | set() | 0| 0.0 | 0 
2021-09-27 02:37:51,957 - INFO - load | 1 | (0.0, 0.1) | 1000 | 0 | set() | 0| 0.0 | 0 
2021-09-27 02:37:51,958 - INFO - load | 1 | (0.0, 0.2) | 1000 | 0 | set() | 0| 0.0 | 0 
2021-09-27 02:37:51,959 - INFO - load | 1 | (0.0, 0.30000000000000004) | 1000 | 0 | set() | 0| 0.0 | 0 
2021-09-27 02:37:51,961 - INFO - load | 1 | (0.0, 0.4) | 1000 | 0 | set() | 0| 0.0 | 0 
2021-09-27 02:37:51,963 - INFO - load | 1 | (0.0, 0.5) | 1000 | 0 | set() | 0| 0.0 | 0 
2021-09-27 02:37:51,964 - INFO - load | 1 | (0.0, 0.6000000000000001) | 1000 | 0 | set() | 0| 0.0 | 0 
2021-09-27 02:37:51,965 - INFO - load | 1 | (0.0, 0.7000000000000001) | 1000 | 0 | set() | 0| 0.0 | 0 
2021-09-27 02:37:51,967 - INFO - load | 1 | (0.0, 0.8) | 1000 | 0 | set() | 0| 0.0 | 0 
2021-09-27 02:37:52,016 - INFO - load | 1 | (0.0, 0.9) | 1000 | 0 | set() | 0| 0.0 | 0 
2021-09-27 02:37:52,019 - INFO - load | 1 | (0.0, 1.0) | 1000 | 0 | set() | 0| 0.0 | 0 
2021-09-27 02:37:52,020 - INFO - load | 1 | (0.1, 0.0) | 1000 | 0 | set() | 0| 0.0 | 0 
2021-09-27 02:37:52,023 - INFO - load | 1 | (0.1, 0.1) | 1000 | 0 | set() | 0| 0.0 | 0 
2021-09-27 02:37:52,025 - INFO - load | 1 | (0.1, 0.2) | 1000 | 0 | set() | 0| 0.0 | 0 
2021-09-27 02:37:52,028 - INFO - load | 1 | (0.1, 0.30000000000000004) | 1000 | 0 | set() | 0| 0.0 | 0 
2021-09-27 02:37:52,029 - INFO - load | 1 | (0.1, 0.4) | 1000 | 0 | set() | 0| 0.0 | 0 
2021-09-27 02:37:52,031 - INFO - load | 1 | (0.1, 0.5) | 1000 | 0 | set() | 0| 0.0 | 0 
2021-09-27 02:37:52,032 - INFO - load | 1 | (0.1, 0.6000000000000001) | 1000 | 0 | set() | 0| 0.0 | 0 
2021-09-27 02:37:52,034 - INFO - load | 1 | (0.1, 0.7000000000000001) | 1000 | 0 | set() | 0| 0.0 | 0 
2021-09-27 02:37:52,035 - INFO - load | 1 | (0.1, 0.8) | 1000 | 0 | set() | 0| 0.0 | 0 
2021-09-27 02:37:52,038 - INFO - load | 1 | (0.1, 0.9) | 1000 | 0 | set() | 0| 0.0 | 0 
2021-09-27 02:37:52,040 - INFO - load | 1 | (0.1, 1.0) | 1000 | 0 | set() | 0| 0.0 | 0 
2021-09-27 02:37:52,042 - INFO - load | 1 | (0.2, 0.0) | 1000 | 0 | set() | 0| 0.0 | 0 
2021-09-27 02:37:52,043 - INFO - load | 1 | (0.2, 0.1) | 1000 | 0 | set() | 0| 0.0 | 0 
2021-09-27 02:37:52,046 - INFO - load | 1 | (0.2, 0.2) | 1000 | 0 | set() | 0| 0.0 | 0 
2021-09-27 02:37:52,048 - INFO - load | 1 | (0.2, 0.30000000000000004) | 1000 | 0 | set() | 0| 0.0 | 0 
2021-09-27 02:37:52,050 - INFO - load | 1 | (0.2, 0.4) | 1000 | 0 | set() | 0| 0.0 | 0 
2021-09-27 02:37:52,052 - INFO - load | 1 | (0.2, 0.5) | 1000 | 0 | set() | 0| 0.0 | 0 
2021-09-27 02:37:52,053 - INFO - load | 1 | (0.2, 0.6000000000000001) | 1000 | 0 | set() | 0| 0.0 | 0 
2021-09-27 02:37:52,054 - INFO - load | 1 | (0.2, 0.7000000000000001) | 1000 | 0 | set() | 0| 0.0 | 0 
2021-09-27 02:37:52,057 - INFO - load | 1 | (0.2, 0.8) | 1000 | 0 | set() | 0| 0.0 | 0 
2021-09-27 02:37:52,059 - INFO - load | 1 | (0.2, 0.9) | 1000 | 0 | set() | 0| 0.0 | 0 
2021-09-27 02:37:52,061 - INFO - load | 1 | (0.2, 1.0) | 1000 | 0 | set() | 0| 0.0 | 0 
2021-09-27 02:37:52,084 - INFO - load | 1 | (0.30000000000000004, 0.0) | 136 | 0 | set() | 0| 0.0 | 0 
2021-09-27 02:37:52,105 - INFO - load | 1 | (0.30000000000000004, 0.1) | 136 | 0 | set() | 0| 0.0 | 0 
2021-09-27 02:37:52,124 - INFO - load | 1 | (0.30000000000000004, 0.2) | 136 | 0 | set() | 0| 0.0 | 0 
2021-09-27 02:37:52,145 - INFO - load | 1 | (0.30000000000000004, 0.30000000000000004) | 136 | 0 | set() | 0| 0.0 | 0 
2021-09-27 02:37:52,166 - INFO - load | 1 | (0.30000000000000004, 0.4) | 136 | 0 | set() | 0| 0.0 | 0 
2021-09-27 02:37:52,184 - INFO - load | 1 | (0.30000000000000004, 0.5) | 136 | 0 | set() | 0| 0.0 | 0 
2021-09-27 02:37:52,203 - INFO - load | 1 | (0.30000000000000004, 0.6000000000000001) | 136 | 0 | set() | 0| 0.0 | 0 
2021-09-27 02:37:52,222 - INFO - load | 1 | (0.30000000000000004, 0.7000000000000001) | 136 | 0 | set() | 0| 0.0 | 0 
2021-09-27 02:37:52,240 - INFO - load | 1 | (0.30000000000000004, 0.8) | 136 | 0 | set() | 0| 0.0 | 0 
2021-09-27 02:37:52,265 - INFO - load | 1 | (0.30000000000000004, 0.9) | 136 | 2 | set() | 0| 0.0 | 0 
2021-09-27 02:37:52,289 - INFO - load | 1 | (0.30000000000000004, 1.0) | 136 | 2 | set() | 0| 0.0 | 0 
2021-09-27 02:37:52,316 - INFO - load | 1 | (0.4, 0.0) | 19 | 0 | set() | 0| 0.0 | 0 
2021-09-27 02:37:52,340 - INFO - load | 1 | (0.4, 0.1) | 19 | 0 | set() | 0| 0.0 | 0 
2021-09-27 02:37:52,366 - INFO - load | 1 | (0.4, 0.2) | 19 | 0 | set() | 0| 0.0 | 0 
2021-09-27 02:37:52,389 - INFO - load | 1 | (0.4, 0.30000000000000004) | 19 | 0 | set() | 0| 0.0 | 0 
2021-09-27 02:37:52,415 - INFO - load | 1 | (0.4, 0.4) | 19 | 0 | set() | 0| 0.0 | 0 
2021-09-27 02:37:52,444 - INFO - load | 1 | (0.4, 0.5) | 19 | 0 | set() | 0| 0.0 | 0 
2021-09-27 02:37:52,467 - INFO - load | 1 | (0.4, 0.6000000000000001) | 19 | 0 | set() | 0| 0.0 | 0 
2021-09-27 02:37:52,494 - INFO - load | 1 | (0.4, 0.7000000000000001) | 19 | 2 | set() | 0| 0.0 | 0 
2021-09-27 02:37:52,524 - INFO - load | 1 | (0.4, 0.8) | 19 | 3 | set() | 0| 0.0 | 0 
2021-09-27 02:37:52,551 - INFO - load | 1 | (0.4, 0.9) | 19 | 3 | set() | 0| 0.0 | 0 
2021-09-27 02:37:52,581 - INFO - load | 1 | (0.4, 1.0) | 19 | 5 | set() | 0| 0.0 | 0 
2021-09-27 02:37:52,610 - INFO - load | 1 | (0.5, 0.0) | 4 | 0 | set() | 0| 0.0 | 0 
2021-09-27 02:37:52,639 - INFO - load | 1 | (0.5, 0.1) | 4 | 0 | set() | 0| 0.0 | 0 
2021-09-27 02:37:52,672 - INFO - load | 1 | (0.5, 0.2) | 4 | 0 | set() | 0| 0.0 | 0 
2021-09-27 02:37:52,705 - INFO - load | 1 | (0.5, 0.30000000000000004) | 4 | 0 | set() | 0| 0.0 | 0 
2021-09-27 02:37:52,731 - INFO - load | 1 | (0.5, 0.4) | 4 | 0 | set() | 0| 0.0 | 0 
2021-09-27 02:37:52,767 - INFO - load | 1 | (0.5, 0.5) | 4 | 1 | set() | 0| 0.0 | 0 
2021-09-27 02:37:52,796 - INFO - load | 1 | (0.5, 0.6000000000000001) | 4 | 2 | set() | 0| 0.0 | 0 
2021-09-27 02:37:52,826 - INFO - load | 1 | (0.5, 0.7000000000000001) | 4 | 3 | set() | 0| 0.0 | 0 
2021-09-27 02:37:52,856 - INFO - load | 1 | (0.5, 0.8) | 4 | 5 | set() | 0| 0.0 | 0 
2021-09-27 02:37:52,884 - INFO - load | 1 | (0.5, 0.9) | 4 | 5 | set() | 0| 0.0 | 0 
2021-09-27 02:37:52,921 - INFO - load | 1 | (0.5, 1.0) | 4 | 6 | (14,) | 102| 0.0 | 69.07613324323347 
2021-09-27 02:37:52,952 - INFO - load | 1 | (0.6000000000000001, 0.0) | 1 | 0 | set() | 0| 0.0 | 0 
2021-09-27 02:37:52,989 - INFO - load | 1 | (0.6000000000000001, 0.1) | 1 | 0 | set() | 0| 0.0 | 0 
2021-09-27 02:37:53,028 - INFO - load | 1 | (0.6000000000000001, 0.2) | 1 | 0 | set() | 0| 0.0 | 0 
2021-09-27 02:37:53,067 - INFO - load | 1 | (0.6000000000000001, 0.30000000000000004) | 1 | 0 | set() | 0| 0.0 | 0 
2021-09-27 02:37:53,106 - INFO - load | 1 | (0.6000000000000001, 0.4) | 1 | 0 | set() | 0| 0.0 | 0 
2021-09-27 02:37:53,146 - INFO - load | 1 | (0.6000000000000001, 0.5) | 1 | 2 | set() | 0| 0.0 | 0 
2021-09-27 02:37:53,192 - INFO - load | 1 | (0.6000000000000001, 0.6000000000000001) | 1 | 3 | set() | 0| 0.0 | 0 
2021-09-27 02:37:53,237 - INFO - load | 1 | (0.6000000000000001, 0.7000000000000001) | 1 | 5 | {14} | 54| 9.719999999999999 | 54 
2021-09-27 02:37:53,282 - INFO - load | 1 | (0.6000000000000001, 0.8) | 1 | 5 | {14} | 54| 6.4799999999999995 | 54 
2021-09-27 02:37:53,328 - INFO - load | 1 | (0.6000000000000001, 0.9) | 1 | 9 | (14,) | 54| 3.2399999999999967 | 41.37301818385144 
2021-09-27 02:37:53,373 - INFO - load | 1 | (0.6000000000000001, 1.0) | 1 | 20 | (14,) | 54| 0.0 | 41.37301818385144 
2021-09-27 02:37:53,410 - INFO - load | 1 | (0.7000000000000001, 0.0) | 1 | 0 | set() | 0| 0.0 | 0 
2021-09-27 02:37:53,444 - INFO - load | 1 | (0.7000000000000001, 0.1) | 1 | 0 | set() | 0| 0.0 | 0 
2021-09-27 02:37:53,473 - INFO - load | 1 | (0.7000000000000001, 0.2) | 1 | 0 | set() | 0| 0.0 | 0 
2021-09-27 02:37:53,508 - INFO - load | 1 | (0.7000000000000001, 0.30000000000000004) | 1 | 0 | set() | 0| 0.0 | 0 
2021-09-27 02:37:53,541 - INFO - load | 1 | (0.7000000000000001, 0.4) | 1 | 2 | set() | 0| 0.0 | 0 
2021-09-27 02:37:53,574 - INFO - load | 1 | (0.7000000000000001, 0.5) | 1 | 3 | set() | 0| 0.0 | 0 
2021-09-27 02:37:53,605 - INFO - load | 1 | (0.7000000000000001, 0.6000000000000001) | 1 | 5 | {14} | 54| 15.12 | 54 
2021-09-27 02:37:53,650 - INFO - load | 1 | (0.7000000000000001, 0.7000000000000001) | 1 | 6 | (14,) | 54| 11.339999999999998 | 41.37301818385144 
2021-09-27 02:37:53,697 - INFO - load | 1 | (0.7000000000000001, 0.8) | 1 | 12 | (14,) | 54| 7.5600000000000005 | 41.37301818385144 
2021-09-27 02:37:53,749 - INFO - load | 1 | (0.7000000000000001, 0.9) | 1 | 31 | (14,) | 54| 3.7799999999999976 | 41.37301818385144 
2021-09-27 02:37:53,799 - INFO - load | 1 | (0.7000000000000001, 1.0) | 1 | 148 | (14,) | 54| 0.0 | 41.37301818385144 
2021-09-27 02:37:53,852 - INFO - load | 1 | (0.8, 0.0) | 0 | 0 | set() | 0| 0.0 | 0 
2021-09-27 02:37:53,901 - INFO - load | 1 | (0.8, 0.1) | 0 | 0 | set() | 0| 0.0 | 0 
2021-09-27 02:37:53,954 - INFO - load | 1 | (0.8, 0.2) | 0 | 0 | set() | 0| 0.0 | 0 
2021-09-27 02:37:54,022 - INFO - load | 1 | (0.8, 0.30000000000000004) | 0 | 0 | set() | 0| 0.0 | 0 
2021-09-27 02:37:54,076 - INFO - load | 1 | (0.8, 0.4) | 0 | 3 | set() | 0| 0.0 | 0 
2021-09-27 02:37:54,133 - INFO - load | 1 | (0.8, 0.5) | 0 | 5 | set() | 0| 0.0 | 0 
2021-09-27 02:37:54,177 - INFO - load | 1 | (0.8, 0.6000000000000001) | 0 | 5 | set() | 0| 0.0 | 0 
2021-09-27 02:37:54,224 - INFO - load | 1 | (0.8, 0.7000000000000001) | 0 | 12 | (857,) | 0| 0.0 | 0 
2021-09-27 02:37:54,269 - INFO - load | 1 | (0.8, 0.8) | 0 | 37 | (4671,) | 0| 0.0 | 0 
2021-09-27 02:37:54,324 - INFO - load | 1 | (0.8, 0.9) | 0 | 235 | (9852,) | 0| 0.0 | 0 
2021-09-27 02:37:54,367 - INFO - load | 1 | (0.8, 1.0) | 0 | 1000 | (9977,) | 0| 0.0 | 0 
2021-09-27 02:37:54,411 - INFO - load | 1 | (0.9, 0.0) | 0 | 0 | set() | 0| 0.0 | 0 
2021-09-27 02:37:54,452 - INFO - load | 1 | (0.9, 0.1) | 0 | 0 | set() | 0| 0.0 | 0 
2021-09-27 02:37:54,492 - INFO - load | 1 | (0.9, 0.2) | 0 | 0 | set() | 0| 0.0 | 0 
2021-09-27 02:37:54,548 - INFO - load | 1 | (0.9, 0.30000000000000004) | 0 | 2 | set() | 0| 0.0 | 0 
2021-09-27 02:37:54,607 - INFO - load | 1 | (0.9, 0.4) | 0 | 3 | set() | 0| 0.0 | 0 
2021-09-27 02:37:54,693 - INFO - load | 1 | (0.9, 0.5) | 0 | 5 | set() | 0| 0.0 | 0 
2021-09-27 02:37:54,788 - INFO - load | 1 | (0.9, 0.6000000000000001) | 0 | 9 | (857,) | 0| 0.0 | 0 
2021-09-27 02:37:54,870 - INFO - load | 1 | (0.9, 0.7000000000000001) | 0 | 31 | (3150,) | 0| 0.0 | 0 
2021-09-27 02:37:54,933 - INFO - load | 1 | (0.9, 0.8) | 0 | 235 | (9852,) | 0| 0.0 | 0 
2021-09-27 02:37:55,013 - INFO - load | 1 | (0.9, 0.9) | 0 | 1000 | (9977,) | 0| 0.0 | 0 
2021-09-27 02:37:55,101 - INFO - load | 1 | (0.9, 1.0) | 0 | 1000 | (9977,) | 0| 0.0 | 0 
2021-09-27 02:37:55,170 - INFO - load | 1 | (1.0, 0.0) | 0 | 0 | set() | 0| 0.0 | 0 
2021-09-27 02:37:55,265 - INFO - load | 1 | (1.0, 0.1) | 0 | 0 | set() | 0| 0.0 | 0 
2021-09-27 02:37:55,352 - INFO - load | 1 | (1.0, 0.2) | 0 | 0 | set() | 0| 0.0 | 0 
2021-09-27 02:37:55,450 - INFO - load | 1 | (1.0, 0.30000000000000004) | 0 | 2 | set() | 0| 0.0 | 0 
2021-09-27 02:37:55,580 - INFO - load | 1 | (1.0, 0.4) | 0 | 5 | set() | 0| 0.0 | 0 
2021-09-27 02:37:55,725 - INFO - load | 1 | (1.0, 0.5) | 0 | 6 | (857,) | 0| 0.0 | 0 
2021-09-27 02:37:55,815 - INFO - load | 1 | (1.0, 0.6000000000000001) | 0 | 20 | (3150,) | 0| 0.0 | 0 
2021-09-27 02:37:55,948 - INFO - load | 1 | (1.0, 0.7000000000000001) | 0 | 148 | (7579,) | 0| 0.0 | 0 
2021-09-27 02:37:56,079 - INFO - load | 1 | (1.0, 0.8) | 0 | 1000 | (9977,) | 0| 0.0 | 0 
2021-09-27 02:37:56,225 - INFO - load | 1 | (1.0, 0.9) | 0 | 1000 | (9977,) | 0| 0.0 | 0 
2021-09-27 02:37:56,459 - INFO - load | 1 | (1.0, 1.0) | 0 | 1000 | (9977,) | 0| 0.0 | 0 
2021-09-27 02:37:56,461 - INFO - load | 2 | (0.0, 0.0) | 1000 | 0 | set() | 0| 0.0 | 0 
2021-09-27 02:37:56,463 - INFO - load | 2 | (0.0, 0.1) | 1000 | 0 | set() | 0| 0.0 | 0 
2021-09-27 02:37:56,465 - INFO - load | 2 | (0.0, 0.2) | 1000 | 0 | set() | 0| 0.0 | 0 
2021-09-27 02:37:56,466 - INFO - load | 2 | (0.0, 0.30000000000000004) | 1000 | 0 | set() | 0| 0.0 | 0 
2021-09-27 02:37:56,469 - INFO - load | 2 | (0.0, 0.4) | 1000 | 0 | set() | 0| 0.0 | 0 
2021-09-27 02:37:56,471 - INFO - load | 2 | (0.0, 0.5) | 1000 | 0 | set() | 0| 0.0 | 0 
2021-09-27 02:37:56,472 - INFO - load | 2 | (0.0, 0.6000000000000001) | 1000 | 0 | set() | 0| 0.0 | 0 
2021-09-27 02:37:56,473 - INFO - load | 2 | (0.0, 0.7000000000000001) | 1000 | 0 | set() | 0| 0.0 | 0 
2021-09-27 02:37:56,477 - INFO - load | 2 | (0.0, 0.8) | 1000 | 0 | set() | 0| 0.0 | 0 
2021-09-27 02:37:56,479 - INFO - load | 2 | (0.0, 0.9) | 1000 | 0 | set() | 0| 0.0 | 0 
2021-09-27 02:37:56,539 - INFO - load | 2 | (0.0, 1.0) | 1000 | 0 | set() | 0| 0.0 | 0 
2021-09-27 02:37:56,577 - INFO - load | 2 | (0.1, 0.0) | 1000 | 0 | set() | 0| 0.0 | 0 
2021-09-27 02:37:56,587 - INFO - load | 2 | (0.1, 0.1) | 1000 | 0 | set() | 0| 0.0 | 0 
2021-09-27 02:37:56,589 - INFO - load | 2 | (0.1, 0.2) | 1000 | 0 | set() | 0| 0.0 | 0 
2021-09-27 02:37:56,592 - INFO - load | 2 | (0.1, 0.30000000000000004) | 1000 | 0 | set() | 0| 0.0 | 0 
2021-09-27 02:37:56,598 - INFO - load | 2 | (0.1, 0.4) | 1000 | 0 | set() | 0| 0.0 | 0 
2021-09-27 02:37:56,599 - INFO - load | 2 | (0.1, 0.5) | 1000 | 0 | set() | 0| 0.0 | 0 
2021-09-27 02:37:56,602 - INFO - load | 2 | (0.1, 0.6000000000000001) | 1000 | 0 | set() | 0| 0.0 | 0 
2021-09-27 02:37:56,605 - INFO - load | 2 | (0.1, 0.7000000000000001) | 1000 | 0 | set() | 0| 0.0 | 0 
2021-09-27 02:37:56,606 - INFO - load | 2 | (0.1, 0.8) | 1000 | 0 | set() | 0| 0.0 | 0 
2021-09-27 02:37:56,608 - INFO - load | 2 | (0.1, 0.9) | 1000 | 0 | set() | 0| 0.0 | 0 
2021-09-27 02:37:56,611 - INFO - load | 2 | (0.1, 1.0) | 1000 | 0 | set() | 0| 0.0 | 0 
2021-09-27 02:37:56,618 - INFO - load | 2 | (0.2, 0.0) | 1000 | 0 | set() | 0| 0.0 | 0 
2021-09-27 02:37:56,620 - INFO - load | 2 | (0.2, 0.1) | 1000 | 0 | set() | 0| 0.0 | 0 
2021-09-27 02:37:56,665 - INFO - load | 2 | (0.2, 0.2) | 1000 | 0 | set() | 0| 0.0 | 0 
2021-09-27 02:37:56,668 - INFO - load | 2 | (0.2, 0.30000000000000004) | 1000 | 0 | set() | 0| 0.0 | 0 
2021-09-27 02:37:56,670 - INFO - load | 2 | (0.2, 0.4) | 1000 | 0 | set() | 0| 0.0 | 0 
2021-09-27 02:37:56,683 - INFO - load | 2 | (0.2, 0.5) | 1000 | 0 | set() | 0| 0.0 | 0 
2021-09-27 02:37:56,686 - INFO - load | 2 | (0.2, 0.6000000000000001) | 1000 | 0 | set() | 0| 0.0 | 0 
2021-09-27 02:37:56,690 - INFO - load | 2 | (0.2, 0.7000000000000001) | 1000 | 0 | set() | 0| 0.0 | 0 
2021-09-27 02:37:56,697 - INFO - load | 2 | (0.2, 0.8) | 1000 | 0 | set() | 0| 0.0 | 0 
2021-09-27 02:37:56,700 - INFO - load | 2 | (0.2, 0.9) | 1000 | 0 | set() | 0| 0.0 | 0 
2021-09-27 02:37:56,748 - INFO - load | 2 | (0.2, 1.0) | 1000 | 0 | set() | 0| 0.0 | 0 
2021-09-27 02:37:56,838 - INFO - load | 2 | (0.30000000000000004, 0.0) | 136 | 0 | set() | 0| 0.0 | 0 
2021-09-27 02:37:56,880 - INFO - load | 2 | (0.30000000000000004, 0.1) | 136 | 0 | set() | 0| 0.0 | 0 
2021-09-27 02:37:57,044 - INFO - load | 2 | (0.30000000000000004, 0.2) | 136 | 0 | set() | 0| 0.0 | 0 
2021-09-27 02:37:57,106 - INFO - load | 2 | (0.30000000000000004, 0.30000000000000004) | 136 | 0 | set() | 0| 0.0 | 0 
2021-09-27 02:37:57,150 - INFO - load | 2 | (0.30000000000000004, 0.4) | 136 | 0 | set() | 0| 0.0 | 0 
2021-09-27 02:37:57,199 - INFO - load | 2 | (0.30000000000000004, 0.5) | 136 | 0 | set() | 0| 0.0 | 0 
2021-09-27 02:37:57,240 - INFO - load | 2 | (0.30000000000000004, 0.6000000000000001) | 136 | 0 | set() | 0| 0.0 | 0 
2021-09-27 02:37:57,279 - INFO - load | 2 | (0.30000000000000004, 0.7000000000000001) | 136 | 0 | set() | 0| 0.0 | 0 
2021-09-27 02:37:57,312 - INFO - load | 2 | (0.30000000000000004, 0.8) | 136 | 0 | set() | 0| 0.0 | 0 
2021-09-27 02:37:57,352 - INFO - load | 2 | (0.30000000000000004, 0.9) | 136 | 2 | set() | 0| 0.0 | 0 
2021-09-27 02:37:57,394 - INFO - load | 2 | (0.30000000000000004, 1.0) | 136 | 2 | set() | 0| 0.0 | 0 
2021-09-27 02:37:57,429 - INFO - load | 2 | (0.4, 0.0) | 19 | 0 | set() | 0| 0.0 | 0 
2021-09-27 02:37:57,467 - INFO - load | 2 | (0.4, 0.1) | 19 | 0 | set() | 0| 0.0 | 0 
2021-09-27 02:37:57,507 - INFO - load | 2 | (0.4, 0.2) | 19 | 0 | set() | 0| 0.0 | 0 
2021-09-27 02:37:57,545 - INFO - load | 2 | (0.4, 0.30000000000000004) | 19 | 0 | set() | 0| 0.0 | 0 
2021-09-27 02:37:57,572 - INFO - load | 2 | (0.4, 0.4) | 19 | 0 | set() | 0| 0.0 | 0 
2021-09-27 02:37:57,610 - INFO - load | 2 | (0.4, 0.5) | 19 | 0 | set() | 0| 0.0 | 0 
2021-09-27 02:37:57,642 - INFO - load | 2 | (0.4, 0.6000000000000001) | 19 | 0 | set() | 0| 0.0 | 0 
2021-09-27 02:37:57,679 - INFO - load | 2 | (0.4, 0.7000000000000001) | 19 | 2 | set() | 0| 0.0 | 0 
2021-09-27 02:37:57,717 - INFO - load | 2 | (0.4, 0.8) | 19 | 3 | set() | 0| 0.0 | 0 
2021-09-27 02:37:57,742 - INFO - load | 2 | (0.4, 0.9) | 19 | 3 | set() | 0| 0.0 | 0 
2021-09-27 02:37:57,774 - INFO - load | 2 | (0.4, 1.0) | 19 | 5 | set() | 0| 0.0 | 0 
2021-09-27 02:37:57,814 - INFO - load | 2 | (0.5, 0.0) | 4 | 0 | set() | 0| 0.0 | 0 
2021-09-27 02:37:57,851 - INFO - load | 2 | (0.5, 0.1) | 4 | 0 | set() | 0| 0.0 | 0 
2021-09-27 02:37:57,893 - INFO - load | 2 | (0.5, 0.2) | 4 | 0 | set() | 0| 0.0 | 0 
2021-09-27 02:37:57,934 - INFO - load | 2 | (0.5, 0.30000000000000004) | 4 | 0 | set() | 0| 0.0 | 0 
2021-09-27 02:37:57,976 - INFO - load | 2 | (0.5, 0.4) | 4 | 0 | set() | 0| 0.0 | 0 
2021-09-27 02:37:58,028 - INFO - load | 2 | (0.5, 0.5) | 4 | 1 | set() | 0| 0.0 | 0 
2021-09-27 02:37:58,072 - INFO - load | 2 | (0.5, 0.6000000000000001) | 4 | 2 | set() | 0| 0.0 | 0 
2021-09-27 02:37:58,108 - INFO - load | 2 | (0.5, 0.7000000000000001) | 4 | 3 | set() | 0| 0.0 | 0 
2021-09-27 02:37:58,139 - INFO - load | 2 | (0.5, 0.8) | 4 | 5 | set() | 0| 0.0 | 0 
2021-09-27 02:37:58,169 - INFO - load | 2 | (0.5, 0.9) | 4 | 5 | set() | 0| 0.0 | 0 
2021-09-27 02:37:58,205 - INFO - load | 2 | (0.5, 1.0) | 4 | 6 | {857, 14} | 111| 0.0 | 111 
2021-09-27 02:37:58,248 - INFO - load | 2 | (0.6000000000000001, 0.0) | 1 | 0 | set() | 0| 0.0 | 0 
2021-09-27 02:37:58,279 - INFO - load | 2 | (0.6000000000000001, 0.1) | 1 | 0 | set() | 0| 0.0 | 0 
2021-09-27 02:37:58,319 - INFO - load | 2 | (0.6000000000000001, 0.2) | 1 | 0 | set() | 0| 0.0 | 0 
2021-09-27 02:37:58,360 - INFO - load | 2 | (0.6000000000000001, 0.30000000000000004) | 1 | 0 | set() | 0| 0.0 | 0 
2021-09-27 02:37:58,400 - INFO - load | 2 | (0.6000000000000001, 0.4) | 1 | 0 | set() | 0| 0.0 | 0 
2021-09-27 02:37:58,432 - INFO - load | 2 | (0.6000000000000001, 0.5) | 1 | 2 | set() | 0| 0.0 | 0 
2021-09-27 02:37:58,478 - INFO - load | 2 | (0.6000000000000001, 0.6000000000000001) | 1 | 3 | set() | 0| 0.0 | 0 
2021-09-27 02:37:58,520 - INFO - load | 2 | (0.6000000000000001, 0.7000000000000001) | 1 | 5 | {14} | 54| 9.719999999999999 | 54 
2021-09-27 02:37:58,556 - INFO - load | 2 | (0.6000000000000001, 0.8) | 1 | 5 | {14} | 54| 6.4799999999999995 | 54 
2021-09-27 02:37:58,594 - INFO - load | 2 | (0.6000000000000001, 0.9) | 1 | 9 | (296, 14) | 76| 4.559999999999995 | 58.22869225875388 
2021-09-27 02:37:58,631 - INFO - load | 2 | (0.6000000000000001, 1.0) | 1 | 20 | (14, 91) | 94| 0.0 | 72.0196983200377 
2021-09-27 02:37:58,663 - INFO - load | 2 | (0.7000000000000001, 0.0) | 1 | 0 | set() | 0| 0.0 | 0 
2021-09-27 02:37:58,694 - INFO - load | 2 | (0.7000000000000001, 0.1) | 1 | 0 | set() | 0| 0.0 | 0 
2021-09-27 02:37:58,740 - INFO - load | 2 | (0.7000000000000001, 0.2) | 1 | 0 | set() | 0| 0.0 | 0 
2021-09-27 02:37:58,773 - INFO - load | 2 | (0.7000000000000001, 0.30000000000000004) | 1 | 0 | set() | 0| 0.0 | 0 
2021-09-27 02:37:58,807 - INFO - load | 2 | (0.7000000000000001, 0.4) | 1 | 2 | set() | 0| 0.0 | 0 
2021-09-27 02:37:58,841 - INFO - load | 2 | (0.7000000000000001, 0.5) | 1 | 3 | set() | 0| 0.0 | 0 
2021-09-27 02:37:58,876 - INFO - load | 2 | (0.7000000000000001, 0.6000000000000001) | 1 | 5 | {14} | 54| 15.12 | 54 
2021-09-27 02:37:58,915 - INFO - load | 2 | (0.7000000000000001, 0.7000000000000001) | 1 | 6 | {857, 14} | 58| 12.179999999999998 | 58 
2021-09-27 02:37:58,952 - INFO - load | 2 | (0.7000000000000001, 0.8) | 1 | 12 | (296, 14) | 76| 10.64 | 58.22869225875388 
2021-09-27 02:37:58,993 - INFO - load | 2 | (0.7000000000000001, 0.9) | 1 | 31 | (14, 18) | 97| 6.789999999999996 | 74.31819933025167 
2021-09-27 02:37:59,036 - INFO - load | 2 | (0.7000000000000001, 1.0) | 1 | 148 | (14, 18) | 97| 0.0 | 74.31819933025167 
2021-09-27 02:37:59,075 - INFO - load | 2 | (0.8, 0.0) | 0 | 0 | set() | 0| 0.0 | 0 
2021-09-27 02:37:59,121 - INFO - load | 2 | (0.8, 0.1) | 0 | 0 | set() | 0| 0.0 | 0 
2021-09-27 02:37:59,159 - INFO - load | 2 | (0.8, 0.2) | 0 | 0 | set() | 0| 0.0 | 0 
2021-09-27 02:37:59,197 - INFO - load | 2 | (0.8, 0.30000000000000004) | 0 | 0 | set() | 0| 0.0 | 0 
2021-09-27 02:37:59,237 - INFO - load | 2 | (0.8, 0.4) | 0 | 3 | set() | 0| 0.0 | 0 
2021-09-27 02:37:59,277 - INFO - load | 2 | (0.8, 0.5) | 0 | 5 | set() | 0| 0.0 | 0 
2021-09-27 02:37:59,316 - INFO - load | 2 | (0.8, 0.6000000000000001) | 0 | 5 | set() | 0| 0.0 | 0 
2021-09-27 02:37:59,358 - INFO - load | 2 | (0.8, 0.7000000000000001) | 0 | 12 | (529, 857) | 0| 0.0 | 0 
2021-09-27 02:37:59,404 - INFO - load | 2 | (0.8, 0.8) | 0 | 37 | (4671, 3277) | 0| 0.0 | 0 
2021-09-27 02:37:59,445 - INFO - load | 2 | (0.8, 0.9) | 0 | 235 | (9852, 9702) | 0| 0.0 | 0 
2021-09-27 02:37:59,488 - INFO - load | 2 | (0.8, 1.0) | 0 | 1000 | (9977, 8180) | 0| 0.0 | 0 
2021-09-27 02:37:59,527 - INFO - load | 2 | (0.9, 0.0) | 0 | 0 | set() | 0| 0.0 | 0 
2021-09-27 02:37:59,565 - INFO - load | 2 | (0.9, 0.1) | 0 | 0 | set() | 0| 0.0 | 0 
2021-09-27 02:37:59,606 - INFO - load | 2 | (0.9, 0.2) | 0 | 0 | set() | 0| 0.0 | 0 
2021-09-27 02:37:59,650 - INFO - load | 2 | (0.9, 0.30000000000000004) | 0 | 2 | set() | 0| 0.0 | 0 
2021-09-27 02:37:59,690 - INFO - load | 2 | (0.9, 0.4) | 0 | 3 | set() | 0| 0.0 | 0 
2021-09-27 02:37:59,735 - INFO - load | 2 | (0.9, 0.5) | 0 | 5 | set() | 0| 0.0 | 0 
2021-09-27 02:37:59,780 - INFO - load | 2 | (0.9, 0.6000000000000001) | 0 | 9 | (857, 51) | 0| 0.0 | 0 
2021-09-27 02:37:59,826 - INFO - load | 2 | (0.9, 0.7000000000000001) | 0 | 31 | (3150, 857) | 0| 0.0 | 0 
2021-09-27 02:37:59,868 - INFO - load | 2 | (0.9, 0.8) | 0 | 235 | (9852, 9702) | 0| 0.0 | 0 
2021-09-27 02:37:59,911 - INFO - load | 2 | (0.9, 0.9) | 0 | 1000 | (9977, 8180) | 0| 0.0 | 0 
2021-09-27 02:37:59,953 - INFO - load | 2 | (0.9, 1.0) | 0 | 1000 | (9977, 8180) | 0| 0.0 | 0 
2021-09-27 02:37:59,991 - INFO - load | 2 | (1.0, 0.0) | 0 | 0 | set() | 0| 0.0 | 0 
2021-09-27 02:38:00,032 - INFO - load | 2 | (1.0, 0.1) | 0 | 0 | set() | 0| 0.0 | 0 
2021-09-27 02:38:00,069 - INFO - load | 2 | (1.0, 0.2) | 0 | 0 | set() | 0| 0.0 | 0 
2021-09-27 02:38:00,115 - INFO - load | 2 | (1.0, 0.30000000000000004) | 0 | 2 | set() | 0| 0.0 | 0 
2021-09-27 02:38:00,156 - INFO - load | 2 | (1.0, 0.4) | 0 | 5 | set() | 0| 0.0 | 0 
2021-09-27 02:38:00,204 - INFO - load | 2 | (1.0, 0.5) | 0 | 6 | {857, 14} | 0| 0.0 | 0 
2021-09-27 02:38:00,253 - INFO - load | 2 | (1.0, 0.6000000000000001) | 0 | 20 | (3150, 1940) | 0| 0.0 | 0 
2021-09-27 02:38:00,302 - INFO - load | 2 | (1.0, 0.7000000000000001) | 0 | 148 | (7579, 7420) | 0| 0.0 | 0 
2021-09-27 02:38:00,345 - INFO - load | 2 | (1.0, 0.8) | 0 | 1000 | (9977, 8180) | 0| 0.0 | 0 
2021-09-27 02:38:00,386 - INFO - load | 2 | (1.0, 0.9) | 0 | 1000 | (9977, 8180) | 0| 0.0 | 0 
2021-09-27 02:38:00,427 - INFO - load | 2 | (1.0, 1.0) | 0 | 1000 | (9977, 8180) | 0| 0.0 | 0 
