2021-09-27 02:39:42,120 - INFO - run algo
2021-09-27 02:39:42,400 - INFO - 9513
2021-09-27 02:39:42,409 - INFO - 10000
2021-09-27 02:39:48,938 - INFO - load:
2021-09-27 02:39:48,940 - INFO - Finish random requester set R and supplier set S 
                             percent_R=0.1, num_R=1000, len_R=1000 
                             percent_S=0.1, num_S=1000, len_S=1000
2021-09-27 02:39:59,361 - INFO - compute | 1 | (0.0, 0.0) | 1000 | 0 | set() | 0| 0.0 | 0 
2021-09-27 02:39:59,363 - INFO - load | 1 | (0.0, 0.1) | 1000 | 0 | set() | 0| 0.0 | 0 
2021-09-27 02:39:59,364 - INFO - load | 1 | (0.0, 0.2) | 1000 | 0 | set() | 0| 0.0 | 0 
2021-09-27 02:39:59,365 - INFO - load | 1 | (0.0, 0.30000000000000004) | 1000 | 0 | set() | 0| 0.0 | 0 
2021-09-27 02:39:59,366 - INFO - load | 1 | (0.0, 0.4) | 1000 | 0 | set() | 0| 0.0 | 0 
2021-09-27 02:39:59,367 - INFO - load | 1 | (0.0, 0.5) | 1000 | 0 | set() | 0| 0.0 | 0 
2021-09-27 02:39:59,368 - INFO - load | 1 | (0.0, 0.6000000000000001) | 1000 | 0 | set() | 0| 0.0 | 0 
2021-09-27 02:39:59,369 - INFO - load | 1 | (0.0, 0.7000000000000001) | 1000 | 0 | set() | 0| 0.0 | 0 
2021-09-27 02:39:59,370 - INFO - load | 1 | (0.0, 0.8) | 1000 | 0 | set() | 0| 0.0 | 0 
2021-09-27 02:39:59,371 - INFO - load | 1 | (0.0, 0.9) | 1000 | 0 | set() | 0| 0.0 | 0 
2021-09-27 02:39:59,372 - INFO - load | 1 | (0.0, 1.0) | 1000 | 0 | set() | 0| 0.0 | 0 
2021-09-27 02:39:59,373 - INFO - load | 1 | (0.1, 0.0) | 1000 | 0 | set() | 0| 0.0 | 0 
2021-09-27 02:39:59,374 - INFO - load | 1 | (0.1, 0.1) | 1000 | 0 | set() | 0| 0.0 | 0 
2021-09-27 02:39:59,375 - INFO - load | 1 | (0.1, 0.2) | 1000 | 0 | set() | 0| 0.0 | 0 
2021-09-27 02:39:59,376 - INFO - load | 1 | (0.1, 0.30000000000000004) | 1000 | 0 | set() | 0| 0.0 | 0 
2021-09-27 02:39:59,377 - INFO - load | 1 | (0.1, 0.4) | 1000 | 0 | set() | 0| 0.0 | 0 
2021-09-27 02:39:59,378 - INFO - load | 1 | (0.1, 0.5) | 1000 | 0 | set() | 0| 0.0 | 0 
2021-09-27 02:39:59,379 - INFO - load | 1 | (0.1, 0.6000000000000001) | 1000 | 0 | set() | 0| 0.0 | 0 
2021-09-27 02:39:59,380 - INFO - load | 1 | (0.1, 0.7000000000000001) | 1000 | 0 | set() | 0| 0.0 | 0 
2021-09-27 02:39:59,381 - INFO - load | 1 | (0.1, 0.8) | 1000 | 0 | set() | 0| 0.0 | 0 
2021-09-27 02:39:59,382 - INFO - load | 1 | (0.1, 0.9) | 1000 | 0 | set() | 0| 0.0 | 0 
2021-09-27 02:39:59,383 - INFO - load | 1 | (0.1, 1.0) | 1000 | 0 | set() | 0| 0.0 | 0 
2021-09-27 02:39:59,384 - INFO - load | 1 | (0.2, 0.0) | 1000 | 0 | set() | 0| 0.0 | 0 
2021-09-27 02:39:59,385 - INFO - load | 1 | (0.2, 0.1) | 1000 | 0 | set() | 0| 0.0 | 0 
2021-09-27 02:39:59,386 - INFO - load | 1 | (0.2, 0.2) | 1000 | 0 | set() | 0| 0.0 | 0 
2021-09-27 02:39:59,387 - INFO - load | 1 | (0.2, 0.30000000000000004) | 1000 | 0 | set() | 0| 0.0 | 0 
2021-09-27 02:39:59,388 - INFO - load | 1 | (0.2, 0.4) | 1000 | 0 | set() | 0| 0.0 | 0 
2021-09-27 02:39:59,389 - INFO - load | 1 | (0.2, 0.5) | 1000 | 0 | set() | 0| 0.0 | 0 
2021-09-27 02:39:59,390 - INFO - load | 1 | (0.2, 0.6000000000000001) | 1000 | 0 | set() | 0| 0.0 | 0 
2021-09-27 02:39:59,391 - INFO - load | 1 | (0.2, 0.7000000000000001) | 1000 | 0 | set() | 0| 0.0 | 0 
2021-09-27 02:39:59,391 - INFO - load | 1 | (0.2, 0.8) | 1000 | 0 | set() | 0| 0.0 | 0 
2021-09-27 02:39:59,392 - INFO - load | 1 | (0.2, 0.9) | 1000 | 0 | set() | 0| 0.0 | 0 
2021-09-27 02:39:59,393 - INFO - load | 1 | (0.2, 1.0) | 1000 | 0 | set() | 0| 0.0 | 0 
2021-09-27 02:39:59,543 - INFO - compute | 1 | (0.30000000000000004, 0.0) | 136 | 0 | set() | 0| 0.0 | 0 
2021-09-27 02:39:59,559 - INFO - load | 1 | (0.30000000000000004, 0.1) | 136 | 0 | set() | 0| 0.0 | 0 
2021-09-27 02:39:59,574 - INFO - load | 1 | (0.30000000000000004, 0.2) | 136 | 0 | set() | 0| 0.0 | 0 
2021-09-27 02:39:59,589 - INFO - load | 1 | (0.30000000000000004, 0.30000000000000004) | 136 | 0 | set() | 0| 0.0 | 0 
2021-09-27 02:39:59,604 - INFO - load | 1 | (0.30000000000000004, 0.4) | 136 | 0 | set() | 0| 0.0 | 0 
2021-09-27 02:39:59,618 - INFO - load | 1 | (0.30000000000000004, 0.5) | 136 | 0 | set() | 0| 0.0 | 0 
2021-09-27 02:39:59,633 - INFO - load | 1 | (0.30000000000000004, 0.6000000000000001) | 136 | 0 | set() | 0| 0.0 | 0 
2021-09-27 02:39:59,648 - INFO - load | 1 | (0.30000000000000004, 0.7000000000000001) | 136 | 0 | set() | 0| 0.0 | 0 
2021-09-27 02:39:59,663 - INFO - load | 1 | (0.30000000000000004, 0.8) | 136 | 0 | set() | 0| 0.0 | 0 
2021-09-27 02:40:00,088 - INFO - compute | 1 | (0.30000000000000004, 0.9) | 136 | 2 | (20,) | 9442| 283.2599999999997 | 3209.1727566465097 
2021-09-27 02:40:00,109 - INFO - load | 1 | (0.30000000000000004, 1.0) | 136 | 2 | (20,) | 9442| 0.0 | 3209.1727566465097 
2021-09-27 02:40:00,149 - INFO - compute | 1 | (0.4, 0.0) | 19 | 0 | set() | 0| 0.0 | 0 
2021-09-27 02:40:00,168 - INFO - load | 1 | (0.4, 0.1) | 19 | 0 | set() | 0| 0.0 | 0 
2021-09-27 02:40:00,187 - INFO - load | 1 | (0.4, 0.2) | 19 | 0 | set() | 0| 0.0 | 0 
2021-09-27 02:40:00,206 - INFO - load | 1 | (0.4, 0.30000000000000004) | 19 | 0 | set() | 0| 0.0 | 0 
2021-09-27 02:40:00,225 - INFO - load | 1 | (0.4, 0.4) | 19 | 0 | set() | 0| 0.0 | 0 
2021-09-27 02:40:00,244 - INFO - load | 1 | (0.4, 0.5) | 19 | 0 | set() | 0| 0.0 | 0 
2021-09-27 02:40:00,263 - INFO - load | 1 | (0.4, 0.6000000000000001) | 19 | 0 | set() | 0| 0.0 | 0 
2021-09-27 02:40:00,343 - INFO - compute | 1 | (0.4, 0.7000000000000001) | 19 | 2 | (20,) | 932| 111.83999999999999 | 416.0358810068182 
2021-09-27 02:40:00,449 - INFO - compute | 1 | (0.4, 0.8) | 19 | 3 | (25,) | 918| 73.43999999999997 | 424.3193864936131 
2021-09-27 02:40:00,472 - INFO - load | 1 | (0.4, 0.9) | 19 | 3 | (25,) | 918| 36.719999999999985 | 424.3193864936131 
2021-09-27 02:40:00,606 - INFO - compute | 1 | (0.4, 1.0) | 19 | 5 | (25,) | 918| 0.0 | 424.3193864936131 
2021-09-27 02:40:00,632 - INFO - compute | 1 | (0.5, 0.0) | 4 | 0 | set() | 0| 0.0 | 0 
2021-09-27 02:40:00,655 - INFO - load | 1 | (0.5, 0.1) | 4 | 0 | set() | 0| 0.0 | 0 
2021-09-27 02:40:00,680 - INFO - load | 1 | (0.5, 0.2) | 4 | 0 | set() | 0| 0.0 | 0 
2021-09-27 02:40:00,705 - INFO - load | 1 | (0.5, 0.30000000000000004) | 4 | 0 | set() | 0| 0.0 | 0 
2021-09-27 02:40:00,729 - INFO - load | 1 | (0.5, 0.4) | 4 | 0 | set() | 0| 0.0 | 0 
2021-09-27 02:40:00,761 - INFO - compute | 1 | (0.5, 0.5) | 4 | 1 | {20} | 128| 32.0 | 128 
2021-09-27 02:40:00,798 - INFO - compute | 1 | (0.5, 0.6000000000000001) | 4 | 2 | (20,) | 128| 25.599999999999994 | 71.02824951023545 
2021-09-27 02:40:00,842 - INFO - compute | 1 | (0.5, 0.7000000000000001) | 4 | 3 | (25,) | 149| 22.349999999999994 | 91.63999697242659 
2021-09-27 02:40:00,895 - INFO - compute | 1 | (0.5, 0.8) | 4 | 5 | (25,) | 149| 14.899999999999997 | 91.63999697242659 
2021-09-27 02:40:00,921 - INFO - load | 1 | (0.5, 0.9) | 4 | 5 | (25,) | 149| 7.449999999999998 | 91.63999697242659 
2021-09-27 02:40:00,975 - INFO - compute | 1 | (0.5, 1.0) | 4 | 6 | (25,) | 149| 0.0 | 91.63999697242659 
2021-09-27 02:40:01,003 - INFO - compute | 1 | (0.6000000000000001, 0.0) | 1 | 0 | set() | 0| 0.0 | 0 
2021-09-27 02:40:01,031 - INFO - load | 1 | (0.6000000000000001, 0.1) | 1 | 0 | set() | 0| 0.0 | 0 
2021-09-27 02:40:01,057 - INFO - load | 1 | (0.6000000000000001, 0.2) | 1 | 0 | set() | 0| 0.0 | 0 
2021-09-27 02:40:01,083 - INFO - load | 1 | (0.6000000000000001, 0.30000000000000004) | 1 | 0 | set() | 0| 0.0 | 0 
2021-09-27 02:40:01,109 - INFO - load | 1 | (0.6000000000000001, 0.4) | 1 | 0 | set() | 0| 0.0 | 0 
2021-09-27 02:40:01,140 - INFO - compute | 1 | (0.6000000000000001, 0.5) | 1 | 2 | (40,) | 13| 3.9000000000000004 | 9.960171044260534 
2021-09-27 02:40:01,172 - INFO - compute | 1 | (0.6000000000000001, 0.6000000000000001) | 1 | 3 | (25,) | 49| 11.76 | 37.54218316682816 
2021-09-27 02:40:01,206 - INFO - compute | 1 | (0.6000000000000001, 0.7000000000000001) | 1 | 5 | (25,) | 49| 8.82 | 37.54218316682816 
2021-09-27 02:40:01,240 - INFO - load | 1 | (0.6000000000000001, 0.8) | 1 | 5 | (25,) | 49| 5.88 | 37.54218316682816 
2021-09-27 02:40:01,280 - INFO - compute | 1 | (0.6000000000000001, 0.9) | 1 | 9 | (25,) | 49| 2.9399999999999973 | 37.54218316682816 
2021-09-27 02:40:01,332 - INFO - compute | 1 | (0.6000000000000001, 1.0) | 1 | 20 | (25,) | 49| 0.0 | 37.54218316682816 
2021-09-27 02:40:01,360 - INFO - load | 1 | (0.7000000000000001, 0.0) | 1 | 0 | set() | 0| 0.0 | 0 
2021-09-27 02:40:01,387 - INFO - load | 1 | (0.7000000000000001, 0.1) | 1 | 0 | set() | 0| 0.0 | 0 
2021-09-27 02:40:01,414 - INFO - load | 1 | (0.7000000000000001, 0.2) | 1 | 0 | set() | 0| 0.0 | 0 
2021-09-27 02:40:01,444 - INFO - load | 1 | (0.7000000000000001, 0.30000000000000004) | 1 | 0 | set() | 0| 0.0 | 0 
2021-09-27 02:40:01,474 - INFO - load | 1 | (0.7000000000000001, 0.4) | 1 | 2 | (40,) | 13| 5.460000000000001 | 9.960171044260534 
2021-09-27 02:40:01,502 - INFO - load | 1 | (0.7000000000000001, 0.5) | 1 | 3 | (25,) | 49| 17.150000000000002 | 37.54218316682816 
2021-09-27 02:40:01,532 - INFO - load | 1 | (0.7000000000000001, 0.6000000000000001) | 1 | 5 | (25,) | 49| 13.719999999999999 | 37.54218316682816 
2021-09-27 02:40:01,571 - INFO - compute | 1 | (0.7000000000000001, 0.7000000000000001) | 1 | 6 | (25,) | 49| 10.29 | 37.54218316682816 
2021-09-27 02:40:01,616 - INFO - compute | 1 | (0.7000000000000001, 0.8) | 1 | 12 | (25,) | 49| 6.86 | 37.54218316682816 
2021-09-27 02:40:01,683 - INFO - compute | 1 | (0.7000000000000001, 0.9) | 1 | 31 | (37,) | 52| 3.6399999999999975 | 39.840684177042135 
2021-09-27 02:40:01,868 - INFO - compute | 1 | (0.7000000000000001, 1.0) | 1 | 148 | (37,) | 52| 0.0 | 39.840684177042135 
2021-09-27 02:40:01,902 - INFO - compute | 1 | (0.8, 0.0) | 0 | 0 | set() | 0| 0.0 | 0 
2021-09-27 02:40:01,937 - INFO - load | 1 | (0.8, 0.1) | 0 | 0 | set() | 0| 0.0 | 0 
2021-09-27 02:40:01,971 - INFO - load | 1 | (0.8, 0.2) | 0 | 0 | set() | 0| 0.0 | 0 
2021-09-27 02:40:02,005 - INFO - load | 1 | (0.8, 0.30000000000000004) | 0 | 0 | set() | 0| 0.0 | 0 
2021-09-27 02:40:02,042 - INFO - compute | 1 | (0.8, 0.4) | 0 | 3 | (40,) | 0| 0.0 | 0 
2021-09-27 02:40:02,079 - INFO - compute | 1 | (0.8, 0.5) | 0 | 5 | (62,) | 0| 0.0 | 0 
2021-09-27 02:40:02,118 - INFO - load | 1 | (0.8, 0.6000000000000001) | 0 | 5 | (62,) | 0| 0.0 | 0 
2021-09-27 02:40:02,156 - INFO - compute | 1 | (0.8, 0.7000000000000001) | 0 | 12 | (480,) | 0| 0.0 | 0 
2021-09-27 02:40:02,193 - INFO - compute | 1 | (0.8, 0.8) | 0 | 37 | (3658,) | 0| 0.0 | 0 
2021-09-27 02:40:02,231 - INFO - compute | 1 | (0.8, 0.9) | 0 | 235 | (9709,) | 0| 0.0 | 0 
2021-09-27 02:40:02,271 - INFO - compute | 1 | (0.8, 1.0) | 0 | 1000 | (9994,) | 0| 0.0 | 0 
2021-09-27 02:40:02,307 - INFO - load | 1 | (0.9, 0.0) | 0 | 0 | set() | 0| 0.0 | 0 
2021-09-27 02:40:02,342 - INFO - load | 1 | (0.9, 0.1) | 0 | 0 | set() | 0| 0.0 | 0 
2021-09-27 02:40:02,378 - INFO - load | 1 | (0.9, 0.2) | 0 | 0 | set() | 0| 0.0 | 0 
2021-09-27 02:40:02,417 - INFO - compute | 1 | (0.9, 0.30000000000000004) | 0 | 2 | (40,) | 0| 0.0 | 0 
2021-09-27 02:40:02,453 - INFO - load | 1 | (0.9, 0.4) | 0 | 3 | (40,) | 0| 0.0 | 0 
2021-09-27 02:40:02,490 - INFO - load | 1 | (0.9, 0.5) | 0 | 5 | (62,) | 0| 0.0 | 0 
2021-09-27 02:40:02,531 - INFO - compute | 1 | (0.9, 0.6000000000000001) | 0 | 9 | (480,) | 0| 0.0 | 0 
2021-09-27 02:40:02,572 - INFO - compute | 1 | (0.9, 0.7000000000000001) | 0 | 31 | (3658,) | 0| 0.0 | 0 
2021-09-27 02:40:02,612 - INFO - load | 1 | (0.9, 0.8) | 0 | 235 | (9709,) | 0| 0.0 | 0 
2021-09-27 02:40:02,650 - INFO - load | 1 | (0.9, 0.9) | 0 | 1000 | (9994,) | 0| 0.0 | 0 
2021-09-27 02:40:02,689 - INFO - load | 1 | (0.9, 1.0) | 0 | 1000 | (9994,) | 0| 0.0 | 0 
2021-09-27 02:40:02,724 - INFO - load | 1 | (1.0, 0.0) | 0 | 0 | set() | 0| 0.0 | 0 
2021-09-27 02:40:02,758 - INFO - load | 1 | (1.0, 0.1) | 0 | 0 | set() | 0| 0.0 | 0 
2021-09-27 02:40:02,794 - INFO - load | 1 | (1.0, 0.2) | 0 | 0 | set() | 0| 0.0 | 0 
2021-09-27 02:40:02,835 - INFO - load | 1 | (1.0, 0.30000000000000004) | 0 | 2 | (40,) | 0| 0.0 | 0 
2021-09-27 02:40:02,872 - INFO - load | 1 | (1.0, 0.4) | 0 | 5 | (62,) | 0| 0.0 | 0 
2021-09-27 02:40:02,916 - INFO - compute | 1 | (1.0, 0.5) | 0 | 6 | (62,) | 0| 0.0 | 0 
2021-09-27 02:40:02,964 - INFO - compute | 1 | (1.0, 0.6000000000000001) | 0 | 20 | (2535,) | 0| 0.0 | 0 
2021-09-27 02:40:03,010 - INFO - compute | 1 | (1.0, 0.7000000000000001) | 0 | 148 | (8450,) | 0| 0.0 | 0 
2021-09-27 02:40:03,049 - INFO - load | 1 | (1.0, 0.8) | 0 | 1000 | (9994,) | 0| 0.0 | 0 
2021-09-27 02:40:03,088 - INFO - load | 1 | (1.0, 0.9) | 0 | 1000 | (9994,) | 0| 0.0 | 0 
2021-09-27 02:40:03,130 - INFO - load | 1 | (1.0, 1.0) | 0 | 1000 | (9994,) | 0| 0.0 | 0 
2021-09-27 02:40:04,006 - INFO - compute | 2 | (0.0, 0.0) | 1000 | 0 | set() | 0| 0.0 | 0 
2021-09-27 02:40:04,008 - INFO - load | 2 | (0.0, 0.1) | 1000 | 0 | set() | 0| 0.0 | 0 
2021-09-27 02:40:04,009 - INFO - load | 2 | (0.0, 0.2) | 1000 | 0 | set() | 0| 0.0 | 0 
2021-09-27 02:40:04,010 - INFO - load | 2 | (0.0, 0.30000000000000004) | 1000 | 0 | set() | 0| 0.0 | 0 
2021-09-27 02:40:04,011 - INFO - load | 2 | (0.0, 0.4) | 1000 | 0 | set() | 0| 0.0 | 0 
2021-09-27 02:40:04,012 - INFO - load | 2 | (0.0, 0.5) | 1000 | 0 | set() | 0| 0.0 | 0 
2021-09-27 02:40:04,013 - INFO - load | 2 | (0.0, 0.6000000000000001) | 1000 | 0 | set() | 0| 0.0 | 0 
2021-09-27 02:40:04,014 - INFO - load | 2 | (0.0, 0.7000000000000001) | 1000 | 0 | set() | 0| 0.0 | 0 
2021-09-27 02:40:04,015 - INFO - load | 2 | (0.0, 0.8) | 1000 | 0 | set() | 0| 0.0 | 0 
2021-09-27 02:40:04,017 - INFO - load | 2 | (0.0, 0.9) | 1000 | 0 | set() | 0| 0.0 | 0 
2021-09-27 02:40:04,018 - INFO - load | 2 | (0.0, 1.0) | 1000 | 0 | set() | 0| 0.0 | 0 
2021-09-27 02:40:04,019 - INFO - load | 2 | (0.1, 0.0) | 1000 | 0 | set() | 0| 0.0 | 0 
2021-09-27 02:40:04,020 - INFO - load | 2 | (0.1, 0.1) | 1000 | 0 | set() | 0| 0.0 | 0 
2021-09-27 02:40:04,021 - INFO - load | 2 | (0.1, 0.2) | 1000 | 0 | set() | 0| 0.0 | 0 
2021-09-27 02:40:04,022 - INFO - load | 2 | (0.1, 0.30000000000000004) | 1000 | 0 | set() | 0| 0.0 | 0 
2021-09-27 02:40:04,023 - INFO - load | 2 | (0.1, 0.4) | 1000 | 0 | set() | 0| 0.0 | 0 
2021-09-27 02:40:04,024 - INFO - load | 2 | (0.1, 0.5) | 1000 | 0 | set() | 0| 0.0 | 0 
2021-09-27 02:40:04,025 - INFO - load | 2 | (0.1, 0.6000000000000001) | 1000 | 0 | set() | 0| 0.0 | 0 
2021-09-27 02:40:04,026 - INFO - load | 2 | (0.1, 0.7000000000000001) | 1000 | 0 | set() | 0| 0.0 | 0 
2021-09-27 02:40:04,027 - INFO - load | 2 | (0.1, 0.8) | 1000 | 0 | set() | 0| 0.0 | 0 
2021-09-27 02:40:04,028 - INFO - load | 2 | (0.1, 0.9) | 1000 | 0 | set() | 0| 0.0 | 0 
2021-09-27 02:40:04,029 - INFO - load | 2 | (0.1, 1.0) | 1000 | 0 | set() | 0| 0.0 | 0 
2021-09-27 02:40:04,030 - INFO - load | 2 | (0.2, 0.0) | 1000 | 0 | set() | 0| 0.0 | 0 
2021-09-27 02:40:04,031 - INFO - load | 2 | (0.2, 0.1) | 1000 | 0 | set() | 0| 0.0 | 0 
2021-09-27 02:40:04,032 - INFO - load | 2 | (0.2, 0.2) | 1000 | 0 | set() | 0| 0.0 | 0 
2021-09-27 02:40:04,033 - INFO - load | 2 | (0.2, 0.30000000000000004) | 1000 | 0 | set() | 0| 0.0 | 0 
2021-09-27 02:40:04,034 - INFO - load | 2 | (0.2, 0.4) | 1000 | 0 | set() | 0| 0.0 | 0 
2021-09-27 02:40:04,035 - INFO - load | 2 | (0.2, 0.5) | 1000 | 0 | set() | 0| 0.0 | 0 
2021-09-27 02:40:04,036 - INFO - load | 2 | (0.2, 0.6000000000000001) | 1000 | 0 | set() | 0| 0.0 | 0 
2021-09-27 02:40:04,037 - INFO - load | 2 | (0.2, 0.7000000000000001) | 1000 | 0 | set() | 0| 0.0 | 0 
2021-09-27 02:40:04,038 - INFO - load | 2 | (0.2, 0.8) | 1000 | 0 | set() | 0| 0.0 | 0 
2021-09-27 02:40:04,039 - INFO - load | 2 | (0.2, 0.9) | 1000 | 0 | set() | 0| 0.0 | 0 
2021-09-27 02:40:04,040 - INFO - load | 2 | (0.2, 1.0) | 1000 | 0 | set() | 0| 0.0 | 0 
2021-09-27 02:40:04,194 - INFO - compute | 2 | (0.30000000000000004, 0.0) | 136 | 0 | set() | 0| 0.0 | 0 
2021-09-27 02:40:04,210 - INFO - load | 2 | (0.30000000000000004, 0.1) | 136 | 0 | set() | 0| 0.0 | 0 
2021-09-27 02:40:04,225 - INFO - load | 2 | (0.30000000000000004, 0.2) | 136 | 0 | set() | 0| 0.0 | 0 
2021-09-27 02:40:04,240 - INFO - load | 2 | (0.30000000000000004, 0.30000000000000004) | 136 | 0 | set() | 0| 0.0 | 0 
2021-09-27 02:40:04,256 - INFO - load | 2 | (0.30000000000000004, 0.4) | 136 | 0 | set() | 0| 0.0 | 0 
2021-09-27 02:40:04,272 - INFO - load | 2 | (0.30000000000000004, 0.5) | 136 | 0 | set() | 0| 0.0 | 0 
2021-09-27 02:40:04,288 - INFO - load | 2 | (0.30000000000000004, 0.6000000000000001) | 136 | 0 | set() | 0| 0.0 | 0 
2021-09-27 02:40:04,308 - INFO - load | 2 | (0.30000000000000004, 0.7000000000000001) | 136 | 0 | set() | 0| 0.0 | 0 
2021-09-27 02:40:04,335 - INFO - load | 2 | (0.30000000000000004, 0.8) | 136 | 0 | set() | 0| 0.0 | 0 
2021-09-27 02:40:04,763 - INFO - compute | 2 | (0.30000000000000004, 0.9) | 136 | 2 | {40, 20} | 15573| 467.18999999999954 | 15573 
2021-09-27 02:40:04,784 - INFO - load | 2 | (0.30000000000000004, 1.0) | 136 | 2 | {40, 20} | 15573| 0.0 | 15573 
2021-09-27 02:40:04,824 - INFO - compute | 2 | (0.4, 0.0) | 19 | 0 | set() | 0| 0.0 | 0 
2021-09-27 02:40:04,844 - INFO - load | 2 | (0.4, 0.1) | 19 | 0 | set() | 0| 0.0 | 0 
2021-09-27 02:40:04,864 - INFO - load | 2 | (0.4, 0.2) | 19 | 0 | set() | 0| 0.0 | 0 
2021-09-27 02:40:04,883 - INFO - load | 2 | (0.4, 0.30000000000000004) | 19 | 0 | set() | 0| 0.0 | 0 
2021-09-27 02:40:04,902 - INFO - load | 2 | (0.4, 0.4) | 19 | 0 | set() | 0| 0.0 | 0 
2021-09-27 02:40:04,922 - INFO - load | 2 | (0.4, 0.5) | 19 | 0 | set() | 0| 0.0 | 0 
2021-09-27 02:40:04,941 - INFO - load | 2 | (0.4, 0.6000000000000001) | 19 | 0 | set() | 0| 0.0 | 0 
2021-09-27 02:40:05,021 - INFO - compute | 2 | (0.4, 0.7000000000000001) | 19 | 2 | {40, 20} | 1513| 181.56 | 1513 
2021-09-27 02:40:05,157 - INFO - compute | 2 | (0.4, 0.8) | 19 | 3 | (25, 20) | 1825| 145.99999999999991 | 829.4337919470638 
2021-09-27 02:40:05,181 - INFO - load | 2 | (0.4, 0.9) | 19 | 3 | (25, 20) | 1825| 72.99999999999996 | 829.4337919470638 
2021-09-27 02:40:05,519 - INFO - compute | 2 | (0.4, 1.0) | 19 | 5 | (20, 25) | 1825| 0.0 | 829.4337919470638 
2021-09-27 02:40:05,548 - INFO - compute | 2 | (0.5, 0.0) | 4 | 0 | set() | 0| 0.0 | 0 
2021-09-27 02:40:05,573 - INFO - load | 2 | (0.5, 0.1) | 4 | 0 | set() | 0| 0.0 | 0 
2021-09-27 02:40:05,596 - INFO - load | 2 | (0.5, 0.2) | 4 | 0 | set() | 0| 0.0 | 0 
2021-09-27 02:40:05,620 - INFO - load | 2 | (0.5, 0.30000000000000004) | 4 | 0 | set() | 0| 0.0 | 0 
2021-09-27 02:40:05,643 - INFO - load | 2 | (0.5, 0.4) | 4 | 0 | set() | 0| 0.0 | 0 
2021-09-27 02:40:05,676 - INFO - compute | 2 | (0.5, 0.5) | 4 | 1 | {20} | 128| 32.0 | 128 
2021-09-27 02:40:05,714 - INFO - compute | 2 | (0.5, 0.6000000000000001) | 4 | 2 | {40, 20} | 202| 40.39999999999999 | 202 
2021-09-27 02:40:05,764 - INFO - compute | 2 | (0.5, 0.7000000000000001) | 4 | 3 | (25, 20) | 275| 41.24999999999999 | 161.64547763039195 
2021-09-27 02:40:05,857 - INFO - compute | 2 | (0.5, 0.8) | 4 | 5 | (50, 25) | 271| 27.099999999999994 | 163.3263545152098 
2021-09-27 02:40:05,884 - INFO - load | 2 | (0.5, 0.9) | 4 | 5 | (50, 25) | 271| 13.549999999999997 | 163.3263545152098 
2021-09-27 02:40:06,008 - INFO - compute | 2 | (0.5, 1.0) | 4 | 6 | (42, 25) | 279| 0.0 | 169.90737176624134 
2021-09-27 02:40:06,037 - INFO - compute | 2 | (0.6000000000000001, 0.0) | 1 | 0 | set() | 0| 0.0 | 0 
2021-09-27 02:40:06,065 - INFO - load | 2 | (0.6000000000000001, 0.1) | 1 | 0 | set() | 0| 0.0 | 0 
2021-09-27 02:40:06,092 - INFO - load | 2 | (0.6000000000000001, 0.2) | 1 | 0 | set() | 0| 0.0 | 0 
2021-09-27 02:40:06,119 - INFO - load | 2 | (0.6000000000000001, 0.30000000000000004) | 1 | 0 | set() | 0| 0.0 | 0 
2021-09-27 02:40:06,146 - INFO - load | 2 | (0.6000000000000001, 0.4) | 1 | 0 | set() | 0| 0.0 | 0 
2021-09-27 02:40:06,178 - INFO - compute | 2 | (0.6000000000000001, 0.5) | 1 | 2 | {40, 20} | 13| 3.9000000000000004 | 13 
2021-09-27 02:40:06,214 - INFO - compute | 2 | (0.6000000000000001, 0.6000000000000001) | 1 | 3 | (40, 25) | 62| 14.879999999999999 | 47.502354211088694 
2021-09-27 02:40:06,261 - INFO - compute | 2 | (0.6000000000000001, 0.7000000000000001) | 1 | 5 | (50, 25) | 65| 11.7 | 49.80085522130266 
2021-09-27 02:40:06,291 - INFO - load | 2 | (0.6000000000000001, 0.8) | 1 | 5 | (50, 25) | 65| 7.8 | 49.80085522130266 
2021-09-27 02:40:06,380 - INFO - compute | 2 | (0.6000000000000001, 0.9) | 1 | 9 | (42, 25) | 79| 4.739999999999996 | 60.52719326896786 
2021-09-27 02:40:06,707 - INFO - compute | 2 | (0.6000000000000001, 1.0) | 1 | 20 | (39, 25) | 85| 0.0 | 65.12419528939579 
2021-09-27 02:40:06,742 - INFO - load | 2 | (0.7000000000000001, 0.0) | 1 | 0 | set() | 0| 0.0 | 0 
2021-09-27 02:40:06,769 - INFO - load | 2 | (0.7000000000000001, 0.1) | 1 | 0 | set() | 0| 0.0 | 0 
2021-09-27 02:40:06,797 - INFO - load | 2 | (0.7000000000000001, 0.2) | 1 | 0 | set() | 0| 0.0 | 0 
2021-09-27 02:40:06,826 - INFO - load | 2 | (0.7000000000000001, 0.30000000000000004) | 1 | 0 | set() | 0| 0.0 | 0 
2021-09-27 02:40:06,855 - INFO - load | 2 | (0.7000000000000001, 0.4) | 1 | 2 | {40, 20} | 13| 5.460000000000001 | 13 
2021-09-27 02:40:06,884 - INFO - load | 2 | (0.7000000000000001, 0.5) | 1 | 3 | (40, 25) | 62| 21.700000000000003 | 47.502354211088694 
2021-09-27 02:40:06,913 - INFO - load | 2 | (0.7000000000000001, 0.6000000000000001) | 1 | 5 | (50, 25) | 65| 18.2 | 49.80085522130266 
2021-09-27 02:40:06,971 - INFO - compute | 2 | (0.7000000000000001, 0.7000000000000001) | 1 | 6 | (42, 25) | 79| 16.589999999999996 | 60.52719326896786 
2021-09-27 02:40:07,109 - INFO - compute | 2 | (0.7000000000000001, 0.8) | 1 | 12 | (42, 25) | 79| 11.06 | 60.52719326896786 
2021-09-27 02:40:07,858 - INFO - compute | 2 | (0.7000000000000001, 0.9) | 1 | 31 | (25, 37) | 101| 7.069999999999995 | 77.38286734387029 
2021-09-27 02:40:25,339 - INFO - compute | 2 | (0.7000000000000001, 1.0) | 1 | 148 | (25, 37) | 101| 0.0 | 77.38286734387029 
2021-09-27 02:40:25,377 - INFO - compute | 2 | (0.8, 0.0) | 0 | 0 | set() | 0| 0.0 | 0 
2021-09-27 02:40:25,413 - INFO - load | 2 | (0.8, 0.1) | 0 | 0 | set() | 0| 0.0 | 0 
2021-09-27 02:40:25,449 - INFO - load | 2 | (0.8, 0.2) | 0 | 0 | set() | 0| 0.0 | 0 
2021-09-27 02:40:25,485 - INFO - load | 2 | (0.8, 0.30000000000000004) | 0 | 0 | set() | 0| 0.0 | 0 
2021-09-27 02:40:25,524 - INFO - compute | 2 | (0.8, 0.4) | 0 | 3 | (40, 25) | 0| 0.0 | 0 
2021-09-27 02:40:25,562 - INFO - compute | 2 | (0.8, 0.5) | 0 | 5 | (50, 62) | 0| 0.0 | 0 
2021-09-27 02:40:25,600 - INFO - load | 2 | (0.8, 0.6000000000000001) | 0 | 5 | (50, 62) | 0| 0.0 | 0 
2021-09-27 02:40:25,637 - INFO - compute | 2 | (0.8, 0.7000000000000001) | 0 | 12 | (480, 335) | 0| 0.0 | 0 
2021-09-27 02:40:25,678 - INFO - compute | 2 | (0.8, 0.8) | 0 | 37 | (3658, 2535) | 0| 0.0 | 0 
2021-09-27 02:40:25,757 - INFO - compute | 2 | (0.8, 0.9) | 0 | 235 | (9709, 6139) | 0| 0.0 | 0 
2021-09-27 02:40:26,564 - INFO - compute | 2 | (0.8, 1.0) | 0 | 1000 | (9994, 9993) | 0| 0.0 | 0 
2021-09-27 02:40:26,600 - INFO - load | 2 | (0.9, 0.0) | 0 | 0 | set() | 0| 0.0 | 0 
2021-09-27 02:40:26,636 - INFO - load | 2 | (0.9, 0.1) | 0 | 0 | set() | 0| 0.0 | 0 
2021-09-27 02:40:26,672 - INFO - load | 2 | (0.9, 0.2) | 0 | 0 | set() | 0| 0.0 | 0 
2021-09-27 02:40:26,712 - INFO - compute | 2 | (0.9, 0.30000000000000004) | 0 | 2 | {40, 20} | 0| 0.0 | 0 
2021-09-27 02:40:26,749 - INFO - load | 2 | (0.9, 0.4) | 0 | 3 | (40, 25) | 0| 0.0 | 0 
2021-09-27 02:40:26,788 - INFO - load | 2 | (0.9, 0.5) | 0 | 5 | (50, 62) | 0| 0.0 | 0 
2021-09-27 02:40:26,830 - INFO - compute | 2 | (0.9, 0.6000000000000001) | 0 | 9 | (480, 335) | 0| 0.0 | 0 
2021-09-27 02:40:26,872 - INFO - compute | 2 | (0.9, 0.7000000000000001) | 0 | 31 | (3658, 2535) | 0| 0.0 | 0 
2021-09-27 02:40:26,911 - INFO - load | 2 | (0.9, 0.8) | 0 | 235 | (9709, 6139) | 0| 0.0 | 0 
2021-09-27 02:40:26,951 - INFO - load | 2 | (0.9, 0.9) | 0 | 1000 | (9994, 9993) | 0| 0.0 | 0 
2021-09-27 02:40:26,990 - INFO - load | 2 | (0.9, 1.0) | 0 | 1000 | (9994, 9993) | 0| 0.0 | 0 
2021-09-27 02:40:27,027 - INFO - load | 2 | (1.0, 0.0) | 0 | 0 | set() | 0| 0.0 | 0 
2021-09-27 02:40:27,064 - INFO - load | 2 | (1.0, 0.1) | 0 | 0 | set() | 0| 0.0 | 0 
2021-09-27 02:40:27,101 - INFO - load | 2 | (1.0, 0.2) | 0 | 0 | set() | 0| 0.0 | 0 
2021-09-27 02:40:27,143 - INFO - load | 2 | (1.0, 0.30000000000000004) | 0 | 2 | {40, 20} | 0| 0.0 | 0 
2021-09-27 02:40:27,180 - INFO - load | 2 | (1.0, 0.4) | 0 | 5 | (50, 62) | 0| 0.0 | 0 
2021-09-27 02:40:27,226 - INFO - compute | 2 | (1.0, 0.5) | 0 | 6 | (50, 62) | 0| 0.0 | 0 
2021-09-27 02:40:27,271 - INFO - compute | 2 | (1.0, 0.6000000000000001) | 0 | 20 | (2535, 698) | 0| 0.0 | 0 
2021-09-27 02:40:27,331 - INFO - compute | 2 | (1.0, 0.7000000000000001) | 0 | 148 | (8450, 7589) | 0| 0.0 | 0 
2021-09-27 02:40:27,371 - INFO - load | 2 | (1.0, 0.8) | 0 | 1000 | (9994, 9993) | 0| 0.0 | 0 
2021-09-27 02:40:27,410 - INFO - load | 2 | (1.0, 0.9) | 0 | 1000 | (9994, 9993) | 0| 0.0 | 0 
2021-09-27 02:40:27,450 - INFO - load | 2 | (1.0, 1.0) | 0 | 1000 | (9994, 9993) | 0| 0.0 | 0 
