2021-09-30 01:48:43,028 - INFO - run algo
2021-09-30 01:48:43,343 - INFO - 9513
2021-09-30 01:48:43,352 - INFO - 10000
2021-09-30 01:48:53,459 - INFO - load:
2021-09-30 01:48:53,467 - INFO - Finish random requester set R and supplier set S 
                             percent_R=0.1, num_R=1000, len_R=1000 
                             percent_S=0.1, num_S=1000, len_S=1000
2021-09-30 01:49:10,544 - INFO - compute | 1 | (0.0, 0.0) | 1000 | 0 | set() | 0| 0.0 | 0.0 
2021-09-30 01:49:10,549 - INFO - load | 1 | (0.0, 0.05) | 1000 | 0 | set() | 0| 0.0 | 0.0 
2021-09-30 01:49:10,552 - INFO - load | 1 | (0.0, 0.1) | 1000 | 0 | set() | 0| 0.0 | 0.0 
2021-09-30 01:49:10,554 - INFO - load | 1 | (0.0, 0.15000000000000002) | 1000 | 0 | set() | 0| 0.0 | 0.0 
2021-09-30 01:49:10,556 - INFO - load | 1 | (0.0, 0.2) | 1000 | 0 | set() | 0| 0.0 | 0.0 
2021-09-30 01:49:10,558 - INFO - load | 1 | (0.0, 0.25) | 1000 | 0 | set() | 0| 0.0 | 0.0 
2021-09-30 01:49:10,560 - INFO - load | 1 | (0.0, 0.30000000000000004) | 1000 | 0 | set() | 0| 0.0 | 0.0 
2021-09-30 01:49:10,562 - INFO - load | 1 | (0.0, 0.35000000000000003) | 1000 | 0 | set() | 0| 0.0 | 0.0 
2021-09-30 01:49:10,564 - INFO - load | 1 | (0.0, 0.4) | 1000 | 0 | set() | 0| 0.0 | 0.0 
2021-09-30 01:49:10,567 - INFO - load | 1 | (0.0, 0.45) | 1000 | 0 | set() | 0| 0.0 | 0.0 
2021-09-30 01:49:10,568 - INFO - load | 1 | (0.0, 0.5) | 1000 | 0 | set() | 0| 0.0 | 0.0 
2021-09-30 01:49:10,571 - INFO - load | 1 | (0.0, 0.55) | 1000 | 0 | set() | 0| 0.0 | 0.0 
2021-09-30 01:49:10,574 - INFO - load | 1 | (0.0, 0.6000000000000001) | 1000 | 0 | set() | 0| 0.0 | 0.0 
2021-09-30 01:49:10,577 - INFO - load | 1 | (0.0, 0.65) | 1000 | 0 | set() | 0| 0.0 | 0.0 
2021-09-30 01:49:10,579 - INFO - load | 1 | (0.0, 0.7000000000000001) | 1000 | 0 | set() | 0| 0.0 | 0.0 
2021-09-30 01:49:10,582 - INFO - load | 1 | (0.0, 0.75) | 1000 | 0 | set() | 0| 0.0 | 0.0 
2021-09-30 01:49:10,586 - INFO - load | 1 | (0.0, 0.8) | 1000 | 0 | set() | 0| 0.0 | 0.0 
2021-09-30 01:49:10,588 - INFO - load | 1 | (0.0, 0.8500000000000001) | 1000 | 0 | set() | 0| 0.0 | 0.0 
2021-09-30 01:49:10,590 - INFO - load | 1 | (0.0, 0.9) | 1000 | 0 | set() | 0| 0.0 | 0.0 
2021-09-30 01:49:10,593 - INFO - load | 1 | (0.0, 0.9500000000000001) | 1000 | 0 | set() | 0| 0.0 | 0.0 
2021-09-30 01:49:10,595 - INFO - load | 1 | (0.0, 1.0) | 1000 | 0 | set() | 0| 0.0 | 0.0 
2021-09-30 01:49:10,598 - INFO - load | 1 | (0.05, 0.0) | 1000 | 0 | set() | 0| 0.0 | 0.0 
2021-09-30 01:49:10,601 - INFO - load | 1 | (0.05, 0.05) | 1000 | 0 | set() | 0| 0.0 | 0.0 
2021-09-30 01:49:10,603 - INFO - load | 1 | (0.05, 0.1) | 1000 | 0 | set() | 0| 0.0 | 0.0 
2021-09-30 01:49:10,604 - INFO - load | 1 | (0.05, 0.15000000000000002) | 1000 | 0 | set() | 0| 0.0 | 0.0 
2021-09-30 01:49:10,605 - INFO - load | 1 | (0.05, 0.2) | 1000 | 0 | set() | 0| 0.0 | 0.0 
2021-09-30 01:49:10,607 - INFO - load | 1 | (0.05, 0.25) | 1000 | 0 | set() | 0| 0.0 | 0.0 
2021-09-30 01:49:10,609 - INFO - load | 1 | (0.05, 0.30000000000000004) | 1000 | 0 | set() | 0| 0.0 | 0.0 
2021-09-30 01:49:10,611 - INFO - load | 1 | (0.05, 0.35000000000000003) | 1000 | 0 | set() | 0| 0.0 | 0.0 
2021-09-30 01:49:10,613 - INFO - load | 1 | (0.05, 0.4) | 1000 | 0 | set() | 0| 0.0 | 0.0 
2021-09-30 01:49:10,615 - INFO - load | 1 | (0.05, 0.45) | 1000 | 0 | set() | 0| 0.0 | 0.0 
2021-09-30 01:49:10,618 - INFO - load | 1 | (0.05, 0.5) | 1000 | 0 | set() | 0| 0.0 | 0.0 
2021-09-30 01:49:10,620 - INFO - load | 1 | (0.05, 0.55) | 1000 | 0 | set() | 0| 0.0 | 0.0 
2021-09-30 01:49:10,621 - INFO - load | 1 | (0.05, 0.6000000000000001) | 1000 | 0 | set() | 0| 0.0 | 0.0 
2021-09-30 01:49:10,622 - INFO - load | 1 | (0.05, 0.65) | 1000 | 0 | set() | 0| 0.0 | 0.0 
2021-09-30 01:49:10,625 - INFO - load | 1 | (0.05, 0.7000000000000001) | 1000 | 0 | set() | 0| 0.0 | 0.0 
2021-09-30 01:49:10,630 - INFO - load | 1 | (0.05, 0.75) | 1000 | 0 | set() | 0| 0.0 | 0.0 
2021-09-30 01:49:10,633 - INFO - load | 1 | (0.05, 0.8) | 1000 | 0 | set() | 0| 0.0 | 0.0 
2021-09-30 01:49:10,637 - INFO - load | 1 | (0.05, 0.8500000000000001) | 1000 | 0 | set() | 0| 0.0 | 0.0 
2021-09-30 01:49:10,639 - INFO - load | 1 | (0.05, 0.9) | 1000 | 0 | set() | 0| 0.0 | 0.0 
2021-09-30 01:49:10,642 - INFO - load | 1 | (0.05, 0.9500000000000001) | 1000 | 0 | set() | 0| 0.0 | 0.0 
2021-09-30 01:49:10,644 - INFO - load | 1 | (0.05, 1.0) | 1000 | 0 | set() | 0| 0.0 | 0.0 
2021-09-30 01:49:10,647 - INFO - load | 1 | (0.1, 0.0) | 1000 | 0 | set() | 0| 0.0 | 0.0 
2021-09-30 01:49:10,651 - INFO - load | 1 | (0.1, 0.05) | 1000 | 0 | set() | 0| 0.0 | 0.0 
2021-09-30 01:49:10,653 - INFO - load | 1 | (0.1, 0.1) | 1000 | 0 | set() | 0| 0.0 | 0.0 
2021-09-30 01:49:10,656 - INFO - load | 1 | (0.1, 0.15000000000000002) | 1000 | 0 | set() | 0| 0.0 | 0.0 
2021-09-30 01:49:10,659 - INFO - load | 1 | (0.1, 0.2) | 1000 | 0 | set() | 0| 0.0 | 0.0 
2021-09-30 01:49:10,661 - INFO - load | 1 | (0.1, 0.25) | 1000 | 0 | set() | 0| 0.0 | 0.0 
2021-09-30 01:49:10,665 - INFO - load | 1 | (0.1, 0.30000000000000004) | 1000 | 0 | set() | 0| 0.0 | 0.0 
2021-09-30 01:49:10,669 - INFO - load | 1 | (0.1, 0.35000000000000003) | 1000 | 0 | set() | 0| 0.0 | 0.0 
2021-09-30 01:49:10,672 - INFO - load | 1 | (0.1, 0.4) | 1000 | 0 | set() | 0| 0.0 | 0.0 
2021-09-30 01:49:10,675 - INFO - load | 1 | (0.1, 0.45) | 1000 | 0 | set() | 0| 0.0 | 0.0 
2021-09-30 01:49:10,678 - INFO - load | 1 | (0.1, 0.5) | 1000 | 0 | set() | 0| 0.0 | 0.0 
2021-09-30 01:49:10,681 - INFO - load | 1 | (0.1, 0.55) | 1000 | 0 | set() | 0| 0.0 | 0.0 
2021-09-30 01:49:10,684 - INFO - load | 1 | (0.1, 0.6000000000000001) | 1000 | 0 | set() | 0| 0.0 | 0.0 
2021-09-30 01:49:10,686 - INFO - load | 1 | (0.1, 0.65) | 1000 | 0 | set() | 0| 0.0 | 0.0 
2021-09-30 01:49:10,688 - INFO - load | 1 | (0.1, 0.7000000000000001) | 1000 | 0 | set() | 0| 0.0 | 0.0 
2021-09-30 01:49:10,691 - INFO - load | 1 | (0.1, 0.75) | 1000 | 0 | set() | 0| 0.0 | 0.0 
2021-09-30 01:49:10,695 - INFO - load | 1 | (0.1, 0.8) | 1000 | 0 | set() | 0| 0.0 | 0.0 
2021-09-30 01:49:10,700 - INFO - load | 1 | (0.1, 0.8500000000000001) | 1000 | 0 | set() | 0| 0.0 | 0.0 
2021-09-30 01:49:10,703 - INFO - load | 1 | (0.1, 0.9) | 1000 | 0 | set() | 0| 0.0 | 0.0 
2021-09-30 01:49:10,706 - INFO - load | 1 | (0.1, 0.9500000000000001) | 1000 | 0 | set() | 0| 0.0 | 0.0 
2021-09-30 01:49:10,708 - INFO - load | 1 | (0.1, 1.0) | 1000 | 0 | set() | 0| 0.0 | 0.0 
2021-09-30 01:49:10,711 - INFO - load | 1 | (0.15000000000000002, 0.0) | 1000 | 0 | set() | 0| 0.0 | 0.0 
2021-09-30 01:49:10,714 - INFO - load | 1 | (0.15000000000000002, 0.05) | 1000 | 0 | set() | 0| 0.0 | 0.0 
2021-09-30 01:49:10,717 - INFO - load | 1 | (0.15000000000000002, 0.1) | 1000 | 0 | set() | 0| 0.0 | 0.0 
2021-09-30 01:49:10,720 - INFO - load | 1 | (0.15000000000000002, 0.15000000000000002) | 1000 | 0 | set() | 0| 0.0 | 0.0 
2021-09-30 01:49:10,723 - INFO - load | 1 | (0.15000000000000002, 0.2) | 1000 | 0 | set() | 0| 0.0 | 0.0 
2021-09-30 01:49:10,726 - INFO - load | 1 | (0.15000000000000002, 0.25) | 1000 | 0 | set() | 0| 0.0 | 0.0 
2021-09-30 01:49:10,730 - INFO - load | 1 | (0.15000000000000002, 0.30000000000000004) | 1000 | 0 | set() | 0| 0.0 | 0.0 
2021-09-30 01:49:10,734 - INFO - load | 1 | (0.15000000000000002, 0.35000000000000003) | 1000 | 0 | set() | 0| 0.0 | 0.0 
2021-09-30 01:49:10,737 - INFO - load | 1 | (0.15000000000000002, 0.4) | 1000 | 0 | set() | 0| 0.0 | 0.0 
2021-09-30 01:49:10,740 - INFO - load | 1 | (0.15000000000000002, 0.45) | 1000 | 0 | set() | 0| 0.0 | 0.0 
2021-09-30 01:49:10,743 - INFO - load | 1 | (0.15000000000000002, 0.5) | 1000 | 0 | set() | 0| 0.0 | 0.0 
2021-09-30 01:49:10,746 - INFO - load | 1 | (0.15000000000000002, 0.55) | 1000 | 0 | set() | 0| 0.0 | 0.0 
2021-09-30 01:49:10,750 - INFO - load | 1 | (0.15000000000000002, 0.6000000000000001) | 1000 | 0 | set() | 0| 0.0 | 0.0 
2021-09-30 01:49:10,754 - INFO - load | 1 | (0.15000000000000002, 0.65) | 1000 | 0 | set() | 0| 0.0 | 0.0 
2021-09-30 01:49:10,756 - INFO - load | 1 | (0.15000000000000002, 0.7000000000000001) | 1000 | 0 | set() | 0| 0.0 | 0.0 
2021-09-30 01:49:10,759 - INFO - load | 1 | (0.15000000000000002, 0.75) | 1000 | 0 | set() | 0| 0.0 | 0.0 
2021-09-30 01:49:10,762 - INFO - load | 1 | (0.15000000000000002, 0.8) | 1000 | 0 | set() | 0| 0.0 | 0.0 
2021-09-30 01:49:10,765 - INFO - load | 1 | (0.15000000000000002, 0.8500000000000001) | 1000 | 0 | set() | 0| 0.0 | 0.0 
2021-09-30 01:49:13,405 - INFO - compute | 1 | (0.15000000000000002, 0.9) | 1000 | 1 | {20} | 83046| 1245.6899999999987 | 43169.1705202312 
2021-09-30 01:49:13,453 - INFO - load | 1 | (0.15000000000000002, 0.9500000000000001) | 1000 | 1 | {20} | 83046| 622.8449999999982 | 43169.1705202312 
2021-09-30 01:49:17,280 - INFO - compute | 1 | (0.15000000000000002, 1.0) | 1000 | 2 | (20,) | 83046| 0.0 | 43169.1705202312 
2021-09-30 01:49:17,282 - INFO - load | 1 | (0.2, 0.0) | 1000 | 0 | set() | 0| 0.0 | 0.0 
2021-09-30 01:49:17,284 - INFO - load | 1 | (0.2, 0.05) | 1000 | 0 | set() | 0| 0.0 | 0.0 
2021-09-30 01:49:17,286 - INFO - load | 1 | (0.2, 0.1) | 1000 | 0 | set() | 0| 0.0 | 0.0 
2021-09-30 01:49:17,287 - INFO - load | 1 | (0.2, 0.15000000000000002) | 1000 | 0 | set() | 0| 0.0 | 0.0 
2021-09-30 01:49:17,289 - INFO - load | 1 | (0.2, 0.2) | 1000 | 0 | set() | 0| 0.0 | 0.0 
2021-09-30 01:49:17,291 - INFO - load | 1 | (0.2, 0.25) | 1000 | 0 | set() | 0| 0.0 | 0.0 
2021-09-30 01:49:17,292 - INFO - load | 1 | (0.2, 0.30000000000000004) | 1000 | 0 | set() | 0| 0.0 | 0.0 
2021-09-30 01:49:17,293 - INFO - load | 1 | (0.2, 0.35000000000000003) | 1000 | 0 | set() | 0| 0.0 | 0.0 
2021-09-30 01:49:17,294 - INFO - load | 1 | (0.2, 0.4) | 1000 | 0 | set() | 0| 0.0 | 0.0 
2021-09-30 01:49:17,296 - INFO - load | 1 | (0.2, 0.45) | 1000 | 0 | set() | 0| 0.0 | 0.0 
2021-09-30 01:49:17,297 - INFO - load | 1 | (0.2, 0.5) | 1000 | 0 | set() | 0| 0.0 | 0.0 
2021-09-30 01:49:17,298 - INFO - load | 1 | (0.2, 0.55) | 1000 | 0 | set() | 0| 0.0 | 0.0 
2021-09-30 01:49:17,300 - INFO - load | 1 | (0.2, 0.6000000000000001) | 1000 | 0 | set() | 0| 0.0 | 0.0 
2021-09-30 01:49:17,301 - INFO - load | 1 | (0.2, 0.65) | 1000 | 0 | set() | 0| 0.0 | 0.0 
2021-09-30 01:49:17,351 - INFO - load | 1 | (0.2, 0.7000000000000001) | 1000 | 1 | {20} | 83046| 4982.76 | 43169.1705202312 
2021-09-30 01:49:17,399 - INFO - load | 1 | (0.2, 0.75) | 1000 | 2 | (20,) | 83046| 4152.299999999999 | 43169.1705202312 
2021-09-30 01:49:17,448 - INFO - load | 1 | (0.2, 0.8) | 1000 | 2 | (20,) | 83046| 3321.8399999999983 | 43169.1705202312 
2021-09-30 01:49:22,397 - INFO - compute | 1 | (0.2, 0.8500000000000001) | 1000 | 3 | (20,) | 83046| 2491.3799999999974 | 43169.1705202312 
2021-09-30 01:49:22,470 - INFO - load | 1 | (0.2, 0.9) | 1000 | 3 | (20,) | 83046| 1660.9199999999992 | 43169.1705202312 
2021-09-30 01:49:22,532 - INFO - load | 1 | (0.2, 0.9500000000000001) | 1000 | 3 | (20,) | 83046| 830.4599999999984 | 43169.1705202312 
2021-09-30 01:49:22,593 - INFO - load | 1 | (0.2, 1.0) | 1000 | 3 | (20,) | 83046| 0.0 | 43169.1705202312 
2021-09-30 01:49:22,594 - INFO - load | 1 | (0.25, 0.0) | 1000 | 0 | set() | 0| 0.0 | 0.0 
2021-09-30 01:49:22,596 - INFO - load | 1 | (0.25, 0.05) | 1000 | 0 | set() | 0| 0.0 | 0.0 
2021-09-30 01:49:22,597 - INFO - load | 1 | (0.25, 0.1) | 1000 | 0 | set() | 0| 0.0 | 0.0 
2021-09-30 01:49:22,598 - INFO - load | 1 | (0.25, 0.15000000000000002) | 1000 | 0 | set() | 0| 0.0 | 0.0 
2021-09-30 01:49:22,600 - INFO - load | 1 | (0.25, 0.2) | 1000 | 0 | set() | 0| 0.0 | 0.0 
2021-09-30 01:49:22,601 - INFO - load | 1 | (0.25, 0.25) | 1000 | 0 | set() | 0| 0.0 | 0.0 
2021-09-30 01:49:22,602 - INFO - load | 1 | (0.25, 0.30000000000000004) | 1000 | 0 | set() | 0| 0.0 | 0.0 
2021-09-30 01:49:22,604 - INFO - load | 1 | (0.25, 0.35000000000000003) | 1000 | 0 | set() | 0| 0.0 | 0.0 
2021-09-30 01:49:22,605 - INFO - load | 1 | (0.25, 0.4) | 1000 | 0 | set() | 0| 0.0 | 0.0 
2021-09-30 01:49:22,606 - INFO - load | 1 | (0.25, 0.45) | 1000 | 0 | set() | 0| 0.0 | 0.0 
2021-09-30 01:49:22,608 - INFO - load | 1 | (0.25, 0.5) | 1000 | 0 | set() | 0| 0.0 | 0.0 
2021-09-30 01:49:22,656 - INFO - load | 1 | (0.25, 0.55) | 1000 | 1 | {20} | 83046| 9342.675 | 43169.1705202312 
2021-09-30 01:49:22,705 - INFO - load | 1 | (0.25, 0.6000000000000001) | 1000 | 2 | (20,) | 83046| 8304.599999999999 | 43169.1705202312 
2021-09-30 01:49:22,752 - INFO - load | 1 | (0.25, 0.65) | 1000 | 2 | (20,) | 83046| 7266.525 | 43169.1705202312 
2021-09-30 01:49:22,810 - INFO - load | 1 | (0.25, 0.7000000000000001) | 1000 | 3 | (20,) | 83046| 6228.449999999999 | 43169.1705202312 
2021-09-30 01:49:22,869 - INFO - load | 1 | (0.25, 0.75) | 1000 | 3 | (20,) | 83046| 5190.375 | 43169.1705202312 
2021-09-30 01:49:22,950 - INFO - load | 1 | (0.25, 0.8) | 1000 | 3 | (20,) | 83046| 4152.299999999999 | 43169.1705202312 
2021-09-30 01:49:29,191 - INFO - compute | 1 | (0.25, 0.8500000000000001) | 1000 | 4 | (20,) | 83046| 3114.224999999998 | 43169.1705202312 
2021-09-30 01:49:29,262 - INFO - load | 1 | (0.25, 0.9) | 1000 | 4 | (20,) | 83046| 2076.1499999999996 | 43169.1705202312 
2021-09-30 01:49:36,309 - INFO - compute | 1 | (0.25, 0.9500000000000001) | 1000 | 5 | (20,) | 83046| 1038.0749999999987 | 43169.1705202312 
2021-09-30 01:49:36,426 - INFO - load | 1 | (0.25, 1.0) | 1000 | 5 | (20,) | 83046| 0.0 | 43169.1705202312 
2021-09-30 01:49:36,428 - INFO - load | 1 | (0.30000000000000004, 0.0) | 1000 | 0 | set() | 0| 0.0 | 0.0 
2021-09-30 01:49:36,431 - INFO - load | 1 | (0.30000000000000004, 0.05) | 1000 | 0 | set() | 0| 0.0 | 0.0 
2021-09-30 01:49:36,433 - INFO - load | 1 | (0.30000000000000004, 0.1) | 1000 | 0 | set() | 0| 0.0 | 0.0 
2021-09-30 01:49:36,435 - INFO - load | 1 | (0.30000000000000004, 0.15000000000000002) | 1000 | 0 | set() | 0| 0.0 | 0.0 
2021-09-30 01:49:36,436 - INFO - load | 1 | (0.30000000000000004, 0.2) | 1000 | 0 | set() | 0| 0.0 | 0.0 
2021-09-30 01:49:36,438 - INFO - load | 1 | (0.30000000000000004, 0.25) | 1000 | 0 | set() | 0| 0.0 | 0.0 
2021-09-30 01:49:36,441 - INFO - load | 1 | (0.30000000000000004, 0.30000000000000004) | 1000 | 0 | set() | 0| 0.0 | 0.0 
2021-09-30 01:49:36,443 - INFO - load | 1 | (0.30000000000000004, 0.35000000000000003) | 1000 | 0 | set() | 0| 0.0 | 0.0 
2021-09-30 01:49:36,446 - INFO - load | 1 | (0.30000000000000004, 0.4) | 1000 | 0 | set() | 0| 0.0 | 0.0 
2021-09-30 01:49:36,520 - INFO - load | 1 | (0.30000000000000004, 0.45) | 1000 | 1 | {20} | 83046| 13702.59 | 43169.1705202312 
2021-09-30 01:49:36,588 - INFO - load | 1 | (0.30000000000000004, 0.5) | 1000 | 2 | (20,) | 83046| 12456.900000000001 | 43169.1705202312 
2021-09-30 01:49:36,676 - INFO - load | 1 | (0.30000000000000004, 0.55) | 1000 | 3 | (20,) | 83046| 11211.210000000001 | 43169.1705202312 
2021-09-30 01:49:36,764 - INFO - load | 1 | (0.30000000000000004, 0.6000000000000001) | 1000 | 3 | (20,) | 83046| 9965.52 | 43169.1705202312 
2021-09-30 01:49:36,859 - INFO - load | 1 | (0.30000000000000004, 0.65) | 1000 | 3 | (20,) | 83046| 8719.83 | 43169.1705202312 
2021-09-30 01:49:36,967 - INFO - load | 1 | (0.30000000000000004, 0.7000000000000001) | 1000 | 4 | (20,) | 83046| 7474.139999999999 | 43169.1705202312 
2021-09-30 01:49:37,078 - INFO - load | 1 | (0.30000000000000004, 0.75) | 1000 | 4 | (20,) | 83046| 6228.450000000001 | 43169.1705202312 
2021-09-30 01:49:37,193 - INFO - load | 1 | (0.30000000000000004, 0.8) | 1000 | 5 | (20,) | 83046| 4982.76 | 43169.1705202312 
2021-09-30 01:49:37,301 - INFO - load | 1 | (0.30000000000000004, 0.8500000000000001) | 1000 | 5 | (20,) | 83046| 3737.069999999999 | 43169.1705202312 
2021-09-30 01:49:37,410 - INFO - load | 1 | (0.30000000000000004, 0.9) | 1000 | 5 | (20,) | 83046| 2491.3799999999974 | 43169.1705202312 
2021-09-30 01:49:48,958 - INFO - compute | 1 | (0.30000000000000004, 0.9500000000000001) | 1000 | 6 | (20,) | 83046| 1245.6899999999964 | 43169.1705202312 
2021-09-30 01:49:58,980 - INFO - compute | 1 | (0.30000000000000004, 1.0) | 1000 | 7 | (20,) | 83046| 0.0 | 43169.1705202312 
2021-09-30 01:49:58,982 - INFO - load | 1 | (0.35000000000000003, 0.0) | 1000 | 0 | set() | 0| 0.0 | 0.0 
2021-09-30 01:49:58,984 - INFO - load | 1 | (0.35000000000000003, 0.05) | 1000 | 0 | set() | 0| 0.0 | 0.0 
2021-09-30 01:49:58,985 - INFO - load | 1 | (0.35000000000000003, 0.1) | 1000 | 0 | set() | 0| 0.0 | 0.0 
2021-09-30 01:49:58,986 - INFO - load | 1 | (0.35000000000000003, 0.15000000000000002) | 1000 | 0 | set() | 0| 0.0 | 0.0 
2021-09-30 01:49:58,988 - INFO - load | 1 | (0.35000000000000003, 0.2) | 1000 | 0 | set() | 0| 0.0 | 0.0 
2021-09-30 01:49:58,989 - INFO - load | 1 | (0.35000000000000003, 0.25) | 1000 | 0 | set() | 0| 0.0 | 0.0 
2021-09-30 01:49:58,990 - INFO - load | 1 | (0.35000000000000003, 0.30000000000000004) | 1000 | 0 | set() | 0| 0.0 | 0.0 
2021-09-30 01:49:58,992 - INFO - load | 1 | (0.35000000000000003, 0.35000000000000003) | 1000 | 0 | set() | 0| 0.0 | 0.0 
2021-09-30 01:49:59,040 - INFO - load | 1 | (0.35000000000000003, 0.4) | 1000 | 1 | {20} | 83046| 17439.66 | 43169.1705202312 
2021-09-30 01:49:59,090 - INFO - load | 1 | (0.35000000000000003, 0.45) | 1000 | 2 | (20,) | 83046| 15986.355 | 43169.1705202312 
2021-09-30 01:49:59,145 - INFO - load | 1 | (0.35000000000000003, 0.5) | 1000 | 3 | (20,) | 83046| 14533.050000000001 | 43169.1705202312 
2021-09-30 01:49:59,200 - INFO - load | 1 | (0.35000000000000003, 0.55) | 1000 | 3 | (20,) | 83046| 13079.745 | 43169.1705202312 
2021-09-30 01:49:59,266 - INFO - load | 1 | (0.35000000000000003, 0.6000000000000001) | 1000 | 4 | (20,) | 83046| 11626.439999999999 | 43169.1705202312 
2021-09-30 01:49:59,334 - INFO - load | 1 | (0.35000000000000003, 0.65) | 1000 | 5 | (20,) | 83046| 10173.135 | 43169.1705202312 
2021-09-30 01:49:59,407 - INFO - load | 1 | (0.35000000000000003, 0.7000000000000001) | 1000 | 5 | (20,) | 83046| 8719.829999999998 | 43169.1705202312 
2021-09-30 01:49:59,479 - INFO - load | 1 | (0.35000000000000003, 0.75) | 1000 | 5 | (20,) | 83046| 7266.5250000000015 | 43169.1705202312 
2021-09-30 01:49:59,545 - INFO - load | 1 | (0.35000000000000003, 0.8) | 1000 | 5 | (20,) | 83046| 5813.22 | 43169.1705202312 
2021-09-30 01:49:59,622 - INFO - load | 1 | (0.35000000000000003, 0.8500000000000001) | 1000 | 7 | (20,) | 83046| 4359.914999999999 | 43169.1705202312 
2021-09-30 01:50:11,390 - INFO - compute | 1 | (0.35000000000000003, 0.9) | 1000 | 8 | (20,) | 83046| 2906.609999999998 | 43169.1705202312 
2021-09-30 01:50:26,236 - INFO - compute | 1 | (0.35000000000000003, 0.9500000000000001) | 1000 | 11 | (20,) | 83046| 1453.3049999999967 | 43169.1705202312 
2021-09-30 01:50:47,476 - INFO - compute | 1 | (0.35000000000000003, 1.0) | 1000 | 18 | (20,) | 83046| 0.0 | 43169.1705202312 
2021-09-30 01:50:47,485 - INFO - load | 1 | (0.4, 0.0) | 1000 | 0 | set() | 0| 0.0 | 0.0 
2021-09-30 01:50:47,486 - INFO - load | 1 | (0.4, 0.05) | 1000 | 0 | set() | 0| 0.0 | 0.0 
2021-09-30 01:50:47,487 - INFO - load | 1 | (0.4, 0.1) | 1000 | 0 | set() | 0| 0.0 | 0.0 
2021-09-30 01:50:47,488 - INFO - load | 1 | (0.4, 0.15000000000000002) | 1000 | 0 | set() | 0| 0.0 | 0.0 
2021-09-30 01:50:47,490 - INFO - load | 1 | (0.4, 0.2) | 1000 | 0 | set() | 0| 0.0 | 0.0 
2021-09-30 01:50:47,491 - INFO - load | 1 | (0.4, 0.25) | 1000 | 0 | set() | 0| 0.0 | 0.0 
2021-09-30 01:50:47,492 - INFO - load | 1 | (0.4, 0.30000000000000004) | 1000 | 0 | set() | 0| 0.0 | 0.0 
2021-09-30 01:50:47,539 - INFO - load | 1 | (0.4, 0.35000000000000003) | 1000 | 1 | {20} | 83046| 21591.96 | 43169.1705202312 
2021-09-30 01:50:47,589 - INFO - load | 1 | (0.4, 0.4) | 1000 | 2 | (20,) | 83046| 19931.04 | 43169.1705202312 
2021-09-30 01:50:47,652 - INFO - load | 1 | (0.4, 0.45) | 1000 | 3 | (20,) | 83046| 18270.12 | 43169.1705202312 
2021-09-30 01:50:47,713 - INFO - load | 1 | (0.4, 0.5) | 1000 | 3 | (20,) | 83046| 16609.2 | 43169.1705202312 
2021-09-30 01:50:47,786 - INFO - load | 1 | (0.4, 0.55) | 1000 | 4 | (20,) | 83046| 14948.279999999999 | 43169.1705202312 
2021-09-30 01:50:47,862 - INFO - load | 1 | (0.4, 0.6000000000000001) | 1000 | 5 | (20,) | 83046| 13287.359999999999 | 43169.1705202312 
2021-09-30 01:50:47,936 - INFO - load | 1 | (0.4, 0.65) | 1000 | 5 | (20,) | 83046| 11626.44 | 43169.1705202312 
2021-09-30 01:50:48,013 - INFO - load | 1 | (0.4, 0.7000000000000001) | 1000 | 5 | (20,) | 83046| 9965.52 | 43169.1705202312 
2021-09-30 01:50:48,109 - INFO - load | 1 | (0.4, 0.75) | 1000 | 7 | (20,) | 83046| 8304.599999999999 | 43169.1705202312 
2021-09-30 01:51:00,173 - INFO - compute | 1 | (0.4, 0.8) | 1000 | 9 | (20,) | 83046| 6643.679999999997 | 43169.1705202312 
2021-09-30 01:51:19,618 - INFO - compute | 1 | (0.4, 0.8500000000000001) | 1000 | 12 | (20,) | 83046| 4982.759999999995 | 43169.1705202312 
2021-09-30 01:52:10,772 - INFO - compute | 1 | (0.4, 0.9) | 1000 | 19 | (20,) | 83046| 3321.8399999999983 | 43169.1705202312 
2021-09-30 01:53:13,782 - INFO - compute | 1 | (0.4, 0.9500000000000001) | 1000 | 24 | (20,) | 83046| 1660.919999999997 | 43169.1705202312 
2021-09-30 01:54:48,299 - INFO - compute | 1 | (0.4, 1.0) | 1000 | 37 | (20,) | 83046| 0.0 | 43169.1705202312 
2021-09-30 01:54:48,308 - INFO - load | 1 | (0.45, 0.0) | 1000 | 0 | set() | 0| 0.0 | 0.0 
2021-09-30 01:54:48,311 - INFO - load | 1 | (0.45, 0.05) | 1000 | 0 | set() | 0| 0.0 | 0.0 
2021-09-30 01:54:48,318 - INFO - load | 1 | (0.45, 0.1) | 1000 | 0 | set() | 0| 0.0 | 0.0 
2021-09-30 01:54:48,321 - INFO - load | 1 | (0.45, 0.15000000000000002) | 1000 | 0 | set() | 0| 0.0 | 0.0 
2021-09-30 01:54:48,324 - INFO - load | 1 | (0.45, 0.2) | 1000 | 0 | set() | 0| 0.0 | 0.0 
2021-09-30 01:54:48,326 - INFO - load | 1 | (0.45, 0.25) | 1000 | 0 | set() | 0| 0.0 | 0.0 
2021-09-30 01:54:48,444 - INFO - load | 1 | (0.45, 0.30000000000000004) | 1000 | 1 | {20} | 83046| 26159.489999999994 | 43169.1705202312 
2021-09-30 01:54:48,576 - INFO - load | 1 | (0.45, 0.35000000000000003) | 1000 | 2 | (20,) | 83046| 24290.954999999998 | 43169.1705202312 
2021-09-30 01:54:48,714 - INFO - load | 1 | (0.45, 0.4) | 1000 | 3 | (20,) | 83046| 22422.420000000002 | 43169.1705202312 
2021-09-30 01:54:48,883 - INFO - load | 1 | (0.45, 0.45) | 1000 | 3 | (20,) | 83046| 20553.885 | 43169.1705202312 
2021-09-30 01:54:49,083 - INFO - load | 1 | (0.45, 0.5) | 1000 | 4 | (20,) | 83046| 18685.350000000002 | 43169.1705202312 
2021-09-30 01:54:49,312 - INFO - load | 1 | (0.45, 0.55) | 1000 | 5 | (20,) | 83046| 16816.815 | 43169.1705202312 
2021-09-30 01:54:49,505 - INFO - load | 1 | (0.45, 0.6000000000000001) | 1000 | 5 | (20,) | 83046| 14948.279999999995 | 43169.1705202312 
2021-09-30 01:54:49,751 - INFO - load | 1 | (0.45, 0.65) | 1000 | 6 | (20,) | 83046| 13079.744999999997 | 43169.1705202312 
2021-09-30 01:54:50,012 - INFO - load | 1 | (0.45, 0.7000000000000001) | 1000 | 8 | (20,) | 83046| 11211.209999999995 | 43169.1705202312 
2021-09-30 01:54:50,271 - INFO - load | 1 | (0.45, 0.75) | 1000 | 12 | (20,) | 83046| 9342.675 | 43169.1705202312 
2021-09-30 01:54:50,535 - INFO - load | 1 | (0.45, 0.8) | 1000 | 19 | (20,) | 83046| 7474.139999999998 | 43169.1705202312 
2021-09-30 01:55:54,683 - INFO - compute | 1 | (0.45, 0.8500000000000001) | 1000 | 25 | (20,) | 83046| 5605.604999999996 | 43169.1705202312 
2021-09-30 01:57:16,293 - INFO - compute | 1 | (0.45, 0.9) | 1000 | 40 | (20,) | 83046| 3737.069999999999 | 43169.1705202312 
2021-09-30 01:59:38,231 - INFO - compute | 1 | (0.45, 0.9500000000000001) | 1000 | 75 | (20,) | 83046| 1868.5349999999971 | 43169.1705202312 
2021-09-30 02:03:35,525 - INFO - compute | 1 | (0.45, 1.0) | 1000 | 141 | (20,) | 83046| 0.0 | 43169.1705202312 
2021-09-30 02:03:35,528 - INFO - load | 1 | (0.5, 0.0) | 1000 | 0 | set() | 0| 0.0 | 0.0 
2021-09-30 02:03:35,530 - INFO - load | 1 | (0.5, 0.05) | 1000 | 0 | set() | 0| 0.0 | 0.0 
2021-09-30 02:03:35,532 - INFO - load | 1 | (0.5, 0.1) | 1000 | 0 | set() | 0| 0.0 | 0.0 
2021-09-30 02:03:35,534 - INFO - load | 1 | (0.5, 0.15000000000000002) | 1000 | 0 | set() | 0| 0.0 | 0.0 
2021-09-30 02:03:35,537 - INFO - load | 1 | (0.5, 0.2) | 1000 | 0 | set() | 0| 0.0 | 0.0 
2021-09-30 02:03:35,540 - INFO - load | 1 | (0.5, 0.25) | 1000 | 0 | set() | 0| 0.0 | 0.0 
2021-09-30 02:03:35,622 - INFO - load | 1 | (0.5, 0.30000000000000004) | 1000 | 2 | (20,) | 83046| 29066.1 | 43169.1705202312 
2021-09-30 02:03:35,716 - INFO - load | 1 | (0.5, 0.35000000000000003) | 1000 | 3 | (20,) | 83046| 26989.949999999997 | 43169.1705202312 
2021-09-30 02:03:35,805 - INFO - load | 1 | (0.5, 0.4) | 1000 | 3 | (20,) | 83046| 24913.8 | 43169.1705202312 
2021-09-30 02:03:35,916 - INFO - load | 1 | (0.5, 0.45) | 1000 | 4 | (20,) | 83046| 22837.65 | 43169.1705202312 
2021-09-30 02:03:36,035 - INFO - load | 1 | (0.5, 0.5) | 1000 | 5 | (20,) | 83046| 20761.5 | 43169.1705202312 
2021-09-30 02:03:36,144 - INFO - load | 1 | (0.5, 0.55) | 1000 | 5 | (20,) | 83046| 18685.35 | 43169.1705202312 
2021-09-30 02:03:36,274 - INFO - load | 1 | (0.5, 0.6000000000000001) | 1000 | 7 | (20,) | 83046| 16609.199999999997 | 43169.1705202312 
2021-09-30 02:03:36,454 - INFO - load | 1 | (0.5, 0.65) | 1000 | 9 | (20,) | 83046| 14533.05 | 43169.1705202312 
2021-09-30 02:03:36,603 - INFO - load | 1 | (0.5, 0.7000000000000001) | 1000 | 18 | (20,) | 83046| 12456.899999999998 | 43169.1705202312 
2021-09-30 02:03:36,775 - INFO - load | 1 | (0.5, 0.75) | 1000 | 24 | (20,) | 83046| 10380.75 | 43169.1705202312 
2021-09-30 02:03:36,940 - INFO - load | 1 | (0.5, 0.8) | 1000 | 37 | (20,) | 83046| 8304.599999999999 | 43169.1705202312 
2021-09-30 02:05:29,949 - INFO - compute | 1 | (0.5, 0.8500000000000001) | 1000 | 70 | (20,) | 83046| 6228.449999999996 | 43169.1705202312 
2021-09-30 02:05:30,105 - INFO - load | 1 | (0.5, 0.9) | 1000 | 141 | (20,) | 83046| 4152.299999999999 | 43169.1705202312 
2021-09-30 02:11:36,403 - INFO - compute | 1 | (0.5, 0.9500000000000001) | 1000 | 266 | (20,) | 83046| 2076.1499999999974 | 43169.1705202312 
2021-09-30 02:33:16,801 - INFO - compute | 1 | (0.5, 1.0) | 1000 | 1000 | (20,) | 83046| 0.0 | 43169.1705202312 
2021-09-30 02:33:17,167 - INFO - compute | 1 | (0.55, 0.0) | 125 | 0 | set() | 0| 0.0 | 0.0 
2021-09-30 02:33:17,336 - INFO - load | 1 | (0.55, 0.05) | 125 | 0 | set() | 0| 0.0 | 0.0 
2021-09-30 02:33:17,494 - INFO - load | 1 | (0.55, 0.1) | 125 | 0 | set() | 0| 0.0 | 0.0 
2021-09-30 02:33:17,665 - INFO - load | 1 | (0.55, 0.15000000000000002) | 125 | 0 | set() | 0| 0.0 | 0.0 
2021-09-30 02:33:17,829 - INFO - load | 1 | (0.55, 0.2) | 125 | 0 | set() | 0| 0.0 | 0.0 
2021-09-30 02:33:18,371 - INFO - compute | 1 | (0.55, 0.25) | 125 | 1 | {20} | 8565| 3533.0625000000005 | 5011.736168455823 
2021-09-30 02:33:19,326 - INFO - compute | 1 | (0.55, 0.30000000000000004) | 125 | 3 | (20,) | 8565| 3297.525 | 5011.736168455823 
2021-09-30 02:33:19,507 - INFO - load | 1 | (0.55, 0.35000000000000003) | 125 | 3 | (20,) | 8565| 3061.9875 | 5011.736168455823 
2021-09-30 02:33:20,656 - INFO - compute | 1 | (0.55, 0.4) | 125 | 4 | (20,) | 8565| 2826.4500000000003 | 5011.736168455823 
2021-09-30 02:33:21,976 - INFO - compute | 1 | (0.55, 0.45) | 125 | 5 | (20,) | 8565| 2590.9125 | 5011.736168455823 
2021-09-30 02:33:22,158 - INFO - load | 1 | (0.55, 0.5) | 125 | 5 | (20,) | 8565| 2355.375 | 5011.736168455823 
2021-09-30 02:33:23,847 - INFO - compute | 1 | (0.55, 0.55) | 125 | 7 | (20,) | 8565| 2119.8375 | 5011.736168455823 
2021-09-30 02:33:25,980 - INFO - compute | 1 | (0.55, 0.6000000000000001) | 125 | 9 | (20,) | 8565| 1884.2999999999997 | 5011.736168455823 
2021-09-30 02:33:29,759 - INFO - compute | 1 | (0.55, 0.65) | 125 | 18 | (20,) | 8565| 1648.7625 | 5011.736168455823 
2021-09-30 02:33:43,195 - INFO - compute | 1 | (0.55, 0.7000000000000001) | 125 | 26 | (20,) | 8565| 1413.225 | 5011.736168455823 
2021-09-30 02:33:54,431 - INFO - compute | 1 | (0.55, 0.75) | 125 | 56 | (20,) | 8565| 1177.6875 | 5011.736168455823 
2021-09-30 02:34:15,470 - INFO - compute | 1 | (0.55, 0.8) | 125 | 107 | (20,) | 8565| 942.1499999999999 | 5011.736168455823 
2021-09-30 02:34:56,787 - INFO - compute | 1 | (0.55, 0.8500000000000001) | 125 | 215 | (20,) | 8565| 706.6124999999997 | 5011.736168455823 
2021-09-30 02:37:09,457 - INFO - compute | 1 | (0.55, 0.9) | 125 | 698 | (20,) | 8565| 471.07499999999993 | 5011.736168455823 
2021-09-30 02:40:07,193 - INFO - compute | 1 | (0.55, 0.9500000000000001) | 125 | 1000 | (20,) | 8565| 235.53749999999974 | 5011.736168455823 
2021-09-30 02:40:07,376 - INFO - load | 1 | (0.55, 1.0) | 125 | 1000 | (20,) | 8565| 0.0 | 5011.736168455823 
2021-09-30 02:40:07,612 - INFO - compute | 1 | (0.6000000000000001, 0.0) | 42 | 0 | set() | 0| 0.0 | 0.0 
2021-09-30 02:40:07,784 - INFO - load | 1 | (0.6000000000000001, 0.05) | 42 | 0 | set() | 0| 0.0 | 0.0 
2021-09-30 02:40:07,958 - INFO - load | 1 | (0.6000000000000001, 0.1) | 42 | 0 | set() | 0| 0.0 | 0.0 
2021-09-30 02:40:08,142 - INFO - load | 1 | (0.6000000000000001, 0.15000000000000002) | 42 | 0 | set() | 0| 0.0 | 0.0 
2021-09-30 02:40:08,318 - INFO - load | 1 | (0.6000000000000001, 0.2) | 42 | 0 | set() | 0| 0.0 | 0.0 
2021-09-30 02:40:08,685 - INFO - compute | 1 | (0.6000000000000001, 0.25) | 42 | 2 | (20,) | 2381| 1071.45 | 1510.670107349298 
2021-09-30 02:40:09,124 - INFO - compute | 1 | (0.6000000000000001, 0.30000000000000004) | 42 | 3 | (20,) | 2381| 1000.0200000000001 | 1510.670107349298 
2021-09-30 02:40:09,632 - INFO - compute | 1 | (0.6000000000000001, 0.35000000000000003) | 42 | 4 | (20,) | 2381| 928.59 | 1510.670107349298 
2021-09-30 02:40:10,185 - INFO - compute | 1 | (0.6000000000000001, 0.4) | 42 | 5 | (20,) | 2381| 857.1600000000001 | 1510.670107349298 
2021-09-30 02:40:10,360 - INFO - load | 1 | (0.6000000000000001, 0.45) | 42 | 5 | (20,) | 2381| 785.73 | 1510.670107349298 
2021-09-30 02:40:11,030 - INFO - compute | 1 | (0.6000000000000001, 0.5) | 42 | 7 | (20,) | 2381| 714.3000000000001 | 1510.670107349298 
2021-09-30 02:40:11,845 - INFO - compute | 1 | (0.6000000000000001, 0.55) | 42 | 9 | (20,) | 2381| 642.87 | 1510.670107349298 
2021-09-30 02:40:13,315 - INFO - compute | 1 | (0.6000000000000001, 0.6000000000000001) | 42 | 19 | (20,) | 2381| 571.4399999999999 | 1510.670107349298 
2021-09-30 02:40:15,406 - INFO - compute | 1 | (0.6000000000000001, 0.65) | 42 | 29 | (20,) | 2381| 500.01000000000005 | 1510.670107349298 
2021-09-30 02:40:19,674 - INFO - compute | 1 | (0.6000000000000001, 0.7000000000000001) | 42 | 64 | (20,) | 2381| 428.58 | 1510.670107349298 
2021-09-30 02:40:29,080 - INFO - compute | 1 | (0.6000000000000001, 0.75) | 42 | 141 | (20,) | 2381| 357.15000000000003 | 1510.670107349298 
2021-09-30 02:40:50,381 - INFO - compute | 1 | (0.6000000000000001, 0.8) | 42 | 328 | (20,) | 2381| 285.71999999999997 | 1510.670107349298 
2021-09-30 02:41:48,398 - INFO - compute | 1 | (0.6000000000000001, 0.8500000000000001) | 42 | 1000 | (20,) | 2381| 214.28999999999994 | 1510.670107349298 
2021-09-30 02:41:48,551 - INFO - load | 1 | (0.6000000000000001, 0.9) | 42 | 1000 | (20,) | 2381| 142.85999999999987 | 1510.670107349298 
2021-09-30 02:41:48,702 - INFO - load | 1 | (0.6000000000000001, 0.9500000000000001) | 42 | 1000 | (20,) | 2381| 71.4299999999998 | 1510.670107349298 
2021-09-30 02:41:48,852 - INFO - load | 1 | (0.6000000000000001, 1.0) | 42 | 1000 | (20,) | 2381| 0.0 | 1510.670107349298 
2021-09-30 02:41:49,024 - INFO - compute | 1 | (0.65, 0.0) | 13 | 0 | set() | 0| 0.0 | 0.0 
2021-09-30 02:41:49,175 - INFO - load | 1 | (0.65, 0.05) | 13 | 0 | set() | 0| 0.0 | 0.0 
2021-09-30 02:41:49,328 - INFO - load | 1 | (0.65, 0.1) | 13 | 0 | set() | 0| 0.0 | 0.0 
2021-09-30 02:41:49,479 - INFO - load | 1 | (0.65, 0.15000000000000002) | 13 | 0 | set() | 0| 0.0 | 0.0 
2021-09-30 02:41:49,629 - INFO - load | 1 | (0.65, 0.2) | 13 | 0 | set() | 0| 0.0 | 0.0 
2021-09-30 02:41:49,833 - INFO - compute | 1 | (0.65, 0.25) | 13 | 2 | (20,) | 557| 271.5375 | 380.74194880264247 
2021-09-30 02:41:50,053 - INFO - compute | 1 | (0.65, 0.30000000000000004) | 13 | 3 | (25,) | 609| 277.09499999999997 | 423.206440957886 
2021-09-30 02:41:50,306 - INFO - compute | 1 | (0.65, 0.35000000000000003) | 13 | 5 | (25,) | 609| 257.3025 | 423.206440957886 
2021-09-30 02:41:50,458 - INFO - load | 1 | (0.65, 0.4) | 13 | 5 | (25,) | 609| 237.51000000000002 | 423.206440957886 
2021-09-30 02:41:50,738 - INFO - compute | 1 | (0.65, 0.45) | 13 | 6 | (25,) | 609| 217.7175 | 423.206440957886 
2021-09-30 02:41:51,061 - INFO - compute | 1 | (0.65, 0.5) | 13 | 9 | (25,) | 609| 197.925 | 423.206440957886 
2021-09-30 02:41:51,521 - INFO - compute | 1 | (0.65, 0.55) | 13 | 18 | (25,) | 609| 178.1325 | 423.206440957886 
2021-09-30 02:41:52,166 - INFO - compute | 1 | (0.65, 0.6000000000000001) | 13 | 29 | (37,) | 701| 182.25999999999996 | 491.25887696118906 
2021-09-30 02:41:53,408 - INFO - compute | 1 | (0.65, 0.65) | 13 | 66 | (37,) | 701| 159.4775 | 491.25887696118906 
2021-09-30 02:41:56,168 - INFO - compute | 1 | (0.65, 0.7000000000000001) | 13 | 159 | (37,) | 701| 136.69499999999996 | 491.25887696118906 
2021-09-30 02:42:03,940 - INFO - compute | 1 | (0.65, 0.75) | 13 | 464 | (37,) | 701| 113.91249999999998 | 491.25887696118906 
2021-09-30 02:42:19,278 - INFO - compute | 1 | (0.65, 0.8) | 13 | 1000 | (37,) | 701| 91.13000000000001 | 491.25887696118906 
2021-09-30 02:42:19,438 - INFO - load | 1 | (0.65, 0.8500000000000001) | 13 | 1000 | (37,) | 701| 68.34749999999994 | 491.25887696118906 
2021-09-30 02:42:19,598 - INFO - load | 1 | (0.65, 0.9) | 13 | 1000 | (37,) | 701| 45.56499999999996 | 491.25887696118906 
2021-09-30 02:42:19,756 - INFO - load | 1 | (0.65, 0.9500000000000001) | 13 | 1000 | (37,) | 701| 22.78249999999998 | 491.25887696118906 
2021-09-30 02:42:19,921 - INFO - load | 1 | (0.65, 1.0) | 13 | 1000 | (37,) | 701| 0.0 | 491.25887696118906 
2021-09-30 02:42:20,089 - INFO - compute | 1 | (0.7000000000000001, 0.0) | 4 | 0 | set() | 0| 0.0 | 0.0 
2021-09-30 02:42:20,250 - INFO - load | 1 | (0.7000000000000001, 0.05) | 4 | 0 | set() | 0| 0.0 | 0.0 
2021-09-30 02:42:20,413 - INFO - load | 1 | (0.7000000000000001, 0.1) | 4 | 0 | set() | 0| 0.0 | 0.0 
2021-09-30 02:42:20,577 - INFO - load | 1 | (0.7000000000000001, 0.15000000000000002) | 4 | 0 | set() | 0| 0.0 | 0.0 
2021-09-30 02:42:20,748 - INFO - compute | 1 | (0.7000000000000001, 0.2) | 4 | 1 | {20} | 128| 71.68 | 95.30222956234516 
2021-09-30 02:42:20,933 - INFO - compute | 1 | (0.7000000000000001, 0.25) | 4 | 3 | (25,) | 149| 78.22500000000001 | 116.40792733278283 
2021-09-30 02:42:21,124 - INFO - compute | 1 | (0.7000000000000001, 0.30000000000000004) | 4 | 4 | (25,) | 149| 73.01 | 116.40792733278283 
2021-09-30 02:42:21,320 - INFO - compute | 1 | (0.7000000000000001, 0.35000000000000003) | 4 | 5 | (25,) | 149| 67.795 | 116.40792733278283 
2021-09-30 02:42:21,491 - INFO - load | 1 | (0.7000000000000001, 0.4) | 4 | 5 | (25,) | 149| 62.580000000000005 | 116.40792733278283 
2021-09-30 02:42:21,701 - INFO - compute | 1 | (0.7000000000000001, 0.45) | 4 | 8 | (25,) | 149| 57.365 | 116.40792733278283 
2021-09-30 02:42:21,962 - INFO - compute | 1 | (0.7000000000000001, 0.5) | 4 | 18 | (25,) | 149| 52.150000000000006 | 116.40792733278283 
2021-09-30 02:42:22,263 - INFO - compute | 1 | (0.7000000000000001, 0.55) | 4 | 26 | (37,) | 218| 68.67 | 169.38232865400494 
2021-09-30 02:42:22,761 - INFO - compute | 1 | (0.7000000000000001, 0.6000000000000001) | 4 | 64 | (37,) | 218| 61.03999999999999 | 169.38232865400494 
2021-09-30 02:42:23,734 - INFO - compute | 1 | (0.7000000000000001, 0.65) | 4 | 159 | (37,) | 218| 53.41 | 169.38232865400494 
2021-09-30 02:42:26,558 - INFO - compute | 1 | (0.7000000000000001, 0.7000000000000001) | 4 | 524 | (37,) | 218| 45.779999999999994 | 169.38232865400494 
2021-09-30 02:42:31,514 - INFO - compute | 1 | (0.7000000000000001, 0.75) | 4 | 1000 | (37,) | 218| 38.15000000000001 | 169.38232865400494 
2021-09-30 02:42:31,685 - INFO - load | 1 | (0.7000000000000001, 0.8) | 4 | 1000 | (37,) | 218| 30.520000000000003 | 169.38232865400494 
2021-09-30 02:42:31,884 - INFO - load | 1 | (0.7000000000000001, 0.8500000000000001) | 4 | 1000 | (37,) | 218| 22.889999999999997 | 169.38232865400494 
2021-09-30 02:42:32,066 - INFO - load | 1 | (0.7000000000000001, 0.9) | 4 | 1000 | (37,) | 218| 15.25999999999999 | 169.38232865400494 
2021-09-30 02:42:32,240 - INFO - load | 1 | (0.7000000000000001, 0.9500000000000001) | 4 | 1000 | (37,) | 218| 7.629999999999983 | 169.38232865400494 
2021-09-30 02:42:32,409 - INFO - load | 1 | (0.7000000000000001, 1.0) | 4 | 1000 | (37,) | 218| 0.0 | 169.38232865400494 
2021-09-30 02:42:32,591 - INFO - compute | 1 | (0.75, 0.0) | 3 | 0 | set() | 0| 0.0 | 0.0 
2021-09-30 02:42:32,764 - INFO - load | 1 | (0.75, 0.05) | 3 | 0 | set() | 0| 0.0 | 0.0 
2021-09-30 02:42:32,932 - INFO - load | 1 | (0.75, 0.1) | 3 | 0 | set() | 0| 0.0 | 0.0 
2021-09-30 02:42:33,107 - INFO - load | 1 | (0.75, 0.15000000000000002) | 3 | 0 | set() | 0| 0.0 | 0.0 
2021-09-30 02:42:33,291 - INFO - compute | 1 | (0.75, 0.2) | 3 | 2 | (20,) | 78| 46.8 | 59.546655656482244 
2021-09-30 02:42:33,479 - INFO - compute | 1 | (0.75, 0.25) | 3 | 3 | (25,) | 94| 52.875 | 77.0767960363336 
2021-09-30 02:42:33,670 - INFO - compute | 1 | (0.75, 0.30000000000000004) | 3 | 4 | (25,) | 94| 49.349999999999994 | 77.0767960363336 
2021-09-30 02:42:33,869 - INFO - compute | 1 | (0.75, 0.35000000000000003) | 3 | 5 | (25,) | 94| 45.824999999999996 | 77.0767960363336 
2021-09-30 02:42:34,078 - INFO - compute | 1 | (0.75, 0.4) | 3 | 7 | (25,) | 94| 42.3 | 77.0767960363336 
2021-09-30 02:42:34,300 - INFO - compute | 1 | (0.75, 0.45) | 3 | 12 | (25,) | 94| 38.775 | 77.0767960363336 
2021-09-30 02:42:34,578 - INFO - compute | 1 | (0.75, 0.5) | 3 | 24 | (37,) | 163| 61.125 | 130.05119735755574 
2021-09-30 02:42:34,972 - INFO - compute | 1 | (0.75, 0.55) | 3 | 56 | (37,) | 163| 55.012499999999996 | 130.05119735755574 
2021-09-30 02:42:35,691 - INFO - compute | 1 | (0.75, 0.6000000000000001) | 3 | 141 | (37,) | 163| 48.89999999999999 | 130.05119735755574 
2021-09-30 02:42:37,641 - INFO - compute | 1 | (0.75, 0.65) | 3 | 464 | (37,) | 163| 42.787499999999994 | 130.05119735755574 
2021-09-30 02:42:41,394 - INFO - compute | 1 | (0.75, 0.7000000000000001) | 3 | 1000 | (37,) | 163| 36.675 | 130.05119735755574 
2021-09-30 02:42:41,573 - INFO - load | 1 | (0.75, 0.75) | 3 | 1000 | (37,) | 163| 30.5625 | 130.05119735755574 
2021-09-30 02:42:41,749 - INFO - load | 1 | (0.75, 0.8) | 3 | 1000 | (37,) | 163| 24.449999999999985 | 130.05119735755574 
2021-09-30 02:42:41,932 - INFO - load | 1 | (0.75, 0.8500000000000001) | 3 | 1000 | (37,) | 163| 18.337499999999988 | 130.05119735755574 
2021-09-30 02:42:42,110 - INFO - load | 1 | (0.75, 0.9) | 3 | 1000 | (37,) | 163| 12.224999999999993 | 130.05119735755574 
2021-09-30 02:42:42,287 - INFO - load | 1 | (0.75, 0.9500000000000001) | 3 | 1000 | (37,) | 163| 6.112499999999996 | 130.05119735755574 
2021-09-30 02:42:42,464 - INFO - load | 1 | (0.75, 1.0) | 3 | 1000 | (37,) | 163| 0.0 | 130.05119735755574 
2021-09-30 02:42:42,650 - INFO - compute | 1 | (0.8, 0.0) | 1 | 0 | set() | 0| 0.0 | 0.0 
2021-09-30 02:42:42,830 - INFO - load | 1 | (0.8, 0.05) | 1 | 0 | set() | 0| 0.0 | 0.0 
2021-09-30 02:42:43,011 - INFO - load | 1 | (0.8, 0.1) | 1 | 0 | set() | 0| 0.0 | 0.0 
2021-09-30 02:42:43,194 - INFO - load | 1 | (0.8, 0.15000000000000002) | 1 | 0 | set() | 0| 0.0 | 0.0 
2021-09-30 02:42:43,382 - INFO - compute | 1 | (0.8, 0.2) | 1 | 2 | (40,) | 13| 8.32 | 11.379025598678778 
2021-09-30 02:42:43,575 - INFO - compute | 1 | (0.8, 0.25) | 1 | 3 | (25,) | 49| 29.400000000000006 | 42.89017341040463 
2021-09-30 02:42:43,763 - INFO - compute | 1 | (0.8, 0.30000000000000004) | 1 | 5 | (25,) | 49| 27.44 | 42.89017341040463 
2021-09-30 02:42:43,945 - INFO - load | 1 | (0.8, 0.35000000000000003) | 1 | 5 | (25,) | 49| 25.48 | 42.89017341040463 
2021-09-30 02:42:44,150 - INFO - compute | 1 | (0.8, 0.4) | 1 | 9 | (25,) | 49| 23.52 | 42.89017341040463 
2021-09-30 02:42:44,378 - INFO - compute | 1 | (0.8, 0.45) | 1 | 19 | (25,) | 49| 21.56 | 42.89017341040463 
2021-09-30 02:42:44,617 - INFO - compute | 1 | (0.8, 0.5) | 1 | 37 | (37,) | 52| 20.8 | 45.51610239471511 
2021-09-30 02:42:44,948 - INFO - compute | 1 | (0.8, 0.55) | 1 | 107 | (37,) | 52| 18.72 | 45.51610239471511 
2021-09-30 02:42:45,565 - INFO - compute | 1 | (0.8, 0.6000000000000001) | 1 | 328 | (37,) | 52| 16.639999999999997 | 45.51610239471511 
2021-09-30 02:42:46,982 - INFO - compute | 1 | (0.8, 0.65) | 1 | 1000 | (37,) | 52| 14.560000000000002 | 45.51610239471511 
2021-09-30 02:42:47,181 - INFO - load | 1 | (0.8, 0.7000000000000001) | 1 | 1000 | (37,) | 52| 12.48 | 45.51610239471511 
2021-09-30 02:42:47,372 - INFO - load | 1 | (0.8, 0.75) | 1 | 1000 | (37,) | 52| 10.399999999999999 | 45.51610239471511 
2021-09-30 02:42:47,560 - INFO - load | 1 | (0.8, 0.8) | 1 | 1000 | (37,) | 52| 8.319999999999997 | 45.51610239471511 
2021-09-30 02:42:47,749 - INFO - load | 1 | (0.8, 0.8500000000000001) | 1 | 1000 | (37,) | 52| 6.239999999999994 | 45.51610239471511 
2021-09-30 02:42:47,941 - INFO - load | 1 | (0.8, 0.9) | 1 | 1000 | (37,) | 52| 4.159999999999998 | 45.51610239471511 
2021-09-30 02:42:48,145 - INFO - load | 1 | (0.8, 0.9500000000000001) | 1 | 1000 | (37,) | 52| 2.079999999999996 | 45.51610239471511 
2021-09-30 02:42:48,348 - INFO - load | 1 | (0.8, 1.0) | 1 | 1000 | (37,) | 52| 0.0 | 45.51610239471511 
2021-09-30 02:42:48,541 - INFO - load | 1 | (0.8500000000000001, 0.0) | 1 | 0 | set() | 0| 0.0 | 0.0 
2021-09-30 02:42:48,727 - INFO - load | 1 | (0.8500000000000001, 0.05) | 1 | 0 | set() | 0| 0.0 | 0.0 
2021-09-30 02:42:48,906 - INFO - load | 1 | (0.8500000000000001, 0.1) | 1 | 0 | set() | 0| 0.0 | 0.0 
2021-09-30 02:42:49,093 - INFO - load | 1 | (0.8500000000000001, 0.15000000000000002) | 1 | 0 | set() | 0| 0.0 | 0.0 
2021-09-30 02:42:49,276 - INFO - load | 1 | (0.8500000000000001, 0.2) | 1 | 3 | (25,) | 49| 33.32 | 42.89017341040463 
2021-09-30 02:42:49,470 - INFO - compute | 1 | (0.8500000000000001, 0.25) | 1 | 4 | (25,) | 49| 31.237500000000004 | 42.89017341040463 
2021-09-30 02:42:49,648 - INFO - load | 1 | (0.8500000000000001, 0.30000000000000004) | 1 | 5 | (25,) | 49| 29.154999999999998 | 42.89017341040463 
2021-09-30 02:42:49,845 - INFO - compute | 1 | (0.8500000000000001, 0.35000000000000003) | 1 | 7 | (25,) | 49| 27.072499999999998 | 42.89017341040463 
2021-09-30 02:42:50,050 - INFO - compute | 1 | (0.8500000000000001, 0.4) | 1 | 12 | (25,) | 49| 24.990000000000002 | 42.89017341040463 
2021-09-30 02:42:50,279 - INFO - compute | 1 | (0.8500000000000001, 0.45) | 1 | 25 | (37,) | 52| 24.310000000000002 | 45.51610239471511 
2021-09-30 02:42:50,560 - INFO - compute | 1 | (0.8500000000000001, 0.5) | 1 | 70 | (37,) | 52| 22.1 | 45.51610239471511 
2021-09-30 02:42:51,014 - INFO - compute | 1 | (0.8500000000000001, 0.55) | 1 | 215 | (37,) | 52| 19.89 | 45.51610239471511 
2021-09-30 02:42:51,197 - INFO - load | 1 | (0.8500000000000001, 0.6000000000000001) | 1 | 1000 | (37,) | 52| 17.68 | 45.51610239471511 
2021-09-30 02:42:51,385 - INFO - load | 1 | (0.8500000000000001, 0.65) | 1 | 1000 | (37,) | 52| 15.469999999999999 | 45.51610239471511 
2021-09-30 02:42:51,570 - INFO - load | 1 | (0.8500000000000001, 0.7000000000000001) | 1 | 1000 | (37,) | 52| 13.26 | 45.51610239471511 
2021-09-30 02:42:51,754 - INFO - load | 1 | (0.8500000000000001, 0.75) | 1 | 1000 | (37,) | 52| 11.05 | 45.51610239471511 
2021-09-30 02:42:51,946 - INFO - load | 1 | (0.8500000000000001, 0.8) | 1 | 1000 | (37,) | 52| 8.839999999999996 | 45.51610239471511 
2021-09-30 02:42:52,134 - INFO - load | 1 | (0.8500000000000001, 0.8500000000000001) | 1 | 1000 | (37,) | 52| 6.629999999999997 | 45.51610239471511 
2021-09-30 02:42:52,321 - INFO - load | 1 | (0.8500000000000001, 0.9) | 1 | 1000 | (37,) | 52| 4.419999999999998 | 45.51610239471511 
2021-09-30 02:42:52,510 - INFO - load | 1 | (0.8500000000000001, 0.9500000000000001) | 1 | 1000 | (37,) | 52| 2.209999999999999 | 45.51610239471511 
2021-09-30 02:42:52,698 - INFO - load | 1 | (0.8500000000000001, 1.0) | 1 | 1000 | (37,) | 52| 0.0 | 45.51610239471511 
2021-09-30 02:42:52,898 - INFO - compute | 1 | (0.9, 0.0) | 0 | 0 | set() | 0| 0.0 | 0 
2021-09-30 02:42:53,100 - INFO - load | 1 | (0.9, 0.05) | 0 | 0 | set() | 0| 0.0 | 0 
2021-09-30 02:42:53,308 - INFO - load | 1 | (0.9, 0.1) | 0 | 0 | set() | 0| 0.0 | 0 
2021-09-30 02:42:53,514 - INFO - compute | 1 | (0.9, 0.15000000000000002) | 0 | 1 | {20} | 0| 0.0 | 0 
2021-09-30 02:42:53,720 - INFO - compute | 1 | (0.9, 0.2) | 0 | 3 | (40,) | 0| 0.0 | 0 
2021-09-30 02:42:53,921 - INFO - compute | 1 | (0.9, 0.25) | 0 | 4 | (62,) | 0| 0.0 | 0 
2021-09-30 02:42:54,161 - INFO - compute | 1 | (0.9, 0.30000000000000004) | 0 | 5 | (62,) | 0| 0.0 | 0 
2021-09-30 02:42:54,376 - INFO - compute | 1 | (0.9, 0.35000000000000003) | 0 | 8 | (480,) | 0| 0.0 | 0 
2021-09-30 02:42:54,581 - INFO - compute | 1 | (0.9, 0.4) | 0 | 19 | (2535,) | 0| 0.0 | 0 
2021-09-30 02:42:54,785 - INFO - compute | 1 | (0.9, 0.45) | 0 | 40 | (4113,) | 0| 0.0 | 0 
2021-09-30 02:42:54,997 - INFO - compute | 1 | (0.9, 0.5) | 0 | 141 | (8450,) | 0| 0.0 | 0 
2021-09-30 02:42:55,205 - INFO - compute | 1 | (0.9, 0.55) | 0 | 698 | (9954,) | 0| 0.0 | 0 
2021-09-30 02:42:55,416 - INFO - compute | 1 | (0.9, 0.6000000000000001) | 0 | 1000 | (9994,) | 0| 0.0 | 0 
2021-09-30 02:42:55,621 - INFO - load | 1 | (0.9, 0.65) | 0 | 1000 | (9994,) | 0| 0.0 | 0 
2021-09-30 02:42:55,830 - INFO - load | 1 | (0.9, 0.7000000000000001) | 0 | 1000 | (9994,) | 0| 0.0 | 0 
2021-09-30 02:42:56,038 - INFO - load | 1 | (0.9, 0.75) | 0 | 1000 | (9994,) | 0| 0.0 | 0 
2021-09-30 02:42:56,256 - INFO - load | 1 | (0.9, 0.8) | 0 | 1000 | (9994,) | 0| 0.0 | 0 
2021-09-30 02:42:56,464 - INFO - load | 1 | (0.9, 0.8500000000000001) | 0 | 1000 | (9994,) | 0| 0.0 | 0 
2021-09-30 02:42:56,670 - INFO - load | 1 | (0.9, 0.9) | 0 | 1000 | (9994,) | 0| 0.0 | 0 
2021-09-30 02:42:56,868 - INFO - load | 1 | (0.9, 0.9500000000000001) | 0 | 1000 | (9994,) | 0| 0.0 | 0 
2021-09-30 02:42:57,071 - INFO - load | 1 | (0.9, 1.0) | 0 | 1000 | (9994,) | 0| 0.0 | 0 
2021-09-30 02:42:57,267 - INFO - load | 1 | (0.9500000000000001, 0.0) | 0 | 0 | set() | 0| 0.0 | 0 
2021-09-30 02:42:57,466 - INFO - load | 1 | (0.9500000000000001, 0.05) | 0 | 0 | set() | 0| 0.0 | 0 
2021-09-30 02:42:57,659 - INFO - load | 1 | (0.9500000000000001, 0.1) | 0 | 0 | set() | 0| 0.0 | 0 
2021-09-30 02:42:57,854 - INFO - load | 1 | (0.9500000000000001, 0.15000000000000002) | 0 | 1 | {20} | 0| 0.0 | 0 
2021-09-30 02:42:58,049 - INFO - load | 1 | (0.9500000000000001, 0.2) | 0 | 3 | (40,) | 0| 0.0 | 0 
2021-09-30 02:42:58,246 - INFO - load | 1 | (0.9500000000000001, 0.25) | 0 | 5 | (62,) | 0| 0.0 | 0 
2021-09-30 02:42:58,463 - INFO - compute | 1 | (0.9500000000000001, 0.30000000000000004) | 0 | 6 | (62,) | 0| 0.0 | 0 
2021-09-30 02:42:58,667 - INFO - compute | 1 | (0.9500000000000001, 0.35000000000000003) | 0 | 11 | (480,) | 0| 0.0 | 0 
2021-09-30 02:42:58,881 - INFO - compute | 1 | (0.9500000000000001, 0.4) | 0 | 24 | (2535,) | 0| 0.0 | 0 
2021-09-30 02:42:59,104 - INFO - compute | 1 | (0.9500000000000001, 0.45) | 0 | 75 | (6016,) | 0| 0.0 | 0 
2021-09-30 02:42:59,330 - INFO - compute | 1 | (0.9500000000000001, 0.5) | 0 | 266 | (9709,) | 0| 0.0 | 0 
2021-09-30 02:42:59,540 - INFO - load | 1 | (0.9500000000000001, 0.55) | 0 | 1000 | (9994,) | 0| 0.0 | 0 
2021-09-30 02:42:59,749 - INFO - load | 1 | (0.9500000000000001, 0.6000000000000001) | 0 | 1000 | (9994,) | 0| 0.0 | 0 
2021-09-30 02:42:59,968 - INFO - load | 1 | (0.9500000000000001, 0.65) | 0 | 1000 | (9994,) | 0| 0.0 | 0 
2021-09-30 02:43:00,182 - INFO - load | 1 | (0.9500000000000001, 0.7000000000000001) | 0 | 1000 | (9994,) | 0| 0.0 | 0 
2021-09-30 02:43:00,390 - INFO - load | 1 | (0.9500000000000001, 0.75) | 0 | 1000 | (9994,) | 0| 0.0 | 0 
2021-09-30 02:43:00,605 - INFO - load | 1 | (0.9500000000000001, 0.8) | 0 | 1000 | (9994,) | 0| 0.0 | 0 
2021-09-30 02:43:00,814 - INFO - load | 1 | (0.9500000000000001, 0.8500000000000001) | 0 | 1000 | (9994,) | 0| 0.0 | 0 
2021-09-30 02:43:01,022 - INFO - load | 1 | (0.9500000000000001, 0.9) | 0 | 1000 | (9994,) | 0| 0.0 | 0 
2021-09-30 02:43:01,233 - INFO - load | 1 | (0.9500000000000001, 0.9500000000000001) | 0 | 1000 | (9994,) | 0| 0.0 | 0 
2021-09-30 02:43:01,447 - INFO - load | 1 | (0.9500000000000001, 1.0) | 0 | 1000 | (9994,) | 0| 0.0 | 0 
2021-09-30 02:43:01,649 - INFO - load | 1 | (1.0, 0.0) | 0 | 0 | set() | 0| 0.0 | 0 
2021-09-30 02:43:01,848 - INFO - load | 1 | (1.0, 0.05) | 0 | 0 | set() | 0| 0.0 | 0 
2021-09-30 02:43:02,055 - INFO - load | 1 | (1.0, 0.1) | 0 | 0 | set() | 0| 0.0 | 0 
2021-09-30 02:43:02,280 - INFO - compute | 1 | (1.0, 0.15000000000000002) | 0 | 2 | (40,) | 0| 0.0 | 0 
2021-09-30 02:43:02,523 - INFO - load | 1 | (1.0, 0.2) | 0 | 3 | (40,) | 0| 0.0 | 0 
2021-09-30 02:43:02,734 - INFO - load | 1 | (1.0, 0.25) | 0 | 5 | (62,) | 0| 0.0 | 0 
2021-09-30 02:43:02,965 - INFO - compute | 1 | (1.0, 0.30000000000000004) | 0 | 7 | (480,) | 0| 0.0 | 0 
2021-09-30 02:43:03,194 - INFO - compute | 1 | (1.0, 0.35000000000000003) | 0 | 18 | (2535,) | 0| 0.0 | 0 
2021-09-30 02:43:03,425 - INFO - compute | 1 | (1.0, 0.4) | 0 | 37 | (3658,) | 0| 0.0 | 0 
2021-09-30 02:43:03,629 - INFO - load | 1 | (1.0, 0.45) | 0 | 141 | (8450,) | 0| 0.0 | 0 
2021-09-30 02:43:03,833 - INFO - load | 1 | (1.0, 0.5) | 0 | 1000 | (9994,) | 0| 0.0 | 0 
2021-09-30 02:43:04,043 - INFO - load | 1 | (1.0, 0.55) | 0 | 1000 | (9994,) | 0| 0.0 | 0 
2021-09-30 02:43:04,247 - INFO - load | 1 | (1.0, 0.6000000000000001) | 0 | 1000 | (9994,) | 0| 0.0 | 0 
2021-09-30 02:43:04,456 - INFO - load | 1 | (1.0, 0.65) | 0 | 1000 | (9994,) | 0| 0.0 | 0 
2021-09-30 02:43:04,658 - INFO - load | 1 | (1.0, 0.7000000000000001) | 0 | 1000 | (9994,) | 0| 0.0 | 0 
2021-09-30 02:43:04,855 - INFO - load | 1 | (1.0, 0.75) | 0 | 1000 | (9994,) | 0| 0.0 | 0 
2021-09-30 02:43:05,059 - INFO - load | 1 | (1.0, 0.8) | 0 | 1000 | (9994,) | 0| 0.0 | 0 
2021-09-30 02:43:05,260 - INFO - load | 1 | (1.0, 0.8500000000000001) | 0 | 1000 | (9994,) | 0| 0.0 | 0 
2021-09-30 02:43:05,463 - INFO - load | 1 | (1.0, 0.9) | 0 | 1000 | (9994,) | 0| 0.0 | 0 
2021-09-30 02:43:05,666 - INFO - load | 1 | (1.0, 0.9500000000000001) | 0 | 1000 | (9994,) | 0| 0.0 | 0 
2021-09-30 02:43:05,871 - INFO - load | 1 | (1.0, 1.0) | 0 | 1000 | (9994,) | 0| 0.0 | 0 
2021-09-30 02:43:06,952 - INFO - compute | 2 | (0.0, 0.0) | 1000 | 0 | set() | 0| 0.0 | 0.0 
2021-09-30 02:43:06,954 - INFO - load | 2 | (0.0, 0.05) | 1000 | 0 | set() | 0| 0.0 | 0.0 
2021-09-30 02:43:06,956 - INFO - load | 2 | (0.0, 0.1) | 1000 | 0 | set() | 0| 0.0 | 0.0 
2021-09-30 02:43:06,958 - INFO - load | 2 | (0.0, 0.15000000000000002) | 1000 | 0 | set() | 0| 0.0 | 0.0 
2021-09-30 02:43:06,959 - INFO - load | 2 | (0.0, 0.2) | 1000 | 0 | set() | 0| 0.0 | 0.0 
2021-09-30 02:43:06,960 - INFO - load | 2 | (0.0, 0.25) | 1000 | 0 | set() | 0| 0.0 | 0.0 
2021-09-30 02:43:06,962 - INFO - load | 2 | (0.0, 0.30000000000000004) | 1000 | 0 | set() | 0| 0.0 | 0.0 
2021-09-30 02:43:06,963 - INFO - load | 2 | (0.0, 0.35000000000000003) | 1000 | 0 | set() | 0| 0.0 | 0.0 
2021-09-30 02:43:06,965 - INFO - load | 2 | (0.0, 0.4) | 1000 | 0 | set() | 0| 0.0 | 0.0 
2021-09-30 02:43:06,966 - INFO - load | 2 | (0.0, 0.45) | 1000 | 0 | set() | 0| 0.0 | 0.0 
2021-09-30 02:43:06,967 - INFO - load | 2 | (0.0, 0.5) | 1000 | 0 | set() | 0| 0.0 | 0.0 
2021-09-30 02:43:06,969 - INFO - load | 2 | (0.0, 0.55) | 1000 | 0 | set() | 0| 0.0 | 0.0 
2021-09-30 02:43:06,970 - INFO - load | 2 | (0.0, 0.6000000000000001) | 1000 | 0 | set() | 0| 0.0 | 0.0 
2021-09-30 02:43:06,971 - INFO - load | 2 | (0.0, 0.65) | 1000 | 0 | set() | 0| 0.0 | 0.0 
2021-09-30 02:43:06,972 - INFO - load | 2 | (0.0, 0.7000000000000001) | 1000 | 0 | set() | 0| 0.0 | 0.0 
2021-09-30 02:43:06,974 - INFO - load | 2 | (0.0, 0.75) | 1000 | 0 | set() | 0| 0.0 | 0.0 
2021-09-30 02:43:06,975 - INFO - load | 2 | (0.0, 0.8) | 1000 | 0 | set() | 0| 0.0 | 0.0 
2021-09-30 02:43:06,976 - INFO - load | 2 | (0.0, 0.8500000000000001) | 1000 | 0 | set() | 0| 0.0 | 0.0 
2021-09-30 02:43:06,977 - INFO - load | 2 | (0.0, 0.9) | 1000 | 0 | set() | 0| 0.0 | 0.0 
2021-09-30 02:43:06,978 - INFO - load | 2 | (0.0, 0.9500000000000001) | 1000 | 0 | set() | 0| 0.0 | 0.0 
2021-09-30 02:43:06,980 - INFO - load | 2 | (0.0, 1.0) | 1000 | 0 | set() | 0| 0.0 | 0.0 
2021-09-30 02:43:06,981 - INFO - load | 2 | (0.05, 0.0) | 1000 | 0 | set() | 0| 0.0 | 0.0 
2021-09-30 02:43:06,982 - INFO - load | 2 | (0.05, 0.05) | 1000 | 0 | set() | 0| 0.0 | 0.0 
2021-09-30 02:43:06,983 - INFO - load | 2 | (0.05, 0.1) | 1000 | 0 | set() | 0| 0.0 | 0.0 
2021-09-30 02:43:06,985 - INFO - load | 2 | (0.05, 0.15000000000000002) | 1000 | 0 | set() | 0| 0.0 | 0.0 
2021-09-30 02:43:06,987 - INFO - load | 2 | (0.05, 0.2) | 1000 | 0 | set() | 0| 0.0 | 0.0 
2021-09-30 02:43:06,988 - INFO - load | 2 | (0.05, 0.25) | 1000 | 0 | set() | 0| 0.0 | 0.0 
2021-09-30 02:43:06,990 - INFO - load | 2 | (0.05, 0.30000000000000004) | 1000 | 0 | set() | 0| 0.0 | 0.0 
2021-09-30 02:43:06,991 - INFO - load | 2 | (0.05, 0.35000000000000003) | 1000 | 0 | set() | 0| 0.0 | 0.0 
2021-09-30 02:43:06,992 - INFO - load | 2 | (0.05, 0.4) | 1000 | 0 | set() | 0| 0.0 | 0.0 
2021-09-30 02:43:06,993 - INFO - load | 2 | (0.05, 0.45) | 1000 | 0 | set() | 0| 0.0 | 0.0 
2021-09-30 02:43:07,015 - INFO - load | 2 | (0.05, 0.5) | 1000 | 0 | set() | 0| 0.0 | 0.0 
2021-09-30 02:43:07,016 - INFO - load | 2 | (0.05, 0.55) | 1000 | 0 | set() | 0| 0.0 | 0.0 
2021-09-30 02:43:07,018 - INFO - load | 2 | (0.05, 0.6000000000000001) | 1000 | 0 | set() | 0| 0.0 | 0.0 
2021-09-30 02:43:07,019 - INFO - load | 2 | (0.05, 0.65) | 1000 | 0 | set() | 0| 0.0 | 0.0 
2021-09-30 02:43:07,020 - INFO - load | 2 | (0.05, 0.7000000000000001) | 1000 | 0 | set() | 0| 0.0 | 0.0 
2021-09-30 02:43:07,022 - INFO - load | 2 | (0.05, 0.75) | 1000 | 0 | set() | 0| 0.0 | 0.0 
2021-09-30 02:43:07,023 - INFO - load | 2 | (0.05, 0.8) | 1000 | 0 | set() | 0| 0.0 | 0.0 
2021-09-30 02:43:07,024 - INFO - load | 2 | (0.05, 0.8500000000000001) | 1000 | 0 | set() | 0| 0.0 | 0.0 
2021-09-30 02:43:07,025 - INFO - load | 2 | (0.05, 0.9) | 1000 | 0 | set() | 0| 0.0 | 0.0 
2021-09-30 02:43:07,026 - INFO - load | 2 | (0.05, 0.9500000000000001) | 1000 | 0 | set() | 0| 0.0 | 0.0 
2021-09-30 02:43:07,028 - INFO - load | 2 | (0.05, 1.0) | 1000 | 0 | set() | 0| 0.0 | 0.0 
2021-09-30 02:43:07,029 - INFO - load | 2 | (0.1, 0.0) | 1000 | 0 | set() | 0| 0.0 | 0.0 
2021-09-30 02:43:07,030 - INFO - load | 2 | (0.1, 0.05) | 1000 | 0 | set() | 0| 0.0 | 0.0 
2021-09-30 02:43:07,031 - INFO - load | 2 | (0.1, 0.1) | 1000 | 0 | set() | 0| 0.0 | 0.0 
2021-09-30 02:43:07,033 - INFO - load | 2 | (0.1, 0.15000000000000002) | 1000 | 0 | set() | 0| 0.0 | 0.0 
2021-09-30 02:43:07,034 - INFO - load | 2 | (0.1, 0.2) | 1000 | 0 | set() | 0| 0.0 | 0.0 
2021-09-30 02:43:07,035 - INFO - load | 2 | (0.1, 0.25) | 1000 | 0 | set() | 0| 0.0 | 0.0 
2021-09-30 02:43:07,036 - INFO - load | 2 | (0.1, 0.30000000000000004) | 1000 | 0 | set() | 0| 0.0 | 0.0 
2021-09-30 02:43:07,038 - INFO - load | 2 | (0.1, 0.35000000000000003) | 1000 | 0 | set() | 0| 0.0 | 0.0 
2021-09-30 02:43:07,039 - INFO - load | 2 | (0.1, 0.4) | 1000 | 0 | set() | 0| 0.0 | 0.0 
2021-09-30 02:43:07,040 - INFO - load | 2 | (0.1, 0.45) | 1000 | 0 | set() | 0| 0.0 | 0.0 
2021-09-30 02:43:07,041 - INFO - load | 2 | (0.1, 0.5) | 1000 | 0 | set() | 0| 0.0 | 0.0 
2021-09-30 02:43:07,065 - INFO - load | 2 | (0.1, 0.55) | 1000 | 0 | set() | 0| 0.0 | 0.0 
2021-09-30 02:43:07,067 - INFO - load | 2 | (0.1, 0.6000000000000001) | 1000 | 0 | set() | 0| 0.0 | 0.0 
2021-09-30 02:43:07,068 - INFO - load | 2 | (0.1, 0.65) | 1000 | 0 | set() | 0| 0.0 | 0.0 
2021-09-30 02:43:07,069 - INFO - load | 2 | (0.1, 0.7000000000000001) | 1000 | 0 | set() | 0| 0.0 | 0.0 
2021-09-30 02:43:07,070 - INFO - load | 2 | (0.1, 0.75) | 1000 | 0 | set() | 0| 0.0 | 0.0 
2021-09-30 02:43:07,072 - INFO - load | 2 | (0.1, 0.8) | 1000 | 0 | set() | 0| 0.0 | 0.0 
2021-09-30 02:43:07,073 - INFO - load | 2 | (0.1, 0.8500000000000001) | 1000 | 0 | set() | 0| 0.0 | 0.0 
2021-09-30 02:43:07,075 - INFO - load | 2 | (0.1, 0.9) | 1000 | 0 | set() | 0| 0.0 | 0.0 
2021-09-30 02:43:07,076 - INFO - load | 2 | (0.1, 0.9500000000000001) | 1000 | 0 | set() | 0| 0.0 | 0.0 
2021-09-30 02:43:07,077 - INFO - load | 2 | (0.1, 1.0) | 1000 | 0 | set() | 0| 0.0 | 0.0 
2021-09-30 02:43:07,078 - INFO - load | 2 | (0.15000000000000002, 0.0) | 1000 | 0 | set() | 0| 0.0 | 0.0 
2021-09-30 02:43:07,080 - INFO - load | 2 | (0.15000000000000002, 0.05) | 1000 | 0 | set() | 0| 0.0 | 0.0 
2021-09-30 02:43:07,081 - INFO - load | 2 | (0.15000000000000002, 0.1) | 1000 | 0 | set() | 0| 0.0 | 0.0 
2021-09-30 02:43:07,082 - INFO - load | 2 | (0.15000000000000002, 0.15000000000000002) | 1000 | 0 | set() | 0| 0.0 | 0.0 
2021-09-30 02:43:07,083 - INFO - load | 2 | (0.15000000000000002, 0.2) | 1000 | 0 | set() | 0| 0.0 | 0.0 
2021-09-30 02:43:07,085 - INFO - load | 2 | (0.15000000000000002, 0.25) | 1000 | 0 | set() | 0| 0.0 | 0.0 
2021-09-30 02:43:07,086 - INFO - load | 2 | (0.15000000000000002, 0.30000000000000004) | 1000 | 0 | set() | 0| 0.0 | 0.0 
2021-09-30 02:43:07,088 - INFO - load | 2 | (0.15000000000000002, 0.35000000000000003) | 1000 | 0 | set() | 0| 0.0 | 0.0 
2021-09-30 02:43:07,089 - INFO - load | 2 | (0.15000000000000002, 0.4) | 1000 | 0 | set() | 0| 0.0 | 0.0 
2021-09-30 02:43:07,091 - INFO - load | 2 | (0.15000000000000002, 0.45) | 1000 | 0 | set() | 0| 0.0 | 0.0 
2021-09-30 02:43:07,092 - INFO - load | 2 | (0.15000000000000002, 0.5) | 1000 | 0 | set() | 0| 0.0 | 0.0 
2021-09-30 02:43:07,115 - INFO - load | 2 | (0.15000000000000002, 0.55) | 1000 | 0 | set() | 0| 0.0 | 0.0 
2021-09-30 02:43:07,116 - INFO - load | 2 | (0.15000000000000002, 0.6000000000000001) | 1000 | 0 | set() | 0| 0.0 | 0.0 
2021-09-30 02:43:07,117 - INFO - load | 2 | (0.15000000000000002, 0.65) | 1000 | 0 | set() | 0| 0.0 | 0.0 
2021-09-30 02:43:07,118 - INFO - load | 2 | (0.15000000000000002, 0.7000000000000001) | 1000 | 0 | set() | 0| 0.0 | 0.0 
2021-09-30 02:43:07,120 - INFO - load | 2 | (0.15000000000000002, 0.75) | 1000 | 0 | set() | 0| 0.0 | 0.0 
2021-09-30 02:43:07,121 - INFO - load | 2 | (0.15000000000000002, 0.8) | 1000 | 0 | set() | 0| 0.0 | 0.0 
2021-09-30 02:43:07,123 - INFO - load | 2 | (0.15000000000000002, 0.8500000000000001) | 1000 | 0 | set() | 0| 0.0 | 0.0 
2021-09-30 02:43:09,475 - INFO - compute | 2 | (0.15000000000000002, 0.9) | 1000 | 1 | {20} | 83046| 1245.6899999999987 | 43169.1705202312 
2021-09-30 02:43:09,527 - INFO - load | 2 | (0.15000000000000002, 0.9500000000000001) | 1000 | 1 | {20} | 83046| 622.8449999999982 | 43169.1705202312 
2021-09-30 02:43:13,066 - INFO - compute | 2 | (0.15000000000000002, 1.0) | 1000 | 2 | {40, 20} | 137034| 0.0 | 71240.84558216353 
2021-09-30 02:43:13,069 - INFO - load | 2 | (0.2, 0.0) | 1000 | 0 | set() | 0| 0.0 | 0.0 
2021-09-30 02:43:13,070 - INFO - load | 2 | (0.2, 0.05) | 1000 | 0 | set() | 0| 0.0 | 0.0 
2021-09-30 02:43:13,072 - INFO - load | 2 | (0.2, 0.1) | 1000 | 0 | set() | 0| 0.0 | 0.0 
2021-09-30 02:43:13,074 - INFO - load | 2 | (0.2, 0.15000000000000002) | 1000 | 0 | set() | 0| 0.0 | 0.0 
2021-09-30 02:43:13,075 - INFO - load | 2 | (0.2, 0.2) | 1000 | 0 | set() | 0| 0.0 | 0.0 
2021-09-30 02:43:13,076 - INFO - load | 2 | (0.2, 0.25) | 1000 | 0 | set() | 0| 0.0 | 0.0 
2021-09-30 02:43:13,077 - INFO - load | 2 | (0.2, 0.30000000000000004) | 1000 | 0 | set() | 0| 0.0 | 0.0 
2021-09-30 02:43:13,079 - INFO - load | 2 | (0.2, 0.35000000000000003) | 1000 | 0 | set() | 0| 0.0 | 0.0 
2021-09-30 02:43:13,080 - INFO - load | 2 | (0.2, 0.4) | 1000 | 0 | set() | 0| 0.0 | 0.0 
2021-09-30 02:43:13,082 - INFO - load | 2 | (0.2, 0.45) | 1000 | 0 | set() | 0| 0.0 | 0.0 
2021-09-30 02:43:13,083 - INFO - load | 2 | (0.2, 0.5) | 1000 | 0 | set() | 0| 0.0 | 0.0 
2021-09-30 02:43:13,084 - INFO - load | 2 | (0.2, 0.55) | 1000 | 0 | set() | 0| 0.0 | 0.0 
2021-09-30 02:43:13,085 - INFO - load | 2 | (0.2, 0.6000000000000001) | 1000 | 0 | set() | 0| 0.0 | 0.0 
2021-09-30 02:43:13,087 - INFO - load | 2 | (0.2, 0.65) | 1000 | 0 | set() | 0| 0.0 | 0.0 
2021-09-30 02:43:13,141 - INFO - load | 2 | (0.2, 0.7000000000000001) | 1000 | 1 | {20} | 83046| 4982.76 | 43169.1705202312 
2021-09-30 02:43:13,189 - INFO - load | 2 | (0.2, 0.75) | 1000 | 2 | {40, 20} | 137034| 6851.699999999999 | 71240.84558216353 
2021-09-30 02:43:13,238 - INFO - load | 2 | (0.2, 0.8) | 1000 | 2 | {40, 20} | 137034| 5481.359999999997 | 71240.84558216353 
2021-09-30 02:43:20,278 - INFO - compute | 2 | (0.2, 0.8500000000000001) | 1000 | 3 | (25, 20) | 140326| 4209.779999999996 | 73002.70974401337 
2021-09-30 02:43:20,342 - INFO - load | 2 | (0.2, 0.9) | 1000 | 3 | (25, 20) | 140326| 2806.5199999999986 | 73002.70974401337 
2021-09-30 02:43:20,403 - INFO - load | 2 | (0.2, 0.9500000000000001) | 1000 | 3 | (25, 20) | 140326| 1403.2599999999973 | 73002.70974401337 
2021-09-30 02:43:20,464 - INFO - load | 2 | (0.2, 1.0) | 1000 | 3 | (25, 20) | 140326| 0.0 | 73002.70974401337 
2021-09-30 02:43:20,466 - INFO - load | 2 | (0.25, 0.0) | 1000 | 0 | set() | 0| 0.0 | 0.0 
2021-09-30 02:43:20,467 - INFO - load | 2 | (0.25, 0.05) | 1000 | 0 | set() | 0| 0.0 | 0.0 
2021-09-30 02:43:20,469 - INFO - load | 2 | (0.25, 0.1) | 1000 | 0 | set() | 0| 0.0 | 0.0 
2021-09-30 02:43:20,470 - INFO - load | 2 | (0.25, 0.15000000000000002) | 1000 | 0 | set() | 0| 0.0 | 0.0 
2021-09-30 02:43:20,471 - INFO - load | 2 | (0.25, 0.2) | 1000 | 0 | set() | 0| 0.0 | 0.0 
2021-09-30 02:43:20,472 - INFO - load | 2 | (0.25, 0.25) | 1000 | 0 | set() | 0| 0.0 | 0.0 
2021-09-30 02:43:20,473 - INFO - load | 2 | (0.25, 0.30000000000000004) | 1000 | 0 | set() | 0| 0.0 | 0.0 
2021-09-30 02:43:20,475 - INFO - load | 2 | (0.25, 0.35000000000000003) | 1000 | 0 | set() | 0| 0.0 | 0.0 
2021-09-30 02:43:20,476 - INFO - load | 2 | (0.25, 0.4) | 1000 | 0 | set() | 0| 0.0 | 0.0 
2021-09-30 02:43:20,477 - INFO - load | 2 | (0.25, 0.45) | 1000 | 0 | set() | 0| 0.0 | 0.0 
2021-09-30 02:43:20,478 - INFO - load | 2 | (0.25, 0.5) | 1000 | 0 | set() | 0| 0.0 | 0.0 
2021-09-30 02:43:20,529 - INFO - load | 2 | (0.25, 0.55) | 1000 | 1 | {20} | 83046| 9342.675 | 43169.1705202312 
2021-09-30 02:43:20,578 - INFO - load | 2 | (0.25, 0.6000000000000001) | 1000 | 2 | {40, 20} | 137034| 13703.399999999998 | 71240.84558216353 
2021-09-30 02:43:20,627 - INFO - load | 2 | (0.25, 0.65) | 1000 | 2 | {40, 20} | 137034| 11990.474999999999 | 71240.84558216353 
2021-09-30 02:43:20,686 - INFO - load | 2 | (0.25, 0.7000000000000001) | 1000 | 3 | (25, 20) | 140326| 10524.449999999997 | 73002.70974401337 
2021-09-30 02:43:20,744 - INFO - load | 2 | (0.25, 0.75) | 1000 | 3 | (25, 20) | 140326| 8770.375 | 73002.70974401337 
2021-09-30 02:43:20,803 - INFO - load | 2 | (0.25, 0.8) | 1000 | 3 | (25, 20) | 140326| 7016.299999999998 | 73002.70974401337 
2021-09-30 02:43:33,111 - INFO - compute | 2 | (0.25, 0.8500000000000001) | 1000 | 4 | (25, 20) | 140326| 5262.224999999997 | 73002.70974401337 
2021-09-30 02:43:33,184 - INFO - load | 2 | (0.25, 0.9) | 1000 | 4 | (25, 20) | 140326| 3508.149999999999 | 73002.70974401337 
2021-09-30 02:43:52,556 - INFO - compute | 2 | (0.25, 0.9500000000000001) | 1000 | 5 | (20, 25) | 140326| 1754.0749999999978 | 73002.70974401337 
2021-09-30 02:43:52,631 - INFO - load | 2 | (0.25, 1.0) | 1000 | 5 | (20, 25) | 140326| 0.0 | 73002.70974401337 
2021-09-30 02:43:52,633 - INFO - load | 2 | (0.30000000000000004, 0.0) | 1000 | 0 | set() | 0| 0.0 | 0.0 
2021-09-30 02:43:52,634 - INFO - load | 2 | (0.30000000000000004, 0.05) | 1000 | 0 | set() | 0| 0.0 | 0.0 
2021-09-30 02:43:52,636 - INFO - load | 2 | (0.30000000000000004, 0.1) | 1000 | 0 | set() | 0| 0.0 | 0.0 
2021-09-30 02:43:52,637 - INFO - load | 2 | (0.30000000000000004, 0.15000000000000002) | 1000 | 0 | set() | 0| 0.0 | 0.0 
2021-09-30 02:43:52,638 - INFO - load | 2 | (0.30000000000000004, 0.2) | 1000 | 0 | set() | 0| 0.0 | 0.0 
2021-09-30 02:43:52,639 - INFO - load | 2 | (0.30000000000000004, 0.25) | 1000 | 0 | set() | 0| 0.0 | 0.0 
2021-09-30 02:43:52,640 - INFO - load | 2 | (0.30000000000000004, 0.30000000000000004) | 1000 | 0 | set() | 0| 0.0 | 0.0 
2021-09-30 02:43:52,642 - INFO - load | 2 | (0.30000000000000004, 0.35000000000000003) | 1000 | 0 | set() | 0| 0.0 | 0.0 
2021-09-30 02:43:52,643 - INFO - load | 2 | (0.30000000000000004, 0.4) | 1000 | 0 | set() | 0| 0.0 | 0.0 
2021-09-30 02:43:52,709 - INFO - load | 2 | (0.30000000000000004, 0.45) | 1000 | 1 | {20} | 83046| 13702.59 | 43169.1705202312 
2021-09-30 02:43:52,757 - INFO - load | 2 | (0.30000000000000004, 0.5) | 1000 | 2 | {40, 20} | 137034| 20555.100000000002 | 71240.84558216353 
2021-09-30 02:43:52,821 - INFO - load | 2 | (0.30000000000000004, 0.55) | 1000 | 3 | (25, 20) | 140326| 18944.010000000002 | 73002.70974401337 
2021-09-30 02:43:52,881 - INFO - load | 2 | (0.30000000000000004, 0.6000000000000001) | 1000 | 3 | (25, 20) | 140326| 16839.12 | 73002.70974401337 
2021-09-30 02:43:52,940 - INFO - load | 2 | (0.30000000000000004, 0.65) | 1000 | 3 | (25, 20) | 140326| 14734.230000000001 | 73002.70974401337 
2021-09-30 02:43:53,014 - INFO - load | 2 | (0.30000000000000004, 0.7000000000000001) | 1000 | 4 | (25, 20) | 140326| 12629.34 | 73002.70974401337 
2021-09-30 02:43:53,088 - INFO - load | 2 | (0.30000000000000004, 0.75) | 1000 | 4 | (25, 20) | 140326| 10524.45 | 73002.70974401337 
2021-09-30 02:43:53,160 - INFO - load | 2 | (0.30000000000000004, 0.8) | 1000 | 5 | (20, 25) | 140326| 8419.56 | 73002.70974401337 
2021-09-30 02:43:53,235 - INFO - load | 2 | (0.30000000000000004, 0.8500000000000001) | 1000 | 5 | (20, 25) | 140326| 6314.669999999998 | 73002.70974401337 
2021-09-30 02:43:53,306 - INFO - load | 2 | (0.30000000000000004, 0.9) | 1000 | 5 | (20, 25) | 140326| 4209.779999999996 | 73002.70974401337 
2021-09-30 02:44:21,465 - INFO - compute | 2 | (0.30000000000000004, 0.9500000000000001) | 1000 | 6 | (20, 25) | 140326| 2104.889999999994 | 73002.70974401337 
2021-09-30 02:44:59,798 - INFO - compute | 2 | (0.30000000000000004, 1.0) | 1000 | 7 | (20, 25) | 140326| 0.0 | 73002.70974401337 
2021-09-30 02:44:59,800 - INFO - load | 2 | (0.35000000000000003, 0.0) | 1000 | 0 | set() | 0| 0.0 | 0.0 
2021-09-30 02:44:59,802 - INFO - load | 2 | (0.35000000000000003, 0.05) | 1000 | 0 | set() | 0| 0.0 | 0.0 
2021-09-30 02:44:59,803 - INFO - load | 2 | (0.35000000000000003, 0.1) | 1000 | 0 | set() | 0| 0.0 | 0.0 
2021-09-30 02:44:59,804 - INFO - load | 2 | (0.35000000000000003, 0.15000000000000002) | 1000 | 0 | set() | 0| 0.0 | 0.0 
2021-09-30 02:44:59,805 - INFO - load | 2 | (0.35000000000000003, 0.2) | 1000 | 0 | set() | 0| 0.0 | 0.0 
2021-09-30 02:44:59,807 - INFO - load | 2 | (0.35000000000000003, 0.25) | 1000 | 0 | set() | 0| 0.0 | 0.0 
2021-09-30 02:44:59,808 - INFO - load | 2 | (0.35000000000000003, 0.30000000000000004) | 1000 | 0 | set() | 0| 0.0 | 0.0 
2021-09-30 02:44:59,809 - INFO - load | 2 | (0.35000000000000003, 0.35000000000000003) | 1000 | 0 | set() | 0| 0.0 | 0.0 
2021-09-30 02:44:59,857 - INFO - load | 2 | (0.35000000000000003, 0.4) | 1000 | 1 | {20} | 83046| 17439.66 | 43169.1705202312 
2021-09-30 02:44:59,907 - INFO - load | 2 | (0.35000000000000003, 0.45) | 1000 | 2 | {40, 20} | 137034| 26379.045000000002 | 71240.84558216353 
2021-09-30 02:44:59,967 - INFO - load | 2 | (0.35000000000000003, 0.5) | 1000 | 3 | (25, 20) | 140326| 24557.050000000003 | 73002.70974401337 
2021-09-30 02:45:00,028 - INFO - load | 2 | (0.35000000000000003, 0.55) | 1000 | 3 | (25, 20) | 140326| 22101.345 | 73002.70974401337 
2021-09-30 02:45:00,102 - INFO - load | 2 | (0.35000000000000003, 0.6000000000000001) | 1000 | 4 | (25, 20) | 140326| 19645.64 | 73002.70974401337 
2021-09-30 02:45:00,174 - INFO - load | 2 | (0.35000000000000003, 0.65) | 1000 | 5 | (20, 25) | 140326| 17189.935 | 73002.70974401337 
2021-09-30 02:45:00,245 - INFO - load | 2 | (0.35000000000000003, 0.7000000000000001) | 1000 | 5 | (20, 25) | 140326| 14734.229999999998 | 73002.70974401337 
2021-09-30 02:45:00,318 - INFO - load | 2 | (0.35000000000000003, 0.75) | 1000 | 5 | (20, 25) | 140326| 12278.525000000003 | 73002.70974401337 
2021-09-30 02:45:00,392 - INFO - load | 2 | (0.35000000000000003, 0.8) | 1000 | 5 | (20, 25) | 140326| 9822.820000000002 | 73002.70974401337 
2021-09-30 02:45:00,477 - INFO - load | 2 | (0.35000000000000003, 0.8500000000000001) | 1000 | 7 | (20, 25) | 140326| 7367.114999999999 | 73002.70974401337 
2021-09-30 02:45:51,029 - INFO - compute | 2 | (0.35000000000000003, 0.9) | 1000 | 8 | (20, 25) | 140326| 4911.409999999996 | 73002.70974401337 
2021-09-30 02:47:28,402 - INFO - compute | 2 | (0.35000000000000003, 0.9500000000000001) | 1000 | 11 | (20, 25) | 140326| 2455.7049999999945 | 73002.70974401337 
2021-09-30 02:51:55,068 - INFO - compute | 2 | (0.35000000000000003, 1.0) | 1000 | 18 | (20, 25) | 140326| 0.0 | 73002.70974401337 
2021-09-30 02:51:55,077 - INFO - load | 2 | (0.4, 0.0) | 1000 | 0 | set() | 0| 0.0 | 0.0 
2021-09-30 02:51:55,078 - INFO - load | 2 | (0.4, 0.05) | 1000 | 0 | set() | 0| 0.0 | 0.0 
2021-09-30 02:51:55,080 - INFO - load | 2 | (0.4, 0.1) | 1000 | 0 | set() | 0| 0.0 | 0.0 
2021-09-30 02:51:55,082 - INFO - load | 2 | (0.4, 0.15000000000000002) | 1000 | 0 | set() | 0| 0.0 | 0.0 
2021-09-30 02:51:55,084 - INFO - load | 2 | (0.4, 0.2) | 1000 | 0 | set() | 0| 0.0 | 0.0 
2021-09-30 02:51:55,085 - INFO - load | 2 | (0.4, 0.25) | 1000 | 0 | set() | 0| 0.0 | 0.0 
2021-09-30 02:51:55,086 - INFO - load | 2 | (0.4, 0.30000000000000004) | 1000 | 0 | set() | 0| 0.0 | 0.0 
2021-09-30 02:51:55,134 - INFO - load | 2 | (0.4, 0.35000000000000003) | 1000 | 1 | {20} | 83046| 21591.96 | 43169.1705202312 
2021-09-30 02:51:55,184 - INFO - load | 2 | (0.4, 0.4) | 1000 | 2 | {40, 20} | 137034| 32888.159999999996 | 71240.84558216353 
2021-09-30 02:51:55,243 - INFO - load | 2 | (0.4, 0.45) | 1000 | 3 | (25, 20) | 140326| 30871.72 | 73002.70974401337 
2021-09-30 02:51:55,303 - INFO - load | 2 | (0.4, 0.5) | 1000 | 3 | (25, 20) | 140326| 28065.2 | 73002.70974401337 
2021-09-30 02:51:55,377 - INFO - load | 2 | (0.4, 0.55) | 1000 | 4 | (25, 20) | 140326| 25258.68 | 73002.70974401337 
2021-09-30 02:51:55,450 - INFO - load | 2 | (0.4, 0.6000000000000001) | 1000 | 5 | (20, 25) | 140326| 22452.159999999996 | 73002.70974401337 
2021-09-30 02:51:55,527 - INFO - load | 2 | (0.4, 0.65) | 1000 | 5 | (20, 25) | 140326| 19645.640000000003 | 73002.70974401337 
2021-09-30 02:51:55,603 - INFO - load | 2 | (0.4, 0.7000000000000001) | 1000 | 5 | (20, 25) | 140326| 16839.12 | 73002.70974401337 
2021-09-30 02:51:55,690 - INFO - load | 2 | (0.4, 0.75) | 1000 | 7 | (20, 25) | 140326| 14032.599999999997 | 73002.70974401337 
2021-09-30 02:52:59,706 - INFO - compute | 2 | (0.4, 0.8) | 1000 | 9 | (20, 25) | 140326| 11226.079999999994 | 73002.70974401337 
2021-09-30 02:54:55,753 - INFO - compute | 2 | (0.4, 0.8500000000000001) | 1000 | 12 | (20, 25) | 140326| 8419.559999999992 | 73002.70974401337 
2021-09-30 02:59:53,148 - INFO - compute | 2 | (0.4, 0.9) | 1000 | 19 | (20, 25) | 140326| 5613.039999999997 | 73002.70974401337 
2021-09-30 03:07:32,538 - INFO - compute | 2 | (0.4, 0.9500000000000001) | 1000 | 24 | (20, 25) | 140326| 2806.5199999999945 | 73002.70974401337 
2021-09-30 03:25:48,211 - INFO - compute | 2 | (0.4, 1.0) | 1000 | 37 | (20, 25) | 140326| 0.0 | 73002.70974401337 
2021-09-30 03:25:48,213 - INFO - load | 2 | (0.45, 0.0) | 1000 | 0 | set() | 0| 0.0 | 0.0 
2021-09-30 03:25:48,214 - INFO - load | 2 | (0.45, 0.05) | 1000 | 0 | set() | 0| 0.0 | 0.0 
2021-09-30 03:25:48,215 - INFO - load | 2 | (0.45, 0.1) | 1000 | 0 | set() | 0| 0.0 | 0.0 
2021-09-30 03:25:48,216 - INFO - load | 2 | (0.45, 0.15000000000000002) | 1000 | 0 | set() | 0| 0.0 | 0.0 
2021-09-30 03:25:48,217 - INFO - load | 2 | (0.45, 0.2) | 1000 | 0 | set() | 0| 0.0 | 0.0 
2021-09-30 03:25:48,219 - INFO - load | 2 | (0.45, 0.25) | 1000 | 0 | set() | 0| 0.0 | 0.0 
2021-09-30 03:25:48,265 - INFO - load | 2 | (0.45, 0.30000000000000004) | 1000 | 1 | {20} | 83046| 26159.489999999994 | 43169.1705202312 
2021-09-30 03:25:48,312 - INFO - load | 2 | (0.45, 0.35000000000000003) | 1000 | 2 | {40, 20} | 137034| 40082.445 | 71240.84558216353 
2021-09-30 03:25:48,367 - INFO - load | 2 | (0.45, 0.4) | 1000 | 3 | (25, 20) | 140326| 37888.020000000004 | 73002.70974401337 
2021-09-30 03:25:48,422 - INFO - load | 2 | (0.45, 0.45) | 1000 | 3 | (25, 20) | 140326| 34730.685 | 73002.70974401337 
2021-09-30 03:25:48,487 - INFO - load | 2 | (0.45, 0.5) | 1000 | 4 | (25, 20) | 140326| 31573.350000000002 | 73002.70974401337 
2021-09-30 03:25:48,557 - INFO - load | 2 | (0.45, 0.55) | 1000 | 5 | (20, 25) | 140326| 28416.015 | 73002.70974401337 
2021-09-30 03:25:48,629 - INFO - load | 2 | (0.45, 0.6000000000000001) | 1000 | 5 | (20, 25) | 140326| 25258.679999999993 | 73002.70974401337 
2021-09-30 03:25:48,712 - INFO - load | 2 | (0.45, 0.65) | 1000 | 6 | (20, 25) | 140326| 22101.344999999998 | 73002.70974401337 
2021-09-30 03:25:48,803 - INFO - load | 2 | (0.45, 0.7000000000000001) | 1000 | 8 | (20, 25) | 140326| 18944.009999999995 | 73002.70974401337 
2021-09-30 03:25:48,904 - INFO - load | 2 | (0.45, 0.75) | 1000 | 12 | (20, 25) | 140326| 15786.675 | 73002.70974401337 
2021-09-30 03:25:49,005 - INFO - load | 2 | (0.45, 0.8) | 1000 | 19 | (20, 25) | 140326| 12629.339999999997 | 73002.70974401337 
2021-09-30 03:34:03,919 - INFO - compute | 2 | (0.45, 0.8500000000000001) | 1000 | 25 | (20, 25) | 140326| 9472.004999999994 | 73002.70974401337 
2021-09-30 03:54:56,544 - INFO - compute | 2 | (0.45, 0.9) | 1000 | 40 | (20, 25) | 140326| 6314.669999999998 | 73002.70974401337 
2021-09-30 05:01:24,760 - INFO - compute | 2 | (0.45, 0.9500000000000001) | 1000 | 75 | (20, 25) | 140326| 3157.334999999995 | 73002.70974401337 
2021-09-30 08:57:44,634 - INFO - compute | 2 | (0.45, 1.0) | 1000 | 141 | (20, 25) | 140326| 0.0 | 73002.70974401337 
2021-09-30 08:57:44,635 - INFO - load | 2 | (0.5, 0.0) | 1000 | 0 | set() | 0| 0.0 | 0.0 
2021-09-30 08:57:44,637 - INFO - load | 2 | (0.5, 0.05) | 1000 | 0 | set() | 0| 0.0 | 0.0 
2021-09-30 08:57:44,638 - INFO - load | 2 | (0.5, 0.1) | 1000 | 0 | set() | 0| 0.0 | 0.0 
2021-09-30 08:57:44,640 - INFO - load | 2 | (0.5, 0.15000000000000002) | 1000 | 0 | set() | 0| 0.0 | 0.0 
2021-09-30 08:57:44,641 - INFO - load | 2 | (0.5, 0.2) | 1000 | 0 | set() | 0| 0.0 | 0.0 
2021-09-30 08:57:44,642 - INFO - load | 2 | (0.5, 0.25) | 1000 | 0 | set() | 0| 0.0 | 0.0 
2021-09-30 08:57:44,683 - INFO - load | 2 | (0.5, 0.30000000000000004) | 1000 | 2 | {40, 20} | 137034| 47961.899999999994 | 71240.84558216353 
2021-09-30 08:57:44,733 - INFO - load | 2 | (0.5, 0.35000000000000003) | 1000 | 3 | (25, 20) | 140326| 45605.95 | 73002.70974401337 
2021-09-30 08:57:44,782 - INFO - load | 2 | (0.5, 0.4) | 1000 | 3 | (25, 20) | 140326| 42097.799999999996 | 73002.70974401337 
2021-09-30 08:57:44,841 - INFO - load | 2 | (0.5, 0.45) | 1000 | 4 | (25, 20) | 140326| 38589.65 | 73002.70974401337 
2021-09-30 08:57:44,902 - INFO - load | 2 | (0.5, 0.5) | 1000 | 5 | (20, 25) | 140326| 35081.5 | 73002.70974401337 
2021-09-30 08:57:44,963 - INFO - load | 2 | (0.5, 0.55) | 1000 | 5 | (20, 25) | 140326| 31573.35 | 73002.70974401337 
2021-09-30 08:57:45,034 - INFO - load | 2 | (0.5, 0.6000000000000001) | 1000 | 7 | (20, 25) | 140326| 28065.199999999993 | 73002.70974401337 
2021-09-30 08:57:45,125 - INFO - load | 2 | (0.5, 0.65) | 1000 | 9 | (20, 25) | 140326| 24557.05 | 73002.70974401337 
2021-09-30 08:57:45,207 - INFO - load | 2 | (0.5, 0.7000000000000001) | 1000 | 18 | (20, 25) | 140326| 21048.899999999994 | 73002.70974401337 
2021-09-30 08:57:45,298 - INFO - load | 2 | (0.5, 0.75) | 1000 | 24 | (20, 25) | 140326| 17540.75 | 73002.70974401337 
2021-09-30 08:57:45,389 - INFO - load | 2 | (0.5, 0.8) | 1000 | 37 | (20, 25) | 140326| 14032.599999999997 | 73002.70974401337 
2021-09-30 09:55:49,412 - INFO - compute | 2 | (0.5, 0.8500000000000001) | 1000 | 70 | (20, 25) | 140326| 10524.449999999993 | 73002.70974401337 
2021-09-30 09:55:49,515 - INFO - load | 2 | (0.5, 0.9) | 1000 | 141 | (20, 25) | 140326| 7016.299999999998 | 73002.70974401337 
2021-09-30 23:56:22,553 - INFO - compute | 2 | (0.5, 0.9500000000000001) | 1000 | 266 | (20, 25) | 140326| 3508.1499999999955 | 73002.70974401337 
