2021-09-29 05:06:27,194 - INFO - run algo
2021-09-29 05:06:27,505 - INFO - 9513
2021-09-29 05:06:27,514 - INFO - 10000
2021-09-29 05:06:36,385 - INFO - load:
2021-09-29 05:06:36,388 - INFO - Finish random requester set R and supplier set S 
                             percent_R=0.1, num_R=1000, len_R=1000 
                             percent_S=0.1, num_S=1000, len_S=1000
2021-09-29 05:06:50,059 - INFO - compute | 1 | (0.0, 0.0) | 1000 | 0 | set() | 0| 0.0 | 0.0 
2021-09-29 05:06:50,061 - INFO - load | 1 | (0.0, 0.05) | 1000 | 0 | set() | 0| 0.0 | 0.0 
2021-09-29 05:06:50,062 - INFO - load | 1 | (0.0, 0.1) | 1000 | 0 | set() | 0| 0.0 | 0.0 
2021-09-29 05:06:50,063 - INFO - load | 1 | (0.0, 0.15000000000000002) | 1000 | 0 | set() | 0| 0.0 | 0.0 
2021-09-29 05:06:50,064 - INFO - load | 1 | (0.0, 0.2) | 1000 | 0 | set() | 0| 0.0 | 0.0 
2021-09-29 05:06:50,066 - INFO - load | 1 | (0.0, 0.25) | 1000 | 0 | set() | 0| 0.0 | 0.0 
2021-09-29 05:06:50,068 - INFO - load | 1 | (0.0, 0.30000000000000004) | 1000 | 0 | set() | 0| 0.0 | 0.0 
2021-09-29 05:06:50,069 - INFO - load | 1 | (0.0, 0.35000000000000003) | 1000 | 0 | set() | 0| 0.0 | 0.0 
2021-09-29 05:06:50,070 - INFO - load | 1 | (0.0, 0.4) | 1000 | 0 | set() | 0| 0.0 | 0.0 
2021-09-29 05:06:50,072 - INFO - load | 1 | (0.0, 0.45) | 1000 | 0 | set() | 0| 0.0 | 0.0 
2021-09-29 05:06:50,074 - INFO - load | 1 | (0.0, 0.5) | 1000 | 0 | set() | 0| 0.0 | 0.0 
2021-09-29 05:06:50,075 - INFO - load | 1 | (0.0, 0.55) | 1000 | 0 | set() | 0| 0.0 | 0.0 
2021-09-29 05:06:50,076 - INFO - load | 1 | (0.0, 0.6000000000000001) | 1000 | 0 | set() | 0| 0.0 | 0.0 
2021-09-29 05:06:50,077 - INFO - load | 1 | (0.0, 0.65) | 1000 | 0 | set() | 0| 0.0 | 0.0 
2021-09-29 05:06:50,079 - INFO - load | 1 | (0.0, 0.7000000000000001) | 1000 | 0 | set() | 0| 0.0 | 0.0 
2021-09-29 05:06:50,080 - INFO - load | 1 | (0.0, 0.75) | 1000 | 0 | set() | 0| 0.0 | 0.0 
2021-09-29 05:06:50,081 - INFO - load | 1 | (0.0, 0.8) | 1000 | 0 | set() | 0| 0.0 | 0.0 
2021-09-29 05:06:50,083 - INFO - load | 1 | (0.0, 0.8500000000000001) | 1000 | 0 | set() | 0| 0.0 | 0.0 
2021-09-29 05:06:50,084 - INFO - load | 1 | (0.0, 0.9) | 1000 | 0 | set() | 0| 0.0 | 0.0 
2021-09-29 05:06:50,085 - INFO - load | 1 | (0.0, 0.9500000000000001) | 1000 | 0 | set() | 0| 0.0 | 0.0 
2021-09-29 05:06:50,086 - INFO - load | 1 | (0.0, 1.0) | 1000 | 0 | set() | 0| 0.0 | 0.0 
2021-09-29 05:06:50,087 - INFO - load | 1 | (0.05, 0.0) | 1000 | 0 | set() | 0| 0.0 | 0.0 
2021-09-29 05:06:50,089 - INFO - load | 1 | (0.05, 0.05) | 1000 | 0 | set() | 0| 0.0 | 0.0 
2021-09-29 05:06:50,090 - INFO - load | 1 | (0.05, 0.1) | 1000 | 0 | set() | 0| 0.0 | 0.0 
2021-09-29 05:06:50,091 - INFO - load | 1 | (0.05, 0.15000000000000002) | 1000 | 0 | set() | 0| 0.0 | 0.0 
2021-09-29 05:06:50,092 - INFO - load | 1 | (0.05, 0.2) | 1000 | 0 | set() | 0| 0.0 | 0.0 
2021-09-29 05:06:50,093 - INFO - load | 1 | (0.05, 0.25) | 1000 | 0 | set() | 0| 0.0 | 0.0 
2021-09-29 05:06:50,095 - INFO - load | 1 | (0.05, 0.30000000000000004) | 1000 | 0 | set() | 0| 0.0 | 0.0 
2021-09-29 05:06:50,097 - INFO - load | 1 | (0.05, 0.35000000000000003) | 1000 | 0 | set() | 0| 0.0 | 0.0 
2021-09-29 05:06:50,099 - INFO - load | 1 | (0.05, 0.4) | 1000 | 0 | set() | 0| 0.0 | 0.0 
2021-09-29 05:06:50,100 - INFO - load | 1 | (0.05, 0.45) | 1000 | 0 | set() | 0| 0.0 | 0.0 
2021-09-29 05:06:50,101 - INFO - load | 1 | (0.05, 0.5) | 1000 | 0 | set() | 0| 0.0 | 0.0 
2021-09-29 05:06:50,103 - INFO - load | 1 | (0.05, 0.55) | 1000 | 0 | set() | 0| 0.0 | 0.0 
2021-09-29 05:06:50,105 - INFO - load | 1 | (0.05, 0.6000000000000001) | 1000 | 0 | set() | 0| 0.0 | 0.0 
2021-09-29 05:06:50,106 - INFO - load | 1 | (0.05, 0.65) | 1000 | 0 | set() | 0| 0.0 | 0.0 
2021-09-29 05:06:50,107 - INFO - load | 1 | (0.05, 0.7000000000000001) | 1000 | 0 | set() | 0| 0.0 | 0.0 
2021-09-29 05:06:50,109 - INFO - load | 1 | (0.05, 0.75) | 1000 | 0 | set() | 0| 0.0 | 0.0 
2021-09-29 05:06:50,110 - INFO - load | 1 | (0.05, 0.8) | 1000 | 0 | set() | 0| 0.0 | 0.0 
2021-09-29 05:06:50,112 - INFO - load | 1 | (0.05, 0.8500000000000001) | 1000 | 0 | set() | 0| 0.0 | 0.0 
2021-09-29 05:06:50,113 - INFO - load | 1 | (0.05, 0.9) | 1000 | 0 | set() | 0| 0.0 | 0.0 
2021-09-29 05:06:50,115 - INFO - load | 1 | (0.05, 0.9500000000000001) | 1000 | 0 | set() | 0| 0.0 | 0.0 
2021-09-29 05:06:50,116 - INFO - load | 1 | (0.05, 1.0) | 1000 | 0 | set() | 0| 0.0 | 0.0 
2021-09-29 05:06:50,117 - INFO - load | 1 | (0.1, 0.0) | 1000 | 0 | set() | 0| 0.0 | 0.0 
2021-09-29 05:06:50,118 - INFO - load | 1 | (0.1, 0.05) | 1000 | 0 | set() | 0| 0.0 | 0.0 
2021-09-29 05:06:50,120 - INFO - load | 1 | (0.1, 0.1) | 1000 | 0 | set() | 0| 0.0 | 0.0 
2021-09-29 05:06:50,122 - INFO - load | 1 | (0.1, 0.15000000000000002) | 1000 | 0 | set() | 0| 0.0 | 0.0 
2021-09-29 05:06:50,124 - INFO - load | 1 | (0.1, 0.2) | 1000 | 0 | set() | 0| 0.0 | 0.0 
2021-09-29 05:06:50,125 - INFO - load | 1 | (0.1, 0.25) | 1000 | 0 | set() | 0| 0.0 | 0.0 
2021-09-29 05:06:50,127 - INFO - load | 1 | (0.1, 0.30000000000000004) | 1000 | 0 | set() | 0| 0.0 | 0.0 
2021-09-29 05:06:50,128 - INFO - load | 1 | (0.1, 0.35000000000000003) | 1000 | 0 | set() | 0| 0.0 | 0.0 
2021-09-29 05:06:50,129 - INFO - load | 1 | (0.1, 0.4) | 1000 | 0 | set() | 0| 0.0 | 0.0 
2021-09-29 05:06:50,131 - INFO - load | 1 | (0.1, 0.45) | 1000 | 0 | set() | 0| 0.0 | 0.0 
2021-09-29 05:06:50,132 - INFO - load | 1 | (0.1, 0.5) | 1000 | 0 | set() | 0| 0.0 | 0.0 
2021-09-29 05:06:50,133 - INFO - load | 1 | (0.1, 0.55) | 1000 | 0 | set() | 0| 0.0 | 0.0 
2021-09-29 05:06:50,135 - INFO - load | 1 | (0.1, 0.6000000000000001) | 1000 | 0 | set() | 0| 0.0 | 0.0 
2021-09-29 05:06:50,136 - INFO - load | 1 | (0.1, 0.65) | 1000 | 0 | set() | 0| 0.0 | 0.0 
2021-09-29 05:06:50,137 - INFO - load | 1 | (0.1, 0.7000000000000001) | 1000 | 0 | set() | 0| 0.0 | 0.0 
2021-09-29 05:06:50,139 - INFO - load | 1 | (0.1, 0.75) | 1000 | 0 | set() | 0| 0.0 | 0.0 
2021-09-29 05:06:50,140 - INFO - load | 1 | (0.1, 0.8) | 1000 | 0 | set() | 0| 0.0 | 0.0 
2021-09-29 05:06:50,142 - INFO - load | 1 | (0.1, 0.8500000000000001) | 1000 | 0 | set() | 0| 0.0 | 0.0 
2021-09-29 05:06:50,144 - INFO - load | 1 | (0.1, 0.9) | 1000 | 0 | set() | 0| 0.0 | 0.0 
2021-09-29 05:06:50,145 - INFO - load | 1 | (0.1, 0.9500000000000001) | 1000 | 0 | set() | 0| 0.0 | 0.0 
2021-09-29 05:06:50,146 - INFO - load | 1 | (0.1, 1.0) | 1000 | 0 | set() | 0| 0.0 | 0.0 
2021-09-29 05:06:50,147 - INFO - load | 1 | (0.15000000000000002, 0.0) | 1000 | 0 | set() | 0| 0.0 | 0.0 
2021-09-29 05:06:50,149 - INFO - load | 1 | (0.15000000000000002, 0.05) | 1000 | 0 | set() | 0| 0.0 | 0.0 
2021-09-29 05:06:50,150 - INFO - load | 1 | (0.15000000000000002, 0.1) | 1000 | 0 | set() | 0| 0.0 | 0.0 
2021-09-29 05:06:50,151 - INFO - load | 1 | (0.15000000000000002, 0.15000000000000002) | 1000 | 0 | set() | 0| 0.0 | 0.0 
2021-09-29 05:06:50,152 - INFO - load | 1 | (0.15000000000000002, 0.2) | 1000 | 0 | set() | 0| 0.0 | 0.0 
2021-09-29 05:06:50,153 - INFO - load | 1 | (0.15000000000000002, 0.25) | 1000 | 0 | set() | 0| 0.0 | 0.0 
2021-09-29 05:06:50,155 - INFO - load | 1 | (0.15000000000000002, 0.30000000000000004) | 1000 | 0 | set() | 0| 0.0 | 0.0 
2021-09-29 05:06:50,156 - INFO - load | 1 | (0.15000000000000002, 0.35000000000000003) | 1000 | 0 | set() | 0| 0.0 | 0.0 
2021-09-29 05:06:50,157 - INFO - load | 1 | (0.15000000000000002, 0.4) | 1000 | 0 | set() | 0| 0.0 | 0.0 
2021-09-29 05:06:50,159 - INFO - load | 1 | (0.15000000000000002, 0.45) | 1000 | 0 | set() | 0| 0.0 | 0.0 
2021-09-29 05:06:50,160 - INFO - load | 1 | (0.15000000000000002, 0.5) | 1000 | 0 | set() | 0| 0.0 | 0.0 
2021-09-29 05:06:50,161 - INFO - load | 1 | (0.15000000000000002, 0.55) | 1000 | 0 | set() | 0| 0.0 | 0.0 
2021-09-29 05:06:50,163 - INFO - load | 1 | (0.15000000000000002, 0.6000000000000001) | 1000 | 0 | set() | 0| 0.0 | 0.0 
2021-09-29 05:06:50,164 - INFO - load | 1 | (0.15000000000000002, 0.65) | 1000 | 0 | set() | 0| 0.0 | 0.0 
2021-09-29 05:06:50,165 - INFO - load | 1 | (0.15000000000000002, 0.7000000000000001) | 1000 | 0 | set() | 0| 0.0 | 0.0 
2021-09-29 05:06:50,166 - INFO - load | 1 | (0.15000000000000002, 0.75) | 1000 | 0 | set() | 0| 0.0 | 0.0 
2021-09-29 05:06:50,168 - INFO - load | 1 | (0.15000000000000002, 0.8) | 1000 | 0 | set() | 0| 0.0 | 0.0 
2021-09-29 05:06:50,169 - INFO - load | 1 | (0.15000000000000002, 0.8500000000000001) | 1000 | 0 | set() | 0| 0.0 | 0.0 
2021-09-29 05:06:50,170 - INFO - load | 1 | (0.15000000000000002, 0.9) | 1000 | 0 | set() | 0| 0.0 | 0.0 
2021-09-29 05:06:50,172 - INFO - load | 1 | (0.15000000000000002, 0.9500000000000001) | 1000 | 0 | set() | 0| 0.0 | 0.0 
2021-09-29 05:06:50,174 - INFO - load | 1 | (0.15000000000000002, 1.0) | 1000 | 0 | set() | 0| 0.0 | 0.0 
2021-09-29 05:06:50,176 - INFO - load | 1 | (0.2, 0.0) | 1000 | 0 | set() | 0| 0.0 | 0.0 
2021-09-29 05:06:50,177 - INFO - load | 1 | (0.2, 0.05) | 1000 | 0 | set() | 0| 0.0 | 0.0 
2021-09-29 05:06:50,178 - INFO - load | 1 | (0.2, 0.1) | 1000 | 0 | set() | 0| 0.0 | 0.0 
2021-09-29 05:06:50,180 - INFO - load | 1 | (0.2, 0.15000000000000002) | 1000 | 0 | set() | 0| 0.0 | 0.0 
2021-09-29 05:06:50,181 - INFO - load | 1 | (0.2, 0.2) | 1000 | 0 | set() | 0| 0.0 | 0.0 
2021-09-29 05:06:50,183 - INFO - load | 1 | (0.2, 0.25) | 1000 | 0 | set() | 0| 0.0 | 0.0 
2021-09-29 05:06:50,184 - INFO - load | 1 | (0.2, 0.30000000000000004) | 1000 | 0 | set() | 0| 0.0 | 0.0 
2021-09-29 05:06:50,185 - INFO - load | 1 | (0.2, 0.35000000000000003) | 1000 | 0 | set() | 0| 0.0 | 0.0 
2021-09-29 05:06:50,186 - INFO - load | 1 | (0.2, 0.4) | 1000 | 0 | set() | 0| 0.0 | 0.0 
2021-09-29 05:06:50,187 - INFO - load | 1 | (0.2, 0.45) | 1000 | 0 | set() | 0| 0.0 | 0.0 
2021-09-29 05:06:50,189 - INFO - load | 1 | (0.2, 0.5) | 1000 | 0 | set() | 0| 0.0 | 0.0 
2021-09-29 05:06:50,190 - INFO - load | 1 | (0.2, 0.55) | 1000 | 0 | set() | 0| 0.0 | 0.0 
2021-09-29 05:06:50,191 - INFO - load | 1 | (0.2, 0.6000000000000001) | 1000 | 0 | set() | 0| 0.0 | 0.0 
2021-09-29 05:06:50,192 - INFO - load | 1 | (0.2, 0.65) | 1000 | 0 | set() | 0| 0.0 | 0.0 
2021-09-29 05:06:50,193 - INFO - load | 1 | (0.2, 0.7000000000000001) | 1000 | 0 | set() | 0| 0.0 | 0.0 
2021-09-29 05:06:50,195 - INFO - load | 1 | (0.2, 0.75) | 1000 | 0 | set() | 0| 0.0 | 0.0 
2021-09-29 05:06:50,196 - INFO - load | 1 | (0.2, 0.8) | 1000 | 0 | set() | 0| 0.0 | 0.0 
2021-09-29 05:06:50,197 - INFO - load | 1 | (0.2, 0.8500000000000001) | 1000 | 0 | set() | 0| 0.0 | 0.0 
2021-09-29 05:06:50,198 - INFO - load | 1 | (0.2, 0.9) | 1000 | 0 | set() | 0| 0.0 | 0.0 
2021-09-29 05:06:50,200 - INFO - load | 1 | (0.2, 0.9500000000000001) | 1000 | 0 | set() | 0| 0.0 | 0.0 
2021-09-29 05:06:50,201 - INFO - load | 1 | (0.2, 1.0) | 1000 | 0 | set() | 0| 0.0 | 0.0 
2021-09-29 05:06:50,202 - INFO - load | 1 | (0.25, 0.0) | 1000 | 0 | set() | 0| 0.0 | 0.0 
2021-09-29 05:06:50,203 - INFO - load | 1 | (0.25, 0.05) | 1000 | 0 | set() | 0| 0.0 | 0.0 
2021-09-29 05:06:50,205 - INFO - load | 1 | (0.25, 0.1) | 1000 | 0 | set() | 0| 0.0 | 0.0 
2021-09-29 05:06:50,207 - INFO - load | 1 | (0.25, 0.15000000000000002) | 1000 | 0 | set() | 0| 0.0 | 0.0 
2021-09-29 05:06:50,208 - INFO - load | 1 | (0.25, 0.2) | 1000 | 0 | set() | 0| 0.0 | 0.0 
2021-09-29 05:06:50,209 - INFO - load | 1 | (0.25, 0.25) | 1000 | 0 | set() | 0| 0.0 | 0.0 
2021-09-29 05:06:50,211 - INFO - load | 1 | (0.25, 0.30000000000000004) | 1000 | 0 | set() | 0| 0.0 | 0.0 
2021-09-29 05:06:50,212 - INFO - load | 1 | (0.25, 0.35000000000000003) | 1000 | 0 | set() | 0| 0.0 | 0.0 
2021-09-29 05:06:50,213 - INFO - load | 1 | (0.25, 0.4) | 1000 | 0 | set() | 0| 0.0 | 0.0 
2021-09-29 05:06:50,214 - INFO - load | 1 | (0.25, 0.45) | 1000 | 0 | set() | 0| 0.0 | 0.0 
2021-09-29 05:06:50,216 - INFO - load | 1 | (0.25, 0.5) | 1000 | 0 | set() | 0| 0.0 | 0.0 
2021-09-29 05:06:50,217 - INFO - load | 1 | (0.25, 0.55) | 1000 | 0 | set() | 0| 0.0 | 0.0 
2021-09-29 05:06:50,218 - INFO - load | 1 | (0.25, 0.6000000000000001) | 1000 | 0 | set() | 0| 0.0 | 0.0 
2021-09-29 05:06:50,220 - INFO - load | 1 | (0.25, 0.65) | 1000 | 0 | set() | 0| 0.0 | 0.0 
2021-09-29 05:06:50,221 - INFO - load | 1 | (0.25, 0.7000000000000001) | 1000 | 0 | set() | 0| 0.0 | 0.0 
2021-09-29 05:06:50,223 - INFO - load | 1 | (0.25, 0.75) | 1000 | 0 | set() | 0| 0.0 | 0.0 
2021-09-29 05:06:50,224 - INFO - load | 1 | (0.25, 0.8) | 1000 | 0 | set() | 0| 0.0 | 0.0 
2021-09-29 05:06:50,225 - INFO - load | 1 | (0.25, 0.8500000000000001) | 1000 | 0 | set() | 0| 0.0 | 0.0 
2021-09-29 05:06:50,226 - INFO - load | 1 | (0.25, 0.9) | 1000 | 0 | set() | 0| 0.0 | 0.0 
2021-09-29 05:06:50,228 - INFO - load | 1 | (0.25, 0.9500000000000001) | 1000 | 0 | set() | 0| 0.0 | 0.0 
2021-09-29 05:06:52,457 - INFO - compute | 1 | (0.25, 1.0) | 1000 | 1 | {20} | 83046| 0.0 | 22503.165705946223 
2021-09-29 05:06:52,679 - INFO - compute | 1 | (0.30000000000000004, 0.0) | 136 | 0 | set() | 0| 0.0 | 0.0 
2021-09-29 05:06:52,747 - INFO - load | 1 | (0.30000000000000004, 0.05) | 136 | 0 | set() | 0| 0.0 | 0.0 
2021-09-29 05:06:52,814 - INFO - load | 1 | (0.30000000000000004, 0.1) | 136 | 0 | set() | 0| 0.0 | 0.0 
2021-09-29 05:06:52,884 - INFO - load | 1 | (0.30000000000000004, 0.15000000000000002) | 136 | 0 | set() | 0| 0.0 | 0.0 
2021-09-29 05:06:52,951 - INFO - load | 1 | (0.30000000000000004, 0.2) | 136 | 0 | set() | 0| 0.0 | 0.0 
2021-09-29 05:06:53,020 - INFO - load | 1 | (0.30000000000000004, 0.25) | 136 | 0 | set() | 0| 0.0 | 0.0 
2021-09-29 05:06:53,087 - INFO - load | 1 | (0.30000000000000004, 0.30000000000000004) | 136 | 0 | set() | 0| 0.0 | 0.0 
2021-09-29 05:06:53,154 - INFO - load | 1 | (0.30000000000000004, 0.35000000000000003) | 136 | 0 | set() | 0| 0.0 | 0.0 
2021-09-29 05:06:53,223 - INFO - load | 1 | (0.30000000000000004, 0.4) | 136 | 0 | set() | 0| 0.0 | 0.0 
2021-09-29 05:06:53,290 - INFO - load | 1 | (0.30000000000000004, 0.45) | 136 | 0 | set() | 0| 0.0 | 0.0 
2021-09-29 05:06:53,357 - INFO - load | 1 | (0.30000000000000004, 0.5) | 136 | 0 | set() | 0| 0.0 | 0.0 
2021-09-29 05:06:53,426 - INFO - load | 1 | (0.30000000000000004, 0.55) | 136 | 0 | set() | 0| 0.0 | 0.0 
2021-09-29 05:06:53,493 - INFO - load | 1 | (0.30000000000000004, 0.6000000000000001) | 136 | 0 | set() | 0| 0.0 | 0.0 
2021-09-29 05:06:53,561 - INFO - load | 1 | (0.30000000000000004, 0.65) | 136 | 0 | set() | 0| 0.0 | 0.0 
2021-09-29 05:06:53,630 - INFO - load | 1 | (0.30000000000000004, 0.7000000000000001) | 136 | 0 | set() | 0| 0.0 | 0.0 
2021-09-29 05:06:53,697 - INFO - load | 1 | (0.30000000000000004, 0.75) | 136 | 0 | set() | 0| 0.0 | 0.0 
2021-09-29 05:06:53,764 - INFO - load | 1 | (0.30000000000000004, 0.8) | 136 | 0 | set() | 0| 0.0 | 0.0 
2021-09-29 05:06:54,146 - INFO - compute | 1 | (0.30000000000000004, 0.8500000000000001) | 136 | 1 | {20} | 9442| 424.8899999999999 | 3209.1727566465097 
2021-09-29 05:06:54,680 - INFO - compute | 1 | (0.30000000000000004, 0.9) | 136 | 2 | (20,) | 9442| 283.2599999999997 | 3209.1727566465097 
2021-09-29 05:06:54,753 - INFO - load | 1 | (0.30000000000000004, 0.9500000000000001) | 136 | 2 | (20,) | 9442| 141.6299999999996 | 3209.1727566465097 
2021-09-29 05:06:54,829 - INFO - load | 1 | (0.30000000000000004, 1.0) | 136 | 2 | (20,) | 9442| 0.0 | 3209.1727566465097 
2021-09-29 05:06:54,964 - INFO - compute | 1 | (0.35000000000000003, 0.0) | 47 | 0 | set() | 0| 0.0 | 0.0 
2021-09-29 05:06:55,047 - INFO - load | 1 | (0.35000000000000003, 0.05) | 47 | 0 | set() | 0| 0.0 | 0.0 
2021-09-29 05:06:55,124 - INFO - load | 1 | (0.35000000000000003, 0.1) | 47 | 0 | set() | 0| 0.0 | 0.0 
2021-09-29 05:06:55,204 - INFO - load | 1 | (0.35000000000000003, 0.15000000000000002) | 47 | 0 | set() | 0| 0.0 | 0.0 
2021-09-29 05:06:55,283 - INFO - load | 1 | (0.35000000000000003, 0.2) | 47 | 0 | set() | 0| 0.0 | 0.0 
2021-09-29 05:06:55,363 - INFO - load | 1 | (0.35000000000000003, 0.25) | 47 | 0 | set() | 0| 0.0 | 0.0 
2021-09-29 05:06:55,444 - INFO - load | 1 | (0.35000000000000003, 0.30000000000000004) | 47 | 0 | set() | 0| 0.0 | 0.0 
2021-09-29 05:06:55,527 - INFO - load | 1 | (0.35000000000000003, 0.35000000000000003) | 47 | 0 | set() | 0| 0.0 | 0.0 
2021-09-29 05:06:55,605 - INFO - load | 1 | (0.35000000000000003, 0.4) | 47 | 0 | set() | 0| 0.0 | 0.0 
2021-09-29 05:06:55,679 - INFO - load | 1 | (0.35000000000000003, 0.45) | 47 | 0 | set() | 0| 0.0 | 0.0 
2021-09-29 05:06:55,772 - INFO - load | 1 | (0.35000000000000003, 0.5) | 47 | 0 | set() | 0| 0.0 | 0.0 
2021-09-29 05:06:55,855 - INFO - load | 1 | (0.35000000000000003, 0.55) | 47 | 0 | set() | 0| 0.0 | 0.0 
2021-09-29 05:06:55,941 - INFO - load | 1 | (0.35000000000000003, 0.6000000000000001) | 47 | 0 | set() | 0| 0.0 | 0.0 
2021-09-29 05:06:56,029 - INFO - load | 1 | (0.35000000000000003, 0.65) | 47 | 0 | set() | 0| 0.0 | 0.0 
2021-09-29 05:06:56,237 - INFO - compute | 1 | (0.35000000000000003, 0.7000000000000001) | 47 | 1 | {20} | 2714| 284.96999999999997 | 1079.2520033807903 
2021-09-29 05:06:56,320 - INFO - load | 1 | (0.35000000000000003, 0.75) | 47 | 1 | {20} | 2714| 237.47500000000005 | 1079.2520033807903 
2021-09-29 05:06:56,578 - INFO - compute | 1 | (0.35000000000000003, 0.8) | 47 | 2 | (20,) | 2714| 189.98000000000002 | 1079.2520033807903 
2021-09-29 05:06:56,671 - INFO - load | 1 | (0.35000000000000003, 0.8500000000000001) | 47 | 2 | (20,) | 2714| 142.48499999999999 | 1079.2520033807903 
2021-09-29 05:06:56,980 - INFO - compute | 1 | (0.35000000000000003, 0.9) | 47 | 3 | (20,) | 2714| 94.98999999999994 | 1079.2520033807903 
2021-09-29 05:06:57,067 - INFO - load | 1 | (0.35000000000000003, 0.9500000000000001) | 47 | 3 | (20,) | 2714| 47.49499999999989 | 1079.2520033807903 
2021-09-29 05:06:57,150 - INFO - load | 1 | (0.35000000000000003, 1.0) | 47 | 3 | (20,) | 2714| 0.0 | 1079.2520033807903 
2021-09-29 05:06:57,262 - INFO - compute | 1 | (0.4, 0.0) | 19 | 0 | set() | 0| 0.0 | 0.0 
2021-09-29 05:06:57,357 - INFO - load | 1 | (0.4, 0.05) | 19 | 0 | set() | 0| 0.0 | 0.0 
2021-09-29 05:06:57,449 - INFO - load | 1 | (0.4, 0.1) | 19 | 0 | set() | 0| 0.0 | 0.0 
2021-09-29 05:06:57,545 - INFO - load | 1 | (0.4, 0.15000000000000002) | 19 | 0 | set() | 0| 0.0 | 0.0 
2021-09-29 05:06:57,640 - INFO - load | 1 | (0.4, 0.2) | 19 | 0 | set() | 0| 0.0 | 0.0 
2021-09-29 05:06:57,729 - INFO - load | 1 | (0.4, 0.25) | 19 | 0 | set() | 0| 0.0 | 0.0 
2021-09-29 05:06:57,820 - INFO - load | 1 | (0.4, 0.30000000000000004) | 19 | 0 | set() | 0| 0.0 | 0.0 
2021-09-29 05:06:57,914 - INFO - load | 1 | (0.4, 0.35000000000000003) | 19 | 0 | set() | 0| 0.0 | 0.0 
2021-09-29 05:06:58,005 - INFO - load | 1 | (0.4, 0.4) | 19 | 0 | set() | 0| 0.0 | 0.0 
2021-09-29 05:06:58,101 - INFO - load | 1 | (0.4, 0.45) | 19 | 0 | set() | 0| 0.0 | 0.0 
2021-09-29 05:06:58,196 - INFO - load | 1 | (0.4, 0.5) | 19 | 0 | set() | 0| 0.0 | 0.0 
2021-09-29 05:06:58,281 - INFO - load | 1 | (0.4, 0.55) | 19 | 0 | set() | 0| 0.0 | 0.0 
2021-09-29 05:06:58,369 - INFO - load | 1 | (0.4, 0.6000000000000001) | 19 | 0 | set() | 0| 0.0 | 0.0 
2021-09-29 05:06:58,510 - INFO - compute | 1 | (0.4, 0.65) | 19 | 1 | {20} | 932| 130.48000000000002 | 416.0358810068182 
2021-09-29 05:06:58,682 - INFO - compute | 1 | (0.4, 0.7000000000000001) | 19 | 2 | (20,) | 932| 111.83999999999999 | 416.0358810068182 
2021-09-29 05:06:58,785 - INFO - load | 1 | (0.4, 0.75) | 19 | 2 | (20,) | 932| 93.19999999999997 | 416.0358810068182 
2021-09-29 05:06:58,981 - INFO - compute | 1 | (0.4, 0.8) | 19 | 3 | (25,) | 918| 73.43999999999997 | 424.3193864936131 
2021-09-29 05:06:59,134 - INFO - load | 1 | (0.4, 0.8500000000000001) | 19 | 3 | (25,) | 918| 55.07999999999995 | 424.3193864936131 
2021-09-29 05:06:59,250 - INFO - load | 1 | (0.4, 0.9) | 19 | 3 | (25,) | 918| 36.719999999999985 | 424.3193864936131 
2021-09-29 05:06:59,473 - INFO - compute | 1 | (0.4, 0.9500000000000001) | 19 | 4 | (25,) | 918| 18.359999999999964 | 424.3193864936131 
2021-09-29 05:06:59,724 - INFO - compute | 1 | (0.4, 1.0) | 19 | 5 | (25,) | 918| 0.0 | 424.3193864936131 
2021-09-29 05:06:59,834 - INFO - compute | 1 | (0.45, 0.0) | 6 | 0 | set() | 0| 0.0 | 0.0 
2021-09-29 05:06:59,929 - INFO - load | 1 | (0.45, 0.05) | 6 | 0 | set() | 0| 0.0 | 0.0 
2021-09-29 05:07:00,029 - INFO - load | 1 | (0.45, 0.1) | 6 | 0 | set() | 0| 0.0 | 0.0 
2021-09-29 05:07:00,149 - INFO - load | 1 | (0.45, 0.15000000000000002) | 6 | 0 | set() | 0| 0.0 | 0.0 
2021-09-29 05:07:00,252 - INFO - load | 1 | (0.45, 0.2) | 6 | 0 | set() | 0| 0.0 | 0.0 
2021-09-29 05:07:00,351 - INFO - load | 1 | (0.45, 0.25) | 6 | 0 | set() | 0| 0.0 | 0.0 
2021-09-29 05:07:00,448 - INFO - load | 1 | (0.45, 0.30000000000000004) | 6 | 0 | set() | 0| 0.0 | 0.0 
2021-09-29 05:07:00,546 - INFO - load | 1 | (0.45, 0.35000000000000003) | 6 | 0 | set() | 0| 0.0 | 0.0 
2021-09-29 05:07:00,648 - INFO - load | 1 | (0.45, 0.4) | 6 | 0 | set() | 0| 0.0 | 0.0 
2021-09-29 05:07:00,763 - INFO - load | 1 | (0.45, 0.45) | 6 | 0 | set() | 0| 0.0 | 0.0 
2021-09-29 05:07:00,862 - INFO - load | 1 | (0.45, 0.5) | 6 | 0 | set() | 0| 0.0 | 0.0 
2021-09-29 05:07:00,982 - INFO - compute | 1 | (0.45, 0.55) | 6 | 1 | {20} | 229| 46.372499999999995 | 118.12006834542431 
2021-09-29 05:07:01,115 - INFO - compute | 1 | (0.45, 0.6000000000000001) | 6 | 2 | (20,) | 229| 41.219999999999985 | 118.12006834542431 
2021-09-29 05:07:01,223 - INFO - load | 1 | (0.45, 0.65) | 6 | 2 | (20,) | 229| 36.067499999999995 | 118.12006834542431 
2021-09-29 05:07:01,365 - INFO - compute | 1 | (0.45, 0.7000000000000001) | 6 | 3 | (25,) | 258| 34.82999999999999 | 142.47737144575495 
2021-09-29 05:07:01,473 - INFO - load | 1 | (0.45, 0.75) | 6 | 3 | (25,) | 258| 29.025 | 142.47737144575495 
2021-09-29 05:07:01,578 - INFO - load | 1 | (0.45, 0.8) | 6 | 3 | (25,) | 258| 23.21999999999999 | 142.47737144575495 
2021-09-29 05:07:01,720 - INFO - compute | 1 | (0.45, 0.8500000000000001) | 6 | 4 | (25,) | 258| 17.41499999999999 | 142.47737144575495 
2021-09-29 05:07:01,867 - INFO - compute | 1 | (0.45, 0.9) | 6 | 5 | (25,) | 258| 11.609999999999996 | 142.47737144575495 
2021-09-29 05:07:01,969 - INFO - load | 1 | (0.45, 0.9500000000000001) | 6 | 5 | (25,) | 258| 5.804999999999991 | 142.47737144575495 
2021-09-29 05:07:02,074 - INFO - load | 1 | (0.45, 1.0) | 6 | 5 | (25,) | 258| 0.0 | 142.47737144575495 
2021-09-29 05:07:02,180 - INFO - compute | 1 | (0.5, 0.0) | 4 | 0 | set() | 0| 0.0 | 0.0 
2021-09-29 05:07:02,297 - INFO - load | 1 | (0.5, 0.05) | 4 | 0 | set() | 0| 0.0 | 0.0 
2021-09-29 05:07:02,437 - INFO - load | 1 | (0.5, 0.1) | 4 | 0 | set() | 0| 0.0 | 0.0 
2021-09-29 05:07:02,557 - INFO - load | 1 | (0.5, 0.15000000000000002) | 4 | 0 | set() | 0| 0.0 | 0.0 
2021-09-29 05:07:02,696 - INFO - load | 1 | (0.5, 0.2) | 4 | 0 | set() | 0| 0.0 | 0.0 
2021-09-29 05:07:02,841 - INFO - load | 1 | (0.5, 0.25) | 4 | 0 | set() | 0| 0.0 | 0.0 
2021-09-29 05:07:02,961 - INFO - load | 1 | (0.5, 0.30000000000000004) | 4 | 0 | set() | 0| 0.0 | 0.0 
2021-09-29 05:07:03,072 - INFO - load | 1 | (0.5, 0.35000000000000003) | 4 | 0 | set() | 0| 0.0 | 0.0 
2021-09-29 05:07:03,185 - INFO - load | 1 | (0.5, 0.4) | 4 | 0 | set() | 0| 0.0 | 0.0 
2021-09-29 05:07:03,297 - INFO - load | 1 | (0.5, 0.45) | 4 | 0 | set() | 0| 0.0 | 0.0 
2021-09-29 05:07:03,428 - INFO - compute | 1 | (0.5, 0.5) | 4 | 1 | {20} | 128| 32.0 | 71.02824951023545 
2021-09-29 05:07:03,567 - INFO - compute | 1 | (0.5, 0.55) | 4 | 2 | (20,) | 128| 28.799999999999997 | 71.02824951023545 
2021-09-29 05:07:03,686 - INFO - load | 1 | (0.5, 0.6000000000000001) | 4 | 2 | (20,) | 128| 25.599999999999994 | 71.02824951023545 
2021-09-29 05:07:03,819 - INFO - compute | 1 | (0.5, 0.65) | 4 | 3 | (25,) | 149| 26.075 | 91.63999697242659 
2021-09-29 05:07:03,930 - INFO - load | 1 | (0.5, 0.7000000000000001) | 4 | 3 | (25,) | 149| 22.349999999999994 | 91.63999697242659 
2021-09-29 05:07:04,070 - INFO - compute | 1 | (0.5, 0.75) | 4 | 4 | (25,) | 149| 18.625 | 91.63999697242659 
2021-09-29 05:07:04,223 - INFO - compute | 1 | (0.5, 0.8) | 4 | 5 | (25,) | 149| 14.899999999999997 | 91.63999697242659 
2021-09-29 05:07:04,370 - INFO - load | 1 | (0.5, 0.8500000000000001) | 4 | 5 | (25,) | 149| 11.174999999999994 | 91.63999697242659 
2021-09-29 05:07:04,490 - INFO - load | 1 | (0.5, 0.9) | 4 | 5 | (25,) | 149| 7.449999999999998 | 91.63999697242659 
2021-09-29 05:07:04,605 - INFO - load | 1 | (0.5, 0.9500000000000001) | 4 | 5 | (25,) | 149| 3.724999999999995 | 91.63999697242659 
2021-09-29 05:07:04,788 - INFO - compute | 1 | (0.5, 1.0) | 4 | 6 | (25,) | 149| 0.0 | 91.63999697242659 
2021-09-29 05:07:04,926 - INFO - compute | 1 | (0.55, 0.0) | 3 | 0 | set() | 0| 0.0 | 0.0 
2021-09-29 05:07:05,051 - INFO - load | 1 | (0.55, 0.05) | 3 | 0 | set() | 0| 0.0 | 0.0 
2021-09-29 05:07:05,176 - INFO - load | 1 | (0.55, 0.1) | 3 | 0 | set() | 0| 0.0 | 0.0 
2021-09-29 05:07:05,296 - INFO - load | 1 | (0.55, 0.15000000000000002) | 3 | 0 | set() | 0| 0.0 | 0.0 
2021-09-29 05:07:05,443 - INFO - load | 1 | (0.55, 0.2) | 3 | 0 | set() | 0| 0.0 | 0.0 
2021-09-29 05:07:05,566 - INFO - load | 1 | (0.55, 0.25) | 3 | 0 | set() | 0| 0.0 | 0.0 
2021-09-29 05:07:05,686 - INFO - load | 1 | (0.55, 0.30000000000000004) | 3 | 0 | set() | 0| 0.0 | 0.0 
2021-09-29 05:07:05,818 - INFO - load | 1 | (0.55, 0.35000000000000003) | 3 | 0 | set() | 0| 0.0 | 0.0 
2021-09-29 05:07:05,967 - INFO - load | 1 | (0.55, 0.4) | 3 | 0 | set() | 0| 0.0 | 0.0 
2021-09-29 05:07:06,098 - INFO - compute | 1 | (0.55, 0.45) | 3 | 1 | {20} | 78| 23.595 | 45.45902820348294 
2021-09-29 05:07:06,238 - INFO - compute | 1 | (0.55, 0.5) | 3 | 2 | (40,) | 75| 20.625 | 46.0320123271334 
2021-09-29 05:07:06,385 - INFO - compute | 1 | (0.55, 0.55) | 3 | 3 | (25,) | 94| 23.265 | 63.513853534998816 
2021-09-29 05:07:06,514 - INFO - load | 1 | (0.55, 0.6000000000000001) | 3 | 3 | (25,) | 94| 20.679999999999996 | 63.513853534998816 
2021-09-29 05:07:06,637 - INFO - load | 1 | (0.55, 0.65) | 3 | 3 | (25,) | 94| 18.095 | 63.513853534998816 
2021-09-29 05:07:06,777 - INFO - compute | 1 | (0.55, 0.7000000000000001) | 3 | 4 | (25,) | 94| 15.509999999999998 | 63.513853534998816 
2021-09-29 05:07:06,928 - INFO - compute | 1 | (0.55, 0.75) | 3 | 5 | (25,) | 94| 12.925 | 63.513853534998816 
2021-09-29 05:07:07,055 - INFO - load | 1 | (0.55, 0.8) | 3 | 5 | (25,) | 94| 10.339999999999998 | 63.513853534998816 
2021-09-29 05:07:07,178 - INFO - load | 1 | (0.55, 0.8500000000000001) | 3 | 5 | (25,) | 94| 7.754999999999996 | 63.513853534998816 
2021-09-29 05:07:07,323 - INFO - compute | 1 | (0.55, 0.9) | 3 | 6 | (25,) | 94| 5.169999999999999 | 63.513853534998816 
2021-09-29 05:07:07,475 - INFO - compute | 1 | (0.55, 0.9500000000000001) | 3 | 8 | (25,) | 94| 2.5849999999999973 | 63.513853534998816 
2021-09-29 05:07:07,648 - INFO - compute | 1 | (0.55, 1.0) | 3 | 9 | (25,) | 94| 0.0 | 63.513853534998816 
2021-09-29 05:07:07,774 - INFO - compute | 1 | (0.6000000000000001, 0.0) | 1 | 0 | set() | 0| 0.0 | 0.0 
2021-09-29 05:07:07,896 - INFO - load | 1 | (0.6000000000000001, 0.05) | 1 | 0 | set() | 0| 0.0 | 0.0 
2021-09-29 05:07:08,022 - INFO - load | 1 | (0.6000000000000001, 0.1) | 1 | 0 | set() | 0| 0.0 | 0.0 
2021-09-29 05:07:08,147 - INFO - load | 1 | (0.6000000000000001, 0.15000000000000002) | 1 | 0 | set() | 0| 0.0 | 0.0 
2021-09-29 05:07:08,274 - INFO - load | 1 | (0.6000000000000001, 0.2) | 1 | 0 | set() | 0| 0.0 | 0.0 
2021-09-29 05:07:08,406 - INFO - load | 1 | (0.6000000000000001, 0.25) | 1 | 0 | set() | 0| 0.0 | 0.0 
2021-09-29 05:07:08,540 - INFO - load | 1 | (0.6000000000000001, 0.30000000000000004) | 1 | 0 | set() | 0| 0.0 | 0.0 
2021-09-29 05:07:08,671 - INFO - load | 1 | (0.6000000000000001, 0.35000000000000003) | 1 | 0 | set() | 0| 0.0 | 0.0 
2021-09-29 05:07:08,801 - INFO - load | 1 | (0.6000000000000001, 0.4) | 1 | 0 | set() | 0| 0.0 | 0.0 
2021-09-29 05:07:08,930 - INFO - compute | 1 | (0.6000000000000001, 0.45) | 1 | 2 | (40,) | 13| 4.29 | 9.960171044260534 
2021-09-29 05:07:09,059 - INFO - load | 1 | (0.6000000000000001, 0.5) | 1 | 2 | (40,) | 13| 3.9000000000000004 | 9.960171044260534 
2021-09-29 05:07:09,191 - INFO - compute | 1 | (0.6000000000000001, 0.55) | 1 | 3 | (25,) | 49| 13.23 | 37.54218316682816 
2021-09-29 05:07:09,317 - INFO - load | 1 | (0.6000000000000001, 0.6000000000000001) | 1 | 3 | (25,) | 49| 11.76 | 37.54218316682816 
2021-09-29 05:07:09,459 - INFO - compute | 1 | (0.6000000000000001, 0.65) | 1 | 4 | (25,) | 49| 10.290000000000001 | 37.54218316682816 
2021-09-29 05:07:09,611 - INFO - compute | 1 | (0.6000000000000001, 0.7000000000000001) | 1 | 5 | (25,) | 49| 8.82 | 37.54218316682816 
2021-09-29 05:07:09,743 - INFO - load | 1 | (0.6000000000000001, 0.75) | 1 | 5 | (25,) | 49| 7.350000000000001 | 37.54218316682816 
2021-09-29 05:07:09,873 - INFO - load | 1 | (0.6000000000000001, 0.8) | 1 | 5 | (25,) | 49| 5.88 | 37.54218316682816 
2021-09-29 05:07:10,019 - INFO - compute | 1 | (0.6000000000000001, 0.8500000000000001) | 1 | 7 | (25,) | 49| 4.409999999999998 | 37.54218316682816 
2021-09-29 05:07:10,174 - INFO - compute | 1 | (0.6000000000000001, 0.9) | 1 | 9 | (25,) | 49| 2.9399999999999973 | 37.54218316682816 
2021-09-29 05:07:10,320 - INFO - compute | 1 | (0.6000000000000001, 0.9500000000000001) | 1 | 13 | (25,) | 49| 1.4699999999999958 | 37.54218316682816 
2021-09-29 05:07:10,476 - INFO - compute | 1 | (0.6000000000000001, 1.0) | 1 | 20 | (25,) | 49| 0.0 | 37.54218316682816 
2021-09-29 05:07:10,597 - INFO - load | 1 | (0.65, 0.0) | 1 | 0 | set() | 0| 0.0 | 0.0 
2021-09-29 05:07:10,715 - INFO - load | 1 | (0.65, 0.05) | 1 | 0 | set() | 0| 0.0 | 0.0 
2021-09-29 05:07:10,836 - INFO - load | 1 | (0.65, 0.1) | 1 | 0 | set() | 0| 0.0 | 0.0 
2021-09-29 05:07:10,955 - INFO - load | 1 | (0.65, 0.15000000000000002) | 1 | 0 | set() | 0| 0.0 | 0.0 
2021-09-29 05:07:11,077 - INFO - load | 1 | (0.65, 0.2) | 1 | 0 | set() | 0| 0.0 | 0.0 
2021-09-29 05:07:11,198 - INFO - load | 1 | (0.65, 0.25) | 1 | 0 | set() | 0| 0.0 | 0.0 
2021-09-29 05:07:11,317 - INFO - load | 1 | (0.65, 0.30000000000000004) | 1 | 0 | set() | 0| 0.0 | 0.0 
2021-09-29 05:07:11,441 - INFO - load | 1 | (0.65, 0.35000000000000003) | 1 | 0 | set() | 0| 0.0 | 0.0 
2021-09-29 05:07:11,573 - INFO - compute | 1 | (0.65, 0.4) | 1 | 1 | {20} | 0| 0.0 | 0.0 
2021-09-29 05:07:11,697 - INFO - load | 1 | (0.65, 0.45) | 1 | 2 | (40,) | 13| 4.6475 | 9.960171044260534 
2021-09-29 05:07:11,828 - INFO - load | 1 | (0.65, 0.5) | 1 | 3 | (25,) | 49| 15.925 | 37.54218316682816 
2021-09-29 05:07:11,950 - INFO - load | 1 | (0.65, 0.55) | 1 | 3 | (25,) | 49| 14.3325 | 37.54218316682816 
2021-09-29 05:07:12,093 - INFO - load | 1 | (0.65, 0.6000000000000001) | 1 | 4 | (25,) | 49| 12.739999999999998 | 37.54218316682816 
2021-09-29 05:07:12,221 - INFO - load | 1 | (0.65, 0.65) | 1 | 5 | (25,) | 49| 11.147499999999999 | 37.54218316682816 
2021-09-29 05:07:12,351 - INFO - load | 1 | (0.65, 0.7000000000000001) | 1 | 5 | (25,) | 49| 9.554999999999998 | 37.54218316682816 
2021-09-29 05:07:12,492 - INFO - compute | 1 | (0.65, 0.75) | 1 | 6 | (25,) | 49| 7.962499999999999 | 37.54218316682816 
2021-09-29 05:07:12,638 - INFO - compute | 1 | (0.65, 0.8) | 1 | 8 | (25,) | 49| 6.37 | 37.54218316682816 
2021-09-29 05:07:12,770 - INFO - load | 1 | (0.65, 0.8500000000000001) | 1 | 9 | (25,) | 49| 4.777499999999996 | 37.54218316682816 
2021-09-29 05:07:12,925 - INFO - compute | 1 | (0.65, 0.9) | 1 | 18 | (25,) | 49| 3.1849999999999974 | 37.54218316682816 
2021-09-29 05:07:13,092 - INFO - compute | 1 | (0.65, 0.9500000000000001) | 1 | 24 | (37,) | 52| 1.6899999999999986 | 39.840684177042135 
2021-09-29 05:07:13,290 - INFO - compute | 1 | (0.65, 1.0) | 1 | 48 | (37,) | 52| 0.0 | 39.840684177042135 
2021-09-29 05:07:13,462 - INFO - load | 1 | (0.7000000000000001, 0.0) | 1 | 0 | set() | 0| 0.0 | 0.0 
2021-09-29 05:07:13,597 - INFO - load | 1 | (0.7000000000000001, 0.05) | 1 | 0 | set() | 0| 0.0 | 0.0 
2021-09-29 05:07:13,731 - INFO - load | 1 | (0.7000000000000001, 0.1) | 1 | 0 | set() | 0| 0.0 | 0.0 
2021-09-29 05:07:13,863 - INFO - load | 1 | (0.7000000000000001, 0.15000000000000002) | 1 | 0 | set() | 0| 0.0 | 0.0 
2021-09-29 05:07:14,011 - INFO - load | 1 | (0.7000000000000001, 0.2) | 1 | 0 | set() | 0| 0.0 | 0.0 
2021-09-29 05:07:14,143 - INFO - load | 1 | (0.7000000000000001, 0.25) | 1 | 0 | set() | 0| 0.0 | 0.0 
2021-09-29 05:07:14,279 - INFO - load | 1 | (0.7000000000000001, 0.30000000000000004) | 1 | 0 | set() | 0| 0.0 | 0.0 
2021-09-29 05:07:14,453 - INFO - load | 1 | (0.7000000000000001, 0.35000000000000003) | 1 | 1 | {20} | 0| 0.0 | 0.0 
2021-09-29 05:07:14,581 - INFO - load | 1 | (0.7000000000000001, 0.4) | 1 | 2 | (40,) | 13| 5.460000000000001 | 9.960171044260534 
2021-09-29 05:07:14,708 - INFO - load | 1 | (0.7000000000000001, 0.45) | 1 | 3 | (25,) | 49| 18.865000000000002 | 37.54218316682816 
2021-09-29 05:07:14,841 - INFO - load | 1 | (0.7000000000000001, 0.5) | 1 | 3 | (25,) | 49| 17.150000000000002 | 37.54218316682816 
2021-09-29 05:07:14,979 - INFO - load | 1 | (0.7000000000000001, 0.55) | 1 | 4 | (25,) | 49| 15.435 | 37.54218316682816 
2021-09-29 05:07:15,109 - INFO - load | 1 | (0.7000000000000001, 0.6000000000000001) | 1 | 5 | (25,) | 49| 13.719999999999999 | 37.54218316682816 
2021-09-29 05:07:15,254 - INFO - load | 1 | (0.7000000000000001, 0.65) | 1 | 5 | (25,) | 49| 12.004999999999999 | 37.54218316682816 
2021-09-29 05:07:15,405 - INFO - load | 1 | (0.7000000000000001, 0.7000000000000001) | 1 | 6 | (25,) | 49| 10.29 | 37.54218316682816 
2021-09-29 05:07:15,546 - INFO - load | 1 | (0.7000000000000001, 0.75) | 1 | 8 | (25,) | 49| 8.575000000000003 | 37.54218316682816 
2021-09-29 05:07:15,699 - INFO - compute | 1 | (0.7000000000000001, 0.8) | 1 | 12 | (25,) | 49| 6.86 | 37.54218316682816 
2021-09-29 05:07:15,828 - INFO - load | 1 | (0.7000000000000001, 0.8500000000000001) | 1 | 20 | (25,) | 49| 5.145 | 37.54218316682816 
2021-09-29 05:07:16,022 - INFO - compute | 1 | (0.7000000000000001, 0.9) | 1 | 31 | (37,) | 52| 3.6399999999999975 | 39.840684177042135 
2021-09-29 05:07:16,256 - INFO - compute | 1 | (0.7000000000000001, 0.9500000000000001) | 1 | 65 | (37,) | 52| 1.8199999999999958 | 39.840684177042135 
2021-09-29 05:07:16,587 - INFO - compute | 1 | (0.7000000000000001, 1.0) | 1 | 148 | (37,) | 52| 0.0 | 39.840684177042135 
2021-09-29 05:07:16,716 - INFO - load | 1 | (0.75, 0.0) | 1 | 0 | set() | 0| 0.0 | 0.0 
2021-09-29 05:07:16,835 - INFO - load | 1 | (0.75, 0.05) | 1 | 0 | set() | 0| 0.0 | 0.0 
2021-09-29 05:07:16,955 - INFO - load | 1 | (0.75, 0.1) | 1 | 0 | set() | 0| 0.0 | 0.0 
2021-09-29 05:07:17,073 - INFO - load | 1 | (0.75, 0.15000000000000002) | 1 | 0 | set() | 0| 0.0 | 0.0 
2021-09-29 05:07:17,195 - INFO - load | 1 | (0.75, 0.2) | 1 | 0 | set() | 0| 0.0 | 0.0 
2021-09-29 05:07:17,315 - INFO - load | 1 | (0.75, 0.25) | 1 | 0 | set() | 0| 0.0 | 0.0 
2021-09-29 05:07:17,433 - INFO - load | 1 | (0.75, 0.30000000000000004) | 1 | 0 | set() | 0| 0.0 | 0.0 
2021-09-29 05:07:17,564 - INFO - load | 1 | (0.75, 0.35000000000000003) | 1 | 1 | {20} | 0| 0.0 | 0.0 
2021-09-29 05:07:17,683 - INFO - load | 1 | (0.75, 0.4) | 1 | 2 | (40,) | 13| 5.85 | 9.960171044260534 
2021-09-29 05:07:17,804 - INFO - load | 1 | (0.75, 0.45) | 1 | 3 | (25,) | 49| 20.2125 | 37.54218316682816 
2021-09-29 05:07:17,928 - INFO - load | 1 | (0.75, 0.5) | 1 | 4 | (25,) | 49| 18.375 | 37.54218316682816 
2021-09-29 05:07:18,051 - INFO - load | 1 | (0.75, 0.55) | 1 | 5 | (25,) | 49| 16.537499999999998 | 37.54218316682816 
2021-09-29 05:07:18,179 - INFO - load | 1 | (0.75, 0.6000000000000001) | 1 | 5 | (25,) | 49| 14.699999999999998 | 37.54218316682816 
2021-09-29 05:07:18,313 - INFO - load | 1 | (0.75, 0.65) | 1 | 6 | (25,) | 49| 12.862499999999997 | 37.54218316682816 
2021-09-29 05:07:18,450 - INFO - load | 1 | (0.75, 0.7000000000000001) | 1 | 8 | (25,) | 49| 11.024999999999999 | 37.54218316682816 
2021-09-29 05:07:18,592 - INFO - load | 1 | (0.75, 0.75) | 1 | 12 | (25,) | 49| 9.1875 | 37.54218316682816 
2021-09-29 05:07:18,716 - INFO - load | 1 | (0.75, 0.8) | 1 | 20 | (25,) | 49| 7.349999999999996 | 37.54218316682816 
2021-09-29 05:07:18,909 - INFO - compute | 1 | (0.75, 0.8500000000000001) | 1 | 34 | (37,) | 52| 5.849999999999996 | 39.840684177042135 
2021-09-29 05:07:19,156 - INFO - compute | 1 | (0.75, 0.9) | 1 | 79 | (37,) | 52| 3.8999999999999977 | 39.840684177042135 
2021-09-29 05:07:19,556 - INFO - compute | 1 | (0.75, 0.9500000000000001) | 1 | 194 | (37,) | 52| 1.9499999999999988 | 39.840684177042135 
2021-09-29 05:07:20,948 - INFO - compute | 1 | (0.75, 1.0) | 1 | 1000 | (37,) | 52| 0.0 | 39.840684177042135 
2021-09-29 05:07:21,116 - INFO - compute | 1 | (0.8, 0.0) | 0 | 0 | set() | 0| 0.0 | 0 
2021-09-29 05:07:21,281 - INFO - load | 1 | (0.8, 0.05) | 0 | 0 | set() | 0| 0.0 | 0 
2021-09-29 05:07:21,448 - INFO - load | 1 | (0.8, 0.1) | 0 | 0 | set() | 0| 0.0 | 0 
2021-09-29 05:07:21,608 - INFO - load | 1 | (0.8, 0.15000000000000002) | 0 | 0 | set() | 0| 0.0 | 0 
2021-09-29 05:07:21,761 - INFO - load | 1 | (0.8, 0.2) | 0 | 0 | set() | 0| 0.0 | 0 
2021-09-29 05:07:21,913 - INFO - load | 1 | (0.8, 0.25) | 0 | 0 | set() | 0| 0.0 | 0 
2021-09-29 05:07:22,066 - INFO - load | 1 | (0.8, 0.30000000000000004) | 0 | 0 | set() | 0| 0.0 | 0 
2021-09-29 05:07:22,232 - INFO - compute | 1 | (0.8, 0.35000000000000003) | 0 | 2 | (40,) | 0| 0.0 | 0 
2021-09-29 05:07:22,402 - INFO - compute | 1 | (0.8, 0.4) | 0 | 3 | (40,) | 0| 0.0 | 0 
2021-09-29 05:07:22,590 - INFO - load | 1 | (0.8, 0.45) | 0 | 3 | (40,) | 0| 0.0 | 0 
2021-09-29 05:07:22,771 - INFO - compute | 1 | (0.8, 0.5) | 0 | 5 | (62,) | 0| 0.0 | 0 
2021-09-29 05:07:22,972 - INFO - load | 1 | (0.8, 0.55) | 0 | 5 | (62,) | 0| 0.0 | 0 
2021-09-29 05:07:23,150 - INFO - load | 1 | (0.8, 0.6000000000000001) | 0 | 5 | (62,) | 0| 0.0 | 0 
2021-09-29 05:07:23,320 - INFO - compute | 1 | (0.8, 0.65) | 0 | 8 | (480,) | 0| 0.0 | 0 
2021-09-29 05:07:23,479 - INFO - compute | 1 | (0.8, 0.7000000000000001) | 0 | 12 | (480,) | 0| 0.0 | 0 
2021-09-29 05:07:23,636 - INFO - compute | 1 | (0.8, 0.75) | 0 | 20 | (2535,) | 0| 0.0 | 0 
2021-09-29 05:07:23,791 - INFO - compute | 1 | (0.8, 0.8) | 0 | 37 | (3658,) | 0| 0.0 | 0 
2021-09-29 05:07:23,962 - INFO - compute | 1 | (0.8, 0.8500000000000001) | 0 | 89 | (7589,) | 0| 0.0 | 0 
2021-09-29 05:07:24,138 - INFO - compute | 1 | (0.8, 0.9) | 0 | 235 | (9709,) | 0| 0.0 | 0 
2021-09-29 05:07:24,313 - INFO - compute | 1 | (0.8, 0.9500000000000001) | 0 | 1000 | (9994,) | 0| 0.0 | 0 
2021-09-29 05:07:24,485 - INFO - load | 1 | (0.8, 1.0) | 0 | 1000 | (9994,) | 0| 0.0 | 0 
2021-09-29 05:07:24,674 - INFO - load | 1 | (0.8500000000000001, 0.0) | 0 | 0 | set() | 0| 0.0 | 0 
2021-09-29 05:07:24,843 - INFO - load | 1 | (0.8500000000000001, 0.05) | 0 | 0 | set() | 0| 0.0 | 0 
2021-09-29 05:07:25,010 - INFO - load | 1 | (0.8500000000000001, 0.1) | 0 | 0 | set() | 0| 0.0 | 0 
2021-09-29 05:07:25,176 - INFO - load | 1 | (0.8500000000000001, 0.15000000000000002) | 0 | 0 | set() | 0| 0.0 | 0 
2021-09-29 05:07:25,337 - INFO - load | 1 | (0.8500000000000001, 0.2) | 0 | 0 | set() | 0| 0.0 | 0 
2021-09-29 05:07:25,491 - INFO - load | 1 | (0.8500000000000001, 0.25) | 0 | 0 | set() | 0| 0.0 | 0 
2021-09-29 05:07:25,651 - INFO - compute | 1 | (0.8500000000000001, 0.30000000000000004) | 0 | 1 | {20} | 0| 0.0 | 0 
2021-09-29 05:07:25,810 - INFO - load | 1 | (0.8500000000000001, 0.35000000000000003) | 0 | 2 | (40,) | 0| 0.0 | 0 
2021-09-29 05:07:25,971 - INFO - load | 1 | (0.8500000000000001, 0.4) | 0 | 3 | (40,) | 0| 0.0 | 0 
2021-09-29 05:07:26,143 - INFO - compute | 1 | (0.8500000000000001, 0.45) | 0 | 4 | (62,) | 0| 0.0 | 0 
2021-09-29 05:07:26,314 - INFO - load | 1 | (0.8500000000000001, 0.5) | 0 | 5 | (62,) | 0| 0.0 | 0 
2021-09-29 05:07:26,477 - INFO - load | 1 | (0.8500000000000001, 0.55) | 0 | 5 | (62,) | 0| 0.0 | 0 
2021-09-29 05:07:26,654 - INFO - compute | 1 | (0.8500000000000001, 0.6000000000000001) | 0 | 7 | (480,) | 0| 0.0 | 0 
2021-09-29 05:07:26,835 - INFO - compute | 1 | (0.8500000000000001, 0.65) | 0 | 9 | (480,) | 0| 0.0 | 0 
2021-09-29 05:07:27,002 - INFO - load | 1 | (0.8500000000000001, 0.7000000000000001) | 0 | 20 | (2535,) | 0| 0.0 | 0 
2021-09-29 05:07:27,180 - INFO - compute | 1 | (0.8500000000000001, 0.75) | 0 | 34 | (3658,) | 0| 0.0 | 0 
2021-09-29 05:07:27,351 - INFO - load | 1 | (0.8500000000000001, 0.8) | 0 | 89 | (7589,) | 0| 0.0 | 0 
2021-09-29 05:07:27,527 - INFO - compute | 1 | (0.8500000000000001, 0.8500000000000001) | 0 | 255 | (9709,) | 0| 0.0 | 0 
2021-09-29 05:07:27,699 - INFO - load | 1 | (0.8500000000000001, 0.9) | 0 | 1000 | (9994,) | 0| 0.0 | 0 
2021-09-29 05:07:27,864 - INFO - load | 1 | (0.8500000000000001, 0.9500000000000001) | 0 | 1000 | (9994,) | 0| 0.0 | 0 
2021-09-29 05:07:28,035 - INFO - load | 1 | (0.8500000000000001, 1.0) | 0 | 1000 | (9994,) | 0| 0.0 | 0 
2021-09-29 05:07:28,194 - INFO - load | 1 | (0.9, 0.0) | 0 | 0 | set() | 0| 0.0 | 0 
2021-09-29 05:07:28,388 - INFO - load | 1 | (0.9, 0.05) | 0 | 0 | set() | 0| 0.0 | 0 
2021-09-29 05:07:28,548 - INFO - load | 1 | (0.9, 0.1) | 0 | 0 | set() | 0| 0.0 | 0 
2021-09-29 05:07:28,703 - INFO - load | 1 | (0.9, 0.15000000000000002) | 0 | 0 | set() | 0| 0.0 | 0 
2021-09-29 05:07:28,852 - INFO - load | 1 | (0.9, 0.2) | 0 | 0 | set() | 0| 0.0 | 0 
2021-09-29 05:07:29,011 - INFO - load | 1 | (0.9, 0.25) | 0 | 0 | set() | 0| 0.0 | 0 
2021-09-29 05:07:29,169 - INFO - load | 1 | (0.9, 0.30000000000000004) | 0 | 2 | (40,) | 0| 0.0 | 0 
2021-09-29 05:07:29,322 - INFO - load | 1 | (0.9, 0.35000000000000003) | 0 | 3 | (40,) | 0| 0.0 | 0 
2021-09-29 05:07:29,473 - INFO - load | 1 | (0.9, 0.4) | 0 | 3 | (40,) | 0| 0.0 | 0 
2021-09-29 05:07:29,633 - INFO - load | 1 | (0.9, 0.45) | 0 | 5 | (62,) | 0| 0.0 | 0 
2021-09-29 05:07:29,804 - INFO - load | 1 | (0.9, 0.5) | 0 | 5 | (62,) | 0| 0.0 | 0 
2021-09-29 05:07:29,986 - INFO - compute | 1 | (0.9, 0.55) | 0 | 6 | (62,) | 0| 0.0 | 0 
2021-09-29 05:07:30,172 - INFO - load | 1 | (0.9, 0.6000000000000001) | 0 | 9 | (480,) | 0| 0.0 | 0 
2021-09-29 05:07:30,360 - INFO - compute | 1 | (0.9, 0.65) | 0 | 18 | (2535,) | 0| 0.0 | 0 
2021-09-29 05:07:30,550 - INFO - compute | 1 | (0.9, 0.7000000000000001) | 0 | 31 | (3658,) | 0| 0.0 | 0 
2021-09-29 05:07:30,739 - INFO - compute | 1 | (0.9, 0.75) | 0 | 79 | (6016,) | 0| 0.0 | 0 
2021-09-29 05:07:30,907 - INFO - load | 1 | (0.9, 0.8) | 0 | 235 | (9709,) | 0| 0.0 | 0 
2021-09-29 05:07:31,069 - INFO - load | 1 | (0.9, 0.8500000000000001) | 0 | 1000 | (9994,) | 0| 0.0 | 0 
2021-09-29 05:07:31,233 - INFO - load | 1 | (0.9, 0.9) | 0 | 1000 | (9994,) | 0| 0.0 | 0 
2021-09-29 05:07:31,388 - INFO - load | 1 | (0.9, 0.9500000000000001) | 0 | 1000 | (9994,) | 0| 0.0 | 0 
2021-09-29 05:07:31,546 - INFO - load | 1 | (0.9, 1.0) | 0 | 1000 | (9994,) | 0| 0.0 | 0 
2021-09-29 05:07:31,697 - INFO - load | 1 | (0.9500000000000001, 0.0) | 0 | 0 | set() | 0| 0.0 | 0 
2021-09-29 05:07:31,858 - INFO - load | 1 | (0.9500000000000001, 0.05) | 0 | 0 | set() | 0| 0.0 | 0 
2021-09-29 05:07:32,035 - INFO - load | 1 | (0.9500000000000001, 0.1) | 0 | 0 | set() | 0| 0.0 | 0 
2021-09-29 05:07:32,206 - INFO - load | 1 | (0.9500000000000001, 0.15000000000000002) | 0 | 0 | set() | 0| 0.0 | 0 
2021-09-29 05:07:32,362 - INFO - load | 1 | (0.9500000000000001, 0.2) | 0 | 0 | set() | 0| 0.0 | 0 
2021-09-29 05:07:32,525 - INFO - load | 1 | (0.9500000000000001, 0.25) | 0 | 0 | set() | 0| 0.0 | 0 
2021-09-29 05:07:32,712 - INFO - load | 1 | (0.9500000000000001, 0.30000000000000004) | 0 | 2 | (40,) | 0| 0.0 | 0 
2021-09-29 05:07:32,883 - INFO - load | 1 | (0.9500000000000001, 0.35000000000000003) | 0 | 3 | (40,) | 0| 0.0 | 0 
2021-09-29 05:07:33,049 - INFO - load | 1 | (0.9500000000000001, 0.4) | 0 | 4 | (62,) | 0| 0.0 | 0 
2021-09-29 05:07:33,226 - INFO - load | 1 | (0.9500000000000001, 0.45) | 0 | 5 | (62,) | 0| 0.0 | 0 
2021-09-29 05:07:33,397 - INFO - load | 1 | (0.9500000000000001, 0.5) | 0 | 5 | (62,) | 0| 0.0 | 0 
2021-09-29 05:07:33,567 - INFO - load | 1 | (0.9500000000000001, 0.55) | 0 | 8 | (480,) | 0| 0.0 | 0 
2021-09-29 05:07:33,763 - INFO - compute | 1 | (0.9500000000000001, 0.6000000000000001) | 0 | 13 | (480,) | 0| 0.0 | 0 
2021-09-29 05:07:33,968 - INFO - compute | 1 | (0.9500000000000001, 0.65) | 0 | 24 | (2535,) | 0| 0.0 | 0 
2021-09-29 05:07:34,179 - INFO - compute | 1 | (0.9500000000000001, 0.7000000000000001) | 0 | 65 | (5595,) | 0| 0.0 | 0 
2021-09-29 05:07:34,361 - INFO - compute | 1 | (0.9500000000000001, 0.75) | 0 | 194 | (9709,) | 0| 0.0 | 0 
2021-09-29 05:07:34,527 - INFO - load | 1 | (0.9500000000000001, 0.8) | 0 | 1000 | (9994,) | 0| 0.0 | 0 
2021-09-29 05:07:34,724 - INFO - load | 1 | (0.9500000000000001, 0.8500000000000001) | 0 | 1000 | (9994,) | 0| 0.0 | 0 
2021-09-29 05:07:34,890 - INFO - load | 1 | (0.9500000000000001, 0.9) | 0 | 1000 | (9994,) | 0| 0.0 | 0 
2021-09-29 05:07:35,055 - INFO - load | 1 | (0.9500000000000001, 0.9500000000000001) | 0 | 1000 | (9994,) | 0| 0.0 | 0 
2021-09-29 05:07:35,235 - INFO - load | 1 | (0.9500000000000001, 1.0) | 0 | 1000 | (9994,) | 0| 0.0 | 0 
2021-09-29 05:07:35,405 - INFO - load | 1 | (1.0, 0.0) | 0 | 0 | set() | 0| 0.0 | 0 
2021-09-29 05:07:35,563 - INFO - load | 1 | (1.0, 0.05) | 0 | 0 | set() | 0| 0.0 | 0 
2021-09-29 05:07:35,713 - INFO - load | 1 | (1.0, 0.1) | 0 | 0 | set() | 0| 0.0 | 0 
2021-09-29 05:07:35,872 - INFO - load | 1 | (1.0, 0.15000000000000002) | 0 | 0 | set() | 0| 0.0 | 0 
2021-09-29 05:07:36,064 - INFO - load | 1 | (1.0, 0.2) | 0 | 0 | set() | 0| 0.0 | 0 
2021-09-29 05:07:36,234 - INFO - load | 1 | (1.0, 0.25) | 0 | 1 | {20} | 0| 0.0 | 0 
2021-09-29 05:07:36,388 - INFO - load | 1 | (1.0, 0.30000000000000004) | 0 | 2 | (40,) | 0| 0.0 | 0 
2021-09-29 05:07:36,542 - INFO - load | 1 | (1.0, 0.35000000000000003) | 0 | 3 | (40,) | 0| 0.0 | 0 
2021-09-29 05:07:36,717 - INFO - load | 1 | (1.0, 0.4) | 0 | 5 | (62,) | 0| 0.0 | 0 
2021-09-29 05:07:36,890 - INFO - load | 1 | (1.0, 0.45) | 0 | 5 | (62,) | 0| 0.0 | 0 
2021-09-29 05:07:37,075 - INFO - load | 1 | (1.0, 0.5) | 0 | 6 | (62,) | 0| 0.0 | 0 
2021-09-29 05:07:37,249 - INFO - load | 1 | (1.0, 0.55) | 0 | 9 | (480,) | 0| 0.0 | 0 
2021-09-29 05:07:37,414 - INFO - load | 1 | (1.0, 0.6000000000000001) | 0 | 20 | (2535,) | 0| 0.0 | 0 
2021-09-29 05:07:37,610 - INFO - compute | 1 | (1.0, 0.65) | 0 | 48 | (4113,) | 0| 0.0 | 0 
2021-09-29 05:07:37,806 - INFO - compute | 1 | (1.0, 0.7000000000000001) | 0 | 148 | (8450,) | 0| 0.0 | 0 
2021-09-29 05:07:37,978 - INFO - load | 1 | (1.0, 0.75) | 0 | 1000 | (9994,) | 0| 0.0 | 0 
2021-09-29 05:07:38,151 - INFO - load | 1 | (1.0, 0.8) | 0 | 1000 | (9994,) | 0| 0.0 | 0 
2021-09-29 05:07:38,315 - INFO - load | 1 | (1.0, 0.8500000000000001) | 0 | 1000 | (9994,) | 0| 0.0 | 0 
2021-09-29 05:07:38,477 - INFO - load | 1 | (1.0, 0.9) | 0 | 1000 | (9994,) | 0| 0.0 | 0 
2021-09-29 05:07:38,659 - INFO - load | 1 | (1.0, 0.9500000000000001) | 0 | 1000 | (9994,) | 0| 0.0 | 0 
2021-09-29 05:07:38,820 - INFO - load | 1 | (1.0, 1.0) | 0 | 1000 | (9994,) | 0| 0.0 | 0 
2021-09-29 05:07:39,800 - INFO - compute | 2 | (0.0, 0.0) | 1000 | 0 | set() | 0| 0.0 | 0.0 
2021-09-29 05:07:39,802 - INFO - load | 2 | (0.0, 0.05) | 1000 | 0 | set() | 0| 0.0 | 0.0 
2021-09-29 05:07:39,804 - INFO - load | 2 | (0.0, 0.1) | 1000 | 0 | set() | 0| 0.0 | 0.0 
2021-09-29 05:07:39,806 - INFO - load | 2 | (0.0, 0.15000000000000002) | 1000 | 0 | set() | 0| 0.0 | 0.0 
2021-09-29 05:07:39,807 - INFO - load | 2 | (0.0, 0.2) | 1000 | 0 | set() | 0| 0.0 | 0.0 
2021-09-29 05:07:39,808 - INFO - load | 2 | (0.0, 0.25) | 1000 | 0 | set() | 0| 0.0 | 0.0 
2021-09-29 05:07:39,809 - INFO - load | 2 | (0.0, 0.30000000000000004) | 1000 | 0 | set() | 0| 0.0 | 0.0 
2021-09-29 05:07:39,810 - INFO - load | 2 | (0.0, 0.35000000000000003) | 1000 | 0 | set() | 0| 0.0 | 0.0 
2021-09-29 05:07:39,812 - INFO - load | 2 | (0.0, 0.4) | 1000 | 0 | set() | 0| 0.0 | 0.0 
2021-09-29 05:07:39,813 - INFO - load | 2 | (0.0, 0.45) | 1000 | 0 | set() | 0| 0.0 | 0.0 
2021-09-29 05:07:39,815 - INFO - load | 2 | (0.0, 0.5) | 1000 | 0 | set() | 0| 0.0 | 0.0 
2021-09-29 05:07:39,816 - INFO - load | 2 | (0.0, 0.55) | 1000 | 0 | set() | 0| 0.0 | 0.0 
2021-09-29 05:07:39,817 - INFO - load | 2 | (0.0, 0.6000000000000001) | 1000 | 0 | set() | 0| 0.0 | 0.0 
2021-09-29 05:07:39,818 - INFO - load | 2 | (0.0, 0.65) | 1000 | 0 | set() | 0| 0.0 | 0.0 
2021-09-29 05:07:39,820 - INFO - load | 2 | (0.0, 0.7000000000000001) | 1000 | 0 | set() | 0| 0.0 | 0.0 
2021-09-29 05:07:39,821 - INFO - load | 2 | (0.0, 0.75) | 1000 | 0 | set() | 0| 0.0 | 0.0 
2021-09-29 05:07:39,823 - INFO - load | 2 | (0.0, 0.8) | 1000 | 0 | set() | 0| 0.0 | 0.0 
2021-09-29 05:07:39,824 - INFO - load | 2 | (0.0, 0.8500000000000001) | 1000 | 0 | set() | 0| 0.0 | 0.0 
2021-09-29 05:07:39,825 - INFO - load | 2 | (0.0, 0.9) | 1000 | 0 | set() | 0| 0.0 | 0.0 
2021-09-29 05:07:39,826 - INFO - load | 2 | (0.0, 0.9500000000000001) | 1000 | 0 | set() | 0| 0.0 | 0.0 
2021-09-29 05:07:39,827 - INFO - load | 2 | (0.0, 1.0) | 1000 | 0 | set() | 0| 0.0 | 0.0 
2021-09-29 05:07:39,829 - INFO - load | 2 | (0.05, 0.0) | 1000 | 0 | set() | 0| 0.0 | 0.0 
2021-09-29 05:07:39,830 - INFO - load | 2 | (0.05, 0.05) | 1000 | 0 | set() | 0| 0.0 | 0.0 
2021-09-29 05:07:39,831 - INFO - load | 2 | (0.05, 0.1) | 1000 | 0 | set() | 0| 0.0 | 0.0 
2021-09-29 05:07:39,832 - INFO - load | 2 | (0.05, 0.15000000000000002) | 1000 | 0 | set() | 0| 0.0 | 0.0 
2021-09-29 05:07:39,834 - INFO - load | 2 | (0.05, 0.2) | 1000 | 0 | set() | 0| 0.0 | 0.0 
2021-09-29 05:07:39,835 - INFO - load | 2 | (0.05, 0.25) | 1000 | 0 | set() | 0| 0.0 | 0.0 
2021-09-29 05:07:39,836 - INFO - load | 2 | (0.05, 0.30000000000000004) | 1000 | 0 | set() | 0| 0.0 | 0.0 
2021-09-29 05:07:39,837 - INFO - load | 2 | (0.05, 0.35000000000000003) | 1000 | 0 | set() | 0| 0.0 | 0.0 
2021-09-29 05:07:39,839 - INFO - load | 2 | (0.05, 0.4) | 1000 | 0 | set() | 0| 0.0 | 0.0 
2021-09-29 05:07:39,840 - INFO - load | 2 | (0.05, 0.45) | 1000 | 0 | set() | 0| 0.0 | 0.0 
2021-09-29 05:07:39,841 - INFO - load | 2 | (0.05, 0.5) | 1000 | 0 | set() | 0| 0.0 | 0.0 
2021-09-29 05:07:39,843 - INFO - load | 2 | (0.05, 0.55) | 1000 | 0 | set() | 0| 0.0 | 0.0 
2021-09-29 05:07:39,844 - INFO - load | 2 | (0.05, 0.6000000000000001) | 1000 | 0 | set() | 0| 0.0 | 0.0 
2021-09-29 05:07:39,845 - INFO - load | 2 | (0.05, 0.65) | 1000 | 0 | set() | 0| 0.0 | 0.0 
2021-09-29 05:07:39,846 - INFO - load | 2 | (0.05, 0.7000000000000001) | 1000 | 0 | set() | 0| 0.0 | 0.0 
2021-09-29 05:07:39,848 - INFO - load | 2 | (0.05, 0.75) | 1000 | 0 | set() | 0| 0.0 | 0.0 
2021-09-29 05:07:39,849 - INFO - load | 2 | (0.05, 0.8) | 1000 | 0 | set() | 0| 0.0 | 0.0 
2021-09-29 05:07:39,850 - INFO - load | 2 | (0.05, 0.8500000000000001) | 1000 | 0 | set() | 0| 0.0 | 0.0 
2021-09-29 05:07:39,851 - INFO - load | 2 | (0.05, 0.9) | 1000 | 0 | set() | 0| 0.0 | 0.0 
2021-09-29 05:07:39,852 - INFO - load | 2 | (0.05, 0.9500000000000001) | 1000 | 0 | set() | 0| 0.0 | 0.0 
2021-09-29 05:07:39,853 - INFO - load | 2 | (0.05, 1.0) | 1000 | 0 | set() | 0| 0.0 | 0.0 
2021-09-29 05:07:39,855 - INFO - load | 2 | (0.1, 0.0) | 1000 | 0 | set() | 0| 0.0 | 0.0 
2021-09-29 05:07:39,856 - INFO - load | 2 | (0.1, 0.05) | 1000 | 0 | set() | 0| 0.0 | 0.0 
2021-09-29 05:07:39,858 - INFO - load | 2 | (0.1, 0.1) | 1000 | 0 | set() | 0| 0.0 | 0.0 
2021-09-29 05:07:39,859 - INFO - load | 2 | (0.1, 0.15000000000000002) | 1000 | 0 | set() | 0| 0.0 | 0.0 
2021-09-29 05:07:39,861 - INFO - load | 2 | (0.1, 0.2) | 1000 | 0 | set() | 0| 0.0 | 0.0 
2021-09-29 05:07:39,862 - INFO - load | 2 | (0.1, 0.25) | 1000 | 0 | set() | 0| 0.0 | 0.0 
2021-09-29 05:07:39,863 - INFO - load | 2 | (0.1, 0.30000000000000004) | 1000 | 0 | set() | 0| 0.0 | 0.0 
2021-09-29 05:07:39,865 - INFO - load | 2 | (0.1, 0.35000000000000003) | 1000 | 0 | set() | 0| 0.0 | 0.0 
2021-09-29 05:07:39,866 - INFO - load | 2 | (0.1, 0.4) | 1000 | 0 | set() | 0| 0.0 | 0.0 
2021-09-29 05:07:39,867 - INFO - load | 2 | (0.1, 0.45) | 1000 | 0 | set() | 0| 0.0 | 0.0 
2021-09-29 05:07:39,868 - INFO - load | 2 | (0.1, 0.5) | 1000 | 0 | set() | 0| 0.0 | 0.0 
2021-09-29 05:07:39,870 - INFO - load | 2 | (0.1, 0.55) | 1000 | 0 | set() | 0| 0.0 | 0.0 
2021-09-29 05:07:39,871 - INFO - load | 2 | (0.1, 0.6000000000000001) | 1000 | 0 | set() | 0| 0.0 | 0.0 
2021-09-29 05:07:39,872 - INFO - load | 2 | (0.1, 0.65) | 1000 | 0 | set() | 0| 0.0 | 0.0 
2021-09-29 05:07:39,874 - INFO - load | 2 | (0.1, 0.7000000000000001) | 1000 | 0 | set() | 0| 0.0 | 0.0 
2021-09-29 05:07:39,875 - INFO - load | 2 | (0.1, 0.75) | 1000 | 0 | set() | 0| 0.0 | 0.0 
2021-09-29 05:07:39,876 - INFO - load | 2 | (0.1, 0.8) | 1000 | 0 | set() | 0| 0.0 | 0.0 
2021-09-29 05:07:39,877 - INFO - load | 2 | (0.1, 0.8500000000000001) | 1000 | 0 | set() | 0| 0.0 | 0.0 
2021-09-29 05:07:39,879 - INFO - load | 2 | (0.1, 0.9) | 1000 | 0 | set() | 0| 0.0 | 0.0 
2021-09-29 05:07:39,880 - INFO - load | 2 | (0.1, 0.9500000000000001) | 1000 | 0 | set() | 0| 0.0 | 0.0 
2021-09-29 05:07:39,881 - INFO - load | 2 | (0.1, 1.0) | 1000 | 0 | set() | 0| 0.0 | 0.0 
2021-09-29 05:07:39,883 - INFO - load | 2 | (0.15000000000000002, 0.0) | 1000 | 0 | set() | 0| 0.0 | 0.0 
2021-09-29 05:07:39,884 - INFO - load | 2 | (0.15000000000000002, 0.05) | 1000 | 0 | set() | 0| 0.0 | 0.0 
2021-09-29 05:07:39,885 - INFO - load | 2 | (0.15000000000000002, 0.1) | 1000 | 0 | set() | 0| 0.0 | 0.0 
2021-09-29 05:07:39,886 - INFO - load | 2 | (0.15000000000000002, 0.15000000000000002) | 1000 | 0 | set() | 0| 0.0 | 0.0 
2021-09-29 05:07:39,888 - INFO - load | 2 | (0.15000000000000002, 0.2) | 1000 | 0 | set() | 0| 0.0 | 0.0 
2021-09-29 05:07:39,889 - INFO - load | 2 | (0.15000000000000002, 0.25) | 1000 | 0 | set() | 0| 0.0 | 0.0 
2021-09-29 05:07:39,890 - INFO - load | 2 | (0.15000000000000002, 0.30000000000000004) | 1000 | 0 | set() | 0| 0.0 | 0.0 
2021-09-29 05:07:39,891 - INFO - load | 2 | (0.15000000000000002, 0.35000000000000003) | 1000 | 0 | set() | 0| 0.0 | 0.0 
2021-09-29 05:07:39,892 - INFO - load | 2 | (0.15000000000000002, 0.4) | 1000 | 0 | set() | 0| 0.0 | 0.0 
2021-09-29 05:07:39,893 - INFO - load | 2 | (0.15000000000000002, 0.45) | 1000 | 0 | set() | 0| 0.0 | 0.0 
2021-09-29 05:07:39,894 - INFO - load | 2 | (0.15000000000000002, 0.5) | 1000 | 0 | set() | 0| 0.0 | 0.0 
2021-09-29 05:07:39,896 - INFO - load | 2 | (0.15000000000000002, 0.55) | 1000 | 0 | set() | 0| 0.0 | 0.0 
2021-09-29 05:07:39,897 - INFO - load | 2 | (0.15000000000000002, 0.6000000000000001) | 1000 | 0 | set() | 0| 0.0 | 0.0 
2021-09-29 05:07:39,898 - INFO - load | 2 | (0.15000000000000002, 0.65) | 1000 | 0 | set() | 0| 0.0 | 0.0 
2021-09-29 05:07:39,899 - INFO - load | 2 | (0.15000000000000002, 0.7000000000000001) | 1000 | 0 | set() | 0| 0.0 | 0.0 
2021-09-29 05:07:39,900 - INFO - load | 2 | (0.15000000000000002, 0.75) | 1000 | 0 | set() | 0| 0.0 | 0.0 
2021-09-29 05:07:39,901 - INFO - load | 2 | (0.15000000000000002, 0.8) | 1000 | 0 | set() | 0| 0.0 | 0.0 
2021-09-29 05:07:39,903 - INFO - load | 2 | (0.15000000000000002, 0.8500000000000001) | 1000 | 0 | set() | 0| 0.0 | 0.0 
2021-09-29 05:07:39,904 - INFO - load | 2 | (0.15000000000000002, 0.9) | 1000 | 0 | set() | 0| 0.0 | 0.0 
2021-09-29 05:07:39,905 - INFO - load | 2 | (0.15000000000000002, 0.9500000000000001) | 1000 | 0 | set() | 0| 0.0 | 0.0 
2021-09-29 05:07:39,906 - INFO - load | 2 | (0.15000000000000002, 1.0) | 1000 | 0 | set() | 0| 0.0 | 0.0 
2021-09-29 05:07:39,907 - INFO - load | 2 | (0.2, 0.0) | 1000 | 0 | set() | 0| 0.0 | 0.0 
2021-09-29 05:07:39,908 - INFO - load | 2 | (0.2, 0.05) | 1000 | 0 | set() | 0| 0.0 | 0.0 
2021-09-29 05:07:39,909 - INFO - load | 2 | (0.2, 0.1) | 1000 | 0 | set() | 0| 0.0 | 0.0 
2021-09-29 05:07:39,910 - INFO - load | 2 | (0.2, 0.15000000000000002) | 1000 | 0 | set() | 0| 0.0 | 0.0 
2021-09-29 05:07:39,912 - INFO - load | 2 | (0.2, 0.2) | 1000 | 0 | set() | 0| 0.0 | 0.0 
2021-09-29 05:07:39,913 - INFO - load | 2 | (0.2, 0.25) | 1000 | 0 | set() | 0| 0.0 | 0.0 
2021-09-29 05:07:39,914 - INFO - load | 2 | (0.2, 0.30000000000000004) | 1000 | 0 | set() | 0| 0.0 | 0.0 
2021-09-29 05:07:39,916 - INFO - load | 2 | (0.2, 0.35000000000000003) | 1000 | 0 | set() | 0| 0.0 | 0.0 
2021-09-29 05:07:39,917 - INFO - load | 2 | (0.2, 0.4) | 1000 | 0 | set() | 0| 0.0 | 0.0 
2021-09-29 05:07:39,918 - INFO - load | 2 | (0.2, 0.45) | 1000 | 0 | set() | 0| 0.0 | 0.0 
2021-09-29 05:07:39,919 - INFO - load | 2 | (0.2, 0.5) | 1000 | 0 | set() | 0| 0.0 | 0.0 
2021-09-29 05:07:39,921 - INFO - load | 2 | (0.2, 0.55) | 1000 | 0 | set() | 0| 0.0 | 0.0 
2021-09-29 05:07:39,922 - INFO - load | 2 | (0.2, 0.6000000000000001) | 1000 | 0 | set() | 0| 0.0 | 0.0 
2021-09-29 05:07:39,923 - INFO - load | 2 | (0.2, 0.65) | 1000 | 0 | set() | 0| 0.0 | 0.0 
2021-09-29 05:07:39,924 - INFO - load | 2 | (0.2, 0.7000000000000001) | 1000 | 0 | set() | 0| 0.0 | 0.0 
2021-09-29 05:07:39,925 - INFO - load | 2 | (0.2, 0.75) | 1000 | 0 | set() | 0| 0.0 | 0.0 
2021-09-29 05:07:39,927 - INFO - load | 2 | (0.2, 0.8) | 1000 | 0 | set() | 0| 0.0 | 0.0 
2021-09-29 05:07:39,928 - INFO - load | 2 | (0.2, 0.8500000000000001) | 1000 | 0 | set() | 0| 0.0 | 0.0 
2021-09-29 05:07:39,929 - INFO - load | 2 | (0.2, 0.9) | 1000 | 0 | set() | 0| 0.0 | 0.0 
2021-09-29 05:07:39,931 - INFO - load | 2 | (0.2, 0.9500000000000001) | 1000 | 0 | set() | 0| 0.0 | 0.0 
2021-09-29 05:07:39,932 - INFO - load | 2 | (0.2, 1.0) | 1000 | 0 | set() | 0| 0.0 | 0.0 
2021-09-29 05:07:39,933 - INFO - load | 2 | (0.25, 0.0) | 1000 | 0 | set() | 0| 0.0 | 0.0 
2021-09-29 05:07:39,934 - INFO - load | 2 | (0.25, 0.05) | 1000 | 0 | set() | 0| 0.0 | 0.0 
2021-09-29 05:07:39,935 - INFO - load | 2 | (0.25, 0.1) | 1000 | 0 | set() | 0| 0.0 | 0.0 
2021-09-29 05:07:39,937 - INFO - load | 2 | (0.25, 0.15000000000000002) | 1000 | 0 | set() | 0| 0.0 | 0.0 
2021-09-29 05:07:39,938 - INFO - load | 2 | (0.25, 0.2) | 1000 | 0 | set() | 0| 0.0 | 0.0 
2021-09-29 05:07:39,939 - INFO - load | 2 | (0.25, 0.25) | 1000 | 0 | set() | 0| 0.0 | 0.0 
2021-09-29 05:07:39,941 - INFO - load | 2 | (0.25, 0.30000000000000004) | 1000 | 0 | set() | 0| 0.0 | 0.0 
2021-09-29 05:07:39,942 - INFO - load | 2 | (0.25, 0.35000000000000003) | 1000 | 0 | set() | 0| 0.0 | 0.0 
2021-09-29 05:07:39,943 - INFO - load | 2 | (0.25, 0.4) | 1000 | 0 | set() | 0| 0.0 | 0.0 
2021-09-29 05:07:39,945 - INFO - load | 2 | (0.25, 0.45) | 1000 | 0 | set() | 0| 0.0 | 0.0 
2021-09-29 05:07:39,947 - INFO - load | 2 | (0.25, 0.5) | 1000 | 0 | set() | 0| 0.0 | 0.0 
2021-09-29 05:07:39,948 - INFO - load | 2 | (0.25, 0.55) | 1000 | 0 | set() | 0| 0.0 | 0.0 
2021-09-29 05:07:39,949 - INFO - load | 2 | (0.25, 0.6000000000000001) | 1000 | 0 | set() | 0| 0.0 | 0.0 
2021-09-29 05:07:39,951 - INFO - load | 2 | (0.25, 0.65) | 1000 | 0 | set() | 0| 0.0 | 0.0 
2021-09-29 05:07:39,952 - INFO - load | 2 | (0.25, 0.7000000000000001) | 1000 | 0 | set() | 0| 0.0 | 0.0 
2021-09-29 05:07:39,953 - INFO - load | 2 | (0.25, 0.75) | 1000 | 0 | set() | 0| 0.0 | 0.0 
2021-09-29 05:07:39,954 - INFO - load | 2 | (0.25, 0.8) | 1000 | 0 | set() | 0| 0.0 | 0.0 
2021-09-29 05:07:39,955 - INFO - load | 2 | (0.25, 0.8500000000000001) | 1000 | 0 | set() | 0| 0.0 | 0.0 
2021-09-29 05:07:39,957 - INFO - load | 2 | (0.25, 0.9) | 1000 | 0 | set() | 0| 0.0 | 0.0 
2021-09-29 05:07:39,958 - INFO - load | 2 | (0.25, 0.9500000000000001) | 1000 | 0 | set() | 0| 0.0 | 0.0 
2021-09-29 05:07:42,124 - INFO - compute | 2 | (0.25, 1.0) | 1000 | 1 | {20} | 83046| 0.0 | 22503.165705946223 
2021-09-29 05:07:42,343 - INFO - compute | 2 | (0.30000000000000004, 0.0) | 136 | 0 | set() | 0| 0.0 | 0.0 
2021-09-29 05:07:42,408 - INFO - load | 2 | (0.30000000000000004, 0.05) | 136 | 0 | set() | 0| 0.0 | 0.0 
2021-09-29 05:07:42,477 - INFO - load | 2 | (0.30000000000000004, 0.1) | 136 | 0 | set() | 0| 0.0 | 0.0 
2021-09-29 05:07:42,551 - INFO - load | 2 | (0.30000000000000004, 0.15000000000000002) | 136 | 0 | set() | 0| 0.0 | 0.0 
2021-09-29 05:07:42,623 - INFO - load | 2 | (0.30000000000000004, 0.2) | 136 | 0 | set() | 0| 0.0 | 0.0 
2021-09-29 05:07:42,693 - INFO - load | 2 | (0.30000000000000004, 0.25) | 136 | 0 | set() | 0| 0.0 | 0.0 
2021-09-29 05:07:42,768 - INFO - load | 2 | (0.30000000000000004, 0.30000000000000004) | 136 | 0 | set() | 0| 0.0 | 0.0 
2021-09-29 05:07:42,842 - INFO - load | 2 | (0.30000000000000004, 0.35000000000000003) | 136 | 0 | set() | 0| 0.0 | 0.0 
2021-09-29 05:07:42,913 - INFO - load | 2 | (0.30000000000000004, 0.4) | 136 | 0 | set() | 0| 0.0 | 0.0 
2021-09-29 05:07:42,987 - INFO - load | 2 | (0.30000000000000004, 0.45) | 136 | 0 | set() | 0| 0.0 | 0.0 
2021-09-29 05:07:43,063 - INFO - load | 2 | (0.30000000000000004, 0.5) | 136 | 0 | set() | 0| 0.0 | 0.0 
2021-09-29 05:07:43,130 - INFO - load | 2 | (0.30000000000000004, 0.55) | 136 | 0 | set() | 0| 0.0 | 0.0 
2021-09-29 05:07:43,195 - INFO - load | 2 | (0.30000000000000004, 0.6000000000000001) | 136 | 0 | set() | 0| 0.0 | 0.0 
2021-09-29 05:07:43,260 - INFO - load | 2 | (0.30000000000000004, 0.65) | 136 | 0 | set() | 0| 0.0 | 0.0 
2021-09-29 05:07:43,327 - INFO - load | 2 | (0.30000000000000004, 0.7000000000000001) | 136 | 0 | set() | 0| 0.0 | 0.0 
2021-09-29 05:07:43,393 - INFO - load | 2 | (0.30000000000000004, 0.75) | 136 | 0 | set() | 0| 0.0 | 0.0 
2021-09-29 05:07:43,459 - INFO - load | 2 | (0.30000000000000004, 0.8) | 136 | 0 | set() | 0| 0.0 | 0.0 
2021-09-29 05:07:43,853 - INFO - compute | 2 | (0.30000000000000004, 0.8500000000000001) | 136 | 1 | {20} | 9442| 424.8899999999999 | 3209.1727566465097 
2021-09-29 05:07:44,419 - INFO - compute | 2 | (0.30000000000000004, 0.9) | 136 | 2 | {40, 20} | 15573| 467.18999999999954 | 5302.644731135798 
2021-09-29 05:07:44,499 - INFO - load | 2 | (0.30000000000000004, 0.9500000000000001) | 136 | 2 | {40, 20} | 15573| 233.59499999999935 | 5302.644731135798 
2021-09-29 05:07:44,580 - INFO - load | 2 | (0.30000000000000004, 1.0) | 136 | 2 | {40, 20} | 15573| 0.0 | 5302.644731135798 
2021-09-29 05:07:44,723 - INFO - compute | 2 | (0.35000000000000003, 0.0) | 47 | 0 | set() | 0| 0.0 | 0.0 
2021-09-29 05:07:44,810 - INFO - load | 2 | (0.35000000000000003, 0.05) | 47 | 0 | set() | 0| 0.0 | 0.0 
2021-09-29 05:07:44,899 - INFO - load | 2 | (0.35000000000000003, 0.1) | 47 | 0 | set() | 0| 0.0 | 0.0 
2021-09-29 05:07:44,975 - INFO - load | 2 | (0.35000000000000003, 0.15000000000000002) | 47 | 0 | set() | 0| 0.0 | 0.0 
2021-09-29 05:07:45,059 - INFO - load | 2 | (0.35000000000000003, 0.2) | 47 | 0 | set() | 0| 0.0 | 0.0 
2021-09-29 05:07:45,142 - INFO - load | 2 | (0.35000000000000003, 0.25) | 47 | 0 | set() | 0| 0.0 | 0.0 
2021-09-29 05:07:45,216 - INFO - load | 2 | (0.35000000000000003, 0.30000000000000004) | 47 | 0 | set() | 0| 0.0 | 0.0 
2021-09-29 05:07:45,297 - INFO - load | 2 | (0.35000000000000003, 0.35000000000000003) | 47 | 0 | set() | 0| 0.0 | 0.0 
2021-09-29 05:07:45,380 - INFO - load | 2 | (0.35000000000000003, 0.4) | 47 | 0 | set() | 0| 0.0 | 0.0 
2021-09-29 05:07:45,461 - INFO - load | 2 | (0.35000000000000003, 0.45) | 47 | 0 | set() | 0| 0.0 | 0.0 
2021-09-29 05:07:45,537 - INFO - load | 2 | (0.35000000000000003, 0.5) | 47 | 0 | set() | 0| 0.0 | 0.0 
2021-09-29 05:07:45,613 - INFO - load | 2 | (0.35000000000000003, 0.55) | 47 | 0 | set() | 0| 0.0 | 0.0 
2021-09-29 05:07:45,685 - INFO - load | 2 | (0.35000000000000003, 0.6000000000000001) | 47 | 0 | set() | 0| 0.0 | 0.0 
2021-09-29 05:07:45,760 - INFO - load | 2 | (0.35000000000000003, 0.65) | 47 | 0 | set() | 0| 0.0 | 0.0 
2021-09-29 05:07:45,940 - INFO - compute | 2 | (0.35000000000000003, 0.7000000000000001) | 47 | 1 | {20} | 2714| 284.96999999999997 | 1079.2520033807903 
2021-09-29 05:07:46,023 - INFO - load | 2 | (0.35000000000000003, 0.75) | 47 | 1 | {20} | 2714| 237.47500000000005 | 1079.2520033807903 
2021-09-29 05:07:46,274 - INFO - compute | 2 | (0.35000000000000003, 0.8) | 47 | 2 | {40, 20} | 4563| 319.41 | 1816.1935020023584 
2021-09-29 05:07:46,376 - INFO - load | 2 | (0.35000000000000003, 0.8500000000000001) | 47 | 2 | {40, 20} | 4563| 239.55749999999995 | 1816.1935020023584 
2021-09-29 05:07:46,800 - INFO - compute | 2 | (0.35000000000000003, 0.9) | 47 | 3 | (25, 20) | 4841| 169.4349999999999 | 1952.6970865060914 
2021-09-29 05:07:46,887 - INFO - load | 2 | (0.35000000000000003, 0.9500000000000001) | 47 | 3 | (25, 20) | 4841| 84.7174999999998 | 1952.6970865060914 
2021-09-29 05:07:46,967 - INFO - load | 2 | (0.35000000000000003, 1.0) | 47 | 3 | (25, 20) | 4841| 0.0 | 1952.6970865060914 
2021-09-29 05:07:47,073 - INFO - compute | 2 | (0.4, 0.0) | 19 | 0 | set() | 0| 0.0 | 0.0 
2021-09-29 05:07:47,160 - INFO - load | 2 | (0.4, 0.05) | 19 | 0 | set() | 0| 0.0 | 0.0 
2021-09-29 05:07:47,254 - INFO - load | 2 | (0.4, 0.1) | 19 | 0 | set() | 0| 0.0 | 0.0 
2021-09-29 05:07:47,345 - INFO - load | 2 | (0.4, 0.15000000000000002) | 19 | 0 | set() | 0| 0.0 | 0.0 
2021-09-29 05:07:47,429 - INFO - load | 2 | (0.4, 0.2) | 19 | 0 | set() | 0| 0.0 | 0.0 
2021-09-29 05:07:47,515 - INFO - load | 2 | (0.4, 0.25) | 19 | 0 | set() | 0| 0.0 | 0.0 
2021-09-29 05:07:47,605 - INFO - load | 2 | (0.4, 0.30000000000000004) | 19 | 0 | set() | 0| 0.0 | 0.0 
2021-09-29 05:07:47,692 - INFO - load | 2 | (0.4, 0.35000000000000003) | 19 | 0 | set() | 0| 0.0 | 0.0 
2021-09-29 05:07:47,777 - INFO - load | 2 | (0.4, 0.4) | 19 | 0 | set() | 0| 0.0 | 0.0 
2021-09-29 05:07:47,865 - INFO - load | 2 | (0.4, 0.45) | 19 | 0 | set() | 0| 0.0 | 0.0 
2021-09-29 05:07:47,951 - INFO - load | 2 | (0.4, 0.5) | 19 | 0 | set() | 0| 0.0 | 0.0 
2021-09-29 05:07:48,035 - INFO - load | 2 | (0.4, 0.55) | 19 | 0 | set() | 0| 0.0 | 0.0 
2021-09-29 05:07:48,126 - INFO - load | 2 | (0.4, 0.6000000000000001) | 19 | 0 | set() | 0| 0.0 | 0.0 
2021-09-29 05:07:48,269 - INFO - compute | 2 | (0.4, 0.65) | 19 | 1 | {20} | 932| 130.48000000000002 | 416.0358810068182 
2021-09-29 05:07:48,431 - INFO - compute | 2 | (0.4, 0.7000000000000001) | 19 | 2 | {40, 20} | 1513| 181.56 | 680.4263201822545 
2021-09-29 05:07:48,521 - INFO - load | 2 | (0.4, 0.75) | 19 | 2 | {40, 20} | 1513| 151.29999999999995 | 680.4263201822545 
2021-09-29 05:07:48,743 - INFO - compute | 2 | (0.4, 0.8) | 19 | 3 | (25, 20) | 1825| 145.99999999999991 | 829.4337919470638 
2021-09-29 05:07:48,846 - INFO - load | 2 | (0.4, 0.8500000000000001) | 19 | 3 | (25, 20) | 1825| 109.4999999999999 | 829.4337919470638 
2021-09-29 05:07:48,951 - INFO - load | 2 | (0.4, 0.9) | 19 | 3 | (25, 20) | 1825| 72.99999999999996 | 829.4337919470638 
2021-09-29 05:07:49,285 - INFO - compute | 2 | (0.4, 0.9500000000000001) | 19 | 4 | (25, 20) | 1825| 36.49999999999993 | 829.4337919470638 
2021-09-29 05:07:49,741 - INFO - compute | 2 | (0.4, 1.0) | 19 | 5 | (20, 25) | 1825| 0.0 | 829.4337919470638 
2021-09-29 05:07:49,849 - INFO - compute | 2 | (0.45, 0.0) | 6 | 0 | set() | 0| 0.0 | 0.0 
2021-09-29 05:07:49,949 - INFO - load | 2 | (0.45, 0.05) | 6 | 0 | set() | 0| 0.0 | 0.0 
2021-09-29 05:07:50,052 - INFO - load | 2 | (0.45, 0.1) | 6 | 0 | set() | 0| 0.0 | 0.0 
2021-09-29 05:07:50,147 - INFO - load | 2 | (0.45, 0.15000000000000002) | 6 | 0 | set() | 0| 0.0 | 0.0 
2021-09-29 05:07:50,246 - INFO - load | 2 | (0.45, 0.2) | 6 | 0 | set() | 0| 0.0 | 0.0 
2021-09-29 05:07:50,346 - INFO - load | 2 | (0.45, 0.25) | 6 | 0 | set() | 0| 0.0 | 0.0 
2021-09-29 05:07:50,443 - INFO - load | 2 | (0.45, 0.30000000000000004) | 6 | 0 | set() | 0| 0.0 | 0.0 
2021-09-29 05:07:50,538 - INFO - load | 2 | (0.45, 0.35000000000000003) | 6 | 0 | set() | 0| 0.0 | 0.0 
2021-09-29 05:07:50,630 - INFO - load | 2 | (0.45, 0.4) | 6 | 0 | set() | 0| 0.0 | 0.0 
2021-09-29 05:07:50,723 - INFO - load | 2 | (0.45, 0.45) | 6 | 0 | set() | 0| 0.0 | 0.0 
2021-09-29 05:07:50,826 - INFO - load | 2 | (0.45, 0.5) | 6 | 0 | set() | 0| 0.0 | 0.0 
2021-09-29 05:07:50,944 - INFO - compute | 2 | (0.45, 0.55) | 6 | 1 | {20} | 229| 46.372499999999995 | 118.12006834542431 
2021-09-29 05:07:51,068 - INFO - compute | 2 | (0.45, 0.6000000000000001) | 6 | 2 | {40, 20} | 380| 68.39999999999998 | 199.4830721823963 
2021-09-29 05:07:51,169 - INFO - load | 2 | (0.45, 0.65) | 6 | 2 | {40, 20} | 380| 59.84999999999999 | 199.4830721823963 
2021-09-29 05:07:51,308 - INFO - compute | 2 | (0.45, 0.7000000000000001) | 6 | 3 | (25, 20) | 481| 64.93499999999997 | 257.7092240752093 
2021-09-29 05:07:51,413 - INFO - load | 2 | (0.45, 0.75) | 6 | 3 | (25, 20) | 481| 54.1125 | 257.7092240752093 
2021-09-29 05:07:51,518 - INFO - load | 2 | (0.45, 0.8) | 6 | 3 | (25, 20) | 481| 43.289999999999985 | 257.7092240752093 
2021-09-29 05:07:51,697 - INFO - compute | 2 | (0.45, 0.8500000000000001) | 6 | 4 | (25, 20) | 481| 32.46749999999997 | 257.7092240752093 
2021-09-29 05:07:51,915 - INFO - compute | 2 | (0.45, 0.9) | 6 | 5 | (20, 25) | 481| 21.644999999999992 | 257.7092240752093 
2021-09-29 05:07:52,023 - INFO - load | 2 | (0.45, 0.9500000000000001) | 6 | 5 | (20, 25) | 481| 10.822499999999984 | 257.7092240752093 
2021-09-29 05:07:52,130 - INFO - load | 2 | (0.45, 1.0) | 6 | 5 | (20, 25) | 481| 0.0 | 257.7092240752093 
2021-09-29 05:07:52,237 - INFO - compute | 2 | (0.5, 0.0) | 4 | 0 | set() | 0| 0.0 | 0.0 
2021-09-29 05:07:52,336 - INFO - load | 2 | (0.5, 0.05) | 4 | 0 | set() | 0| 0.0 | 0.0 
2021-09-29 05:07:52,436 - INFO - load | 2 | (0.5, 0.1) | 4 | 0 | set() | 0| 0.0 | 0.0 
2021-09-29 05:07:52,533 - INFO - load | 2 | (0.5, 0.15000000000000002) | 4 | 0 | set() | 0| 0.0 | 0.0 
2021-09-29 05:07:52,638 - INFO - load | 2 | (0.5, 0.2) | 4 | 0 | set() | 0| 0.0 | 0.0 
2021-09-29 05:07:52,741 - INFO - load | 2 | (0.5, 0.25) | 4 | 0 | set() | 0| 0.0 | 0.0 
2021-09-29 05:07:52,847 - INFO - load | 2 | (0.5, 0.30000000000000004) | 4 | 0 | set() | 0| 0.0 | 0.0 
2021-09-29 05:07:52,955 - INFO - load | 2 | (0.5, 0.35000000000000003) | 4 | 0 | set() | 0| 0.0 | 0.0 
2021-09-29 05:07:53,064 - INFO - load | 2 | (0.5, 0.4) | 4 | 0 | set() | 0| 0.0 | 0.0 
2021-09-29 05:07:53,203 - INFO - load | 2 | (0.5, 0.45) | 4 | 0 | set() | 0| 0.0 | 0.0 
2021-09-29 05:07:53,366 - INFO - compute | 2 | (0.5, 0.5) | 4 | 1 | {20} | 128| 32.0 | 71.02824951023545 
2021-09-29 05:07:53,498 - INFO - compute | 2 | (0.5, 0.55) | 4 | 2 | {40, 20} | 202| 45.449999999999996 | 116.47745378347804 
2021-09-29 05:07:53,613 - INFO - load | 2 | (0.5, 0.6000000000000001) | 4 | 2 | {40, 20} | 202| 40.39999999999999 | 116.47745378347804 
2021-09-29 05:07:53,753 - INFO - compute | 2 | (0.5, 0.65) | 4 | 3 | (25, 20) | 275| 48.125 | 161.64547763039195 
2021-09-29 05:07:53,862 - INFO - load | 2 | (0.5, 0.7000000000000001) | 4 | 3 | (25, 20) | 275| 41.24999999999999 | 161.64547763039195 
2021-09-29 05:07:54,025 - INFO - compute | 2 | (0.5, 0.75) | 4 | 4 | (25, 20) | 275| 34.375 | 161.64547763039195 
2021-09-29 05:07:54,215 - INFO - compute | 2 | (0.5, 0.8) | 4 | 5 | (50, 25) | 271| 27.099999999999994 | 163.3263545152098 
2021-09-29 05:07:54,323 - INFO - load | 2 | (0.5, 0.8500000000000001) | 4 | 5 | (50, 25) | 271| 20.32499999999999 | 163.3263545152098 
2021-09-29 05:07:54,438 - INFO - load | 2 | (0.5, 0.9) | 4 | 5 | (50, 25) | 271| 13.549999999999997 | 163.3263545152098 
2021-09-29 05:07:54,553 - INFO - load | 2 | (0.5, 0.9500000000000001) | 4 | 5 | (50, 25) | 271| 6.774999999999991 | 163.3263545152098 
2021-09-29 05:07:54,779 - INFO - compute | 2 | (0.5, 1.0) | 4 | 6 | (42, 25) | 279| 0.0 | 169.90737176624134 
2021-09-29 05:07:54,900 - INFO - compute | 2 | (0.55, 0.0) | 3 | 0 | set() | 0| 0.0 | 0.0 
2021-09-29 05:07:55,014 - INFO - load | 2 | (0.55, 0.05) | 3 | 0 | set() | 0| 0.0 | 0.0 
2021-09-29 05:07:55,125 - INFO - load | 2 | (0.55, 0.1) | 3 | 0 | set() | 0| 0.0 | 0.0 
2021-09-29 05:07:55,233 - INFO - load | 2 | (0.55, 0.15000000000000002) | 3 | 0 | set() | 0| 0.0 | 0.0 
2021-09-29 05:07:55,342 - INFO - load | 2 | (0.55, 0.2) | 3 | 0 | set() | 0| 0.0 | 0.0 
2021-09-29 05:07:55,450 - INFO - load | 2 | (0.55, 0.25) | 3 | 0 | set() | 0| 0.0 | 0.0 
2021-09-29 05:07:55,558 - INFO - load | 2 | (0.55, 0.30000000000000004) | 3 | 0 | set() | 0| 0.0 | 0.0 
2021-09-29 05:07:55,665 - INFO - load | 2 | (0.55, 0.35000000000000003) | 3 | 0 | set() | 0| 0.0 | 0.0 
2021-09-29 05:07:55,780 - INFO - load | 2 | (0.55, 0.4) | 3 | 0 | set() | 0| 0.0 | 0.0 
2021-09-29 05:07:55,911 - INFO - compute | 2 | (0.55, 0.45) | 3 | 1 | {20} | 78| 23.595 | 45.45902820348294 
2021-09-29 05:07:56,051 - INFO - compute | 2 | (0.55, 0.5) | 3 | 2 | {40, 20} | 152| 41.800000000000004 | 90.90823247672554 
2021-09-29 05:07:56,199 - INFO - compute | 2 | (0.55, 0.55) | 3 | 3 | (40, 25) | 169| 41.8275 | 109.54586586213223 
2021-09-29 05:07:56,324 - INFO - load | 2 | (0.55, 0.6000000000000001) | 3 | 3 | (40, 25) | 169| 37.17999999999999 | 109.54586586213223 
2021-09-29 05:07:56,445 - INFO - load | 2 | (0.55, 0.65) | 3 | 3 | (40, 25) | 169| 32.5325 | 109.54586586213223 
2021-09-29 05:07:56,602 - INFO - compute | 2 | (0.55, 0.7000000000000001) | 3 | 4 | (40, 25) | 169| 27.884999999999998 | 109.54586586213223 
2021-09-29 05:07:56,782 - INFO - compute | 2 | (0.55, 0.75) | 3 | 5 | (50, 25) | 185| 25.437500000000004 | 119.3472938675955 
2021-09-29 05:07:56,901 - INFO - load | 2 | (0.55, 0.8) | 3 | 5 | (50, 25) | 185| 20.349999999999998 | 119.3472938675955 
2021-09-29 05:07:57,021 - INFO - load | 2 | (0.55, 0.8500000000000001) | 3 | 5 | (50, 25) | 185| 15.262499999999992 | 119.3472938675955 
2021-09-29 05:07:57,225 - INFO - compute | 2 | (0.55, 0.9) | 3 | 6 | (42, 25) | 184| 10.12 | 121.32585128341157 
2021-09-29 05:07:57,506 - INFO - compute | 2 | (0.55, 0.9500000000000001) | 3 | 8 | (42, 25) | 184| 5.059999999999994 | 121.32585128341157 
2021-09-29 05:07:57,847 - INFO - compute | 2 | (0.55, 1.0) | 3 | 9 | (42, 25) | 184| 0.0 | 121.32585128341157 
2021-09-29 05:07:57,981 - INFO - compute | 2 | (0.6000000000000001, 0.0) | 1 | 0 | set() | 0| 0.0 | 0.0 
2021-09-29 05:07:58,107 - INFO - load | 2 | (0.6000000000000001, 0.05) | 1 | 0 | set() | 0| 0.0 | 0.0 
2021-09-29 05:07:58,234 - INFO - load | 2 | (0.6000000000000001, 0.1) | 1 | 0 | set() | 0| 0.0 | 0.0 
2021-09-29 05:07:58,353 - INFO - load | 2 | (0.6000000000000001, 0.15000000000000002) | 1 | 0 | set() | 0| 0.0 | 0.0 
2021-09-29 05:07:58,484 - INFO - load | 2 | (0.6000000000000001, 0.2) | 1 | 0 | set() | 0| 0.0 | 0.0 
2021-09-29 05:07:58,613 - INFO - load | 2 | (0.6000000000000001, 0.25) | 1 | 0 | set() | 0| 0.0 | 0.0 
2021-09-29 05:07:58,734 - INFO - load | 2 | (0.6000000000000001, 0.30000000000000004) | 1 | 0 | set() | 0| 0.0 | 0.0 
2021-09-29 05:07:58,855 - INFO - load | 2 | (0.6000000000000001, 0.35000000000000003) | 1 | 0 | set() | 0| 0.0 | 0.0 
2021-09-29 05:07:58,972 - INFO - load | 2 | (0.6000000000000001, 0.4) | 1 | 0 | set() | 0| 0.0 | 0.0 
2021-09-29 05:07:59,096 - INFO - compute | 2 | (0.6000000000000001, 0.45) | 1 | 2 | {40, 20} | 13| 4.29 | 9.960171044260534 
2021-09-29 05:07:59,216 - INFO - load | 2 | (0.6000000000000001, 0.5) | 1 | 2 | {40, 20} | 13| 3.9000000000000004 | 9.960171044260534 
2021-09-29 05:07:59,344 - INFO - compute | 2 | (0.6000000000000001, 0.55) | 1 | 3 | (40, 25) | 62| 16.740000000000002 | 47.502354211088694 
2021-09-29 05:07:59,466 - INFO - load | 2 | (0.6000000000000001, 0.6000000000000001) | 1 | 3 | (40, 25) | 62| 14.879999999999999 | 47.502354211088694 
2021-09-29 05:07:59,597 - INFO - compute | 2 | (0.6000000000000001, 0.65) | 1 | 4 | (40, 25) | 62| 13.020000000000001 | 47.502354211088694 
2021-09-29 05:07:59,750 - INFO - compute | 2 | (0.6000000000000001, 0.7000000000000001) | 1 | 5 | (50, 25) | 65| 11.7 | 49.80085522130266 
2021-09-29 05:07:59,883 - INFO - load | 2 | (0.6000000000000001, 0.75) | 1 | 5 | (50, 25) | 65| 9.750000000000002 | 49.80085522130266 
2021-09-29 05:08:00,016 - INFO - load | 2 | (0.6000000000000001, 0.8) | 1 | 5 | (50, 25) | 65| 7.8 | 49.80085522130266 
2021-09-29 05:08:00,181 - INFO - compute | 2 | (0.6000000000000001, 0.8500000000000001) | 1 | 7 | (42, 25) | 79| 7.109999999999998 | 60.52719326896786 
2021-09-29 05:08:00,368 - INFO - compute | 2 | (0.6000000000000001, 0.9) | 1 | 9 | (42, 25) | 79| 4.739999999999996 | 60.52719326896786 
2021-09-29 05:08:00,646 - INFO - compute | 2 | (0.6000000000000001, 0.9500000000000001) | 1 | 13 | (42, 25) | 79| 2.3699999999999934 | 60.52719326896786 
2021-09-29 05:08:01,113 - INFO - compute | 2 | (0.6000000000000001, 1.0) | 1 | 20 | (39, 25) | 85| 0.0 | 65.12419528939579 
2021-09-29 05:08:01,231 - INFO - load | 2 | (0.65, 0.0) | 1 | 0 | set() | 0| 0.0 | 0.0 
2021-09-29 05:08:01,345 - INFO - load | 2 | (0.65, 0.05) | 1 | 0 | set() | 0| 0.0 | 0.0 
2021-09-29 05:08:01,459 - INFO - load | 2 | (0.65, 0.1) | 1 | 0 | set() | 0| 0.0 | 0.0 
2021-09-29 05:08:01,573 - INFO - load | 2 | (0.65, 0.15000000000000002) | 1 | 0 | set() | 0| 0.0 | 0.0 
2021-09-29 05:08:01,686 - INFO - load | 2 | (0.65, 0.2) | 1 | 0 | set() | 0| 0.0 | 0.0 
2021-09-29 05:08:01,803 - INFO - load | 2 | (0.65, 0.25) | 1 | 0 | set() | 0| 0.0 | 0.0 
2021-09-29 05:08:01,928 - INFO - load | 2 | (0.65, 0.30000000000000004) | 1 | 0 | set() | 0| 0.0 | 0.0 
2021-09-29 05:08:02,056 - INFO - load | 2 | (0.65, 0.35000000000000003) | 1 | 0 | set() | 0| 0.0 | 0.0 
2021-09-29 05:08:02,186 - INFO - compute | 2 | (0.65, 0.4) | 1 | 1 | {20} | 0| 0.0 | 0.0 
2021-09-29 05:08:02,305 - INFO - load | 2 | (0.65, 0.45) | 1 | 2 | {40, 20} | 13| 4.6475 | 9.960171044260534 
2021-09-29 05:08:02,432 - INFO - load | 2 | (0.65, 0.5) | 1 | 3 | (40, 25) | 62| 20.150000000000002 | 47.502354211088694 
2021-09-29 05:08:02,553 - INFO - load | 2 | (0.65, 0.55) | 1 | 3 | (40, 25) | 62| 18.134999999999998 | 47.502354211088694 
2021-09-29 05:08:02,673 - INFO - load | 2 | (0.65, 0.6000000000000001) | 1 | 4 | (40, 25) | 62| 16.119999999999997 | 47.502354211088694 
2021-09-29 05:08:02,796 - INFO - load | 2 | (0.65, 0.65) | 1 | 5 | (50, 25) | 65| 14.787499999999998 | 49.80085522130266 
2021-09-29 05:08:02,916 - INFO - load | 2 | (0.65, 0.7000000000000001) | 1 | 5 | (50, 25) | 65| 12.674999999999997 | 49.80085522130266 
2021-09-29 05:08:03,071 - INFO - compute | 2 | (0.65, 0.75) | 1 | 6 | (42, 25) | 79| 12.837499999999999 | 60.52719326896786 
2021-09-29 05:08:03,252 - INFO - compute | 2 | (0.65, 0.8) | 1 | 8 | (42, 25) | 79| 10.27 | 60.52719326896786 
2021-09-29 05:08:03,384 - INFO - load | 2 | (0.65, 0.8500000000000001) | 1 | 9 | (42, 25) | 79| 7.7024999999999935 | 60.52719326896786 
2021-09-29 05:08:03,843 - INFO - compute | 2 | (0.65, 0.9) | 1 | 18 | (39, 25) | 85| 5.524999999999995 | 65.12419528939579 
2021-09-29 05:08:04,458 - INFO - compute | 2 | (0.65, 0.9500000000000001) | 1 | 24 | (25, 37) | 101| 3.282499999999997 | 77.38286734387029 
2021-09-29 05:08:06,592 - INFO - compute | 2 | (0.65, 1.0) | 1 | 48 | (25, 37) | 101| 0.0 | 77.38286734387029 
2021-09-29 05:08:06,706 - INFO - load | 2 | (0.7000000000000001, 0.0) | 1 | 0 | set() | 0| 0.0 | 0.0 
2021-09-29 05:08:06,825 - INFO - load | 2 | (0.7000000000000001, 0.05) | 1 | 0 | set() | 0| 0.0 | 0.0 
2021-09-29 05:08:06,943 - INFO - load | 2 | (0.7000000000000001, 0.1) | 1 | 0 | set() | 0| 0.0 | 0.0 
2021-09-29 05:08:07,062 - INFO - load | 2 | (0.7000000000000001, 0.15000000000000002) | 1 | 0 | set() | 0| 0.0 | 0.0 
2021-09-29 05:08:07,176 - INFO - load | 2 | (0.7000000000000001, 0.2) | 1 | 0 | set() | 0| 0.0 | 0.0 
2021-09-29 05:08:07,290 - INFO - load | 2 | (0.7000000000000001, 0.25) | 1 | 0 | set() | 0| 0.0 | 0.0 
2021-09-29 05:08:07,412 - INFO - load | 2 | (0.7000000000000001, 0.30000000000000004) | 1 | 0 | set() | 0| 0.0 | 0.0 
2021-09-29 05:08:07,543 - INFO - load | 2 | (0.7000000000000001, 0.35000000000000003) | 1 | 1 | {20} | 0| 0.0 | 0.0 
2021-09-29 05:08:07,665 - INFO - load | 2 | (0.7000000000000001, 0.4) | 1 | 2 | {40, 20} | 13| 5.460000000000001 | 9.960171044260534 
2021-09-29 05:08:07,787 - INFO - load | 2 | (0.7000000000000001, 0.45) | 1 | 3 | (40, 25) | 62| 23.87 | 47.502354211088694 
2021-09-29 05:08:07,930 - INFO - load | 2 | (0.7000000000000001, 0.5) | 1 | 3 | (40, 25) | 62| 21.700000000000003 | 47.502354211088694 
2021-09-29 05:08:08,074 - INFO - load | 2 | (0.7000000000000001, 0.55) | 1 | 4 | (40, 25) | 62| 19.53 | 47.502354211088694 
2021-09-29 05:08:08,207 - INFO - load | 2 | (0.7000000000000001, 0.6000000000000001) | 1 | 5 | (50, 25) | 65| 18.2 | 49.80085522130266 
2021-09-29 05:08:08,337 - INFO - load | 2 | (0.7000000000000001, 0.65) | 1 | 5 | (50, 25) | 65| 15.924999999999999 | 49.80085522130266 
2021-09-29 05:08:08,493 - INFO - load | 2 | (0.7000000000000001, 0.7000000000000001) | 1 | 6 | (42, 25) | 79| 16.589999999999996 | 60.52719326896786 
2021-09-29 05:08:08,637 - INFO - load | 2 | (0.7000000000000001, 0.75) | 1 | 8 | (42, 25) | 79| 13.825000000000003 | 60.52719326896786 
2021-09-29 05:08:08,941 - INFO - compute | 2 | (0.7000000000000001, 0.8) | 1 | 12 | (42, 25) | 79| 11.06 | 60.52719326896786 
2021-09-29 05:08:09,087 - INFO - load | 2 | (0.7000000000000001, 0.8500000000000001) | 1 | 20 | (39, 25) | 85| 8.924999999999999 | 65.12419528939579 
2021-09-29 05:08:10,103 - INFO - compute | 2 | (0.7000000000000001, 0.9) | 1 | 31 | (25, 37) | 101| 7.069999999999995 | 77.38286734387029 
2021-09-29 05:08:13,973 - INFO - compute | 2 | (0.7000000000000001, 0.9500000000000001) | 1 | 65 | (25, 37) | 101| 3.534999999999992 | 77.38286734387029 
2021-09-29 05:08:33,275 - INFO - compute | 2 | (0.7000000000000001, 1.0) | 1 | 148 | (25, 37) | 101| 0.0 | 77.38286734387029 
2021-09-29 05:08:33,394 - INFO - load | 2 | (0.75, 0.0) | 1 | 0 | set() | 0| 0.0 | 0.0 
2021-09-29 05:08:33,509 - INFO - load | 2 | (0.75, 0.05) | 1 | 0 | set() | 0| 0.0 | 0.0 
2021-09-29 05:08:33,627 - INFO - load | 2 | (0.75, 0.1) | 1 | 0 | set() | 0| 0.0 | 0.0 
2021-09-29 05:08:33,747 - INFO - load | 2 | (0.75, 0.15000000000000002) | 1 | 0 | set() | 0| 0.0 | 0.0 
2021-09-29 05:08:33,870 - INFO - load | 2 | (0.75, 0.2) | 1 | 0 | set() | 0| 0.0 | 0.0 
2021-09-29 05:08:33,992 - INFO - load | 2 | (0.75, 0.25) | 1 | 0 | set() | 0| 0.0 | 0.0 
2021-09-29 05:08:34,115 - INFO - load | 2 | (0.75, 0.30000000000000004) | 1 | 0 | set() | 0| 0.0 | 0.0 
2021-09-29 05:08:34,246 - INFO - load | 2 | (0.75, 0.35000000000000003) | 1 | 1 | {20} | 0| 0.0 | 0.0 
2021-09-29 05:08:34,366 - INFO - load | 2 | (0.75, 0.4) | 1 | 2 | {40, 20} | 13| 5.85 | 9.960171044260534 
2021-09-29 05:08:34,488 - INFO - load | 2 | (0.75, 0.45) | 1 | 3 | (40, 25) | 62| 25.575 | 47.502354211088694 
2021-09-29 05:08:34,621 - INFO - load | 2 | (0.75, 0.5) | 1 | 4 | (40, 25) | 62| 23.25 | 47.502354211088694 
2021-09-29 05:08:34,753 - INFO - load | 2 | (0.75, 0.55) | 1 | 5 | (50, 25) | 65| 21.937499999999996 | 49.80085522130266 
2021-09-29 05:08:34,887 - INFO - load | 2 | (0.75, 0.6000000000000001) | 1 | 5 | (50, 25) | 65| 19.499999999999996 | 49.80085522130266 
2021-09-29 05:08:35,028 - INFO - load | 2 | (0.75, 0.65) | 1 | 6 | (42, 25) | 79| 20.737499999999997 | 60.52719326896786 
2021-09-29 05:08:35,168 - INFO - load | 2 | (0.75, 0.7000000000000001) | 1 | 8 | (42, 25) | 79| 17.775 | 60.52719326896786 
2021-09-29 05:08:35,323 - INFO - load | 2 | (0.75, 0.75) | 1 | 12 | (42, 25) | 79| 14.8125 | 60.52719326896786 
2021-09-29 05:08:35,472 - INFO - load | 2 | (0.75, 0.8) | 1 | 20 | (39, 25) | 85| 12.749999999999993 | 65.12419528939579 
2021-09-29 05:08:36,685 - INFO - compute | 2 | (0.75, 0.8500000000000001) | 1 | 34 | (25, 37) | 101| 11.362499999999994 | 77.38286734387029 
2021-09-29 05:08:42,372 - INFO - compute | 2 | (0.75, 0.9) | 1 | 79 | (25, 37) | 101| 7.574999999999996 | 77.38286734387029 
2021-09-29 05:09:17,105 - INFO - compute | 2 | (0.75, 0.9500000000000001) | 1 | 194 | (25, 37) | 101| 3.787499999999998 | 77.38286734387029 
2021-09-29 05:21:52,161 - INFO - compute | 2 | (0.75, 1.0) | 1 | 1000 | (25, 37) | 101| 0.0 | 77.38286734387029 
2021-09-29 05:21:52,298 - INFO - compute | 2 | (0.8, 0.0) | 0 | 0 | set() | 0| 0.0 | 0 
2021-09-29 05:21:52,437 - INFO - load | 2 | (0.8, 0.05) | 0 | 0 | set() | 0| 0.0 | 0 
2021-09-29 05:21:52,574 - INFO - load | 2 | (0.8, 0.1) | 0 | 0 | set() | 0| 0.0 | 0 
2021-09-29 05:21:52,711 - INFO - load | 2 | (0.8, 0.15000000000000002) | 0 | 0 | set() | 0| 0.0 | 0 
2021-09-29 05:21:52,848 - INFO - load | 2 | (0.8, 0.2) | 0 | 0 | set() | 0| 0.0 | 0 
2021-09-29 05:21:52,986 - INFO - load | 2 | (0.8, 0.25) | 0 | 0 | set() | 0| 0.0 | 0 
2021-09-29 05:21:53,124 - INFO - load | 2 | (0.8, 0.30000000000000004) | 0 | 0 | set() | 0| 0.0 | 0 
2021-09-29 05:21:53,263 - INFO - compute | 2 | (0.8, 0.35000000000000003) | 0 | 2 | {40, 20} | 0| 0.0 | 0 
2021-09-29 05:21:53,404 - INFO - compute | 2 | (0.8, 0.4) | 0 | 3 | (40, 25) | 0| 0.0 | 0 
2021-09-29 05:21:53,545 - INFO - load | 2 | (0.8, 0.45) | 0 | 3 | (40, 25) | 0| 0.0 | 0 
2021-09-29 05:21:53,685 - INFO - compute | 2 | (0.8, 0.5) | 0 | 5 | (50, 62) | 0| 0.0 | 0 
2021-09-29 05:21:53,827 - INFO - load | 2 | (0.8, 0.55) | 0 | 5 | (50, 62) | 0| 0.0 | 0 
2021-09-29 05:21:54,013 - INFO - load | 2 | (0.8, 0.6000000000000001) | 0 | 5 | (50, 62) | 0| 0.0 | 0 
2021-09-29 05:21:54,157 - INFO - compute | 2 | (0.8, 0.65) | 0 | 8 | (480, 62) | 0| 0.0 | 0 
2021-09-29 05:21:54,299 - INFO - compute | 2 | (0.8, 0.7000000000000001) | 0 | 12 | (480, 335) | 0| 0.0 | 0 
2021-09-29 05:21:54,443 - INFO - compute | 2 | (0.8, 0.75) | 0 | 20 | (2535, 698) | 0| 0.0 | 0 
2021-09-29 05:21:54,588 - INFO - compute | 2 | (0.8, 0.8) | 0 | 37 | (3658, 2535) | 0| 0.0 | 0 
2021-09-29 05:21:54,739 - INFO - compute | 2 | (0.8, 0.8500000000000001) | 0 | 89 | (7589, 5595) | 0| 0.0 | 0 
2021-09-29 05:21:54,926 - INFO - compute | 2 | (0.8, 0.9) | 0 | 235 | (9709, 6139) | 0| 0.0 | 0 
2021-09-29 05:21:55,881 - INFO - compute | 2 | (0.8, 0.9500000000000001) | 0 | 1000 | (9994, 9993) | 0| 0.0 | 0 
2021-09-29 05:21:56,028 - INFO - load | 2 | (0.8, 1.0) | 0 | 1000 | (9994, 9993) | 0| 0.0 | 0 
2021-09-29 05:21:56,165 - INFO - load | 2 | (0.8500000000000001, 0.0) | 0 | 0 | set() | 0| 0.0 | 0 
2021-09-29 05:21:56,302 - INFO - load | 2 | (0.8500000000000001, 0.05) | 0 | 0 | set() | 0| 0.0 | 0 
2021-09-29 05:21:56,439 - INFO - load | 2 | (0.8500000000000001, 0.1) | 0 | 0 | set() | 0| 0.0 | 0 
2021-09-29 05:21:56,577 - INFO - load | 2 | (0.8500000000000001, 0.15000000000000002) | 0 | 0 | set() | 0| 0.0 | 0 
2021-09-29 05:21:56,721 - INFO - load | 2 | (0.8500000000000001, 0.2) | 0 | 0 | set() | 0| 0.0 | 0 
2021-09-29 05:21:56,858 - INFO - load | 2 | (0.8500000000000001, 0.25) | 0 | 0 | set() | 0| 0.0 | 0 
2021-09-29 05:21:57,006 - INFO - compute | 2 | (0.8500000000000001, 0.30000000000000004) | 0 | 1 | {20} | 0| 0.0 | 0 
2021-09-29 05:21:57,146 - INFO - load | 2 | (0.8500000000000001, 0.35000000000000003) | 0 | 2 | {40, 20} | 0| 0.0 | 0 
2021-09-29 05:21:57,286 - INFO - load | 2 | (0.8500000000000001, 0.4) | 0 | 3 | (40, 25) | 0| 0.0 | 0 
2021-09-29 05:21:57,434 - INFO - compute | 2 | (0.8500000000000001, 0.45) | 0 | 4 | (40, 62) | 0| 0.0 | 0 
2021-09-29 05:21:57,576 - INFO - load | 2 | (0.8500000000000001, 0.5) | 0 | 5 | (50, 62) | 0| 0.0 | 0 
2021-09-29 05:21:57,716 - INFO - load | 2 | (0.8500000000000001, 0.55) | 0 | 5 | (50, 62) | 0| 0.0 | 0 
2021-09-29 05:21:57,865 - INFO - compute | 2 | (0.8500000000000001, 0.6000000000000001) | 0 | 7 | (480, 62) | 0| 0.0 | 0 
2021-09-29 05:21:58,018 - INFO - compute | 2 | (0.8500000000000001, 0.65) | 0 | 9 | (480, 335) | 0| 0.0 | 0 
2021-09-29 05:21:58,161 - INFO - load | 2 | (0.8500000000000001, 0.7000000000000001) | 0 | 20 | (2535, 698) | 0| 0.0 | 0 
2021-09-29 05:21:58,311 - INFO - compute | 2 | (0.8500000000000001, 0.75) | 0 | 34 | (3658, 2535) | 0| 0.0 | 0 
2021-09-29 05:21:58,455 - INFO - load | 2 | (0.8500000000000001, 0.8) | 0 | 89 | (7589, 5595) | 0| 0.0 | 0 
2021-09-29 05:21:58,659 - INFO - compute | 2 | (0.8500000000000001, 0.8500000000000001) | 0 | 255 | (9709, 6139) | 0| 0.0 | 0 
2021-09-29 05:21:58,805 - INFO - load | 2 | (0.8500000000000001, 0.9) | 0 | 1000 | (9994, 9993) | 0| 0.0 | 0 
2021-09-29 05:21:58,949 - INFO - load | 2 | (0.8500000000000001, 0.9500000000000001) | 0 | 1000 | (9994, 9993) | 0| 0.0 | 0 
2021-09-29 05:21:59,096 - INFO - load | 2 | (0.8500000000000001, 1.0) | 0 | 1000 | (9994, 9993) | 0| 0.0 | 0 
2021-09-29 05:21:59,233 - INFO - load | 2 | (0.9, 0.0) | 0 | 0 | set() | 0| 0.0 | 0 
2021-09-29 05:21:59,370 - INFO - load | 2 | (0.9, 0.05) | 0 | 0 | set() | 0| 0.0 | 0 
2021-09-29 05:21:59,507 - INFO - load | 2 | (0.9, 0.1) | 0 | 0 | set() | 0| 0.0 | 0 
2021-09-29 05:21:59,644 - INFO - load | 2 | (0.9, 0.15000000000000002) | 0 | 0 | set() | 0| 0.0 | 0 
2021-09-29 05:21:59,781 - INFO - load | 2 | (0.9, 0.2) | 0 | 0 | set() | 0| 0.0 | 0 
2021-09-29 05:21:59,918 - INFO - load | 2 | (0.9, 0.25) | 0 | 0 | set() | 0| 0.0 | 0 
2021-09-29 05:22:00,060 - INFO - load | 2 | (0.9, 0.30000000000000004) | 0 | 2 | {40, 20} | 0| 0.0 | 0 
2021-09-29 05:22:00,201 - INFO - load | 2 | (0.9, 0.35000000000000003) | 0 | 3 | (40, 25) | 0| 0.0 | 0 
2021-09-29 05:22:00,340 - INFO - load | 2 | (0.9, 0.4) | 0 | 3 | (40, 25) | 0| 0.0 | 0 
2021-09-29 05:22:00,481 - INFO - load | 2 | (0.9, 0.45) | 0 | 5 | (50, 62) | 0| 0.0 | 0 
2021-09-29 05:22:00,623 - INFO - load | 2 | (0.9, 0.5) | 0 | 5 | (50, 62) | 0| 0.0 | 0 
2021-09-29 05:22:00,780 - INFO - compute | 2 | (0.9, 0.55) | 0 | 6 | (50, 62) | 0| 0.0 | 0 
2021-09-29 05:22:00,930 - INFO - load | 2 | (0.9, 0.6000000000000001) | 0 | 9 | (480, 335) | 0| 0.0 | 0 
2021-09-29 05:22:01,092 - INFO - compute | 2 | (0.9, 0.65) | 0 | 18 | (2535, 698) | 0| 0.0 | 0 
2021-09-29 05:22:01,249 - INFO - compute | 2 | (0.9, 0.7000000000000001) | 0 | 31 | (3658, 2535) | 0| 0.0 | 0 
2021-09-29 05:22:01,412 - INFO - compute | 2 | (0.9, 0.75) | 0 | 79 | (6016, 5821) | 0| 0.0 | 0 
2021-09-29 05:22:01,556 - INFO - load | 2 | (0.9, 0.8) | 0 | 235 | (9709, 6139) | 0| 0.0 | 0 
2021-09-29 05:22:01,702 - INFO - load | 2 | (0.9, 0.8500000000000001) | 0 | 1000 | (9994, 9993) | 0| 0.0 | 0 
2021-09-29 05:22:01,846 - INFO - load | 2 | (0.9, 0.9) | 0 | 1000 | (9994, 9993) | 0| 0.0 | 0 
2021-09-29 05:22:01,991 - INFO - load | 2 | (0.9, 0.9500000000000001) | 0 | 1000 | (9994, 9993) | 0| 0.0 | 0 
2021-09-29 05:22:02,137 - INFO - load | 2 | (0.9, 1.0) | 0 | 1000 | (9994, 9993) | 0| 0.0 | 0 
2021-09-29 05:22:02,273 - INFO - load | 2 | (0.9500000000000001, 0.0) | 0 | 0 | set() | 0| 0.0 | 0 
2021-09-29 05:22:02,410 - INFO - load | 2 | (0.9500000000000001, 0.05) | 0 | 0 | set() | 0| 0.0 | 0 
2021-09-29 05:22:02,548 - INFO - load | 2 | (0.9500000000000001, 0.1) | 0 | 0 | set() | 0| 0.0 | 0 
2021-09-29 05:22:02,686 - INFO - load | 2 | (0.9500000000000001, 0.15000000000000002) | 0 | 0 | set() | 0| 0.0 | 0 
2021-09-29 05:22:02,823 - INFO - load | 2 | (0.9500000000000001, 0.2) | 0 | 0 | set() | 0| 0.0 | 0 
2021-09-29 05:22:02,960 - INFO - load | 2 | (0.9500000000000001, 0.25) | 0 | 0 | set() | 0| 0.0 | 0 
2021-09-29 05:22:03,100 - INFO - load | 2 | (0.9500000000000001, 0.30000000000000004) | 0 | 2 | {40, 20} | 0| 0.0 | 0 
2021-09-29 05:22:03,244 - INFO - load | 2 | (0.9500000000000001, 0.35000000000000003) | 0 | 3 | (40, 25) | 0| 0.0 | 0 
2021-09-29 05:22:03,393 - INFO - load | 2 | (0.9500000000000001, 0.4) | 0 | 4 | (40, 62) | 0| 0.0 | 0 
2021-09-29 05:22:03,533 - INFO - load | 2 | (0.9500000000000001, 0.45) | 0 | 5 | (50, 62) | 0| 0.0 | 0 
2021-09-29 05:22:03,678 - INFO - load | 2 | (0.9500000000000001, 0.5) | 0 | 5 | (50, 62) | 0| 0.0 | 0 
2021-09-29 05:22:03,822 - INFO - load | 2 | (0.9500000000000001, 0.55) | 0 | 8 | (480, 62) | 0| 0.0 | 0 
2021-09-29 05:22:03,990 - INFO - compute | 2 | (0.9500000000000001, 0.6000000000000001) | 0 | 13 | (480, 335) | 0| 0.0 | 0 
2021-09-29 05:22:04,160 - INFO - compute | 2 | (0.9500000000000001, 0.65) | 0 | 24 | (2535, 879) | 0| 0.0 | 0 
2021-09-29 05:22:04,331 - INFO - compute | 2 | (0.9500000000000001, 0.7000000000000001) | 0 | 65 | (5595, 3684) | 0| 0.0 | 0 
2021-09-29 05:22:04,523 - INFO - compute | 2 | (0.9500000000000001, 0.75) | 0 | 194 | (9709, 6139) | 0| 0.0 | 0 
2021-09-29 05:22:04,671 - INFO - load | 2 | (0.9500000000000001, 0.8) | 0 | 1000 | (9994, 9993) | 0| 0.0 | 0 
2021-09-29 05:22:04,817 - INFO - load | 2 | (0.9500000000000001, 0.8500000000000001) | 0 | 1000 | (9994, 9993) | 0| 0.0 | 0 
2021-09-29 05:22:04,963 - INFO - load | 2 | (0.9500000000000001, 0.9) | 0 | 1000 | (9994, 9993) | 0| 0.0 | 0 
2021-09-29 05:22:05,109 - INFO - load | 2 | (0.9500000000000001, 0.9500000000000001) | 0 | 1000 | (9994, 9993) | 0| 0.0 | 0 
2021-09-29 05:22:05,255 - INFO - load | 2 | (0.9500000000000001, 1.0) | 0 | 1000 | (9994, 9993) | 0| 0.0 | 0 
2021-09-29 05:22:05,393 - INFO - load | 2 | (1.0, 0.0) | 0 | 0 | set() | 0| 0.0 | 0 
2021-09-29 05:22:05,532 - INFO - load | 2 | (1.0, 0.05) | 0 | 0 | set() | 0| 0.0 | 0 
2021-09-29 05:22:05,669 - INFO - load | 2 | (1.0, 0.1) | 0 | 0 | set() | 0| 0.0 | 0 
2021-09-29 05:22:05,807 - INFO - load | 2 | (1.0, 0.15000000000000002) | 0 | 0 | set() | 0| 0.0 | 0 
2021-09-29 05:22:05,944 - INFO - load | 2 | (1.0, 0.2) | 0 | 0 | set() | 0| 0.0 | 0 
2021-09-29 05:22:06,093 - INFO - load | 2 | (1.0, 0.25) | 0 | 1 | {20} | 0| 0.0 | 0 
2021-09-29 05:22:06,233 - INFO - load | 2 | (1.0, 0.30000000000000004) | 0 | 2 | {40, 20} | 0| 0.0 | 0 
2021-09-29 05:22:06,373 - INFO - load | 2 | (1.0, 0.35000000000000003) | 0 | 3 | (40, 25) | 0| 0.0 | 0 
2021-09-29 05:22:06,514 - INFO - load | 2 | (1.0, 0.4) | 0 | 5 | (50, 62) | 0| 0.0 | 0 
2021-09-29 05:22:06,654 - INFO - load | 2 | (1.0, 0.45) | 0 | 5 | (50, 62) | 0| 0.0 | 0 
2021-09-29 05:22:06,812 - INFO - load | 2 | (1.0, 0.5) | 0 | 6 | (50, 62) | 0| 0.0 | 0 
2021-09-29 05:22:06,962 - INFO - load | 2 | (1.0, 0.55) | 0 | 9 | (480, 335) | 0| 0.0 | 0 
2021-09-29 05:22:07,106 - INFO - load | 2 | (1.0, 0.6000000000000001) | 0 | 20 | (2535, 698) | 0| 0.0 | 0 
2021-09-29 05:22:07,283 - INFO - compute | 2 | (1.0, 0.65) | 0 | 48 | (4113, 4042) | 0| 0.0 | 0 
2021-09-29 05:22:07,471 - INFO - compute | 2 | (1.0, 0.7000000000000001) | 0 | 148 | (8450, 7589) | 0| 0.0 | 0 
2021-09-29 05:22:07,617 - INFO - load | 2 | (1.0, 0.75) | 0 | 1000 | (9994, 9993) | 0| 0.0 | 0 
2021-09-29 05:22:07,763 - INFO - load | 2 | (1.0, 0.8) | 0 | 1000 | (9994, 9993) | 0| 0.0 | 0 
2021-09-29 05:22:07,907 - INFO - load | 2 | (1.0, 0.8500000000000001) | 0 | 1000 | (9994, 9993) | 0| 0.0 | 0 
2021-09-29 05:22:08,053 - INFO - load | 2 | (1.0, 0.9) | 0 | 1000 | (9994, 9993) | 0| 0.0 | 0 
2021-09-29 05:22:08,197 - INFO - load | 2 | (1.0, 0.9500000000000001) | 0 | 1000 | (9994, 9993) | 0| 0.0 | 0 
2021-09-29 05:22:08,341 - INFO - load | 2 | (1.0, 1.0) | 0 | 1000 | (9994, 9993) | 0| 0.0 | 0 
