2021-09-27 10:29:23,636 - INFO - run algo
2021-09-27 10:29:23,917 - INFO - 9513
2021-09-27 10:29:23,926 - INFO - 10000
2021-09-27 10:29:30,573 - INFO - load:
2021-09-27 10:29:30,575 - INFO - Finish random requester set R and supplier set S 
                             percent_R=0.1, num_R=1000, len_R=1000 
                             percent_S=0.1, num_S=1000, len_S=1000
2021-09-27 10:29:40,656 - INFO - load | 2 | (0.0, 0.0) | 1000 | 0 | set() | 0| 0.0 | 0.0 
2021-09-27 10:29:40,657 - INFO - load | 2 | (0.0, 0.05) | 1000 | 0 | set() | 0| 0.0 | 0.0 
2021-09-27 10:29:40,658 - INFO - load | 2 | (0.0, 0.1) | 1000 | 0 | set() | 0| 0.0 | 0.0 
2021-09-27 10:29:40,659 - INFO - load | 2 | (0.0, 0.15000000000000002) | 1000 | 0 | set() | 0| 0.0 | 0.0 
2021-09-27 10:29:40,660 - INFO - load | 2 | (0.0, 0.2) | 1000 | 0 | set() | 0| 0.0 | 0.0 
2021-09-27 10:29:40,661 - INFO - load | 2 | (0.0, 0.25) | 1000 | 0 | set() | 0| 0.0 | 0.0 
2021-09-27 10:29:40,662 - INFO - load | 2 | (0.0, 0.30000000000000004) | 1000 | 0 | set() | 0| 0.0 | 0.0 
2021-09-27 10:29:40,663 - INFO - load | 2 | (0.0, 0.35000000000000003) | 1000 | 0 | set() | 0| 0.0 | 0.0 
2021-09-27 10:29:40,664 - INFO - load | 2 | (0.0, 0.4) | 1000 | 0 | set() | 0| 0.0 | 0.0 
2021-09-27 10:29:40,665 - INFO - load | 2 | (0.0, 0.45) | 1000 | 0 | set() | 0| 0.0 | 0.0 
2021-09-27 10:29:40,666 - INFO - load | 2 | (0.0, 0.5) | 1000 | 0 | set() | 0| 0.0 | 0.0 
2021-09-27 10:29:40,667 - INFO - load | 2 | (0.0, 0.55) | 1000 | 0 | set() | 0| 0.0 | 0.0 
2021-09-27 10:29:40,668 - INFO - load | 2 | (0.0, 0.6000000000000001) | 1000 | 0 | set() | 0| 0.0 | 0.0 
2021-09-27 10:29:40,669 - INFO - load | 2 | (0.0, 0.65) | 1000 | 0 | set() | 0| 0.0 | 0.0 
2021-09-27 10:29:40,670 - INFO - load | 2 | (0.0, 0.7000000000000001) | 1000 | 0 | set() | 0| 0.0 | 0.0 
2021-09-27 10:29:40,671 - INFO - load | 2 | (0.0, 0.75) | 1000 | 0 | set() | 0| 0.0 | 0.0 
2021-09-27 10:29:40,672 - INFO - load | 2 | (0.0, 0.8) | 1000 | 0 | set() | 0| 0.0 | 0.0 
2021-09-27 10:29:40,673 - INFO - load | 2 | (0.0, 0.8500000000000001) | 1000 | 0 | set() | 0| 0.0 | 0.0 
2021-09-27 10:29:40,674 - INFO - load | 2 | (0.0, 0.9) | 1000 | 0 | set() | 0| 0.0 | 0.0 
2021-09-27 10:29:40,675 - INFO - load | 2 | (0.0, 0.9500000000000001) | 1000 | 0 | set() | 0| 0.0 | 0.0 
2021-09-27 10:29:40,676 - INFO - load | 2 | (0.0, 1.0) | 1000 | 0 | set() | 0| 0.0 | 0.0 
2021-09-27 10:29:40,678 - INFO - load | 2 | (0.05, 0.0) | 1000 | 0 | set() | 0| 0.0 | 0.0 
2021-09-27 10:29:40,679 - INFO - load | 2 | (0.05, 0.05) | 1000 | 0 | set() | 0| 0.0 | 0.0 
2021-09-27 10:29:40,680 - INFO - load | 2 | (0.05, 0.1) | 1000 | 0 | set() | 0| 0.0 | 0.0 
2021-09-27 10:29:40,681 - INFO - load | 2 | (0.05, 0.15000000000000002) | 1000 | 0 | set() | 0| 0.0 | 0.0 
2021-09-27 10:29:40,682 - INFO - load | 2 | (0.05, 0.2) | 1000 | 0 | set() | 0| 0.0 | 0.0 
2021-09-27 10:29:40,683 - INFO - load | 2 | (0.05, 0.25) | 1000 | 0 | set() | 0| 0.0 | 0.0 
2021-09-27 10:29:40,684 - INFO - load | 2 | (0.05, 0.30000000000000004) | 1000 | 0 | set() | 0| 0.0 | 0.0 
2021-09-27 10:29:40,685 - INFO - load | 2 | (0.05, 0.35000000000000003) | 1000 | 0 | set() | 0| 0.0 | 0.0 
2021-09-27 10:29:40,686 - INFO - load | 2 | (0.05, 0.4) | 1000 | 0 | set() | 0| 0.0 | 0.0 
2021-09-27 10:29:40,687 - INFO - load | 2 | (0.05, 0.45) | 1000 | 0 | set() | 0| 0.0 | 0.0 
2021-09-27 10:29:40,688 - INFO - load | 2 | (0.05, 0.5) | 1000 | 0 | set() | 0| 0.0 | 0.0 
2021-09-27 10:29:40,690 - INFO - load | 2 | (0.05, 0.55) | 1000 | 0 | set() | 0| 0.0 | 0.0 
2021-09-27 10:29:40,691 - INFO - load | 2 | (0.05, 0.6000000000000001) | 1000 | 0 | set() | 0| 0.0 | 0.0 
2021-09-27 10:29:40,692 - INFO - load | 2 | (0.05, 0.65) | 1000 | 0 | set() | 0| 0.0 | 0.0 
2021-09-27 10:29:40,693 - INFO - load | 2 | (0.05, 0.7000000000000001) | 1000 | 0 | set() | 0| 0.0 | 0.0 
2021-09-27 10:29:40,694 - INFO - load | 2 | (0.05, 0.75) | 1000 | 0 | set() | 0| 0.0 | 0.0 
2021-09-27 10:29:40,695 - INFO - load | 2 | (0.05, 0.8) | 1000 | 0 | set() | 0| 0.0 | 0.0 
2021-09-27 10:29:40,696 - INFO - load | 2 | (0.05, 0.8500000000000001) | 1000 | 0 | set() | 0| 0.0 | 0.0 
2021-09-27 10:29:40,697 - INFO - load | 2 | (0.05, 0.9) | 1000 | 0 | set() | 0| 0.0 | 0.0 
2021-09-27 10:29:40,698 - INFO - load | 2 | (0.05, 0.9500000000000001) | 1000 | 0 | set() | 0| 0.0 | 0.0 
2021-09-27 10:29:40,699 - INFO - load | 2 | (0.05, 1.0) | 1000 | 0 | set() | 0| 0.0 | 0.0 
2021-09-27 10:29:40,700 - INFO - load | 2 | (0.1, 0.0) | 1000 | 0 | set() | 0| 0.0 | 0.0 
2021-09-27 10:29:40,701 - INFO - load | 2 | (0.1, 0.05) | 1000 | 0 | set() | 0| 0.0 | 0.0 
2021-09-27 10:29:40,702 - INFO - load | 2 | (0.1, 0.1) | 1000 | 0 | set() | 0| 0.0 | 0.0 
2021-09-27 10:29:40,703 - INFO - load | 2 | (0.1, 0.15000000000000002) | 1000 | 0 | set() | 0| 0.0 | 0.0 
2021-09-27 10:29:40,704 - INFO - load | 2 | (0.1, 0.2) | 1000 | 0 | set() | 0| 0.0 | 0.0 
2021-09-27 10:29:40,706 - INFO - load | 2 | (0.1, 0.25) | 1000 | 0 | set() | 0| 0.0 | 0.0 
2021-09-27 10:29:40,707 - INFO - load | 2 | (0.1, 0.30000000000000004) | 1000 | 0 | set() | 0| 0.0 | 0.0 
2021-09-27 10:29:40,708 - INFO - load | 2 | (0.1, 0.35000000000000003) | 1000 | 0 | set() | 0| 0.0 | 0.0 
2021-09-27 10:29:40,709 - INFO - load | 2 | (0.1, 0.4) | 1000 | 0 | set() | 0| 0.0 | 0.0 
2021-09-27 10:29:40,710 - INFO - load | 2 | (0.1, 0.45) | 1000 | 0 | set() | 0| 0.0 | 0.0 
2021-09-27 10:29:40,711 - INFO - load | 2 | (0.1, 0.5) | 1000 | 0 | set() | 0| 0.0 | 0.0 
2021-09-27 10:29:40,712 - INFO - load | 2 | (0.1, 0.55) | 1000 | 0 | set() | 0| 0.0 | 0.0 
2021-09-27 10:29:40,713 - INFO - load | 2 | (0.1, 0.6000000000000001) | 1000 | 0 | set() | 0| 0.0 | 0.0 
2021-09-27 10:29:40,714 - INFO - load | 2 | (0.1, 0.65) | 1000 | 0 | set() | 0| 0.0 | 0.0 
2021-09-27 10:29:40,715 - INFO - load | 2 | (0.1, 0.7000000000000001) | 1000 | 0 | set() | 0| 0.0 | 0.0 
2021-09-27 10:29:40,716 - INFO - load | 2 | (0.1, 0.75) | 1000 | 0 | set() | 0| 0.0 | 0.0 
2021-09-27 10:29:40,717 - INFO - load | 2 | (0.1, 0.8) | 1000 | 0 | set() | 0| 0.0 | 0.0 
2021-09-27 10:29:40,718 - INFO - load | 2 | (0.1, 0.8500000000000001) | 1000 | 0 | set() | 0| 0.0 | 0.0 
2021-09-27 10:29:40,719 - INFO - load | 2 | (0.1, 0.9) | 1000 | 0 | set() | 0| 0.0 | 0.0 
2021-09-27 10:29:40,720 - INFO - load | 2 | (0.1, 0.9500000000000001) | 1000 | 0 | set() | 0| 0.0 | 0.0 
2021-09-27 10:29:40,722 - INFO - load | 2 | (0.1, 1.0) | 1000 | 0 | set() | 0| 0.0 | 0.0 
2021-09-27 10:29:40,723 - INFO - load | 2 | (0.15000000000000002, 0.0) | 1000 | 0 | set() | 0| 0.0 | 0.0 
2021-09-27 10:29:40,725 - INFO - load | 2 | (0.15000000000000002, 0.05) | 1000 | 0 | set() | 0| 0.0 | 0.0 
2021-09-27 10:29:40,726 - INFO - load | 2 | (0.15000000000000002, 0.1) | 1000 | 0 | set() | 0| 0.0 | 0.0 
2021-09-27 10:29:40,727 - INFO - load | 2 | (0.15000000000000002, 0.15000000000000002) | 1000 | 0 | set() | 0| 0.0 | 0.0 
2021-09-27 10:29:40,728 - INFO - load | 2 | (0.15000000000000002, 0.2) | 1000 | 0 | set() | 0| 0.0 | 0.0 
2021-09-27 10:29:40,729 - INFO - load | 2 | (0.15000000000000002, 0.25) | 1000 | 0 | set() | 0| 0.0 | 0.0 
2021-09-27 10:29:40,730 - INFO - load | 2 | (0.15000000000000002, 0.30000000000000004) | 1000 | 0 | set() | 0| 0.0 | 0.0 
2021-09-27 10:29:40,731 - INFO - load | 2 | (0.15000000000000002, 0.35000000000000003) | 1000 | 0 | set() | 0| 0.0 | 0.0 
2021-09-27 10:29:40,732 - INFO - load | 2 | (0.15000000000000002, 0.4) | 1000 | 0 | set() | 0| 0.0 | 0.0 
2021-09-27 10:29:40,733 - INFO - load | 2 | (0.15000000000000002, 0.45) | 1000 | 0 | set() | 0| 0.0 | 0.0 
2021-09-27 10:29:40,735 - INFO - load | 2 | (0.15000000000000002, 0.5) | 1000 | 0 | set() | 0| 0.0 | 0.0 
2021-09-27 10:29:40,736 - INFO - load | 2 | (0.15000000000000002, 0.55) | 1000 | 0 | set() | 0| 0.0 | 0.0 
2021-09-27 10:29:40,737 - INFO - load | 2 | (0.15000000000000002, 0.6000000000000001) | 1000 | 0 | set() | 0| 0.0 | 0.0 
2021-09-27 10:29:40,738 - INFO - load | 2 | (0.15000000000000002, 0.65) | 1000 | 0 | set() | 0| 0.0 | 0.0 
2021-09-27 10:29:40,739 - INFO - load | 2 | (0.15000000000000002, 0.7000000000000001) | 1000 | 0 | set() | 0| 0.0 | 0.0 
2021-09-27 10:29:40,740 - INFO - load | 2 | (0.15000000000000002, 0.75) | 1000 | 0 | set() | 0| 0.0 | 0.0 
2021-09-27 10:29:40,741 - INFO - load | 2 | (0.15000000000000002, 0.8) | 1000 | 0 | set() | 0| 0.0 | 0.0 
2021-09-27 10:29:40,742 - INFO - load | 2 | (0.15000000000000002, 0.8500000000000001) | 1000 | 0 | set() | 0| 0.0 | 0.0 
2021-09-27 10:29:40,743 - INFO - load | 2 | (0.15000000000000002, 0.9) | 1000 | 0 | set() | 0| 0.0 | 0.0 
2021-09-27 10:29:40,744 - INFO - load | 2 | (0.15000000000000002, 0.9500000000000001) | 1000 | 0 | set() | 0| 0.0 | 0.0 
2021-09-27 10:29:40,745 - INFO - load | 2 | (0.15000000000000002, 1.0) | 1000 | 0 | set() | 0| 0.0 | 0.0 
2021-09-27 10:29:40,746 - INFO - load | 2 | (0.2, 0.0) | 1000 | 0 | set() | 0| 0.0 | 0.0 
2021-09-27 10:29:40,747 - INFO - load | 2 | (0.2, 0.05) | 1000 | 0 | set() | 0| 0.0 | 0.0 
2021-09-27 10:29:40,748 - INFO - load | 2 | (0.2, 0.1) | 1000 | 0 | set() | 0| 0.0 | 0.0 
2021-09-27 10:29:40,749 - INFO - load | 2 | (0.2, 0.15000000000000002) | 1000 | 0 | set() | 0| 0.0 | 0.0 
2021-09-27 10:29:40,751 - INFO - load | 2 | (0.2, 0.2) | 1000 | 0 | set() | 0| 0.0 | 0.0 
2021-09-27 10:29:40,752 - INFO - load | 2 | (0.2, 0.25) | 1000 | 0 | set() | 0| 0.0 | 0.0 
2021-09-27 10:29:40,753 - INFO - load | 2 | (0.2, 0.30000000000000004) | 1000 | 0 | set() | 0| 0.0 | 0.0 
2021-09-27 10:29:40,754 - INFO - load | 2 | (0.2, 0.35000000000000003) | 1000 | 0 | set() | 0| 0.0 | 0.0 
2021-09-27 10:29:40,755 - INFO - load | 2 | (0.2, 0.4) | 1000 | 0 | set() | 0| 0.0 | 0.0 
2021-09-27 10:29:40,756 - INFO - load | 2 | (0.2, 0.45) | 1000 | 0 | set() | 0| 0.0 | 0.0 
2021-09-27 10:29:40,757 - INFO - load | 2 | (0.2, 0.5) | 1000 | 0 | set() | 0| 0.0 | 0.0 
2021-09-27 10:29:40,758 - INFO - load | 2 | (0.2, 0.55) | 1000 | 0 | set() | 0| 0.0 | 0.0 
2021-09-27 10:29:40,760 - INFO - load | 2 | (0.2, 0.6000000000000001) | 1000 | 0 | set() | 0| 0.0 | 0.0 
2021-09-27 10:29:40,761 - INFO - load | 2 | (0.2, 0.65) | 1000 | 0 | set() | 0| 0.0 | 0.0 
2021-09-27 10:29:40,762 - INFO - load | 2 | (0.2, 0.7000000000000001) | 1000 | 0 | set() | 0| 0.0 | 0.0 
2021-09-27 10:29:40,763 - INFO - load | 2 | (0.2, 0.75) | 1000 | 0 | set() | 0| 0.0 | 0.0 
2021-09-27 10:29:40,764 - INFO - load | 2 | (0.2, 0.8) | 1000 | 0 | set() | 0| 0.0 | 0.0 
2021-09-27 10:29:40,765 - INFO - load | 2 | (0.2, 0.8500000000000001) | 1000 | 0 | set() | 0| 0.0 | 0.0 
2021-09-27 10:29:40,766 - INFO - load | 2 | (0.2, 0.9) | 1000 | 0 | set() | 0| 0.0 | 0.0 
2021-09-27 10:29:40,768 - INFO - load | 2 | (0.2, 0.9500000000000001) | 1000 | 0 | set() | 0| 0.0 | 0.0 
2021-09-27 10:29:40,769 - INFO - load | 2 | (0.2, 1.0) | 1000 | 0 | set() | 0| 0.0 | 0.0 
2021-09-27 10:29:40,770 - INFO - load | 2 | (0.25, 0.0) | 1000 | 0 | set() | 0| 0.0 | 0.0 
2021-09-27 10:29:40,771 - INFO - load | 2 | (0.25, 0.05) | 1000 | 0 | set() | 0| 0.0 | 0.0 
2021-09-27 10:29:40,772 - INFO - load | 2 | (0.25, 0.1) | 1000 | 0 | set() | 0| 0.0 | 0.0 
2021-09-27 10:29:40,773 - INFO - load | 2 | (0.25, 0.15000000000000002) | 1000 | 0 | set() | 0| 0.0 | 0.0 
2021-09-27 10:29:40,775 - INFO - load | 2 | (0.25, 0.2) | 1000 | 0 | set() | 0| 0.0 | 0.0 
2021-09-27 10:29:40,776 - INFO - load | 2 | (0.25, 0.25) | 1000 | 0 | set() | 0| 0.0 | 0.0 
2021-09-27 10:29:40,777 - INFO - load | 2 | (0.25, 0.30000000000000004) | 1000 | 0 | set() | 0| 0.0 | 0.0 
2021-09-27 10:29:40,778 - INFO - load | 2 | (0.25, 0.35000000000000003) | 1000 | 0 | set() | 0| 0.0 | 0.0 
2021-09-27 10:29:40,779 - INFO - load | 2 | (0.25, 0.4) | 1000 | 0 | set() | 0| 0.0 | 0.0 
2021-09-27 10:29:40,780 - INFO - load | 2 | (0.25, 0.45) | 1000 | 0 | set() | 0| 0.0 | 0.0 
2021-09-27 10:29:40,781 - INFO - load | 2 | (0.25, 0.5) | 1000 | 0 | set() | 0| 0.0 | 0.0 
2021-09-27 10:29:40,782 - INFO - load | 2 | (0.25, 0.55) | 1000 | 0 | set() | 0| 0.0 | 0.0 
2021-09-27 10:29:40,783 - INFO - load | 2 | (0.25, 0.6000000000000001) | 1000 | 0 | set() | 0| 0.0 | 0.0 
2021-09-27 10:29:40,784 - INFO - load | 2 | (0.25, 0.65) | 1000 | 0 | set() | 0| 0.0 | 0.0 
2021-09-27 10:29:40,785 - INFO - load | 2 | (0.25, 0.7000000000000001) | 1000 | 0 | set() | 0| 0.0 | 0.0 
2021-09-27 10:29:40,786 - INFO - load | 2 | (0.25, 0.75) | 1000 | 0 | set() | 0| 0.0 | 0.0 
2021-09-27 10:29:40,787 - INFO - load | 2 | (0.25, 0.8) | 1000 | 0 | set() | 0| 0.0 | 0.0 
2021-09-27 10:29:40,788 - INFO - load | 2 | (0.25, 0.8500000000000001) | 1000 | 0 | set() | 0| 0.0 | 0.0 
2021-09-27 10:29:40,789 - INFO - load | 2 | (0.25, 0.9) | 1000 | 0 | set() | 0| 0.0 | 0.0 
2021-09-27 10:29:40,790 - INFO - load | 2 | (0.25, 0.9500000000000001) | 1000 | 0 | set() | 0| 0.0 | 0.0 
2021-09-27 10:29:42,769 - INFO - compute | 2 | (0.25, 1.0) | 1000 | 1 | {20} | 83046| 0.0 | 22503.165705946223 
2021-09-27 10:29:42,785 - INFO - load | 2 | (0.30000000000000004, 0.0) | 136 | 0 | set() | 0| 0.0 | 0.0 
2021-09-27 10:29:42,801 - INFO - load | 2 | (0.30000000000000004, 0.05) | 136 | 0 | set() | 0| 0.0 | 0.0 
2021-09-27 10:29:42,818 - INFO - load | 2 | (0.30000000000000004, 0.1) | 136 | 0 | set() | 0| 0.0 | 0.0 
2021-09-27 10:29:42,834 - INFO - load | 2 | (0.30000000000000004, 0.15000000000000002) | 136 | 0 | set() | 0| 0.0 | 0.0 
2021-09-27 10:29:42,852 - INFO - load | 2 | (0.30000000000000004, 0.2) | 136 | 0 | set() | 0| 0.0 | 0.0 
2021-09-27 10:29:42,869 - INFO - load | 2 | (0.30000000000000004, 0.25) | 136 | 0 | set() | 0| 0.0 | 0.0 
2021-09-27 10:29:42,886 - INFO - load | 2 | (0.30000000000000004, 0.30000000000000004) | 136 | 0 | set() | 0| 0.0 | 0.0 
2021-09-27 10:29:42,903 - INFO - load | 2 | (0.30000000000000004, 0.35000000000000003) | 136 | 0 | set() | 0| 0.0 | 0.0 
2021-09-27 10:29:42,920 - INFO - load | 2 | (0.30000000000000004, 0.4) | 136 | 0 | set() | 0| 0.0 | 0.0 
2021-09-27 10:29:42,936 - INFO - load | 2 | (0.30000000000000004, 0.45) | 136 | 0 | set() | 0| 0.0 | 0.0 
2021-09-27 10:29:42,952 - INFO - load | 2 | (0.30000000000000004, 0.5) | 136 | 0 | set() | 0| 0.0 | 0.0 
2021-09-27 10:29:42,970 - INFO - load | 2 | (0.30000000000000004, 0.55) | 136 | 0 | set() | 0| 0.0 | 0.0 
2021-09-27 10:29:42,986 - INFO - load | 2 | (0.30000000000000004, 0.6000000000000001) | 136 | 0 | set() | 0| 0.0 | 0.0 
2021-09-27 10:29:43,003 - INFO - load | 2 | (0.30000000000000004, 0.65) | 136 | 0 | set() | 0| 0.0 | 0.0 
2021-09-27 10:29:43,021 - INFO - load | 2 | (0.30000000000000004, 0.7000000000000001) | 136 | 0 | set() | 0| 0.0 | 0.0 
2021-09-27 10:29:43,038 - INFO - load | 2 | (0.30000000000000004, 0.75) | 136 | 0 | set() | 0| 0.0 | 0.0 
2021-09-27 10:29:43,054 - INFO - load | 2 | (0.30000000000000004, 0.8) | 136 | 0 | set() | 0| 0.0 | 0.0 
2021-09-27 10:29:43,417 - INFO - compute | 2 | (0.30000000000000004, 0.8500000000000001) | 136 | 1 | {20} | 9442| 424.8899999999999 | 3209.1727566465097 
2021-09-27 10:29:43,438 - INFO - load | 2 | (0.30000000000000004, 0.9) | 136 | 2 | {40, 20} | 15573| 467.18999999999954 | 5302.644731135798 
2021-09-27 10:29:43,457 - INFO - load | 2 | (0.30000000000000004, 0.9500000000000001) | 136 | 2 | {40, 20} | 15573| 233.59499999999935 | 5302.644731135798 
2021-09-27 10:29:43,477 - INFO - load | 2 | (0.30000000000000004, 1.0) | 136 | 2 | {40, 20} | 15573| 0.0 | 5302.644731135798 
2021-09-27 10:29:43,618 - INFO - compute | 2 | (0.35000000000000003, 0.0) | 47 | 0 | set() | 0| 0.0 | 0.0 
2021-09-27 10:29:43,714 - INFO - load | 2 | (0.35000000000000003, 0.05) | 47 | 0 | set() | 0| 0.0 | 0.0 
2021-09-27 10:29:43,809 - INFO - load | 2 | (0.35000000000000003, 0.1) | 47 | 0 | set() | 0| 0.0 | 0.0 
2021-09-27 10:29:43,902 - INFO - load | 2 | (0.35000000000000003, 0.15000000000000002) | 47 | 0 | set() | 0| 0.0 | 0.0 
2021-09-27 10:29:43,995 - INFO - load | 2 | (0.35000000000000003, 0.2) | 47 | 0 | set() | 0| 0.0 | 0.0 
2021-09-27 10:29:44,091 - INFO - load | 2 | (0.35000000000000003, 0.25) | 47 | 0 | set() | 0| 0.0 | 0.0 
2021-09-27 10:29:44,185 - INFO - load | 2 | (0.35000000000000003, 0.30000000000000004) | 47 | 0 | set() | 0| 0.0 | 0.0 
2021-09-27 10:29:44,277 - INFO - load | 2 | (0.35000000000000003, 0.35000000000000003) | 47 | 0 | set() | 0| 0.0 | 0.0 
2021-09-27 10:29:44,371 - INFO - load | 2 | (0.35000000000000003, 0.4) | 47 | 0 | set() | 0| 0.0 | 0.0 
2021-09-27 10:29:44,464 - INFO - load | 2 | (0.35000000000000003, 0.45) | 47 | 0 | set() | 0| 0.0 | 0.0 
2021-09-27 10:29:44,557 - INFO - load | 2 | (0.35000000000000003, 0.5) | 47 | 0 | set() | 0| 0.0 | 0.0 
2021-09-27 10:29:44,653 - INFO - load | 2 | (0.35000000000000003, 0.55) | 47 | 0 | set() | 0| 0.0 | 0.0 
2021-09-27 10:29:44,745 - INFO - load | 2 | (0.35000000000000003, 0.6000000000000001) | 47 | 0 | set() | 0| 0.0 | 0.0 
2021-09-27 10:29:44,838 - INFO - load | 2 | (0.35000000000000003, 0.65) | 47 | 0 | set() | 0| 0.0 | 0.0 
2021-09-27 10:29:45,031 - INFO - compute | 2 | (0.35000000000000003, 0.7000000000000001) | 47 | 1 | {20} | 2714| 284.96999999999997 | 1079.2520033807903 
2021-09-27 10:29:45,131 - INFO - load | 2 | (0.35000000000000003, 0.75) | 47 | 1 | {20} | 2714| 237.47500000000005 | 1079.2520033807903 
2021-09-27 10:29:45,369 - INFO - compute | 2 | (0.35000000000000003, 0.8) | 47 | 2 | {40, 20} | 4563| 319.41 | 1816.1935020023584 
2021-09-27 10:29:45,471 - INFO - load | 2 | (0.35000000000000003, 0.8500000000000001) | 47 | 2 | {40, 20} | 4563| 239.55749999999995 | 1816.1935020023584 
2021-09-27 10:29:45,855 - INFO - compute | 2 | (0.35000000000000003, 0.9) | 47 | 3 | (25, 20) | 4841| 169.4349999999999 | 1952.6970865060914 
2021-09-27 10:29:45,957 - INFO - load | 2 | (0.35000000000000003, 0.9500000000000001) | 47 | 3 | (25, 20) | 4841| 84.7174999999998 | 1952.6970865060914 
2021-09-27 10:29:46,061 - INFO - load | 2 | (0.35000000000000003, 1.0) | 47 | 3 | (25, 20) | 4841| 0.0 | 1952.6970865060914 
2021-09-27 10:29:46,081 - INFO - load | 2 | (0.4, 0.0) | 19 | 0 | set() | 0| 0.0 | 0.0 
2021-09-27 10:29:46,104 - INFO - load | 2 | (0.4, 0.05) | 19 | 0 | set() | 0| 0.0 | 0.0 
2021-09-27 10:29:46,126 - INFO - load | 2 | (0.4, 0.1) | 19 | 0 | set() | 0| 0.0 | 0.0 
2021-09-27 10:29:46,148 - INFO - load | 2 | (0.4, 0.15000000000000002) | 19 | 0 | set() | 0| 0.0 | 0.0 
2021-09-27 10:29:46,172 - INFO - load | 2 | (0.4, 0.2) | 19 | 0 | set() | 0| 0.0 | 0.0 
2021-09-27 10:29:46,193 - INFO - load | 2 | (0.4, 0.25) | 19 | 0 | set() | 0| 0.0 | 0.0 
2021-09-27 10:29:46,214 - INFO - load | 2 | (0.4, 0.30000000000000004) | 19 | 0 | set() | 0| 0.0 | 0.0 
2021-09-27 10:29:46,235 - INFO - load | 2 | (0.4, 0.35000000000000003) | 19 | 0 | set() | 0| 0.0 | 0.0 
2021-09-27 10:29:46,257 - INFO - load | 2 | (0.4, 0.4) | 19 | 0 | set() | 0| 0.0 | 0.0 
2021-09-27 10:29:46,278 - INFO - load | 2 | (0.4, 0.45) | 19 | 0 | set() | 0| 0.0 | 0.0 
2021-09-27 10:29:46,301 - INFO - load | 2 | (0.4, 0.5) | 19 | 0 | set() | 0| 0.0 | 0.0 
2021-09-27 10:29:46,322 - INFO - load | 2 | (0.4, 0.55) | 19 | 0 | set() | 0| 0.0 | 0.0 
2021-09-27 10:29:46,343 - INFO - load | 2 | (0.4, 0.6000000000000001) | 19 | 0 | set() | 0| 0.0 | 0.0 
2021-09-27 10:29:46,488 - INFO - compute | 2 | (0.4, 0.65) | 19 | 1 | {20} | 932| 130.48000000000002 | 416.0358810068182 
2021-09-27 10:29:46,513 - INFO - load | 2 | (0.4, 0.7000000000000001) | 19 | 2 | {40, 20} | 1513| 181.56 | 680.4263201822545 
2021-09-27 10:29:46,536 - INFO - load | 2 | (0.4, 0.75) | 19 | 2 | {40, 20} | 1513| 151.29999999999995 | 680.4263201822545 
2021-09-27 10:29:46,560 - INFO - load | 2 | (0.4, 0.8) | 19 | 3 | (25, 20) | 1825| 145.99999999999991 | 829.4337919470638 
2021-09-27 10:29:46,585 - INFO - load | 2 | (0.4, 0.8500000000000001) | 19 | 3 | (25, 20) | 1825| 109.4999999999999 | 829.4337919470638 
2021-09-27 10:29:46,610 - INFO - load | 2 | (0.4, 0.9) | 19 | 3 | (25, 20) | 1825| 72.99999999999996 | 829.4337919470638 
2021-09-27 10:29:46,920 - INFO - compute | 2 | (0.4, 0.9500000000000001) | 19 | 4 | (25, 20) | 1825| 36.49999999999993 | 829.4337919470638 
2021-09-27 10:29:46,946 - INFO - load | 2 | (0.4, 1.0) | 19 | 5 | (20, 25) | 1825| 0.0 | 829.4337919470638 
2021-09-27 10:29:47,068 - INFO - compute | 2 | (0.45, 0.0) | 6 | 0 | set() | 0| 0.0 | 0.0 
2021-09-27 10:29:47,181 - INFO - load | 2 | (0.45, 0.05) | 6 | 0 | set() | 0| 0.0 | 0.0 
2021-09-27 10:29:47,285 - INFO - load | 2 | (0.45, 0.1) | 6 | 0 | set() | 0| 0.0 | 0.0 
2021-09-27 10:29:47,388 - INFO - load | 2 | (0.45, 0.15000000000000002) | 6 | 0 | set() | 0| 0.0 | 0.0 
2021-09-27 10:29:47,498 - INFO - load | 2 | (0.45, 0.2) | 6 | 0 | set() | 0| 0.0 | 0.0 
2021-09-27 10:29:47,611 - INFO - load | 2 | (0.45, 0.25) | 6 | 0 | set() | 0| 0.0 | 0.0 
2021-09-27 10:29:47,718 - INFO - load | 2 | (0.45, 0.30000000000000004) | 6 | 0 | set() | 0| 0.0 | 0.0 
2021-09-27 10:29:47,821 - INFO - load | 2 | (0.45, 0.35000000000000003) | 6 | 0 | set() | 0| 0.0 | 0.0 
2021-09-27 10:29:47,927 - INFO - load | 2 | (0.45, 0.4) | 6 | 0 | set() | 0| 0.0 | 0.0 
2021-09-27 10:29:48,041 - INFO - load | 2 | (0.45, 0.45) | 6 | 0 | set() | 0| 0.0 | 0.0 
2021-09-27 10:29:48,154 - INFO - load | 2 | (0.45, 0.5) | 6 | 0 | set() | 0| 0.0 | 0.0 
2021-09-27 10:29:48,276 - INFO - compute | 2 | (0.45, 0.55) | 6 | 1 | {20} | 229| 46.372499999999995 | 118.12006834542431 
2021-09-27 10:29:48,402 - INFO - compute | 2 | (0.45, 0.6000000000000001) | 6 | 2 | {40, 20} | 380| 68.39999999999998 | 199.4830721823963 
2021-09-27 10:29:48,518 - INFO - load | 2 | (0.45, 0.65) | 6 | 2 | {40, 20} | 380| 59.84999999999999 | 199.4830721823963 
2021-09-27 10:29:48,673 - INFO - compute | 2 | (0.45, 0.7000000000000001) | 6 | 3 | (25, 20) | 481| 64.93499999999997 | 257.7092240752093 
2021-09-27 10:29:48,783 - INFO - load | 2 | (0.45, 0.75) | 6 | 3 | (25, 20) | 481| 54.1125 | 257.7092240752093 
2021-09-27 10:29:48,893 - INFO - load | 2 | (0.45, 0.8) | 6 | 3 | (25, 20) | 481| 43.289999999999985 | 257.7092240752093 
2021-09-27 10:29:49,065 - INFO - compute | 2 | (0.45, 0.8500000000000001) | 6 | 4 | (25, 20) | 481| 32.46749999999997 | 257.7092240752093 
2021-09-27 10:29:49,277 - INFO - compute | 2 | (0.45, 0.9) | 6 | 5 | (20, 25) | 481| 21.644999999999992 | 257.7092240752093 
2021-09-27 10:29:49,409 - INFO - load | 2 | (0.45, 0.9500000000000001) | 6 | 5 | (20, 25) | 481| 10.822499999999984 | 257.7092240752093 
2021-09-27 10:29:49,533 - INFO - load | 2 | (0.45, 1.0) | 6 | 5 | (20, 25) | 481| 0.0 | 257.7092240752093 
2021-09-27 10:29:49,558 - INFO - load | 2 | (0.5, 0.0) | 4 | 0 | set() | 0| 0.0 | 0.0 
2021-09-27 10:29:49,583 - INFO - load | 2 | (0.5, 0.05) | 4 | 0 | set() | 0| 0.0 | 0.0 
2021-09-27 10:29:49,609 - INFO - load | 2 | (0.5, 0.1) | 4 | 0 | set() | 0| 0.0 | 0.0 
2021-09-27 10:29:49,636 - INFO - load | 2 | (0.5, 0.15000000000000002) | 4 | 0 | set() | 0| 0.0 | 0.0 
2021-09-27 10:29:49,663 - INFO - load | 2 | (0.5, 0.2) | 4 | 0 | set() | 0| 0.0 | 0.0 
2021-09-27 10:29:49,690 - INFO - load | 2 | (0.5, 0.25) | 4 | 0 | set() | 0| 0.0 | 0.0 
2021-09-27 10:29:49,721 - INFO - load | 2 | (0.5, 0.30000000000000004) | 4 | 0 | set() | 0| 0.0 | 0.0 
2021-09-27 10:29:49,750 - INFO - load | 2 | (0.5, 0.35000000000000003) | 4 | 0 | set() | 0| 0.0 | 0.0 
2021-09-27 10:29:49,780 - INFO - load | 2 | (0.5, 0.4) | 4 | 0 | set() | 0| 0.0 | 0.0 
2021-09-27 10:29:49,807 - INFO - load | 2 | (0.5, 0.45) | 4 | 0 | set() | 0| 0.0 | 0.0 
2021-09-27 10:29:49,835 - INFO - load | 2 | (0.5, 0.5) | 4 | 1 | {20} | 128| 32.0 | 71.02824951023545 
2021-09-27 10:29:49,866 - INFO - load | 2 | (0.5, 0.55) | 4 | 2 | {40, 20} | 202| 45.449999999999996 | 116.47745378347804 
2021-09-27 10:29:49,895 - INFO - load | 2 | (0.5, 0.6000000000000001) | 4 | 2 | {40, 20} | 202| 40.39999999999999 | 116.47745378347804 
2021-09-27 10:29:49,922 - INFO - load | 2 | (0.5, 0.65) | 4 | 3 | (25, 20) | 275| 48.125 | 161.64547763039195 
2021-09-27 10:29:49,950 - INFO - load | 2 | (0.5, 0.7000000000000001) | 4 | 3 | (25, 20) | 275| 41.24999999999999 | 161.64547763039195 
2021-09-27 10:29:50,125 - INFO - compute | 2 | (0.5, 0.75) | 4 | 4 | (25, 20) | 275| 34.375 | 161.64547763039195 
2021-09-27 10:29:50,155 - INFO - load | 2 | (0.5, 0.8) | 4 | 5 | (20, 25) | 275| 27.499999999999993 | 161.64547763039195 
2021-09-27 10:29:50,185 - INFO - load | 2 | (0.5, 0.8500000000000001) | 4 | 5 | (20, 25) | 275| 20.62499999999999 | 161.64547763039195 
2021-09-27 10:29:50,216 - INFO - load | 2 | (0.5, 0.9) | 4 | 5 | (20, 25) | 275| 13.749999999999996 | 161.64547763039195 
2021-09-27 10:29:50,245 - INFO - load | 2 | (0.5, 0.9500000000000001) | 4 | 5 | (20, 25) | 275| 6.874999999999991 | 161.64547763039195 
2021-09-27 10:29:50,275 - INFO - load | 2 | (0.5, 1.0) | 4 | 6 | (42, 25) | 279| 0.0 | 169.90737176624134 
2021-09-27 10:29:50,403 - INFO - compute | 2 | (0.55, 0.0) | 3 | 0 | set() | 0| 0.0 | 0.0 
2021-09-27 10:29:50,529 - INFO - load | 2 | (0.55, 0.05) | 3 | 0 | set() | 0| 0.0 | 0.0 
2021-09-27 10:29:50,654 - INFO - load | 2 | (0.55, 0.1) | 3 | 0 | set() | 0| 0.0 | 0.0 
2021-09-27 10:29:50,774 - INFO - load | 2 | (0.55, 0.15000000000000002) | 3 | 0 | set() | 0| 0.0 | 0.0 
2021-09-27 10:29:50,889 - INFO - load | 2 | (0.55, 0.2) | 3 | 0 | set() | 0| 0.0 | 0.0 
2021-09-27 10:29:51,009 - INFO - load | 2 | (0.55, 0.25) | 3 | 0 | set() | 0| 0.0 | 0.0 
2021-09-27 10:29:51,130 - INFO - load | 2 | (0.55, 0.30000000000000004) | 3 | 0 | set() | 0| 0.0 | 0.0 
2021-09-27 10:29:51,253 - INFO - load | 2 | (0.55, 0.35000000000000003) | 3 | 0 | set() | 0| 0.0 | 0.0 
2021-09-27 10:29:51,388 - INFO - load | 2 | (0.55, 0.4) | 3 | 0 | set() | 0| 0.0 | 0.0 
2021-09-27 10:29:51,550 - INFO - compute | 2 | (0.55, 0.45) | 3 | 1 | {20} | 78| 23.595 | 45.45902820348294 
2021-09-27 10:29:51,691 - INFO - compute | 2 | (0.55, 0.5) | 3 | 2 | {40, 20} | 152| 41.800000000000004 | 90.90823247672554 
2021-09-27 10:29:51,838 - INFO - compute | 2 | (0.55, 0.55) | 3 | 3 | (25, 20) | 172| 42.57 | 108.97288173848176 
2021-09-27 10:29:51,981 - INFO - load | 2 | (0.55, 0.6000000000000001) | 3 | 3 | (25, 20) | 172| 37.839999999999996 | 108.97288173848176 
2021-09-27 10:29:52,113 - INFO - load | 2 | (0.55, 0.65) | 3 | 3 | (25, 20) | 172| 33.11 | 108.97288173848176 
2021-09-27 10:29:52,275 - INFO - compute | 2 | (0.55, 0.7000000000000001) | 3 | 4 | (25, 20) | 172| 28.379999999999995 | 108.97288173848176 
2021-09-27 10:29:52,469 - INFO - compute | 2 | (0.55, 0.75) | 3 | 5 | (50, 25) | 185| 25.437500000000004 | 119.3472938675955 
2021-09-27 10:29:52,597 - INFO - load | 2 | (0.55, 0.8) | 3 | 5 | (50, 25) | 185| 20.349999999999998 | 119.3472938675955 
2021-09-27 10:29:52,798 - INFO - load | 2 | (0.55, 0.8500000000000001) | 3 | 5 | (50, 25) | 185| 15.262499999999992 | 119.3472938675955 
2021-09-27 10:29:53,004 - INFO - compute | 2 | (0.55, 0.9) | 3 | 6 | (50, 25) | 185| 10.174999999999999 | 119.3472938675955 
2021-09-27 10:29:53,270 - INFO - compute | 2 | (0.55, 0.9500000000000001) | 3 | 8 | (50, 25) | 185| 5.087499999999994 | 119.3472938675955 
2021-09-27 10:29:53,578 - INFO - compute | 2 | (0.55, 1.0) | 3 | 9 | (50, 25) | 185| 0.0 | 119.3472938675955 
2021-09-27 10:29:53,610 - INFO - load | 2 | (0.6000000000000001, 0.0) | 1 | 0 | set() | 0| 0.0 | 0.0 
2021-09-27 10:29:53,638 - INFO - load | 2 | (0.6000000000000001, 0.05) | 1 | 0 | set() | 0| 0.0 | 0.0 
2021-09-27 10:29:53,670 - INFO - load | 2 | (0.6000000000000001, 0.1) | 1 | 0 | set() | 0| 0.0 | 0.0 
2021-09-27 10:29:53,699 - INFO - load | 2 | (0.6000000000000001, 0.15000000000000002) | 1 | 0 | set() | 0| 0.0 | 0.0 
2021-09-27 10:29:53,731 - INFO - load | 2 | (0.6000000000000001, 0.2) | 1 | 0 | set() | 0| 0.0 | 0.0 
2021-09-27 10:29:53,764 - INFO - load | 2 | (0.6000000000000001, 0.25) | 1 | 0 | set() | 0| 0.0 | 0.0 
2021-09-27 10:29:53,796 - INFO - load | 2 | (0.6000000000000001, 0.30000000000000004) | 1 | 0 | set() | 0| 0.0 | 0.0 
2021-09-27 10:29:53,825 - INFO - load | 2 | (0.6000000000000001, 0.35000000000000003) | 1 | 0 | set() | 0| 0.0 | 0.0 
2021-09-27 10:29:53,855 - INFO - load | 2 | (0.6000000000000001, 0.4) | 1 | 0 | set() | 0| 0.0 | 0.0 
2021-09-27 10:29:53,888 - INFO - load | 2 | (0.6000000000000001, 0.45) | 1 | 2 | {40, 20} | 13| 4.29 | 9.960171044260534 
2021-09-27 10:29:53,922 - INFO - load | 2 | (0.6000000000000001, 0.5) | 1 | 2 | {40, 20} | 13| 3.9000000000000004 | 9.960171044260534 
2021-09-27 10:29:53,959 - INFO - load | 2 | (0.6000000000000001, 0.55) | 1 | 3 | (40, 25) | 62| 16.740000000000002 | 47.502354211088694 
2021-09-27 10:29:53,994 - INFO - load | 2 | (0.6000000000000001, 0.6000000000000001) | 1 | 3 | (40, 25) | 62| 14.879999999999999 | 47.502354211088694 
2021-09-27 10:29:54,140 - INFO - compute | 2 | (0.6000000000000001, 0.65) | 1 | 4 | (40, 25) | 62| 13.020000000000001 | 47.502354211088694 
2021-09-27 10:29:54,174 - INFO - load | 2 | (0.6000000000000001, 0.7000000000000001) | 1 | 5 | (50, 25) | 65| 11.7 | 49.80085522130266 
2021-09-27 10:29:54,206 - INFO - load | 2 | (0.6000000000000001, 0.75) | 1 | 5 | (50, 25) | 65| 9.750000000000002 | 49.80085522130266 
2021-09-27 10:29:54,241 - INFO - load | 2 | (0.6000000000000001, 0.8) | 1 | 5 | (50, 25) | 65| 7.8 | 49.80085522130266 
2021-09-27 10:29:54,409 - INFO - compute | 2 | (0.6000000000000001, 0.8500000000000001) | 1 | 7 | (42, 25) | 79| 7.109999999999998 | 60.52719326896786 
2021-09-27 10:29:54,442 - INFO - load | 2 | (0.6000000000000001, 0.9) | 1 | 9 | (42, 25) | 79| 4.739999999999996 | 60.52719326896786 
2021-09-27 10:29:54,707 - INFO - compute | 2 | (0.6000000000000001, 0.9500000000000001) | 1 | 13 | (42, 25) | 79| 2.3699999999999934 | 60.52719326896786 
2021-09-27 10:29:54,741 - INFO - load | 2 | (0.6000000000000001, 1.0) | 1 | 20 | (39, 25) | 85| 0.0 | 65.12419528939579 
2021-09-27 10:29:54,772 - INFO - load | 2 | (0.65, 0.0) | 1 | 0 | set() | 0| 0.0 | 0.0 
2021-09-27 10:29:54,802 - INFO - load | 2 | (0.65, 0.05) | 1 | 0 | set() | 0| 0.0 | 0.0 
2021-09-27 10:29:54,833 - INFO - load | 2 | (0.65, 0.1) | 1 | 0 | set() | 0| 0.0 | 0.0 
2021-09-27 10:29:54,862 - INFO - load | 2 | (0.65, 0.15000000000000002) | 1 | 0 | set() | 0| 0.0 | 0.0 
2021-09-27 10:29:54,895 - INFO - load | 2 | (0.65, 0.2) | 1 | 0 | set() | 0| 0.0 | 0.0 
2021-09-27 10:29:54,925 - INFO - load | 2 | (0.65, 0.25) | 1 | 0 | set() | 0| 0.0 | 0.0 
2021-09-27 10:29:54,954 - INFO - load | 2 | (0.65, 0.30000000000000004) | 1 | 0 | set() | 0| 0.0 | 0.0 
2021-09-27 10:29:54,984 - INFO - load | 2 | (0.65, 0.35000000000000003) | 1 | 0 | set() | 0| 0.0 | 0.0 
2021-09-27 10:29:55,125 - INFO - compute | 2 | (0.65, 0.4) | 1 | 1 | {20} | 0| 0.0 | 0.0 
2021-09-27 10:29:55,157 - INFO - load | 2 | (0.65, 0.45) | 1 | 2 | {40, 20} | 13| 4.6475 | 9.960171044260534 
2021-09-27 10:29:55,190 - INFO - load | 2 | (0.65, 0.5) | 1 | 3 | (40, 25) | 62| 20.150000000000002 | 47.502354211088694 
2021-09-27 10:29:55,222 - INFO - load | 2 | (0.65, 0.55) | 1 | 3 | (40, 25) | 62| 18.134999999999998 | 47.502354211088694 
2021-09-27 10:29:55,350 - INFO - load | 2 | (0.65, 0.6000000000000001) | 1 | 4 | (40, 25) | 62| 16.119999999999997 | 47.502354211088694 
2021-09-27 10:29:55,382 - INFO - load | 2 | (0.65, 0.65) | 1 | 5 | (50, 25) | 65| 14.787499999999998 | 49.80085522130266 
2021-09-27 10:29:55,413 - INFO - load | 2 | (0.65, 0.7000000000000001) | 1 | 5 | (50, 25) | 65| 12.674999999999997 | 49.80085522130266 
2021-09-27 10:29:55,449 - INFO - load | 2 | (0.65, 0.75) | 1 | 6 | (42, 25) | 79| 12.837499999999999 | 60.52719326896786 
2021-09-27 10:29:55,628 - INFO - compute | 2 | (0.65, 0.8) | 1 | 8 | (42, 25) | 79| 10.27 | 60.52719326896786 
2021-09-27 10:29:55,665 - INFO - load | 2 | (0.65, 0.8500000000000001) | 1 | 9 | (42, 25) | 79| 7.7024999999999935 | 60.52719326896786 
2021-09-27 10:29:56,062 - INFO - compute | 2 | (0.65, 0.9) | 1 | 18 | (39, 25) | 85| 5.524999999999995 | 65.12419528939579 
2021-09-27 10:29:56,672 - INFO - compute | 2 | (0.65, 0.9500000000000001) | 1 | 24 | (25, 37) | 101| 3.282499999999997 | 77.38286734387029 
2021-09-27 10:29:58,654 - INFO - compute | 2 | (0.65, 1.0) | 1 | 48 | (25, 37) | 101| 0.0 | 77.38286734387029 
2021-09-27 10:29:58,693 - INFO - load | 2 | (0.7000000000000001, 0.0) | 1 | 0 | set() | 0| 0.0 | 0.0 
2021-09-27 10:29:58,729 - INFO - load | 2 | (0.7000000000000001, 0.05) | 1 | 0 | set() | 0| 0.0 | 0.0 
2021-09-27 10:29:58,768 - INFO - load | 2 | (0.7000000000000001, 0.1) | 1 | 0 | set() | 0| 0.0 | 0.0 
2021-09-27 10:29:58,800 - INFO - load | 2 | (0.7000000000000001, 0.15000000000000002) | 1 | 0 | set() | 0| 0.0 | 0.0 
2021-09-27 10:29:58,830 - INFO - load | 2 | (0.7000000000000001, 0.2) | 1 | 0 | set() | 0| 0.0 | 0.0 
2021-09-27 10:29:58,859 - INFO - load | 2 | (0.7000000000000001, 0.25) | 1 | 0 | set() | 0| 0.0 | 0.0 
2021-09-27 10:29:58,889 - INFO - load | 2 | (0.7000000000000001, 0.30000000000000004) | 1 | 0 | set() | 0| 0.0 | 0.0 
2021-09-27 10:29:59,022 - INFO - load | 2 | (0.7000000000000001, 0.35000000000000003) | 1 | 1 | {20} | 0| 0.0 | 0.0 
2021-09-27 10:29:59,052 - INFO - load | 2 | (0.7000000000000001, 0.4) | 1 | 2 | {40, 20} | 13| 5.460000000000001 | 9.960171044260534 
2021-09-27 10:29:59,084 - INFO - load | 2 | (0.7000000000000001, 0.45) | 1 | 3 | (40, 25) | 62| 23.87 | 47.502354211088694 
2021-09-27 10:29:59,116 - INFO - load | 2 | (0.7000000000000001, 0.5) | 1 | 3 | (40, 25) | 62| 21.700000000000003 | 47.502354211088694 
2021-09-27 10:29:59,250 - INFO - load | 2 | (0.7000000000000001, 0.55) | 1 | 4 | (40, 25) | 62| 19.53 | 47.502354211088694 
2021-09-27 10:29:59,288 - INFO - load | 2 | (0.7000000000000001, 0.6000000000000001) | 1 | 5 | (50, 25) | 65| 18.2 | 49.80085522130266 
2021-09-27 10:29:59,325 - INFO - load | 2 | (0.7000000000000001, 0.65) | 1 | 5 | (50, 25) | 65| 15.924999999999999 | 49.80085522130266 
2021-09-27 10:29:59,369 - INFO - load | 2 | (0.7000000000000001, 0.7000000000000001) | 1 | 6 | (42, 25) | 79| 16.589999999999996 | 60.52719326896786 
2021-09-27 10:29:59,526 - INFO - load | 2 | (0.7000000000000001, 0.75) | 1 | 8 | (42, 25) | 79| 13.825000000000003 | 60.52719326896786 
2021-09-27 10:29:59,564 - INFO - load | 2 | (0.7000000000000001, 0.8) | 1 | 12 | (42, 25) | 79| 11.06 | 60.52719326896786 
2021-09-27 10:29:59,598 - INFO - load | 2 | (0.7000000000000001, 0.8500000000000001) | 1 | 20 | (39, 25) | 85| 8.924999999999999 | 65.12419528939579 
2021-09-27 10:29:59,636 - INFO - load | 2 | (0.7000000000000001, 0.9) | 1 | 31 | (25, 37) | 101| 7.069999999999995 | 77.38286734387029 
2021-09-27 10:30:03,127 - INFO - compute | 2 | (0.7000000000000001, 0.9500000000000001) | 1 | 65 | (25, 37) | 101| 3.534999999999992 | 77.38286734387029 
2021-09-27 10:30:03,163 - INFO - load | 2 | (0.7000000000000001, 1.0) | 1 | 148 | (25, 37) | 101| 0.0 | 77.38286734387029 
2021-09-27 10:30:03,193 - INFO - load | 2 | (0.75, 0.0) | 1 | 0 | set() | 0| 0.0 | 0.0 
2021-09-27 10:30:03,225 - INFO - load | 2 | (0.75, 0.05) | 1 | 0 | set() | 0| 0.0 | 0.0 
2021-09-27 10:30:03,257 - INFO - load | 2 | (0.75, 0.1) | 1 | 0 | set() | 0| 0.0 | 0.0 
2021-09-27 10:30:03,287 - INFO - load | 2 | (0.75, 0.15000000000000002) | 1 | 0 | set() | 0| 0.0 | 0.0 
2021-09-27 10:30:03,316 - INFO - load | 2 | (0.75, 0.2) | 1 | 0 | set() | 0| 0.0 | 0.0 
2021-09-27 10:30:03,344 - INFO - load | 2 | (0.75, 0.25) | 1 | 0 | set() | 0| 0.0 | 0.0 
2021-09-27 10:30:03,373 - INFO - load | 2 | (0.75, 0.30000000000000004) | 1 | 0 | set() | 0| 0.0 | 0.0 
2021-09-27 10:30:03,502 - INFO - load | 2 | (0.75, 0.35000000000000003) | 1 | 1 | {20} | 0| 0.0 | 0.0 
2021-09-27 10:30:03,533 - INFO - load | 2 | (0.75, 0.4) | 1 | 2 | {40, 20} | 13| 5.85 | 9.960171044260534 
2021-09-27 10:30:03,562 - INFO - load | 2 | (0.75, 0.45) | 1 | 3 | (40, 25) | 62| 25.575 | 47.502354211088694 
2021-09-27 10:30:03,694 - INFO - load | 2 | (0.75, 0.5) | 1 | 4 | (40, 25) | 62| 23.25 | 47.502354211088694 
2021-09-27 10:30:03,724 - INFO - load | 2 | (0.75, 0.55) | 1 | 5 | (50, 25) | 65| 21.937499999999996 | 49.80085522130266 
2021-09-27 10:30:03,756 - INFO - load | 2 | (0.75, 0.6000000000000001) | 1 | 5 | (50, 25) | 65| 19.499999999999996 | 49.80085522130266 
2021-09-27 10:30:03,790 - INFO - load | 2 | (0.75, 0.65) | 1 | 6 | (42, 25) | 79| 20.737499999999997 | 60.52719326896786 
2021-09-27 10:30:03,931 - INFO - load | 2 | (0.75, 0.7000000000000001) | 1 | 8 | (42, 25) | 79| 17.775 | 60.52719326896786 
2021-09-27 10:30:03,967 - INFO - load | 2 | (0.75, 0.75) | 1 | 12 | (42, 25) | 79| 14.8125 | 60.52719326896786 
2021-09-27 10:30:04,001 - INFO - load | 2 | (0.75, 0.8) | 1 | 20 | (39, 25) | 85| 12.749999999999993 | 65.12419528939579 
2021-09-27 10:30:05,035 - INFO - compute | 2 | (0.75, 0.8500000000000001) | 1 | 34 | (25, 37) | 101| 11.362499999999994 | 77.38286734387029 
2021-09-27 10:30:09,779 - INFO - compute | 2 | (0.75, 0.9) | 1 | 79 | (25, 37) | 101| 7.574999999999996 | 77.38286734387029 
2021-09-27 10:30:38,830 - INFO - compute | 2 | (0.75, 0.9500000000000001) | 1 | 194 | (25, 37) | 101| 3.787499999999998 | 77.38286734387029 
2021-09-27 10:43:42,574 - INFO - compute | 2 | (0.75, 1.0) | 1 | 1000 | (25, 37) | 101| 0.0 | 77.38286734387029 
2021-09-27 10:43:42,631 - INFO - load | 2 | (0.8, 0.0) | 0 | 0 | set() | 0| 0.0 | 0 
2021-09-27 10:43:42,667 - INFO - load | 2 | (0.8, 0.05) | 0 | 0 | set() | 0| 0.0 | 0 
2021-09-27 10:43:42,706 - INFO - load | 2 | (0.8, 0.1) | 0 | 0 | set() | 0| 0.0 | 0 
2021-09-27 10:43:42,745 - INFO - load | 2 | (0.8, 0.15000000000000002) | 0 | 0 | set() | 0| 0.0 | 0 
2021-09-27 10:43:42,785 - INFO - load | 2 | (0.8, 0.2) | 0 | 0 | set() | 0| 0.0 | 0 
2021-09-27 10:43:42,821 - INFO - load | 2 | (0.8, 0.25) | 0 | 0 | set() | 0| 0.0 | 0 
2021-09-27 10:43:42,860 - INFO - load | 2 | (0.8, 0.30000000000000004) | 0 | 0 | set() | 0| 0.0 | 0 
2021-09-27 10:43:42,903 - INFO - load | 2 | (0.8, 0.35000000000000003) | 0 | 2 | {40, 20} | 0| 0.0 | 0 
2021-09-27 10:43:42,943 - INFO - load | 2 | (0.8, 0.4) | 0 | 3 | (40, 25) | 0| 0.0 | 0 
2021-09-27 10:43:42,981 - INFO - load | 2 | (0.8, 0.45) | 0 | 3 | (40, 25) | 0| 0.0 | 0 
2021-09-27 10:43:43,020 - INFO - load | 2 | (0.8, 0.5) | 0 | 5 | (50, 62) | 0| 0.0 | 0 
2021-09-27 10:43:43,059 - INFO - load | 2 | (0.8, 0.55) | 0 | 5 | (50, 62) | 0| 0.0 | 0 
2021-09-27 10:43:43,098 - INFO - load | 2 | (0.8, 0.6000000000000001) | 0 | 5 | (50, 62) | 0| 0.0 | 0 
2021-09-27 10:43:43,245 - INFO - compute | 2 | (0.8, 0.65) | 0 | 8 | (480, 62) | 0| 0.0 | 0 
2021-09-27 10:43:43,286 - INFO - load | 2 | (0.8, 0.7000000000000001) | 0 | 12 | (480, 335) | 0| 0.0 | 0 
2021-09-27 10:43:43,337 - INFO - load | 2 | (0.8, 0.75) | 0 | 20 | (2535, 698) | 0| 0.0 | 0 
2021-09-27 10:43:43,378 - INFO - load | 2 | (0.8, 0.8) | 0 | 37 | (3658, 2535) | 0| 0.0 | 0 
2021-09-27 10:43:43,534 - INFO - compute | 2 | (0.8, 0.8500000000000001) | 0 | 89 | (7589, 5595) | 0| 0.0 | 0 
2021-09-27 10:43:43,574 - INFO - load | 2 | (0.8, 0.9) | 0 | 235 | (9709, 6139) | 0| 0.0 | 0 
2021-09-27 10:43:43,616 - INFO - load | 2 | (0.8, 0.9500000000000001) | 0 | 1000 | (9994, 9993) | 0| 0.0 | 0 
2021-09-27 10:43:43,657 - INFO - load | 2 | (0.8, 1.0) | 0 | 1000 | (9994, 9993) | 0| 0.0 | 0 
2021-09-27 10:43:43,695 - INFO - load | 2 | (0.8500000000000001, 0.0) | 0 | 0 | set() | 0| 0.0 | 0 
2021-09-27 10:43:43,732 - INFO - load | 2 | (0.8500000000000001, 0.05) | 0 | 0 | set() | 0| 0.0 | 0 
2021-09-27 10:43:43,768 - INFO - load | 2 | (0.8500000000000001, 0.1) | 0 | 0 | set() | 0| 0.0 | 0 
2021-09-27 10:43:43,804 - INFO - load | 2 | (0.8500000000000001, 0.15000000000000002) | 0 | 0 | set() | 0| 0.0 | 0 
2021-09-27 10:43:43,849 - INFO - load | 2 | (0.8500000000000001, 0.2) | 0 | 0 | set() | 0| 0.0 | 0 
2021-09-27 10:43:43,893 - INFO - load | 2 | (0.8500000000000001, 0.25) | 0 | 0 | set() | 0| 0.0 | 0 
2021-09-27 10:43:44,045 - INFO - compute | 2 | (0.8500000000000001, 0.30000000000000004) | 0 | 1 | {20} | 0| 0.0 | 0 
2021-09-27 10:43:44,091 - INFO - load | 2 | (0.8500000000000001, 0.35000000000000003) | 0 | 2 | {40, 20} | 0| 0.0 | 0 
2021-09-27 10:43:44,130 - INFO - load | 2 | (0.8500000000000001, 0.4) | 0 | 3 | (40, 25) | 0| 0.0 | 0 
2021-09-27 10:43:44,280 - INFO - compute | 2 | (0.8500000000000001, 0.45) | 0 | 4 | (40, 62) | 0| 0.0 | 0 
2021-09-27 10:43:44,318 - INFO - load | 2 | (0.8500000000000001, 0.5) | 0 | 5 | (50, 62) | 0| 0.0 | 0 
2021-09-27 10:43:44,357 - INFO - load | 2 | (0.8500000000000001, 0.55) | 0 | 5 | (50, 62) | 0| 0.0 | 0 
2021-09-27 10:43:44,508 - INFO - compute | 2 | (0.8500000000000001, 0.6000000000000001) | 0 | 7 | (480, 62) | 0| 0.0 | 0 
2021-09-27 10:43:44,551 - INFO - load | 2 | (0.8500000000000001, 0.65) | 0 | 9 | (480, 335) | 0| 0.0 | 0 
2021-09-27 10:43:44,598 - INFO - load | 2 | (0.8500000000000001, 0.7000000000000001) | 0 | 20 | (2535, 698) | 0| 0.0 | 0 
2021-09-27 10:43:44,751 - INFO - compute | 2 | (0.8500000000000001, 0.75) | 0 | 34 | (3658, 2535) | 0| 0.0 | 0 
2021-09-27 10:43:44,899 - INFO - load | 2 | (0.8500000000000001, 0.8) | 0 | 89 | (7589, 5595) | 0| 0.0 | 0 
2021-09-27 10:43:45,100 - INFO - compute | 2 | (0.8500000000000001, 0.8500000000000001) | 0 | 255 | (9709, 6139) | 0| 0.0 | 0 
2021-09-27 10:43:45,142 - INFO - load | 2 | (0.8500000000000001, 0.9) | 0 | 1000 | (9994, 9993) | 0| 0.0 | 0 
2021-09-27 10:43:45,184 - INFO - load | 2 | (0.8500000000000001, 0.9500000000000001) | 0 | 1000 | (9994, 9993) | 0| 0.0 | 0 
2021-09-27 10:43:45,226 - INFO - load | 2 | (0.8500000000000001, 1.0) | 0 | 1000 | (9994, 9993) | 0| 0.0 | 0 
2021-09-27 10:43:45,264 - INFO - load | 2 | (0.9, 0.0) | 0 | 0 | set() | 0| 0.0 | 0 
2021-09-27 10:43:45,300 - INFO - load | 2 | (0.9, 0.05) | 0 | 0 | set() | 0| 0.0 | 0 
2021-09-27 10:43:45,336 - INFO - load | 2 | (0.9, 0.1) | 0 | 0 | set() | 0| 0.0 | 0 
2021-09-27 10:43:45,377 - INFO - load | 2 | (0.9, 0.15000000000000002) | 0 | 0 | set() | 0| 0.0 | 0 
2021-09-27 10:43:45,413 - INFO - load | 2 | (0.9, 0.2) | 0 | 0 | set() | 0| 0.0 | 0 
2021-09-27 10:43:45,449 - INFO - load | 2 | (0.9, 0.25) | 0 | 0 | set() | 0| 0.0 | 0 
2021-09-27 10:43:45,492 - INFO - load | 2 | (0.9, 0.30000000000000004) | 0 | 2 | {40, 20} | 0| 0.0 | 0 
2021-09-27 10:43:45,531 - INFO - load | 2 | (0.9, 0.35000000000000003) | 0 | 3 | (40, 25) | 0| 0.0 | 0 
2021-09-27 10:43:45,569 - INFO - load | 2 | (0.9, 0.4) | 0 | 3 | (40, 25) | 0| 0.0 | 0 
2021-09-27 10:43:45,609 - INFO - load | 2 | (0.9, 0.45) | 0 | 5 | (50, 62) | 0| 0.0 | 0 
2021-09-27 10:43:45,647 - INFO - load | 2 | (0.9, 0.5) | 0 | 5 | (50, 62) | 0| 0.0 | 0 
2021-09-27 10:43:45,693 - INFO - load | 2 | (0.9, 0.55) | 0 | 6 | (50, 62) | 0| 0.0 | 0 
2021-09-27 10:43:45,735 - INFO - load | 2 | (0.9, 0.6000000000000001) | 0 | 9 | (480, 335) | 0| 0.0 | 0 
2021-09-27 10:43:45,892 - INFO - compute | 2 | (0.9, 0.65) | 0 | 18 | (2535, 698) | 0| 0.0 | 0 
2021-09-27 10:43:45,936 - INFO - load | 2 | (0.9, 0.7000000000000001) | 0 | 31 | (3658, 2535) | 0| 0.0 | 0 
2021-09-27 10:43:46,101 - INFO - compute | 2 | (0.9, 0.75) | 0 | 79 | (6016, 5821) | 0| 0.0 | 0 
2021-09-27 10:43:46,143 - INFO - load | 2 | (0.9, 0.8) | 0 | 235 | (9709, 6139) | 0| 0.0 | 0 
2021-09-27 10:43:46,184 - INFO - load | 2 | (0.9, 0.8500000000000001) | 0 | 1000 | (9994, 9993) | 0| 0.0 | 0 
2021-09-27 10:43:46,225 - INFO - load | 2 | (0.9, 0.9) | 0 | 1000 | (9994, 9993) | 0| 0.0 | 0 
2021-09-27 10:43:46,265 - INFO - load | 2 | (0.9, 0.9500000000000001) | 0 | 1000 | (9994, 9993) | 0| 0.0 | 0 
2021-09-27 10:43:46,306 - INFO - load | 2 | (0.9, 1.0) | 0 | 1000 | (9994, 9993) | 0| 0.0 | 0 
2021-09-27 10:43:46,341 - INFO - load | 2 | (0.9500000000000001, 0.0) | 0 | 0 | set() | 0| 0.0 | 0 
2021-09-27 10:43:46,379 - INFO - load | 2 | (0.9500000000000001, 0.05) | 0 | 0 | set() | 0| 0.0 | 0 
2021-09-27 10:43:46,415 - INFO - load | 2 | (0.9500000000000001, 0.1) | 0 | 0 | set() | 0| 0.0 | 0 
2021-09-27 10:43:46,454 - INFO - load | 2 | (0.9500000000000001, 0.15000000000000002) | 0 | 0 | set() | 0| 0.0 | 0 
2021-09-27 10:43:46,491 - INFO - load | 2 | (0.9500000000000001, 0.2) | 0 | 0 | set() | 0| 0.0 | 0 
2021-09-27 10:43:46,527 - INFO - load | 2 | (0.9500000000000001, 0.25) | 0 | 0 | set() | 0| 0.0 | 0 
2021-09-27 10:43:46,570 - INFO - load | 2 | (0.9500000000000001, 0.30000000000000004) | 0 | 2 | {40, 20} | 0| 0.0 | 0 
2021-09-27 10:43:46,608 - INFO - load | 2 | (0.9500000000000001, 0.35000000000000003) | 0 | 3 | (40, 25) | 0| 0.0 | 0 
2021-09-27 10:43:46,758 - INFO - load | 2 | (0.9500000000000001, 0.4) | 0 | 4 | (40, 62) | 0| 0.0 | 0 
2021-09-27 10:43:46,796 - INFO - load | 2 | (0.9500000000000001, 0.45) | 0 | 5 | (50, 62) | 0| 0.0 | 0 
2021-09-27 10:43:46,836 - INFO - load | 2 | (0.9500000000000001, 0.5) | 0 | 5 | (50, 62) | 0| 0.0 | 0 
2021-09-27 10:43:46,983 - INFO - load | 2 | (0.9500000000000001, 0.55) | 0 | 8 | (480, 62) | 0| 0.0 | 0 
2021-09-27 10:43:47,146 - INFO - compute | 2 | (0.9500000000000001, 0.6000000000000001) | 0 | 13 | (480, 335) | 0| 0.0 | 0 
2021-09-27 10:43:47,308 - INFO - compute | 2 | (0.9500000000000001, 0.65) | 0 | 24 | (2535, 879) | 0| 0.0 | 0 
2021-09-27 10:43:47,475 - INFO - compute | 2 | (0.9500000000000001, 0.7000000000000001) | 0 | 65 | (5595, 3684) | 0| 0.0 | 0 
2021-09-27 10:43:47,665 - INFO - compute | 2 | (0.9500000000000001, 0.75) | 0 | 194 | (9709, 6139) | 0| 0.0 | 0 
2021-09-27 10:43:47,709 - INFO - load | 2 | (0.9500000000000001, 0.8) | 0 | 1000 | (9994, 9993) | 0| 0.0 | 0 
2021-09-27 10:43:47,753 - INFO - load | 2 | (0.9500000000000001, 0.8500000000000001) | 0 | 1000 | (9994, 9993) | 0| 0.0 | 0 
2021-09-27 10:43:47,794 - INFO - load | 2 | (0.9500000000000001, 0.9) | 0 | 1000 | (9994, 9993) | 0| 0.0 | 0 
2021-09-27 10:43:47,834 - INFO - load | 2 | (0.9500000000000001, 0.9500000000000001) | 0 | 1000 | (9994, 9993) | 0| 0.0 | 0 
2021-09-27 10:43:47,875 - INFO - load | 2 | (0.9500000000000001, 1.0) | 0 | 1000 | (9994, 9993) | 0| 0.0 | 0 
2021-09-27 10:43:47,911 - INFO - load | 2 | (1.0, 0.0) | 0 | 0 | set() | 0| 0.0 | 0 
2021-09-27 10:43:47,947 - INFO - load | 2 | (1.0, 0.05) | 0 | 0 | set() | 0| 0.0 | 0 
2021-09-27 10:43:47,985 - INFO - load | 2 | (1.0, 0.1) | 0 | 0 | set() | 0| 0.0 | 0 
2021-09-27 10:43:48,023 - INFO - load | 2 | (1.0, 0.15000000000000002) | 0 | 0 | set() | 0| 0.0 | 0 
2021-09-27 10:43:48,061 - INFO - load | 2 | (1.0, 0.2) | 0 | 0 | set() | 0| 0.0 | 0 
2021-09-27 10:43:48,211 - INFO - load | 2 | (1.0, 0.25) | 0 | 1 | {20} | 0| 0.0 | 0 
2021-09-27 10:43:48,253 - INFO - load | 2 | (1.0, 0.30000000000000004) | 0 | 2 | {40, 20} | 0| 0.0 | 0 
2021-09-27 10:43:48,292 - INFO - load | 2 | (1.0, 0.35000000000000003) | 0 | 3 | (40, 25) | 0| 0.0 | 0 
2021-09-27 10:43:48,333 - INFO - load | 2 | (1.0, 0.4) | 0 | 5 | (50, 62) | 0| 0.0 | 0 
2021-09-27 10:43:48,371 - INFO - load | 2 | (1.0, 0.45) | 0 | 5 | (50, 62) | 0| 0.0 | 0 
2021-09-27 10:43:48,421 - INFO - load | 2 | (1.0, 0.5) | 0 | 6 | (50, 62) | 0| 0.0 | 0 
2021-09-27 10:43:48,463 - INFO - load | 2 | (1.0, 0.55) | 0 | 9 | (480, 335) | 0| 0.0 | 0 
2021-09-27 10:43:48,511 - INFO - load | 2 | (1.0, 0.6000000000000001) | 0 | 20 | (2535, 698) | 0| 0.0 | 0 
2021-09-27 10:43:48,682 - INFO - compute | 2 | (1.0, 0.65) | 0 | 48 | (4113, 4042) | 0| 0.0 | 0 
2021-09-27 10:43:48,729 - INFO - load | 2 | (1.0, 0.7000000000000001) | 0 | 148 | (8450, 7589) | 0| 0.0 | 0 
2021-09-27 10:43:48,769 - INFO - load | 2 | (1.0, 0.75) | 0 | 1000 | (9994, 9993) | 0| 0.0 | 0 
2021-09-27 10:43:48,809 - INFO - load | 2 | (1.0, 0.8) | 0 | 1000 | (9994, 9993) | 0| 0.0 | 0 
2021-09-27 10:43:48,850 - INFO - load | 2 | (1.0, 0.8500000000000001) | 0 | 1000 | (9994, 9993) | 0| 0.0 | 0 
2021-09-27 10:43:48,891 - INFO - load | 2 | (1.0, 0.9) | 0 | 1000 | (9994, 9993) | 0| 0.0 | 0 
2021-09-27 10:43:48,932 - INFO - load | 2 | (1.0, 0.9500000000000001) | 0 | 1000 | (9994, 9993) | 0| 0.0 | 0 
2021-09-27 10:43:48,976 - INFO - load | 2 | (1.0, 1.0) | 0 | 1000 | (9994, 9993) | 0| 0.0 | 0 
