2021-09-29 13:43:45,007 - INFO - run algo
2021-09-29 13:43:45,293 - INFO - 9513
2021-09-29 13:43:45,303 - INFO - 10000
2021-09-29 13:43:52,527 - INFO - load:
2021-09-29 13:43:52,530 - INFO - Finish random requester set R and supplier set S 
                             percent_R=0.1, num_R=1000, len_R=1000 
                             percent_S=0.1, num_S=1000, len_S=1000
2021-09-29 13:44:02,883 - INFO - compute | 3 | (0.0, 0.0) | 1000 | 0 | set() | 0| 0.0 | 0.0 
2021-09-29 13:44:02,885 - INFO - load | 3 | (0.0, 0.05) | 1000 | 0 | set() | 0| 0.0 | 0.0 
2021-09-29 13:44:02,886 - INFO - load | 3 | (0.0, 0.1) | 1000 | 0 | set() | 0| 0.0 | 0.0 
2021-09-29 13:44:02,888 - INFO - load | 3 | (0.0, 0.15000000000000002) | 1000 | 0 | set() | 0| 0.0 | 0.0 
2021-09-29 13:44:02,889 - INFO - load | 3 | (0.0, 0.2) | 1000 | 0 | set() | 0| 0.0 | 0.0 
2021-09-29 13:44:02,890 - INFO - load | 3 | (0.0, 0.25) | 1000 | 0 | set() | 0| 0.0 | 0.0 
2021-09-29 13:44:02,891 - INFO - load | 3 | (0.0, 0.30000000000000004) | 1000 | 0 | set() | 0| 0.0 | 0.0 
2021-09-29 13:44:02,892 - INFO - load | 3 | (0.0, 0.35000000000000003) | 1000 | 0 | set() | 0| 0.0 | 0.0 
2021-09-29 13:44:02,893 - INFO - load | 3 | (0.0, 0.4) | 1000 | 0 | set() | 0| 0.0 | 0.0 
2021-09-29 13:44:02,894 - INFO - load | 3 | (0.0, 0.45) | 1000 | 0 | set() | 0| 0.0 | 0.0 
2021-09-29 13:44:02,895 - INFO - load | 3 | (0.0, 0.5) | 1000 | 0 | set() | 0| 0.0 | 0.0 
2021-09-29 13:44:02,896 - INFO - load | 3 | (0.0, 0.55) | 1000 | 0 | set() | 0| 0.0 | 0.0 
2021-09-29 13:44:02,897 - INFO - load | 3 | (0.0, 0.6000000000000001) | 1000 | 0 | set() | 0| 0.0 | 0.0 
2021-09-29 13:44:02,899 - INFO - load | 3 | (0.0, 0.65) | 1000 | 0 | set() | 0| 0.0 | 0.0 
2021-09-29 13:44:02,900 - INFO - load | 3 | (0.0, 0.7000000000000001) | 1000 | 0 | set() | 0| 0.0 | 0.0 
2021-09-29 13:44:02,901 - INFO - load | 3 | (0.0, 0.75) | 1000 | 0 | set() | 0| 0.0 | 0.0 
2021-09-29 13:44:02,902 - INFO - load | 3 | (0.0, 0.8) | 1000 | 0 | set() | 0| 0.0 | 0.0 
2021-09-29 13:44:02,903 - INFO - load | 3 | (0.0, 0.8500000000000001) | 1000 | 0 | set() | 0| 0.0 | 0.0 
2021-09-29 13:44:02,904 - INFO - load | 3 | (0.0, 0.9) | 1000 | 0 | set() | 0| 0.0 | 0.0 
2021-09-29 13:44:02,905 - INFO - load | 3 | (0.0, 0.9500000000000001) | 1000 | 0 | set() | 0| 0.0 | 0.0 
2021-09-29 13:44:02,906 - INFO - load | 3 | (0.0, 1.0) | 1000 | 0 | set() | 0| 0.0 | 0.0 
2021-09-29 13:44:02,907 - INFO - load | 3 | (0.05, 0.0) | 1000 | 0 | set() | 0| 0.0 | 0.0 
2021-09-29 13:44:02,908 - INFO - load | 3 | (0.05, 0.05) | 1000 | 0 | set() | 0| 0.0 | 0.0 
2021-09-29 13:44:02,909 - INFO - load | 3 | (0.05, 0.1) | 1000 | 0 | set() | 0| 0.0 | 0.0 
2021-09-29 13:44:02,911 - INFO - load | 3 | (0.05, 0.15000000000000002) | 1000 | 0 | set() | 0| 0.0 | 0.0 
2021-09-29 13:44:02,912 - INFO - load | 3 | (0.05, 0.2) | 1000 | 0 | set() | 0| 0.0 | 0.0 
2021-09-29 13:44:02,913 - INFO - load | 3 | (0.05, 0.25) | 1000 | 0 | set() | 0| 0.0 | 0.0 
2021-09-29 13:44:02,914 - INFO - load | 3 | (0.05, 0.30000000000000004) | 1000 | 0 | set() | 0| 0.0 | 0.0 
2021-09-29 13:44:02,915 - INFO - load | 3 | (0.05, 0.35000000000000003) | 1000 | 0 | set() | 0| 0.0 | 0.0 
2021-09-29 13:44:02,916 - INFO - load | 3 | (0.05, 0.4) | 1000 | 0 | set() | 0| 0.0 | 0.0 
2021-09-29 13:44:02,917 - INFO - load | 3 | (0.05, 0.45) | 1000 | 0 | set() | 0| 0.0 | 0.0 
2021-09-29 13:44:02,919 - INFO - load | 3 | (0.05, 0.5) | 1000 | 0 | set() | 0| 0.0 | 0.0 
2021-09-29 13:44:02,920 - INFO - load | 3 | (0.05, 0.55) | 1000 | 0 | set() | 0| 0.0 | 0.0 
2021-09-29 13:44:02,921 - INFO - load | 3 | (0.05, 0.6000000000000001) | 1000 | 0 | set() | 0| 0.0 | 0.0 
2021-09-29 13:44:02,922 - INFO - load | 3 | (0.05, 0.65) | 1000 | 0 | set() | 0| 0.0 | 0.0 
2021-09-29 13:44:02,923 - INFO - load | 3 | (0.05, 0.7000000000000001) | 1000 | 0 | set() | 0| 0.0 | 0.0 
2021-09-29 13:44:02,924 - INFO - load | 3 | (0.05, 0.75) | 1000 | 0 | set() | 0| 0.0 | 0.0 
2021-09-29 13:44:02,925 - INFO - load | 3 | (0.05, 0.8) | 1000 | 0 | set() | 0| 0.0 | 0.0 
2021-09-29 13:44:02,926 - INFO - load | 3 | (0.05, 0.8500000000000001) | 1000 | 0 | set() | 0| 0.0 | 0.0 
2021-09-29 13:44:02,927 - INFO - load | 3 | (0.05, 0.9) | 1000 | 0 | set() | 0| 0.0 | 0.0 
2021-09-29 13:44:02,929 - INFO - load | 3 | (0.05, 0.9500000000000001) | 1000 | 0 | set() | 0| 0.0 | 0.0 
2021-09-29 13:44:02,931 - INFO - load | 3 | (0.05, 1.0) | 1000 | 0 | set() | 0| 0.0 | 0.0 
2021-09-29 13:44:02,932 - INFO - load | 3 | (0.1, 0.0) | 1000 | 0 | set() | 0| 0.0 | 0.0 
2021-09-29 13:44:02,933 - INFO - load | 3 | (0.1, 0.05) | 1000 | 0 | set() | 0| 0.0 | 0.0 
2021-09-29 13:44:02,934 - INFO - load | 3 | (0.1, 0.1) | 1000 | 0 | set() | 0| 0.0 | 0.0 
2021-09-29 13:44:02,935 - INFO - load | 3 | (0.1, 0.15000000000000002) | 1000 | 0 | set() | 0| 0.0 | 0.0 
2021-09-29 13:44:02,936 - INFO - load | 3 | (0.1, 0.2) | 1000 | 0 | set() | 0| 0.0 | 0.0 
2021-09-29 13:44:02,937 - INFO - load | 3 | (0.1, 0.25) | 1000 | 0 | set() | 0| 0.0 | 0.0 
2021-09-29 13:44:02,938 - INFO - load | 3 | (0.1, 0.30000000000000004) | 1000 | 0 | set() | 0| 0.0 | 0.0 
2021-09-29 13:44:02,939 - INFO - load | 3 | (0.1, 0.35000000000000003) | 1000 | 0 | set() | 0| 0.0 | 0.0 
2021-09-29 13:44:02,941 - INFO - load | 3 | (0.1, 0.4) | 1000 | 0 | set() | 0| 0.0 | 0.0 
2021-09-29 13:44:02,942 - INFO - load | 3 | (0.1, 0.45) | 1000 | 0 | set() | 0| 0.0 | 0.0 
2021-09-29 13:44:02,943 - INFO - load | 3 | (0.1, 0.5) | 1000 | 0 | set() | 0| 0.0 | 0.0 
2021-09-29 13:44:02,944 - INFO - load | 3 | (0.1, 0.55) | 1000 | 0 | set() | 0| 0.0 | 0.0 
2021-09-29 13:44:02,945 - INFO - load | 3 | (0.1, 0.6000000000000001) | 1000 | 0 | set() | 0| 0.0 | 0.0 
2021-09-29 13:44:02,946 - INFO - load | 3 | (0.1, 0.65) | 1000 | 0 | set() | 0| 0.0 | 0.0 
2021-09-29 13:44:02,947 - INFO - load | 3 | (0.1, 0.7000000000000001) | 1000 | 0 | set() | 0| 0.0 | 0.0 
2021-09-29 13:44:02,948 - INFO - load | 3 | (0.1, 0.75) | 1000 | 0 | set() | 0| 0.0 | 0.0 
2021-09-29 13:44:02,949 - INFO - load | 3 | (0.1, 0.8) | 1000 | 0 | set() | 0| 0.0 | 0.0 
2021-09-29 13:44:02,950 - INFO - load | 3 | (0.1, 0.8500000000000001) | 1000 | 0 | set() | 0| 0.0 | 0.0 
2021-09-29 13:44:02,952 - INFO - load | 3 | (0.1, 0.9) | 1000 | 0 | set() | 0| 0.0 | 0.0 
2021-09-29 13:44:02,953 - INFO - load | 3 | (0.1, 0.9500000000000001) | 1000 | 0 | set() | 0| 0.0 | 0.0 
2021-09-29 13:44:02,954 - INFO - load | 3 | (0.1, 1.0) | 1000 | 0 | set() | 0| 0.0 | 0.0 
2021-09-29 13:44:02,955 - INFO - load | 3 | (0.15000000000000002, 0.0) | 1000 | 0 | set() | 0| 0.0 | 0.0 
2021-09-29 13:44:02,956 - INFO - load | 3 | (0.15000000000000002, 0.05) | 1000 | 0 | set() | 0| 0.0 | 0.0 
2021-09-29 13:44:02,957 - INFO - load | 3 | (0.15000000000000002, 0.1) | 1000 | 0 | set() | 0| 0.0 | 0.0 
2021-09-29 13:44:02,958 - INFO - load | 3 | (0.15000000000000002, 0.15000000000000002) | 1000 | 0 | set() | 0| 0.0 | 0.0 
2021-09-29 13:44:02,960 - INFO - load | 3 | (0.15000000000000002, 0.2) | 1000 | 0 | set() | 0| 0.0 | 0.0 
2021-09-29 13:44:02,961 - INFO - load | 3 | (0.15000000000000002, 0.25) | 1000 | 0 | set() | 0| 0.0 | 0.0 
2021-09-29 13:44:02,962 - INFO - load | 3 | (0.15000000000000002, 0.30000000000000004) | 1000 | 0 | set() | 0| 0.0 | 0.0 
2021-09-29 13:44:02,963 - INFO - load | 3 | (0.15000000000000002, 0.35000000000000003) | 1000 | 0 | set() | 0| 0.0 | 0.0 
2021-09-29 13:44:02,964 - INFO - load | 3 | (0.15000000000000002, 0.4) | 1000 | 0 | set() | 0| 0.0 | 0.0 
2021-09-29 13:44:02,965 - INFO - load | 3 | (0.15000000000000002, 0.45) | 1000 | 0 | set() | 0| 0.0 | 0.0 
2021-09-29 13:44:02,966 - INFO - load | 3 | (0.15000000000000002, 0.5) | 1000 | 0 | set() | 0| 0.0 | 0.0 
2021-09-29 13:44:02,967 - INFO - load | 3 | (0.15000000000000002, 0.55) | 1000 | 0 | set() | 0| 0.0 | 0.0 
2021-09-29 13:44:02,969 - INFO - load | 3 | (0.15000000000000002, 0.6000000000000001) | 1000 | 0 | set() | 0| 0.0 | 0.0 
2021-09-29 13:44:02,970 - INFO - load | 3 | (0.15000000000000002, 0.65) | 1000 | 0 | set() | 0| 0.0 | 0.0 
2021-09-29 13:44:02,972 - INFO - load | 3 | (0.15000000000000002, 0.7000000000000001) | 1000 | 0 | set() | 0| 0.0 | 0.0 
2021-09-29 13:44:02,973 - INFO - load | 3 | (0.15000000000000002, 0.75) | 1000 | 0 | set() | 0| 0.0 | 0.0 
2021-09-29 13:44:02,974 - INFO - load | 3 | (0.15000000000000002, 0.8) | 1000 | 0 | set() | 0| 0.0 | 0.0 
2021-09-29 13:44:02,975 - INFO - load | 3 | (0.15000000000000002, 0.8500000000000001) | 1000 | 0 | set() | 0| 0.0 | 0.0 
2021-09-29 13:44:02,976 - INFO - load | 3 | (0.15000000000000002, 0.9) | 1000 | 0 | set() | 0| 0.0 | 0.0 
2021-09-29 13:44:02,977 - INFO - load | 3 | (0.15000000000000002, 0.9500000000000001) | 1000 | 0 | set() | 0| 0.0 | 0.0 
2021-09-29 13:44:02,978 - INFO - load | 3 | (0.15000000000000002, 1.0) | 1000 | 0 | set() | 0| 0.0 | 0.0 
2021-09-29 13:44:02,980 - INFO - load | 3 | (0.2, 0.0) | 1000 | 0 | set() | 0| 0.0 | 0.0 
2021-09-29 13:44:02,981 - INFO - load | 3 | (0.2, 0.05) | 1000 | 0 | set() | 0| 0.0 | 0.0 
2021-09-29 13:44:02,982 - INFO - load | 3 | (0.2, 0.1) | 1000 | 0 | set() | 0| 0.0 | 0.0 
2021-09-29 13:44:02,983 - INFO - load | 3 | (0.2, 0.15000000000000002) | 1000 | 0 | set() | 0| 0.0 | 0.0 
2021-09-29 13:44:02,984 - INFO - load | 3 | (0.2, 0.2) | 1000 | 0 | set() | 0| 0.0 | 0.0 
2021-09-29 13:44:02,985 - INFO - load | 3 | (0.2, 0.25) | 1000 | 0 | set() | 0| 0.0 | 0.0 
2021-09-29 13:44:02,987 - INFO - load | 3 | (0.2, 0.30000000000000004) | 1000 | 0 | set() | 0| 0.0 | 0.0 
2021-09-29 13:44:02,988 - INFO - load | 3 | (0.2, 0.35000000000000003) | 1000 | 0 | set() | 0| 0.0 | 0.0 
2021-09-29 13:44:02,989 - INFO - load | 3 | (0.2, 0.4) | 1000 | 0 | set() | 0| 0.0 | 0.0 
2021-09-29 13:44:02,990 - INFO - load | 3 | (0.2, 0.45) | 1000 | 0 | set() | 0| 0.0 | 0.0 
2021-09-29 13:44:02,991 - INFO - load | 3 | (0.2, 0.5) | 1000 | 0 | set() | 0| 0.0 | 0.0 
2021-09-29 13:44:02,992 - INFO - load | 3 | (0.2, 0.55) | 1000 | 0 | set() | 0| 0.0 | 0.0 
2021-09-29 13:44:02,994 - INFO - load | 3 | (0.2, 0.6000000000000001) | 1000 | 0 | set() | 0| 0.0 | 0.0 
2021-09-29 13:44:02,995 - INFO - load | 3 | (0.2, 0.65) | 1000 | 0 | set() | 0| 0.0 | 0.0 
2021-09-29 13:44:02,996 - INFO - load | 3 | (0.2, 0.7000000000000001) | 1000 | 0 | set() | 0| 0.0 | 0.0 
2021-09-29 13:44:02,997 - INFO - load | 3 | (0.2, 0.75) | 1000 | 0 | set() | 0| 0.0 | 0.0 
2021-09-29 13:44:02,998 - INFO - load | 3 | (0.2, 0.8) | 1000 | 0 | set() | 0| 0.0 | 0.0 
2021-09-29 13:44:02,999 - INFO - load | 3 | (0.2, 0.8500000000000001) | 1000 | 0 | set() | 0| 0.0 | 0.0 
2021-09-29 13:44:03,000 - INFO - load | 3 | (0.2, 0.9) | 1000 | 0 | set() | 0| 0.0 | 0.0 
2021-09-29 13:44:03,002 - INFO - load | 3 | (0.2, 0.9500000000000001) | 1000 | 0 | set() | 0| 0.0 | 0.0 
2021-09-29 13:44:03,003 - INFO - load | 3 | (0.2, 1.0) | 1000 | 0 | set() | 0| 0.0 | 0.0 
2021-09-29 13:44:03,004 - INFO - load | 3 | (0.25, 0.0) | 1000 | 0 | set() | 0| 0.0 | 0.0 
2021-09-29 13:44:03,006 - INFO - load | 3 | (0.25, 0.05) | 1000 | 0 | set() | 0| 0.0 | 0.0 
2021-09-29 13:44:03,007 - INFO - load | 3 | (0.25, 0.1) | 1000 | 0 | set() | 0| 0.0 | 0.0 
2021-09-29 13:44:03,008 - INFO - load | 3 | (0.25, 0.15000000000000002) | 1000 | 0 | set() | 0| 0.0 | 0.0 
2021-09-29 13:44:03,010 - INFO - load | 3 | (0.25, 0.2) | 1000 | 0 | set() | 0| 0.0 | 0.0 
2021-09-29 13:44:03,011 - INFO - load | 3 | (0.25, 0.25) | 1000 | 0 | set() | 0| 0.0 | 0.0 
2021-09-29 13:44:03,012 - INFO - load | 3 | (0.25, 0.30000000000000004) | 1000 | 0 | set() | 0| 0.0 | 0.0 
2021-09-29 13:44:03,013 - INFO - load | 3 | (0.25, 0.35000000000000003) | 1000 | 0 | set() | 0| 0.0 | 0.0 
2021-09-29 13:44:03,014 - INFO - load | 3 | (0.25, 0.4) | 1000 | 0 | set() | 0| 0.0 | 0.0 
2021-09-29 13:44:03,015 - INFO - load | 3 | (0.25, 0.45) | 1000 | 0 | set() | 0| 0.0 | 0.0 
2021-09-29 13:44:03,016 - INFO - load | 3 | (0.25, 0.5) | 1000 | 0 | set() | 0| 0.0 | 0.0 
2021-09-29 13:44:03,018 - INFO - load | 3 | (0.25, 0.55) | 1000 | 0 | set() | 0| 0.0 | 0.0 
2021-09-29 13:44:03,019 - INFO - load | 3 | (0.25, 0.6000000000000001) | 1000 | 0 | set() | 0| 0.0 | 0.0 
2021-09-29 13:44:03,020 - INFO - load | 3 | (0.25, 0.65) | 1000 | 0 | set() | 0| 0.0 | 0.0 
2021-09-29 13:44:03,021 - INFO - load | 3 | (0.25, 0.7000000000000001) | 1000 | 0 | set() | 0| 0.0 | 0.0 
2021-09-29 13:44:03,022 - INFO - load | 3 | (0.25, 0.75) | 1000 | 0 | set() | 0| 0.0 | 0.0 
2021-09-29 13:44:03,023 - INFO - load | 3 | (0.25, 0.8) | 1000 | 0 | set() | 0| 0.0 | 0.0 
2021-09-29 13:44:03,024 - INFO - load | 3 | (0.25, 0.8500000000000001) | 1000 | 0 | set() | 0| 0.0 | 0.0 
2021-09-29 13:44:03,026 - INFO - load | 3 | (0.25, 0.9) | 1000 | 0 | set() | 0| 0.0 | 0.0 
2021-09-29 13:44:03,027 - INFO - load | 3 | (0.25, 0.9500000000000001) | 1000 | 0 | set() | 0| 0.0 | 0.0 
2021-09-29 13:44:05,035 - INFO - compute | 3 | (0.25, 1.0) | 1000 | 1 | {20} | 83046| 0.0 | 22503.165705946223 
2021-09-29 13:44:05,235 - INFO - compute | 3 | (0.30000000000000004, 0.0) | 136 | 0 | set() | 0| 0.0 | 0.0 
2021-09-29 13:44:05,294 - INFO - load | 3 | (0.30000000000000004, 0.05) | 136 | 0 | set() | 0| 0.0 | 0.0 
2021-09-29 13:44:05,352 - INFO - load | 3 | (0.30000000000000004, 0.1) | 136 | 0 | set() | 0| 0.0 | 0.0 
2021-09-29 13:44:05,411 - INFO - load | 3 | (0.30000000000000004, 0.15000000000000002) | 136 | 0 | set() | 0| 0.0 | 0.0 
2021-09-29 13:44:05,470 - INFO - load | 3 | (0.30000000000000004, 0.2) | 136 | 0 | set() | 0| 0.0 | 0.0 
2021-09-29 13:44:05,527 - INFO - load | 3 | (0.30000000000000004, 0.25) | 136 | 0 | set() | 0| 0.0 | 0.0 
2021-09-29 13:44:05,587 - INFO - load | 3 | (0.30000000000000004, 0.30000000000000004) | 136 | 0 | set() | 0| 0.0 | 0.0 
2021-09-29 13:44:05,647 - INFO - load | 3 | (0.30000000000000004, 0.35000000000000003) | 136 | 0 | set() | 0| 0.0 | 0.0 
2021-09-29 13:44:05,705 - INFO - load | 3 | (0.30000000000000004, 0.4) | 136 | 0 | set() | 0| 0.0 | 0.0 
2021-09-29 13:44:05,763 - INFO - load | 3 | (0.30000000000000004, 0.45) | 136 | 0 | set() | 0| 0.0 | 0.0 
2021-09-29 13:44:05,821 - INFO - load | 3 | (0.30000000000000004, 0.5) | 136 | 0 | set() | 0| 0.0 | 0.0 
2021-09-29 13:44:05,879 - INFO - load | 3 | (0.30000000000000004, 0.55) | 136 | 0 | set() | 0| 0.0 | 0.0 
2021-09-29 13:44:05,937 - INFO - load | 3 | (0.30000000000000004, 0.6000000000000001) | 136 | 0 | set() | 0| 0.0 | 0.0 
2021-09-29 13:44:05,999 - INFO - load | 3 | (0.30000000000000004, 0.65) | 136 | 0 | set() | 0| 0.0 | 0.0 
2021-09-29 13:44:06,059 - INFO - load | 3 | (0.30000000000000004, 0.7000000000000001) | 136 | 0 | set() | 0| 0.0 | 0.0 
2021-09-29 13:44:06,118 - INFO - load | 3 | (0.30000000000000004, 0.75) | 136 | 0 | set() | 0| 0.0 | 0.0 
2021-09-29 13:44:06,177 - INFO - load | 3 | (0.30000000000000004, 0.8) | 136 | 0 | set() | 0| 0.0 | 0.0 
2021-09-29 13:44:06,517 - INFO - compute | 3 | (0.30000000000000004, 0.8500000000000001) | 136 | 1 | {20} | 9442| 424.8899999999999 | 3209.1727566465097 
2021-09-29 13:44:06,989 - INFO - compute | 3 | (0.30000000000000004, 0.9) | 136 | 2 | {40, 20} | 15573| 467.18999999999954 | 5302.644731135798 
2021-09-29 13:44:07,058 - INFO - load | 3 | (0.30000000000000004, 0.9500000000000001) | 136 | 2 | {40, 20} | 15573| 233.59499999999935 | 5302.644731135798 
2021-09-29 13:44:07,122 - INFO - load | 3 | (0.30000000000000004, 1.0) | 136 | 2 | {40, 20} | 15573| 0.0 | 5302.644731135798 
2021-09-29 13:44:07,237 - INFO - compute | 3 | (0.35000000000000003, 0.0) | 47 | 0 | set() | 0| 0.0 | 0.0 
2021-09-29 13:44:07,306 - INFO - load | 3 | (0.35000000000000003, 0.05) | 47 | 0 | set() | 0| 0.0 | 0.0 
2021-09-29 13:44:07,372 - INFO - load | 3 | (0.35000000000000003, 0.1) | 47 | 0 | set() | 0| 0.0 | 0.0 
2021-09-29 13:44:07,438 - INFO - load | 3 | (0.35000000000000003, 0.15000000000000002) | 47 | 0 | set() | 0| 0.0 | 0.0 
2021-09-29 13:44:07,504 - INFO - load | 3 | (0.35000000000000003, 0.2) | 47 | 0 | set() | 0| 0.0 | 0.0 
2021-09-29 13:44:07,571 - INFO - load | 3 | (0.35000000000000003, 0.25) | 47 | 0 | set() | 0| 0.0 | 0.0 
2021-09-29 13:44:07,648 - INFO - load | 3 | (0.35000000000000003, 0.30000000000000004) | 47 | 0 | set() | 0| 0.0 | 0.0 
2021-09-29 13:44:07,716 - INFO - load | 3 | (0.35000000000000003, 0.35000000000000003) | 47 | 0 | set() | 0| 0.0 | 0.0 
2021-09-29 13:44:07,790 - INFO - load | 3 | (0.35000000000000003, 0.4) | 47 | 0 | set() | 0| 0.0 | 0.0 
2021-09-29 13:44:07,858 - INFO - load | 3 | (0.35000000000000003, 0.45) | 47 | 0 | set() | 0| 0.0 | 0.0 
2021-09-29 13:44:07,925 - INFO - load | 3 | (0.35000000000000003, 0.5) | 47 | 0 | set() | 0| 0.0 | 0.0 
2021-09-29 13:44:07,991 - INFO - load | 3 | (0.35000000000000003, 0.55) | 47 | 0 | set() | 0| 0.0 | 0.0 
2021-09-29 13:44:08,058 - INFO - load | 3 | (0.35000000000000003, 0.6000000000000001) | 47 | 0 | set() | 0| 0.0 | 0.0 
2021-09-29 13:44:08,124 - INFO - load | 3 | (0.35000000000000003, 0.65) | 47 | 0 | set() | 0| 0.0 | 0.0 
2021-09-29 13:44:08,288 - INFO - compute | 3 | (0.35000000000000003, 0.7000000000000001) | 47 | 1 | {20} | 2714| 284.96999999999997 | 1079.2520033807903 
2021-09-29 13:44:08,361 - INFO - load | 3 | (0.35000000000000003, 0.75) | 47 | 1 | {20} | 2714| 237.47500000000005 | 1079.2520033807903 
2021-09-29 13:44:08,574 - INFO - compute | 3 | (0.35000000000000003, 0.8) | 47 | 2 | {40, 20} | 4563| 319.41 | 1816.1935020023584 
2021-09-29 13:44:08,648 - INFO - load | 3 | (0.35000000000000003, 0.8500000000000001) | 47 | 2 | {40, 20} | 4563| 239.55749999999995 | 1816.1935020023584 
2021-09-29 13:44:08,907 - INFO - compute | 3 | (0.35000000000000003, 0.9) | 47 | 3 | {40, 25, 20} | 6666| 233.30999999999983 | 2680.2652831088 
2021-09-29 13:44:08,983 - INFO - load | 3 | (0.35000000000000003, 0.9500000000000001) | 47 | 3 | {40, 25, 20} | 6666| 116.65499999999973 | 2680.2652831088 
2021-09-29 13:44:09,056 - INFO - load | 3 | (0.35000000000000003, 1.0) | 47 | 3 | {40, 25, 20} | 6666| 0.0 | 2680.2652831088 
2021-09-29 13:44:09,150 - INFO - compute | 3 | (0.4, 0.0) | 19 | 0 | set() | 0| 0.0 | 0.0 
2021-09-29 13:44:09,226 - INFO - load | 3 | (0.4, 0.05) | 19 | 0 | set() | 0| 0.0 | 0.0 
2021-09-29 13:44:09,299 - INFO - load | 3 | (0.4, 0.1) | 19 | 0 | set() | 0| 0.0 | 0.0 
2021-09-29 13:44:09,372 - INFO - load | 3 | (0.4, 0.15000000000000002) | 19 | 0 | set() | 0| 0.0 | 0.0 
2021-09-29 13:44:09,446 - INFO - load | 3 | (0.4, 0.2) | 19 | 0 | set() | 0| 0.0 | 0.0 
2021-09-29 13:44:09,522 - INFO - load | 3 | (0.4, 0.25) | 19 | 0 | set() | 0| 0.0 | 0.0 
2021-09-29 13:44:09,596 - INFO - load | 3 | (0.4, 0.30000000000000004) | 19 | 0 | set() | 0| 0.0 | 0.0 
2021-09-29 13:44:09,671 - INFO - load | 3 | (0.4, 0.35000000000000003) | 19 | 0 | set() | 0| 0.0 | 0.0 
2021-09-29 13:44:09,745 - INFO - load | 3 | (0.4, 0.4) | 19 | 0 | set() | 0| 0.0 | 0.0 
2021-09-29 13:44:09,816 - INFO - load | 3 | (0.4, 0.45) | 19 | 0 | set() | 0| 0.0 | 0.0 
2021-09-29 13:44:09,887 - INFO - load | 3 | (0.4, 0.5) | 19 | 0 | set() | 0| 0.0 | 0.0 
2021-09-29 13:44:09,960 - INFO - load | 3 | (0.4, 0.55) | 19 | 0 | set() | 0| 0.0 | 0.0 
2021-09-29 13:44:10,034 - INFO - load | 3 | (0.4, 0.6000000000000001) | 19 | 0 | set() | 0| 0.0 | 0.0 
2021-09-29 13:44:10,155 - INFO - compute | 3 | (0.4, 0.65) | 19 | 1 | {20} | 932| 130.48000000000002 | 416.0358810068182 
2021-09-29 13:44:10,300 - INFO - compute | 3 | (0.4, 0.7000000000000001) | 19 | 2 | {40, 20} | 1513| 181.56 | 680.4263201822545 
2021-09-29 13:44:10,382 - INFO - load | 3 | (0.4, 0.75) | 19 | 2 | {40, 20} | 1513| 151.29999999999995 | 680.4263201822545 
2021-09-29 13:44:10,533 - INFO - compute | 3 | (0.4, 0.8) | 19 | 3 | {40, 25, 20} | 2399| 191.9199999999999 | 1090.8009268193227 
2021-09-29 13:44:10,612 - INFO - load | 3 | (0.4, 0.8500000000000001) | 19 | 3 | {40, 25, 20} | 2399| 143.93999999999986 | 1090.8009268193227 
2021-09-29 13:44:10,694 - INFO - load | 3 | (0.4, 0.9) | 19 | 3 | {40, 25, 20} | 2399| 95.95999999999995 | 1090.8009268193227 
2021-09-29 13:44:10,979 - INFO - compute | 3 | (0.4, 0.9500000000000001) | 19 | 4 | (25, 20, 62) | 2447| 48.939999999999905 | 1108.2262652563447 
2021-09-29 13:44:11,491 - INFO - compute | 3 | (0.4, 1.0) | 19 | 5 | (50, 20, 25) | 2478| 0.0 | 1128.0511919024686 
2021-09-29 13:44:11,589 - INFO - compute | 3 | (0.45, 0.0) | 6 | 0 | set() | 0| 0.0 | 0.0 
2021-09-29 13:44:11,679 - INFO - load | 3 | (0.45, 0.05) | 6 | 0 | set() | 0| 0.0 | 0.0 
2021-09-29 13:44:11,765 - INFO - load | 3 | (0.45, 0.1) | 6 | 0 | set() | 0| 0.0 | 0.0 
2021-09-29 13:44:11,856 - INFO - load | 3 | (0.45, 0.15000000000000002) | 6 | 0 | set() | 0| 0.0 | 0.0 
2021-09-29 13:44:11,942 - INFO - load | 3 | (0.45, 0.2) | 6 | 0 | set() | 0| 0.0 | 0.0 
2021-09-29 13:44:12,032 - INFO - load | 3 | (0.45, 0.25) | 6 | 0 | set() | 0| 0.0 | 0.0 
2021-09-29 13:44:12,125 - INFO - load | 3 | (0.45, 0.30000000000000004) | 6 | 0 | set() | 0| 0.0 | 0.0 
2021-09-29 13:44:12,213 - INFO - load | 3 | (0.45, 0.35000000000000003) | 6 | 0 | set() | 0| 0.0 | 0.0 
2021-09-29 13:44:12,298 - INFO - load | 3 | (0.45, 0.4) | 6 | 0 | set() | 0| 0.0 | 0.0 
2021-09-29 13:44:12,381 - INFO - load | 3 | (0.45, 0.45) | 6 | 0 | set() | 0| 0.0 | 0.0 
2021-09-29 13:44:12,465 - INFO - load | 3 | (0.45, 0.5) | 6 | 0 | set() | 0| 0.0 | 0.0 
2021-09-29 13:44:12,571 - INFO - compute | 3 | (0.45, 0.55) | 6 | 1 | {20} | 229| 46.372499999999995 | 118.12006834542431 
2021-09-29 13:44:12,680 - INFO - compute | 3 | (0.45, 0.6000000000000001) | 6 | 2 | {40, 20} | 380| 68.39999999999998 | 199.4830721823963 
2021-09-29 13:44:12,767 - INFO - load | 3 | (0.45, 0.65) | 6 | 2 | {40, 20} | 380| 59.84999999999999 | 199.4830721823963 
2021-09-29 13:44:12,884 - INFO - compute | 3 | (0.45, 0.7000000000000001) | 6 | 3 | {40, 25, 20} | 631| 85.18499999999997 | 338.60530227661246 
2021-09-29 13:44:12,978 - INFO - load | 3 | (0.45, 0.75) | 6 | 3 | {40, 25, 20} | 631| 70.9875 | 338.60530227661246 
2021-09-29 13:44:13,077 - INFO - load | 3 | (0.45, 0.8) | 6 | 3 | {40, 25, 20} | 631| 56.78999999999998 | 338.60530227661246 
2021-09-29 13:44:13,261 - INFO - compute | 3 | (0.45, 0.8500000000000001) | 6 | 4 | (40, 25, 20) | 631| 42.592499999999966 | 338.60530227661246 
2021-09-29 13:44:13,497 - INFO - compute | 3 | (0.45, 0.9) | 6 | 5 | (50, 20, 25) | 656| 29.51999999999999 | 352.80532617671344 
2021-09-29 13:44:13,587 - INFO - load | 3 | (0.45, 0.9500000000000001) | 6 | 5 | (50, 20, 25) | 656| 14.759999999999977 | 352.80532617671344 
2021-09-29 13:44:13,679 - INFO - load | 3 | (0.45, 1.0) | 6 | 5 | (50, 20, 25) | 656| 0.0 | 352.80532617671344 
2021-09-29 13:44:13,784 - INFO - compute | 3 | (0.5, 0.0) | 4 | 0 | set() | 0| 0.0 | 0.0 
2021-09-29 13:44:13,883 - INFO - load | 3 | (0.5, 0.05) | 4 | 0 | set() | 0| 0.0 | 0.0 
2021-09-29 13:44:13,977 - INFO - load | 3 | (0.5, 0.1) | 4 | 0 | set() | 0| 0.0 | 0.0 
2021-09-29 13:44:14,074 - INFO - load | 3 | (0.5, 0.15000000000000002) | 4 | 0 | set() | 0| 0.0 | 0.0 
2021-09-29 13:44:14,170 - INFO - load | 3 | (0.5, 0.2) | 4 | 0 | set() | 0| 0.0 | 0.0 
2021-09-29 13:44:14,266 - INFO - load | 3 | (0.5, 0.25) | 4 | 0 | set() | 0| 0.0 | 0.0 
2021-09-29 13:44:14,364 - INFO - load | 3 | (0.5, 0.30000000000000004) | 4 | 0 | set() | 0| 0.0 | 0.0 
2021-09-29 13:44:14,462 - INFO - load | 3 | (0.5, 0.35000000000000003) | 4 | 0 | set() | 0| 0.0 | 0.0 
2021-09-29 13:44:14,559 - INFO - load | 3 | (0.5, 0.4) | 4 | 0 | set() | 0| 0.0 | 0.0 
2021-09-29 13:44:14,648 - INFO - load | 3 | (0.5, 0.45) | 4 | 0 | set() | 0| 0.0 | 0.0 
2021-09-29 13:44:14,751 - INFO - compute | 3 | (0.5, 0.5) | 4 | 1 | {20} | 128| 32.0 | 71.02824951023545 
2021-09-29 13:44:14,862 - INFO - compute | 3 | (0.5, 0.55) | 4 | 2 | {40, 20} | 202| 45.449999999999996 | 116.47745378347804 
2021-09-29 13:44:14,961 - INFO - load | 3 | (0.5, 0.6000000000000001) | 4 | 2 | {40, 20} | 202| 40.39999999999999 | 116.47745378347804 
2021-09-29 13:44:15,075 - INFO - compute | 3 | (0.5, 0.65) | 4 | 3 | {40, 25, 20} | 349| 61.074999999999996 | 207.09468190363452 
2021-09-29 13:44:15,169 - INFO - load | 3 | (0.5, 0.7000000000000001) | 4 | 3 | {40, 25, 20} | 349| 52.34999999999999 | 207.09468190363452 
2021-09-29 13:44:15,300 - INFO - compute | 3 | (0.5, 0.75) | 4 | 4 | (25, 20, 62) | 360| 45.0 | 209.1969719492595 
2021-09-29 13:44:15,496 - INFO - compute | 3 | (0.5, 0.8) | 4 | 5 | (50, 20, 25) | 384| 38.39999999999999 | 225.96960135586195 
2021-09-29 13:44:15,596 - INFO - load | 3 | (0.5, 0.8500000000000001) | 4 | 5 | (50, 20, 25) | 384| 28.799999999999983 | 225.96960135586195 
2021-09-29 13:44:15,706 - INFO - load | 3 | (0.5, 0.9) | 4 | 5 | (50, 20, 25) | 384| 19.199999999999996 | 225.96960135586195 
2021-09-29 13:44:15,809 - INFO - load | 3 | (0.5, 0.9500000000000001) | 4 | 5 | (50, 20, 25) | 384| 9.599999999999987 | 225.96960135586195 
2021-09-29 13:44:16,089 - INFO - compute | 3 | (0.5, 1.0) | 4 | 6 | (42, 50, 25) | 401| 0.0 | 241.59372930902458 
2021-09-29 13:44:16,189 - INFO - compute | 3 | (0.55, 0.0) | 3 | 0 | set() | 0| 0.0 | 0.0 
2021-09-29 13:44:16,285 - INFO - load | 3 | (0.55, 0.05) | 3 | 0 | set() | 0| 0.0 | 0.0 
2021-09-29 13:44:16,390 - INFO - load | 3 | (0.55, 0.1) | 3 | 0 | set() | 0| 0.0 | 0.0 
2021-09-29 13:44:16,497 - INFO - load | 3 | (0.55, 0.15000000000000002) | 3 | 0 | set() | 0| 0.0 | 0.0 
2021-09-29 13:44:16,599 - INFO - load | 3 | (0.55, 0.2) | 3 | 0 | set() | 0| 0.0 | 0.0 
2021-09-29 13:44:16,702 - INFO - load | 3 | (0.55, 0.25) | 3 | 0 | set() | 0| 0.0 | 0.0 
2021-09-29 13:44:16,798 - INFO - load | 3 | (0.55, 0.30000000000000004) | 3 | 0 | set() | 0| 0.0 | 0.0 
2021-09-29 13:44:16,899 - INFO - load | 3 | (0.55, 0.35000000000000003) | 3 | 0 | set() | 0| 0.0 | 0.0 
2021-09-29 13:44:16,996 - INFO - load | 3 | (0.55, 0.4) | 3 | 0 | set() | 0| 0.0 | 0.0 
2021-09-29 13:44:17,105 - INFO - compute | 3 | (0.55, 0.45) | 3 | 1 | {20} | 78| 23.595 | 45.45902820348294 
2021-09-29 13:44:17,217 - INFO - compute | 3 | (0.55, 0.5) | 3 | 2 | {40, 20} | 152| 41.800000000000004 | 90.90823247672554 
2021-09-29 13:44:17,333 - INFO - compute | 3 | (0.55, 0.55) | 3 | 3 | {40, 25, 20} | 246| 60.885 | 154.42208601172436 
2021-09-29 13:44:17,439 - INFO - load | 3 | (0.55, 0.6000000000000001) | 3 | 3 | {40, 25, 20} | 246| 54.11999999999999 | 154.42208601172436 
2021-09-29 13:44:17,545 - INFO - load | 3 | (0.55, 0.65) | 3 | 3 | {40, 25, 20} | 246| 47.355000000000004 | 154.42208601172436 
2021-09-29 13:44:17,675 - INFO - compute | 3 | (0.55, 0.7000000000000001) | 3 | 4 | (40, 25, 20) | 246| 40.589999999999996 | 154.42208601172436 
2021-09-29 13:44:17,849 - INFO - compute | 3 | (0.55, 0.75) | 3 | 5 | (40, 50, 25) | 250| 34.375 | 159.19582740376717 
2021-09-29 13:44:17,956 - INFO - load | 3 | (0.55, 0.8) | 3 | 5 | (40, 50, 25) | 250| 27.499999999999996 | 159.19582740376717 
2021-09-29 13:44:18,064 - INFO - load | 3 | (0.55, 0.8500000000000001) | 3 | 5 | (40, 50, 25) | 250| 20.62499999999999 | 159.19582740376717 
2021-09-29 13:44:18,299 - INFO - compute | 3 | (0.55, 0.9) | 3 | 6 | (42, 50, 25) | 275| 15.124999999999998 | 177.15929161600823 
2021-09-29 13:44:18,777 - INFO - compute | 3 | (0.55, 0.9500000000000001) | 3 | 8 | (42, 50, 25) | 275| 7.562499999999991 | 177.15929161600823 
2021-09-29 13:44:19,466 - INFO - compute | 3 | (0.55, 1.0) | 3 | 9 | (42, 50, 25) | 275| 0.0 | 177.15929161600823 
2021-09-29 13:44:19,593 - INFO - compute | 3 | (0.6000000000000001, 0.0) | 1 | 0 | set() | 0| 0.0 | 0.0 
2021-09-29 13:44:19,703 - INFO - load | 3 | (0.6000000000000001, 0.05) | 1 | 0 | set() | 0| 0.0 | 0.0 
2021-09-29 13:44:19,812 - INFO - load | 3 | (0.6000000000000001, 0.1) | 1 | 0 | set() | 0| 0.0 | 0.0 
2021-09-29 13:44:19,919 - INFO - load | 3 | (0.6000000000000001, 0.15000000000000002) | 1 | 0 | set() | 0| 0.0 | 0.0 
2021-09-29 13:44:20,034 - INFO - load | 3 | (0.6000000000000001, 0.2) | 1 | 0 | set() | 0| 0.0 | 0.0 
2021-09-29 13:44:20,145 - INFO - load | 3 | (0.6000000000000001, 0.25) | 1 | 0 | set() | 0| 0.0 | 0.0 
2021-09-29 13:44:20,293 - INFO - load | 3 | (0.6000000000000001, 0.30000000000000004) | 1 | 0 | set() | 0| 0.0 | 0.0 
2021-09-29 13:44:20,405 - INFO - load | 3 | (0.6000000000000001, 0.35000000000000003) | 1 | 0 | set() | 0| 0.0 | 0.0 
2021-09-29 13:44:20,514 - INFO - load | 3 | (0.6000000000000001, 0.4) | 1 | 0 | set() | 0| 0.0 | 0.0 
2021-09-29 13:44:20,638 - INFO - compute | 3 | (0.6000000000000001, 0.45) | 1 | 2 | {40, 20} | 13| 4.29 | 9.960171044260534 
2021-09-29 13:44:20,754 - INFO - load | 3 | (0.6000000000000001, 0.5) | 1 | 2 | {40, 20} | 13| 3.9000000000000004 | 9.960171044260534 
2021-09-29 13:44:20,866 - INFO - compute | 3 | (0.6000000000000001, 0.55) | 1 | 3 | {40, 25, 20} | 62| 16.740000000000002 | 47.502354211088694 
2021-09-29 13:44:20,971 - INFO - load | 3 | (0.6000000000000001, 0.6000000000000001) | 1 | 3 | {40, 25, 20} | 62| 14.879999999999999 | 47.502354211088694 
2021-09-29 13:44:21,096 - INFO - compute | 3 | (0.6000000000000001, 0.65) | 1 | 4 | (40, 25, 62) | 62| 13.020000000000001 | 47.502354211088694 
2021-09-29 13:44:21,232 - INFO - compute | 3 | (0.6000000000000001, 0.7000000000000001) | 1 | 5 | (40, 50, 25) | 76| 13.68 | 58.22869225875388 
2021-09-29 13:44:21,349 - INFO - load | 3 | (0.6000000000000001, 0.75) | 1 | 5 | (40, 50, 25) | 76| 11.400000000000002 | 58.22869225875388 
2021-09-29 13:44:21,469 - INFO - load | 3 | (0.6000000000000001, 0.8) | 1 | 5 | (40, 50, 25) | 76| 9.12 | 58.22869225875388 
2021-09-29 13:44:21,664 - INFO - compute | 3 | (0.6000000000000001, 0.8500000000000001) | 1 | 7 | (42, 50, 25) | 95| 8.549999999999997 | 72.78586532344235 
2021-09-29 13:44:21,961 - INFO - compute | 3 | (0.6000000000000001, 0.9) | 1 | 9 | (42, 50, 25) | 95| 5.699999999999995 | 72.78586532344235 
2021-09-29 13:44:22,684 - INFO - compute | 3 | (0.6000000000000001, 0.9500000000000001) | 1 | 13 | (73, 42, 25) | 101| 3.0299999999999914 | 77.38286734387029 
2021-09-29 13:44:25,324 - INFO - compute | 3 | (0.6000000000000001, 1.0) | 1 | 20 | (39, 149, 25) | 116| 0.0 | 88.87537239494014 
2021-09-29 13:44:25,430 - INFO - load | 3 | (0.65, 0.0) | 1 | 0 | set() | 0| 0.0 | 0.0 
2021-09-29 13:44:25,534 - INFO - load | 3 | (0.65, 0.05) | 1 | 0 | set() | 0| 0.0 | 0.0 
2021-09-29 13:44:25,639 - INFO - load | 3 | (0.65, 0.1) | 1 | 0 | set() | 0| 0.0 | 0.0 
2021-09-29 13:44:25,746 - INFO - load | 3 | (0.65, 0.15000000000000002) | 1 | 0 | set() | 0| 0.0 | 0.0 
2021-09-29 13:44:25,852 - INFO - load | 3 | (0.65, 0.2) | 1 | 0 | set() | 0| 0.0 | 0.0 
2021-09-29 13:44:25,956 - INFO - load | 3 | (0.65, 0.25) | 1 | 0 | set() | 0| 0.0 | 0.0 
2021-09-29 13:44:26,059 - INFO - load | 3 | (0.65, 0.30000000000000004) | 1 | 0 | set() | 0| 0.0 | 0.0 
2021-09-29 13:44:26,161 - INFO - load | 3 | (0.65, 0.35000000000000003) | 1 | 0 | set() | 0| 0.0 | 0.0 
2021-09-29 13:44:26,276 - INFO - compute | 3 | (0.65, 0.4) | 1 | 1 | {20} | 0| 0.0 | 0.0 
2021-09-29 13:44:26,386 - INFO - load | 3 | (0.65, 0.45) | 1 | 2 | {40, 20} | 13| 4.6475 | 9.960171044260534 
2021-09-29 13:44:26,503 - INFO - load | 3 | (0.65, 0.5) | 1 | 3 | {40, 25, 20} | 62| 20.150000000000002 | 47.502354211088694 
2021-09-29 13:44:26,617 - INFO - load | 3 | (0.65, 0.55) | 1 | 3 | {40, 25, 20} | 62| 18.134999999999998 | 47.502354211088694 
2021-09-29 13:44:26,733 - INFO - load | 3 | (0.65, 0.6000000000000001) | 1 | 4 | (40, 25, 62) | 62| 16.119999999999997 | 47.502354211088694 
2021-09-29 13:44:26,860 - INFO - load | 3 | (0.65, 0.65) | 1 | 5 | (40, 50, 25) | 76| 17.29 | 58.22869225875388 
2021-09-29 13:44:26,971 - INFO - load | 3 | (0.65, 0.7000000000000001) | 1 | 5 | (40, 50, 25) | 76| 14.819999999999997 | 58.22869225875388 
2021-09-29 13:44:27,131 - INFO - compute | 3 | (0.65, 0.75) | 1 | 6 | (42, 50, 25) | 95| 15.437499999999998 | 72.78586532344235 
2021-09-29 13:44:27,359 - INFO - compute | 3 | (0.65, 0.8) | 1 | 8 | (42, 50, 25) | 95| 12.35 | 72.78586532344235 
2021-09-29 13:44:27,467 - INFO - load | 3 | (0.65, 0.8500000000000001) | 1 | 9 | (42, 50, 25) | 95| 9.262499999999992 | 72.78586532344235 
2021-09-29 13:44:29,340 - INFO - compute | 3 | (0.65, 0.9) | 1 | 18 | (39, 149, 25) | 116| 7.539999999999994 | 88.87537239494014 
2021-09-29 13:44:33,756 - INFO - compute | 3 | (0.65, 0.9500000000000001) | 1 | 24 | (25, 37, 39) | 137| 4.452499999999996 | 104.96487946643792 
2021-09-29 13:45:08,985 - INFO - compute | 3 | (0.65, 1.0) | 1 | 48 | (25, 37, 39) | 137| 0.0 | 104.96487946643792 
2021-09-29 13:45:09,092 - INFO - load | 3 | (0.7000000000000001, 0.0) | 1 | 0 | set() | 0| 0.0 | 0.0 
2021-09-29 13:45:09,199 - INFO - load | 3 | (0.7000000000000001, 0.05) | 1 | 0 | set() | 0| 0.0 | 0.0 
2021-09-29 13:45:09,308 - INFO - load | 3 | (0.7000000000000001, 0.1) | 1 | 0 | set() | 0| 0.0 | 0.0 
2021-09-29 13:45:09,411 - INFO - load | 3 | (0.7000000000000001, 0.15000000000000002) | 1 | 0 | set() | 0| 0.0 | 0.0 
2021-09-29 13:45:09,511 - INFO - load | 3 | (0.7000000000000001, 0.2) | 1 | 0 | set() | 0| 0.0 | 0.0 
2021-09-29 13:45:09,620 - INFO - load | 3 | (0.7000000000000001, 0.25) | 1 | 0 | set() | 0| 0.0 | 0.0 
2021-09-29 13:45:09,721 - INFO - load | 3 | (0.7000000000000001, 0.30000000000000004) | 1 | 0 | set() | 0| 0.0 | 0.0 
2021-09-29 13:45:09,832 - INFO - load | 3 | (0.7000000000000001, 0.35000000000000003) | 1 | 1 | {20} | 0| 0.0 | 0.0 
2021-09-29 13:45:09,937 - INFO - load | 3 | (0.7000000000000001, 0.4) | 1 | 2 | {40, 20} | 13| 5.460000000000001 | 9.960171044260534 
2021-09-29 13:45:10,044 - INFO - load | 3 | (0.7000000000000001, 0.45) | 1 | 3 | {40, 25, 20} | 62| 23.87 | 47.502354211088694 
2021-09-29 13:45:10,153 - INFO - load | 3 | (0.7000000000000001, 0.5) | 1 | 3 | {40, 25, 20} | 62| 21.700000000000003 | 47.502354211088694 
2021-09-29 13:45:10,264 - INFO - load | 3 | (0.7000000000000001, 0.55) | 1 | 4 | (40, 25, 62) | 62| 19.53 | 47.502354211088694 
2021-09-29 13:45:10,369 - INFO - load | 3 | (0.7000000000000001, 0.6000000000000001) | 1 | 5 | (40, 50, 25) | 76| 21.279999999999998 | 58.22869225875388 
2021-09-29 13:45:10,477 - INFO - load | 3 | (0.7000000000000001, 0.65) | 1 | 5 | (40, 50, 25) | 76| 18.62 | 58.22869225875388 
2021-09-29 13:45:10,592 - INFO - load | 3 | (0.7000000000000001, 0.7000000000000001) | 1 | 6 | (42, 50, 25) | 95| 19.949999999999996 | 72.78586532344235 
2021-09-29 13:45:10,706 - INFO - load | 3 | (0.7000000000000001, 0.75) | 1 | 8 | (42, 50, 25) | 95| 16.625000000000004 | 72.78586532344235 
2021-09-29 13:45:11,275 - INFO - compute | 3 | (0.7000000000000001, 0.8) | 1 | 12 | (42, 50, 25) | 95| 13.3 | 72.78586532344235 
2021-09-29 13:45:11,384 - INFO - load | 3 | (0.7000000000000001, 0.8500000000000001) | 1 | 20 | (39, 149, 25) | 116| 12.179999999999998 | 88.87537239494014 
2021-09-29 13:45:20,500 - INFO - compute | 3 | (0.7000000000000001, 0.9) | 1 | 31 | (25, 37, 39) | 137| 9.589999999999993 | 104.96487946643792 
2021-09-29 13:46:48,029 - INFO - compute | 3 | (0.7000000000000001, 0.9500000000000001) | 1 | 65 | (25, 37, 39) | 137| 4.794999999999989 | 104.96487946643792 
2021-09-29 14:05:00,608 - INFO - compute | 3 | (0.7000000000000001, 1.0) | 1 | 148 | (25, 37, 39) | 137| 0.0 | 104.96487946643792 
2021-09-29 14:05:00,725 - INFO - load | 3 | (0.75, 0.0) | 1 | 0 | set() | 0| 0.0 | 0.0 
2021-09-29 14:05:00,836 - INFO - load | 3 | (0.75, 0.05) | 1 | 0 | set() | 0| 0.0 | 0.0 
2021-09-29 14:05:00,941 - INFO - load | 3 | (0.75, 0.1) | 1 | 0 | set() | 0| 0.0 | 0.0 
2021-09-29 14:05:01,046 - INFO - load | 3 | (0.75, 0.15000000000000002) | 1 | 0 | set() | 0| 0.0 | 0.0 
2021-09-29 14:05:01,150 - INFO - load | 3 | (0.75, 0.2) | 1 | 0 | set() | 0| 0.0 | 0.0 
2021-09-29 14:05:01,252 - INFO - load | 3 | (0.75, 0.25) | 1 | 0 | set() | 0| 0.0 | 0.0 
2021-09-29 14:05:01,361 - INFO - load | 3 | (0.75, 0.30000000000000004) | 1 | 0 | set() | 0| 0.0 | 0.0 
2021-09-29 14:05:01,478 - INFO - load | 3 | (0.75, 0.35000000000000003) | 1 | 1 | {20} | 0| 0.0 | 0.0 
2021-09-29 14:05:01,589 - INFO - load | 3 | (0.75, 0.4) | 1 | 2 | {40, 20} | 13| 5.85 | 9.960171044260534 
2021-09-29 14:05:01,699 - INFO - load | 3 | (0.75, 0.45) | 1 | 3 | {40, 25, 20} | 62| 25.575 | 47.502354211088694 
2021-09-29 14:05:01,817 - INFO - load | 3 | (0.75, 0.5) | 1 | 4 | (40, 25, 62) | 62| 23.25 | 47.502354211088694 
2021-09-29 14:05:01,926 - INFO - load | 3 | (0.75, 0.55) | 1 | 5 | (40, 50, 25) | 76| 25.65 | 58.22869225875388 
2021-09-29 14:05:02,033 - INFO - load | 3 | (0.75, 0.6000000000000001) | 1 | 5 | (40, 50, 25) | 76| 22.799999999999994 | 58.22869225875388 
2021-09-29 14:05:02,162 - INFO - load | 3 | (0.75, 0.65) | 1 | 6 | (42, 50, 25) | 95| 24.937499999999996 | 72.78586532344235 
2021-09-29 14:05:02,280 - INFO - load | 3 | (0.75, 0.7000000000000001) | 1 | 8 | (42, 50, 25) | 95| 21.374999999999996 | 72.78586532344235 
2021-09-29 14:05:02,410 - INFO - load | 3 | (0.75, 0.75) | 1 | 12 | (42, 50, 25) | 95| 17.8125 | 72.78586532344235 
2021-09-29 14:05:02,519 - INFO - load | 3 | (0.75, 0.8) | 1 | 20 | (39, 149, 25) | 116| 17.39999999999999 | 88.87537239494014 
2021-09-29 14:05:14,933 - INFO - compute | 3 | (0.75, 0.8500000000000001) | 1 | 34 | (25, 37, 39) | 137| 15.41249999999999 | 104.96487946643792 
2021-09-29 14:07:59,598 - INFO - compute | 3 | (0.75, 0.9) | 1 | 79 | (25, 37, 39) | 137| 10.274999999999993 | 104.96487946643792 
2021-09-29 14:49:37,767 - INFO - compute | 3 | (0.75, 0.9500000000000001) | 1 | 194 | (25, 37, 39) | 137| 5.137499999999997 | 104.96487946643792 
