2021-09-30 12:33:50,040 - INFO - run algo
2021-09-30 12:33:50,621 - INFO - 9513
2021-09-30 12:33:50,634 - INFO - 10000
2021-09-30 12:34:09,135 - INFO - load:
2021-09-30 12:34:09,141 - INFO - Finish random requester set R and supplier set S 
                             percent_R=0.1, num_R=1000, len_R=1000 
                             percent_S=0.1, num_S=1000, len_S=1000
2021-09-30 12:34:40,193 - INFO - compute | 1 | (0.0, 0.0) | 1000 | 0 | set() | 0| 0.0 | 0.0 
2021-09-30 12:34:40,196 - INFO - load | 1 | (0.0, 0.05) | 1000 | 0 | set() | 0| 0.0 | 0.0 
2021-09-30 12:34:40,198 - INFO - load | 1 | (0.0, 0.1) | 1000 | 0 | set() | 0| 0.0 | 0.0 
2021-09-30 12:34:40,201 - INFO - load | 1 | (0.0, 0.15000000000000002) | 1000 | 0 | set() | 0| 0.0 | 0.0 
2021-09-30 12:34:40,204 - INFO - load | 1 | (0.0, 0.2) | 1000 | 0 | set() | 0| 0.0 | 0.0 
2021-09-30 12:34:40,206 - INFO - load | 1 | (0.0, 0.25) | 1000 | 0 | set() | 0| 0.0 | 0.0 
2021-09-30 12:34:40,208 - INFO - load | 1 | (0.0, 0.30000000000000004) | 1000 | 0 | set() | 0| 0.0 | 0.0 
2021-09-30 12:34:40,210 - INFO - load | 1 | (0.0, 0.35000000000000003) | 1000 | 0 | set() | 0| 0.0 | 0.0 
2021-09-30 12:34:40,212 - INFO - load | 1 | (0.0, 0.4) | 1000 | 0 | set() | 0| 0.0 | 0.0 
2021-09-30 12:34:40,215 - INFO - load | 1 | (0.0, 0.45) | 1000 | 0 | set() | 0| 0.0 | 0.0 
2021-09-30 12:34:40,217 - INFO - load | 1 | (0.0, 0.5) | 1000 | 0 | set() | 0| 0.0 | 0.0 
2021-09-30 12:34:40,220 - INFO - load | 1 | (0.0, 0.55) | 1000 | 0 | set() | 0| 0.0 | 0.0 
2021-09-30 12:34:40,223 - INFO - load | 1 | (0.0, 0.6000000000000001) | 1000 | 0 | set() | 0| 0.0 | 0.0 
2021-09-30 12:34:40,225 - INFO - load | 1 | (0.0, 0.65) | 1000 | 0 | set() | 0| 0.0 | 0.0 
2021-09-30 12:34:40,228 - INFO - load | 1 | (0.0, 0.7000000000000001) | 1000 | 0 | set() | 0| 0.0 | 0.0 
2021-09-30 12:34:40,230 - INFO - load | 1 | (0.0, 0.75) | 1000 | 0 | set() | 0| 0.0 | 0.0 
2021-09-30 12:34:40,231 - INFO - load | 1 | (0.0, 0.8) | 1000 | 0 | set() | 0| 0.0 | 0.0 
2021-09-30 12:34:40,234 - INFO - load | 1 | (0.0, 0.8500000000000001) | 1000 | 0 | set() | 0| 0.0 | 0.0 
2021-09-30 12:34:40,237 - INFO - load | 1 | (0.0, 0.9) | 1000 | 0 | set() | 0| 0.0 | 0.0 
2021-09-30 12:34:40,239 - INFO - load | 1 | (0.0, 0.9500000000000001) | 1000 | 0 | set() | 0| 0.0 | 0.0 
2021-09-30 12:34:40,242 - INFO - load | 1 | (0.0, 1.0) | 1000 | 0 | set() | 0| 0.0 | 0.0 
2021-09-30 12:34:40,245 - INFO - load | 1 | (0.05, 0.0) | 1000 | 0 | set() | 0| 0.0 | 0.0 
2021-09-30 12:34:40,247 - INFO - load | 1 | (0.05, 0.05) | 1000 | 0 | set() | 0| 0.0 | 0.0 
2021-09-30 12:34:40,250 - INFO - load | 1 | (0.05, 0.1) | 1000 | 0 | set() | 0| 0.0 | 0.0 
2021-09-30 12:34:40,252 - INFO - load | 1 | (0.05, 0.15000000000000002) | 1000 | 0 | set() | 0| 0.0 | 0.0 
2021-09-30 12:34:40,255 - INFO - load | 1 | (0.05, 0.2) | 1000 | 0 | set() | 0| 0.0 | 0.0 
2021-09-30 12:34:40,258 - INFO - load | 1 | (0.05, 0.25) | 1000 | 0 | set() | 0| 0.0 | 0.0 
2021-09-30 12:34:40,260 - INFO - load | 1 | (0.05, 0.30000000000000004) | 1000 | 0 | set() | 0| 0.0 | 0.0 
2021-09-30 12:34:40,263 - INFO - load | 1 | (0.05, 0.35000000000000003) | 1000 | 0 | set() | 0| 0.0 | 0.0 
2021-09-30 12:34:40,266 - INFO - load | 1 | (0.05, 0.4) | 1000 | 0 | set() | 0| 0.0 | 0.0 
2021-09-30 12:34:40,269 - INFO - load | 1 | (0.05, 0.45) | 1000 | 0 | set() | 0| 0.0 | 0.0 
2021-09-30 12:34:40,272 - INFO - load | 1 | (0.05, 0.5) | 1000 | 0 | set() | 0| 0.0 | 0.0 
2021-09-30 12:34:40,274 - INFO - load | 1 | (0.05, 0.55) | 1000 | 0 | set() | 0| 0.0 | 0.0 
2021-09-30 12:34:40,278 - INFO - load | 1 | (0.05, 0.6000000000000001) | 1000 | 0 | set() | 0| 0.0 | 0.0 
2021-09-30 12:34:40,283 - INFO - load | 1 | (0.05, 0.65) | 1000 | 0 | set() | 0| 0.0 | 0.0 
2021-09-30 12:34:40,286 - INFO - load | 1 | (0.05, 0.7000000000000001) | 1000 | 0 | set() | 0| 0.0 | 0.0 
2021-09-30 12:34:40,289 - INFO - load | 1 | (0.05, 0.75) | 1000 | 0 | set() | 0| 0.0 | 0.0 
2021-09-30 12:34:40,292 - INFO - load | 1 | (0.05, 0.8) | 1000 | 0 | set() | 0| 0.0 | 0.0 
2021-09-30 12:34:40,295 - INFO - load | 1 | (0.05, 0.8500000000000001) | 1000 | 0 | set() | 0| 0.0 | 0.0 
2021-09-30 12:34:40,298 - INFO - load | 1 | (0.05, 0.9) | 1000 | 0 | set() | 0| 0.0 | 0.0 
2021-09-30 12:34:40,299 - INFO - load | 1 | (0.05, 0.9500000000000001) | 1000 | 0 | set() | 0| 0.0 | 0.0 
2021-09-30 12:34:40,302 - INFO - load | 1 | (0.05, 1.0) | 1000 | 0 | set() | 0| 0.0 | 0.0 
2021-09-30 12:34:40,305 - INFO - load | 1 | (0.1, 0.0) | 1000 | 0 | set() | 0| 0.0 | 0.0 
2021-09-30 12:34:40,308 - INFO - load | 1 | (0.1, 0.05) | 1000 | 0 | set() | 0| 0.0 | 0.0 
2021-09-30 12:34:40,310 - INFO - load | 1 | (0.1, 0.1) | 1000 | 0 | set() | 0| 0.0 | 0.0 
2021-09-30 12:34:40,313 - INFO - load | 1 | (0.1, 0.15000000000000002) | 1000 | 0 | set() | 0| 0.0 | 0.0 
2021-09-30 12:34:40,316 - INFO - load | 1 | (0.1, 0.2) | 1000 | 0 | set() | 0| 0.0 | 0.0 
2021-09-30 12:34:40,319 - INFO - load | 1 | (0.1, 0.25) | 1000 | 0 | set() | 0| 0.0 | 0.0 
2021-09-30 12:34:40,322 - INFO - load | 1 | (0.1, 0.30000000000000004) | 1000 | 0 | set() | 0| 0.0 | 0.0 
2021-09-30 12:34:40,325 - INFO - load | 1 | (0.1, 0.35000000000000003) | 1000 | 0 | set() | 0| 0.0 | 0.0 
2021-09-30 12:34:40,327 - INFO - load | 1 | (0.1, 0.4) | 1000 | 0 | set() | 0| 0.0 | 0.0 
2021-09-30 12:34:40,330 - INFO - load | 1 | (0.1, 0.45) | 1000 | 0 | set() | 0| 0.0 | 0.0 
2021-09-30 12:34:40,333 - INFO - load | 1 | (0.1, 0.5) | 1000 | 0 | set() | 0| 0.0 | 0.0 
2021-09-30 12:34:40,335 - INFO - load | 1 | (0.1, 0.55) | 1000 | 0 | set() | 0| 0.0 | 0.0 
2021-09-30 12:34:40,338 - INFO - load | 1 | (0.1, 0.6000000000000001) | 1000 | 0 | set() | 0| 0.0 | 0.0 
2021-09-30 12:34:40,341 - INFO - load | 1 | (0.1, 0.65) | 1000 | 0 | set() | 0| 0.0 | 0.0 
2021-09-30 12:34:40,344 - INFO - load | 1 | (0.1, 0.7000000000000001) | 1000 | 0 | set() | 0| 0.0 | 0.0 
2021-09-30 12:34:40,347 - INFO - load | 1 | (0.1, 0.75) | 1000 | 0 | set() | 0| 0.0 | 0.0 
2021-09-30 12:34:40,350 - INFO - load | 1 | (0.1, 0.8) | 1000 | 0 | set() | 0| 0.0 | 0.0 
2021-09-30 12:34:40,352 - INFO - load | 1 | (0.1, 0.8500000000000001) | 1000 | 0 | set() | 0| 0.0 | 0.0 
2021-09-30 12:34:40,355 - INFO - load | 1 | (0.1, 0.9) | 1000 | 0 | set() | 0| 0.0 | 0.0 
2021-09-30 12:34:40,358 - INFO - load | 1 | (0.1, 0.9500000000000001) | 1000 | 0 | set() | 0| 0.0 | 0.0 
2021-09-30 12:34:40,360 - INFO - load | 1 | (0.1, 1.0) | 1000 | 0 | set() | 0| 0.0 | 0.0 
2021-09-30 12:34:40,973 - INFO - compute | 1 | (0.15000000000000002, 0.0) | 214 | 0 | set() | 0| 0.0 | 0.0 
2021-09-30 12:34:41,061 - INFO - load | 1 | (0.15000000000000002, 0.05) | 214 | 0 | set() | 0| 0.0 | 0.0 
2021-09-30 12:34:41,140 - INFO - load | 1 | (0.15000000000000002, 0.1) | 214 | 0 | set() | 0| 0.0 | 0.0 
2021-09-30 12:34:41,223 - INFO - load | 1 | (0.15000000000000002, 0.15000000000000002) | 214 | 0 | set() | 0| 0.0 | 0.0 
2021-09-30 12:34:41,303 - INFO - load | 1 | (0.15000000000000002, 0.2) | 214 | 0 | set() | 0| 0.0 | 0.0 
2021-09-30 12:34:41,386 - INFO - load | 1 | (0.15000000000000002, 0.25) | 214 | 0 | set() | 0| 0.0 | 0.0 
2021-09-30 12:34:41,466 - INFO - load | 1 | (0.15000000000000002, 0.30000000000000004) | 214 | 0 | set() | 0| 0.0 | 0.0 
2021-09-30 12:34:41,546 - INFO - load | 1 | (0.15000000000000002, 0.35000000000000003) | 214 | 0 | set() | 0| 0.0 | 0.0 
2021-09-30 12:34:41,629 - INFO - load | 1 | (0.15000000000000002, 0.4) | 214 | 0 | set() | 0| 0.0 | 0.0 
2021-09-30 12:34:41,709 - INFO - load | 1 | (0.15000000000000002, 0.45) | 214 | 0 | set() | 0| 0.0 | 0.0 
2021-09-30 12:34:41,801 - INFO - load | 1 | (0.15000000000000002, 0.5) | 214 | 0 | set() | 0| 0.0 | 0.0 
2021-09-30 12:34:41,889 - INFO - load | 1 | (0.15000000000000002, 0.55) | 214 | 0 | set() | 0| 0.0 | 0.0 
2021-09-30 12:34:41,973 - INFO - load | 1 | (0.15000000000000002, 0.6000000000000001) | 214 | 0 | set() | 0| 0.0 | 0.0 
2021-09-30 12:34:42,066 - INFO - load | 1 | (0.15000000000000002, 0.65) | 214 | 0 | set() | 0| 0.0 | 0.0 
2021-09-30 12:34:42,139 - INFO - load | 1 | (0.15000000000000002, 0.7000000000000001) | 214 | 0 | set() | 0| 0.0 | 0.0 
2021-09-30 12:34:42,224 - INFO - load | 1 | (0.15000000000000002, 0.75) | 214 | 0 | set() | 0| 0.0 | 0.0 
2021-09-30 12:34:42,322 - INFO - load | 1 | (0.15000000000000002, 0.8) | 214 | 0 | set() | 0| 0.0 | 0.0 
2021-09-30 12:34:42,413 - INFO - load | 1 | (0.15000000000000002, 0.8500000000000001) | 214 | 0 | set() | 0| 0.0 | 0.0 
2021-09-30 12:34:42,497 - INFO - load | 1 | (0.15000000000000002, 0.9) | 214 | 0 | set() | 0| 0.0 | 0.0 
2021-09-30 12:34:42,571 - INFO - load | 1 | (0.15000000000000002, 0.9500000000000001) | 214 | 0 | set() | 0| 0.0 | 0.0 
2021-09-30 12:34:42,646 - INFO - load | 1 | (0.15000000000000002, 1.0) | 214 | 0 | set() | 0| 0.0 | 0.0 
2021-09-30 12:34:42,882 - INFO - compute | 1 | (0.2, 0.0) | 50 | 0 | set() | 0| 0.0 | 0.0 
2021-09-30 12:34:42,975 - INFO - load | 1 | (0.2, 0.05) | 50 | 0 | set() | 0| 0.0 | 0.0 
2021-09-30 12:34:43,081 - INFO - load | 1 | (0.2, 0.1) | 50 | 0 | set() | 0| 0.0 | 0.0 
2021-09-30 12:34:43,187 - INFO - load | 1 | (0.2, 0.15000000000000002) | 50 | 0 | set() | 0| 0.0 | 0.0 
2021-09-30 12:34:43,294 - INFO - load | 1 | (0.2, 0.2) | 50 | 0 | set() | 0| 0.0 | 0.0 
2021-09-30 12:34:43,410 - INFO - load | 1 | (0.2, 0.25) | 50 | 0 | set() | 0| 0.0 | 0.0 
2021-09-30 12:34:43,517 - INFO - load | 1 | (0.2, 0.30000000000000004) | 50 | 0 | set() | 0| 0.0 | 0.0 
2021-09-30 12:34:43,618 - INFO - load | 1 | (0.2, 0.35000000000000003) | 50 | 0 | set() | 0| 0.0 | 0.0 
2021-09-30 12:34:43,699 - INFO - load | 1 | (0.2, 0.4) | 50 | 0 | set() | 0| 0.0 | 0.0 
2021-09-30 12:34:43,805 - INFO - load | 1 | (0.2, 0.45) | 50 | 0 | set() | 0| 0.0 | 0.0 
2021-09-30 12:34:43,902 - INFO - load | 1 | (0.2, 0.5) | 50 | 0 | set() | 0| 0.0 | 0.0 
2021-09-30 12:34:43,992 - INFO - load | 1 | (0.2, 0.55) | 50 | 0 | set() | 0| 0.0 | 0.0 
2021-09-30 12:34:44,090 - INFO - load | 1 | (0.2, 0.6000000000000001) | 50 | 0 | set() | 0| 0.0 | 0.0 
2021-09-30 12:34:44,193 - INFO - load | 1 | (0.2, 0.65) | 50 | 0 | set() | 0| 0.0 | 0.0 
2021-09-30 12:34:44,281 - INFO - load | 1 | (0.2, 0.7000000000000001) | 50 | 0 | set() | 0| 0.0 | 0.0 
2021-09-30 12:34:44,377 - INFO - load | 1 | (0.2, 0.75) | 50 | 0 | set() | 0| 0.0 | 0.0 
2021-09-30 12:34:44,472 - INFO - load | 1 | (0.2, 0.8) | 50 | 0 | set() | 0| 0.0 | 0.0 
2021-09-30 12:34:44,560 - INFO - load | 1 | (0.2, 0.8500000000000001) | 50 | 0 | set() | 0| 0.0 | 0.0 
2021-09-30 12:34:44,651 - INFO - load | 1 | (0.2, 0.9) | 50 | 0 | set() | 0| 0.0 | 0.0 
2021-09-30 12:34:44,750 - INFO - load | 1 | (0.2, 0.9500000000000001) | 50 | 0 | set() | 0| 0.0 | 0.0 
2021-09-30 12:34:44,837 - INFO - load | 1 | (0.2, 1.0) | 50 | 0 | set() | 0| 0.0 | 0.0 
2021-09-30 12:34:44,980 - INFO - compute | 1 | (0.25, 0.0) | 21 | 0 | set() | 0| 0.0 | 0.0 
2021-09-30 12:34:45,093 - INFO - load | 1 | (0.25, 0.05) | 21 | 0 | set() | 0| 0.0 | 0.0 
2021-09-30 12:34:45,200 - INFO - load | 1 | (0.25, 0.1) | 21 | 0 | set() | 0| 0.0 | 0.0 
2021-09-30 12:34:45,301 - INFO - load | 1 | (0.25, 0.15000000000000002) | 21 | 0 | set() | 0| 0.0 | 0.0 
2021-09-30 12:34:45,406 - INFO - load | 1 | (0.25, 0.2) | 21 | 0 | set() | 0| 0.0 | 0.0 
2021-09-30 12:34:45,506 - INFO - load | 1 | (0.25, 0.25) | 21 | 0 | set() | 0| 0.0 | 0.0 
2021-09-30 12:34:45,617 - INFO - load | 1 | (0.25, 0.30000000000000004) | 21 | 0 | set() | 0| 0.0 | 0.0 
2021-09-30 12:34:45,724 - INFO - load | 1 | (0.25, 0.35000000000000003) | 21 | 0 | set() | 0| 0.0 | 0.0 
2021-09-30 12:34:45,834 - INFO - load | 1 | (0.25, 0.4) | 21 | 0 | set() | 0| 0.0 | 0.0 
2021-09-30 12:34:45,933 - INFO - load | 1 | (0.25, 0.45) | 21 | 0 | set() | 0| 0.0 | 0.0 
2021-09-30 12:34:46,035 - INFO - load | 1 | (0.25, 0.5) | 21 | 0 | set() | 0| 0.0 | 0.0 
2021-09-30 12:34:46,123 - INFO - load | 1 | (0.25, 0.55) | 21 | 0 | set() | 0| 0.0 | 0.0 
2021-09-30 12:34:46,233 - INFO - load | 1 | (0.25, 0.6000000000000001) | 21 | 0 | set() | 0| 0.0 | 0.0 
2021-09-30 12:34:46,317 - INFO - load | 1 | (0.25, 0.65) | 21 | 0 | set() | 0| 0.0 | 0.0 
2021-09-30 12:34:46,433 - INFO - load | 1 | (0.25, 0.7000000000000001) | 21 | 0 | set() | 0| 0.0 | 0.0 
2021-09-30 12:34:46,523 - INFO - load | 1 | (0.25, 0.75) | 21 | 0 | set() | 0| 0.0 | 0.0 
2021-09-30 12:34:46,633 - INFO - load | 1 | (0.25, 0.8) | 21 | 0 | set() | 0| 0.0 | 0.0 
2021-09-30 12:34:46,741 - INFO - load | 1 | (0.25, 0.8500000000000001) | 21 | 0 | set() | 0| 0.0 | 0.0 
2021-09-30 12:34:46,864 - INFO - load | 1 | (0.25, 0.9) | 21 | 0 | set() | 0| 0.0 | 0.0 
2021-09-30 12:34:46,980 - INFO - load | 1 | (0.25, 0.9500000000000001) | 21 | 0 | set() | 0| 0.0 | 0.0 
2021-09-30 12:34:47,096 - INFO - load | 1 | (0.25, 1.0) | 21 | 0 | set() | 0| 0.0 | 0.0 
2021-09-30 12:34:47,253 - INFO - compute | 1 | (0.30000000000000004, 0.0) | 7 | 0 | set() | 0| 0.0 | 0.0 
2021-09-30 12:34:47,395 - INFO - load | 1 | (0.30000000000000004, 0.05) | 7 | 0 | set() | 0| 0.0 | 0.0 
2021-09-30 12:34:47,542 - INFO - load | 1 | (0.30000000000000004, 0.1) | 7 | 0 | set() | 0| 0.0 | 0.0 
2021-09-30 12:34:47,707 - INFO - load | 1 | (0.30000000000000004, 0.15000000000000002) | 7 | 0 | set() | 0| 0.0 | 0.0 
2021-09-30 12:34:47,860 - INFO - load | 1 | (0.30000000000000004, 0.2) | 7 | 0 | set() | 0| 0.0 | 0.0 
2021-09-30 12:34:47,967 - INFO - load | 1 | (0.30000000000000004, 0.25) | 7 | 0 | set() | 0| 0.0 | 0.0 
2021-09-30 12:34:48,103 - INFO - load | 1 | (0.30000000000000004, 0.30000000000000004) | 7 | 0 | set() | 0| 0.0 | 0.0 
2021-09-30 12:34:48,233 - INFO - load | 1 | (0.30000000000000004, 0.35000000000000003) | 7 | 0 | set() | 0| 0.0 | 0.0 
2021-09-30 12:34:48,375 - INFO - load | 1 | (0.30000000000000004, 0.4) | 7 | 0 | set() | 0| 0.0 | 0.0 
2021-09-30 12:34:48,500 - INFO - load | 1 | (0.30000000000000004, 0.45) | 7 | 0 | set() | 0| 0.0 | 0.0 
2021-09-30 12:34:48,644 - INFO - load | 1 | (0.30000000000000004, 0.5) | 7 | 0 | set() | 0| 0.0 | 0.0 
2021-09-30 12:34:48,789 - INFO - load | 1 | (0.30000000000000004, 0.55) | 7 | 0 | set() | 0| 0.0 | 0.0 
2021-09-30 12:34:48,936 - INFO - load | 1 | (0.30000000000000004, 0.6000000000000001) | 7 | 0 | set() | 0| 0.0 | 0.0 
2021-09-30 12:34:49,084 - INFO - load | 1 | (0.30000000000000004, 0.65) | 7 | 0 | set() | 0| 0.0 | 0.0 
2021-09-30 12:34:49,224 - INFO - load | 1 | (0.30000000000000004, 0.7000000000000001) | 7 | 0 | set() | 0| 0.0 | 0.0 
2021-09-30 12:34:49,348 - INFO - load | 1 | (0.30000000000000004, 0.75) | 7 | 0 | set() | 0| 0.0 | 0.0 
2021-09-30 12:34:49,476 - INFO - load | 1 | (0.30000000000000004, 0.8) | 7 | 0 | set() | 0| 0.0 | 0.0 
2021-09-30 12:34:49,614 - INFO - load | 1 | (0.30000000000000004, 0.8500000000000001) | 7 | 0 | set() | 0| 0.0 | 0.0 
2021-09-30 12:34:49,764 - INFO - load | 1 | (0.30000000000000004, 0.9) | 7 | 0 | set() | 0| 0.0 | 0.0 
2021-09-30 12:34:49,901 - INFO - load | 1 | (0.30000000000000004, 0.9500000000000001) | 7 | 0 | set() | 0| 0.0 | 0.0 
2021-09-30 12:34:50,024 - INFO - load | 1 | (0.30000000000000004, 1.0) | 7 | 0 | set() | 0| 0.0 | 0.0 
2021-09-30 12:34:50,182 - INFO - compute | 1 | (0.35000000000000003, 0.0) | 4 | 0 | set() | 0| 0.0 | 0.0 
2021-09-30 12:34:50,350 - INFO - load | 1 | (0.35000000000000003, 0.05) | 4 | 0 | set() | 0| 0.0 | 0.0 
2021-09-30 12:34:50,517 - INFO - load | 1 | (0.35000000000000003, 0.1) | 4 | 0 | set() | 0| 0.0 | 0.0 
2021-09-30 12:34:50,709 - INFO - load | 1 | (0.35000000000000003, 0.15000000000000002) | 4 | 0 | set() | 0| 0.0 | 0.0 
2021-09-30 12:34:50,878 - INFO - load | 1 | (0.35000000000000003, 0.2) | 4 | 0 | set() | 0| 0.0 | 0.0 
2021-09-30 12:34:51,048 - INFO - load | 1 | (0.35000000000000003, 0.25) | 4 | 0 | set() | 0| 0.0 | 0.0 
2021-09-30 12:34:51,230 - INFO - load | 1 | (0.35000000000000003, 0.30000000000000004) | 4 | 0 | set() | 0| 0.0 | 0.0 
2021-09-30 12:34:51,401 - INFO - load | 1 | (0.35000000000000003, 0.35000000000000003) | 4 | 0 | set() | 0| 0.0 | 0.0 
2021-09-30 12:34:51,543 - INFO - load | 1 | (0.35000000000000003, 0.4) | 4 | 0 | set() | 0| 0.0 | 0.0 
2021-09-30 12:34:51,717 - INFO - load | 1 | (0.35000000000000003, 0.45) | 4 | 0 | set() | 0| 0.0 | 0.0 
2021-09-30 12:34:51,851 - INFO - load | 1 | (0.35000000000000003, 0.5) | 4 | 0 | set() | 0| 0.0 | 0.0 
2021-09-30 12:34:52,022 - INFO - load | 1 | (0.35000000000000003, 0.55) | 4 | 0 | set() | 0| 0.0 | 0.0 
2021-09-30 12:34:52,155 - INFO - load | 1 | (0.35000000000000003, 0.6000000000000001) | 4 | 0 | set() | 0| 0.0 | 0.0 
2021-09-30 12:34:52,316 - INFO - load | 1 | (0.35000000000000003, 0.65) | 4 | 0 | set() | 0| 0.0 | 0.0 
2021-09-30 12:34:52,469 - INFO - load | 1 | (0.35000000000000003, 0.7000000000000001) | 4 | 0 | set() | 0| 0.0 | 0.0 
2021-09-30 12:34:52,632 - INFO - load | 1 | (0.35000000000000003, 0.75) | 4 | 0 | set() | 0| 0.0 | 0.0 
2021-09-30 12:34:52,819 - INFO - load | 1 | (0.35000000000000003, 0.8) | 4 | 0 | set() | 0| 0.0 | 0.0 
2021-09-30 12:34:52,988 - INFO - load | 1 | (0.35000000000000003, 0.8500000000000001) | 4 | 0 | set() | 0| 0.0 | 0.0 
2021-09-30 12:34:53,146 - INFO - load | 1 | (0.35000000000000003, 0.9) | 4 | 0 | set() | 0| 0.0 | 0.0 
2021-09-30 12:34:53,300 - INFO - load | 1 | (0.35000000000000003, 0.9500000000000001) | 4 | 0 | set() | 0| 0.0 | 0.0 
2021-09-30 12:34:53,500 - INFO - compute | 1 | (0.35000000000000003, 1.0) | 4 | 1 | {20} | 128| 0.0 | 52.989114141839515 
2021-09-30 12:34:53,699 - INFO - compute | 1 | (0.4, 0.0) | 3 | 0 | set() | 0| 0.0 | 0.0 
2021-09-30 12:34:53,912 - INFO - load | 1 | (0.4, 0.05) | 3 | 0 | set() | 0| 0.0 | 0.0 
2021-09-30 12:34:54,110 - INFO - load | 1 | (0.4, 0.1) | 3 | 0 | set() | 0| 0.0 | 0.0 
2021-09-30 12:34:54,409 - INFO - load | 1 | (0.4, 0.15000000000000002) | 3 | 0 | set() | 0| 0.0 | 0.0 
2021-09-30 12:34:54,597 - INFO - load | 1 | (0.4, 0.2) | 3 | 0 | set() | 0| 0.0 | 0.0 
2021-09-30 12:34:54,758 - INFO - load | 1 | (0.4, 0.25) | 3 | 0 | set() | 0| 0.0 | 0.0 
2021-09-30 12:34:54,937 - INFO - load | 1 | (0.4, 0.30000000000000004) | 3 | 0 | set() | 0| 0.0 | 0.0 
2021-09-30 12:34:55,087 - INFO - load | 1 | (0.4, 0.35000000000000003) | 3 | 0 | set() | 0| 0.0 | 0.0 
2021-09-30 12:34:55,241 - INFO - load | 1 | (0.4, 0.4) | 3 | 0 | set() | 0| 0.0 | 0.0 
2021-09-30 12:34:55,382 - INFO - load | 1 | (0.4, 0.45) | 3 | 0 | set() | 0| 0.0 | 0.0 
2021-09-30 12:34:55,537 - INFO - load | 1 | (0.4, 0.5) | 3 | 0 | set() | 0| 0.0 | 0.0 
2021-09-30 12:34:55,645 - INFO - load | 1 | (0.4, 0.55) | 3 | 0 | set() | 0| 0.0 | 0.0 
2021-09-30 12:34:55,774 - INFO - load | 1 | (0.4, 0.6000000000000001) | 3 | 0 | set() | 0| 0.0 | 0.0 
2021-09-30 12:34:55,942 - INFO - load | 1 | (0.4, 0.65) | 3 | 0 | set() | 0| 0.0 | 0.0 
2021-09-30 12:34:56,115 - INFO - load | 1 | (0.4, 0.7000000000000001) | 3 | 0 | set() | 0| 0.0 | 0.0 
2021-09-30 12:34:56,276 - INFO - load | 1 | (0.4, 0.75) | 3 | 0 | set() | 0| 0.0 | 0.0 
2021-09-30 12:34:56,440 - INFO - load | 1 | (0.4, 0.8) | 3 | 0 | set() | 0| 0.0 | 0.0 
2021-09-30 12:34:56,617 - INFO - load | 1 | (0.4, 0.8500000000000001) | 3 | 0 | set() | 0| 0.0 | 0.0 
2021-09-30 12:34:56,800 - INFO - compute | 1 | (0.4, 0.9) | 3 | 1 | {20} | 78| 3.1199999999999983 | 34.704270498860424 
2021-09-30 12:34:56,989 - INFO - compute | 1 | (0.4, 0.9500000000000001) | 3 | 2 | (20,) | 78| 1.559999999999997 | 34.704270498860424 
2021-09-30 12:34:57,167 - INFO - load | 1 | (0.4, 1.0) | 3 | 2 | (20,) | 78| 0.0 | 34.704270498860424 
2021-09-30 12:34:57,345 - INFO - compute | 1 | (0.45, 0.0) | 1 | 0 | set() | 0| 0.0 | 0.0 
2021-09-30 12:34:57,534 - INFO - load | 1 | (0.45, 0.05) | 1 | 0 | set() | 0| 0.0 | 0.0 
2021-09-30 12:34:57,722 - INFO - load | 1 | (0.45, 0.1) | 1 | 0 | set() | 0| 0.0 | 0.0 
2021-09-30 12:34:57,899 - INFO - load | 1 | (0.45, 0.15000000000000002) | 1 | 0 | set() | 0| 0.0 | 0.0 
2021-09-30 12:34:58,061 - INFO - load | 1 | (0.45, 0.2) | 1 | 0 | set() | 0| 0.0 | 0.0 
2021-09-30 12:34:58,229 - INFO - load | 1 | (0.45, 0.25) | 1 | 0 | set() | 0| 0.0 | 0.0 
2021-09-30 12:34:58,419 - INFO - load | 1 | (0.45, 0.30000000000000004) | 1 | 0 | set() | 0| 0.0 | 0.0 
2021-09-30 12:34:58,599 - INFO - load | 1 | (0.45, 0.35000000000000003) | 1 | 0 | set() | 0| 0.0 | 0.0 
2021-09-30 12:34:58,790 - INFO - load | 1 | (0.45, 0.4) | 1 | 0 | set() | 0| 0.0 | 0.0 
2021-09-30 12:34:58,991 - INFO - load | 1 | (0.45, 0.45) | 1 | 0 | set() | 0| 0.0 | 0.0 
2021-09-30 12:34:59,190 - INFO - load | 1 | (0.45, 0.5) | 1 | 0 | set() | 0| 0.0 | 0.0 
2021-09-30 12:34:59,384 - INFO - load | 1 | (0.45, 0.55) | 1 | 0 | set() | 0| 0.0 | 0.0 
2021-09-30 12:34:59,567 - INFO - load | 1 | (0.45, 0.6000000000000001) | 1 | 0 | set() | 0| 0.0 | 0.0 
2021-09-30 12:34:59,769 - INFO - load | 1 | (0.45, 0.65) | 1 | 0 | set() | 0| 0.0 | 0.0 
2021-09-30 12:34:59,964 - INFO - load | 1 | (0.45, 0.7000000000000001) | 1 | 0 | set() | 0| 0.0 | 0.0 
2021-09-30 12:35:00,160 - INFO - load | 1 | (0.45, 0.75) | 1 | 0 | set() | 0| 0.0 | 0.0 
2021-09-30 12:35:00,373 - INFO - compute | 1 | (0.45, 0.8) | 1 | 1 | {20} | 0| 0.0 | 0.0 
2021-09-30 12:35:00,575 - INFO - compute | 1 | (0.45, 0.8500000000000001) | 1 | 2 | (40,) | 13| 0.8774999999999993 | 8.718233944604595 
2021-09-30 12:35:00,784 - INFO - load | 1 | (0.45, 0.9) | 1 | 2 | (40,) | 13| 0.5849999999999997 | 8.718233944604595 
2021-09-30 12:35:01,004 - INFO - compute | 1 | (0.45, 0.9500000000000001) | 1 | 3 | (25,) | 49| 1.1024999999999983 | 32.86103563735578 
2021-09-30 12:35:01,223 - INFO - load | 1 | (0.45, 1.0) | 1 | 3 | (25,) | 49| 0.0 | 32.86103563735578 
2021-09-30 12:35:01,401 - INFO - load | 1 | (0.5, 0.0) | 1 | 0 | set() | 0| 0.0 | 0.0 
2021-09-30 12:35:01,595 - INFO - load | 1 | (0.5, 0.05) | 1 | 0 | set() | 0| 0.0 | 0.0 
2021-09-30 12:35:01,787 - INFO - load | 1 | (0.5, 0.1) | 1 | 0 | set() | 0| 0.0 | 0.0 
2021-09-30 12:35:01,981 - INFO - load | 1 | (0.5, 0.15000000000000002) | 1 | 0 | set() | 0| 0.0 | 0.0 
2021-09-30 12:35:02,156 - INFO - load | 1 | (0.5, 0.2) | 1 | 0 | set() | 0| 0.0 | 0.0 
2021-09-30 12:35:02,366 - INFO - load | 1 | (0.5, 0.25) | 1 | 0 | set() | 0| 0.0 | 0.0 
2021-09-30 12:35:02,559 - INFO - load | 1 | (0.5, 0.30000000000000004) | 1 | 0 | set() | 0| 0.0 | 0.0 
2021-09-30 12:35:02,739 - INFO - load | 1 | (0.5, 0.35000000000000003) | 1 | 0 | set() | 0| 0.0 | 0.0 
2021-09-30 12:35:02,908 - INFO - load | 1 | (0.5, 0.4) | 1 | 0 | set() | 0| 0.0 | 0.0 
2021-09-30 12:35:03,061 - INFO - load | 1 | (0.5, 0.45) | 1 | 0 | set() | 0| 0.0 | 0.0 
2021-09-30 12:35:03,271 - INFO - load | 1 | (0.5, 0.5) | 1 | 0 | set() | 0| 0.0 | 0.0 
2021-09-30 12:35:03,478 - INFO - load | 1 | (0.5, 0.55) | 1 | 0 | set() | 0| 0.0 | 0.0 
2021-09-30 12:35:03,681 - INFO - load | 1 | (0.5, 0.6000000000000001) | 1 | 0 | set() | 0| 0.0 | 0.0 
2021-09-30 12:35:03,880 - INFO - load | 1 | (0.5, 0.65) | 1 | 0 | set() | 0| 0.0 | 0.0 
2021-09-30 12:35:04,090 - INFO - load | 1 | (0.5, 0.7000000000000001) | 1 | 1 | {20} | 0| 0.0 | 0.0 
2021-09-30 12:35:04,311 - INFO - load | 1 | (0.5, 0.75) | 1 | 2 | (40,) | 13| 1.625 | 8.718233944604595 
2021-09-30 12:35:04,522 - INFO - load | 1 | (0.5, 0.8) | 1 | 2 | (40,) | 13| 1.2999999999999998 | 8.718233944604595 
2021-09-30 12:35:04,722 - INFO - load | 1 | (0.5, 0.8500000000000001) | 1 | 3 | (25,) | 49| 3.674999999999998 | 32.86103563735578 
2021-09-30 12:35:04,923 - INFO - load | 1 | (0.5, 0.9) | 1 | 3 | (25,) | 49| 2.4499999999999993 | 32.86103563735578 
2021-09-30 12:35:05,114 - INFO - load | 1 | (0.5, 0.9500000000000001) | 1 | 3 | (25,) | 49| 1.2249999999999983 | 32.86103563735578 
2021-09-30 12:35:05,368 - INFO - compute | 1 | (0.5, 1.0) | 1 | 4 | (25,) | 49| 0.0 | 32.86103563735578 
2021-09-30 12:35:05,570 - INFO - load | 1 | (0.55, 0.0) | 1 | 0 | set() | 0| 0.0 | 0.0 
2021-09-30 12:35:05,762 - INFO - load | 1 | (0.55, 0.05) | 1 | 0 | set() | 0| 0.0 | 0.0 
2021-09-30 12:35:05,947 - INFO - load | 1 | (0.55, 0.1) | 1 | 0 | set() | 0| 0.0 | 0.0 
2021-09-30 12:35:06,132 - INFO - load | 1 | (0.55, 0.15000000000000002) | 1 | 0 | set() | 0| 0.0 | 0.0 
2021-09-30 12:35:06,312 - INFO - load | 1 | (0.55, 0.2) | 1 | 0 | set() | 0| 0.0 | 0.0 
2021-09-30 12:35:06,497 - INFO - load | 1 | (0.55, 0.25) | 1 | 0 | set() | 0| 0.0 | 0.0 
2021-09-30 12:35:06,684 - INFO - load | 1 | (0.55, 0.30000000000000004) | 1 | 0 | set() | 0| 0.0 | 0.0 
2021-09-30 12:35:06,859 - INFO - load | 1 | (0.55, 0.35000000000000003) | 1 | 0 | set() | 0| 0.0 | 0.0 
2021-09-30 12:35:07,039 - INFO - load | 1 | (0.55, 0.4) | 1 | 0 | set() | 0| 0.0 | 0.0 
2021-09-30 12:35:07,219 - INFO - load | 1 | (0.55, 0.45) | 1 | 0 | set() | 0| 0.0 | 0.0 
2021-09-30 12:35:07,396 - INFO - load | 1 | (0.55, 0.5) | 1 | 0 | set() | 0| 0.0 | 0.0 
2021-09-30 12:35:07,567 - INFO - load | 1 | (0.55, 0.55) | 1 | 0 | set() | 0| 0.0 | 0.0 
2021-09-30 12:35:07,742 - INFO - load | 1 | (0.55, 0.6000000000000001) | 1 | 0 | set() | 0| 0.0 | 0.0 
2021-09-30 12:35:07,884 - INFO - load | 1 | (0.55, 0.65) | 1 | 1 | {20} | 0| 0.0 | 0.0 
2021-09-30 12:35:08,047 - INFO - load | 1 | (0.55, 0.7000000000000001) | 1 | 2 | (40,) | 13| 2.1449999999999996 | 8.718233944604595 
2021-09-30 12:35:08,200 - INFO - load | 1 | (0.55, 0.75) | 1 | 2 | (40,) | 13| 1.7875 | 8.718233944604595 
2021-09-30 12:35:08,405 - INFO - load | 1 | (0.55, 0.8) | 1 | 3 | (25,) | 49| 5.39 | 32.86103563735578 
2021-09-30 12:35:08,611 - INFO - load | 1 | (0.55, 0.8500000000000001) | 1 | 3 | (25,) | 49| 4.042499999999998 | 32.86103563735578 
2021-09-30 12:35:08,848 - INFO - load | 1 | (0.55, 0.9) | 1 | 4 | (25,) | 49| 2.695 | 32.86103563735578 
2021-09-30 12:35:09,102 - INFO - load | 1 | (0.55, 0.9500000000000001) | 1 | 4 | (25,) | 49| 1.3474999999999984 | 32.86103563735578 
2021-09-30 12:35:09,374 - INFO - compute | 1 | (0.55, 1.0) | 1 | 5 | (25,) | 49| 0.0 | 32.86103563735578 
2021-09-30 12:35:09,582 - INFO - load | 1 | (0.6000000000000001, 0.0) | 1 | 0 | set() | 0| 0.0 | 0.0 
2021-09-30 12:35:09,781 - INFO - load | 1 | (0.6000000000000001, 0.05) | 1 | 0 | set() | 0| 0.0 | 0.0 
2021-09-30 12:35:09,961 - INFO - load | 1 | (0.6000000000000001, 0.1) | 1 | 0 | set() | 0| 0.0 | 0.0 
2021-09-30 12:35:10,151 - INFO - load | 1 | (0.6000000000000001, 0.15000000000000002) | 1 | 0 | set() | 0| 0.0 | 0.0 
2021-09-30 12:35:10,320 - INFO - load | 1 | (0.6000000000000001, 0.2) | 1 | 0 | set() | 0| 0.0 | 0.0 
2021-09-30 12:35:10,506 - INFO - load | 1 | (0.6000000000000001, 0.25) | 1 | 0 | set() | 0| 0.0 | 0.0 
2021-09-30 12:35:10,685 - INFO - load | 1 | (0.6000000000000001, 0.30000000000000004) | 1 | 0 | set() | 0| 0.0 | 0.0 
2021-09-30 12:35:10,872 - INFO - load | 1 | (0.6000000000000001, 0.35000000000000003) | 1 | 0 | set() | 0| 0.0 | 0.0 
2021-09-30 12:35:11,063 - INFO - load | 1 | (0.6000000000000001, 0.4) | 1 | 0 | set() | 0| 0.0 | 0.0 
2021-09-30 12:35:11,250 - INFO - load | 1 | (0.6000000000000001, 0.45) | 1 | 0 | set() | 0| 0.0 | 0.0 
2021-09-30 12:35:11,436 - INFO - load | 1 | (0.6000000000000001, 0.5) | 1 | 0 | set() | 0| 0.0 | 0.0 
2021-09-30 12:35:11,645 - INFO - load | 1 | (0.6000000000000001, 0.55) | 1 | 0 | set() | 0| 0.0 | 0.0 
2021-09-30 12:35:11,836 - INFO - load | 1 | (0.6000000000000001, 0.6000000000000001) | 1 | 1 | {20} | 0| 0.0 | 0.0 
2021-09-30 12:35:12,008 - INFO - load | 1 | (0.6000000000000001, 0.65) | 1 | 2 | (40,) | 13| 2.7300000000000004 | 8.718233944604595 
2021-09-30 12:35:12,204 - INFO - load | 1 | (0.6000000000000001, 0.7000000000000001) | 1 | 3 | (25,) | 49| 8.82 | 32.86103563735578 
2021-09-30 12:35:12,394 - INFO - load | 1 | (0.6000000000000001, 0.75) | 1 | 3 | (25,) | 49| 7.350000000000001 | 32.86103563735578 
2021-09-30 12:35:12,586 - INFO - load | 1 | (0.6000000000000001, 0.8) | 1 | 3 | (25,) | 49| 5.88 | 32.86103563735578 
2021-09-30 12:35:12,796 - INFO - load | 1 | (0.6000000000000001, 0.8500000000000001) | 1 | 4 | (25,) | 49| 4.409999999999998 | 32.86103563735578 
2021-09-30 12:35:13,019 - INFO - load | 1 | (0.6000000000000001, 0.9) | 1 | 5 | (25,) | 49| 2.9399999999999973 | 32.86103563735578 
2021-09-30 12:35:13,280 - INFO - load | 1 | (0.6000000000000001, 0.9500000000000001) | 1 | 5 | (25,) | 49| 1.4699999999999958 | 32.86103563735578 
2021-09-30 12:35:13,520 - INFO - load | 1 | (0.6000000000000001, 1.0) | 1 | 5 | (25,) | 49| 0.0 | 32.86103563735578 
2021-09-30 12:35:13,686 - INFO - load | 1 | (0.65, 0.0) | 1 | 0 | set() | 0| 0.0 | 0.0 
2021-09-30 12:35:13,859 - INFO - load | 1 | (0.65, 0.05) | 1 | 0 | set() | 0| 0.0 | 0.0 
2021-09-30 12:35:14,044 - INFO - load | 1 | (0.65, 0.1) | 1 | 0 | set() | 0| 0.0 | 0.0 
2021-09-30 12:35:14,187 - INFO - load | 1 | (0.65, 0.15000000000000002) | 1 | 0 | set() | 0| 0.0 | 0.0 
2021-09-30 12:35:14,350 - INFO - load | 1 | (0.65, 0.2) | 1 | 0 | set() | 0| 0.0 | 0.0 
2021-09-30 12:35:14,526 - INFO - load | 1 | (0.65, 0.25) | 1 | 0 | set() | 0| 0.0 | 0.0 
2021-09-30 12:35:14,665 - INFO - load | 1 | (0.65, 0.30000000000000004) | 1 | 0 | set() | 0| 0.0 | 0.0 
2021-09-30 12:35:14,823 - INFO - load | 1 | (0.65, 0.35000000000000003) | 1 | 0 | set() | 0| 0.0 | 0.0 
2021-09-30 12:35:15,002 - INFO - load | 1 | (0.65, 0.4) | 1 | 0 | set() | 0| 0.0 | 0.0 
2021-09-30 12:35:15,199 - INFO - load | 1 | (0.65, 0.45) | 1 | 0 | set() | 0| 0.0 | 0.0 
2021-09-30 12:35:15,396 - INFO - load | 1 | (0.65, 0.5) | 1 | 0 | set() | 0| 0.0 | 0.0 
2021-09-30 12:35:15,608 - INFO - load | 1 | (0.65, 0.55) | 1 | 1 | {20} | 0| 0.0 | 0.0 
2021-09-30 12:35:15,827 - INFO - load | 1 | (0.65, 0.6000000000000001) | 1 | 2 | (40,) | 13| 3.3799999999999994 | 8.718233944604595 
2021-09-30 12:35:16,047 - INFO - load | 1 | (0.65, 0.65) | 1 | 3 | (25,) | 49| 11.147499999999999 | 32.86103563735578 
2021-09-30 12:35:16,255 - INFO - load | 1 | (0.65, 0.7000000000000001) | 1 | 3 | (25,) | 49| 9.554999999999998 | 32.86103563735578 
2021-09-30 12:35:16,460 - INFO - load | 1 | (0.65, 0.75) | 1 | 3 | (25,) | 49| 7.962499999999999 | 32.86103563735578 
2021-09-30 12:35:16,680 - INFO - load | 1 | (0.65, 0.8) | 1 | 4 | (25,) | 49| 6.37 | 32.86103563735578 
2021-09-30 12:35:16,922 - INFO - load | 1 | (0.65, 0.8500000000000001) | 1 | 5 | (25,) | 49| 4.777499999999996 | 32.86103563735578 
2021-09-30 12:35:17,154 - INFO - load | 1 | (0.65, 0.9) | 1 | 5 | (25,) | 49| 3.1849999999999974 | 32.86103563735578 
2021-09-30 12:35:17,414 - INFO - load | 1 | (0.65, 0.9500000000000001) | 1 | 5 | (25,) | 49| 1.5924999999999987 | 32.86103563735578 
2021-09-30 12:35:17,735 - INFO - compute | 1 | (0.65, 1.0) | 1 | 7 | (25,) | 49| 0.0 | 32.86103563735578 
2021-09-30 12:35:18,040 - INFO - compute | 1 | (0.7000000000000001, 0.0) | 0 | 0 | set() | 0| 0.0 | 0 
2021-09-30 12:35:18,319 - INFO - load | 1 | (0.7000000000000001, 0.05) | 0 | 0 | set() | 0| 0.0 | 0 
2021-09-30 12:35:18,607 - INFO - load | 1 | (0.7000000000000001, 0.1) | 0 | 0 | set() | 0| 0.0 | 0 
2021-09-30 12:35:18,895 - INFO - load | 1 | (0.7000000000000001, 0.15000000000000002) | 0 | 0 | set() | 0| 0.0 | 0 
2021-09-30 12:35:19,170 - INFO - load | 1 | (0.7000000000000001, 0.2) | 0 | 0 | set() | 0| 0.0 | 0 
2021-09-30 12:35:19,421 - INFO - load | 1 | (0.7000000000000001, 0.25) | 0 | 0 | set() | 0| 0.0 | 0 
2021-09-30 12:35:19,688 - INFO - load | 1 | (0.7000000000000001, 0.30000000000000004) | 0 | 0 | set() | 0| 0.0 | 0 
2021-09-30 12:35:19,949 - INFO - load | 1 | (0.7000000000000001, 0.35000000000000003) | 0 | 0 | set() | 0| 0.0 | 0 
2021-09-30 12:35:20,225 - INFO - load | 1 | (0.7000000000000001, 0.4) | 0 | 0 | set() | 0| 0.0 | 0 
2021-09-30 12:35:20,472 - INFO - load | 1 | (0.7000000000000001, 0.45) | 0 | 0 | set() | 0| 0.0 | 0 
2021-09-30 12:35:20,749 - INFO - compute | 1 | (0.7000000000000001, 0.5) | 0 | 1 | {20} | 0| 0.0 | 0 
2021-09-30 12:35:21,023 - INFO - compute | 1 | (0.7000000000000001, 0.55) | 0 | 2 | (40,) | 0| 0.0 | 0 
2021-09-30 12:35:21,286 - INFO - compute | 1 | (0.7000000000000001, 0.6000000000000001) | 0 | 3 | (40,) | 0| 0.0 | 0 
2021-09-30 12:35:21,555 - INFO - load | 1 | (0.7000000000000001, 0.65) | 0 | 3 | (40,) | 0| 0.0 | 0 
2021-09-30 12:35:21,867 - INFO - load | 1 | (0.7000000000000001, 0.7000000000000001) | 0 | 3 | (40,) | 0| 0.0 | 0 
2021-09-30 12:35:22,172 - INFO - compute | 1 | (0.7000000000000001, 0.75) | 0 | 4 | (62,) | 0| 0.0 | 0 
2021-09-30 12:35:22,471 - INFO - compute | 1 | (0.7000000000000001, 0.8) | 0 | 5 | (62,) | 0| 0.0 | 0 
2021-09-30 12:35:22,807 - INFO - load | 1 | (0.7000000000000001, 0.8500000000000001) | 0 | 5 | (62,) | 0| 0.0 | 0 
2021-09-30 12:35:23,108 - INFO - compute | 1 | (0.7000000000000001, 0.9) | 0 | 6 | (62,) | 0| 0.0 | 0 
2021-09-30 12:35:23,427 - INFO - compute | 1 | (0.7000000000000001, 0.9500000000000001) | 0 | 8 | (480,) | 0| 0.0 | 0 
2021-09-30 12:35:23,756 - INFO - compute | 1 | (0.7000000000000001, 1.0) | 0 | 9 | (480,) | 0| 0.0 | 0 
2021-09-30 12:35:24,054 - INFO - load | 1 | (0.75, 0.0) | 0 | 0 | set() | 0| 0.0 | 0 
2021-09-30 12:35:24,351 - INFO - load | 1 | (0.75, 0.05) | 0 | 0 | set() | 0| 0.0 | 0 
2021-09-30 12:35:24,646 - INFO - load | 1 | (0.75, 0.1) | 0 | 0 | set() | 0| 0.0 | 0 
2021-09-30 12:35:24,919 - INFO - load | 1 | (0.75, 0.15000000000000002) | 0 | 0 | set() | 0| 0.0 | 0 
2021-09-30 12:35:25,191 - INFO - load | 1 | (0.75, 0.2) | 0 | 0 | set() | 0| 0.0 | 0 
2021-09-30 12:35:25,479 - INFO - load | 1 | (0.75, 0.25) | 0 | 0 | set() | 0| 0.0 | 0 
2021-09-30 12:35:25,767 - INFO - load | 1 | (0.75, 0.30000000000000004) | 0 | 0 | set() | 0| 0.0 | 0 
2021-09-30 12:35:26,041 - INFO - load | 1 | (0.75, 0.35000000000000003) | 0 | 0 | set() | 0| 0.0 | 0 
2021-09-30 12:35:26,306 - INFO - load | 1 | (0.75, 0.4) | 0 | 0 | set() | 0| 0.0 | 0 
2021-09-30 12:35:26,558 - INFO - load | 1 | (0.75, 0.45) | 0 | 0 | set() | 0| 0.0 | 0 
2021-09-30 12:35:26,840 - INFO - load | 1 | (0.75, 0.5) | 0 | 2 | (40,) | 0| 0.0 | 0 
2021-09-30 12:35:27,106 - INFO - load | 1 | (0.75, 0.55) | 0 | 2 | (40,) | 0| 0.0 | 0 
2021-09-30 12:35:27,363 - INFO - load | 1 | (0.75, 0.6000000000000001) | 0 | 3 | (40,) | 0| 0.0 | 0 
2021-09-30 12:35:27,641 - INFO - load | 1 | (0.75, 0.65) | 0 | 3 | (40,) | 0| 0.0 | 0 
2021-09-30 12:35:27,930 - INFO - load | 1 | (0.75, 0.7000000000000001) | 0 | 4 | (62,) | 0| 0.0 | 0 
2021-09-30 12:35:28,214 - INFO - load | 1 | (0.75, 0.75) | 0 | 5 | (62,) | 0| 0.0 | 0 
2021-09-30 12:35:28,546 - INFO - load | 1 | (0.75, 0.8) | 0 | 5 | (62,) | 0| 0.0 | 0 
2021-09-30 12:35:28,869 - INFO - load | 1 | (0.75, 0.8500000000000001) | 0 | 6 | (62,) | 0| 0.0 | 0 
2021-09-30 12:35:29,175 - INFO - load | 1 | (0.75, 0.9) | 0 | 8 | (480,) | 0| 0.0 | 0 
2021-09-30 12:35:29,499 - INFO - compute | 1 | (0.75, 0.9500000000000001) | 0 | 12 | (480,) | 0| 0.0 | 0 
2021-09-30 12:35:29,830 - INFO - compute | 1 | (0.75, 1.0) | 0 | 22 | (2535,) | 0| 0.0 | 0 
2021-09-30 12:35:30,126 - INFO - load | 1 | (0.8, 0.0) | 0 | 0 | set() | 0| 0.0 | 0 
2021-09-30 12:35:30,401 - INFO - load | 1 | (0.8, 0.05) | 0 | 0 | set() | 0| 0.0 | 0 
2021-09-30 12:35:30,675 - INFO - load | 1 | (0.8, 0.1) | 0 | 0 | set() | 0| 0.0 | 0 
2021-09-30 12:35:30,972 - INFO - load | 1 | (0.8, 0.15000000000000002) | 0 | 0 | set() | 0| 0.0 | 0 
2021-09-30 12:35:31,269 - INFO - load | 1 | (0.8, 0.2) | 0 | 0 | set() | 0| 0.0 | 0 
2021-09-30 12:35:31,543 - INFO - load | 1 | (0.8, 0.25) | 0 | 0 | set() | 0| 0.0 | 0 
2021-09-30 12:35:31,824 - INFO - load | 1 | (0.8, 0.30000000000000004) | 0 | 0 | set() | 0| 0.0 | 0 
2021-09-30 12:35:32,093 - INFO - load | 1 | (0.8, 0.35000000000000003) | 0 | 0 | set() | 0| 0.0 | 0 
2021-09-30 12:35:32,386 - INFO - load | 1 | (0.8, 0.4) | 0 | 0 | set() | 0| 0.0 | 0 
2021-09-30 12:35:32,673 - INFO - load | 1 | (0.8, 0.45) | 0 | 1 | {20} | 0| 0.0 | 0 
2021-09-30 12:35:32,964 - INFO - load | 1 | (0.8, 0.5) | 0 | 2 | (40,) | 0| 0.0 | 0 
2021-09-30 12:35:33,249 - INFO - load | 1 | (0.8, 0.55) | 0 | 3 | (40,) | 0| 0.0 | 0 
2021-09-30 12:35:33,537 - INFO - load | 1 | (0.8, 0.6000000000000001) | 0 | 3 | (40,) | 0| 0.0 | 0 
2021-09-30 12:35:33,815 - INFO - load | 1 | (0.8, 0.65) | 0 | 4 | (62,) | 0| 0.0 | 0 
2021-09-30 12:35:34,091 - INFO - load | 1 | (0.8, 0.7000000000000001) | 0 | 5 | (62,) | 0| 0.0 | 0 
2021-09-30 12:35:34,382 - INFO - load | 1 | (0.8, 0.75) | 0 | 5 | (62,) | 0| 0.0 | 0 
2021-09-30 12:35:34,685 - INFO - load | 1 | (0.8, 0.8) | 0 | 6 | (62,) | 0| 0.0 | 0 
2021-09-30 12:35:35,005 - INFO - load | 1 | (0.8, 0.8500000000000001) | 0 | 8 | (480,) | 0| 0.0 | 0 
2021-09-30 12:35:35,346 - INFO - compute | 1 | (0.8, 0.9) | 0 | 14 | (2535,) | 0| 0.0 | 0 
2021-09-30 12:35:35,693 - INFO - compute | 1 | (0.8, 0.9500000000000001) | 0 | 24 | (2535,) | 0| 0.0 | 0 
2021-09-30 12:35:36,047 - INFO - compute | 1 | (0.8, 1.0) | 0 | 58 | (4113,) | 0| 0.0 | 0 
2021-09-30 12:35:36,349 - INFO - load | 1 | (0.8500000000000001, 0.0) | 0 | 0 | set() | 0| 0.0 | 0 
2021-09-30 12:35:36,634 - INFO - load | 1 | (0.8500000000000001, 0.05) | 0 | 0 | set() | 0| 0.0 | 0 
2021-09-30 12:35:36,926 - INFO - load | 1 | (0.8500000000000001, 0.1) | 0 | 0 | set() | 0| 0.0 | 0 
2021-09-30 12:35:37,216 - INFO - load | 1 | (0.8500000000000001, 0.15000000000000002) | 0 | 0 | set() | 0| 0.0 | 0 
2021-09-30 12:35:37,500 - INFO - load | 1 | (0.8500000000000001, 0.2) | 0 | 0 | set() | 0| 0.0 | 0 
2021-09-30 12:35:37,784 - INFO - load | 1 | (0.8500000000000001, 0.25) | 0 | 0 | set() | 0| 0.0 | 0 
2021-09-30 12:35:38,074 - INFO - load | 1 | (0.8500000000000001, 0.30000000000000004) | 0 | 0 | set() | 0| 0.0 | 0 
2021-09-30 12:35:38,353 - INFO - load | 1 | (0.8500000000000001, 0.35000000000000003) | 0 | 0 | set() | 0| 0.0 | 0 
2021-09-30 12:35:38,611 - INFO - load | 1 | (0.8500000000000001, 0.4) | 0 | 0 | set() | 0| 0.0 | 0 
2021-09-30 12:35:38,915 - INFO - load | 1 | (0.8500000000000001, 0.45) | 0 | 2 | (40,) | 0| 0.0 | 0 
2021-09-30 12:35:39,210 - INFO - load | 1 | (0.8500000000000001, 0.5) | 0 | 3 | (40,) | 0| 0.0 | 0 
2021-09-30 12:35:39,513 - INFO - load | 1 | (0.8500000000000001, 0.55) | 0 | 3 | (40,) | 0| 0.0 | 0 
2021-09-30 12:35:39,806 - INFO - load | 1 | (0.8500000000000001, 0.6000000000000001) | 0 | 4 | (62,) | 0| 0.0 | 0 
2021-09-30 12:35:40,101 - INFO - load | 1 | (0.8500000000000001, 0.65) | 0 | 5 | (62,) | 0| 0.0 | 0 
2021-09-30 12:35:40,370 - INFO - load | 1 | (0.8500000000000001, 0.7000000000000001) | 0 | 5 | (62,) | 0| 0.0 | 0 
2021-09-30 12:35:40,681 - INFO - load | 1 | (0.8500000000000001, 0.75) | 0 | 6 | (62,) | 0| 0.0 | 0 
2021-09-30 12:35:40,994 - INFO - load | 1 | (0.8500000000000001, 0.8) | 0 | 8 | (480,) | 0| 0.0 | 0 
2021-09-30 12:35:41,364 - INFO - compute | 1 | (0.8500000000000001, 0.8500000000000001) | 0 | 15 | (2535,) | 0| 0.0 | 0 
2021-09-30 12:35:41,726 - INFO - compute | 1 | (0.8500000000000001, 0.9) | 0 | 25 | (3658,) | 0| 0.0 | 0 
2021-09-30 12:35:42,108 - INFO - compute | 1 | (0.8500000000000001, 0.9500000000000001) | 0 | 66 | (5595,) | 0| 0.0 | 0 
2021-09-30 12:35:42,495 - INFO - compute | 1 | (0.8500000000000001, 1.0) | 0 | 220 | (9709,) | 0| 0.0 | 0 
2021-09-30 12:35:42,800 - INFO - load | 1 | (0.9, 0.0) | 0 | 0 | set() | 0| 0.0 | 0 
2021-09-30 12:35:43,108 - INFO - load | 1 | (0.9, 0.05) | 0 | 0 | set() | 0| 0.0 | 0 
2021-09-30 12:35:43,402 - INFO - load | 1 | (0.9, 0.1) | 0 | 0 | set() | 0| 0.0 | 0 
2021-09-30 12:35:43,657 - INFO - load | 1 | (0.9, 0.15000000000000002) | 0 | 0 | set() | 0| 0.0 | 0 
2021-09-30 12:35:43,936 - INFO - load | 1 | (0.9, 0.2) | 0 | 0 | set() | 0| 0.0 | 0 
2021-09-30 12:35:44,233 - INFO - load | 1 | (0.9, 0.25) | 0 | 0 | set() | 0| 0.0 | 0 
2021-09-30 12:35:44,505 - INFO - load | 1 | (0.9, 0.30000000000000004) | 0 | 0 | set() | 0| 0.0 | 0 
2021-09-30 12:35:44,776 - INFO - load | 1 | (0.9, 0.35000000000000003) | 0 | 0 | set() | 0| 0.0 | 0 
2021-09-30 12:35:45,071 - INFO - load | 1 | (0.9, 0.4) | 0 | 1 | {20} | 0| 0.0 | 0 
2021-09-30 12:35:45,333 - INFO - load | 1 | (0.9, 0.45) | 0 | 2 | (40,) | 0| 0.0 | 0 
2021-09-30 12:35:45,637 - INFO - load | 1 | (0.9, 0.5) | 0 | 3 | (40,) | 0| 0.0 | 0 
2021-09-30 12:35:45,944 - INFO - load | 1 | (0.9, 0.55) | 0 | 4 | (62,) | 0| 0.0 | 0 
2021-09-30 12:35:46,232 - INFO - load | 1 | (0.9, 0.6000000000000001) | 0 | 5 | (62,) | 0| 0.0 | 0 
2021-09-30 12:35:46,528 - INFO - load | 1 | (0.9, 0.65) | 0 | 5 | (62,) | 0| 0.0 | 0 
2021-09-30 12:35:46,766 - INFO - load | 1 | (0.9, 0.7000000000000001) | 0 | 6 | (62,) | 0| 0.0 | 0 
2021-09-30 12:35:47,042 - INFO - load | 1 | (0.9, 0.75) | 0 | 8 | (480,) | 0| 0.0 | 0 
2021-09-30 12:35:47,386 - INFO - load | 1 | (0.9, 0.8) | 0 | 14 | (2535,) | 0| 0.0 | 0 
2021-09-30 12:35:47,751 - INFO - load | 1 | (0.9, 0.8500000000000001) | 0 | 25 | (3658,) | 0| 0.0 | 0 
2021-09-30 12:35:48,142 - INFO - compute | 1 | (0.9, 0.9) | 0 | 70 | (6016,) | 0| 0.0 | 0 
2021-09-30 12:35:48,522 - INFO - compute | 1 | (0.9, 0.9500000000000001) | 0 | 261 | (9709,) | 0| 0.0 | 0 
2021-09-30 12:35:48,902 - INFO - compute | 1 | (0.9, 1.0) | 0 | 1000 | (9994,) | 0| 0.0 | 0 
2021-09-30 12:35:49,174 - INFO - load | 1 | (0.9500000000000001, 0.0) | 0 | 0 | set() | 0| 0.0 | 0 
2021-09-30 12:35:49,452 - INFO - load | 1 | (0.9500000000000001, 0.05) | 0 | 0 | set() | 0| 0.0 | 0 
2021-09-30 12:35:49,728 - INFO - load | 1 | (0.9500000000000001, 0.1) | 0 | 0 | set() | 0| 0.0 | 0 
2021-09-30 12:35:50,020 - INFO - load | 1 | (0.9500000000000001, 0.15000000000000002) | 0 | 0 | set() | 0| 0.0 | 0 
2021-09-30 12:35:50,298 - INFO - load | 1 | (0.9500000000000001, 0.2) | 0 | 0 | set() | 0| 0.0 | 0 
2021-09-30 12:35:50,572 - INFO - load | 1 | (0.9500000000000001, 0.25) | 0 | 0 | set() | 0| 0.0 | 0 
2021-09-30 12:35:50,840 - INFO - load | 1 | (0.9500000000000001, 0.30000000000000004) | 0 | 0 | set() | 0| 0.0 | 0 
2021-09-30 12:35:51,082 - INFO - load | 1 | (0.9500000000000001, 0.35000000000000003) | 0 | 0 | set() | 0| 0.0 | 0 
2021-09-30 12:35:51,351 - INFO - load | 1 | (0.9500000000000001, 0.4) | 0 | 2 | (40,) | 0| 0.0 | 0 
2021-09-30 12:35:51,627 - INFO - load | 1 | (0.9500000000000001, 0.45) | 0 | 3 | (40,) | 0| 0.0 | 0 
2021-09-30 12:35:51,961 - INFO - load | 1 | (0.9500000000000001, 0.5) | 0 | 3 | (40,) | 0| 0.0 | 0 
2021-09-30 12:35:52,271 - INFO - load | 1 | (0.9500000000000001, 0.55) | 0 | 4 | (62,) | 0| 0.0 | 0 
2021-09-30 12:35:52,565 - INFO - load | 1 | (0.9500000000000001, 0.6000000000000001) | 0 | 5 | (62,) | 0| 0.0 | 0 
2021-09-30 12:35:52,894 - INFO - load | 1 | (0.9500000000000001, 0.65) | 0 | 5 | (62,) | 0| 0.0 | 0 
2021-09-30 12:35:53,198 - INFO - load | 1 | (0.9500000000000001, 0.7000000000000001) | 0 | 8 | (480,) | 0| 0.0 | 0 
2021-09-30 12:35:53,516 - INFO - load | 1 | (0.9500000000000001, 0.75) | 0 | 12 | (480,) | 0| 0.0 | 0 
2021-09-30 12:35:53,904 - INFO - load | 1 | (0.9500000000000001, 0.8) | 0 | 24 | (2535,) | 0| 0.0 | 0 
2021-09-30 12:35:54,277 - INFO - load | 1 | (0.9500000000000001, 0.8500000000000001) | 0 | 66 | (5595,) | 0| 0.0 | 0 
2021-09-30 12:35:54,644 - INFO - load | 1 | (0.9500000000000001, 0.9) | 0 | 261 | (9709,) | 0| 0.0 | 0 
2021-09-30 12:35:55,048 - INFO - load | 1 | (0.9500000000000001, 0.9500000000000001) | 0 | 1000 | (9994,) | 0| 0.0 | 0 
2021-09-30 12:35:55,407 - INFO - load | 1 | (0.9500000000000001, 1.0) | 0 | 1000 | (9994,) | 0| 0.0 | 0 
2021-09-30 12:35:55,696 - INFO - load | 1 | (1.0, 0.0) | 0 | 0 | set() | 0| 0.0 | 0 
2021-09-30 12:35:55,975 - INFO - load | 1 | (1.0, 0.05) | 0 | 0 | set() | 0| 0.0 | 0 
2021-09-30 12:35:56,263 - INFO - load | 1 | (1.0, 0.1) | 0 | 0 | set() | 0| 0.0 | 0 
2021-09-30 12:35:56,531 - INFO - load | 1 | (1.0, 0.15000000000000002) | 0 | 0 | set() | 0| 0.0 | 0 
2021-09-30 12:35:56,817 - INFO - load | 1 | (1.0, 0.2) | 0 | 0 | set() | 0| 0.0 | 0 
2021-09-30 12:35:57,102 - INFO - load | 1 | (1.0, 0.25) | 0 | 0 | set() | 0| 0.0 | 0 
2021-09-30 12:35:57,386 - INFO - load | 1 | (1.0, 0.30000000000000004) | 0 | 0 | set() | 0| 0.0 | 0 
2021-09-30 12:35:57,690 - INFO - load | 1 | (1.0, 0.35000000000000003) | 0 | 1 | {20} | 0| 0.0 | 0 
2021-09-30 12:35:57,991 - INFO - load | 1 | (1.0, 0.4) | 0 | 2 | (40,) | 0| 0.0 | 0 
2021-09-30 12:35:58,298 - INFO - load | 1 | (1.0, 0.45) | 0 | 3 | (40,) | 0| 0.0 | 0 
2021-09-30 12:35:58,598 - INFO - load | 1 | (1.0, 0.5) | 0 | 4 | (62,) | 0| 0.0 | 0 
2021-09-30 12:35:58,898 - INFO - load | 1 | (1.0, 0.55) | 0 | 5 | (62,) | 0| 0.0 | 0 
2021-09-30 12:35:59,185 - INFO - load | 1 | (1.0, 0.6000000000000001) | 0 | 5 | (62,) | 0| 0.0 | 0 
2021-09-30 12:35:59,619 - INFO - compute | 1 | (1.0, 0.65) | 0 | 7 | (480,) | 0| 0.0 | 0 
2021-09-30 12:35:59,928 - INFO - load | 1 | (1.0, 0.7000000000000001) | 0 | 9 | (480,) | 0| 0.0 | 0 
2021-09-30 12:36:00,259 - INFO - load | 1 | (1.0, 0.75) | 0 | 22 | (2535,) | 0| 0.0 | 0 
2021-09-30 12:36:00,634 - INFO - load | 1 | (1.0, 0.8) | 0 | 58 | (4113,) | 0| 0.0 | 0 
2021-09-30 12:36:00,980 - INFO - load | 1 | (1.0, 0.8500000000000001) | 0 | 220 | (9709,) | 0| 0.0 | 0 
2021-09-30 12:36:01,355 - INFO - load | 1 | (1.0, 0.9) | 0 | 1000 | (9994,) | 0| 0.0 | 0 
2021-09-30 12:36:01,733 - INFO - load | 1 | (1.0, 0.9500000000000001) | 0 | 1000 | (9994,) | 0| 0.0 | 0 
2021-09-30 12:36:02,107 - INFO - load | 1 | (1.0, 1.0) | 0 | 1000 | (9994,) | 0| 0.0 | 0 
2021-09-30 12:36:04,092 - INFO - compute | 2 | (0.0, 0.0) | 1000 | 0 | set() | 0| 0.0 | 0.0 
2021-09-30 12:36:04,095 - INFO - load | 2 | (0.0, 0.05) | 1000 | 0 | set() | 0| 0.0 | 0.0 
2021-09-30 12:36:04,098 - INFO - load | 2 | (0.0, 0.1) | 1000 | 0 | set() | 0| 0.0 | 0.0 
2021-09-30 12:36:04,101 - INFO - load | 2 | (0.0, 0.15000000000000002) | 1000 | 0 | set() | 0| 0.0 | 0.0 
2021-09-30 12:36:04,103 - INFO - load | 2 | (0.0, 0.2) | 1000 | 0 | set() | 0| 0.0 | 0.0 
2021-09-30 12:36:04,106 - INFO - load | 2 | (0.0, 0.25) | 1000 | 0 | set() | 0| 0.0 | 0.0 
2021-09-30 12:36:04,109 - INFO - load | 2 | (0.0, 0.30000000000000004) | 1000 | 0 | set() | 0| 0.0 | 0.0 
2021-09-30 12:36:04,112 - INFO - load | 2 | (0.0, 0.35000000000000003) | 1000 | 0 | set() | 0| 0.0 | 0.0 
2021-09-30 12:36:04,114 - INFO - load | 2 | (0.0, 0.4) | 1000 | 0 | set() | 0| 0.0 | 0.0 
2021-09-30 12:36:04,117 - INFO - load | 2 | (0.0, 0.45) | 1000 | 0 | set() | 0| 0.0 | 0.0 
2021-09-30 12:36:04,120 - INFO - load | 2 | (0.0, 0.5) | 1000 | 0 | set() | 0| 0.0 | 0.0 
2021-09-30 12:36:04,123 - INFO - load | 2 | (0.0, 0.55) | 1000 | 0 | set() | 0| 0.0 | 0.0 
2021-09-30 12:36:04,126 - INFO - load | 2 | (0.0, 0.6000000000000001) | 1000 | 0 | set() | 0| 0.0 | 0.0 
2021-09-30 12:36:04,129 - INFO - load | 2 | (0.0, 0.65) | 1000 | 0 | set() | 0| 0.0 | 0.0 
2021-09-30 12:36:04,132 - INFO - load | 2 | (0.0, 0.7000000000000001) | 1000 | 0 | set() | 0| 0.0 | 0.0 
2021-09-30 12:36:04,134 - INFO - load | 2 | (0.0, 0.75) | 1000 | 0 | set() | 0| 0.0 | 0.0 
2021-09-30 12:36:04,137 - INFO - load | 2 | (0.0, 0.8) | 1000 | 0 | set() | 0| 0.0 | 0.0 
2021-09-30 12:36:04,139 - INFO - load | 2 | (0.0, 0.8500000000000001) | 1000 | 0 | set() | 0| 0.0 | 0.0 
2021-09-30 12:36:04,141 - INFO - load | 2 | (0.0, 0.9) | 1000 | 0 | set() | 0| 0.0 | 0.0 
2021-09-30 12:36:04,143 - INFO - load | 2 | (0.0, 0.9500000000000001) | 1000 | 0 | set() | 0| 0.0 | 0.0 
2021-09-30 12:36:04,146 - INFO - load | 2 | (0.0, 1.0) | 1000 | 0 | set() | 0| 0.0 | 0.0 
2021-09-30 12:36:04,148 - INFO - load | 2 | (0.05, 0.0) | 1000 | 0 | set() | 0| 0.0 | 0.0 
2021-09-30 12:36:04,151 - INFO - load | 2 | (0.05, 0.05) | 1000 | 0 | set() | 0| 0.0 | 0.0 
2021-09-30 12:36:04,153 - INFO - load | 2 | (0.05, 0.1) | 1000 | 0 | set() | 0| 0.0 | 0.0 
2021-09-30 12:36:04,156 - INFO - load | 2 | (0.05, 0.15000000000000002) | 1000 | 0 | set() | 0| 0.0 | 0.0 
2021-09-30 12:36:04,159 - INFO - load | 2 | (0.05, 0.2) | 1000 | 0 | set() | 0| 0.0 | 0.0 
2021-09-30 12:36:04,161 - INFO - load | 2 | (0.05, 0.25) | 1000 | 0 | set() | 0| 0.0 | 0.0 
2021-09-30 12:36:04,163 - INFO - load | 2 | (0.05, 0.30000000000000004) | 1000 | 0 | set() | 0| 0.0 | 0.0 
2021-09-30 12:36:04,166 - INFO - load | 2 | (0.05, 0.35000000000000003) | 1000 | 0 | set() | 0| 0.0 | 0.0 
2021-09-30 12:36:04,169 - INFO - load | 2 | (0.05, 0.4) | 1000 | 0 | set() | 0| 0.0 | 0.0 
2021-09-30 12:36:04,171 - INFO - load | 2 | (0.05, 0.45) | 1000 | 0 | set() | 0| 0.0 | 0.0 
2021-09-30 12:36:04,174 - INFO - load | 2 | (0.05, 0.5) | 1000 | 0 | set() | 0| 0.0 | 0.0 
2021-09-30 12:36:04,176 - INFO - load | 2 | (0.05, 0.55) | 1000 | 0 | set() | 0| 0.0 | 0.0 
2021-09-30 12:36:04,179 - INFO - load | 2 | (0.05, 0.6000000000000001) | 1000 | 0 | set() | 0| 0.0 | 0.0 
2021-09-30 12:36:04,182 - INFO - load | 2 | (0.05, 0.65) | 1000 | 0 | set() | 0| 0.0 | 0.0 
2021-09-30 12:36:04,184 - INFO - load | 2 | (0.05, 0.7000000000000001) | 1000 | 0 | set() | 0| 0.0 | 0.0 
2021-09-30 12:36:04,187 - INFO - load | 2 | (0.05, 0.75) | 1000 | 0 | set() | 0| 0.0 | 0.0 
2021-09-30 12:36:04,189 - INFO - load | 2 | (0.05, 0.8) | 1000 | 0 | set() | 0| 0.0 | 0.0 
2021-09-30 12:36:04,192 - INFO - load | 2 | (0.05, 0.8500000000000001) | 1000 | 0 | set() | 0| 0.0 | 0.0 
2021-09-30 12:36:04,194 - INFO - load | 2 | (0.05, 0.9) | 1000 | 0 | set() | 0| 0.0 | 0.0 
2021-09-30 12:36:04,195 - INFO - load | 2 | (0.05, 0.9500000000000001) | 1000 | 0 | set() | 0| 0.0 | 0.0 
2021-09-30 12:36:04,196 - INFO - load | 2 | (0.05, 1.0) | 1000 | 0 | set() | 0| 0.0 | 0.0 
2021-09-30 12:36:04,198 - INFO - load | 2 | (0.1, 0.0) | 1000 | 0 | set() | 0| 0.0 | 0.0 
2021-09-30 12:36:04,201 - INFO - load | 2 | (0.1, 0.05) | 1000 | 0 | set() | 0| 0.0 | 0.0 
2021-09-30 12:36:04,203 - INFO - load | 2 | (0.1, 0.1) | 1000 | 0 | set() | 0| 0.0 | 0.0 
2021-09-30 12:36:04,206 - INFO - load | 2 | (0.1, 0.15000000000000002) | 1000 | 0 | set() | 0| 0.0 | 0.0 
2021-09-30 12:36:04,208 - INFO - load | 2 | (0.1, 0.2) | 1000 | 0 | set() | 0| 0.0 | 0.0 
2021-09-30 12:36:04,211 - INFO - load | 2 | (0.1, 0.25) | 1000 | 0 | set() | 0| 0.0 | 0.0 
2021-09-30 12:36:04,214 - INFO - load | 2 | (0.1, 0.30000000000000004) | 1000 | 0 | set() | 0| 0.0 | 0.0 
2021-09-30 12:36:04,215 - INFO - load | 2 | (0.1, 0.35000000000000003) | 1000 | 0 | set() | 0| 0.0 | 0.0 
2021-09-30 12:36:04,216 - INFO - load | 2 | (0.1, 0.4) | 1000 | 0 | set() | 0| 0.0 | 0.0 
2021-09-30 12:36:04,219 - INFO - load | 2 | (0.1, 0.45) | 1000 | 0 | set() | 0| 0.0 | 0.0 
2021-09-30 12:36:04,221 - INFO - load | 2 | (0.1, 0.5) | 1000 | 0 | set() | 0| 0.0 | 0.0 
2021-09-30 12:36:04,224 - INFO - load | 2 | (0.1, 0.55) | 1000 | 0 | set() | 0| 0.0 | 0.0 
2021-09-30 12:36:04,227 - INFO - load | 2 | (0.1, 0.6000000000000001) | 1000 | 0 | set() | 0| 0.0 | 0.0 
2021-09-30 12:36:04,230 - INFO - load | 2 | (0.1, 0.65) | 1000 | 0 | set() | 0| 0.0 | 0.0 
2021-09-30 12:36:04,232 - INFO - load | 2 | (0.1, 0.7000000000000001) | 1000 | 0 | set() | 0| 0.0 | 0.0 
2021-09-30 12:36:04,235 - INFO - load | 2 | (0.1, 0.75) | 1000 | 0 | set() | 0| 0.0 | 0.0 
2021-09-30 12:36:04,238 - INFO - load | 2 | (0.1, 0.8) | 1000 | 0 | set() | 0| 0.0 | 0.0 
2021-09-30 12:36:04,241 - INFO - load | 2 | (0.1, 0.8500000000000001) | 1000 | 0 | set() | 0| 0.0 | 0.0 
2021-09-30 12:36:04,243 - INFO - load | 2 | (0.1, 0.9) | 1000 | 0 | set() | 0| 0.0 | 0.0 
2021-09-30 12:36:04,246 - INFO - load | 2 | (0.1, 0.9500000000000001) | 1000 | 0 | set() | 0| 0.0 | 0.0 
2021-09-30 12:36:04,249 - INFO - load | 2 | (0.1, 1.0) | 1000 | 0 | set() | 0| 0.0 | 0.0 
2021-09-30 12:36:04,830 - INFO - compute | 2 | (0.15000000000000002, 0.0) | 214 | 0 | set() | 0| 0.0 | 0.0 
2021-09-30 12:36:04,905 - INFO - load | 2 | (0.15000000000000002, 0.05) | 214 | 0 | set() | 0| 0.0 | 0.0 
2021-09-30 12:36:04,982 - INFO - load | 2 | (0.15000000000000002, 0.1) | 214 | 0 | set() | 0| 0.0 | 0.0 
2021-09-30 12:36:05,057 - INFO - load | 2 | (0.15000000000000002, 0.15000000000000002) | 214 | 0 | set() | 0| 0.0 | 0.0 
2021-09-30 12:36:05,136 - INFO - load | 2 | (0.15000000000000002, 0.2) | 214 | 0 | set() | 0| 0.0 | 0.0 
2021-09-30 12:36:05,209 - INFO - load | 2 | (0.15000000000000002, 0.25) | 214 | 0 | set() | 0| 0.0 | 0.0 
2021-09-30 12:36:05,283 - INFO - load | 2 | (0.15000000000000002, 0.30000000000000004) | 214 | 0 | set() | 0| 0.0 | 0.0 
2021-09-30 12:36:05,350 - INFO - load | 2 | (0.15000000000000002, 0.35000000000000003) | 214 | 0 | set() | 0| 0.0 | 0.0 
2021-09-30 12:36:05,420 - INFO - load | 2 | (0.15000000000000002, 0.4) | 214 | 0 | set() | 0| 0.0 | 0.0 
2021-09-30 12:36:05,490 - INFO - load | 2 | (0.15000000000000002, 0.45) | 214 | 0 | set() | 0| 0.0 | 0.0 
2021-09-30 12:36:05,566 - INFO - load | 2 | (0.15000000000000002, 0.5) | 214 | 0 | set() | 0| 0.0 | 0.0 
2021-09-30 12:36:05,629 - INFO - load | 2 | (0.15000000000000002, 0.55) | 214 | 0 | set() | 0| 0.0 | 0.0 
2021-09-30 12:36:05,703 - INFO - load | 2 | (0.15000000000000002, 0.6000000000000001) | 214 | 0 | set() | 0| 0.0 | 0.0 
2021-09-30 12:36:05,776 - INFO - load | 2 | (0.15000000000000002, 0.65) | 214 | 0 | set() | 0| 0.0 | 0.0 
2021-09-30 12:36:05,846 - INFO - load | 2 | (0.15000000000000002, 0.7000000000000001) | 214 | 0 | set() | 0| 0.0 | 0.0 
2021-09-30 12:36:05,923 - INFO - load | 2 | (0.15000000000000002, 0.75) | 214 | 0 | set() | 0| 0.0 | 0.0 
2021-09-30 12:36:05,976 - INFO - load | 2 | (0.15000000000000002, 0.8) | 214 | 0 | set() | 0| 0.0 | 0.0 
2021-09-30 12:36:06,052 - INFO - load | 2 | (0.15000000000000002, 0.8500000000000001) | 214 | 0 | set() | 0| 0.0 | 0.0 
2021-09-30 12:36:06,121 - INFO - load | 2 | (0.15000000000000002, 0.9) | 214 | 0 | set() | 0| 0.0 | 0.0 
2021-09-30 12:36:06,187 - INFO - load | 2 | (0.15000000000000002, 0.9500000000000001) | 214 | 0 | set() | 0| 0.0 | 0.0 
2021-09-30 12:36:06,261 - INFO - load | 2 | (0.15000000000000002, 1.0) | 214 | 0 | set() | 0| 0.0 | 0.0 
2021-09-30 12:36:06,460 - INFO - compute | 2 | (0.2, 0.0) | 50 | 0 | set() | 0| 0.0 | 0.0 
2021-09-30 12:36:06,560 - INFO - load | 2 | (0.2, 0.05) | 50 | 0 | set() | 0| 0.0 | 0.0 
2021-09-30 12:36:06,656 - INFO - load | 2 | (0.2, 0.1) | 50 | 0 | set() | 0| 0.0 | 0.0 
2021-09-30 12:36:06,749 - INFO - load | 2 | (0.2, 0.15000000000000002) | 50 | 0 | set() | 0| 0.0 | 0.0 
2021-09-30 12:36:06,849 - INFO - load | 2 | (0.2, 0.2) | 50 | 0 | set() | 0| 0.0 | 0.0 
2021-09-30 12:36:06,933 - INFO - load | 2 | (0.2, 0.25) | 50 | 0 | set() | 0| 0.0 | 0.0 
2021-09-30 12:36:07,027 - INFO - load | 2 | (0.2, 0.30000000000000004) | 50 | 0 | set() | 0| 0.0 | 0.0 
2021-09-30 12:36:07,121 - INFO - load | 2 | (0.2, 0.35000000000000003) | 50 | 0 | set() | 0| 0.0 | 0.0 
2021-09-30 12:36:07,202 - INFO - load | 2 | (0.2, 0.4) | 50 | 0 | set() | 0| 0.0 | 0.0 
2021-09-30 12:36:07,291 - INFO - load | 2 | (0.2, 0.45) | 50 | 0 | set() | 0| 0.0 | 0.0 
2021-09-30 12:36:07,381 - INFO - load | 2 | (0.2, 0.5) | 50 | 0 | set() | 0| 0.0 | 0.0 
2021-09-30 12:36:07,461 - INFO - load | 2 | (0.2, 0.55) | 50 | 0 | set() | 0| 0.0 | 0.0 
2021-09-30 12:36:07,541 - INFO - load | 2 | (0.2, 0.6000000000000001) | 50 | 0 | set() | 0| 0.0 | 0.0 
2021-09-30 12:36:07,627 - INFO - load | 2 | (0.2, 0.65) | 50 | 0 | set() | 0| 0.0 | 0.0 
2021-09-30 12:36:07,714 - INFO - load | 2 | (0.2, 0.7000000000000001) | 50 | 0 | set() | 0| 0.0 | 0.0 
2021-09-30 12:36:07,780 - INFO - load | 2 | (0.2, 0.75) | 50 | 0 | set() | 0| 0.0 | 0.0 
2021-09-30 12:36:07,867 - INFO - load | 2 | (0.2, 0.8) | 50 | 0 | set() | 0| 0.0 | 0.0 
2021-09-30 12:36:07,948 - INFO - load | 2 | (0.2, 0.8500000000000001) | 50 | 0 | set() | 0| 0.0 | 0.0 
2021-09-30 12:36:08,042 - INFO - load | 2 | (0.2, 0.9) | 50 | 0 | set() | 0| 0.0 | 0.0 
2021-09-30 12:36:08,125 - INFO - load | 2 | (0.2, 0.9500000000000001) | 50 | 0 | set() | 0| 0.0 | 0.0 
2021-09-30 12:36:08,200 - INFO - load | 2 | (0.2, 1.0) | 50 | 0 | set() | 0| 0.0 | 0.0 
2021-09-30 12:36:08,326 - INFO - compute | 2 | (0.25, 0.0) | 21 | 0 | set() | 0| 0.0 | 0.0 
2021-09-30 12:36:08,430 - INFO - load | 2 | (0.25, 0.05) | 21 | 0 | set() | 0| 0.0 | 0.0 
2021-09-30 12:36:08,537 - INFO - load | 2 | (0.25, 0.1) | 21 | 0 | set() | 0| 0.0 | 0.0 
2021-09-30 12:36:08,651 - INFO - load | 2 | (0.25, 0.15000000000000002) | 21 | 0 | set() | 0| 0.0 | 0.0 
2021-09-30 12:36:08,768 - INFO - load | 2 | (0.25, 0.2) | 21 | 0 | set() | 0| 0.0 | 0.0 
2021-09-30 12:36:08,871 - INFO - load | 2 | (0.25, 0.25) | 21 | 0 | set() | 0| 0.0 | 0.0 
2021-09-30 12:36:08,985 - INFO - load | 2 | (0.25, 0.30000000000000004) | 21 | 0 | set() | 0| 0.0 | 0.0 
2021-09-30 12:36:09,090 - INFO - load | 2 | (0.25, 0.35000000000000003) | 21 | 0 | set() | 0| 0.0 | 0.0 
2021-09-30 12:36:09,187 - INFO - load | 2 | (0.25, 0.4) | 21 | 0 | set() | 0| 0.0 | 0.0 
2021-09-30 12:36:09,290 - INFO - load | 2 | (0.25, 0.45) | 21 | 0 | set() | 0| 0.0 | 0.0 
2021-09-30 12:36:09,394 - INFO - load | 2 | (0.25, 0.5) | 21 | 0 | set() | 0| 0.0 | 0.0 
2021-09-30 12:36:09,494 - INFO - load | 2 | (0.25, 0.55) | 21 | 0 | set() | 0| 0.0 | 0.0 
2021-09-30 12:36:09,590 - INFO - load | 2 | (0.25, 0.6000000000000001) | 21 | 0 | set() | 0| 0.0 | 0.0 
2021-09-30 12:36:09,695 - INFO - load | 2 | (0.25, 0.65) | 21 | 0 | set() | 0| 0.0 | 0.0 
2021-09-30 12:36:09,786 - INFO - load | 2 | (0.25, 0.7000000000000001) | 21 | 0 | set() | 0| 0.0 | 0.0 
2021-09-30 12:36:09,894 - INFO - load | 2 | (0.25, 0.75) | 21 | 0 | set() | 0| 0.0 | 0.0 
2021-09-30 12:36:10,013 - INFO - load | 2 | (0.25, 0.8) | 21 | 0 | set() | 0| 0.0 | 0.0 
2021-09-30 12:36:10,103 - INFO - load | 2 | (0.25, 0.8500000000000001) | 21 | 0 | set() | 0| 0.0 | 0.0 
2021-09-30 12:36:10,220 - INFO - load | 2 | (0.25, 0.9) | 21 | 0 | set() | 0| 0.0 | 0.0 
2021-09-30 12:36:10,332 - INFO - load | 2 | (0.25, 0.9500000000000001) | 21 | 0 | set() | 0| 0.0 | 0.0 
2021-09-30 12:36:10,434 - INFO - load | 2 | (0.25, 1.0) | 21 | 0 | set() | 0| 0.0 | 0.0 
2021-09-30 12:36:10,583 - INFO - compute | 2 | (0.30000000000000004, 0.0) | 7 | 0 | set() | 0| 0.0 | 0.0 
2021-09-30 12:36:10,703 - INFO - load | 2 | (0.30000000000000004, 0.05) | 7 | 0 | set() | 0| 0.0 | 0.0 
2021-09-30 12:36:10,838 - INFO - load | 2 | (0.30000000000000004, 0.1) | 7 | 0 | set() | 0| 0.0 | 0.0 
2021-09-30 12:36:10,979 - INFO - load | 2 | (0.30000000000000004, 0.15000000000000002) | 7 | 0 | set() | 0| 0.0 | 0.0 
2021-09-30 12:36:11,108 - INFO - load | 2 | (0.30000000000000004, 0.2) | 7 | 0 | set() | 0| 0.0 | 0.0 
2021-09-30 12:36:11,237 - INFO - load | 2 | (0.30000000000000004, 0.25) | 7 | 0 | set() | 0| 0.0 | 0.0 
2021-09-30 12:36:11,359 - INFO - load | 2 | (0.30000000000000004, 0.30000000000000004) | 7 | 0 | set() | 0| 0.0 | 0.0 
2021-09-30 12:36:11,497 - INFO - load | 2 | (0.30000000000000004, 0.35000000000000003) | 7 | 0 | set() | 0| 0.0 | 0.0 
2021-09-30 12:36:11,622 - INFO - load | 2 | (0.30000000000000004, 0.4) | 7 | 0 | set() | 0| 0.0 | 0.0 
2021-09-30 12:36:11,751 - INFO - load | 2 | (0.30000000000000004, 0.45) | 7 | 0 | set() | 0| 0.0 | 0.0 
2021-09-30 12:36:11,873 - INFO - load | 2 | (0.30000000000000004, 0.5) | 7 | 0 | set() | 0| 0.0 | 0.0 
2021-09-30 12:36:12,004 - INFO - load | 2 | (0.30000000000000004, 0.55) | 7 | 0 | set() | 0| 0.0 | 0.0 
2021-09-30 12:36:12,139 - INFO - load | 2 | (0.30000000000000004, 0.6000000000000001) | 7 | 0 | set() | 0| 0.0 | 0.0 
2021-09-30 12:36:12,253 - INFO - load | 2 | (0.30000000000000004, 0.65) | 7 | 0 | set() | 0| 0.0 | 0.0 
2021-09-30 12:36:12,371 - INFO - load | 2 | (0.30000000000000004, 0.7000000000000001) | 7 | 0 | set() | 0| 0.0 | 0.0 
2021-09-30 12:36:12,503 - INFO - load | 2 | (0.30000000000000004, 0.75) | 7 | 0 | set() | 0| 0.0 | 0.0 
2021-09-30 12:36:12,640 - INFO - load | 2 | (0.30000000000000004, 0.8) | 7 | 0 | set() | 0| 0.0 | 0.0 
2021-09-30 12:36:12,776 - INFO - load | 2 | (0.30000000000000004, 0.8500000000000001) | 7 | 0 | set() | 0| 0.0 | 0.0 
2021-09-30 12:36:12,904 - INFO - load | 2 | (0.30000000000000004, 0.9) | 7 | 0 | set() | 0| 0.0 | 0.0 
2021-09-30 12:36:13,043 - INFO - load | 2 | (0.30000000000000004, 0.9500000000000001) | 7 | 0 | set() | 0| 0.0 | 0.0 
2021-09-30 12:36:13,177 - INFO - load | 2 | (0.30000000000000004, 1.0) | 7 | 0 | set() | 0| 0.0 | 0.0 
2021-09-30 12:36:13,313 - INFO - compute | 2 | (0.35000000000000003, 0.0) | 4 | 0 | set() | 0| 0.0 | 0.0 
2021-09-30 12:36:13,439 - INFO - load | 2 | (0.35000000000000003, 0.05) | 4 | 0 | set() | 0| 0.0 | 0.0 
2021-09-30 12:36:13,580 - INFO - load | 2 | (0.35000000000000003, 0.1) | 4 | 0 | set() | 0| 0.0 | 0.0 
2021-09-30 12:36:13,728 - INFO - load | 2 | (0.35000000000000003, 0.15000000000000002) | 4 | 0 | set() | 0| 0.0 | 0.0 
2021-09-30 12:36:13,873 - INFO - load | 2 | (0.35000000000000003, 0.2) | 4 | 0 | set() | 0| 0.0 | 0.0 
2021-09-30 12:36:14,031 - INFO - load | 2 | (0.35000000000000003, 0.25) | 4 | 0 | set() | 0| 0.0 | 0.0 
2021-09-30 12:36:14,188 - INFO - load | 2 | (0.35000000000000003, 0.30000000000000004) | 4 | 0 | set() | 0| 0.0 | 0.0 
2021-09-30 12:36:14,329 - INFO - load | 2 | (0.35000000000000003, 0.35000000000000003) | 4 | 0 | set() | 0| 0.0 | 0.0 
2021-09-30 12:36:14,466 - INFO - load | 2 | (0.35000000000000003, 0.4) | 4 | 0 | set() | 0| 0.0 | 0.0 
2021-09-30 12:36:14,607 - INFO - load | 2 | (0.35000000000000003, 0.45) | 4 | 0 | set() | 0| 0.0 | 0.0 
2021-09-30 12:36:14,751 - INFO - load | 2 | (0.35000000000000003, 0.5) | 4 | 0 | set() | 0| 0.0 | 0.0 
2021-09-30 12:36:14,888 - INFO - load | 2 | (0.35000000000000003, 0.55) | 4 | 0 | set() | 0| 0.0 | 0.0 
2021-09-30 12:36:15,039 - INFO - load | 2 | (0.35000000000000003, 0.6000000000000001) | 4 | 0 | set() | 0| 0.0 | 0.0 
2021-09-30 12:36:15,190 - INFO - load | 2 | (0.35000000000000003, 0.65) | 4 | 0 | set() | 0| 0.0 | 0.0 
2021-09-30 12:36:15,342 - INFO - load | 2 | (0.35000000000000003, 0.7000000000000001) | 4 | 0 | set() | 0| 0.0 | 0.0 
2021-09-30 12:36:15,499 - INFO - load | 2 | (0.35000000000000003, 0.75) | 4 | 0 | set() | 0| 0.0 | 0.0 
2021-09-30 12:36:15,648 - INFO - load | 2 | (0.35000000000000003, 0.8) | 4 | 0 | set() | 0| 0.0 | 0.0 
2021-09-30 12:36:15,801 - INFO - load | 2 | (0.35000000000000003, 0.8500000000000001) | 4 | 0 | set() | 0| 0.0 | 0.0 
2021-09-30 12:36:15,933 - INFO - load | 2 | (0.35000000000000003, 0.9) | 4 | 0 | set() | 0| 0.0 | 0.0 
2021-09-30 12:36:16,088 - INFO - load | 2 | (0.35000000000000003, 0.9500000000000001) | 4 | 0 | set() | 0| 0.0 | 0.0 
2021-09-30 12:36:16,274 - INFO - compute | 2 | (0.35000000000000003, 1.0) | 4 | 1 | {20} | 128| 0.0 | 52.989114141839515 
2021-09-30 12:36:16,432 - INFO - compute | 2 | (0.4, 0.0) | 3 | 0 | set() | 0| 0.0 | 0.0 
2021-09-30 12:36:16,600 - INFO - load | 2 | (0.4, 0.05) | 3 | 0 | set() | 0| 0.0 | 0.0 
2021-09-30 12:36:16,776 - INFO - load | 2 | (0.4, 0.1) | 3 | 0 | set() | 0| 0.0 | 0.0 
2021-09-30 12:36:16,940 - INFO - load | 2 | (0.4, 0.15000000000000002) | 3 | 0 | set() | 0| 0.0 | 0.0 
2021-09-30 12:36:17,106 - INFO - load | 2 | (0.4, 0.2) | 3 | 0 | set() | 0| 0.0 | 0.0 
2021-09-30 12:36:17,260 - INFO - load | 2 | (0.4, 0.25) | 3 | 0 | set() | 0| 0.0 | 0.0 
2021-09-30 12:36:17,417 - INFO - load | 2 | (0.4, 0.30000000000000004) | 3 | 0 | set() | 0| 0.0 | 0.0 
2021-09-30 12:36:17,586 - INFO - load | 2 | (0.4, 0.35000000000000003) | 3 | 0 | set() | 0| 0.0 | 0.0 
2021-09-30 12:36:17,741 - INFO - load | 2 | (0.4, 0.4) | 3 | 0 | set() | 0| 0.0 | 0.0 
2021-09-30 12:36:17,919 - INFO - load | 2 | (0.4, 0.45) | 3 | 0 | set() | 0| 0.0 | 0.0 
2021-09-30 12:36:18,081 - INFO - load | 2 | (0.4, 0.5) | 3 | 0 | set() | 0| 0.0 | 0.0 
2021-09-30 12:36:18,229 - INFO - load | 2 | (0.4, 0.55) | 3 | 0 | set() | 0| 0.0 | 0.0 
2021-09-30 12:36:18,372 - INFO - load | 2 | (0.4, 0.6000000000000001) | 3 | 0 | set() | 0| 0.0 | 0.0 
2021-09-30 12:36:18,553 - INFO - load | 2 | (0.4, 0.65) | 3 | 0 | set() | 0| 0.0 | 0.0 
2021-09-30 12:36:18,742 - INFO - load | 2 | (0.4, 0.7000000000000001) | 3 | 0 | set() | 0| 0.0 | 0.0 
2021-09-30 12:36:18,935 - INFO - load | 2 | (0.4, 0.75) | 3 | 0 | set() | 0| 0.0 | 0.0 
2021-09-30 12:36:19,145 - INFO - load | 2 | (0.4, 0.8) | 3 | 0 | set() | 0| 0.0 | 0.0 
2021-09-30 12:36:19,358 - INFO - load | 2 | (0.4, 0.8500000000000001) | 3 | 0 | set() | 0| 0.0 | 0.0 
2021-09-30 12:36:19,612 - INFO - compute | 2 | (0.4, 0.9) | 3 | 1 | {20} | 78| 3.1199999999999983 | 34.704270498860424 
2021-09-30 12:36:19,860 - INFO - compute | 2 | (0.4, 0.9500000000000001) | 3 | 2 | {40, 20} | 152| 3.0399999999999943 | 70.49190360348891 
2021-09-30 12:36:20,079 - INFO - load | 2 | (0.4, 1.0) | 3 | 2 | {40, 20} | 152| 0.0 | 70.49190360348891 
2021-09-30 12:36:20,285 - INFO - compute | 2 | (0.45, 0.0) | 1 | 0 | set() | 0| 0.0 | 0.0 
2021-09-30 12:36:20,489 - INFO - load | 2 | (0.45, 0.05) | 1 | 0 | set() | 0| 0.0 | 0.0 
2021-09-30 12:36:20,700 - INFO - load | 2 | (0.45, 0.1) | 1 | 0 | set() | 0| 0.0 | 0.0 
2021-09-30 12:36:20,890 - INFO - load | 2 | (0.45, 0.15000000000000002) | 1 | 0 | set() | 0| 0.0 | 0.0 
2021-09-30 12:36:21,104 - INFO - load | 2 | (0.45, 0.2) | 1 | 0 | set() | 0| 0.0 | 0.0 
2021-09-30 12:36:21,297 - INFO - load | 2 | (0.45, 0.25) | 1 | 0 | set() | 0| 0.0 | 0.0 
2021-09-30 12:36:21,486 - INFO - load | 2 | (0.45, 0.30000000000000004) | 1 | 0 | set() | 0| 0.0 | 0.0 
2021-09-30 12:36:21,677 - INFO - load | 2 | (0.45, 0.35000000000000003) | 1 | 0 | set() | 0| 0.0 | 0.0 
2021-09-30 12:36:21,867 - INFO - load | 2 | (0.45, 0.4) | 1 | 0 | set() | 0| 0.0 | 0.0 
2021-09-30 12:36:22,062 - INFO - load | 2 | (0.45, 0.45) | 1 | 0 | set() | 0| 0.0 | 0.0 
2021-09-30 12:36:22,251 - INFO - load | 2 | (0.45, 0.5) | 1 | 0 | set() | 0| 0.0 | 0.0 
2021-09-30 12:36:22,472 - INFO - load | 2 | (0.45, 0.55) | 1 | 0 | set() | 0| 0.0 | 0.0 
2021-09-30 12:36:22,701 - INFO - load | 2 | (0.45, 0.6000000000000001) | 1 | 0 | set() | 0| 0.0 | 0.0 
2021-09-30 12:36:22,924 - INFO - load | 2 | (0.45, 0.65) | 1 | 0 | set() | 0| 0.0 | 0.0 
2021-09-30 12:36:23,146 - INFO - load | 2 | (0.45, 0.7000000000000001) | 1 | 0 | set() | 0| 0.0 | 0.0 
2021-09-30 12:36:23,377 - INFO - load | 2 | (0.45, 0.75) | 1 | 0 | set() | 0| 0.0 | 0.0 
2021-09-30 12:36:23,614 - INFO - compute | 2 | (0.45, 0.8) | 1 | 1 | {20} | 0| 0.0 | 0.0 
2021-09-30 12:36:23,837 - INFO - compute | 2 | (0.45, 0.8500000000000001) | 1 | 2 | {40, 20} | 13| 0.8774999999999993 | 8.718233944604595 
2021-09-30 12:36:24,088 - INFO - load | 2 | (0.45, 0.9) | 1 | 2 | {40, 20} | 13| 0.5849999999999997 | 8.718233944604595 
2021-09-30 12:36:24,345 - INFO - compute | 2 | (0.45, 0.9500000000000001) | 1 | 3 | (40, 25) | 62| 1.3949999999999978 | 41.579269581960375 
2021-09-30 12:36:24,589 - INFO - load | 2 | (0.45, 1.0) | 1 | 3 | (40, 25) | 62| 0.0 | 41.579269581960375 
2021-09-30 12:36:24,791 - INFO - load | 2 | (0.5, 0.0) | 1 | 0 | set() | 0| 0.0 | 0.0 
2021-09-30 12:36:25,002 - INFO - load | 2 | (0.5, 0.05) | 1 | 0 | set() | 0| 0.0 | 0.0 
2021-09-30 12:36:25,225 - INFO - load | 2 | (0.5, 0.1) | 1 | 0 | set() | 0| 0.0 | 0.0 
2021-09-30 12:36:25,429 - INFO - load | 2 | (0.5, 0.15000000000000002) | 1 | 0 | set() | 0| 0.0 | 0.0 
2021-09-30 12:36:25,664 - INFO - load | 2 | (0.5, 0.2) | 1 | 0 | set() | 0| 0.0 | 0.0 
2021-09-30 12:36:25,890 - INFO - load | 2 | (0.5, 0.25) | 1 | 0 | set() | 0| 0.0 | 0.0 
2021-09-30 12:36:26,092 - INFO - load | 2 | (0.5, 0.30000000000000004) | 1 | 0 | set() | 0| 0.0 | 0.0 
2021-09-30 12:36:26,311 - INFO - load | 2 | (0.5, 0.35000000000000003) | 1 | 0 | set() | 0| 0.0 | 0.0 
2021-09-30 12:36:26,518 - INFO - load | 2 | (0.5, 0.4) | 1 | 0 | set() | 0| 0.0 | 0.0 
2021-09-30 12:36:26,707 - INFO - load | 2 | (0.5, 0.45) | 1 | 0 | set() | 0| 0.0 | 0.0 
2021-09-30 12:36:26,903 - INFO - load | 2 | (0.5, 0.5) | 1 | 0 | set() | 0| 0.0 | 0.0 
2021-09-30 12:36:27,102 - INFO - load | 2 | (0.5, 0.55) | 1 | 0 | set() | 0| 0.0 | 0.0 
2021-09-30 12:36:27,305 - INFO - load | 2 | (0.5, 0.6000000000000001) | 1 | 0 | set() | 0| 0.0 | 0.0 
2021-09-30 12:36:27,512 - INFO - load | 2 | (0.5, 0.65) | 1 | 0 | set() | 0| 0.0 | 0.0 
2021-09-30 12:36:27,751 - INFO - load | 2 | (0.5, 0.7000000000000001) | 1 | 1 | {20} | 0| 0.0 | 0.0 
2021-09-30 12:36:27,957 - INFO - load | 2 | (0.5, 0.75) | 1 | 2 | {40, 20} | 13| 1.625 | 8.718233944604595 
2021-09-30 12:36:28,164 - INFO - load | 2 | (0.5, 0.8) | 1 | 2 | {40, 20} | 13| 1.2999999999999998 | 8.718233944604595 
2021-09-30 12:36:28,382 - INFO - load | 2 | (0.5, 0.8500000000000001) | 1 | 3 | (40, 25) | 62| 4.649999999999997 | 41.579269581960375 
2021-09-30 12:36:28,601 - INFO - load | 2 | (0.5, 0.9) | 1 | 3 | (40, 25) | 62| 3.099999999999999 | 41.579269581960375 
2021-09-30 12:36:28,879 - INFO - load | 2 | (0.5, 0.9500000000000001) | 1 | 3 | (40, 25) | 62| 1.549999999999998 | 41.579269581960375 
2021-09-30 12:36:29,187 - INFO - compute | 2 | (0.5, 1.0) | 1 | 4 | (40, 25) | 62| 0.0 | 41.579269581960375 
2021-09-30 12:36:29,404 - INFO - load | 2 | (0.55, 0.0) | 1 | 0 | set() | 0| 0.0 | 0.0 
2021-09-30 12:36:29,631 - INFO - load | 2 | (0.55, 0.05) | 1 | 0 | set() | 0| 0.0 | 0.0 
2021-09-30 12:36:30,045 - INFO - load | 2 | (0.55, 0.1) | 1 | 0 | set() | 0| 0.0 | 0.0 
2021-09-30 12:36:30,360 - INFO - load | 2 | (0.55, 0.15000000000000002) | 1 | 0 | set() | 0| 0.0 | 0.0 
2021-09-30 12:36:30,928 - INFO - load | 2 | (0.55, 0.2) | 1 | 0 | set() | 0| 0.0 | 0.0 
2021-09-30 12:36:31,290 - INFO - load | 2 | (0.55, 0.25) | 1 | 0 | set() | 0| 0.0 | 0.0 
2021-09-30 12:36:31,651 - INFO - load | 2 | (0.55, 0.30000000000000004) | 1 | 0 | set() | 0| 0.0 | 0.0 
2021-09-30 12:36:32,150 - INFO - load | 2 | (0.55, 0.35000000000000003) | 1 | 0 | set() | 0| 0.0 | 0.0 
2021-09-30 12:36:32,404 - INFO - load | 2 | (0.55, 0.4) | 1 | 0 | set() | 0| 0.0 | 0.0 
2021-09-30 12:36:32,645 - INFO - load | 2 | (0.55, 0.45) | 1 | 0 | set() | 0| 0.0 | 0.0 
2021-09-30 12:36:32,858 - INFO - load | 2 | (0.55, 0.5) | 1 | 0 | set() | 0| 0.0 | 0.0 
2021-09-30 12:36:33,080 - INFO - load | 2 | (0.55, 0.55) | 1 | 0 | set() | 0| 0.0 | 0.0 
2021-09-30 12:36:33,246 - INFO - load | 2 | (0.55, 0.6000000000000001) | 1 | 0 | set() | 0| 0.0 | 0.0 
2021-09-30 12:36:33,476 - INFO - load | 2 | (0.55, 0.65) | 1 | 1 | {20} | 0| 0.0 | 0.0 
2021-09-30 12:36:33,712 - INFO - load | 2 | (0.55, 0.7000000000000001) | 1 | 2 | {40, 20} | 13| 2.1449999999999996 | 8.718233944604595 
2021-09-30 12:36:33,935 - INFO - load | 2 | (0.55, 0.75) | 1 | 2 | {40, 20} | 13| 1.7875 | 8.718233944604595 
2021-09-30 12:36:34,168 - INFO - load | 2 | (0.55, 0.8) | 1 | 3 | (40, 25) | 62| 6.819999999999999 | 41.579269581960375 
2021-09-30 12:36:34,401 - INFO - load | 2 | (0.55, 0.8500000000000001) | 1 | 3 | (40, 25) | 62| 5.1149999999999975 | 41.579269581960375 
2021-09-30 12:36:34,640 - INFO - load | 2 | (0.55, 0.9) | 1 | 4 | (40, 25) | 62| 3.4099999999999997 | 41.579269581960375 
2021-09-30 12:36:34,874 - INFO - load | 2 | (0.55, 0.9500000000000001) | 1 | 4 | (40, 25) | 62| 1.704999999999998 | 41.579269581960375 
2021-09-30 12:36:35,229 - INFO - compute | 2 | (0.55, 1.0) | 1 | 5 | (50, 25) | 65| 0.0 | 43.59116972302297 
2021-09-30 12:36:35,423 - INFO - load | 2 | (0.6000000000000001, 0.0) | 1 | 0 | set() | 0| 0.0 | 0.0 
2021-09-30 12:36:35,621 - INFO - load | 2 | (0.6000000000000001, 0.05) | 1 | 0 | set() | 0| 0.0 | 0.0 
2021-09-30 12:36:35,814 - INFO - load | 2 | (0.6000000000000001, 0.1) | 1 | 0 | set() | 0| 0.0 | 0.0 
2021-09-30 12:36:35,999 - INFO - load | 2 | (0.6000000000000001, 0.15000000000000002) | 1 | 0 | set() | 0| 0.0 | 0.0 
2021-09-30 12:36:36,224 - INFO - load | 2 | (0.6000000000000001, 0.2) | 1 | 0 | set() | 0| 0.0 | 0.0 
2021-09-30 12:36:36,453 - INFO - load | 2 | (0.6000000000000001, 0.25) | 1 | 0 | set() | 0| 0.0 | 0.0 
2021-09-30 12:36:36,697 - INFO - load | 2 | (0.6000000000000001, 0.30000000000000004) | 1 | 0 | set() | 0| 0.0 | 0.0 
2021-09-30 12:36:36,936 - INFO - load | 2 | (0.6000000000000001, 0.35000000000000003) | 1 | 0 | set() | 0| 0.0 | 0.0 
2021-09-30 12:36:37,146 - INFO - load | 2 | (0.6000000000000001, 0.4) | 1 | 0 | set() | 0| 0.0 | 0.0 
2021-09-30 12:36:37,328 - INFO - load | 2 | (0.6000000000000001, 0.45) | 1 | 0 | set() | 0| 0.0 | 0.0 
2021-09-30 12:36:37,511 - INFO - load | 2 | (0.6000000000000001, 0.5) | 1 | 0 | set() | 0| 0.0 | 0.0 
2021-09-30 12:36:37,701 - INFO - load | 2 | (0.6000000000000001, 0.55) | 1 | 0 | set() | 0| 0.0 | 0.0 
2021-09-30 12:36:37,898 - INFO - load | 2 | (0.6000000000000001, 0.6000000000000001) | 1 | 1 | {20} | 0| 0.0 | 0.0 
2021-09-30 12:36:38,094 - INFO - load | 2 | (0.6000000000000001, 0.65) | 1 | 2 | {40, 20} | 13| 2.7300000000000004 | 8.718233944604595 
2021-09-30 12:36:38,296 - INFO - load | 2 | (0.6000000000000001, 0.7000000000000001) | 1 | 3 | (40, 25) | 62| 11.16 | 41.579269581960375 
2021-09-30 12:36:38,473 - INFO - load | 2 | (0.6000000000000001, 0.75) | 1 | 3 | (40, 25) | 62| 9.3 | 41.579269581960375 
2021-09-30 12:36:38,701 - INFO - load | 2 | (0.6000000000000001, 0.8) | 1 | 3 | (40, 25) | 62| 7.4399999999999995 | 41.579269581960375 
2021-09-30 12:36:38,956 - INFO - load | 2 | (0.6000000000000001, 0.8500000000000001) | 1 | 4 | (40, 25) | 62| 5.579999999999998 | 41.579269581960375 
2021-09-30 12:36:39,223 - INFO - load | 2 | (0.6000000000000001, 0.9) | 1 | 5 | (50, 25) | 65| 3.8999999999999964 | 43.59116972302297 
2021-09-30 12:36:39,479 - INFO - load | 2 | (0.6000000000000001, 0.9500000000000001) | 1 | 5 | (50, 25) | 65| 1.9499999999999944 | 43.59116972302297 
2021-09-30 12:36:39,707 - INFO - load | 2 | (0.6000000000000001, 1.0) | 1 | 5 | (50, 25) | 65| 0.0 | 43.59116972302297 
2021-09-30 12:36:39,902 - INFO - load | 2 | (0.65, 0.0) | 1 | 0 | set() | 0| 0.0 | 0.0 
2021-09-30 12:36:40,067 - INFO - load | 2 | (0.65, 0.05) | 1 | 0 | set() | 0| 0.0 | 0.0 
2021-09-30 12:36:40,255 - INFO - load | 2 | (0.65, 0.1) | 1 | 0 | set() | 0| 0.0 | 0.0 
2021-09-30 12:36:40,416 - INFO - load | 2 | (0.65, 0.15000000000000002) | 1 | 0 | set() | 0| 0.0 | 0.0 
2021-09-30 12:36:40,643 - INFO - load | 2 | (0.65, 0.2) | 1 | 0 | set() | 0| 0.0 | 0.0 
2021-09-30 12:36:40,841 - INFO - load | 2 | (0.65, 0.25) | 1 | 0 | set() | 0| 0.0 | 0.0 
2021-09-30 12:36:41,045 - INFO - load | 2 | (0.65, 0.30000000000000004) | 1 | 0 | set() | 0| 0.0 | 0.0 
2021-09-30 12:36:41,260 - INFO - load | 2 | (0.65, 0.35000000000000003) | 1 | 0 | set() | 0| 0.0 | 0.0 
2021-09-30 12:36:41,450 - INFO - load | 2 | (0.65, 0.4) | 1 | 0 | set() | 0| 0.0 | 0.0 
2021-09-30 12:36:41,624 - INFO - load | 2 | (0.65, 0.45) | 1 | 0 | set() | 0| 0.0 | 0.0 
2021-09-30 12:36:41,841 - INFO - load | 2 | (0.65, 0.5) | 1 | 0 | set() | 0| 0.0 | 0.0 
2021-09-30 12:36:42,054 - INFO - load | 2 | (0.65, 0.55) | 1 | 1 | {20} | 0| 0.0 | 0.0 
2021-09-30 12:36:42,273 - INFO - load | 2 | (0.65, 0.6000000000000001) | 1 | 2 | {40, 20} | 13| 3.3799999999999994 | 8.718233944604595 
2021-09-30 12:36:42,481 - INFO - load | 2 | (0.65, 0.65) | 1 | 3 | (40, 25) | 62| 14.104999999999999 | 41.579269581960375 
2021-09-30 12:36:42,687 - INFO - load | 2 | (0.65, 0.7000000000000001) | 1 | 3 | (40, 25) | 62| 12.089999999999996 | 41.579269581960375 
2021-09-30 12:36:42,882 - INFO - load | 2 | (0.65, 0.75) | 1 | 3 | (40, 25) | 62| 10.075 | 41.579269581960375 
2021-09-30 12:36:43,110 - INFO - load | 2 | (0.65, 0.8) | 1 | 4 | (40, 25) | 62| 8.06 | 41.579269581960375 
2021-09-30 12:36:43,361 - INFO - load | 2 | (0.65, 0.8500000000000001) | 1 | 5 | (50, 25) | 65| 6.337499999999995 | 43.59116972302297 
2021-09-30 12:36:43,606 - INFO - load | 2 | (0.65, 0.9) | 1 | 5 | (50, 25) | 65| 4.224999999999996 | 43.59116972302297 
2021-09-30 12:36:43,829 - INFO - load | 2 | (0.65, 0.9500000000000001) | 1 | 5 | (50, 25) | 65| 2.112499999999998 | 43.59116972302297 
2021-09-30 12:36:44,121 - INFO - compute | 2 | (0.65, 1.0) | 1 | 7 | (42, 25) | 79| 0.0 | 52.98003704798177 
2021-09-30 12:36:44,369 - INFO - compute | 2 | (0.7000000000000001, 0.0) | 0 | 0 | set() | 0| 0.0 | 0 
2021-09-30 12:36:44,598 - INFO - load | 2 | (0.7000000000000001, 0.05) | 0 | 0 | set() | 0| 0.0 | 0 
2021-09-30 12:36:44,805 - INFO - load | 2 | (0.7000000000000001, 0.1) | 0 | 0 | set() | 0| 0.0 | 0 
2021-09-30 12:36:45,051 - INFO - load | 2 | (0.7000000000000001, 0.15000000000000002) | 0 | 0 | set() | 0| 0.0 | 0 
2021-09-30 12:36:45,330 - INFO - load | 2 | (0.7000000000000001, 0.2) | 0 | 0 | set() | 0| 0.0 | 0 
2021-09-30 12:36:45,560 - INFO - load | 2 | (0.7000000000000001, 0.25) | 0 | 0 | set() | 0| 0.0 | 0 
2021-09-30 12:36:45,816 - INFO - load | 2 | (0.7000000000000001, 0.30000000000000004) | 0 | 0 | set() | 0| 0.0 | 0 
2021-09-30 12:36:46,035 - INFO - load | 2 | (0.7000000000000001, 0.35000000000000003) | 0 | 0 | set() | 0| 0.0 | 0 
2021-09-30 12:36:46,293 - INFO - load | 2 | (0.7000000000000001, 0.4) | 0 | 0 | set() | 0| 0.0 | 0 
2021-09-30 12:36:46,526 - INFO - load | 2 | (0.7000000000000001, 0.45) | 0 | 0 | set() | 0| 0.0 | 0 
2021-09-30 12:36:46,761 - INFO - compute | 2 | (0.7000000000000001, 0.5) | 0 | 1 | {20} | 0| 0.0 | 0 
2021-09-30 12:36:47,006 - INFO - compute | 2 | (0.7000000000000001, 0.55) | 0 | 2 | {40, 20} | 0| 0.0 | 0 
2021-09-30 12:36:47,257 - INFO - compute | 2 | (0.7000000000000001, 0.6000000000000001) | 0 | 3 | (40, 25) | 0| 0.0 | 0 
2021-09-30 12:36:47,501 - INFO - load | 2 | (0.7000000000000001, 0.65) | 0 | 3 | (40, 25) | 0| 0.0 | 0 
2021-09-30 12:36:47,724 - INFO - load | 2 | (0.7000000000000001, 0.7000000000000001) | 0 | 3 | (40, 25) | 0| 0.0 | 0 
2021-09-30 12:36:47,943 - INFO - compute | 2 | (0.7000000000000001, 0.75) | 0 | 4 | (40, 62) | 0| 0.0 | 0 
2021-09-30 12:36:48,166 - INFO - compute | 2 | (0.7000000000000001, 0.8) | 0 | 5 | (50, 62) | 0| 0.0 | 0 
2021-09-30 12:36:48,405 - INFO - load | 2 | (0.7000000000000001, 0.8500000000000001) | 0 | 5 | (50, 62) | 0| 0.0 | 0 
2021-09-30 12:36:48,653 - INFO - compute | 2 | (0.7000000000000001, 0.9) | 0 | 6 | (50, 62) | 0| 0.0 | 0 
2021-09-30 12:36:48,867 - INFO - compute | 2 | (0.7000000000000001, 0.9500000000000001) | 0 | 8 | (480, 62) | 0| 0.0 | 0 
2021-09-30 12:36:49,096 - INFO - compute | 2 | (0.7000000000000001, 1.0) | 0 | 9 | (480, 335) | 0| 0.0 | 0 
2021-09-30 12:36:49,339 - INFO - load | 2 | (0.75, 0.0) | 0 | 0 | set() | 0| 0.0 | 0 
2021-09-30 12:36:49,575 - INFO - load | 2 | (0.75, 0.05) | 0 | 0 | set() | 0| 0.0 | 0 
2021-09-30 12:36:49,757 - INFO - load | 2 | (0.75, 0.1) | 0 | 0 | set() | 0| 0.0 | 0 
2021-09-30 12:36:49,998 - INFO - load | 2 | (0.75, 0.15000000000000002) | 0 | 0 | set() | 0| 0.0 | 0 
2021-09-30 12:36:50,226 - INFO - load | 2 | (0.75, 0.2) | 0 | 0 | set() | 0| 0.0 | 0 
2021-09-30 12:36:50,457 - INFO - load | 2 | (0.75, 0.25) | 0 | 0 | set() | 0| 0.0 | 0 
2021-09-30 12:36:51,135 - INFO - load | 2 | (0.75, 0.30000000000000004) | 0 | 0 | set() | 0| 0.0 | 0 
2021-09-30 12:36:51,344 - INFO - load | 2 | (0.75, 0.35000000000000003) | 0 | 0 | set() | 0| 0.0 | 0 
2021-09-30 12:36:51,655 - INFO - load | 2 | (0.75, 0.4) | 0 | 0 | set() | 0| 0.0 | 0 
2021-09-30 12:36:51,889 - INFO - load | 2 | (0.75, 0.45) | 0 | 0 | set() | 0| 0.0 | 0 
2021-09-30 12:36:52,153 - INFO - load | 2 | (0.75, 0.5) | 0 | 2 | {40, 20} | 0| 0.0 | 0 
2021-09-30 12:36:52,430 - INFO - load | 2 | (0.75, 0.55) | 0 | 2 | {40, 20} | 0| 0.0 | 0 
2021-09-30 12:36:52,717 - INFO - load | 2 | (0.75, 0.6000000000000001) | 0 | 3 | (40, 25) | 0| 0.0 | 0 
2021-09-30 12:36:52,986 - INFO - load | 2 | (0.75, 0.65) | 0 | 3 | (40, 25) | 0| 0.0 | 0 
2021-09-30 12:36:53,209 - INFO - load | 2 | (0.75, 0.7000000000000001) | 0 | 4 | (40, 62) | 0| 0.0 | 0 
2021-09-30 12:36:53,490 - INFO - load | 2 | (0.75, 0.75) | 0 | 5 | (50, 62) | 0| 0.0 | 0 
2021-09-30 12:36:53,716 - INFO - load | 2 | (0.75, 0.8) | 0 | 5 | (50, 62) | 0| 0.0 | 0 
2021-09-30 12:36:53,955 - INFO - load | 2 | (0.75, 0.8500000000000001) | 0 | 6 | (50, 62) | 0| 0.0 | 0 
2021-09-30 12:36:54,235 - INFO - load | 2 | (0.75, 0.9) | 0 | 8 | (480, 62) | 0| 0.0 | 0 
2021-09-30 12:36:54,483 - INFO - compute | 2 | (0.75, 0.9500000000000001) | 0 | 12 | (480, 335) | 0| 0.0 | 0 
2021-09-30 12:36:54,760 - INFO - compute | 2 | (0.75, 1.0) | 0 | 22 | (1416, 2535) | 0| 0.0 | 0 
2021-09-30 12:36:54,989 - INFO - load | 2 | (0.8, 0.0) | 0 | 0 | set() | 0| 0.0 | 0 
2021-09-30 12:36:55,213 - INFO - load | 2 | (0.8, 0.05) | 0 | 0 | set() | 0| 0.0 | 0 
2021-09-30 12:36:55,464 - INFO - load | 2 | (0.8, 0.1) | 0 | 0 | set() | 0| 0.0 | 0 
2021-09-30 12:36:55,695 - INFO - load | 2 | (0.8, 0.15000000000000002) | 0 | 0 | set() | 0| 0.0 | 0 
2021-09-30 12:36:55,907 - INFO - load | 2 | (0.8, 0.2) | 0 | 0 | set() | 0| 0.0 | 0 
2021-09-30 12:36:56,179 - INFO - load | 2 | (0.8, 0.25) | 0 | 0 | set() | 0| 0.0 | 0 
2021-09-30 12:36:56,413 - INFO - load | 2 | (0.8, 0.30000000000000004) | 0 | 0 | set() | 0| 0.0 | 0 
2021-09-30 12:36:56,675 - INFO - load | 2 | (0.8, 0.35000000000000003) | 0 | 0 | set() | 0| 0.0 | 0 
2021-09-30 12:36:56,889 - INFO - load | 2 | (0.8, 0.4) | 0 | 0 | set() | 0| 0.0 | 0 
2021-09-30 12:36:57,110 - INFO - load | 2 | (0.8, 0.45) | 0 | 1 | {20} | 0| 0.0 | 0 
2021-09-30 12:36:57,352 - INFO - load | 2 | (0.8, 0.5) | 0 | 2 | {40, 20} | 0| 0.0 | 0 
2021-09-30 12:36:57,582 - INFO - load | 2 | (0.8, 0.55) | 0 | 3 | (40, 25) | 0| 0.0 | 0 
2021-09-30 12:36:57,805 - INFO - load | 2 | (0.8, 0.6000000000000001) | 0 | 3 | (40, 25) | 0| 0.0 | 0 
2021-09-30 12:36:58,049 - INFO - load | 2 | (0.8, 0.65) | 0 | 4 | (40, 62) | 0| 0.0 | 0 
2021-09-30 12:36:58,292 - INFO - load | 2 | (0.8, 0.7000000000000001) | 0 | 5 | (50, 62) | 0| 0.0 | 0 
2021-09-30 12:36:58,532 - INFO - load | 2 | (0.8, 0.75) | 0 | 5 | (50, 62) | 0| 0.0 | 0 
2021-09-30 12:36:58,777 - INFO - load | 2 | (0.8, 0.8) | 0 | 6 | (50, 62) | 0| 0.0 | 0 
2021-09-30 12:36:58,998 - INFO - load | 2 | (0.8, 0.8500000000000001) | 0 | 8 | (480, 62) | 0| 0.0 | 0 
2021-09-30 12:36:59,283 - INFO - compute | 2 | (0.8, 0.9) | 0 | 14 | (2535, 335) | 0| 0.0 | 0 
2021-09-30 12:36:59,583 - INFO - compute | 2 | (0.8, 0.9500000000000001) | 0 | 24 | (2535, 879) | 0| 0.0 | 0 
2021-09-30 12:36:59,880 - INFO - compute | 2 | (0.8, 1.0) | 0 | 58 | (4113, 4042) | 0| 0.0 | 0 
2021-09-30 12:37:00,095 - INFO - load | 2 | (0.8500000000000001, 0.0) | 0 | 0 | set() | 0| 0.0 | 0 
2021-09-30 12:37:00,338 - INFO - load | 2 | (0.8500000000000001, 0.05) | 0 | 0 | set() | 0| 0.0 | 0 
2021-09-30 12:37:00,545 - INFO - load | 2 | (0.8500000000000001, 0.1) | 0 | 0 | set() | 0| 0.0 | 0 
2021-09-30 12:37:00,773 - INFO - load | 2 | (0.8500000000000001, 0.15000000000000002) | 0 | 0 | set() | 0| 0.0 | 0 
2021-09-30 12:37:00,994 - INFO - load | 2 | (0.8500000000000001, 0.2) | 0 | 0 | set() | 0| 0.0 | 0 
2021-09-30 12:37:01,208 - INFO - load | 2 | (0.8500000000000001, 0.25) | 0 | 0 | set() | 0| 0.0 | 0 
2021-09-30 12:37:01,445 - INFO - load | 2 | (0.8500000000000001, 0.30000000000000004) | 0 | 0 | set() | 0| 0.0 | 0 
2021-09-30 12:37:01,669 - INFO - load | 2 | (0.8500000000000001, 0.35000000000000003) | 0 | 0 | set() | 0| 0.0 | 0 
2021-09-30 12:37:01,893 - INFO - load | 2 | (0.8500000000000001, 0.4) | 0 | 0 | set() | 0| 0.0 | 0 
2021-09-30 12:37:02,104 - INFO - load | 2 | (0.8500000000000001, 0.45) | 0 | 2 | {40, 20} | 0| 0.0 | 0 
2021-09-30 12:37:02,316 - INFO - load | 2 | (0.8500000000000001, 0.5) | 0 | 3 | (40, 25) | 0| 0.0 | 0 
2021-09-30 12:37:02,538 - INFO - load | 2 | (0.8500000000000001, 0.55) | 0 | 3 | (40, 25) | 0| 0.0 | 0 
2021-09-30 12:37:02,761 - INFO - load | 2 | (0.8500000000000001, 0.6000000000000001) | 0 | 4 | (40, 62) | 0| 0.0 | 0 
2021-09-30 12:37:02,985 - INFO - load | 2 | (0.8500000000000001, 0.65) | 0 | 5 | (50, 62) | 0| 0.0 | 0 
2021-09-30 12:37:03,200 - INFO - load | 2 | (0.8500000000000001, 0.7000000000000001) | 0 | 5 | (50, 62) | 0| 0.0 | 0 
2021-09-30 12:37:03,426 - INFO - load | 2 | (0.8500000000000001, 0.75) | 0 | 6 | (50, 62) | 0| 0.0 | 0 
2021-09-30 12:37:03,657 - INFO - load | 2 | (0.8500000000000001, 0.8) | 0 | 8 | (480, 62) | 0| 0.0 | 0 
2021-09-30 12:37:03,923 - INFO - compute | 2 | (0.8500000000000001, 0.8500000000000001) | 0 | 15 | (2535, 335) | 0| 0.0 | 0 
2021-09-30 12:37:04,213 - INFO - compute | 2 | (0.8500000000000001, 0.9) | 0 | 25 | (3658, 2535) | 0| 0.0 | 0 
2021-09-30 12:37:04,469 - INFO - compute | 2 | (0.8500000000000001, 0.9500000000000001) | 0 | 66 | (5595, 3684) | 0| 0.0 | 0 
2021-09-30 12:37:04,801 - INFO - compute | 2 | (0.8500000000000001, 1.0) | 0 | 220 | (9709, 6139) | 0| 0.0 | 0 
2021-09-30 12:37:05,023 - INFO - load | 2 | (0.9, 0.0) | 0 | 0 | set() | 0| 0.0 | 0 
2021-09-30 12:37:05,233 - INFO - load | 2 | (0.9, 0.05) | 0 | 0 | set() | 0| 0.0 | 0 
2021-09-30 12:37:05,442 - INFO - load | 2 | (0.9, 0.1) | 0 | 0 | set() | 0| 0.0 | 0 
2021-09-30 12:37:05,653 - INFO - load | 2 | (0.9, 0.15000000000000002) | 0 | 0 | set() | 0| 0.0 | 0 
2021-09-30 12:37:05,895 - INFO - load | 2 | (0.9, 0.2) | 0 | 0 | set() | 0| 0.0 | 0 
2021-09-30 12:37:06,129 - INFO - load | 2 | (0.9, 0.25) | 0 | 0 | set() | 0| 0.0 | 0 
2021-09-30 12:37:06,376 - INFO - load | 2 | (0.9, 0.30000000000000004) | 0 | 0 | set() | 0| 0.0 | 0 
2021-09-30 12:37:06,607 - INFO - load | 2 | (0.9, 0.35000000000000003) | 0 | 0 | set() | 0| 0.0 | 0 
2021-09-30 12:37:06,821 - INFO - load | 2 | (0.9, 0.4) | 0 | 1 | {20} | 0| 0.0 | 0 
2021-09-30 12:37:07,051 - INFO - load | 2 | (0.9, 0.45) | 0 | 2 | {40, 20} | 0| 0.0 | 0 
2021-09-30 12:37:07,262 - INFO - load | 2 | (0.9, 0.5) | 0 | 3 | (40, 25) | 0| 0.0 | 0 
2021-09-30 12:37:07,479 - INFO - load | 2 | (0.9, 0.55) | 0 | 4 | (40, 62) | 0| 0.0 | 0 
2021-09-30 12:37:07,725 - INFO - load | 2 | (0.9, 0.6000000000000001) | 0 | 5 | (50, 62) | 0| 0.0 | 0 
2021-09-30 12:37:08,025 - INFO - load | 2 | (0.9, 0.65) | 0 | 5 | (50, 62) | 0| 0.0 | 0 
2021-09-30 12:37:08,244 - INFO - load | 2 | (0.9, 0.7000000000000001) | 0 | 6 | (50, 62) | 0| 0.0 | 0 
2021-09-30 12:37:08,465 - INFO - load | 2 | (0.9, 0.75) | 0 | 8 | (480, 62) | 0| 0.0 | 0 
2021-09-30 12:37:08,728 - INFO - load | 2 | (0.9, 0.8) | 0 | 14 | (2535, 335) | 0| 0.0 | 0 
2021-09-30 12:37:08,981 - INFO - load | 2 | (0.9, 0.8500000000000001) | 0 | 25 | (3658, 2535) | 0| 0.0 | 0 
2021-09-30 12:37:09,255 - INFO - compute | 2 | (0.9, 0.9) | 0 | 70 | (6016, 5595) | 0| 0.0 | 0 
2021-09-30 12:37:09,615 - INFO - compute | 2 | (0.9, 0.9500000000000001) | 0 | 261 | (9709, 6139) | 0| 0.0 | 0 
2021-09-30 12:37:11,408 - INFO - compute | 2 | (0.9, 1.0) | 0 | 1000 | (9994, 9993) | 0| 0.0 | 0 
2021-09-30 12:37:11,655 - INFO - load | 2 | (0.9500000000000001, 0.0) | 0 | 0 | set() | 0| 0.0 | 0 
2021-09-30 12:37:11,874 - INFO - load | 2 | (0.9500000000000001, 0.05) | 0 | 0 | set() | 0| 0.0 | 0 
2021-09-30 12:37:12,092 - INFO - load | 2 | (0.9500000000000001, 0.1) | 0 | 0 | set() | 0| 0.0 | 0 
2021-09-30 12:37:12,325 - INFO - load | 2 | (0.9500000000000001, 0.15000000000000002) | 0 | 0 | set() | 0| 0.0 | 0 
2021-09-30 12:37:12,556 - INFO - load | 2 | (0.9500000000000001, 0.2) | 0 | 0 | set() | 0| 0.0 | 0 
2021-09-30 12:37:12,776 - INFO - load | 2 | (0.9500000000000001, 0.25) | 0 | 0 | set() | 0| 0.0 | 0 
2021-09-30 12:37:13,016 - INFO - load | 2 | (0.9500000000000001, 0.30000000000000004) | 0 | 0 | set() | 0| 0.0 | 0 
2021-09-30 12:37:13,225 - INFO - load | 2 | (0.9500000000000001, 0.35000000000000003) | 0 | 0 | set() | 0| 0.0 | 0 
2021-09-30 12:37:13,464 - INFO - load | 2 | (0.9500000000000001, 0.4) | 0 | 2 | {40, 20} | 0| 0.0 | 0 
2021-09-30 12:37:13,695 - INFO - load | 2 | (0.9500000000000001, 0.45) | 0 | 3 | (40, 25) | 0| 0.0 | 0 
2021-09-30 12:37:13,912 - INFO - load | 2 | (0.9500000000000001, 0.5) | 0 | 3 | (40, 25) | 0| 0.0 | 0 
2021-09-30 12:37:14,135 - INFO - load | 2 | (0.9500000000000001, 0.55) | 0 | 4 | (40, 62) | 0| 0.0 | 0 
2021-09-30 12:37:14,354 - INFO - load | 2 | (0.9500000000000001, 0.6000000000000001) | 0 | 5 | (50, 62) | 0| 0.0 | 0 
2021-09-30 12:37:14,601 - INFO - load | 2 | (0.9500000000000001, 0.65) | 0 | 5 | (50, 62) | 0| 0.0 | 0 
2021-09-30 12:37:14,862 - INFO - load | 2 | (0.9500000000000001, 0.7000000000000001) | 0 | 8 | (480, 62) | 0| 0.0 | 0 
2021-09-30 12:37:15,112 - INFO - load | 2 | (0.9500000000000001, 0.75) | 0 | 12 | (480, 335) | 0| 0.0 | 0 
2021-09-30 12:37:15,371 - INFO - load | 2 | (0.9500000000000001, 0.8) | 0 | 24 | (2535, 879) | 0| 0.0 | 0 
2021-09-30 12:37:15,630 - INFO - load | 2 | (0.9500000000000001, 0.8500000000000001) | 0 | 66 | (5595, 3684) | 0| 0.0 | 0 
2021-09-30 12:37:15,904 - INFO - load | 2 | (0.9500000000000001, 0.9) | 0 | 261 | (9709, 6139) | 0| 0.0 | 0 
2021-09-30 12:37:16,180 - INFO - load | 2 | (0.9500000000000001, 0.9500000000000001) | 0 | 1000 | (9994, 9993) | 0| 0.0 | 0 
2021-09-30 12:37:16,473 - INFO - load | 2 | (0.9500000000000001, 1.0) | 0 | 1000 | (9994, 9993) | 0| 0.0 | 0 
2021-09-30 12:37:16,677 - INFO - load | 2 | (1.0, 0.0) | 0 | 0 | set() | 0| 0.0 | 0 
2021-09-30 12:37:16,861 - INFO - load | 2 | (1.0, 0.05) | 0 | 0 | set() | 0| 0.0 | 0 
2021-09-30 12:37:17,076 - INFO - load | 2 | (1.0, 0.1) | 0 | 0 | set() | 0| 0.0 | 0 
2021-09-30 12:37:17,266 - INFO - load | 2 | (1.0, 0.15000000000000002) | 0 | 0 | set() | 0| 0.0 | 0 
2021-09-30 12:37:17,461 - INFO - load | 2 | (1.0, 0.2) | 0 | 0 | set() | 0| 0.0 | 0 
2021-09-30 12:37:17,687 - INFO - load | 2 | (1.0, 0.25) | 0 | 0 | set() | 0| 0.0 | 0 
2021-09-30 12:37:17,905 - INFO - load | 2 | (1.0, 0.30000000000000004) | 0 | 0 | set() | 0| 0.0 | 0 
2021-09-30 12:37:18,130 - INFO - load | 2 | (1.0, 0.35000000000000003) | 0 | 1 | {20} | 0| 0.0 | 0 
2021-09-30 12:37:18,390 - INFO - load | 2 | (1.0, 0.4) | 0 | 2 | {40, 20} | 0| 0.0 | 0 
2021-09-30 12:37:18,670 - INFO - load | 2 | (1.0, 0.45) | 0 | 3 | (40, 25) | 0| 0.0 | 0 
2021-09-30 12:37:18,927 - INFO - load | 2 | (1.0, 0.5) | 0 | 4 | (40, 62) | 0| 0.0 | 0 
2021-09-30 12:37:19,189 - INFO - load | 2 | (1.0, 0.55) | 0 | 5 | (50, 62) | 0| 0.0 | 0 
2021-09-30 12:37:19,424 - INFO - load | 2 | (1.0, 0.6000000000000001) | 0 | 5 | (50, 62) | 0| 0.0 | 0 
2021-09-30 12:37:19,702 - INFO - compute | 2 | (1.0, 0.65) | 0 | 7 | (480, 62) | 0| 0.0 | 0 
2021-09-30 12:37:19,935 - INFO - load | 2 | (1.0, 0.7000000000000001) | 0 | 9 | (480, 335) | 0| 0.0 | 0 
2021-09-30 12:37:20,204 - INFO - load | 2 | (1.0, 0.75) | 0 | 22 | (1416, 2535) | 0| 0.0 | 0 
2021-09-30 12:37:20,458 - INFO - load | 2 | (1.0, 0.8) | 0 | 58 | (4113, 4042) | 0| 0.0 | 0 
2021-09-30 12:37:20,733 - INFO - load | 2 | (1.0, 0.8500000000000001) | 0 | 220 | (9709, 6139) | 0| 0.0 | 0 
2021-09-30 12:37:21,053 - INFO - load | 2 | (1.0, 0.9) | 0 | 1000 | (9994, 9993) | 0| 0.0 | 0 
2021-09-30 12:37:21,347 - INFO - load | 2 | (1.0, 0.9500000000000001) | 0 | 1000 | (9994, 9993) | 0| 0.0 | 0 
2021-09-30 12:37:21,651 - INFO - load | 2 | (1.0, 1.0) | 0 | 1000 | (9994, 9993) | 0| 0.0 | 0 
