2021-09-30 01:51:33,298 - INFO - run algo
2021-09-30 01:51:34,135 - INFO - 9513
2021-09-30 01:51:34,163 - INFO - 10000
2021-09-30 01:51:55,856 - INFO - load:
2021-09-30 01:51:55,868 - INFO - Finish random requester set R and supplier set S 
                             percent_R=0.1, num_R=1000, len_R=1000 
                             percent_S=0.1, num_S=1000, len_S=1000
2021-09-30 01:52:32,033 - INFO - compute | 1 | (0.0, 0.0) | 1000 | 0 | set() | 0| 0.0 | 0.0 
2021-09-30 01:52:32,042 - INFO - load | 1 | (0.0, 0.05) | 1000 | 0 | set() | 0| 0.0 | 0.0 
2021-09-30 01:52:32,045 - INFO - load | 1 | (0.0, 0.1) | 1000 | 0 | set() | 0| 0.0 | 0.0 
2021-09-30 01:52:32,048 - INFO - load | 1 | (0.0, 0.15000000000000002) | 1000 | 0 | set() | 0| 0.0 | 0.0 
2021-09-30 01:52:32,050 - INFO - load | 1 | (0.0, 0.2) | 1000 | 0 | set() | 0| 0.0 | 0.0 
2021-09-30 01:52:32,053 - INFO - load | 1 | (0.0, 0.25) | 1000 | 0 | set() | 0| 0.0 | 0.0 
2021-09-30 01:52:32,057 - INFO - load | 1 | (0.0, 0.30000000000000004) | 1000 | 0 | set() | 0| 0.0 | 0.0 
2021-09-30 01:52:32,061 - INFO - load | 1 | (0.0, 0.35000000000000003) | 1000 | 0 | set() | 0| 0.0 | 0.0 
2021-09-30 01:52:32,063 - INFO - load | 1 | (0.0, 0.4) | 1000 | 0 | set() | 0| 0.0 | 0.0 
2021-09-30 01:52:32,067 - INFO - load | 1 | (0.0, 0.45) | 1000 | 0 | set() | 0| 0.0 | 0.0 
2021-09-30 01:52:32,069 - INFO - load | 1 | (0.0, 0.5) | 1000 | 0 | set() | 0| 0.0 | 0.0 
2021-09-30 01:52:32,072 - INFO - load | 1 | (0.0, 0.55) | 1000 | 0 | set() | 0| 0.0 | 0.0 
2021-09-30 01:52:32,074 - INFO - load | 1 | (0.0, 0.6000000000000001) | 1000 | 0 | set() | 0| 0.0 | 0.0 
2021-09-30 01:52:32,077 - INFO - load | 1 | (0.0, 0.65) | 1000 | 0 | set() | 0| 0.0 | 0.0 
2021-09-30 01:52:32,079 - INFO - load | 1 | (0.0, 0.7000000000000001) | 1000 | 0 | set() | 0| 0.0 | 0.0 
2021-09-30 01:52:32,081 - INFO - load | 1 | (0.0, 0.75) | 1000 | 0 | set() | 0| 0.0 | 0.0 
2021-09-30 01:52:32,084 - INFO - load | 1 | (0.0, 0.8) | 1000 | 0 | set() | 0| 0.0 | 0.0 
2021-09-30 01:52:32,086 - INFO - load | 1 | (0.0, 0.8500000000000001) | 1000 | 0 | set() | 0| 0.0 | 0.0 
2021-09-30 01:52:32,089 - INFO - load | 1 | (0.0, 0.9) | 1000 | 0 | set() | 0| 0.0 | 0.0 
2021-09-30 01:52:32,092 - INFO - load | 1 | (0.0, 0.9500000000000001) | 1000 | 0 | set() | 0| 0.0 | 0.0 
2021-09-30 01:52:32,094 - INFO - load | 1 | (0.0, 1.0) | 1000 | 0 | set() | 0| 0.0 | 0.0 
2021-09-30 01:52:32,096 - INFO - load | 1 | (0.05, 0.0) | 1000 | 0 | set() | 0| 0.0 | 0.0 
2021-09-30 01:52:32,099 - INFO - load | 1 | (0.05, 0.05) | 1000 | 0 | set() | 0| 0.0 | 0.0 
2021-09-30 01:52:32,101 - INFO - load | 1 | (0.05, 0.1) | 1000 | 0 | set() | 0| 0.0 | 0.0 
2021-09-30 01:52:32,104 - INFO - load | 1 | (0.05, 0.15000000000000002) | 1000 | 0 | set() | 0| 0.0 | 0.0 
2021-09-30 01:52:32,108 - INFO - load | 1 | (0.05, 0.2) | 1000 | 0 | set() | 0| 0.0 | 0.0 
2021-09-30 01:52:32,113 - INFO - load | 1 | (0.05, 0.25) | 1000 | 0 | set() | 0| 0.0 | 0.0 
2021-09-30 01:52:32,118 - INFO - load | 1 | (0.05, 0.30000000000000004) | 1000 | 0 | set() | 0| 0.0 | 0.0 
2021-09-30 01:52:32,121 - INFO - load | 1 | (0.05, 0.35000000000000003) | 1000 | 0 | set() | 0| 0.0 | 0.0 
2021-09-30 01:52:32,126 - INFO - load | 1 | (0.05, 0.4) | 1000 | 0 | set() | 0| 0.0 | 0.0 
2021-09-30 01:52:32,129 - INFO - load | 1 | (0.05, 0.45) | 1000 | 0 | set() | 0| 0.0 | 0.0 
2021-09-30 01:52:32,131 - INFO - load | 1 | (0.05, 0.5) | 1000 | 0 | set() | 0| 0.0 | 0.0 
2021-09-30 01:52:32,133 - INFO - load | 1 | (0.05, 0.55) | 1000 | 0 | set() | 0| 0.0 | 0.0 
2021-09-30 01:52:32,136 - INFO - load | 1 | (0.05, 0.6000000000000001) | 1000 | 0 | set() | 0| 0.0 | 0.0 
2021-09-30 01:52:32,139 - INFO - load | 1 | (0.05, 0.65) | 1000 | 0 | set() | 0| 0.0 | 0.0 
2021-09-30 01:52:32,141 - INFO - load | 1 | (0.05, 0.7000000000000001) | 1000 | 0 | set() | 0| 0.0 | 0.0 
2021-09-30 01:52:32,147 - INFO - load | 1 | (0.05, 0.75) | 1000 | 0 | set() | 0| 0.0 | 0.0 
2021-09-30 01:52:32,149 - INFO - load | 1 | (0.05, 0.8) | 1000 | 0 | set() | 0| 0.0 | 0.0 
2021-09-30 01:52:32,152 - INFO - load | 1 | (0.05, 0.8500000000000001) | 1000 | 0 | set() | 0| 0.0 | 0.0 
2021-09-30 01:52:32,154 - INFO - load | 1 | (0.05, 0.9) | 1000 | 0 | set() | 0| 0.0 | 0.0 
2021-09-30 01:52:32,156 - INFO - load | 1 | (0.05, 0.9500000000000001) | 1000 | 0 | set() | 0| 0.0 | 0.0 
2021-09-30 01:52:32,159 - INFO - load | 1 | (0.05, 1.0) | 1000 | 0 | set() | 0| 0.0 | 0.0 
2021-09-30 01:52:32,161 - INFO - load | 1 | (0.1, 0.0) | 1000 | 0 | set() | 0| 0.0 | 0.0 
2021-09-30 01:52:32,164 - INFO - load | 1 | (0.1, 0.05) | 1000 | 0 | set() | 0| 0.0 | 0.0 
2021-09-30 01:52:32,166 - INFO - load | 1 | (0.1, 0.1) | 1000 | 0 | set() | 0| 0.0 | 0.0 
2021-09-30 01:52:32,174 - INFO - load | 1 | (0.1, 0.15000000000000002) | 1000 | 0 | set() | 0| 0.0 | 0.0 
2021-09-30 01:52:32,179 - INFO - load | 1 | (0.1, 0.2) | 1000 | 0 | set() | 0| 0.0 | 0.0 
2021-09-30 01:52:32,181 - INFO - load | 1 | (0.1, 0.25) | 1000 | 0 | set() | 0| 0.0 | 0.0 
2021-09-30 01:52:32,188 - INFO - load | 1 | (0.1, 0.30000000000000004) | 1000 | 0 | set() | 0| 0.0 | 0.0 
2021-09-30 01:52:32,191 - INFO - load | 1 | (0.1, 0.35000000000000003) | 1000 | 0 | set() | 0| 0.0 | 0.0 
2021-09-30 01:52:32,193 - INFO - load | 1 | (0.1, 0.4) | 1000 | 0 | set() | 0| 0.0 | 0.0 
2021-09-30 01:52:32,196 - INFO - load | 1 | (0.1, 0.45) | 1000 | 0 | set() | 0| 0.0 | 0.0 
2021-09-30 01:52:32,199 - INFO - load | 1 | (0.1, 0.5) | 1000 | 0 | set() | 0| 0.0 | 0.0 
2021-09-30 01:52:32,202 - INFO - load | 1 | (0.1, 0.55) | 1000 | 0 | set() | 0| 0.0 | 0.0 
2021-09-30 01:52:32,204 - INFO - load | 1 | (0.1, 0.6000000000000001) | 1000 | 0 | set() | 0| 0.0 | 0.0 
2021-09-30 01:52:32,207 - INFO - load | 1 | (0.1, 0.65) | 1000 | 0 | set() | 0| 0.0 | 0.0 
2021-09-30 01:52:32,209 - INFO - load | 1 | (0.1, 0.7000000000000001) | 1000 | 0 | set() | 0| 0.0 | 0.0 
2021-09-30 01:52:32,214 - INFO - load | 1 | (0.1, 0.75) | 1000 | 0 | set() | 0| 0.0 | 0.0 
2021-09-30 01:52:32,217 - INFO - load | 1 | (0.1, 0.8) | 1000 | 0 | set() | 0| 0.0 | 0.0 
2021-09-30 01:52:32,220 - INFO - load | 1 | (0.1, 0.8500000000000001) | 1000 | 0 | set() | 0| 0.0 | 0.0 
2021-09-30 01:52:32,223 - INFO - load | 1 | (0.1, 0.9) | 1000 | 0 | set() | 0| 0.0 | 0.0 
2021-09-30 01:52:32,226 - INFO - load | 1 | (0.1, 0.9500000000000001) | 1000 | 0 | set() | 0| 0.0 | 0.0 
2021-09-30 01:52:32,228 - INFO - load | 1 | (0.1, 1.0) | 1000 | 0 | set() | 0| 0.0 | 0.0 
2021-09-30 01:52:32,959 - INFO - compute | 1 | (0.15000000000000002, 0.0) | 214 | 0 | set() | 0| 0.0 | 0.0 
2021-09-30 01:52:33,059 - INFO - load | 1 | (0.15000000000000002, 0.05) | 214 | 0 | set() | 0| 0.0 | 0.0 
2021-09-30 01:52:33,151 - INFO - load | 1 | (0.15000000000000002, 0.1) | 214 | 0 | set() | 0| 0.0 | 0.0 
2021-09-30 01:52:33,244 - INFO - load | 1 | (0.15000000000000002, 0.15000000000000002) | 214 | 0 | set() | 0| 0.0 | 0.0 
2021-09-30 01:52:33,334 - INFO - load | 1 | (0.15000000000000002, 0.2) | 214 | 0 | set() | 0| 0.0 | 0.0 
2021-09-30 01:52:33,416 - INFO - load | 1 | (0.15000000000000002, 0.25) | 214 | 0 | set() | 0| 0.0 | 0.0 
2021-09-30 01:52:33,496 - INFO - load | 1 | (0.15000000000000002, 0.30000000000000004) | 214 | 0 | set() | 0| 0.0 | 0.0 
2021-09-30 01:52:33,582 - INFO - load | 1 | (0.15000000000000002, 0.35000000000000003) | 214 | 0 | set() | 0| 0.0 | 0.0 
2021-09-30 01:52:33,669 - INFO - load | 1 | (0.15000000000000002, 0.4) | 214 | 0 | set() | 0| 0.0 | 0.0 
2021-09-30 01:52:33,755 - INFO - load | 1 | (0.15000000000000002, 0.45) | 214 | 0 | set() | 0| 0.0 | 0.0 
2021-09-30 01:52:33,858 - INFO - load | 1 | (0.15000000000000002, 0.5) | 214 | 0 | set() | 0| 0.0 | 0.0 
2021-09-30 01:52:33,948 - INFO - load | 1 | (0.15000000000000002, 0.55) | 214 | 0 | set() | 0| 0.0 | 0.0 
2021-09-30 01:52:34,041 - INFO - load | 1 | (0.15000000000000002, 0.6000000000000001) | 214 | 0 | set() | 0| 0.0 | 0.0 
2021-09-30 01:52:34,138 - INFO - load | 1 | (0.15000000000000002, 0.65) | 214 | 0 | set() | 0| 0.0 | 0.0 
2021-09-30 01:52:34,227 - INFO - load | 1 | (0.15000000000000002, 0.7000000000000001) | 214 | 0 | set() | 0| 0.0 | 0.0 
2021-09-30 01:52:34,322 - INFO - load | 1 | (0.15000000000000002, 0.75) | 214 | 0 | set() | 0| 0.0 | 0.0 
2021-09-30 01:52:34,418 - INFO - load | 1 | (0.15000000000000002, 0.8) | 214 | 0 | set() | 0| 0.0 | 0.0 
2021-09-30 01:52:34,518 - INFO - load | 1 | (0.15000000000000002, 0.8500000000000001) | 214 | 0 | set() | 0| 0.0 | 0.0 
2021-09-30 01:52:34,622 - INFO - load | 1 | (0.15000000000000002, 0.9) | 214 | 0 | set() | 0| 0.0 | 0.0 
2021-09-30 01:52:34,720 - INFO - load | 1 | (0.15000000000000002, 0.9500000000000001) | 214 | 0 | set() | 0| 0.0 | 0.0 
2021-09-30 01:52:34,818 - INFO - load | 1 | (0.15000000000000002, 1.0) | 214 | 0 | set() | 0| 0.0 | 0.0 
2021-09-30 01:52:35,081 - INFO - compute | 1 | (0.2, 0.0) | 50 | 0 | set() | 0| 0.0 | 0.0 
2021-09-30 01:52:35,192 - INFO - load | 1 | (0.2, 0.05) | 50 | 0 | set() | 0| 0.0 | 0.0 
2021-09-30 01:52:35,306 - INFO - load | 1 | (0.2, 0.1) | 50 | 0 | set() | 0| 0.0 | 0.0 
2021-09-30 01:52:35,426 - INFO - load | 1 | (0.2, 0.15000000000000002) | 50 | 0 | set() | 0| 0.0 | 0.0 
2021-09-30 01:52:35,550 - INFO - load | 1 | (0.2, 0.2) | 50 | 0 | set() | 0| 0.0 | 0.0 
2021-09-30 01:52:35,665 - INFO - load | 1 | (0.2, 0.25) | 50 | 0 | set() | 0| 0.0 | 0.0 
2021-09-30 01:52:35,775 - INFO - load | 1 | (0.2, 0.30000000000000004) | 50 | 0 | set() | 0| 0.0 | 0.0 
2021-09-30 01:52:35,896 - INFO - load | 1 | (0.2, 0.35000000000000003) | 50 | 0 | set() | 0| 0.0 | 0.0 
2021-09-30 01:52:36,010 - INFO - load | 1 | (0.2, 0.4) | 50 | 0 | set() | 0| 0.0 | 0.0 
2021-09-30 01:52:36,124 - INFO - load | 1 | (0.2, 0.45) | 50 | 0 | set() | 0| 0.0 | 0.0 
2021-09-30 01:52:36,229 - INFO - load | 1 | (0.2, 0.5) | 50 | 0 | set() | 0| 0.0 | 0.0 
2021-09-30 01:52:36,328 - INFO - load | 1 | (0.2, 0.55) | 50 | 0 | set() | 0| 0.0 | 0.0 
2021-09-30 01:52:36,444 - INFO - load | 1 | (0.2, 0.6000000000000001) | 50 | 0 | set() | 0| 0.0 | 0.0 
2021-09-30 01:52:36,559 - INFO - load | 1 | (0.2, 0.65) | 50 | 0 | set() | 0| 0.0 | 0.0 
2021-09-30 01:52:36,674 - INFO - load | 1 | (0.2, 0.7000000000000001) | 50 | 0 | set() | 0| 0.0 | 0.0 
2021-09-30 01:52:36,790 - INFO - load | 1 | (0.2, 0.75) | 50 | 0 | set() | 0| 0.0 | 0.0 
2021-09-30 01:52:36,909 - INFO - load | 1 | (0.2, 0.8) | 50 | 0 | set() | 0| 0.0 | 0.0 
2021-09-30 01:52:37,022 - INFO - load | 1 | (0.2, 0.8500000000000001) | 50 | 0 | set() | 0| 0.0 | 0.0 
2021-09-30 01:52:37,145 - INFO - load | 1 | (0.2, 0.9) | 50 | 0 | set() | 0| 0.0 | 0.0 
2021-09-30 01:52:37,257 - INFO - load | 1 | (0.2, 0.9500000000000001) | 50 | 0 | set() | 0| 0.0 | 0.0 
2021-09-30 01:52:37,370 - INFO - load | 1 | (0.2, 1.0) | 50 | 0 | set() | 0| 0.0 | 0.0 
2021-09-30 01:52:37,550 - INFO - compute | 1 | (0.25, 0.0) | 21 | 0 | set() | 0| 0.0 | 0.0 
2021-09-30 01:52:37,694 - INFO - load | 1 | (0.25, 0.05) | 21 | 0 | set() | 0| 0.0 | 0.0 
2021-09-30 01:52:37,825 - INFO - load | 1 | (0.25, 0.1) | 21 | 0 | set() | 0| 0.0 | 0.0 
2021-09-30 01:52:37,959 - INFO - load | 1 | (0.25, 0.15000000000000002) | 21 | 0 | set() | 0| 0.0 | 0.0 
2021-09-30 01:52:38,080 - INFO - load | 1 | (0.25, 0.2) | 21 | 0 | set() | 0| 0.0 | 0.0 
2021-09-30 01:52:38,199 - INFO - load | 1 | (0.25, 0.25) | 21 | 0 | set() | 0| 0.0 | 0.0 
2021-09-30 01:52:38,327 - INFO - load | 1 | (0.25, 0.30000000000000004) | 21 | 0 | set() | 0| 0.0 | 0.0 
2021-09-30 01:52:38,459 - INFO - load | 1 | (0.25, 0.35000000000000003) | 21 | 0 | set() | 0| 0.0 | 0.0 
2021-09-30 01:52:38,585 - INFO - load | 1 | (0.25, 0.4) | 21 | 0 | set() | 0| 0.0 | 0.0 
2021-09-30 01:52:38,712 - INFO - load | 1 | (0.25, 0.45) | 21 | 0 | set() | 0| 0.0 | 0.0 
2021-09-30 01:52:38,843 - INFO - load | 1 | (0.25, 0.5) | 21 | 0 | set() | 0| 0.0 | 0.0 
2021-09-30 01:52:38,967 - INFO - load | 1 | (0.25, 0.55) | 21 | 0 | set() | 0| 0.0 | 0.0 
2021-09-30 01:52:39,092 - INFO - load | 1 | (0.25, 0.6000000000000001) | 21 | 0 | set() | 0| 0.0 | 0.0 
2021-09-30 01:52:39,221 - INFO - load | 1 | (0.25, 0.65) | 21 | 0 | set() | 0| 0.0 | 0.0 
2021-09-30 01:52:39,348 - INFO - load | 1 | (0.25, 0.7000000000000001) | 21 | 0 | set() | 0| 0.0 | 0.0 
2021-09-30 01:52:39,467 - INFO - load | 1 | (0.25, 0.75) | 21 | 0 | set() | 0| 0.0 | 0.0 
2021-09-30 01:52:39,598 - INFO - load | 1 | (0.25, 0.8) | 21 | 0 | set() | 0| 0.0 | 0.0 
2021-09-30 01:52:39,737 - INFO - load | 1 | (0.25, 0.8500000000000001) | 21 | 0 | set() | 0| 0.0 | 0.0 
2021-09-30 01:52:39,883 - INFO - load | 1 | (0.25, 0.9) | 21 | 0 | set() | 0| 0.0 | 0.0 
2021-09-30 01:52:40,032 - INFO - load | 1 | (0.25, 0.9500000000000001) | 21 | 0 | set() | 0| 0.0 | 0.0 
2021-09-30 01:52:40,180 - INFO - load | 1 | (0.25, 1.0) | 21 | 0 | set() | 0| 0.0 | 0.0 
2021-09-30 01:52:40,369 - INFO - compute | 1 | (0.30000000000000004, 0.0) | 7 | 0 | set() | 0| 0.0 | 0.0 
2021-09-30 01:52:40,546 - INFO - load | 1 | (0.30000000000000004, 0.05) | 7 | 0 | set() | 0| 0.0 | 0.0 
2021-09-30 01:52:40,720 - INFO - load | 1 | (0.30000000000000004, 0.1) | 7 | 0 | set() | 0| 0.0 | 0.0 
2021-09-30 01:52:40,877 - INFO - load | 1 | (0.30000000000000004, 0.15000000000000002) | 7 | 0 | set() | 0| 0.0 | 0.0 
2021-09-30 01:52:41,041 - INFO - load | 1 | (0.30000000000000004, 0.2) | 7 | 0 | set() | 0| 0.0 | 0.0 
2021-09-30 01:52:41,208 - INFO - load | 1 | (0.30000000000000004, 0.25) | 7 | 0 | set() | 0| 0.0 | 0.0 
2021-09-30 01:52:41,364 - INFO - load | 1 | (0.30000000000000004, 0.30000000000000004) | 7 | 0 | set() | 0| 0.0 | 0.0 
2021-09-30 01:52:41,512 - INFO - load | 1 | (0.30000000000000004, 0.35000000000000003) | 7 | 0 | set() | 0| 0.0 | 0.0 
2021-09-30 01:52:41,669 - INFO - load | 1 | (0.30000000000000004, 0.4) | 7 | 0 | set() | 0| 0.0 | 0.0 
2021-09-30 01:52:41,826 - INFO - load | 1 | (0.30000000000000004, 0.45) | 7 | 0 | set() | 0| 0.0 | 0.0 
2021-09-30 01:52:41,979 - INFO - load | 1 | (0.30000000000000004, 0.5) | 7 | 0 | set() | 0| 0.0 | 0.0 
2021-09-30 01:52:42,129 - INFO - load | 1 | (0.30000000000000004, 0.55) | 7 | 0 | set() | 0| 0.0 | 0.0 
2021-09-30 01:52:42,327 - INFO - load | 1 | (0.30000000000000004, 0.6000000000000001) | 7 | 0 | set() | 0| 0.0 | 0.0 
2021-09-30 01:52:42,487 - INFO - load | 1 | (0.30000000000000004, 0.65) | 7 | 0 | set() | 0| 0.0 | 0.0 
2021-09-30 01:52:42,636 - INFO - load | 1 | (0.30000000000000004, 0.7000000000000001) | 7 | 0 | set() | 0| 0.0 | 0.0 
2021-09-30 01:52:42,785 - INFO - load | 1 | (0.30000000000000004, 0.75) | 7 | 0 | set() | 0| 0.0 | 0.0 
2021-09-30 01:52:42,941 - INFO - load | 1 | (0.30000000000000004, 0.8) | 7 | 0 | set() | 0| 0.0 | 0.0 
2021-09-30 01:52:43,097 - INFO - load | 1 | (0.30000000000000004, 0.8500000000000001) | 7 | 0 | set() | 0| 0.0 | 0.0 
2021-09-30 01:52:43,244 - INFO - load | 1 | (0.30000000000000004, 0.9) | 7 | 0 | set() | 0| 0.0 | 0.0 
2021-09-30 01:52:43,391 - INFO - load | 1 | (0.30000000000000004, 0.9500000000000001) | 7 | 0 | set() | 0| 0.0 | 0.0 
2021-09-30 01:52:43,536 - INFO - load | 1 | (0.30000000000000004, 1.0) | 7 | 0 | set() | 0| 0.0 | 0.0 
2021-09-30 01:52:43,709 - INFO - compute | 1 | (0.35000000000000003, 0.0) | 4 | 0 | set() | 0| 0.0 | 0.0 
2021-09-30 01:52:43,870 - INFO - load | 1 | (0.35000000000000003, 0.05) | 4 | 0 | set() | 0| 0.0 | 0.0 
2021-09-30 01:52:44,041 - INFO - load | 1 | (0.35000000000000003, 0.1) | 4 | 0 | set() | 0| 0.0 | 0.0 
2021-09-30 01:52:44,213 - INFO - load | 1 | (0.35000000000000003, 0.15000000000000002) | 4 | 0 | set() | 0| 0.0 | 0.0 
2021-09-30 01:52:44,371 - INFO - load | 1 | (0.35000000000000003, 0.2) | 4 | 0 | set() | 0| 0.0 | 0.0 
2021-09-30 01:52:44,544 - INFO - load | 1 | (0.35000000000000003, 0.25) | 4 | 0 | set() | 0| 0.0 | 0.0 
2021-09-30 01:52:44,720 - INFO - load | 1 | (0.35000000000000003, 0.30000000000000004) | 4 | 0 | set() | 0| 0.0 | 0.0 
2021-09-30 01:52:44,889 - INFO - load | 1 | (0.35000000000000003, 0.35000000000000003) | 4 | 0 | set() | 0| 0.0 | 0.0 
2021-09-30 01:52:45,054 - INFO - load | 1 | (0.35000000000000003, 0.4) | 4 | 0 | set() | 0| 0.0 | 0.0 
2021-09-30 01:52:45,206 - INFO - load | 1 | (0.35000000000000003, 0.45) | 4 | 0 | set() | 0| 0.0 | 0.0 
2021-09-30 01:52:45,368 - INFO - load | 1 | (0.35000000000000003, 0.5) | 4 | 0 | set() | 0| 0.0 | 0.0 
2021-09-30 01:52:45,523 - INFO - load | 1 | (0.35000000000000003, 0.55) | 4 | 0 | set() | 0| 0.0 | 0.0 
2021-09-30 01:52:45,682 - INFO - load | 1 | (0.35000000000000003, 0.6000000000000001) | 4 | 0 | set() | 0| 0.0 | 0.0 
2021-09-30 01:52:45,859 - INFO - load | 1 | (0.35000000000000003, 0.65) | 4 | 0 | set() | 0| 0.0 | 0.0 
2021-09-30 01:52:46,057 - INFO - load | 1 | (0.35000000000000003, 0.7000000000000001) | 4 | 0 | set() | 0| 0.0 | 0.0 
2021-09-30 01:52:46,230 - INFO - load | 1 | (0.35000000000000003, 0.75) | 4 | 0 | set() | 0| 0.0 | 0.0 
2021-09-30 01:52:46,415 - INFO - load | 1 | (0.35000000000000003, 0.8) | 4 | 0 | set() | 0| 0.0 | 0.0 
2021-09-30 01:52:46,607 - INFO - load | 1 | (0.35000000000000003, 0.8500000000000001) | 4 | 0 | set() | 0| 0.0 | 0.0 
2021-09-30 01:52:46,782 - INFO - load | 1 | (0.35000000000000003, 0.9) | 4 | 0 | set() | 0| 0.0 | 0.0 
2021-09-30 01:52:46,954 - INFO - load | 1 | (0.35000000000000003, 0.9500000000000001) | 4 | 0 | set() | 0| 0.0 | 0.0 
2021-09-30 01:52:47,180 - INFO - compute | 1 | (0.35000000000000003, 1.0) | 4 | 1 | {20} | 128| 0.0 | 52.989114141839515 
2021-09-30 01:52:47,395 - INFO - compute | 1 | (0.4, 0.0) | 3 | 0 | set() | 0| 0.0 | 0.0 
2021-09-30 01:52:47,592 - INFO - load | 1 | (0.4, 0.05) | 3 | 0 | set() | 0| 0.0 | 0.0 
2021-09-30 01:52:47,799 - INFO - load | 1 | (0.4, 0.1) | 3 | 0 | set() | 0| 0.0 | 0.0 
2021-09-30 01:52:48,000 - INFO - load | 1 | (0.4, 0.15000000000000002) | 3 | 0 | set() | 0| 0.0 | 0.0 
2021-09-30 01:52:48,217 - INFO - load | 1 | (0.4, 0.2) | 3 | 0 | set() | 0| 0.0 | 0.0 
2021-09-30 01:52:48,410 - INFO - load | 1 | (0.4, 0.25) | 3 | 0 | set() | 0| 0.0 | 0.0 
2021-09-30 01:52:48,592 - INFO - load | 1 | (0.4, 0.30000000000000004) | 3 | 0 | set() | 0| 0.0 | 0.0 
2021-09-30 01:52:48,779 - INFO - load | 1 | (0.4, 0.35000000000000003) | 3 | 0 | set() | 0| 0.0 | 0.0 
2021-09-30 01:52:48,970 - INFO - load | 1 | (0.4, 0.4) | 3 | 0 | set() | 0| 0.0 | 0.0 
2021-09-30 01:52:49,153 - INFO - load | 1 | (0.4, 0.45) | 3 | 0 | set() | 0| 0.0 | 0.0 
2021-09-30 01:52:49,334 - INFO - load | 1 | (0.4, 0.5) | 3 | 0 | set() | 0| 0.0 | 0.0 
2021-09-30 01:52:49,539 - INFO - load | 1 | (0.4, 0.55) | 3 | 0 | set() | 0| 0.0 | 0.0 
2021-09-30 01:52:49,795 - INFO - load | 1 | (0.4, 0.6000000000000001) | 3 | 0 | set() | 0| 0.0 | 0.0 
2021-09-30 01:52:49,987 - INFO - load | 1 | (0.4, 0.65) | 3 | 0 | set() | 0| 0.0 | 0.0 
2021-09-30 01:52:50,185 - INFO - load | 1 | (0.4, 0.7000000000000001) | 3 | 0 | set() | 0| 0.0 | 0.0 
2021-09-30 01:52:50,369 - INFO - load | 1 | (0.4, 0.75) | 3 | 0 | set() | 0| 0.0 | 0.0 
2021-09-30 01:52:50,576 - INFO - load | 1 | (0.4, 0.8) | 3 | 0 | set() | 0| 0.0 | 0.0 
2021-09-30 01:52:50,805 - INFO - load | 1 | (0.4, 0.8500000000000001) | 3 | 0 | set() | 0| 0.0 | 0.0 
2021-09-30 01:52:51,095 - INFO - compute | 1 | (0.4, 0.9) | 3 | 1 | {20} | 78| 3.1199999999999983 | 34.704270498860424 
2021-09-30 01:52:51,378 - INFO - compute | 1 | (0.4, 0.9500000000000001) | 3 | 2 | (40,) | 75| 1.4999999999999971 | 36.232559649485665 
2021-09-30 01:52:51,641 - INFO - load | 1 | (0.4, 1.0) | 3 | 2 | (40,) | 75| 0.0 | 36.232559649485665 
2021-09-30 01:52:52,052 - INFO - compute | 1 | (0.45, 0.0) | 1 | 0 | set() | 0| 0.0 | 0.0 
2021-09-30 01:52:52,316 - INFO - load | 1 | (0.45, 0.05) | 1 | 0 | set() | 0| 0.0 | 0.0 
2021-09-30 01:52:52,560 - INFO - load | 1 | (0.45, 0.1) | 1 | 0 | set() | 0| 0.0 | 0.0 
2021-09-30 01:52:52,810 - INFO - load | 1 | (0.45, 0.15000000000000002) | 1 | 0 | set() | 0| 0.0 | 0.0 
2021-09-30 01:52:53,045 - INFO - load | 1 | (0.45, 0.2) | 1 | 0 | set() | 0| 0.0 | 0.0 
2021-09-30 01:52:53,300 - INFO - load | 1 | (0.45, 0.25) | 1 | 0 | set() | 0| 0.0 | 0.0 
2021-09-30 01:52:53,548 - INFO - load | 1 | (0.45, 0.30000000000000004) | 1 | 0 | set() | 0| 0.0 | 0.0 
2021-09-30 01:52:53,824 - INFO - load | 1 | (0.45, 0.35000000000000003) | 1 | 0 | set() | 0| 0.0 | 0.0 
2021-09-30 01:52:54,059 - INFO - load | 1 | (0.45, 0.4) | 1 | 0 | set() | 0| 0.0 | 0.0 
2021-09-30 01:52:54,319 - INFO - load | 1 | (0.45, 0.45) | 1 | 0 | set() | 0| 0.0 | 0.0 
2021-09-30 01:52:54,584 - INFO - load | 1 | (0.45, 0.5) | 1 | 0 | set() | 0| 0.0 | 0.0 
2021-09-30 01:52:54,824 - INFO - load | 1 | (0.45, 0.55) | 1 | 0 | set() | 0| 0.0 | 0.0 
2021-09-30 01:52:55,073 - INFO - load | 1 | (0.45, 0.6000000000000001) | 1 | 0 | set() | 0| 0.0 | 0.0 
2021-09-30 01:52:55,345 - INFO - load | 1 | (0.45, 0.65) | 1 | 0 | set() | 0| 0.0 | 0.0 
2021-09-30 01:52:55,579 - INFO - load | 1 | (0.45, 0.7000000000000001) | 1 | 0 | set() | 0| 0.0 | 0.0 
2021-09-30 01:52:55,810 - INFO - load | 1 | (0.45, 0.75) | 1 | 0 | set() | 0| 0.0 | 0.0 
2021-09-30 01:52:56,083 - INFO - compute | 1 | (0.45, 0.8) | 1 | 1 | {20} | 0| 0.0 | 0.0 
2021-09-30 01:52:56,386 - INFO - compute | 1 | (0.45, 0.8500000000000001) | 1 | 2 | (40,) | 13| 0.8774999999999993 | 8.718233944604595 
2021-09-30 01:52:56,647 - INFO - load | 1 | (0.45, 0.9) | 1 | 2 | (40,) | 13| 0.5849999999999997 | 8.718233944604595 
2021-09-30 01:52:56,938 - INFO - compute | 1 | (0.45, 0.9500000000000001) | 1 | 3 | (25,) | 49| 1.1024999999999983 | 32.86103563735578 
2021-09-30 01:52:57,170 - INFO - load | 1 | (0.45, 1.0) | 1 | 3 | (25,) | 49| 0.0 | 32.86103563735578 
2021-09-30 01:52:57,393 - INFO - load | 1 | (0.5, 0.0) | 1 | 0 | set() | 0| 0.0 | 0.0 
2021-09-30 01:52:57,649 - INFO - load | 1 | (0.5, 0.05) | 1 | 0 | set() | 0| 0.0 | 0.0 
2021-09-30 01:52:57,896 - INFO - load | 1 | (0.5, 0.1) | 1 | 0 | set() | 0| 0.0 | 0.0 
2021-09-30 01:52:58,194 - INFO - load | 1 | (0.5, 0.15000000000000002) | 1 | 0 | set() | 0| 0.0 | 0.0 
2021-09-30 01:52:58,489 - INFO - load | 1 | (0.5, 0.2) | 1 | 0 | set() | 0| 0.0 | 0.0 
2021-09-30 01:52:58,747 - INFO - load | 1 | (0.5, 0.25) | 1 | 0 | set() | 0| 0.0 | 0.0 
2021-09-30 01:52:58,993 - INFO - load | 1 | (0.5, 0.30000000000000004) | 1 | 0 | set() | 0| 0.0 | 0.0 
2021-09-30 01:52:59,227 - INFO - load | 1 | (0.5, 0.35000000000000003) | 1 | 0 | set() | 0| 0.0 | 0.0 
2021-09-30 01:52:59,444 - INFO - load | 1 | (0.5, 0.4) | 1 | 0 | set() | 0| 0.0 | 0.0 
2021-09-30 01:52:59,667 - INFO - load | 1 | (0.5, 0.45) | 1 | 0 | set() | 0| 0.0 | 0.0 
2021-09-30 01:52:59,905 - INFO - load | 1 | (0.5, 0.5) | 1 | 0 | set() | 0| 0.0 | 0.0 
2021-09-30 01:53:00,127 - INFO - load | 1 | (0.5, 0.55) | 1 | 0 | set() | 0| 0.0 | 0.0 
2021-09-30 01:53:00,349 - INFO - load | 1 | (0.5, 0.6000000000000001) | 1 | 0 | set() | 0| 0.0 | 0.0 
2021-09-30 01:53:00,556 - INFO - load | 1 | (0.5, 0.65) | 1 | 0 | set() | 0| 0.0 | 0.0 
2021-09-30 01:53:00,794 - INFO - load | 1 | (0.5, 0.7000000000000001) | 1 | 1 | {20} | 0| 0.0 | 0.0 
2021-09-30 01:53:01,058 - INFO - load | 1 | (0.5, 0.75) | 1 | 2 | (40,) | 13| 1.625 | 8.718233944604595 
2021-09-30 01:53:01,366 - INFO - load | 1 | (0.5, 0.8) | 1 | 2 | (40,) | 13| 1.2999999999999998 | 8.718233944604595 
2021-09-30 01:53:01,608 - INFO - load | 1 | (0.5, 0.8500000000000001) | 1 | 3 | (25,) | 49| 3.674999999999998 | 32.86103563735578 
2021-09-30 01:53:01,912 - INFO - load | 1 | (0.5, 0.9) | 1 | 3 | (25,) | 49| 2.4499999999999993 | 32.86103563735578 
2021-09-30 01:53:02,232 - INFO - load | 1 | (0.5, 0.9500000000000001) | 1 | 3 | (25,) | 49| 1.2249999999999983 | 32.86103563735578 
2021-09-30 01:53:02,504 - INFO - compute | 1 | (0.5, 1.0) | 1 | 4 | (25,) | 49| 0.0 | 32.86103563735578 
2021-09-30 01:53:02,711 - INFO - load | 1 | (0.55, 0.0) | 1 | 0 | set() | 0| 0.0 | 0.0 
2021-09-30 01:53:02,928 - INFO - load | 1 | (0.55, 0.05) | 1 | 0 | set() | 0| 0.0 | 0.0 
2021-09-30 01:53:03,140 - INFO - load | 1 | (0.55, 0.1) | 1 | 0 | set() | 0| 0.0 | 0.0 
2021-09-30 01:53:03,360 - INFO - load | 1 | (0.55, 0.15000000000000002) | 1 | 0 | set() | 0| 0.0 | 0.0 
2021-09-30 01:53:03,570 - INFO - load | 1 | (0.55, 0.2) | 1 | 0 | set() | 0| 0.0 | 0.0 
2021-09-30 01:53:03,777 - INFO - load | 1 | (0.55, 0.25) | 1 | 0 | set() | 0| 0.0 | 0.0 
2021-09-30 01:53:03,988 - INFO - load | 1 | (0.55, 0.30000000000000004) | 1 | 0 | set() | 0| 0.0 | 0.0 
2021-09-30 01:53:04,204 - INFO - load | 1 | (0.55, 0.35000000000000003) | 1 | 0 | set() | 0| 0.0 | 0.0 
2021-09-30 01:53:04,406 - INFO - load | 1 | (0.55, 0.4) | 1 | 0 | set() | 0| 0.0 | 0.0 
2021-09-30 01:53:04,621 - INFO - load | 1 | (0.55, 0.45) | 1 | 0 | set() | 0| 0.0 | 0.0 
2021-09-30 01:53:04,822 - INFO - load | 1 | (0.55, 0.5) | 1 | 0 | set() | 0| 0.0 | 0.0 
2021-09-30 01:53:05,033 - INFO - load | 1 | (0.55, 0.55) | 1 | 0 | set() | 0| 0.0 | 0.0 
2021-09-30 01:53:05,259 - INFO - load | 1 | (0.55, 0.6000000000000001) | 1 | 0 | set() | 0| 0.0 | 0.0 
2021-09-30 01:53:05,514 - INFO - load | 1 | (0.55, 0.65) | 1 | 1 | {20} | 0| 0.0 | 0.0 
2021-09-30 01:53:05,774 - INFO - load | 1 | (0.55, 0.7000000000000001) | 1 | 2 | (40,) | 13| 2.1449999999999996 | 8.718233944604595 
2021-09-30 01:53:06,007 - INFO - load | 1 | (0.55, 0.75) | 1 | 2 | (40,) | 13| 1.7875 | 8.718233944604595 
2021-09-30 01:53:06,268 - INFO - load | 1 | (0.55, 0.8) | 1 | 3 | (25,) | 49| 5.39 | 32.86103563735578 
2021-09-30 01:53:06,501 - INFO - load | 1 | (0.55, 0.8500000000000001) | 1 | 3 | (25,) | 49| 4.042499999999998 | 32.86103563735578 
2021-09-30 01:53:06,777 - INFO - load | 1 | (0.55, 0.9) | 1 | 4 | (25,) | 49| 2.695 | 32.86103563735578 
2021-09-30 01:53:07,053 - INFO - load | 1 | (0.55, 0.9500000000000001) | 1 | 4 | (25,) | 49| 1.3474999999999984 | 32.86103563735578 
2021-09-30 01:53:07,371 - INFO - compute | 1 | (0.55, 1.0) | 1 | 5 | (25,) | 49| 0.0 | 32.86103563735578 
2021-09-30 01:53:07,607 - INFO - load | 1 | (0.6000000000000001, 0.0) | 1 | 0 | set() | 0| 0.0 | 0.0 
2021-09-30 01:53:07,830 - INFO - load | 1 | (0.6000000000000001, 0.05) | 1 | 0 | set() | 0| 0.0 | 0.0 
2021-09-30 01:53:08,064 - INFO - load | 1 | (0.6000000000000001, 0.1) | 1 | 0 | set() | 0| 0.0 | 0.0 
2021-09-30 01:53:08,297 - INFO - load | 1 | (0.6000000000000001, 0.15000000000000002) | 1 | 0 | set() | 0| 0.0 | 0.0 
2021-09-30 01:53:08,518 - INFO - load | 1 | (0.6000000000000001, 0.2) | 1 | 0 | set() | 0| 0.0 | 0.0 
2021-09-30 01:53:08,737 - INFO - load | 1 | (0.6000000000000001, 0.25) | 1 | 0 | set() | 0| 0.0 | 0.0 
2021-09-30 01:53:08,956 - INFO - load | 1 | (0.6000000000000001, 0.30000000000000004) | 1 | 0 | set() | 0| 0.0 | 0.0 
2021-09-30 01:53:09,158 - INFO - load | 1 | (0.6000000000000001, 0.35000000000000003) | 1 | 0 | set() | 0| 0.0 | 0.0 
2021-09-30 01:53:09,378 - INFO - load | 1 | (0.6000000000000001, 0.4) | 1 | 0 | set() | 0| 0.0 | 0.0 
2021-09-30 01:53:09,592 - INFO - load | 1 | (0.6000000000000001, 0.45) | 1 | 0 | set() | 0| 0.0 | 0.0 
2021-09-30 01:53:09,808 - INFO - load | 1 | (0.6000000000000001, 0.5) | 1 | 0 | set() | 0| 0.0 | 0.0 
2021-09-30 01:53:10,001 - INFO - load | 1 | (0.6000000000000001, 0.55) | 1 | 0 | set() | 0| 0.0 | 0.0 
2021-09-30 01:53:10,217 - INFO - load | 1 | (0.6000000000000001, 0.6000000000000001) | 1 | 1 | {20} | 0| 0.0 | 0.0 
2021-09-30 01:53:10,435 - INFO - load | 1 | (0.6000000000000001, 0.65) | 1 | 2 | (40,) | 13| 2.7300000000000004 | 8.718233944604595 
2021-09-30 01:53:10,666 - INFO - load | 1 | (0.6000000000000001, 0.7000000000000001) | 1 | 3 | (25,) | 49| 8.82 | 32.86103563735578 
2021-09-30 01:53:10,906 - INFO - load | 1 | (0.6000000000000001, 0.75) | 1 | 3 | (25,) | 49| 7.350000000000001 | 32.86103563735578 
2021-09-30 01:53:11,133 - INFO - load | 1 | (0.6000000000000001, 0.8) | 1 | 3 | (25,) | 49| 5.88 | 32.86103563735578 
2021-09-30 01:53:11,381 - INFO - load | 1 | (0.6000000000000001, 0.8500000000000001) | 1 | 4 | (25,) | 49| 4.409999999999998 | 32.86103563735578 
2021-09-30 01:53:11,637 - INFO - load | 1 | (0.6000000000000001, 0.9) | 1 | 5 | (25,) | 49| 2.9399999999999973 | 32.86103563735578 
2021-09-30 01:53:11,919 - INFO - load | 1 | (0.6000000000000001, 0.9500000000000001) | 1 | 5 | (25,) | 49| 1.4699999999999958 | 32.86103563735578 
2021-09-30 01:53:12,208 - INFO - load | 1 | (0.6000000000000001, 1.0) | 1 | 5 | (25,) | 49| 0.0 | 32.86103563735578 
2021-09-30 01:53:12,416 - INFO - load | 1 | (0.65, 0.0) | 1 | 0 | set() | 0| 0.0 | 0.0 
2021-09-30 01:53:12,619 - INFO - load | 1 | (0.65, 0.05) | 1 | 0 | set() | 0| 0.0 | 0.0 
2021-09-30 01:53:12,837 - INFO - load | 1 | (0.65, 0.1) | 1 | 0 | set() | 0| 0.0 | 0.0 
2021-09-30 01:53:13,068 - INFO - load | 1 | (0.65, 0.15000000000000002) | 1 | 0 | set() | 0| 0.0 | 0.0 
2021-09-30 01:53:13,294 - INFO - load | 1 | (0.65, 0.2) | 1 | 0 | set() | 0| 0.0 | 0.0 
2021-09-30 01:53:13,536 - INFO - load | 1 | (0.65, 0.25) | 1 | 0 | set() | 0| 0.0 | 0.0 
2021-09-30 01:53:13,796 - INFO - load | 1 | (0.65, 0.30000000000000004) | 1 | 0 | set() | 0| 0.0 | 0.0 
2021-09-30 01:53:14,024 - INFO - load | 1 | (0.65, 0.35000000000000003) | 1 | 0 | set() | 0| 0.0 | 0.0 
2021-09-30 01:53:14,246 - INFO - load | 1 | (0.65, 0.4) | 1 | 0 | set() | 0| 0.0 | 0.0 
2021-09-30 01:53:14,475 - INFO - load | 1 | (0.65, 0.45) | 1 | 0 | set() | 0| 0.0 | 0.0 
2021-09-30 01:53:14,697 - INFO - load | 1 | (0.65, 0.5) | 1 | 0 | set() | 0| 0.0 | 0.0 
2021-09-30 01:53:14,931 - INFO - load | 1 | (0.65, 0.55) | 1 | 1 | {20} | 0| 0.0 | 0.0 
2021-09-30 01:53:15,183 - INFO - load | 1 | (0.65, 0.6000000000000001) | 1 | 2 | (40,) | 13| 3.3799999999999994 | 8.718233944604595 
2021-09-30 01:53:15,437 - INFO - load | 1 | (0.65, 0.65) | 1 | 3 | (25,) | 49| 11.147499999999999 | 32.86103563735578 
2021-09-30 01:53:15,673 - INFO - load | 1 | (0.65, 0.7000000000000001) | 1 | 3 | (25,) | 49| 9.554999999999998 | 32.86103563735578 
2021-09-30 01:53:15,906 - INFO - load | 1 | (0.65, 0.75) | 1 | 3 | (25,) | 49| 7.962499999999999 | 32.86103563735578 
2021-09-30 01:53:16,169 - INFO - load | 1 | (0.65, 0.8) | 1 | 4 | (25,) | 49| 6.37 | 32.86103563735578 
2021-09-30 01:53:16,437 - INFO - load | 1 | (0.65, 0.8500000000000001) | 1 | 5 | (25,) | 49| 4.777499999999996 | 32.86103563735578 
2021-09-30 01:53:16,735 - INFO - load | 1 | (0.65, 0.9) | 1 | 5 | (25,) | 49| 3.1849999999999974 | 32.86103563735578 
2021-09-30 01:53:17,012 - INFO - load | 1 | (0.65, 0.9500000000000001) | 1 | 5 | (25,) | 49| 1.5924999999999987 | 32.86103563735578 
2021-09-30 01:53:17,359 - INFO - compute | 1 | (0.65, 1.0) | 1 | 7 | (25,) | 49| 0.0 | 32.86103563735578 
2021-09-30 01:53:17,690 - INFO - compute | 1 | (0.7000000000000001, 0.0) | 0 | 0 | set() | 0| 0.0 | 0 
2021-09-30 01:53:17,999 - INFO - load | 1 | (0.7000000000000001, 0.05) | 0 | 0 | set() | 0| 0.0 | 0 
2021-09-30 01:53:18,318 - INFO - load | 1 | (0.7000000000000001, 0.1) | 0 | 0 | set() | 0| 0.0 | 0 
2021-09-30 01:53:18,626 - INFO - load | 1 | (0.7000000000000001, 0.15000000000000002) | 0 | 0 | set() | 0| 0.0 | 0 
2021-09-30 01:53:18,927 - INFO - load | 1 | (0.7000000000000001, 0.2) | 0 | 0 | set() | 0| 0.0 | 0 
2021-09-30 01:53:19,237 - INFO - load | 1 | (0.7000000000000001, 0.25) | 0 | 0 | set() | 0| 0.0 | 0 
2021-09-30 01:53:19,544 - INFO - load | 1 | (0.7000000000000001, 0.30000000000000004) | 0 | 0 | set() | 0| 0.0 | 0 
2021-09-30 01:53:19,846 - INFO - load | 1 | (0.7000000000000001, 0.35000000000000003) | 0 | 0 | set() | 0| 0.0 | 0 
2021-09-30 01:53:20,161 - INFO - load | 1 | (0.7000000000000001, 0.4) | 0 | 0 | set() | 0| 0.0 | 0 
2021-09-30 01:53:20,456 - INFO - load | 1 | (0.7000000000000001, 0.45) | 0 | 0 | set() | 0| 0.0 | 0 
2021-09-30 01:53:20,806 - INFO - compute | 1 | (0.7000000000000001, 0.5) | 0 | 1 | {20} | 0| 0.0 | 0 
2021-09-30 01:53:21,168 - INFO - compute | 1 | (0.7000000000000001, 0.55) | 0 | 2 | (40,) | 0| 0.0 | 0 
2021-09-30 01:53:21,550 - INFO - compute | 1 | (0.7000000000000001, 0.6000000000000001) | 0 | 3 | (40,) | 0| 0.0 | 0 
2021-09-30 01:53:21,925 - INFO - load | 1 | (0.7000000000000001, 0.65) | 0 | 3 | (40,) | 0| 0.0 | 0 
2021-09-30 01:53:22,283 - INFO - load | 1 | (0.7000000000000001, 0.7000000000000001) | 0 | 3 | (40,) | 0| 0.0 | 0 
2021-09-30 01:53:22,676 - INFO - compute | 1 | (0.7000000000000001, 0.75) | 0 | 4 | (62,) | 0| 0.0 | 0 
2021-09-30 01:53:23,054 - INFO - compute | 1 | (0.7000000000000001, 0.8) | 0 | 5 | (62,) | 0| 0.0 | 0 
2021-09-30 01:53:23,416 - INFO - load | 1 | (0.7000000000000001, 0.8500000000000001) | 0 | 5 | (62,) | 0| 0.0 | 0 
2021-09-30 01:53:23,778 - INFO - compute | 1 | (0.7000000000000001, 0.9) | 0 | 6 | (62,) | 0| 0.0 | 0 
2021-09-30 01:53:24,137 - INFO - compute | 1 | (0.7000000000000001, 0.9500000000000001) | 0 | 8 | (480,) | 0| 0.0 | 0 
2021-09-30 01:53:24,515 - INFO - compute | 1 | (0.7000000000000001, 1.0) | 0 | 9 | (480,) | 0| 0.0 | 0 
2021-09-30 01:53:24,838 - INFO - load | 1 | (0.75, 0.0) | 0 | 0 | set() | 0| 0.0 | 0 
2021-09-30 01:53:25,182 - INFO - load | 1 | (0.75, 0.05) | 0 | 0 | set() | 0| 0.0 | 0 
2021-09-30 01:53:25,507 - INFO - load | 1 | (0.75, 0.1) | 0 | 0 | set() | 0| 0.0 | 0 
2021-09-30 01:53:25,830 - INFO - load | 1 | (0.75, 0.15000000000000002) | 0 | 0 | set() | 0| 0.0 | 0 
2021-09-30 01:53:26,162 - INFO - load | 1 | (0.75, 0.2) | 0 | 0 | set() | 0| 0.0 | 0 
2021-09-30 01:53:26,518 - INFO - load | 1 | (0.75, 0.25) | 0 | 0 | set() | 0| 0.0 | 0 
2021-09-30 01:53:26,842 - INFO - load | 1 | (0.75, 0.30000000000000004) | 0 | 0 | set() | 0| 0.0 | 0 
2021-09-30 01:53:27,237 - INFO - load | 1 | (0.75, 0.35000000000000003) | 0 | 0 | set() | 0| 0.0 | 0 
2021-09-30 01:53:27,574 - INFO - load | 1 | (0.75, 0.4) | 0 | 0 | set() | 0| 0.0 | 0 
2021-09-30 01:53:27,909 - INFO - load | 1 | (0.75, 0.45) | 0 | 0 | set() | 0| 0.0 | 0 
2021-09-30 01:53:28,249 - INFO - load | 1 | (0.75, 0.5) | 0 | 2 | (40,) | 0| 0.0 | 0 
2021-09-30 01:53:28,616 - INFO - load | 1 | (0.75, 0.55) | 0 | 2 | (40,) | 0| 0.0 | 0 
2021-09-30 01:53:28,973 - INFO - load | 1 | (0.75, 0.6000000000000001) | 0 | 3 | (40,) | 0| 0.0 | 0 
2021-09-30 01:53:29,357 - INFO - load | 1 | (0.75, 0.65) | 0 | 3 | (40,) | 0| 0.0 | 0 
2021-09-30 01:53:29,729 - INFO - load | 1 | (0.75, 0.7000000000000001) | 0 | 4 | (62,) | 0| 0.0 | 0 
2021-09-30 01:53:30,099 - INFO - load | 1 | (0.75, 0.75) | 0 | 5 | (62,) | 0| 0.0 | 0 
2021-09-30 01:53:30,448 - INFO - load | 1 | (0.75, 0.8) | 0 | 5 | (62,) | 0| 0.0 | 0 
2021-09-30 01:53:30,808 - INFO - load | 1 | (0.75, 0.8500000000000001) | 0 | 6 | (62,) | 0| 0.0 | 0 
2021-09-30 01:53:31,203 - INFO - load | 1 | (0.75, 0.9) | 0 | 8 | (480,) | 0| 0.0 | 0 
2021-09-30 01:53:31,585 - INFO - compute | 1 | (0.75, 0.9500000000000001) | 0 | 12 | (480,) | 0| 0.0 | 0 
2021-09-30 01:53:31,959 - INFO - compute | 1 | (0.75, 1.0) | 0 | 22 | (2535,) | 0| 0.0 | 0 
2021-09-30 01:53:32,292 - INFO - load | 1 | (0.8, 0.0) | 0 | 0 | set() | 0| 0.0 | 0 
2021-09-30 01:53:32,619 - INFO - load | 1 | (0.8, 0.05) | 0 | 0 | set() | 0| 0.0 | 0 
2021-09-30 01:53:32,957 - INFO - load | 1 | (0.8, 0.1) | 0 | 0 | set() | 0| 0.0 | 0 
2021-09-30 01:53:33,298 - INFO - load | 1 | (0.8, 0.15000000000000002) | 0 | 0 | set() | 0| 0.0 | 0 
2021-09-30 01:53:33,640 - INFO - load | 1 | (0.8, 0.2) | 0 | 0 | set() | 0| 0.0 | 0 
2021-09-30 01:53:34,113 - INFO - load | 1 | (0.8, 0.25) | 0 | 0 | set() | 0| 0.0 | 0 
2021-09-30 01:53:34,460 - INFO - load | 1 | (0.8, 0.30000000000000004) | 0 | 0 | set() | 0| 0.0 | 0 
2021-09-30 01:53:34,790 - INFO - load | 1 | (0.8, 0.35000000000000003) | 0 | 0 | set() | 0| 0.0 | 0 
2021-09-30 01:53:35,109 - INFO - load | 1 | (0.8, 0.4) | 0 | 0 | set() | 0| 0.0 | 0 
2021-09-30 01:53:35,462 - INFO - load | 1 | (0.8, 0.45) | 0 | 1 | {20} | 0| 0.0 | 0 
2021-09-30 01:53:35,825 - INFO - load | 1 | (0.8, 0.5) | 0 | 2 | (40,) | 0| 0.0 | 0 
2021-09-30 01:53:36,181 - INFO - load | 1 | (0.8, 0.55) | 0 | 3 | (40,) | 0| 0.0 | 0 
2021-09-30 01:53:36,533 - INFO - load | 1 | (0.8, 0.6000000000000001) | 0 | 3 | (40,) | 0| 0.0 | 0 
2021-09-30 01:53:36,907 - INFO - load | 1 | (0.8, 0.65) | 0 | 4 | (62,) | 0| 0.0 | 0 
2021-09-30 01:53:37,271 - INFO - load | 1 | (0.8, 0.7000000000000001) | 0 | 5 | (62,) | 0| 0.0 | 0 
2021-09-30 01:53:37,648 - INFO - load | 1 | (0.8, 0.75) | 0 | 5 | (62,) | 0| 0.0 | 0 
2021-09-30 01:53:38,010 - INFO - load | 1 | (0.8, 0.8) | 0 | 6 | (62,) | 0| 0.0 | 0 
2021-09-30 01:53:38,370 - INFO - load | 1 | (0.8, 0.8500000000000001) | 0 | 8 | (480,) | 0| 0.0 | 0 
2021-09-30 01:53:38,774 - INFO - compute | 1 | (0.8, 0.9) | 0 | 14 | (2535,) | 0| 0.0 | 0 
2021-09-30 01:53:39,260 - INFO - compute | 1 | (0.8, 0.9500000000000001) | 0 | 24 | (2535,) | 0| 0.0 | 0 
2021-09-30 01:53:39,660 - INFO - compute | 1 | (0.8, 1.0) | 0 | 58 | (4113,) | 0| 0.0 | 0 
2021-09-30 01:53:39,988 - INFO - load | 1 | (0.8500000000000001, 0.0) | 0 | 0 | set() | 0| 0.0 | 0 
2021-09-30 01:53:40,341 - INFO - load | 1 | (0.8500000000000001, 0.05) | 0 | 0 | set() | 0| 0.0 | 0 
2021-09-30 01:53:40,667 - INFO - load | 1 | (0.8500000000000001, 0.1) | 0 | 0 | set() | 0| 0.0 | 0 
2021-09-30 01:53:40,976 - INFO - load | 1 | (0.8500000000000001, 0.15000000000000002) | 0 | 0 | set() | 0| 0.0 | 0 
2021-09-30 01:53:41,316 - INFO - load | 1 | (0.8500000000000001, 0.2) | 0 | 0 | set() | 0| 0.0 | 0 
2021-09-30 01:53:41,631 - INFO - load | 1 | (0.8500000000000001, 0.25) | 0 | 0 | set() | 0| 0.0 | 0 
2021-09-30 01:53:41,981 - INFO - load | 1 | (0.8500000000000001, 0.30000000000000004) | 0 | 0 | set() | 0| 0.0 | 0 
2021-09-30 01:53:42,310 - INFO - load | 1 | (0.8500000000000001, 0.35000000000000003) | 0 | 0 | set() | 0| 0.0 | 0 
2021-09-30 01:53:42,629 - INFO - load | 1 | (0.8500000000000001, 0.4) | 0 | 0 | set() | 0| 0.0 | 0 
2021-09-30 01:53:42,970 - INFO - load | 1 | (0.8500000000000001, 0.45) | 0 | 2 | (40,) | 0| 0.0 | 0 
2021-09-30 01:53:43,333 - INFO - load | 1 | (0.8500000000000001, 0.5) | 0 | 3 | (40,) | 0| 0.0 | 0 
2021-09-30 01:53:43,693 - INFO - load | 1 | (0.8500000000000001, 0.55) | 0 | 3 | (40,) | 0| 0.0 | 0 
2021-09-30 01:53:44,030 - INFO - load | 1 | (0.8500000000000001, 0.6000000000000001) | 0 | 4 | (62,) | 0| 0.0 | 0 
2021-09-30 01:53:44,379 - INFO - load | 1 | (0.8500000000000001, 0.65) | 0 | 5 | (62,) | 0| 0.0 | 0 
2021-09-30 01:53:44,739 - INFO - load | 1 | (0.8500000000000001, 0.7000000000000001) | 0 | 5 | (62,) | 0| 0.0 | 0 
2021-09-30 01:53:45,097 - INFO - load | 1 | (0.8500000000000001, 0.75) | 0 | 6 | (62,) | 0| 0.0 | 0 
2021-09-30 01:53:45,465 - INFO - load | 1 | (0.8500000000000001, 0.8) | 0 | 8 | (480,) | 0| 0.0 | 0 
2021-09-30 01:53:45,890 - INFO - compute | 1 | (0.8500000000000001, 0.8500000000000001) | 0 | 15 | (2535,) | 0| 0.0 | 0 
2021-09-30 01:53:46,308 - INFO - compute | 1 | (0.8500000000000001, 0.9) | 0 | 25 | (3658,) | 0| 0.0 | 0 
2021-09-30 01:53:46,763 - INFO - compute | 1 | (0.8500000000000001, 0.9500000000000001) | 0 | 66 | (5595,) | 0| 0.0 | 0 
2021-09-30 01:53:47,191 - INFO - compute | 1 | (0.8500000000000001, 1.0) | 0 | 220 | (9709,) | 0| 0.0 | 0 
2021-09-30 01:53:47,529 - INFO - load | 1 | (0.9, 0.0) | 0 | 0 | set() | 0| 0.0 | 0 
2021-09-30 01:53:47,856 - INFO - load | 1 | (0.9, 0.05) | 0 | 0 | set() | 0| 0.0 | 0 
2021-09-30 01:53:48,212 - INFO - load | 1 | (0.9, 0.1) | 0 | 0 | set() | 0| 0.0 | 0 
2021-09-30 01:53:48,565 - INFO - load | 1 | (0.9, 0.15000000000000002) | 0 | 0 | set() | 0| 0.0 | 0 
2021-09-30 01:53:48,917 - INFO - load | 1 | (0.9, 0.2) | 0 | 0 | set() | 0| 0.0 | 0 
2021-09-30 01:53:49,280 - INFO - load | 1 | (0.9, 0.25) | 0 | 0 | set() | 0| 0.0 | 0 
2021-09-30 01:53:49,641 - INFO - load | 1 | (0.9, 0.30000000000000004) | 0 | 0 | set() | 0| 0.0 | 0 
2021-09-30 01:53:49,988 - INFO - load | 1 | (0.9, 0.35000000000000003) | 0 | 0 | set() | 0| 0.0 | 0 
2021-09-30 01:53:50,353 - INFO - load | 1 | (0.9, 0.4) | 0 | 1 | {20} | 0| 0.0 | 0 
2021-09-30 01:53:50,686 - INFO - load | 1 | (0.9, 0.45) | 0 | 2 | (40,) | 0| 0.0 | 0 
2021-09-30 01:53:51,078 - INFO - load | 1 | (0.9, 0.5) | 0 | 3 | (40,) | 0| 0.0 | 0 
2021-09-30 01:53:51,445 - INFO - load | 1 | (0.9, 0.55) | 0 | 4 | (62,) | 0| 0.0 | 0 
2021-09-30 01:53:51,826 - INFO - load | 1 | (0.9, 0.6000000000000001) | 0 | 5 | (62,) | 0| 0.0 | 0 
2021-09-30 01:53:52,178 - INFO - load | 1 | (0.9, 0.65) | 0 | 5 | (62,) | 0| 0.0 | 0 
2021-09-30 01:53:52,542 - INFO - load | 1 | (0.9, 0.7000000000000001) | 0 | 6 | (62,) | 0| 0.0 | 0 
2021-09-30 01:53:52,894 - INFO - load | 1 | (0.9, 0.75) | 0 | 8 | (480,) | 0| 0.0 | 0 
2021-09-30 01:53:53,299 - INFO - load | 1 | (0.9, 0.8) | 0 | 14 | (2535,) | 0| 0.0 | 0 
2021-09-30 01:53:53,687 - INFO - load | 1 | (0.9, 0.8500000000000001) | 0 | 25 | (3658,) | 0| 0.0 | 0 
2021-09-30 01:53:54,159 - INFO - compute | 1 | (0.9, 0.9) | 0 | 70 | (6016,) | 0| 0.0 | 0 
2021-09-30 01:53:54,605 - INFO - compute | 1 | (0.9, 0.9500000000000001) | 0 | 261 | (9709,) | 0| 0.0 | 0 
2021-09-30 01:53:55,055 - INFO - compute | 1 | (0.9, 1.0) | 0 | 1000 | (9994,) | 0| 0.0 | 0 
2021-09-30 01:53:55,402 - INFO - load | 1 | (0.9500000000000001, 0.0) | 0 | 0 | set() | 0| 0.0 | 0 
2021-09-30 01:53:55,741 - INFO - load | 1 | (0.9500000000000001, 0.05) | 0 | 0 | set() | 0| 0.0 | 0 
2021-09-30 01:53:56,089 - INFO - load | 1 | (0.9500000000000001, 0.1) | 0 | 0 | set() | 0| 0.0 | 0 
2021-09-30 01:53:56,538 - INFO - load | 1 | (0.9500000000000001, 0.15000000000000002) | 0 | 0 | set() | 0| 0.0 | 0 
2021-09-30 01:53:56,892 - INFO - load | 1 | (0.9500000000000001, 0.2) | 0 | 0 | set() | 0| 0.0 | 0 
2021-09-30 01:53:57,259 - INFO - load | 1 | (0.9500000000000001, 0.25) | 0 | 0 | set() | 0| 0.0 | 0 
2021-09-30 01:53:57,583 - INFO - load | 1 | (0.9500000000000001, 0.30000000000000004) | 0 | 0 | set() | 0| 0.0 | 0 
2021-09-30 01:53:57,936 - INFO - load | 1 | (0.9500000000000001, 0.35000000000000003) | 0 | 0 | set() | 0| 0.0 | 0 
2021-09-30 01:53:58,304 - INFO - load | 1 | (0.9500000000000001, 0.4) | 0 | 2 | (40,) | 0| 0.0 | 0 
2021-09-30 01:53:58,897 - INFO - load | 1 | (0.9500000000000001, 0.45) | 0 | 3 | (40,) | 0| 0.0 | 0 
2021-09-30 01:53:59,429 - INFO - load | 1 | (0.9500000000000001, 0.5) | 0 | 3 | (40,) | 0| 0.0 | 0 
2021-09-30 01:54:00,020 - INFO - load | 1 | (0.9500000000000001, 0.55) | 0 | 4 | (62,) | 0| 0.0 | 0 
2021-09-30 01:54:00,371 - INFO - load | 1 | (0.9500000000000001, 0.6000000000000001) | 0 | 5 | (62,) | 0| 0.0 | 0 
2021-09-30 01:54:00,724 - INFO - load | 1 | (0.9500000000000001, 0.65) | 0 | 5 | (62,) | 0| 0.0 | 0 
2021-09-30 01:54:01,072 - INFO - load | 1 | (0.9500000000000001, 0.7000000000000001) | 0 | 8 | (480,) | 0| 0.0 | 0 
2021-09-30 01:54:01,444 - INFO - load | 1 | (0.9500000000000001, 0.75) | 0 | 12 | (480,) | 0| 0.0 | 0 
2021-09-30 01:54:01,847 - INFO - load | 1 | (0.9500000000000001, 0.8) | 0 | 24 | (2535,) | 0| 0.0 | 0 
2021-09-30 01:54:02,228 - INFO - load | 1 | (0.9500000000000001, 0.8500000000000001) | 0 | 66 | (5595,) | 0| 0.0 | 0 
2021-09-30 01:54:02,645 - INFO - load | 1 | (0.9500000000000001, 0.9) | 0 | 261 | (9709,) | 0| 0.0 | 0 
2021-09-30 01:54:03,103 - INFO - load | 1 | (0.9500000000000001, 0.9500000000000001) | 0 | 1000 | (9994,) | 0| 0.0 | 0 
2021-09-30 01:54:03,568 - INFO - load | 1 | (0.9500000000000001, 1.0) | 0 | 1000 | (9994,) | 0| 0.0 | 0 
2021-09-30 01:54:03,911 - INFO - load | 1 | (1.0, 0.0) | 0 | 0 | set() | 0| 0.0 | 0 
2021-09-30 01:54:04,260 - INFO - load | 1 | (1.0, 0.05) | 0 | 0 | set() | 0| 0.0 | 0 
2021-09-30 01:54:04,599 - INFO - load | 1 | (1.0, 0.1) | 0 | 0 | set() | 0| 0.0 | 0 
2021-09-30 01:54:04,943 - INFO - load | 1 | (1.0, 0.15000000000000002) | 0 | 0 | set() | 0| 0.0 | 0 
2021-09-30 01:54:05,285 - INFO - load | 1 | (1.0, 0.2) | 0 | 0 | set() | 0| 0.0 | 0 
2021-09-30 01:54:05,638 - INFO - load | 1 | (1.0, 0.25) | 0 | 0 | set() | 0| 0.0 | 0 
2021-09-30 01:54:05,969 - INFO - load | 1 | (1.0, 0.30000000000000004) | 0 | 0 | set() | 0| 0.0 | 0 
2021-09-30 01:54:06,316 - INFO - load | 1 | (1.0, 0.35000000000000003) | 0 | 1 | {20} | 0| 0.0 | 0 
2021-09-30 01:54:06,640 - INFO - load | 1 | (1.0, 0.4) | 0 | 2 | (40,) | 0| 0.0 | 0 
2021-09-30 01:54:06,984 - INFO - load | 1 | (1.0, 0.45) | 0 | 3 | (40,) | 0| 0.0 | 0 
2021-09-30 01:54:07,324 - INFO - load | 1 | (1.0, 0.5) | 0 | 4 | (62,) | 0| 0.0 | 0 
2021-09-30 01:54:07,686 - INFO - load | 1 | (1.0, 0.55) | 0 | 5 | (62,) | 0| 0.0 | 0 
2021-09-30 01:54:08,005 - INFO - load | 1 | (1.0, 0.6000000000000001) | 0 | 5 | (62,) | 0| 0.0 | 0 
2021-09-30 01:54:08,485 - INFO - compute | 1 | (1.0, 0.65) | 0 | 7 | (480,) | 0| 0.0 | 0 
2021-09-30 01:54:08,837 - INFO - load | 1 | (1.0, 0.7000000000000001) | 0 | 9 | (480,) | 0| 0.0 | 0 
2021-09-30 01:54:09,230 - INFO - load | 1 | (1.0, 0.75) | 0 | 22 | (2535,) | 0| 0.0 | 0 
2021-09-30 01:54:09,630 - INFO - load | 1 | (1.0, 0.8) | 0 | 58 | (4113,) | 0| 0.0 | 0 
2021-09-30 01:54:10,025 - INFO - load | 1 | (1.0, 0.8500000000000001) | 0 | 220 | (9709,) | 0| 0.0 | 0 
2021-09-30 01:54:10,460 - INFO - load | 1 | (1.0, 0.9) | 0 | 1000 | (9994,) | 0| 0.0 | 0 
2021-09-30 01:54:10,924 - INFO - load | 1 | (1.0, 0.9500000000000001) | 0 | 1000 | (9994,) | 0| 0.0 | 0 
2021-09-30 01:54:11,376 - INFO - load | 1 | (1.0, 1.0) | 0 | 1000 | (9994,) | 0| 0.0 | 0 
2021-09-30 01:54:13,678 - INFO - compute | 2 | (0.0, 0.0) | 1000 | 0 | set() | 0| 0.0 | 0.0 
2021-09-30 01:54:13,682 - INFO - load | 2 | (0.0, 0.05) | 1000 | 0 | set() | 0| 0.0 | 0.0 
2021-09-30 01:54:13,685 - INFO - load | 2 | (0.0, 0.1) | 1000 | 0 | set() | 0| 0.0 | 0.0 
2021-09-30 01:54:13,688 - INFO - load | 2 | (0.0, 0.15000000000000002) | 1000 | 0 | set() | 0| 0.0 | 0.0 
2021-09-30 01:54:13,691 - INFO - load | 2 | (0.0, 0.2) | 1000 | 0 | set() | 0| 0.0 | 0.0 
2021-09-30 01:54:13,694 - INFO - load | 2 | (0.0, 0.25) | 1000 | 0 | set() | 0| 0.0 | 0.0 
2021-09-30 01:54:13,696 - INFO - load | 2 | (0.0, 0.30000000000000004) | 1000 | 0 | set() | 0| 0.0 | 0.0 
2021-09-30 01:54:13,699 - INFO - load | 2 | (0.0, 0.35000000000000003) | 1000 | 0 | set() | 0| 0.0 | 0.0 
2021-09-30 01:54:13,701 - INFO - load | 2 | (0.0, 0.4) | 1000 | 0 | set() | 0| 0.0 | 0.0 
2021-09-30 01:54:13,704 - INFO - load | 2 | (0.0, 0.45) | 1000 | 0 | set() | 0| 0.0 | 0.0 
2021-09-30 01:54:13,707 - INFO - load | 2 | (0.0, 0.5) | 1000 | 0 | set() | 0| 0.0 | 0.0 
2021-09-30 01:54:13,709 - INFO - load | 2 | (0.0, 0.55) | 1000 | 0 | set() | 0| 0.0 | 0.0 
2021-09-30 01:54:13,712 - INFO - load | 2 | (0.0, 0.6000000000000001) | 1000 | 0 | set() | 0| 0.0 | 0.0 
2021-09-30 01:54:13,714 - INFO - load | 2 | (0.0, 0.65) | 1000 | 0 | set() | 0| 0.0 | 0.0 
2021-09-30 01:54:13,717 - INFO - load | 2 | (0.0, 0.7000000000000001) | 1000 | 0 | set() | 0| 0.0 | 0.0 
2021-09-30 01:54:13,720 - INFO - load | 2 | (0.0, 0.75) | 1000 | 0 | set() | 0| 0.0 | 0.0 
2021-09-30 01:54:13,723 - INFO - load | 2 | (0.0, 0.8) | 1000 | 0 | set() | 0| 0.0 | 0.0 
2021-09-30 01:54:13,725 - INFO - load | 2 | (0.0, 0.8500000000000001) | 1000 | 0 | set() | 0| 0.0 | 0.0 
2021-09-30 01:54:13,728 - INFO - load | 2 | (0.0, 0.9) | 1000 | 0 | set() | 0| 0.0 | 0.0 
2021-09-30 01:54:13,734 - INFO - load | 2 | (0.0, 0.9500000000000001) | 1000 | 0 | set() | 0| 0.0 | 0.0 
2021-09-30 01:54:13,737 - INFO - load | 2 | (0.0, 1.0) | 1000 | 0 | set() | 0| 0.0 | 0.0 
2021-09-30 01:54:13,741 - INFO - load | 2 | (0.05, 0.0) | 1000 | 0 | set() | 0| 0.0 | 0.0 
2021-09-30 01:54:13,744 - INFO - load | 2 | (0.05, 0.05) | 1000 | 0 | set() | 0| 0.0 | 0.0 
2021-09-30 01:54:13,747 - INFO - load | 2 | (0.05, 0.1) | 1000 | 0 | set() | 0| 0.0 | 0.0 
2021-09-30 01:54:13,749 - INFO - load | 2 | (0.05, 0.15000000000000002) | 1000 | 0 | set() | 0| 0.0 | 0.0 
2021-09-30 01:54:13,752 - INFO - load | 2 | (0.05, 0.2) | 1000 | 0 | set() | 0| 0.0 | 0.0 
2021-09-30 01:54:13,763 - INFO - load | 2 | (0.05, 0.25) | 1000 | 0 | set() | 0| 0.0 | 0.0 
2021-09-30 01:54:13,766 - INFO - load | 2 | (0.05, 0.30000000000000004) | 1000 | 0 | set() | 0| 0.0 | 0.0 
2021-09-30 01:54:13,768 - INFO - load | 2 | (0.05, 0.35000000000000003) | 1000 | 0 | set() | 0| 0.0 | 0.0 
2021-09-30 01:54:13,771 - INFO - load | 2 | (0.05, 0.4) | 1000 | 0 | set() | 0| 0.0 | 0.0 
2021-09-30 01:54:13,774 - INFO - load | 2 | (0.05, 0.45) | 1000 | 0 | set() | 0| 0.0 | 0.0 
2021-09-30 01:54:13,776 - INFO - load | 2 | (0.05, 0.5) | 1000 | 0 | set() | 0| 0.0 | 0.0 
2021-09-30 01:54:13,779 - INFO - load | 2 | (0.05, 0.55) | 1000 | 0 | set() | 0| 0.0 | 0.0 
2021-09-30 01:54:13,782 - INFO - load | 2 | (0.05, 0.6000000000000001) | 1000 | 0 | set() | 0| 0.0 | 0.0 
2021-09-30 01:54:13,784 - INFO - load | 2 | (0.05, 0.65) | 1000 | 0 | set() | 0| 0.0 | 0.0 
2021-09-30 01:54:13,788 - INFO - load | 2 | (0.05, 0.7000000000000001) | 1000 | 0 | set() | 0| 0.0 | 0.0 
2021-09-30 01:54:13,790 - INFO - load | 2 | (0.05, 0.75) | 1000 | 0 | set() | 0| 0.0 | 0.0 
2021-09-30 01:54:13,793 - INFO - load | 2 | (0.05, 0.8) | 1000 | 0 | set() | 0| 0.0 | 0.0 
2021-09-30 01:54:13,796 - INFO - load | 2 | (0.05, 0.8500000000000001) | 1000 | 0 | set() | 0| 0.0 | 0.0 
2021-09-30 01:54:13,798 - INFO - load | 2 | (0.05, 0.9) | 1000 | 0 | set() | 0| 0.0 | 0.0 
2021-09-30 01:54:13,801 - INFO - load | 2 | (0.05, 0.9500000000000001) | 1000 | 0 | set() | 0| 0.0 | 0.0 
2021-09-30 01:54:13,803 - INFO - load | 2 | (0.05, 1.0) | 1000 | 0 | set() | 0| 0.0 | 0.0 
2021-09-30 01:54:13,806 - INFO - load | 2 | (0.1, 0.0) | 1000 | 0 | set() | 0| 0.0 | 0.0 
2021-09-30 01:54:13,808 - INFO - load | 2 | (0.1, 0.05) | 1000 | 0 | set() | 0| 0.0 | 0.0 
2021-09-30 01:54:13,811 - INFO - load | 2 | (0.1, 0.1) | 1000 | 0 | set() | 0| 0.0 | 0.0 
2021-09-30 01:54:13,814 - INFO - load | 2 | (0.1, 0.15000000000000002) | 1000 | 0 | set() | 0| 0.0 | 0.0 
2021-09-30 01:54:13,816 - INFO - load | 2 | (0.1, 0.2) | 1000 | 0 | set() | 0| 0.0 | 0.0 
2021-09-30 01:54:13,819 - INFO - load | 2 | (0.1, 0.25) | 1000 | 0 | set() | 0| 0.0 | 0.0 
2021-09-30 01:54:13,821 - INFO - load | 2 | (0.1, 0.30000000000000004) | 1000 | 0 | set() | 0| 0.0 | 0.0 
2021-09-30 01:54:13,835 - INFO - load | 2 | (0.1, 0.35000000000000003) | 1000 | 0 | set() | 0| 0.0 | 0.0 
2021-09-30 01:54:13,839 - INFO - load | 2 | (0.1, 0.4) | 1000 | 0 | set() | 0| 0.0 | 0.0 
2021-09-30 01:54:13,842 - INFO - load | 2 | (0.1, 0.45) | 1000 | 0 | set() | 0| 0.0 | 0.0 
2021-09-30 01:54:13,845 - INFO - load | 2 | (0.1, 0.5) | 1000 | 0 | set() | 0| 0.0 | 0.0 
2021-09-30 01:54:13,848 - INFO - load | 2 | (0.1, 0.55) | 1000 | 0 | set() | 0| 0.0 | 0.0 
2021-09-30 01:54:13,851 - INFO - load | 2 | (0.1, 0.6000000000000001) | 1000 | 0 | set() | 0| 0.0 | 0.0 
2021-09-30 01:54:13,853 - INFO - load | 2 | (0.1, 0.65) | 1000 | 0 | set() | 0| 0.0 | 0.0 
2021-09-30 01:54:13,856 - INFO - load | 2 | (0.1, 0.7000000000000001) | 1000 | 0 | set() | 0| 0.0 | 0.0 
2021-09-30 01:54:13,859 - INFO - load | 2 | (0.1, 0.75) | 1000 | 0 | set() | 0| 0.0 | 0.0 
2021-09-30 01:54:13,862 - INFO - load | 2 | (0.1, 0.8) | 1000 | 0 | set() | 0| 0.0 | 0.0 
2021-09-30 01:54:13,864 - INFO - load | 2 | (0.1, 0.8500000000000001) | 1000 | 0 | set() | 0| 0.0 | 0.0 
2021-09-30 01:54:13,867 - INFO - load | 2 | (0.1, 0.9) | 1000 | 0 | set() | 0| 0.0 | 0.0 
2021-09-30 01:54:13,870 - INFO - load | 2 | (0.1, 0.9500000000000001) | 1000 | 0 | set() | 0| 0.0 | 0.0 
2021-09-30 01:54:13,873 - INFO - load | 2 | (0.1, 1.0) | 1000 | 0 | set() | 0| 0.0 | 0.0 
2021-09-30 01:54:14,532 - INFO - compute | 2 | (0.15000000000000002, 0.0) | 214 | 0 | set() | 0| 0.0 | 0.0 
2021-09-30 01:54:14,615 - INFO - load | 2 | (0.15000000000000002, 0.05) | 214 | 0 | set() | 0| 0.0 | 0.0 
2021-09-30 01:54:14,698 - INFO - load | 2 | (0.15000000000000002, 0.1) | 214 | 0 | set() | 0| 0.0 | 0.0 
2021-09-30 01:54:14,784 - INFO - load | 2 | (0.15000000000000002, 0.15000000000000002) | 214 | 0 | set() | 0| 0.0 | 0.0 
2021-09-30 01:54:14,881 - INFO - load | 2 | (0.15000000000000002, 0.2) | 214 | 0 | set() | 0| 0.0 | 0.0 
2021-09-30 01:54:14,964 - INFO - load | 2 | (0.15000000000000002, 0.25) | 214 | 0 | set() | 0| 0.0 | 0.0 
2021-09-30 01:54:15,052 - INFO - load | 2 | (0.15000000000000002, 0.30000000000000004) | 214 | 0 | set() | 0| 0.0 | 0.0 
2021-09-30 01:54:15,137 - INFO - load | 2 | (0.15000000000000002, 0.35000000000000003) | 214 | 0 | set() | 0| 0.0 | 0.0 
2021-09-30 01:54:15,222 - INFO - load | 2 | (0.15000000000000002, 0.4) | 214 | 0 | set() | 0| 0.0 | 0.0 
2021-09-30 01:54:15,317 - INFO - load | 2 | (0.15000000000000002, 0.45) | 214 | 0 | set() | 0| 0.0 | 0.0 
2021-09-30 01:54:15,404 - INFO - load | 2 | (0.15000000000000002, 0.5) | 214 | 0 | set() | 0| 0.0 | 0.0 
2021-09-30 01:54:15,487 - INFO - load | 2 | (0.15000000000000002, 0.55) | 214 | 0 | set() | 0| 0.0 | 0.0 
2021-09-30 01:54:15,578 - INFO - load | 2 | (0.15000000000000002, 0.6000000000000001) | 214 | 0 | set() | 0| 0.0 | 0.0 
2021-09-30 01:54:15,665 - INFO - load | 2 | (0.15000000000000002, 0.65) | 214 | 0 | set() | 0| 0.0 | 0.0 
2021-09-30 01:54:15,750 - INFO - load | 2 | (0.15000000000000002, 0.7000000000000001) | 214 | 0 | set() | 0| 0.0 | 0.0 
2021-09-30 01:54:15,838 - INFO - load | 2 | (0.15000000000000002, 0.75) | 214 | 0 | set() | 0| 0.0 | 0.0 
2021-09-30 01:54:15,936 - INFO - load | 2 | (0.15000000000000002, 0.8) | 214 | 0 | set() | 0| 0.0 | 0.0 
2021-09-30 01:54:16,022 - INFO - load | 2 | (0.15000000000000002, 0.8500000000000001) | 214 | 0 | set() | 0| 0.0 | 0.0 
2021-09-30 01:54:16,103 - INFO - load | 2 | (0.15000000000000002, 0.9) | 214 | 0 | set() | 0| 0.0 | 0.0 
2021-09-30 01:54:16,180 - INFO - load | 2 | (0.15000000000000002, 0.9500000000000001) | 214 | 0 | set() | 0| 0.0 | 0.0 
2021-09-30 01:54:16,254 - INFO - load | 2 | (0.15000000000000002, 1.0) | 214 | 0 | set() | 0| 0.0 | 0.0 
2021-09-30 01:54:16,476 - INFO - compute | 2 | (0.2, 0.0) | 50 | 0 | set() | 0| 0.0 | 0.0 
2021-09-30 01:54:16,574 - INFO - load | 2 | (0.2, 0.05) | 50 | 0 | set() | 0| 0.0 | 0.0 
2021-09-30 01:54:16,677 - INFO - load | 2 | (0.2, 0.1) | 50 | 0 | set() | 0| 0.0 | 0.0 
2021-09-30 01:54:16,776 - INFO - load | 2 | (0.2, 0.15000000000000002) | 50 | 0 | set() | 0| 0.0 | 0.0 
2021-09-30 01:54:16,884 - INFO - load | 2 | (0.2, 0.2) | 50 | 0 | set() | 0| 0.0 | 0.0 
2021-09-30 01:54:16,993 - INFO - load | 2 | (0.2, 0.25) | 50 | 0 | set() | 0| 0.0 | 0.0 
2021-09-30 01:54:17,094 - INFO - load | 2 | (0.2, 0.30000000000000004) | 50 | 0 | set() | 0| 0.0 | 0.0 
2021-09-30 01:54:17,199 - INFO - load | 2 | (0.2, 0.35000000000000003) | 50 | 0 | set() | 0| 0.0 | 0.0 
2021-09-30 01:54:17,318 - INFO - load | 2 | (0.2, 0.4) | 50 | 0 | set() | 0| 0.0 | 0.0 
2021-09-30 01:54:17,430 - INFO - load | 2 | (0.2, 0.45) | 50 | 0 | set() | 0| 0.0 | 0.0 
2021-09-30 01:54:17,544 - INFO - load | 2 | (0.2, 0.5) | 50 | 0 | set() | 0| 0.0 | 0.0 
2021-09-30 01:54:17,645 - INFO - load | 2 | (0.2, 0.55) | 50 | 0 | set() | 0| 0.0 | 0.0 
2021-09-30 01:54:17,756 - INFO - load | 2 | (0.2, 0.6000000000000001) | 50 | 0 | set() | 0| 0.0 | 0.0 
2021-09-30 01:54:17,859 - INFO - load | 2 | (0.2, 0.65) | 50 | 0 | set() | 0| 0.0 | 0.0 
2021-09-30 01:54:17,960 - INFO - load | 2 | (0.2, 0.7000000000000001) | 50 | 0 | set() | 0| 0.0 | 0.0 
2021-09-30 01:54:18,070 - INFO - load | 2 | (0.2, 0.75) | 50 | 0 | set() | 0| 0.0 | 0.0 
2021-09-30 01:54:18,187 - INFO - load | 2 | (0.2, 0.8) | 50 | 0 | set() | 0| 0.0 | 0.0 
2021-09-30 01:54:18,301 - INFO - load | 2 | (0.2, 0.8500000000000001) | 50 | 0 | set() | 0| 0.0 | 0.0 
2021-09-30 01:54:18,403 - INFO - load | 2 | (0.2, 0.9) | 50 | 0 | set() | 0| 0.0 | 0.0 
2021-09-30 01:54:18,514 - INFO - load | 2 | (0.2, 0.9500000000000001) | 50 | 0 | set() | 0| 0.0 | 0.0 
2021-09-30 01:54:18,621 - INFO - load | 2 | (0.2, 1.0) | 50 | 0 | set() | 0| 0.0 | 0.0 
2021-09-30 01:54:18,804 - INFO - compute | 2 | (0.25, 0.0) | 21 | 0 | set() | 0| 0.0 | 0.0 
2021-09-30 01:54:18,934 - INFO - load | 2 | (0.25, 0.05) | 21 | 0 | set() | 0| 0.0 | 0.0 
2021-09-30 01:54:19,065 - INFO - load | 2 | (0.25, 0.1) | 21 | 0 | set() | 0| 0.0 | 0.0 
2021-09-30 01:54:19,189 - INFO - load | 2 | (0.25, 0.15000000000000002) | 21 | 0 | set() | 0| 0.0 | 0.0 
2021-09-30 01:54:19,305 - INFO - load | 2 | (0.25, 0.2) | 21 | 0 | set() | 0| 0.0 | 0.0 
2021-09-30 01:54:19,425 - INFO - load | 2 | (0.25, 0.25) | 21 | 0 | set() | 0| 0.0 | 0.0 
2021-09-30 01:54:19,543 - INFO - load | 2 | (0.25, 0.30000000000000004) | 21 | 0 | set() | 0| 0.0 | 0.0 
2021-09-30 01:54:19,680 - INFO - load | 2 | (0.25, 0.35000000000000003) | 21 | 0 | set() | 0| 0.0 | 0.0 
2021-09-30 01:54:19,800 - INFO - load | 2 | (0.25, 0.4) | 21 | 0 | set() | 0| 0.0 | 0.0 
2021-09-30 01:54:19,922 - INFO - load | 2 | (0.25, 0.45) | 21 | 0 | set() | 0| 0.0 | 0.0 
2021-09-30 01:54:20,042 - INFO - load | 2 | (0.25, 0.5) | 21 | 0 | set() | 0| 0.0 | 0.0 
2021-09-30 01:54:20,172 - INFO - load | 2 | (0.25, 0.55) | 21 | 0 | set() | 0| 0.0 | 0.0 
2021-09-30 01:54:20,288 - INFO - load | 2 | (0.25, 0.6000000000000001) | 21 | 0 | set() | 0| 0.0 | 0.0 
2021-09-30 01:54:20,410 - INFO - load | 2 | (0.25, 0.65) | 21 | 0 | set() | 0| 0.0 | 0.0 
2021-09-30 01:54:20,542 - INFO - load | 2 | (0.25, 0.7000000000000001) | 21 | 0 | set() | 0| 0.0 | 0.0 
2021-09-30 01:54:20,658 - INFO - load | 2 | (0.25, 0.75) | 21 | 0 | set() | 0| 0.0 | 0.0 
2021-09-30 01:54:20,788 - INFO - load | 2 | (0.25, 0.8) | 21 | 0 | set() | 0| 0.0 | 0.0 
2021-09-30 01:54:20,908 - INFO - load | 2 | (0.25, 0.8500000000000001) | 21 | 0 | set() | 0| 0.0 | 0.0 
2021-09-30 01:54:21,063 - INFO - load | 2 | (0.25, 0.9) | 21 | 0 | set() | 0| 0.0 | 0.0 
2021-09-30 01:54:21,202 - INFO - load | 2 | (0.25, 0.9500000000000001) | 21 | 0 | set() | 0| 0.0 | 0.0 
2021-09-30 01:54:21,348 - INFO - load | 2 | (0.25, 1.0) | 21 | 0 | set() | 0| 0.0 | 0.0 
2021-09-30 01:54:21,510 - INFO - compute | 2 | (0.30000000000000004, 0.0) | 7 | 0 | set() | 0| 0.0 | 0.0 
2021-09-30 01:54:21,684 - INFO - load | 2 | (0.30000000000000004, 0.05) | 7 | 0 | set() | 0| 0.0 | 0.0 
2021-09-30 01:54:21,850 - INFO - load | 2 | (0.30000000000000004, 0.1) | 7 | 0 | set() | 0| 0.0 | 0.0 
2021-09-30 01:54:22,031 - INFO - load | 2 | (0.30000000000000004, 0.15000000000000002) | 7 | 0 | set() | 0| 0.0 | 0.0 
2021-09-30 01:54:22,218 - INFO - load | 2 | (0.30000000000000004, 0.2) | 7 | 0 | set() | 0| 0.0 | 0.0 
2021-09-30 01:54:22,380 - INFO - load | 2 | (0.30000000000000004, 0.25) | 7 | 0 | set() | 0| 0.0 | 0.0 
2021-09-30 01:54:22,550 - INFO - load | 2 | (0.30000000000000004, 0.30000000000000004) | 7 | 0 | set() | 0| 0.0 | 0.0 
2021-09-30 01:54:22,696 - INFO - load | 2 | (0.30000000000000004, 0.35000000000000003) | 7 | 0 | set() | 0| 0.0 | 0.0 
2021-09-30 01:54:22,839 - INFO - load | 2 | (0.30000000000000004, 0.4) | 7 | 0 | set() | 0| 0.0 | 0.0 
2021-09-30 01:54:22,993 - INFO - load | 2 | (0.30000000000000004, 0.45) | 7 | 0 | set() | 0| 0.0 | 0.0 
2021-09-30 01:54:23,162 - INFO - load | 2 | (0.30000000000000004, 0.5) | 7 | 0 | set() | 0| 0.0 | 0.0 
2021-09-30 01:54:23,337 - INFO - load | 2 | (0.30000000000000004, 0.55) | 7 | 0 | set() | 0| 0.0 | 0.0 
2021-09-30 01:54:23,488 - INFO - load | 2 | (0.30000000000000004, 0.6000000000000001) | 7 | 0 | set() | 0| 0.0 | 0.0 
2021-09-30 01:54:23,652 - INFO - load | 2 | (0.30000000000000004, 0.65) | 7 | 0 | set() | 0| 0.0 | 0.0 
2021-09-30 01:54:23,845 - INFO - load | 2 | (0.30000000000000004, 0.7000000000000001) | 7 | 0 | set() | 0| 0.0 | 0.0 
2021-09-30 01:54:24,009 - INFO - load | 2 | (0.30000000000000004, 0.75) | 7 | 0 | set() | 0| 0.0 | 0.0 
2021-09-30 01:54:24,172 - INFO - load | 2 | (0.30000000000000004, 0.8) | 7 | 0 | set() | 0| 0.0 | 0.0 
2021-09-30 01:54:24,380 - INFO - load | 2 | (0.30000000000000004, 0.8500000000000001) | 7 | 0 | set() | 0| 0.0 | 0.0 
2021-09-30 01:54:24,571 - INFO - load | 2 | (0.30000000000000004, 0.9) | 7 | 0 | set() | 0| 0.0 | 0.0 
2021-09-30 01:54:24,742 - INFO - load | 2 | (0.30000000000000004, 0.9500000000000001) | 7 | 0 | set() | 0| 0.0 | 0.0 
2021-09-30 01:54:24,938 - INFO - load | 2 | (0.30000000000000004, 1.0) | 7 | 0 | set() | 0| 0.0 | 0.0 
2021-09-30 01:54:25,140 - INFO - compute | 2 | (0.35000000000000003, 0.0) | 4 | 0 | set() | 0| 0.0 | 0.0 
2021-09-30 01:54:25,324 - INFO - load | 2 | (0.35000000000000003, 0.05) | 4 | 0 | set() | 0| 0.0 | 0.0 
2021-09-30 01:54:25,532 - INFO - load | 2 | (0.35000000000000003, 0.1) | 4 | 0 | set() | 0| 0.0 | 0.0 
2021-09-30 01:54:25,705 - INFO - load | 2 | (0.35000000000000003, 0.15000000000000002) | 4 | 0 | set() | 0| 0.0 | 0.0 
2021-09-30 01:54:25,889 - INFO - load | 2 | (0.35000000000000003, 0.2) | 4 | 0 | set() | 0| 0.0 | 0.0 
2021-09-30 01:54:26,066 - INFO - load | 2 | (0.35000000000000003, 0.25) | 4 | 0 | set() | 0| 0.0 | 0.0 
2021-09-30 01:54:26,259 - INFO - load | 2 | (0.35000000000000003, 0.30000000000000004) | 4 | 0 | set() | 0| 0.0 | 0.0 
2021-09-30 01:54:26,452 - INFO - load | 2 | (0.35000000000000003, 0.35000000000000003) | 4 | 0 | set() | 0| 0.0 | 0.0 
2021-09-30 01:54:26,632 - INFO - load | 2 | (0.35000000000000003, 0.4) | 4 | 0 | set() | 0| 0.0 | 0.0 
2021-09-30 01:54:26,827 - INFO - load | 2 | (0.35000000000000003, 0.45) | 4 | 0 | set() | 0| 0.0 | 0.0 
2021-09-30 01:54:27,007 - INFO - load | 2 | (0.35000000000000003, 0.5) | 4 | 0 | set() | 0| 0.0 | 0.0 
2021-09-30 01:54:27,207 - INFO - load | 2 | (0.35000000000000003, 0.55) | 4 | 0 | set() | 0| 0.0 | 0.0 
2021-09-30 01:54:27,385 - INFO - load | 2 | (0.35000000000000003, 0.6000000000000001) | 4 | 0 | set() | 0| 0.0 | 0.0 
2021-09-30 01:54:27,564 - INFO - load | 2 | (0.35000000000000003, 0.65) | 4 | 0 | set() | 0| 0.0 | 0.0 
2021-09-30 01:54:27,753 - INFO - load | 2 | (0.35000000000000003, 0.7000000000000001) | 4 | 0 | set() | 0| 0.0 | 0.0 
2021-09-30 01:54:27,936 - INFO - load | 2 | (0.35000000000000003, 0.75) | 4 | 0 | set() | 0| 0.0 | 0.0 
2021-09-30 01:54:28,103 - INFO - load | 2 | (0.35000000000000003, 0.8) | 4 | 0 | set() | 0| 0.0 | 0.0 
2021-09-30 01:54:28,297 - INFO - load | 2 | (0.35000000000000003, 0.8500000000000001) | 4 | 0 | set() | 0| 0.0 | 0.0 
2021-09-30 01:54:28,485 - INFO - load | 2 | (0.35000000000000003, 0.9) | 4 | 0 | set() | 0| 0.0 | 0.0 
2021-09-30 01:54:28,660 - INFO - load | 2 | (0.35000000000000003, 0.9500000000000001) | 4 | 0 | set() | 0| 0.0 | 0.0 
2021-09-30 01:54:28,873 - INFO - compute | 2 | (0.35000000000000003, 1.0) | 4 | 1 | {20} | 128| 0.0 | 52.989114141839515 
2021-09-30 01:54:29,106 - INFO - compute | 2 | (0.4, 0.0) | 3 | 0 | set() | 0| 0.0 | 0.0 
2021-09-30 01:54:29,320 - INFO - load | 2 | (0.4, 0.05) | 3 | 0 | set() | 0| 0.0 | 0.0 
2021-09-30 01:54:29,508 - INFO - load | 2 | (0.4, 0.1) | 3 | 0 | set() | 0| 0.0 | 0.0 
2021-09-30 01:54:29,707 - INFO - load | 2 | (0.4, 0.15000000000000002) | 3 | 0 | set() | 0| 0.0 | 0.0 
2021-09-30 01:54:29,932 - INFO - load | 2 | (0.4, 0.2) | 3 | 0 | set() | 0| 0.0 | 0.0 
2021-09-30 01:54:30,140 - INFO - load | 2 | (0.4, 0.25) | 3 | 0 | set() | 0| 0.0 | 0.0 
2021-09-30 01:54:30,333 - INFO - load | 2 | (0.4, 0.30000000000000004) | 3 | 0 | set() | 0| 0.0 | 0.0 
2021-09-30 01:54:30,586 - INFO - load | 2 | (0.4, 0.35000000000000003) | 3 | 0 | set() | 0| 0.0 | 0.0 
2021-09-30 01:54:30,821 - INFO - load | 2 | (0.4, 0.4) | 3 | 0 | set() | 0| 0.0 | 0.0 
2021-09-30 01:54:31,030 - INFO - load | 2 | (0.4, 0.45) | 3 | 0 | set() | 0| 0.0 | 0.0 
2021-09-30 01:54:31,231 - INFO - load | 2 | (0.4, 0.5) | 3 | 0 | set() | 0| 0.0 | 0.0 
2021-09-30 01:54:31,462 - INFO - load | 2 | (0.4, 0.55) | 3 | 0 | set() | 0| 0.0 | 0.0 
2021-09-30 01:54:31,695 - INFO - load | 2 | (0.4, 0.6000000000000001) | 3 | 0 | set() | 0| 0.0 | 0.0 
2021-09-30 01:54:31,903 - INFO - load | 2 | (0.4, 0.65) | 3 | 0 | set() | 0| 0.0 | 0.0 
2021-09-30 01:54:32,117 - INFO - load | 2 | (0.4, 0.7000000000000001) | 3 | 0 | set() | 0| 0.0 | 0.0 
2021-09-30 01:54:32,347 - INFO - load | 2 | (0.4, 0.75) | 3 | 0 | set() | 0| 0.0 | 0.0 
2021-09-30 01:54:32,601 - INFO - load | 2 | (0.4, 0.8) | 3 | 0 | set() | 0| 0.0 | 0.0 
2021-09-30 01:54:32,802 - INFO - load | 2 | (0.4, 0.8500000000000001) | 3 | 0 | set() | 0| 0.0 | 0.0 
2021-09-30 01:54:33,048 - INFO - compute | 2 | (0.4, 0.9) | 3 | 1 | {20} | 78| 3.1199999999999983 | 34.704270498860424 
2021-09-30 01:54:33,296 - INFO - compute | 2 | (0.4, 0.9500000000000001) | 3 | 2 | {40, 20} | 152| 3.0399999999999943 | 70.49190360348891 
2021-09-30 01:54:33,551 - INFO - load | 2 | (0.4, 1.0) | 3 | 2 | {40, 20} | 152| 0.0 | 70.49190360348891 
2021-09-30 01:54:33,802 - INFO - compute | 2 | (0.45, 0.0) | 1 | 0 | set() | 0| 0.0 | 0.0 
2021-09-30 01:54:34,036 - INFO - load | 2 | (0.45, 0.05) | 1 | 0 | set() | 0| 0.0 | 0.0 
2021-09-30 01:54:34,299 - INFO - load | 2 | (0.45, 0.1) | 1 | 0 | set() | 0| 0.0 | 0.0 
2021-09-30 01:54:34,542 - INFO - load | 2 | (0.45, 0.15000000000000002) | 1 | 0 | set() | 0| 0.0 | 0.0 
2021-09-30 01:54:34,777 - INFO - load | 2 | (0.45, 0.2) | 1 | 0 | set() | 0| 0.0 | 0.0 
2021-09-30 01:54:35,033 - INFO - load | 2 | (0.45, 0.25) | 1 | 0 | set() | 0| 0.0 | 0.0 
2021-09-30 01:54:35,270 - INFO - load | 2 | (0.45, 0.30000000000000004) | 1 | 0 | set() | 0| 0.0 | 0.0 
2021-09-30 01:54:35,514 - INFO - load | 2 | (0.45, 0.35000000000000003) | 1 | 0 | set() | 0| 0.0 | 0.0 
2021-09-30 01:54:35,759 - INFO - load | 2 | (0.45, 0.4) | 1 | 0 | set() | 0| 0.0 | 0.0 
2021-09-30 01:54:36,007 - INFO - load | 2 | (0.45, 0.45) | 1 | 0 | set() | 0| 0.0 | 0.0 
2021-09-30 01:54:36,208 - INFO - load | 2 | (0.45, 0.5) | 1 | 0 | set() | 0| 0.0 | 0.0 
2021-09-30 01:54:36,410 - INFO - load | 2 | (0.45, 0.55) | 1 | 0 | set() | 0| 0.0 | 0.0 
2021-09-30 01:54:36,633 - INFO - load | 2 | (0.45, 0.6000000000000001) | 1 | 0 | set() | 0| 0.0 | 0.0 
2021-09-30 01:54:36,873 - INFO - load | 2 | (0.45, 0.65) | 1 | 0 | set() | 0| 0.0 | 0.0 
2021-09-30 01:54:37,104 - INFO - load | 2 | (0.45, 0.7000000000000001) | 1 | 0 | set() | 0| 0.0 | 0.0 
2021-09-30 01:54:37,345 - INFO - load | 2 | (0.45, 0.75) | 1 | 0 | set() | 0| 0.0 | 0.0 
2021-09-30 01:54:37,604 - INFO - compute | 2 | (0.45, 0.8) | 1 | 1 | {20} | 0| 0.0 | 0.0 
2021-09-30 01:54:37,858 - INFO - compute | 2 | (0.45, 0.8500000000000001) | 1 | 2 | {40, 20} | 13| 0.8774999999999993 | 8.718233944604595 
2021-09-30 01:54:38,129 - INFO - load | 2 | (0.45, 0.9) | 1 | 2 | {40, 20} | 13| 0.5849999999999997 | 8.718233944604595 
2021-09-30 01:54:38,434 - INFO - compute | 2 | (0.45, 0.9500000000000001) | 1 | 3 | (40, 25) | 62| 1.3949999999999978 | 41.579269581960375 
2021-09-30 01:54:38,698 - INFO - load | 2 | (0.45, 1.0) | 1 | 3 | (40, 25) | 62| 0.0 | 41.579269581960375 
2021-09-30 01:54:38,930 - INFO - load | 2 | (0.5, 0.0) | 1 | 0 | set() | 0| 0.0 | 0.0 
2021-09-30 01:54:39,182 - INFO - load | 2 | (0.5, 0.05) | 1 | 0 | set() | 0| 0.0 | 0.0 
2021-09-30 01:54:39,437 - INFO - load | 2 | (0.5, 0.1) | 1 | 0 | set() | 0| 0.0 | 0.0 
2021-09-30 01:54:39,663 - INFO - load | 2 | (0.5, 0.15000000000000002) | 1 | 0 | set() | 0| 0.0 | 0.0 
2021-09-30 01:54:39,878 - INFO - load | 2 | (0.5, 0.2) | 1 | 0 | set() | 0| 0.0 | 0.0 
2021-09-30 01:54:40,093 - INFO - load | 2 | (0.5, 0.25) | 1 | 0 | set() | 0| 0.0 | 0.0 
2021-09-30 01:54:40,308 - INFO - load | 2 | (0.5, 0.30000000000000004) | 1 | 0 | set() | 0| 0.0 | 0.0 
2021-09-30 01:54:40,521 - INFO - load | 2 | (0.5, 0.35000000000000003) | 1 | 0 | set() | 0| 0.0 | 0.0 
2021-09-30 01:54:40,733 - INFO - load | 2 | (0.5, 0.4) | 1 | 0 | set() | 0| 0.0 | 0.0 
2021-09-30 01:54:40,937 - INFO - load | 2 | (0.5, 0.45) | 1 | 0 | set() | 0| 0.0 | 0.0 
2021-09-30 01:54:41,157 - INFO - load | 2 | (0.5, 0.5) | 1 | 0 | set() | 0| 0.0 | 0.0 
2021-09-30 01:54:41,367 - INFO - load | 2 | (0.5, 0.55) | 1 | 0 | set() | 0| 0.0 | 0.0 
2021-09-30 01:54:41,566 - INFO - load | 2 | (0.5, 0.6000000000000001) | 1 | 0 | set() | 0| 0.0 | 0.0 
2021-09-30 01:54:41,787 - INFO - load | 2 | (0.5, 0.65) | 1 | 0 | set() | 0| 0.0 | 0.0 
2021-09-30 01:54:42,008 - INFO - load | 2 | (0.5, 0.7000000000000001) | 1 | 1 | {20} | 0| 0.0 | 0.0 
2021-09-30 01:54:42,267 - INFO - load | 2 | (0.5, 0.75) | 1 | 2 | {40, 20} | 13| 1.625 | 8.718233944604595 
2021-09-30 01:54:42,522 - INFO - load | 2 | (0.5, 0.8) | 1 | 2 | {40, 20} | 13| 1.2999999999999998 | 8.718233944604595 
2021-09-30 01:54:42,758 - INFO - load | 2 | (0.5, 0.8500000000000001) | 1 | 3 | (40, 25) | 62| 4.649999999999997 | 41.579269581960375 
2021-09-30 01:54:42,990 - INFO - load | 2 | (0.5, 0.9) | 1 | 3 | (40, 25) | 62| 3.099999999999999 | 41.579269581960375 
2021-09-30 01:54:43,214 - INFO - load | 2 | (0.5, 0.9500000000000001) | 1 | 3 | (40, 25) | 62| 1.549999999999998 | 41.579269581960375 
2021-09-30 01:54:43,472 - INFO - compute | 2 | (0.5, 1.0) | 1 | 4 | (40, 25) | 62| 0.0 | 41.579269581960375 
2021-09-30 01:54:43,685 - INFO - load | 2 | (0.55, 0.0) | 1 | 0 | set() | 0| 0.0 | 0.0 
2021-09-30 01:54:43,893 - INFO - load | 2 | (0.55, 0.05) | 1 | 0 | set() | 0| 0.0 | 0.0 
2021-09-30 01:54:44,095 - INFO - load | 2 | (0.55, 0.1) | 1 | 0 | set() | 0| 0.0 | 0.0 
2021-09-30 01:54:44,290 - INFO - load | 2 | (0.55, 0.15000000000000002) | 1 | 0 | set() | 0| 0.0 | 0.0 
2021-09-30 01:54:44,487 - INFO - load | 2 | (0.55, 0.2) | 1 | 0 | set() | 0| 0.0 | 0.0 
2021-09-30 01:54:44,703 - INFO - load | 2 | (0.55, 0.25) | 1 | 0 | set() | 0| 0.0 | 0.0 
2021-09-30 01:54:44,916 - INFO - load | 2 | (0.55, 0.30000000000000004) | 1 | 0 | set() | 0| 0.0 | 0.0 
2021-09-30 01:54:45,160 - INFO - load | 2 | (0.55, 0.35000000000000003) | 1 | 0 | set() | 0| 0.0 | 0.0 
2021-09-30 01:54:45,393 - INFO - load | 2 | (0.55, 0.4) | 1 | 0 | set() | 0| 0.0 | 0.0 
2021-09-30 01:54:45,639 - INFO - load | 2 | (0.55, 0.45) | 1 | 0 | set() | 0| 0.0 | 0.0 
2021-09-30 01:54:45,867 - INFO - load | 2 | (0.55, 0.5) | 1 | 0 | set() | 0| 0.0 | 0.0 
2021-09-30 01:54:46,104 - INFO - load | 2 | (0.55, 0.55) | 1 | 0 | set() | 0| 0.0 | 0.0 
2021-09-30 01:54:46,327 - INFO - load | 2 | (0.55, 0.6000000000000001) | 1 | 0 | set() | 0| 0.0 | 0.0 
2021-09-30 01:54:46,568 - INFO - load | 2 | (0.55, 0.65) | 1 | 1 | {20} | 0| 0.0 | 0.0 
2021-09-30 01:54:47,020 - INFO - load | 2 | (0.55, 0.7000000000000001) | 1 | 2 | {40, 20} | 13| 2.1449999999999996 | 8.718233944604595 
2021-09-30 01:54:47,316 - INFO - load | 2 | (0.55, 0.75) | 1 | 2 | {40, 20} | 13| 1.7875 | 8.718233944604595 
2021-09-30 01:54:47,714 - INFO - load | 2 | (0.55, 0.8) | 1 | 3 | (40, 25) | 62| 6.819999999999999 | 41.579269581960375 
2021-09-30 01:54:48,118 - INFO - load | 2 | (0.55, 0.8500000000000001) | 1 | 3 | (40, 25) | 62| 5.1149999999999975 | 41.579269581960375 
2021-09-30 01:54:48,450 - INFO - load | 2 | (0.55, 0.9) | 1 | 4 | (40, 25) | 62| 3.4099999999999997 | 41.579269581960375 
2021-09-30 01:54:48,755 - INFO - load | 2 | (0.55, 0.9500000000000001) | 1 | 4 | (40, 25) | 62| 1.704999999999998 | 41.579269581960375 
2021-09-30 01:54:49,110 - INFO - compute | 2 | (0.55, 1.0) | 1 | 5 | (50, 25) | 65| 0.0 | 43.59116972302297 
2021-09-30 01:54:49,395 - INFO - load | 2 | (0.6000000000000001, 0.0) | 1 | 0 | set() | 0| 0.0 | 0.0 
2021-09-30 01:54:49,636 - INFO - load | 2 | (0.6000000000000001, 0.05) | 1 | 0 | set() | 0| 0.0 | 0.0 
2021-09-30 01:54:49,902 - INFO - load | 2 | (0.6000000000000001, 0.1) | 1 | 0 | set() | 0| 0.0 | 0.0 
2021-09-30 01:54:50,140 - INFO - load | 2 | (0.6000000000000001, 0.15000000000000002) | 1 | 0 | set() | 0| 0.0 | 0.0 
2021-09-30 01:54:50,373 - INFO - load | 2 | (0.6000000000000001, 0.2) | 1 | 0 | set() | 0| 0.0 | 0.0 
2021-09-30 01:54:50,597 - INFO - load | 2 | (0.6000000000000001, 0.25) | 1 | 0 | set() | 0| 0.0 | 0.0 
2021-09-30 01:54:50,828 - INFO - load | 2 | (0.6000000000000001, 0.30000000000000004) | 1 | 0 | set() | 0| 0.0 | 0.0 
2021-09-30 01:54:51,061 - INFO - load | 2 | (0.6000000000000001, 0.35000000000000003) | 1 | 0 | set() | 0| 0.0 | 0.0 
2021-09-30 01:54:51,299 - INFO - load | 2 | (0.6000000000000001, 0.4) | 1 | 0 | set() | 0| 0.0 | 0.0 
2021-09-30 01:54:51,517 - INFO - load | 2 | (0.6000000000000001, 0.45) | 1 | 0 | set() | 0| 0.0 | 0.0 
2021-09-30 01:54:51,775 - INFO - load | 2 | (0.6000000000000001, 0.5) | 1 | 0 | set() | 0| 0.0 | 0.0 
2021-09-30 01:54:52,116 - INFO - load | 2 | (0.6000000000000001, 0.55) | 1 | 0 | set() | 0| 0.0 | 0.0 
2021-09-30 01:54:52,348 - INFO - load | 2 | (0.6000000000000001, 0.6000000000000001) | 1 | 1 | {20} | 0| 0.0 | 0.0 
2021-09-30 01:54:52,599 - INFO - load | 2 | (0.6000000000000001, 0.65) | 1 | 2 | {40, 20} | 13| 2.7300000000000004 | 8.718233944604595 
2021-09-30 01:54:52,824 - INFO - load | 2 | (0.6000000000000001, 0.7000000000000001) | 1 | 3 | (40, 25) | 62| 11.16 | 41.579269581960375 
2021-09-30 01:54:53,163 - INFO - load | 2 | (0.6000000000000001, 0.75) | 1 | 3 | (40, 25) | 62| 9.3 | 41.579269581960375 
2021-09-30 01:54:53,434 - INFO - load | 2 | (0.6000000000000001, 0.8) | 1 | 3 | (40, 25) | 62| 7.4399999999999995 | 41.579269581960375 
2021-09-30 01:54:53,763 - INFO - load | 2 | (0.6000000000000001, 0.8500000000000001) | 1 | 4 | (40, 25) | 62| 5.579999999999998 | 41.579269581960375 
2021-09-30 01:54:54,122 - INFO - load | 2 | (0.6000000000000001, 0.9) | 1 | 5 | (50, 25) | 65| 3.8999999999999964 | 43.59116972302297 
2021-09-30 01:54:54,541 - INFO - load | 2 | (0.6000000000000001, 0.9500000000000001) | 1 | 5 | (50, 25) | 65| 1.9499999999999944 | 43.59116972302297 
2021-09-30 01:54:55,082 - INFO - load | 2 | (0.6000000000000001, 1.0) | 1 | 5 | (50, 25) | 65| 0.0 | 43.59116972302297 
2021-09-30 01:54:55,649 - INFO - load | 2 | (0.65, 0.0) | 1 | 0 | set() | 0| 0.0 | 0.0 
2021-09-30 01:54:56,045 - INFO - load | 2 | (0.65, 0.05) | 1 | 0 | set() | 0| 0.0 | 0.0 
2021-09-30 01:54:57,863 - INFO - load | 2 | (0.65, 0.1) | 1 | 0 | set() | 0| 0.0 | 0.0 
2021-09-30 01:54:58,427 - INFO - load | 2 | (0.65, 0.15000000000000002) | 1 | 0 | set() | 0| 0.0 | 0.0 
2021-09-30 01:54:58,908 - INFO - load | 2 | (0.65, 0.2) | 1 | 0 | set() | 0| 0.0 | 0.0 
2021-09-30 01:54:59,390 - INFO - load | 2 | (0.65, 0.25) | 1 | 0 | set() | 0| 0.0 | 0.0 
2021-09-30 01:54:59,761 - INFO - load | 2 | (0.65, 0.30000000000000004) | 1 | 0 | set() | 0| 0.0 | 0.0 
2021-09-30 01:55:00,087 - INFO - load | 2 | (0.65, 0.35000000000000003) | 1 | 0 | set() | 0| 0.0 | 0.0 
2021-09-30 01:55:00,344 - INFO - load | 2 | (0.65, 0.4) | 1 | 0 | set() | 0| 0.0 | 0.0 
2021-09-30 01:55:00,626 - INFO - load | 2 | (0.65, 0.45) | 1 | 0 | set() | 0| 0.0 | 0.0 
2021-09-30 01:55:00,876 - INFO - load | 2 | (0.65, 0.5) | 1 | 0 | set() | 0| 0.0 | 0.0 
2021-09-30 01:55:01,111 - INFO - load | 2 | (0.65, 0.55) | 1 | 1 | {20} | 0| 0.0 | 0.0 
2021-09-30 01:55:01,366 - INFO - load | 2 | (0.65, 0.6000000000000001) | 1 | 2 | {40, 20} | 13| 3.3799999999999994 | 8.718233944604595 
2021-09-30 01:55:01,713 - INFO - load | 2 | (0.65, 0.65) | 1 | 3 | (40, 25) | 62| 14.104999999999999 | 41.579269581960375 
2021-09-30 01:55:02,040 - INFO - load | 2 | (0.65, 0.7000000000000001) | 1 | 3 | (40, 25) | 62| 12.089999999999996 | 41.579269581960375 
2021-09-30 01:55:02,308 - INFO - load | 2 | (0.65, 0.75) | 1 | 3 | (40, 25) | 62| 10.075 | 41.579269581960375 
2021-09-30 01:55:02,630 - INFO - load | 2 | (0.65, 0.8) | 1 | 4 | (40, 25) | 62| 8.06 | 41.579269581960375 
2021-09-30 01:55:02,931 - INFO - load | 2 | (0.65, 0.8500000000000001) | 1 | 5 | (50, 25) | 65| 6.337499999999995 | 43.59116972302297 
2021-09-30 01:55:03,250 - INFO - load | 2 | (0.65, 0.9) | 1 | 5 | (50, 25) | 65| 4.224999999999996 | 43.59116972302297 
2021-09-30 01:55:03,565 - INFO - load | 2 | (0.65, 0.9500000000000001) | 1 | 5 | (50, 25) | 65| 2.112499999999998 | 43.59116972302297 
2021-09-30 01:55:03,996 - INFO - compute | 2 | (0.65, 1.0) | 1 | 7 | (42, 25) | 79| 0.0 | 52.98003704798177 
2021-09-30 01:55:04,304 - INFO - compute | 2 | (0.7000000000000001, 0.0) | 0 | 0 | set() | 0| 0.0 | 0 
2021-09-30 01:55:04,618 - INFO - load | 2 | (0.7000000000000001, 0.05) | 0 | 0 | set() | 0| 0.0 | 0 
2021-09-30 01:55:04,936 - INFO - load | 2 | (0.7000000000000001, 0.1) | 0 | 0 | set() | 0| 0.0 | 0 
2021-09-30 01:55:05,266 - INFO - load | 2 | (0.7000000000000001, 0.15000000000000002) | 0 | 0 | set() | 0| 0.0 | 0 
2021-09-30 01:55:05,587 - INFO - load | 2 | (0.7000000000000001, 0.2) | 0 | 0 | set() | 0| 0.0 | 0 
2021-09-30 01:55:05,893 - INFO - load | 2 | (0.7000000000000001, 0.25) | 0 | 0 | set() | 0| 0.0 | 0 
2021-09-30 01:55:06,205 - INFO - load | 2 | (0.7000000000000001, 0.30000000000000004) | 0 | 0 | set() | 0| 0.0 | 0 
2021-09-30 01:55:06,508 - INFO - load | 2 | (0.7000000000000001, 0.35000000000000003) | 0 | 0 | set() | 0| 0.0 | 0 
2021-09-30 01:55:06,824 - INFO - load | 2 | (0.7000000000000001, 0.4) | 0 | 0 | set() | 0| 0.0 | 0 
2021-09-30 01:55:07,166 - INFO - load | 2 | (0.7000000000000001, 0.45) | 0 | 0 | set() | 0| 0.0 | 0 
2021-09-30 01:55:07,470 - INFO - compute | 2 | (0.7000000000000001, 0.5) | 0 | 1 | {20} | 0| 0.0 | 0 
2021-09-30 01:55:07,788 - INFO - compute | 2 | (0.7000000000000001, 0.55) | 0 | 2 | {40, 20} | 0| 0.0 | 0 
2021-09-30 01:55:08,112 - INFO - compute | 2 | (0.7000000000000001, 0.6000000000000001) | 0 | 3 | (40, 25) | 0| 0.0 | 0 
2021-09-30 01:55:08,457 - INFO - load | 2 | (0.7000000000000001, 0.65) | 0 | 3 | (40, 25) | 0| 0.0 | 0 
2021-09-30 01:55:08,776 - INFO - load | 2 | (0.7000000000000001, 0.7000000000000001) | 0 | 3 | (40, 25) | 0| 0.0 | 0 
2021-09-30 01:55:09,107 - INFO - compute | 2 | (0.7000000000000001, 0.75) | 0 | 4 | (40, 62) | 0| 0.0 | 0 
2021-09-30 01:55:09,434 - INFO - compute | 2 | (0.7000000000000001, 0.8) | 0 | 5 | (50, 62) | 0| 0.0 | 0 
2021-09-30 01:55:09,764 - INFO - load | 2 | (0.7000000000000001, 0.8500000000000001) | 0 | 5 | (50, 62) | 0| 0.0 | 0 
2021-09-30 01:55:10,118 - INFO - compute | 2 | (0.7000000000000001, 0.9) | 0 | 6 | (50, 62) | 0| 0.0 | 0 
2021-09-30 01:55:10,437 - INFO - compute | 2 | (0.7000000000000001, 0.9500000000000001) | 0 | 8 | (480, 62) | 0| 0.0 | 0 
2021-09-30 01:55:10,763 - INFO - compute | 2 | (0.7000000000000001, 1.0) | 0 | 9 | (480, 335) | 0| 0.0 | 0 
2021-09-30 01:55:11,084 - INFO - load | 2 | (0.75, 0.0) | 0 | 0 | set() | 0| 0.0 | 0 
2021-09-30 01:55:11,382 - INFO - load | 2 | (0.75, 0.05) | 0 | 0 | set() | 0| 0.0 | 0 
2021-09-30 01:55:11,690 - INFO - load | 2 | (0.75, 0.1) | 0 | 0 | set() | 0| 0.0 | 0 
2021-09-30 01:55:12,003 - INFO - load | 2 | (0.75, 0.15000000000000002) | 0 | 0 | set() | 0| 0.0 | 0 
2021-09-30 01:55:12,341 - INFO - load | 2 | (0.75, 0.2) | 0 | 0 | set() | 0| 0.0 | 0 
2021-09-30 01:55:12,658 - INFO - load | 2 | (0.75, 0.25) | 0 | 0 | set() | 0| 0.0 | 0 
2021-09-30 01:55:12,989 - INFO - load | 2 | (0.75, 0.30000000000000004) | 0 | 0 | set() | 0| 0.0 | 0 
2021-09-30 01:55:13,303 - INFO - load | 2 | (0.75, 0.35000000000000003) | 0 | 0 | set() | 0| 0.0 | 0 
2021-09-30 01:55:13,612 - INFO - load | 2 | (0.75, 0.4) | 0 | 0 | set() | 0| 0.0 | 0 
2021-09-30 01:55:13,909 - INFO - load | 2 | (0.75, 0.45) | 0 | 0 | set() | 0| 0.0 | 0 
2021-09-30 01:55:14,228 - INFO - load | 2 | (0.75, 0.5) | 0 | 2 | {40, 20} | 0| 0.0 | 0 
2021-09-30 01:55:14,542 - INFO - load | 2 | (0.75, 0.55) | 0 | 2 | {40, 20} | 0| 0.0 | 0 
2021-09-30 01:55:14,850 - INFO - load | 2 | (0.75, 0.6000000000000001) | 0 | 3 | (40, 25) | 0| 0.0 | 0 
2021-09-30 01:55:15,183 - INFO - load | 2 | (0.75, 0.65) | 0 | 3 | (40, 25) | 0| 0.0 | 0 
2021-09-30 01:55:15,494 - INFO - load | 2 | (0.75, 0.7000000000000001) | 0 | 4 | (40, 62) | 0| 0.0 | 0 
2021-09-30 01:55:15,803 - INFO - load | 2 | (0.75, 0.75) | 0 | 5 | (50, 62) | 0| 0.0 | 0 
2021-09-30 01:55:16,122 - INFO - load | 2 | (0.75, 0.8) | 0 | 5 | (50, 62) | 0| 0.0 | 0 
2021-09-30 01:55:16,446 - INFO - load | 2 | (0.75, 0.8500000000000001) | 0 | 6 | (50, 62) | 0| 0.0 | 0 
2021-09-30 01:55:16,742 - INFO - load | 2 | (0.75, 0.9) | 0 | 8 | (480, 62) | 0| 0.0 | 0 
2021-09-30 01:55:17,094 - INFO - compute | 2 | (0.75, 0.9500000000000001) | 0 | 12 | (480, 335) | 0| 0.0 | 0 
2021-09-30 01:55:17,446 - INFO - compute | 2 | (0.75, 1.0) | 0 | 22 | (1416, 2535) | 0| 0.0 | 0 
2021-09-30 01:55:17,753 - INFO - load | 2 | (0.8, 0.0) | 0 | 0 | set() | 0| 0.0 | 0 
2021-09-30 01:55:18,073 - INFO - load | 2 | (0.8, 0.05) | 0 | 0 | set() | 0| 0.0 | 0 
2021-09-30 01:55:18,400 - INFO - load | 2 | (0.8, 0.1) | 0 | 0 | set() | 0| 0.0 | 0 
2021-09-30 01:55:18,733 - INFO - load | 2 | (0.8, 0.15000000000000002) | 0 | 0 | set() | 0| 0.0 | 0 
2021-09-30 01:55:19,050 - INFO - load | 2 | (0.8, 0.2) | 0 | 0 | set() | 0| 0.0 | 0 
2021-09-30 01:55:19,386 - INFO - load | 2 | (0.8, 0.25) | 0 | 0 | set() | 0| 0.0 | 0 
2021-09-30 01:55:19,700 - INFO - load | 2 | (0.8, 0.30000000000000004) | 0 | 0 | set() | 0| 0.0 | 0 
2021-09-30 01:55:20,048 - INFO - load | 2 | (0.8, 0.35000000000000003) | 0 | 0 | set() | 0| 0.0 | 0 
2021-09-30 01:55:20,422 - INFO - load | 2 | (0.8, 0.4) | 0 | 0 | set() | 0| 0.0 | 0 
2021-09-30 01:55:20,770 - INFO - load | 2 | (0.8, 0.45) | 0 | 1 | {20} | 0| 0.0 | 0 
2021-09-30 01:55:21,125 - INFO - load | 2 | (0.8, 0.5) | 0 | 2 | {40, 20} | 0| 0.0 | 0 
2021-09-30 01:55:21,446 - INFO - load | 2 | (0.8, 0.55) | 0 | 3 | (40, 25) | 0| 0.0 | 0 
2021-09-30 01:55:21,781 - INFO - load | 2 | (0.8, 0.6000000000000001) | 0 | 3 | (40, 25) | 0| 0.0 | 0 
2021-09-30 01:55:22,139 - INFO - load | 2 | (0.8, 0.65) | 0 | 4 | (40, 62) | 0| 0.0 | 0 
2021-09-30 01:55:22,481 - INFO - load | 2 | (0.8, 0.7000000000000001) | 0 | 5 | (50, 62) | 0| 0.0 | 0 
2021-09-30 01:55:22,842 - INFO - load | 2 | (0.8, 0.75) | 0 | 5 | (50, 62) | 0| 0.0 | 0 
2021-09-30 01:55:23,212 - INFO - load | 2 | (0.8, 0.8) | 0 | 6 | (50, 62) | 0| 0.0 | 0 
2021-09-30 01:55:23,566 - INFO - load | 2 | (0.8, 0.8500000000000001) | 0 | 8 | (480, 62) | 0| 0.0 | 0 
2021-09-30 01:55:23,975 - INFO - compute | 2 | (0.8, 0.9) | 0 | 14 | (2535, 335) | 0| 0.0 | 0 
2021-09-30 01:55:24,405 - INFO - compute | 2 | (0.8, 0.9500000000000001) | 0 | 24 | (2535, 879) | 0| 0.0 | 0 
2021-09-30 01:55:24,855 - INFO - compute | 2 | (0.8, 1.0) | 0 | 58 | (4113, 4042) | 0| 0.0 | 0 
2021-09-30 01:55:25,197 - INFO - load | 2 | (0.8500000000000001, 0.0) | 0 | 0 | set() | 0| 0.0 | 0 
2021-09-30 01:55:25,594 - INFO - load | 2 | (0.8500000000000001, 0.05) | 0 | 0 | set() | 0| 0.0 | 0 
2021-09-30 01:55:25,955 - INFO - load | 2 | (0.8500000000000001, 0.1) | 0 | 0 | set() | 0| 0.0 | 0 
2021-09-30 01:55:26,306 - INFO - load | 2 | (0.8500000000000001, 0.15000000000000002) | 0 | 0 | set() | 0| 0.0 | 0 
2021-09-30 01:55:26,663 - INFO - load | 2 | (0.8500000000000001, 0.2) | 0 | 0 | set() | 0| 0.0 | 0 
2021-09-30 01:55:27,030 - INFO - load | 2 | (0.8500000000000001, 0.25) | 0 | 0 | set() | 0| 0.0 | 0 
2021-09-30 01:55:27,412 - INFO - load | 2 | (0.8500000000000001, 0.30000000000000004) | 0 | 0 | set() | 0| 0.0 | 0 
2021-09-30 01:55:27,733 - INFO - load | 2 | (0.8500000000000001, 0.35000000000000003) | 0 | 0 | set() | 0| 0.0 | 0 
2021-09-30 01:55:28,075 - INFO - load | 2 | (0.8500000000000001, 0.4) | 0 | 0 | set() | 0| 0.0 | 0 
2021-09-30 01:55:28,416 - INFO - load | 2 | (0.8500000000000001, 0.45) | 0 | 2 | {40, 20} | 0| 0.0 | 0 
2021-09-30 01:55:28,734 - INFO - load | 2 | (0.8500000000000001, 0.5) | 0 | 3 | (40, 25) | 0| 0.0 | 0 
2021-09-30 01:55:29,070 - INFO - load | 2 | (0.8500000000000001, 0.55) | 0 | 3 | (40, 25) | 0| 0.0 | 0 
2021-09-30 01:55:29,408 - INFO - load | 2 | (0.8500000000000001, 0.6000000000000001) | 0 | 4 | (40, 62) | 0| 0.0 | 0 
2021-09-30 01:55:29,747 - INFO - load | 2 | (0.8500000000000001, 0.65) | 0 | 5 | (50, 62) | 0| 0.0 | 0 
2021-09-30 01:55:30,062 - INFO - load | 2 | (0.8500000000000001, 0.7000000000000001) | 0 | 5 | (50, 62) | 0| 0.0 | 0 
2021-09-30 01:55:30,388 - INFO - load | 2 | (0.8500000000000001, 0.75) | 0 | 6 | (50, 62) | 0| 0.0 | 0 
2021-09-30 01:55:30,705 - INFO - load | 2 | (0.8500000000000001, 0.8) | 0 | 8 | (480, 62) | 0| 0.0 | 0 
2021-09-30 01:55:31,078 - INFO - compute | 2 | (0.8500000000000001, 0.8500000000000001) | 0 | 15 | (2535, 335) | 0| 0.0 | 0 
2021-09-30 01:55:31,474 - INFO - compute | 2 | (0.8500000000000001, 0.9) | 0 | 25 | (3658, 2535) | 0| 0.0 | 0 
2021-09-30 01:55:31,861 - INFO - compute | 2 | (0.8500000000000001, 0.9500000000000001) | 0 | 66 | (5595, 3684) | 0| 0.0 | 0 
2021-09-30 01:55:32,338 - INFO - compute | 2 | (0.8500000000000001, 1.0) | 0 | 220 | (9709, 6139) | 0| 0.0 | 0 
2021-09-30 01:55:32,646 - INFO - load | 2 | (0.9, 0.0) | 0 | 0 | set() | 0| 0.0 | 0 
2021-09-30 01:55:32,950 - INFO - load | 2 | (0.9, 0.05) | 0 | 0 | set() | 0| 0.0 | 0 
2021-09-30 01:55:33,263 - INFO - load | 2 | (0.9, 0.1) | 0 | 0 | set() | 0| 0.0 | 0 
2021-09-30 01:55:33,567 - INFO - load | 2 | (0.9, 0.15000000000000002) | 0 | 0 | set() | 0| 0.0 | 0 
2021-09-30 01:55:33,859 - INFO - load | 2 | (0.9, 0.2) | 0 | 0 | set() | 0| 0.0 | 0 
2021-09-30 01:55:34,174 - INFO - load | 2 | (0.9, 0.25) | 0 | 0 | set() | 0| 0.0 | 0 
2021-09-30 01:55:34,482 - INFO - load | 2 | (0.9, 0.30000000000000004) | 0 | 0 | set() | 0| 0.0 | 0 
2021-09-30 01:55:34,788 - INFO - load | 2 | (0.9, 0.35000000000000003) | 0 | 0 | set() | 0| 0.0 | 0 
2021-09-30 01:55:35,083 - INFO - load | 2 | (0.9, 0.4) | 0 | 1 | {20} | 0| 0.0 | 0 
2021-09-30 01:55:35,394 - INFO - load | 2 | (0.9, 0.45) | 0 | 2 | {40, 20} | 0| 0.0 | 0 
2021-09-30 01:55:35,701 - INFO - load | 2 | (0.9, 0.5) | 0 | 3 | (40, 25) | 0| 0.0 | 0 
2021-09-30 01:55:36,016 - INFO - load | 2 | (0.9, 0.55) | 0 | 4 | (40, 62) | 0| 0.0 | 0 
2021-09-30 01:55:36,329 - INFO - load | 2 | (0.9, 0.6000000000000001) | 0 | 5 | (50, 62) | 0| 0.0 | 0 
2021-09-30 01:55:36,643 - INFO - load | 2 | (0.9, 0.65) | 0 | 5 | (50, 62) | 0| 0.0 | 0 
2021-09-30 01:55:36,949 - INFO - load | 2 | (0.9, 0.7000000000000001) | 0 | 6 | (50, 62) | 0| 0.0 | 0 
2021-09-30 01:55:37,270 - INFO - load | 2 | (0.9, 0.75) | 0 | 8 | (480, 62) | 0| 0.0 | 0 
2021-09-30 01:55:37,641 - INFO - load | 2 | (0.9, 0.8) | 0 | 14 | (2535, 335) | 0| 0.0 | 0 
2021-09-30 01:55:38,026 - INFO - load | 2 | (0.9, 0.8500000000000001) | 0 | 25 | (3658, 2535) | 0| 0.0 | 0 
2021-09-30 01:55:38,448 - INFO - compute | 2 | (0.9, 0.9) | 0 | 70 | (6016, 5595) | 0| 0.0 | 0 
2021-09-30 01:55:38,977 - INFO - compute | 2 | (0.9, 0.9500000000000001) | 0 | 261 | (9709, 6139) | 0| 0.0 | 0 
2021-09-30 01:55:41,233 - INFO - compute | 2 | (0.9, 1.0) | 0 | 1000 | (9994, 9993) | 0| 0.0 | 0 
2021-09-30 01:55:41,544 - INFO - load | 2 | (0.9500000000000001, 0.0) | 0 | 0 | set() | 0| 0.0 | 0 
2021-09-30 01:55:41,842 - INFO - load | 2 | (0.9500000000000001, 0.05) | 0 | 0 | set() | 0| 0.0 | 0 
2021-09-30 01:55:42,141 - INFO - load | 2 | (0.9500000000000001, 0.1) | 0 | 0 | set() | 0| 0.0 | 0 
2021-09-30 01:55:42,457 - INFO - load | 2 | (0.9500000000000001, 0.15000000000000002) | 0 | 0 | set() | 0| 0.0 | 0 
2021-09-30 01:55:42,755 - INFO - load | 2 | (0.9500000000000001, 0.2) | 0 | 0 | set() | 0| 0.0 | 0 
2021-09-30 01:55:43,053 - INFO - load | 2 | (0.9500000000000001, 0.25) | 0 | 0 | set() | 0| 0.0 | 0 
2021-09-30 01:55:43,351 - INFO - load | 2 | (0.9500000000000001, 0.30000000000000004) | 0 | 0 | set() | 0| 0.0 | 0 
2021-09-30 01:55:43,649 - INFO - load | 2 | (0.9500000000000001, 0.35000000000000003) | 0 | 0 | set() | 0| 0.0 | 0 
2021-09-30 01:55:43,948 - INFO - load | 2 | (0.9500000000000001, 0.4) | 0 | 2 | {40, 20} | 0| 0.0 | 0 
2021-09-30 01:55:44,260 - INFO - load | 2 | (0.9500000000000001, 0.45) | 0 | 3 | (40, 25) | 0| 0.0 | 0 
2021-09-30 01:55:44,580 - INFO - load | 2 | (0.9500000000000001, 0.5) | 0 | 3 | (40, 25) | 0| 0.0 | 0 
2021-09-30 01:55:44,881 - INFO - load | 2 | (0.9500000000000001, 0.55) | 0 | 4 | (40, 62) | 0| 0.0 | 0 
2021-09-30 01:55:45,208 - INFO - load | 2 | (0.9500000000000001, 0.6000000000000001) | 0 | 5 | (50, 62) | 0| 0.0 | 0 
2021-09-30 01:55:45,525 - INFO - load | 2 | (0.9500000000000001, 0.65) | 0 | 5 | (50, 62) | 0| 0.0 | 0 
2021-09-30 01:55:45,855 - INFO - load | 2 | (0.9500000000000001, 0.7000000000000001) | 0 | 8 | (480, 62) | 0| 0.0 | 0 
2021-09-30 01:55:46,203 - INFO - load | 2 | (0.9500000000000001, 0.75) | 0 | 12 | (480, 335) | 0| 0.0 | 0 
2021-09-30 01:55:46,557 - INFO - load | 2 | (0.9500000000000001, 0.8) | 0 | 24 | (2535, 879) | 0| 0.0 | 0 
2021-09-30 01:55:46,935 - INFO - load | 2 | (0.9500000000000001, 0.8500000000000001) | 0 | 66 | (5595, 3684) | 0| 0.0 | 0 
2021-09-30 01:55:47,351 - INFO - load | 2 | (0.9500000000000001, 0.9) | 0 | 261 | (9709, 6139) | 0| 0.0 | 0 
2021-09-30 01:55:47,744 - INFO - load | 2 | (0.9500000000000001, 0.9500000000000001) | 0 | 1000 | (9994, 9993) | 0| 0.0 | 0 
2021-09-30 01:55:48,150 - INFO - load | 2 | (0.9500000000000001, 1.0) | 0 | 1000 | (9994, 9993) | 0| 0.0 | 0 
2021-09-30 01:55:48,445 - INFO - load | 2 | (1.0, 0.0) | 0 | 0 | set() | 0| 0.0 | 0 
2021-09-30 01:55:48,764 - INFO - load | 2 | (1.0, 0.05) | 0 | 0 | set() | 0| 0.0 | 0 
2021-09-30 01:55:49,068 - INFO - load | 2 | (1.0, 0.1) | 0 | 0 | set() | 0| 0.0 | 0 
2021-09-30 01:55:49,375 - INFO - load | 2 | (1.0, 0.15000000000000002) | 0 | 0 | set() | 0| 0.0 | 0 
2021-09-30 01:55:49,723 - INFO - load | 2 | (1.0, 0.2) | 0 | 0 | set() | 0| 0.0 | 0 
2021-09-30 01:55:50,032 - INFO - load | 2 | (1.0, 0.25) | 0 | 0 | set() | 0| 0.0 | 0 
2021-09-30 01:55:50,344 - INFO - load | 2 | (1.0, 0.30000000000000004) | 0 | 0 | set() | 0| 0.0 | 0 
2021-09-30 01:55:50,668 - INFO - load | 2 | (1.0, 0.35000000000000003) | 0 | 1 | {20} | 0| 0.0 | 0 
2021-09-30 01:55:50,971 - INFO - load | 2 | (1.0, 0.4) | 0 | 2 | {40, 20} | 0| 0.0 | 0 
2021-09-30 01:55:51,275 - INFO - load | 2 | (1.0, 0.45) | 0 | 3 | (40, 25) | 0| 0.0 | 0 
2021-09-30 01:55:51,586 - INFO - load | 2 | (1.0, 0.5) | 0 | 4 | (40, 62) | 0| 0.0 | 0 
2021-09-30 01:55:51,900 - INFO - load | 2 | (1.0, 0.55) | 0 | 5 | (50, 62) | 0| 0.0 | 0 
2021-09-30 01:55:52,221 - INFO - load | 2 | (1.0, 0.6000000000000001) | 0 | 5 | (50, 62) | 0| 0.0 | 0 
2021-09-30 01:55:52,636 - INFO - compute | 2 | (1.0, 0.65) | 0 | 7 | (480, 62) | 0| 0.0 | 0 
2021-09-30 01:55:52,955 - INFO - load | 2 | (1.0, 0.7000000000000001) | 0 | 9 | (480, 335) | 0| 0.0 | 0 
2021-09-30 01:55:53,304 - INFO - load | 2 | (1.0, 0.75) | 0 | 22 | (1416, 2535) | 0| 0.0 | 0 
2021-09-30 01:55:53,670 - INFO - load | 2 | (1.0, 0.8) | 0 | 58 | (4113, 4042) | 0| 0.0 | 0 
2021-09-30 01:55:54,044 - INFO - load | 2 | (1.0, 0.8500000000000001) | 0 | 220 | (9709, 6139) | 0| 0.0 | 0 
2021-09-30 01:55:54,546 - INFO - load | 2 | (1.0, 0.9) | 0 | 1000 | (9994, 9993) | 0| 0.0 | 0 
2021-09-30 01:55:54,956 - INFO - load | 2 | (1.0, 0.9500000000000001) | 0 | 1000 | (9994, 9993) | 0| 0.0 | 0 
2021-09-30 01:55:55,365 - INFO - load | 2 | (1.0, 1.0) | 0 | 1000 | (9994, 9993) | 0| 0.0 | 0 
