2021-09-27 10:08:33,610 - INFO - run algo
2021-09-27 10:08:33,903 - INFO - 9513
2021-09-27 10:08:33,912 - INFO - 10000
2021-09-27 10:08:41,501 - INFO - load:
2021-09-27 10:08:41,504 - INFO - Finish random requester set R and supplier set S 
                             percent_R=0.1, num_R=1000, len_R=1000 
                             percent_S=0.1, num_S=1000, len_S=1000
2021-09-27 10:08:51,973 - INFO - load | 1 | (0.0, 0.0) | 1000 | 0 | set() | 0| 0.0 | 0.0 
2021-09-27 10:08:51,975 - INFO - load | 1 | (0.0, 0.05) | 1000 | 0 | set() | 0| 0.0 | 0.0 
2021-09-27 10:08:51,976 - INFO - load | 1 | (0.0, 0.1) | 1000 | 0 | set() | 0| 0.0 | 0.0 
2021-09-27 10:08:51,978 - INFO - load | 1 | (0.0, 0.15000000000000002) | 1000 | 0 | set() | 0| 0.0 | 0.0 
2021-09-27 10:08:51,979 - INFO - load | 1 | (0.0, 0.2) | 1000 | 0 | set() | 0| 0.0 | 0.0 
2021-09-27 10:08:51,980 - INFO - load | 1 | (0.0, 0.25) | 1000 | 0 | set() | 0| 0.0 | 0.0 
2021-09-27 10:08:51,982 - INFO - load | 1 | (0.0, 0.30000000000000004) | 1000 | 0 | set() | 0| 0.0 | 0.0 
2021-09-27 10:08:51,983 - INFO - load | 1 | (0.0, 0.35000000000000003) | 1000 | 0 | set() | 0| 0.0 | 0.0 
2021-09-27 10:08:51,984 - INFO - load | 1 | (0.0, 0.4) | 1000 | 0 | set() | 0| 0.0 | 0.0 
2021-09-27 10:08:51,985 - INFO - load | 1 | (0.0, 0.45) | 1000 | 0 | set() | 0| 0.0 | 0.0 
2021-09-27 10:08:51,986 - INFO - load | 1 | (0.0, 0.5) | 1000 | 0 | set() | 0| 0.0 | 0.0 
2021-09-27 10:08:51,987 - INFO - load | 1 | (0.0, 0.55) | 1000 | 0 | set() | 0| 0.0 | 0.0 
2021-09-27 10:08:51,988 - INFO - load | 1 | (0.0, 0.6000000000000001) | 1000 | 0 | set() | 0| 0.0 | 0.0 
2021-09-27 10:08:51,990 - INFO - load | 1 | (0.0, 0.65) | 1000 | 0 | set() | 0| 0.0 | 0.0 
2021-09-27 10:08:51,991 - INFO - load | 1 | (0.0, 0.7000000000000001) | 1000 | 0 | set() | 0| 0.0 | 0.0 
2021-09-27 10:08:51,992 - INFO - load | 1 | (0.0, 0.75) | 1000 | 0 | set() | 0| 0.0 | 0.0 
2021-09-27 10:08:51,993 - INFO - load | 1 | (0.0, 0.8) | 1000 | 0 | set() | 0| 0.0 | 0.0 
2021-09-27 10:08:51,994 - INFO - load | 1 | (0.0, 0.8500000000000001) | 1000 | 0 | set() | 0| 0.0 | 0.0 
2021-09-27 10:08:51,995 - INFO - load | 1 | (0.0, 0.9) | 1000 | 0 | set() | 0| 0.0 | 0.0 
2021-09-27 10:08:51,996 - INFO - load | 1 | (0.0, 0.9500000000000001) | 1000 | 0 | set() | 0| 0.0 | 0.0 
2021-09-27 10:08:51,997 - INFO - load | 1 | (0.0, 1.0) | 1000 | 0 | set() | 0| 0.0 | 0.0 
2021-09-27 10:08:51,998 - INFO - load | 1 | (0.05, 0.0) | 1000 | 0 | set() | 0| 0.0 | 0.0 
2021-09-27 10:08:51,999 - INFO - load | 1 | (0.05, 0.05) | 1000 | 0 | set() | 0| 0.0 | 0.0 
2021-09-27 10:08:52,000 - INFO - load | 1 | (0.05, 0.1) | 1000 | 0 | set() | 0| 0.0 | 0.0 
2021-09-27 10:08:52,002 - INFO - load | 1 | (0.05, 0.15000000000000002) | 1000 | 0 | set() | 0| 0.0 | 0.0 
2021-09-27 10:08:52,003 - INFO - load | 1 | (0.05, 0.2) | 1000 | 0 | set() | 0| 0.0 | 0.0 
2021-09-27 10:08:52,004 - INFO - load | 1 | (0.05, 0.25) | 1000 | 0 | set() | 0| 0.0 | 0.0 
2021-09-27 10:08:52,006 - INFO - load | 1 | (0.05, 0.30000000000000004) | 1000 | 0 | set() | 0| 0.0 | 0.0 
2021-09-27 10:08:52,007 - INFO - load | 1 | (0.05, 0.35000000000000003) | 1000 | 0 | set() | 0| 0.0 | 0.0 
2021-09-27 10:08:52,008 - INFO - load | 1 | (0.05, 0.4) | 1000 | 0 | set() | 0| 0.0 | 0.0 
2021-09-27 10:08:52,009 - INFO - load | 1 | (0.05, 0.45) | 1000 | 0 | set() | 0| 0.0 | 0.0 
2021-09-27 10:08:52,010 - INFO - load | 1 | (0.05, 0.5) | 1000 | 0 | set() | 0| 0.0 | 0.0 
2021-09-27 10:08:52,011 - INFO - load | 1 | (0.05, 0.55) | 1000 | 0 | set() | 0| 0.0 | 0.0 
2021-09-27 10:08:52,012 - INFO - load | 1 | (0.05, 0.6000000000000001) | 1000 | 0 | set() | 0| 0.0 | 0.0 
2021-09-27 10:08:52,014 - INFO - load | 1 | (0.05, 0.65) | 1000 | 0 | set() | 0| 0.0 | 0.0 
2021-09-27 10:08:52,016 - INFO - load | 1 | (0.05, 0.7000000000000001) | 1000 | 0 | set() | 0| 0.0 | 0.0 
2021-09-27 10:08:52,017 - INFO - load | 1 | (0.05, 0.75) | 1000 | 0 | set() | 0| 0.0 | 0.0 
2021-09-27 10:08:52,018 - INFO - load | 1 | (0.05, 0.8) | 1000 | 0 | set() | 0| 0.0 | 0.0 
2021-09-27 10:08:52,019 - INFO - load | 1 | (0.05, 0.8500000000000001) | 1000 | 0 | set() | 0| 0.0 | 0.0 
2021-09-27 10:08:52,020 - INFO - load | 1 | (0.05, 0.9) | 1000 | 0 | set() | 0| 0.0 | 0.0 
2021-09-27 10:08:52,021 - INFO - load | 1 | (0.05, 0.9500000000000001) | 1000 | 0 | set() | 0| 0.0 | 0.0 
2021-09-27 10:08:52,023 - INFO - load | 1 | (0.05, 1.0) | 1000 | 0 | set() | 0| 0.0 | 0.0 
2021-09-27 10:08:52,024 - INFO - load | 1 | (0.1, 0.0) | 1000 | 0 | set() | 0| 0.0 | 0.0 
2021-09-27 10:08:52,025 - INFO - load | 1 | (0.1, 0.05) | 1000 | 0 | set() | 0| 0.0 | 0.0 
2021-09-27 10:08:52,026 - INFO - load | 1 | (0.1, 0.1) | 1000 | 0 | set() | 0| 0.0 | 0.0 
2021-09-27 10:08:52,027 - INFO - load | 1 | (0.1, 0.15000000000000002) | 1000 | 0 | set() | 0| 0.0 | 0.0 
2021-09-27 10:08:52,028 - INFO - load | 1 | (0.1, 0.2) | 1000 | 0 | set() | 0| 0.0 | 0.0 
2021-09-27 10:08:52,029 - INFO - load | 1 | (0.1, 0.25) | 1000 | 0 | set() | 0| 0.0 | 0.0 
2021-09-27 10:08:52,030 - INFO - load | 1 | (0.1, 0.30000000000000004) | 1000 | 0 | set() | 0| 0.0 | 0.0 
2021-09-27 10:08:52,031 - INFO - load | 1 | (0.1, 0.35000000000000003) | 1000 | 0 | set() | 0| 0.0 | 0.0 
2021-09-27 10:08:52,032 - INFO - load | 1 | (0.1, 0.4) | 1000 | 0 | set() | 0| 0.0 | 0.0 
2021-09-27 10:08:52,033 - INFO - load | 1 | (0.1, 0.45) | 1000 | 0 | set() | 0| 0.0 | 0.0 
2021-09-27 10:08:52,034 - INFO - load | 1 | (0.1, 0.5) | 1000 | 0 | set() | 0| 0.0 | 0.0 
2021-09-27 10:08:52,035 - INFO - load | 1 | (0.1, 0.55) | 1000 | 0 | set() | 0| 0.0 | 0.0 
2021-09-27 10:08:52,037 - INFO - load | 1 | (0.1, 0.6000000000000001) | 1000 | 0 | set() | 0| 0.0 | 0.0 
2021-09-27 10:08:52,038 - INFO - load | 1 | (0.1, 0.65) | 1000 | 0 | set() | 0| 0.0 | 0.0 
2021-09-27 10:08:52,039 - INFO - load | 1 | (0.1, 0.7000000000000001) | 1000 | 0 | set() | 0| 0.0 | 0.0 
2021-09-27 10:08:52,040 - INFO - load | 1 | (0.1, 0.75) | 1000 | 0 | set() | 0| 0.0 | 0.0 
2021-09-27 10:08:52,041 - INFO - load | 1 | (0.1, 0.8) | 1000 | 0 | set() | 0| 0.0 | 0.0 
2021-09-27 10:08:52,042 - INFO - load | 1 | (0.1, 0.8500000000000001) | 1000 | 0 | set() | 0| 0.0 | 0.0 
2021-09-27 10:08:52,043 - INFO - load | 1 | (0.1, 0.9) | 1000 | 0 | set() | 0| 0.0 | 0.0 
2021-09-27 10:08:52,044 - INFO - load | 1 | (0.1, 0.9500000000000001) | 1000 | 0 | set() | 0| 0.0 | 0.0 
2021-09-27 10:08:52,045 - INFO - load | 1 | (0.1, 1.0) | 1000 | 0 | set() | 0| 0.0 | 0.0 
2021-09-27 10:08:52,046 - INFO - load | 1 | (0.15000000000000002, 0.0) | 1000 | 0 | set() | 0| 0.0 | 0.0 
2021-09-27 10:08:52,047 - INFO - load | 1 | (0.15000000000000002, 0.05) | 1000 | 0 | set() | 0| 0.0 | 0.0 
2021-09-27 10:08:52,048 - INFO - load | 1 | (0.15000000000000002, 0.1) | 1000 | 0 | set() | 0| 0.0 | 0.0 
2021-09-27 10:08:52,049 - INFO - load | 1 | (0.15000000000000002, 0.15000000000000002) | 1000 | 0 | set() | 0| 0.0 | 0.0 
2021-09-27 10:08:52,050 - INFO - load | 1 | (0.15000000000000002, 0.2) | 1000 | 0 | set() | 0| 0.0 | 0.0 
2021-09-27 10:08:52,051 - INFO - load | 1 | (0.15000000000000002, 0.25) | 1000 | 0 | set() | 0| 0.0 | 0.0 
2021-09-27 10:08:52,052 - INFO - load | 1 | (0.15000000000000002, 0.30000000000000004) | 1000 | 0 | set() | 0| 0.0 | 0.0 
2021-09-27 10:08:52,053 - INFO - load | 1 | (0.15000000000000002, 0.35000000000000003) | 1000 | 0 | set() | 0| 0.0 | 0.0 
2021-09-27 10:08:52,054 - INFO - load | 1 | (0.15000000000000002, 0.4) | 1000 | 0 | set() | 0| 0.0 | 0.0 
2021-09-27 10:08:52,055 - INFO - load | 1 | (0.15000000000000002, 0.45) | 1000 | 0 | set() | 0| 0.0 | 0.0 
2021-09-27 10:08:52,057 - INFO - load | 1 | (0.15000000000000002, 0.5) | 1000 | 0 | set() | 0| 0.0 | 0.0 
2021-09-27 10:08:52,058 - INFO - load | 1 | (0.15000000000000002, 0.55) | 1000 | 0 | set() | 0| 0.0 | 0.0 
2021-09-27 10:08:52,059 - INFO - load | 1 | (0.15000000000000002, 0.6000000000000001) | 1000 | 0 | set() | 0| 0.0 | 0.0 
2021-09-27 10:08:52,060 - INFO - load | 1 | (0.15000000000000002, 0.65) | 1000 | 0 | set() | 0| 0.0 | 0.0 
2021-09-27 10:08:52,061 - INFO - load | 1 | (0.15000000000000002, 0.7000000000000001) | 1000 | 0 | set() | 0| 0.0 | 0.0 
2021-09-27 10:08:52,062 - INFO - load | 1 | (0.15000000000000002, 0.75) | 1000 | 0 | set() | 0| 0.0 | 0.0 
2021-09-27 10:08:52,063 - INFO - load | 1 | (0.15000000000000002, 0.8) | 1000 | 0 | set() | 0| 0.0 | 0.0 
2021-09-27 10:08:52,064 - INFO - load | 1 | (0.15000000000000002, 0.8500000000000001) | 1000 | 0 | set() | 0| 0.0 | 0.0 
2021-09-27 10:08:52,065 - INFO - load | 1 | (0.15000000000000002, 0.9) | 1000 | 0 | set() | 0| 0.0 | 0.0 
2021-09-27 10:08:52,066 - INFO - load | 1 | (0.15000000000000002, 0.9500000000000001) | 1000 | 0 | set() | 0| 0.0 | 0.0 
2021-09-27 10:08:52,067 - INFO - load | 1 | (0.15000000000000002, 1.0) | 1000 | 0 | set() | 0| 0.0 | 0.0 
2021-09-27 10:08:52,068 - INFO - load | 1 | (0.2, 0.0) | 1000 | 0 | set() | 0| 0.0 | 0.0 
2021-09-27 10:08:52,069 - INFO - load | 1 | (0.2, 0.05) | 1000 | 0 | set() | 0| 0.0 | 0.0 
2021-09-27 10:08:52,070 - INFO - load | 1 | (0.2, 0.1) | 1000 | 0 | set() | 0| 0.0 | 0.0 
2021-09-27 10:08:52,071 - INFO - load | 1 | (0.2, 0.15000000000000002) | 1000 | 0 | set() | 0| 0.0 | 0.0 
2021-09-27 10:08:52,073 - INFO - load | 1 | (0.2, 0.2) | 1000 | 0 | set() | 0| 0.0 | 0.0 
2021-09-27 10:08:52,074 - INFO - load | 1 | (0.2, 0.25) | 1000 | 0 | set() | 0| 0.0 | 0.0 
2021-09-27 10:08:52,075 - INFO - load | 1 | (0.2, 0.30000000000000004) | 1000 | 0 | set() | 0| 0.0 | 0.0 
2021-09-27 10:08:52,076 - INFO - load | 1 | (0.2, 0.35000000000000003) | 1000 | 0 | set() | 0| 0.0 | 0.0 
2021-09-27 10:08:52,078 - INFO - load | 1 | (0.2, 0.4) | 1000 | 0 | set() | 0| 0.0 | 0.0 
2021-09-27 10:08:52,079 - INFO - load | 1 | (0.2, 0.45) | 1000 | 0 | set() | 0| 0.0 | 0.0 
2021-09-27 10:08:52,080 - INFO - load | 1 | (0.2, 0.5) | 1000 | 0 | set() | 0| 0.0 | 0.0 
2021-09-27 10:08:52,081 - INFO - load | 1 | (0.2, 0.55) | 1000 | 0 | set() | 0| 0.0 | 0.0 
2021-09-27 10:08:52,082 - INFO - load | 1 | (0.2, 0.6000000000000001) | 1000 | 0 | set() | 0| 0.0 | 0.0 
2021-09-27 10:08:52,083 - INFO - load | 1 | (0.2, 0.65) | 1000 | 0 | set() | 0| 0.0 | 0.0 
2021-09-27 10:08:52,084 - INFO - load | 1 | (0.2, 0.7000000000000001) | 1000 | 0 | set() | 0| 0.0 | 0.0 
2021-09-27 10:08:52,085 - INFO - load | 1 | (0.2, 0.75) | 1000 | 0 | set() | 0| 0.0 | 0.0 
2021-09-27 10:08:52,086 - INFO - load | 1 | (0.2, 0.8) | 1000 | 0 | set() | 0| 0.0 | 0.0 
2021-09-27 10:08:52,087 - INFO - load | 1 | (0.2, 0.8500000000000001) | 1000 | 0 | set() | 0| 0.0 | 0.0 
2021-09-27 10:08:52,088 - INFO - load | 1 | (0.2, 0.9) | 1000 | 0 | set() | 0| 0.0 | 0.0 
2021-09-27 10:08:52,089 - INFO - load | 1 | (0.2, 0.9500000000000001) | 1000 | 0 | set() | 0| 0.0 | 0.0 
2021-09-27 10:08:52,090 - INFO - load | 1 | (0.2, 1.0) | 1000 | 0 | set() | 0| 0.0 | 0.0 
2021-09-27 10:08:52,091 - INFO - load | 1 | (0.25, 0.0) | 1000 | 0 | set() | 0| 0.0 | 0.0 
2021-09-27 10:08:52,092 - INFO - load | 1 | (0.25, 0.05) | 1000 | 0 | set() | 0| 0.0 | 0.0 
2021-09-27 10:08:52,093 - INFO - load | 1 | (0.25, 0.1) | 1000 | 0 | set() | 0| 0.0 | 0.0 
2021-09-27 10:08:52,094 - INFO - load | 1 | (0.25, 0.15000000000000002) | 1000 | 0 | set() | 0| 0.0 | 0.0 
2021-09-27 10:08:52,095 - INFO - load | 1 | (0.25, 0.2) | 1000 | 0 | set() | 0| 0.0 | 0.0 
2021-09-27 10:08:52,097 - INFO - load | 1 | (0.25, 0.25) | 1000 | 0 | set() | 0| 0.0 | 0.0 
2021-09-27 10:08:52,098 - INFO - load | 1 | (0.25, 0.30000000000000004) | 1000 | 0 | set() | 0| 0.0 | 0.0 
2021-09-27 10:08:52,099 - INFO - load | 1 | (0.25, 0.35000000000000003) | 1000 | 0 | set() | 0| 0.0 | 0.0 
2021-09-27 10:08:52,100 - INFO - load | 1 | (0.25, 0.4) | 1000 | 0 | set() | 0| 0.0 | 0.0 
2021-09-27 10:08:52,101 - INFO - load | 1 | (0.25, 0.45) | 1000 | 0 | set() | 0| 0.0 | 0.0 
2021-09-27 10:08:52,102 - INFO - load | 1 | (0.25, 0.5) | 1000 | 0 | set() | 0| 0.0 | 0.0 
2021-09-27 10:08:52,103 - INFO - load | 1 | (0.25, 0.55) | 1000 | 0 | set() | 0| 0.0 | 0.0 
2021-09-27 10:08:52,104 - INFO - load | 1 | (0.25, 0.6000000000000001) | 1000 | 0 | set() | 0| 0.0 | 0.0 
2021-09-27 10:08:52,105 - INFO - load | 1 | (0.25, 0.65) | 1000 | 0 | set() | 0| 0.0 | 0.0 
2021-09-27 10:08:52,106 - INFO - load | 1 | (0.25, 0.7000000000000001) | 1000 | 0 | set() | 0| 0.0 | 0.0 
2021-09-27 10:08:52,107 - INFO - load | 1 | (0.25, 0.75) | 1000 | 0 | set() | 0| 0.0 | 0.0 
2021-09-27 10:08:52,108 - INFO - load | 1 | (0.25, 0.8) | 1000 | 0 | set() | 0| 0.0 | 0.0 
2021-09-27 10:08:52,109 - INFO - load | 1 | (0.25, 0.8500000000000001) | 1000 | 0 | set() | 0| 0.0 | 0.0 
2021-09-27 10:08:52,110 - INFO - load | 1 | (0.25, 0.9) | 1000 | 0 | set() | 0| 0.0 | 0.0 
2021-09-27 10:08:52,111 - INFO - load | 1 | (0.25, 0.9500000000000001) | 1000 | 0 | set() | 0| 0.0 | 0.0 
2021-09-27 10:08:54,001 - INFO - compute | 1 | (0.25, 1.0) | 1000 | 1 | {20} | 83046| 0.0 | 22503.165705946223 
2021-09-27 10:08:54,017 - INFO - load | 1 | (0.30000000000000004, 0.0) | 136 | 0 | set() | 0| 0.0 | 0.0 
2021-09-27 10:08:54,034 - INFO - load | 1 | (0.30000000000000004, 0.05) | 136 | 0 | set() | 0| 0.0 | 0.0 
2021-09-27 10:08:54,052 - INFO - load | 1 | (0.30000000000000004, 0.1) | 136 | 0 | set() | 0| 0.0 | 0.0 
2021-09-27 10:08:54,069 - INFO - load | 1 | (0.30000000000000004, 0.15000000000000002) | 136 | 0 | set() | 0| 0.0 | 0.0 
2021-09-27 10:08:54,087 - INFO - load | 1 | (0.30000000000000004, 0.2) | 136 | 0 | set() | 0| 0.0 | 0.0 
2021-09-27 10:08:54,104 - INFO - load | 1 | (0.30000000000000004, 0.25) | 136 | 0 | set() | 0| 0.0 | 0.0 
2021-09-27 10:08:54,121 - INFO - load | 1 | (0.30000000000000004, 0.30000000000000004) | 136 | 0 | set() | 0| 0.0 | 0.0 
2021-09-27 10:08:54,137 - INFO - load | 1 | (0.30000000000000004, 0.35000000000000003) | 136 | 0 | set() | 0| 0.0 | 0.0 
2021-09-27 10:08:54,154 - INFO - load | 1 | (0.30000000000000004, 0.4) | 136 | 0 | set() | 0| 0.0 | 0.0 
2021-09-27 10:08:54,170 - INFO - load | 1 | (0.30000000000000004, 0.45) | 136 | 0 | set() | 0| 0.0 | 0.0 
2021-09-27 10:08:54,186 - INFO - load | 1 | (0.30000000000000004, 0.5) | 136 | 0 | set() | 0| 0.0 | 0.0 
2021-09-27 10:08:54,202 - INFO - load | 1 | (0.30000000000000004, 0.55) | 136 | 0 | set() | 0| 0.0 | 0.0 
2021-09-27 10:08:54,219 - INFO - load | 1 | (0.30000000000000004, 0.6000000000000001) | 136 | 0 | set() | 0| 0.0 | 0.0 
2021-09-27 10:08:54,235 - INFO - load | 1 | (0.30000000000000004, 0.65) | 136 | 0 | set() | 0| 0.0 | 0.0 
2021-09-27 10:08:54,252 - INFO - load | 1 | (0.30000000000000004, 0.7000000000000001) | 136 | 0 | set() | 0| 0.0 | 0.0 
2021-09-27 10:08:54,268 - INFO - load | 1 | (0.30000000000000004, 0.75) | 136 | 0 | set() | 0| 0.0 | 0.0 
2021-09-27 10:08:54,284 - INFO - load | 1 | (0.30000000000000004, 0.8) | 136 | 0 | set() | 0| 0.0 | 0.0 
2021-09-27 10:08:54,648 - INFO - compute | 1 | (0.30000000000000004, 0.8500000000000001) | 136 | 1 | {20} | 9442| 424.8899999999999 | 3209.1727566465097 
2021-09-27 10:08:54,669 - INFO - load | 1 | (0.30000000000000004, 0.9) | 136 | 2 | (20,) | 9442| 283.2599999999997 | 3209.1727566465097 
2021-09-27 10:08:54,688 - INFO - load | 1 | (0.30000000000000004, 0.9500000000000001) | 136 | 2 | (20,) | 9442| 141.6299999999996 | 3209.1727566465097 
2021-09-27 10:08:54,708 - INFO - load | 1 | (0.30000000000000004, 1.0) | 136 | 2 | (20,) | 9442| 0.0 | 3209.1727566465097 
2021-09-27 10:08:54,852 - INFO - compute | 1 | (0.35000000000000003, 0.0) | 47 | 0 | set() | 0| 0.0 | 0.0 
2021-09-27 10:08:54,945 - INFO - load | 1 | (0.35000000000000003, 0.05) | 47 | 0 | set() | 0| 0.0 | 0.0 
2021-09-27 10:08:55,038 - INFO - load | 1 | (0.35000000000000003, 0.1) | 47 | 0 | set() | 0| 0.0 | 0.0 
2021-09-27 10:08:55,130 - INFO - load | 1 | (0.35000000000000003, 0.15000000000000002) | 47 | 0 | set() | 0| 0.0 | 0.0 
2021-09-27 10:08:55,222 - INFO - load | 1 | (0.35000000000000003, 0.2) | 47 | 0 | set() | 0| 0.0 | 0.0 
2021-09-27 10:08:55,314 - INFO - load | 1 | (0.35000000000000003, 0.25) | 47 | 0 | set() | 0| 0.0 | 0.0 
2021-09-27 10:08:55,409 - INFO - load | 1 | (0.35000000000000003, 0.30000000000000004) | 47 | 0 | set() | 0| 0.0 | 0.0 
2021-09-27 10:08:55,502 - INFO - load | 1 | (0.35000000000000003, 0.35000000000000003) | 47 | 0 | set() | 0| 0.0 | 0.0 
2021-09-27 10:08:55,596 - INFO - load | 1 | (0.35000000000000003, 0.4) | 47 | 0 | set() | 0| 0.0 | 0.0 
2021-09-27 10:08:55,688 - INFO - load | 1 | (0.35000000000000003, 0.45) | 47 | 0 | set() | 0| 0.0 | 0.0 
2021-09-27 10:08:55,781 - INFO - load | 1 | (0.35000000000000003, 0.5) | 47 | 0 | set() | 0| 0.0 | 0.0 
2021-09-27 10:08:55,874 - INFO - load | 1 | (0.35000000000000003, 0.55) | 47 | 0 | set() | 0| 0.0 | 0.0 
2021-09-27 10:08:55,966 - INFO - load | 1 | (0.35000000000000003, 0.6000000000000001) | 47 | 0 | set() | 0| 0.0 | 0.0 
2021-09-27 10:08:56,059 - INFO - load | 1 | (0.35000000000000003, 0.65) | 47 | 0 | set() | 0| 0.0 | 0.0 
2021-09-27 10:08:56,250 - INFO - compute | 1 | (0.35000000000000003, 0.7000000000000001) | 47 | 1 | {20} | 2714| 284.96999999999997 | 1079.2520033807903 
2021-09-27 10:08:56,351 - INFO - load | 1 | (0.35000000000000003, 0.75) | 47 | 1 | {20} | 2714| 237.47500000000005 | 1079.2520033807903 
2021-09-27 10:08:56,590 - INFO - compute | 1 | (0.35000000000000003, 0.8) | 47 | 2 | (20,) | 2714| 189.98000000000002 | 1079.2520033807903 
2021-09-27 10:08:56,692 - INFO - load | 1 | (0.35000000000000003, 0.8500000000000001) | 47 | 2 | (20,) | 2714| 142.48499999999999 | 1079.2520033807903 
2021-09-27 10:08:56,977 - INFO - compute | 1 | (0.35000000000000003, 0.9) | 47 | 3 | (20,) | 2714| 94.98999999999994 | 1079.2520033807903 
2021-09-27 10:08:57,085 - INFO - load | 1 | (0.35000000000000003, 0.9500000000000001) | 47 | 3 | (20,) | 2714| 47.49499999999989 | 1079.2520033807903 
2021-09-27 10:08:57,184 - INFO - load | 1 | (0.35000000000000003, 1.0) | 47 | 3 | (20,) | 2714| 0.0 | 1079.2520033807903 
2021-09-27 10:08:57,204 - INFO - load | 1 | (0.4, 0.0) | 19 | 0 | set() | 0| 0.0 | 0.0 
2021-09-27 10:08:57,224 - INFO - load | 1 | (0.4, 0.05) | 19 | 0 | set() | 0| 0.0 | 0.0 
2021-09-27 10:08:57,245 - INFO - load | 1 | (0.4, 0.1) | 19 | 0 | set() | 0| 0.0 | 0.0 
2021-09-27 10:08:57,267 - INFO - load | 1 | (0.4, 0.15000000000000002) | 19 | 0 | set() | 0| 0.0 | 0.0 
2021-09-27 10:08:57,287 - INFO - load | 1 | (0.4, 0.2) | 19 | 0 | set() | 0| 0.0 | 0.0 
2021-09-27 10:08:57,307 - INFO - load | 1 | (0.4, 0.25) | 19 | 0 | set() | 0| 0.0 | 0.0 
2021-09-27 10:08:57,328 - INFO - load | 1 | (0.4, 0.30000000000000004) | 19 | 0 | set() | 0| 0.0 | 0.0 
2021-09-27 10:08:57,348 - INFO - load | 1 | (0.4, 0.35000000000000003) | 19 | 0 | set() | 0| 0.0 | 0.0 
2021-09-27 10:08:57,369 - INFO - load | 1 | (0.4, 0.4) | 19 | 0 | set() | 0| 0.0 | 0.0 
2021-09-27 10:08:57,389 - INFO - load | 1 | (0.4, 0.45) | 19 | 0 | set() | 0| 0.0 | 0.0 
2021-09-27 10:08:57,409 - INFO - load | 1 | (0.4, 0.5) | 19 | 0 | set() | 0| 0.0 | 0.0 
2021-09-27 10:08:57,430 - INFO - load | 1 | (0.4, 0.55) | 19 | 0 | set() | 0| 0.0 | 0.0 
2021-09-27 10:08:57,451 - INFO - load | 1 | (0.4, 0.6000000000000001) | 19 | 0 | set() | 0| 0.0 | 0.0 
2021-09-27 10:08:57,591 - INFO - compute | 1 | (0.4, 0.65) | 19 | 1 | {20} | 932| 130.48000000000002 | 416.0358810068182 
2021-09-27 10:08:57,615 - INFO - load | 1 | (0.4, 0.7000000000000001) | 19 | 2 | (20,) | 932| 111.83999999999999 | 416.0358810068182 
2021-09-27 10:08:57,638 - INFO - load | 1 | (0.4, 0.75) | 19 | 2 | (20,) | 932| 93.19999999999997 | 416.0358810068182 
2021-09-27 10:08:57,661 - INFO - load | 1 | (0.4, 0.8) | 19 | 3 | (20,) | 932| 74.55999999999996 | 416.0358810068182 
2021-09-27 10:08:57,685 - INFO - load | 1 | (0.4, 0.8500000000000001) | 19 | 3 | (20,) | 932| 55.919999999999945 | 416.0358810068182 
2021-09-27 10:08:57,709 - INFO - load | 1 | (0.4, 0.9) | 19 | 3 | (20,) | 932| 37.27999999999998 | 416.0358810068182 
2021-09-27 10:08:57,906 - INFO - compute | 1 | (0.4, 0.9500000000000001) | 19 | 4 | (20,) | 932| 18.639999999999965 | 416.0358810068182 
2021-09-27 10:08:57,930 - INFO - load | 1 | (0.4, 1.0) | 19 | 5 | (20,) | 932| 0.0 | 416.0358810068182 
2021-09-27 10:08:58,042 - INFO - compute | 1 | (0.45, 0.0) | 6 | 0 | set() | 0| 0.0 | 0.0 
2021-09-27 10:08:58,147 - INFO - load | 1 | (0.45, 0.05) | 6 | 0 | set() | 0| 0.0 | 0.0 
2021-09-27 10:08:58,250 - INFO - load | 1 | (0.45, 0.1) | 6 | 0 | set() | 0| 0.0 | 0.0 
2021-09-27 10:08:58,354 - INFO - load | 1 | (0.45, 0.15000000000000002) | 6 | 0 | set() | 0| 0.0 | 0.0 
2021-09-27 10:08:58,459 - INFO - load | 1 | (0.45, 0.2) | 6 | 0 | set() | 0| 0.0 | 0.0 
2021-09-27 10:08:58,572 - INFO - load | 1 | (0.45, 0.25) | 6 | 0 | set() | 0| 0.0 | 0.0 
2021-09-27 10:08:58,680 - INFO - load | 1 | (0.45, 0.30000000000000004) | 6 | 0 | set() | 0| 0.0 | 0.0 
2021-09-27 10:08:58,783 - INFO - load | 1 | (0.45, 0.35000000000000003) | 6 | 0 | set() | 0| 0.0 | 0.0 
2021-09-27 10:08:58,885 - INFO - load | 1 | (0.45, 0.4) | 6 | 0 | set() | 0| 0.0 | 0.0 
2021-09-27 10:08:58,989 - INFO - load | 1 | (0.45, 0.45) | 6 | 0 | set() | 0| 0.0 | 0.0 
2021-09-27 10:08:59,094 - INFO - load | 1 | (0.45, 0.5) | 6 | 0 | set() | 0| 0.0 | 0.0 
2021-09-27 10:08:59,212 - INFO - compute | 1 | (0.45, 0.55) | 6 | 1 | {20} | 229| 46.372499999999995 | 118.12006834542431 
2021-09-27 10:08:59,337 - INFO - compute | 1 | (0.45, 0.6000000000000001) | 6 | 2 | (20,) | 229| 41.219999999999985 | 118.12006834542431 
2021-09-27 10:08:59,447 - INFO - load | 1 | (0.45, 0.65) | 6 | 2 | (20,) | 229| 36.067499999999995 | 118.12006834542431 
2021-09-27 10:08:59,578 - INFO - compute | 1 | (0.45, 0.7000000000000001) | 6 | 3 | (25,) | 258| 34.82999999999999 | 142.47737144575495 
2021-09-27 10:08:59,688 - INFO - load | 1 | (0.45, 0.75) | 6 | 3 | (25,) | 258| 29.025 | 142.47737144575495 
2021-09-27 10:08:59,798 - INFO - load | 1 | (0.45, 0.8) | 6 | 3 | (25,) | 258| 23.21999999999999 | 142.47737144575495 
2021-09-27 10:08:59,938 - INFO - compute | 1 | (0.45, 0.8500000000000001) | 6 | 4 | (25,) | 258| 17.41499999999999 | 142.47737144575495 
2021-09-27 10:09:00,086 - INFO - compute | 1 | (0.45, 0.9) | 6 | 5 | (25,) | 258| 11.609999999999996 | 142.47737144575495 
2021-09-27 10:09:00,204 - INFO - load | 1 | (0.45, 0.9500000000000001) | 6 | 5 | (25,) | 258| 5.804999999999991 | 142.47737144575495 
2021-09-27 10:09:00,315 - INFO - load | 1 | (0.45, 1.0) | 6 | 5 | (25,) | 258| 0.0 | 142.47737144575495 
2021-09-27 10:09:00,340 - INFO - load | 1 | (0.5, 0.0) | 4 | 0 | set() | 0| 0.0 | 0.0 
2021-09-27 10:09:00,367 - INFO - load | 1 | (0.5, 0.05) | 4 | 0 | set() | 0| 0.0 | 0.0 
2021-09-27 10:09:00,393 - INFO - load | 1 | (0.5, 0.1) | 4 | 0 | set() | 0| 0.0 | 0.0 
2021-09-27 10:09:00,417 - INFO - load | 1 | (0.5, 0.15000000000000002) | 4 | 0 | set() | 0| 0.0 | 0.0 
2021-09-27 10:09:00,442 - INFO - load | 1 | (0.5, 0.2) | 4 | 0 | set() | 0| 0.0 | 0.0 
2021-09-27 10:09:00,466 - INFO - load | 1 | (0.5, 0.25) | 4 | 0 | set() | 0| 0.0 | 0.0 
2021-09-27 10:09:00,491 - INFO - load | 1 | (0.5, 0.30000000000000004) | 4 | 0 | set() | 0| 0.0 | 0.0 
2021-09-27 10:09:00,516 - INFO - load | 1 | (0.5, 0.35000000000000003) | 4 | 0 | set() | 0| 0.0 | 0.0 
2021-09-27 10:09:00,541 - INFO - load | 1 | (0.5, 0.4) | 4 | 0 | set() | 0| 0.0 | 0.0 
2021-09-27 10:09:00,568 - INFO - load | 1 | (0.5, 0.45) | 4 | 0 | set() | 0| 0.0 | 0.0 
2021-09-27 10:09:00,593 - INFO - load | 1 | (0.5, 0.5) | 4 | 1 | {20} | 128| 32.0 | 71.02824951023545 
2021-09-27 10:09:00,621 - INFO - load | 1 | (0.5, 0.55) | 4 | 2 | (20,) | 128| 28.799999999999997 | 71.02824951023545 
2021-09-27 10:09:00,648 - INFO - load | 1 | (0.5, 0.6000000000000001) | 4 | 2 | (20,) | 128| 25.599999999999994 | 71.02824951023545 
2021-09-27 10:09:00,676 - INFO - load | 1 | (0.5, 0.65) | 4 | 3 | (25,) | 149| 26.075 | 91.63999697242659 
2021-09-27 10:09:00,702 - INFO - load | 1 | (0.5, 0.7000000000000001) | 4 | 3 | (25,) | 149| 22.349999999999994 | 91.63999697242659 
2021-09-27 10:09:00,835 - INFO - compute | 1 | (0.5, 0.75) | 4 | 4 | (25,) | 149| 18.625 | 91.63999697242659 
2021-09-27 10:09:00,864 - INFO - load | 1 | (0.5, 0.8) | 4 | 5 | (25,) | 149| 14.899999999999997 | 91.63999697242659 
2021-09-27 10:09:00,890 - INFO - load | 1 | (0.5, 0.8500000000000001) | 4 | 5 | (25,) | 149| 11.174999999999994 | 91.63999697242659 
2021-09-27 10:09:00,917 - INFO - load | 1 | (0.5, 0.9) | 4 | 5 | (25,) | 149| 7.449999999999998 | 91.63999697242659 
2021-09-27 10:09:00,946 - INFO - load | 1 | (0.5, 0.9500000000000001) | 4 | 5 | (25,) | 149| 3.724999999999995 | 91.63999697242659 
2021-09-27 10:09:00,975 - INFO - load | 1 | (0.5, 1.0) | 4 | 6 | (25,) | 149| 0.0 | 91.63999697242659 
2021-09-27 10:09:01,094 - INFO - compute | 1 | (0.55, 0.0) | 3 | 0 | set() | 0| 0.0 | 0.0 
2021-09-27 10:09:01,208 - INFO - load | 1 | (0.55, 0.05) | 3 | 0 | set() | 0| 0.0 | 0.0 
2021-09-27 10:09:01,324 - INFO - load | 1 | (0.55, 0.1) | 3 | 0 | set() | 0| 0.0 | 0.0 
2021-09-27 10:09:01,438 - INFO - load | 1 | (0.55, 0.15000000000000002) | 3 | 0 | set() | 0| 0.0 | 0.0 
2021-09-27 10:09:01,552 - INFO - load | 1 | (0.55, 0.2) | 3 | 0 | set() | 0| 0.0 | 0.0 
2021-09-27 10:09:01,666 - INFO - load | 1 | (0.55, 0.25) | 3 | 0 | set() | 0| 0.0 | 0.0 
2021-09-27 10:09:01,780 - INFO - load | 1 | (0.55, 0.30000000000000004) | 3 | 0 | set() | 0| 0.0 | 0.0 
2021-09-27 10:09:01,895 - INFO - load | 1 | (0.55, 0.35000000000000003) | 3 | 0 | set() | 0| 0.0 | 0.0 
2021-09-27 10:09:02,011 - INFO - load | 1 | (0.55, 0.4) | 3 | 0 | set() | 0| 0.0 | 0.0 
2021-09-27 10:09:02,139 - INFO - compute | 1 | (0.55, 0.45) | 3 | 1 | {20} | 78| 23.595 | 45.45902820348294 
2021-09-27 10:09:02,275 - INFO - compute | 1 | (0.55, 0.5) | 3 | 2 | (20,) | 78| 21.450000000000003 | 45.45902820348294 
2021-09-27 10:09:02,406 - INFO - compute | 1 | (0.55, 0.55) | 3 | 3 | (25,) | 94| 23.265 | 63.513853534998816 
2021-09-27 10:09:02,526 - INFO - load | 1 | (0.55, 0.6000000000000001) | 3 | 3 | (25,) | 94| 20.679999999999996 | 63.513853534998816 
2021-09-27 10:09:02,644 - INFO - load | 1 | (0.55, 0.65) | 3 | 3 | (25,) | 94| 18.095 | 63.513853534998816 
2021-09-27 10:09:02,778 - INFO - compute | 1 | (0.55, 0.7000000000000001) | 3 | 4 | (25,) | 94| 15.509999999999998 | 63.513853534998816 
2021-09-27 10:09:02,915 - INFO - compute | 1 | (0.55, 0.75) | 3 | 5 | (25,) | 94| 12.925 | 63.513853534998816 
2021-09-27 10:09:03,036 - INFO - load | 1 | (0.55, 0.8) | 3 | 5 | (25,) | 94| 10.339999999999998 | 63.513853534998816 
2021-09-27 10:09:03,155 - INFO - load | 1 | (0.55, 0.8500000000000001) | 3 | 5 | (25,) | 94| 7.754999999999996 | 63.513853534998816 
2021-09-27 10:09:03,297 - INFO - compute | 1 | (0.55, 0.9) | 3 | 6 | (25,) | 94| 5.169999999999999 | 63.513853534998816 
2021-09-27 10:09:03,446 - INFO - compute | 1 | (0.55, 0.9500000000000001) | 3 | 8 | (25,) | 94| 2.5849999999999973 | 63.513853534998816 
2021-09-27 10:09:03,595 - INFO - compute | 1 | (0.55, 1.0) | 3 | 9 | (25,) | 94| 0.0 | 63.513853534998816 
2021-09-27 10:09:03,624 - INFO - load | 1 | (0.6000000000000001, 0.0) | 1 | 0 | set() | 0| 0.0 | 0.0 
2021-09-27 10:09:03,653 - INFO - load | 1 | (0.6000000000000001, 0.05) | 1 | 0 | set() | 0| 0.0 | 0.0 
2021-09-27 10:09:03,682 - INFO - load | 1 | (0.6000000000000001, 0.1) | 1 | 0 | set() | 0| 0.0 | 0.0 
2021-09-27 10:09:03,712 - INFO - load | 1 | (0.6000000000000001, 0.15000000000000002) | 1 | 0 | set() | 0| 0.0 | 0.0 
2021-09-27 10:09:03,739 - INFO - load | 1 | (0.6000000000000001, 0.2) | 1 | 0 | set() | 0| 0.0 | 0.0 
2021-09-27 10:09:03,768 - INFO - load | 1 | (0.6000000000000001, 0.25) | 1 | 0 | set() | 0| 0.0 | 0.0 
2021-09-27 10:09:03,797 - INFO - load | 1 | (0.6000000000000001, 0.30000000000000004) | 1 | 0 | set() | 0| 0.0 | 0.0 
2021-09-27 10:09:03,825 - INFO - load | 1 | (0.6000000000000001, 0.35000000000000003) | 1 | 0 | set() | 0| 0.0 | 0.0 
2021-09-27 10:09:03,855 - INFO - load | 1 | (0.6000000000000001, 0.4) | 1 | 0 | set() | 0| 0.0 | 0.0 
2021-09-27 10:09:03,885 - INFO - load | 1 | (0.6000000000000001, 0.45) | 1 | 2 | (40,) | 13| 4.29 | 9.960171044260534 
2021-09-27 10:09:03,916 - INFO - load | 1 | (0.6000000000000001, 0.5) | 1 | 2 | (40,) | 13| 3.9000000000000004 | 9.960171044260534 
2021-09-27 10:09:03,945 - INFO - load | 1 | (0.6000000000000001, 0.55) | 1 | 3 | (25,) | 49| 13.23 | 37.54218316682816 
2021-09-27 10:09:03,975 - INFO - load | 1 | (0.6000000000000001, 0.6000000000000001) | 1 | 3 | (25,) | 49| 11.76 | 37.54218316682816 
2021-09-27 10:09:04,104 - INFO - compute | 1 | (0.6000000000000001, 0.65) | 1 | 4 | (25,) | 49| 10.290000000000001 | 37.54218316682816 
2021-09-27 10:09:04,136 - INFO - load | 1 | (0.6000000000000001, 0.7000000000000001) | 1 | 5 | (25,) | 49| 8.82 | 37.54218316682816 
2021-09-27 10:09:04,165 - INFO - load | 1 | (0.6000000000000001, 0.75) | 1 | 5 | (25,) | 49| 7.350000000000001 | 37.54218316682816 
2021-09-27 10:09:04,197 - INFO - load | 1 | (0.6000000000000001, 0.8) | 1 | 5 | (25,) | 49| 5.88 | 37.54218316682816 
2021-09-27 10:09:04,328 - INFO - compute | 1 | (0.6000000000000001, 0.8500000000000001) | 1 | 7 | (25,) | 49| 4.409999999999998 | 37.54218316682816 
2021-09-27 10:09:04,361 - INFO - load | 1 | (0.6000000000000001, 0.9) | 1 | 9 | (25,) | 49| 2.9399999999999973 | 37.54218316682816 
2021-09-27 10:09:04,499 - INFO - compute | 1 | (0.6000000000000001, 0.9500000000000001) | 1 | 13 | (25,) | 49| 1.4699999999999958 | 37.54218316682816 
2021-09-27 10:09:04,532 - INFO - load | 1 | (0.6000000000000001, 1.0) | 1 | 20 | (25,) | 49| 0.0 | 37.54218316682816 
2021-09-27 10:09:04,560 - INFO - load | 1 | (0.65, 0.0) | 1 | 0 | set() | 0| 0.0 | 0.0 
2021-09-27 10:09:04,590 - INFO - load | 1 | (0.65, 0.05) | 1 | 0 | set() | 0| 0.0 | 0.0 
2021-09-27 10:09:04,617 - INFO - load | 1 | (0.65, 0.1) | 1 | 0 | set() | 0| 0.0 | 0.0 
2021-09-27 10:09:04,647 - INFO - load | 1 | (0.65, 0.15000000000000002) | 1 | 0 | set() | 0| 0.0 | 0.0 
2021-09-27 10:09:04,677 - INFO - load | 1 | (0.65, 0.2) | 1 | 0 | set() | 0| 0.0 | 0.0 
2021-09-27 10:09:04,704 - INFO - load | 1 | (0.65, 0.25) | 1 | 0 | set() | 0| 0.0 | 0.0 
2021-09-27 10:09:04,732 - INFO - load | 1 | (0.65, 0.30000000000000004) | 1 | 0 | set() | 0| 0.0 | 0.0 
2021-09-27 10:09:04,763 - INFO - load | 1 | (0.65, 0.35000000000000003) | 1 | 0 | set() | 0| 0.0 | 0.0 
2021-09-27 10:09:04,894 - INFO - compute | 1 | (0.65, 0.4) | 1 | 1 | {20} | 0| 0.0 | 0.0 
2021-09-27 10:09:04,923 - INFO - load | 1 | (0.65, 0.45) | 1 | 2 | (40,) | 13| 4.6475 | 9.960171044260534 
2021-09-27 10:09:04,954 - INFO - load | 1 | (0.65, 0.5) | 1 | 3 | (25,) | 49| 15.925 | 37.54218316682816 
2021-09-27 10:09:04,986 - INFO - load | 1 | (0.65, 0.55) | 1 | 3 | (25,) | 49| 14.3325 | 37.54218316682816 
2021-09-27 10:09:05,109 - INFO - load | 1 | (0.65, 0.6000000000000001) | 1 | 4 | (25,) | 49| 12.739999999999998 | 37.54218316682816 
2021-09-27 10:09:05,140 - INFO - load | 1 | (0.65, 0.65) | 1 | 5 | (25,) | 49| 11.147499999999999 | 37.54218316682816 
2021-09-27 10:09:05,170 - INFO - load | 1 | (0.65, 0.7000000000000001) | 1 | 5 | (25,) | 49| 9.554999999999998 | 37.54218316682816 
2021-09-27 10:09:05,206 - INFO - load | 1 | (0.65, 0.75) | 1 | 6 | (25,) | 49| 7.962499999999999 | 37.54218316682816 
2021-09-27 10:09:05,347 - INFO - compute | 1 | (0.65, 0.8) | 1 | 8 | (25,) | 49| 6.37 | 37.54218316682816 
2021-09-27 10:09:05,379 - INFO - load | 1 | (0.65, 0.8500000000000001) | 1 | 9 | (25,) | 49| 4.777499999999996 | 37.54218316682816 
2021-09-27 10:09:05,529 - INFO - compute | 1 | (0.65, 0.9) | 1 | 18 | (25,) | 49| 3.1849999999999974 | 37.54218316682816 
2021-09-27 10:09:05,686 - INFO - compute | 1 | (0.65, 0.9500000000000001) | 1 | 24 | (37,) | 52| 1.6899999999999986 | 39.840684177042135 
2021-09-27 10:09:05,867 - INFO - compute | 1 | (0.65, 1.0) | 1 | 48 | (37,) | 52| 0.0 | 39.840684177042135 
2021-09-27 10:09:05,897 - INFO - load | 1 | (0.7000000000000001, 0.0) | 1 | 0 | set() | 0| 0.0 | 0.0 
2021-09-27 10:09:05,925 - INFO - load | 1 | (0.7000000000000001, 0.05) | 1 | 0 | set() | 0| 0.0 | 0.0 
2021-09-27 10:09:05,954 - INFO - load | 1 | (0.7000000000000001, 0.1) | 1 | 0 | set() | 0| 0.0 | 0.0 
2021-09-27 10:09:05,981 - INFO - load | 1 | (0.7000000000000001, 0.15000000000000002) | 1 | 0 | set() | 0| 0.0 | 0.0 
2021-09-27 10:09:06,012 - INFO - load | 1 | (0.7000000000000001, 0.2) | 1 | 0 | set() | 0| 0.0 | 0.0 
2021-09-27 10:09:06,042 - INFO - load | 1 | (0.7000000000000001, 0.25) | 1 | 0 | set() | 0| 0.0 | 0.0 
2021-09-27 10:09:06,070 - INFO - load | 1 | (0.7000000000000001, 0.30000000000000004) | 1 | 0 | set() | 0| 0.0 | 0.0 
2021-09-27 10:09:06,198 - INFO - load | 1 | (0.7000000000000001, 0.35000000000000003) | 1 | 1 | {20} | 0| 0.0 | 0.0 
2021-09-27 10:09:06,229 - INFO - load | 1 | (0.7000000000000001, 0.4) | 1 | 2 | (40,) | 13| 5.460000000000001 | 9.960171044260534 
2021-09-27 10:09:06,258 - INFO - load | 1 | (0.7000000000000001, 0.45) | 1 | 3 | (25,) | 49| 18.865000000000002 | 37.54218316682816 
2021-09-27 10:09:06,289 - INFO - load | 1 | (0.7000000000000001, 0.5) | 1 | 3 | (25,) | 49| 17.150000000000002 | 37.54218316682816 
2021-09-27 10:09:06,415 - INFO - load | 1 | (0.7000000000000001, 0.55) | 1 | 4 | (25,) | 49| 15.435 | 37.54218316682816 
2021-09-27 10:09:06,445 - INFO - load | 1 | (0.7000000000000001, 0.6000000000000001) | 1 | 5 | (25,) | 49| 13.719999999999999 | 37.54218316682816 
2021-09-27 10:09:06,476 - INFO - load | 1 | (0.7000000000000001, 0.65) | 1 | 5 | (25,) | 49| 12.004999999999999 | 37.54218316682816 
2021-09-27 10:09:06,511 - INFO - load | 1 | (0.7000000000000001, 0.7000000000000001) | 1 | 6 | (25,) | 49| 10.29 | 37.54218316682816 
2021-09-27 10:09:06,645 - INFO - load | 1 | (0.7000000000000001, 0.75) | 1 | 8 | (25,) | 49| 8.575000000000003 | 37.54218316682816 
2021-09-27 10:09:06,680 - INFO - load | 1 | (0.7000000000000001, 0.8) | 1 | 12 | (25,) | 49| 6.86 | 37.54218316682816 
2021-09-27 10:09:06,712 - INFO - load | 1 | (0.7000000000000001, 0.8500000000000001) | 1 | 20 | (25,) | 49| 5.145 | 37.54218316682816 
2021-09-27 10:09:06,747 - INFO - load | 1 | (0.7000000000000001, 0.9) | 1 | 31 | (37,) | 52| 3.6399999999999975 | 39.840684177042135 
2021-09-27 10:09:06,947 - INFO - compute | 1 | (0.7000000000000001, 0.9500000000000001) | 1 | 65 | (37,) | 52| 1.8199999999999958 | 39.840684177042135 
2021-09-27 10:09:06,984 - INFO - load | 1 | (0.7000000000000001, 1.0) | 1 | 148 | (37,) | 52| 0.0 | 39.840684177042135 
2021-09-27 10:09:07,013 - INFO - load | 1 | (0.75, 0.0) | 1 | 0 | set() | 0| 0.0 | 0.0 
2021-09-27 10:09:07,041 - INFO - load | 1 | (0.75, 0.05) | 1 | 0 | set() | 0| 0.0 | 0.0 
2021-09-27 10:09:07,069 - INFO - load | 1 | (0.75, 0.1) | 1 | 0 | set() | 0| 0.0 | 0.0 
2021-09-27 10:09:07,098 - INFO - load | 1 | (0.75, 0.15000000000000002) | 1 | 0 | set() | 0| 0.0 | 0.0 
2021-09-27 10:09:07,126 - INFO - load | 1 | (0.75, 0.2) | 1 | 0 | set() | 0| 0.0 | 0.0 
2021-09-27 10:09:07,155 - INFO - load | 1 | (0.75, 0.25) | 1 | 0 | set() | 0| 0.0 | 0.0 
2021-09-27 10:09:07,183 - INFO - load | 1 | (0.75, 0.30000000000000004) | 1 | 0 | set() | 0| 0.0 | 0.0 
2021-09-27 10:09:07,313 - INFO - load | 1 | (0.75, 0.35000000000000003) | 1 | 1 | {20} | 0| 0.0 | 0.0 
2021-09-27 10:09:07,343 - INFO - load | 1 | (0.75, 0.4) | 1 | 2 | (40,) | 13| 5.85 | 9.960171044260534 
2021-09-27 10:09:07,374 - INFO - load | 1 | (0.75, 0.45) | 1 | 3 | (25,) | 49| 20.2125 | 37.54218316682816 
2021-09-27 10:09:07,496 - INFO - load | 1 | (0.75, 0.5) | 1 | 4 | (25,) | 49| 18.375 | 37.54218316682816 
2021-09-27 10:09:07,526 - INFO - load | 1 | (0.75, 0.55) | 1 | 5 | (25,) | 49| 16.537499999999998 | 37.54218316682816 
2021-09-27 10:09:07,557 - INFO - load | 1 | (0.75, 0.6000000000000001) | 1 | 5 | (25,) | 49| 14.699999999999998 | 37.54218316682816 
2021-09-27 10:09:07,592 - INFO - load | 1 | (0.75, 0.65) | 1 | 6 | (25,) | 49| 12.862499999999997 | 37.54218316682816 
2021-09-27 10:09:07,721 - INFO - load | 1 | (0.75, 0.7000000000000001) | 1 | 8 | (25,) | 49| 11.024999999999999 | 37.54218316682816 
2021-09-27 10:09:07,758 - INFO - load | 1 | (0.75, 0.75) | 1 | 12 | (25,) | 49| 9.1875 | 37.54218316682816 
2021-09-27 10:09:07,789 - INFO - load | 1 | (0.75, 0.8) | 1 | 20 | (25,) | 49| 7.349999999999996 | 37.54218316682816 
2021-09-27 10:09:07,967 - INFO - compute | 1 | (0.75, 0.8500000000000001) | 1 | 34 | (37,) | 52| 5.849999999999996 | 39.840684177042135 
2021-09-27 10:09:08,191 - INFO - compute | 1 | (0.75, 0.9) | 1 | 79 | (37,) | 52| 3.8999999999999977 | 39.840684177042135 
2021-09-27 10:09:08,535 - INFO - compute | 1 | (0.75, 0.9500000000000001) | 1 | 194 | (37,) | 52| 1.9499999999999988 | 39.840684177042135 
2021-09-27 10:09:09,633 - INFO - compute | 1 | (0.75, 1.0) | 1 | 1000 | (37,) | 52| 0.0 | 39.840684177042135 
2021-09-27 10:09:09,670 - INFO - load | 1 | (0.8, 0.0) | 0 | 0 | set() | 0| 0.0 | 0 
2021-09-27 10:09:09,706 - INFO - load | 1 | (0.8, 0.05) | 0 | 0 | set() | 0| 0.0 | 0 
2021-09-27 10:09:09,741 - INFO - load | 1 | (0.8, 0.1) | 0 | 0 | set() | 0| 0.0 | 0 
2021-09-27 10:09:09,777 - INFO - load | 1 | (0.8, 0.15000000000000002) | 0 | 0 | set() | 0| 0.0 | 0 
2021-09-27 10:09:09,814 - INFO - load | 1 | (0.8, 0.2) | 0 | 0 | set() | 0| 0.0 | 0 
2021-09-27 10:09:09,850 - INFO - load | 1 | (0.8, 0.25) | 0 | 0 | set() | 0| 0.0 | 0 
2021-09-27 10:09:09,886 - INFO - load | 1 | (0.8, 0.30000000000000004) | 0 | 0 | set() | 0| 0.0 | 0 
2021-09-27 10:09:09,928 - INFO - load | 1 | (0.8, 0.35000000000000003) | 0 | 2 | (40,) | 0| 0.0 | 0 
2021-09-27 10:09:09,965 - INFO - load | 1 | (0.8, 0.4) | 0 | 3 | (40,) | 0| 0.0 | 0 
2021-09-27 10:09:10,002 - INFO - load | 1 | (0.8, 0.45) | 0 | 3 | (40,) | 0| 0.0 | 0 
2021-09-27 10:09:10,042 - INFO - load | 1 | (0.8, 0.5) | 0 | 5 | (62,) | 0| 0.0 | 0 
2021-09-27 10:09:10,080 - INFO - load | 1 | (0.8, 0.55) | 0 | 5 | (62,) | 0| 0.0 | 0 
2021-09-27 10:09:10,118 - INFO - load | 1 | (0.8, 0.6000000000000001) | 0 | 5 | (62,) | 0| 0.0 | 0 
2021-09-27 10:09:10,265 - INFO - compute | 1 | (0.8, 0.65) | 0 | 8 | (480,) | 0| 0.0 | 0 
2021-09-27 10:09:10,303 - INFO - load | 1 | (0.8, 0.7000000000000001) | 0 | 12 | (480,) | 0| 0.0 | 0 
2021-09-27 10:09:10,350 - INFO - load | 1 | (0.8, 0.75) | 0 | 20 | (2535,) | 0| 0.0 | 0 
2021-09-27 10:09:10,389 - INFO - load | 1 | (0.8, 0.8) | 0 | 37 | (3658,) | 0| 0.0 | 0 
2021-09-27 10:09:10,535 - INFO - compute | 1 | (0.8, 0.8500000000000001) | 0 | 89 | (7589,) | 0| 0.0 | 0 
2021-09-27 10:09:10,574 - INFO - load | 1 | (0.8, 0.9) | 0 | 235 | (9709,) | 0| 0.0 | 0 
2021-09-27 10:09:10,614 - INFO - load | 1 | (0.8, 0.9500000000000001) | 0 | 1000 | (9994,) | 0| 0.0 | 0 
2021-09-27 10:09:10,656 - INFO - load | 1 | (0.8, 1.0) | 0 | 1000 | (9994,) | 0| 0.0 | 0 
2021-09-27 10:09:10,692 - INFO - load | 1 | (0.8500000000000001, 0.0) | 0 | 0 | set() | 0| 0.0 | 0 
2021-09-27 10:09:10,728 - INFO - load | 1 | (0.8500000000000001, 0.05) | 0 | 0 | set() | 0| 0.0 | 0 
2021-09-27 10:09:10,764 - INFO - load | 1 | (0.8500000000000001, 0.1) | 0 | 0 | set() | 0| 0.0 | 0 
2021-09-27 10:09:10,801 - INFO - load | 1 | (0.8500000000000001, 0.15000000000000002) | 0 | 0 | set() | 0| 0.0 | 0 
2021-09-27 10:09:10,838 - INFO - load | 1 | (0.8500000000000001, 0.2) | 0 | 0 | set() | 0| 0.0 | 0 
2021-09-27 10:09:10,876 - INFO - load | 1 | (0.8500000000000001, 0.25) | 0 | 0 | set() | 0| 0.0 | 0 
2021-09-27 10:09:11,024 - INFO - compute | 1 | (0.8500000000000001, 0.30000000000000004) | 0 | 1 | {20} | 0| 0.0 | 0 
2021-09-27 10:09:11,065 - INFO - load | 1 | (0.8500000000000001, 0.35000000000000003) | 0 | 2 | (40,) | 0| 0.0 | 0 
2021-09-27 10:09:11,102 - INFO - load | 1 | (0.8500000000000001, 0.4) | 0 | 3 | (40,) | 0| 0.0 | 0 
2021-09-27 10:09:11,250 - INFO - compute | 1 | (0.8500000000000001, 0.45) | 0 | 4 | (62,) | 0| 0.0 | 0 
2021-09-27 10:09:11,288 - INFO - load | 1 | (0.8500000000000001, 0.5) | 0 | 5 | (62,) | 0| 0.0 | 0 
2021-09-27 10:09:11,326 - INFO - load | 1 | (0.8500000000000001, 0.55) | 0 | 5 | (62,) | 0| 0.0 | 0 
2021-09-27 10:09:11,476 - INFO - compute | 1 | (0.8500000000000001, 0.6000000000000001) | 0 | 7 | (480,) | 0| 0.0 | 0 
2021-09-27 10:09:11,518 - INFO - load | 1 | (0.8500000000000001, 0.65) | 0 | 9 | (480,) | 0| 0.0 | 0 
2021-09-27 10:09:11,564 - INFO - load | 1 | (0.8500000000000001, 0.7000000000000001) | 0 | 20 | (2535,) | 0| 0.0 | 0 
2021-09-27 10:09:11,714 - INFO - compute | 1 | (0.8500000000000001, 0.75) | 0 | 34 | (3658,) | 0| 0.0 | 0 
2021-09-27 10:09:11,860 - INFO - load | 1 | (0.8500000000000001, 0.8) | 0 | 89 | (7589,) | 0| 0.0 | 0 
2021-09-27 10:09:12,013 - INFO - compute | 1 | (0.8500000000000001, 0.8500000000000001) | 0 | 255 | (9709,) | 0| 0.0 | 0 
2021-09-27 10:09:12,054 - INFO - load | 1 | (0.8500000000000001, 0.9) | 0 | 1000 | (9994,) | 0| 0.0 | 0 
2021-09-27 10:09:12,097 - INFO - load | 1 | (0.8500000000000001, 0.9500000000000001) | 0 | 1000 | (9994,) | 0| 0.0 | 0 
2021-09-27 10:09:12,141 - INFO - load | 1 | (0.8500000000000001, 1.0) | 0 | 1000 | (9994,) | 0| 0.0 | 0 
2021-09-27 10:09:12,178 - INFO - load | 1 | (0.9, 0.0) | 0 | 0 | set() | 0| 0.0 | 0 
2021-09-27 10:09:12,214 - INFO - load | 1 | (0.9, 0.05) | 0 | 0 | set() | 0| 0.0 | 0 
2021-09-27 10:09:12,251 - INFO - load | 1 | (0.9, 0.1) | 0 | 0 | set() | 0| 0.0 | 0 
2021-09-27 10:09:12,287 - INFO - load | 1 | (0.9, 0.15000000000000002) | 0 | 0 | set() | 0| 0.0 | 0 
2021-09-27 10:09:12,324 - INFO - load | 1 | (0.9, 0.2) | 0 | 0 | set() | 0| 0.0 | 0 
2021-09-27 10:09:12,359 - INFO - load | 1 | (0.9, 0.25) | 0 | 0 | set() | 0| 0.0 | 0 
2021-09-27 10:09:12,401 - INFO - load | 1 | (0.9, 0.30000000000000004) | 0 | 2 | (40,) | 0| 0.0 | 0 
2021-09-27 10:09:12,438 - INFO - load | 1 | (0.9, 0.35000000000000003) | 0 | 3 | (40,) | 0| 0.0 | 0 
2021-09-27 10:09:12,475 - INFO - load | 1 | (0.9, 0.4) | 0 | 3 | (40,) | 0| 0.0 | 0 
2021-09-27 10:09:12,514 - INFO - load | 1 | (0.9, 0.45) | 0 | 5 | (62,) | 0| 0.0 | 0 
2021-09-27 10:09:12,552 - INFO - load | 1 | (0.9, 0.5) | 0 | 5 | (62,) | 0| 0.0 | 0 
2021-09-27 10:09:12,598 - INFO - load | 1 | (0.9, 0.55) | 0 | 6 | (62,) | 0| 0.0 | 0 
2021-09-27 10:09:12,639 - INFO - load | 1 | (0.9, 0.6000000000000001) | 0 | 9 | (480,) | 0| 0.0 | 0 
2021-09-27 10:09:12,793 - INFO - compute | 1 | (0.9, 0.65) | 0 | 18 | (2535,) | 0| 0.0 | 0 
2021-09-27 10:09:12,835 - INFO - load | 1 | (0.9, 0.7000000000000001) | 0 | 31 | (3658,) | 0| 0.0 | 0 
2021-09-27 10:09:12,989 - INFO - compute | 1 | (0.9, 0.75) | 0 | 79 | (6016,) | 0| 0.0 | 0 
2021-09-27 10:09:13,028 - INFO - load | 1 | (0.9, 0.8) | 0 | 235 | (9709,) | 0| 0.0 | 0 
2021-09-27 10:09:13,070 - INFO - load | 1 | (0.9, 0.8500000000000001) | 0 | 1000 | (9994,) | 0| 0.0 | 0 
2021-09-27 10:09:13,110 - INFO - load | 1 | (0.9, 0.9) | 0 | 1000 | (9994,) | 0| 0.0 | 0 
2021-09-27 10:09:13,149 - INFO - load | 1 | (0.9, 0.9500000000000001) | 0 | 1000 | (9994,) | 0| 0.0 | 0 
2021-09-27 10:09:13,189 - INFO - load | 1 | (0.9, 1.0) | 0 | 1000 | (9994,) | 0| 0.0 | 0 
2021-09-27 10:09:13,227 - INFO - load | 1 | (0.9500000000000001, 0.0) | 0 | 0 | set() | 0| 0.0 | 0 
2021-09-27 10:09:13,261 - INFO - load | 1 | (0.9500000000000001, 0.05) | 0 | 0 | set() | 0| 0.0 | 0 
2021-09-27 10:09:13,299 - INFO - load | 1 | (0.9500000000000001, 0.1) | 0 | 0 | set() | 0| 0.0 | 0 
2021-09-27 10:09:13,335 - INFO - load | 1 | (0.9500000000000001, 0.15000000000000002) | 0 | 0 | set() | 0| 0.0 | 0 
2021-09-27 10:09:13,371 - INFO - load | 1 | (0.9500000000000001, 0.2) | 0 | 0 | set() | 0| 0.0 | 0 
2021-09-27 10:09:13,408 - INFO - load | 1 | (0.9500000000000001, 0.25) | 0 | 0 | set() | 0| 0.0 | 0 
2021-09-27 10:09:13,449 - INFO - load | 1 | (0.9500000000000001, 0.30000000000000004) | 0 | 2 | (40,) | 0| 0.0 | 0 
2021-09-27 10:09:13,487 - INFO - load | 1 | (0.9500000000000001, 0.35000000000000003) | 0 | 3 | (40,) | 0| 0.0 | 0 
2021-09-27 10:09:13,637 - INFO - load | 1 | (0.9500000000000001, 0.4) | 0 | 4 | (62,) | 0| 0.0 | 0 
2021-09-27 10:09:13,674 - INFO - load | 1 | (0.9500000000000001, 0.45) | 0 | 5 | (62,) | 0| 0.0 | 0 
2021-09-27 10:09:13,714 - INFO - load | 1 | (0.9500000000000001, 0.5) | 0 | 5 | (62,) | 0| 0.0 | 0 
2021-09-27 10:09:13,859 - INFO - load | 1 | (0.9500000000000001, 0.55) | 0 | 8 | (480,) | 0| 0.0 | 0 
2021-09-27 10:09:14,020 - INFO - compute | 1 | (0.9500000000000001, 0.6000000000000001) | 0 | 13 | (480,) | 0| 0.0 | 0 
2021-09-27 10:09:14,181 - INFO - compute | 1 | (0.9500000000000001, 0.65) | 0 | 24 | (2535,) | 0| 0.0 | 0 
2021-09-27 10:09:14,343 - INFO - compute | 1 | (0.9500000000000001, 0.7000000000000001) | 0 | 65 | (5595,) | 0| 0.0 | 0 
2021-09-27 10:09:14,507 - INFO - compute | 1 | (0.9500000000000001, 0.75) | 0 | 194 | (9709,) | 0| 0.0 | 0 
2021-09-27 10:09:14,546 - INFO - load | 1 | (0.9500000000000001, 0.8) | 0 | 1000 | (9994,) | 0| 0.0 | 0 
2021-09-27 10:09:14,586 - INFO - load | 1 | (0.9500000000000001, 0.8500000000000001) | 0 | 1000 | (9994,) | 0| 0.0 | 0 
2021-09-27 10:09:14,627 - INFO - load | 1 | (0.9500000000000001, 0.9) | 0 | 1000 | (9994,) | 0| 0.0 | 0 
2021-09-27 10:09:14,667 - INFO - load | 1 | (0.9500000000000001, 0.9500000000000001) | 0 | 1000 | (9994,) | 0| 0.0 | 0 
2021-09-27 10:09:14,706 - INFO - load | 1 | (0.9500000000000001, 1.0) | 0 | 1000 | (9994,) | 0| 0.0 | 0 
2021-09-27 10:09:14,744 - INFO - load | 1 | (1.0, 0.0) | 0 | 0 | set() | 0| 0.0 | 0 
2021-09-27 10:09:14,779 - INFO - load | 1 | (1.0, 0.05) | 0 | 0 | set() | 0| 0.0 | 0 
2021-09-27 10:09:14,814 - INFO - load | 1 | (1.0, 0.1) | 0 | 0 | set() | 0| 0.0 | 0 
2021-09-27 10:09:14,851 - INFO - load | 1 | (1.0, 0.15000000000000002) | 0 | 0 | set() | 0| 0.0 | 0 
2021-09-27 10:09:14,887 - INFO - load | 1 | (1.0, 0.2) | 0 | 0 | set() | 0| 0.0 | 0 
2021-09-27 10:09:15,037 - INFO - load | 1 | (1.0, 0.25) | 0 | 1 | {20} | 0| 0.0 | 0 
2021-09-27 10:09:15,078 - INFO - load | 1 | (1.0, 0.30000000000000004) | 0 | 2 | (40,) | 0| 0.0 | 0 
2021-09-27 10:09:15,115 - INFO - load | 1 | (1.0, 0.35000000000000003) | 0 | 3 | (40,) | 0| 0.0 | 0 
2021-09-27 10:09:15,153 - INFO - load | 1 | (1.0, 0.4) | 0 | 5 | (62,) | 0| 0.0 | 0 
2021-09-27 10:09:15,191 - INFO - load | 1 | (1.0, 0.45) | 0 | 5 | (62,) | 0| 0.0 | 0 
2021-09-27 10:09:15,237 - INFO - load | 1 | (1.0, 0.5) | 0 | 6 | (62,) | 0| 0.0 | 0 
2021-09-27 10:09:15,279 - INFO - load | 1 | (1.0, 0.55) | 0 | 9 | (480,) | 0| 0.0 | 0 
2021-09-27 10:09:15,325 - INFO - load | 1 | (1.0, 0.6000000000000001) | 0 | 20 | (2535,) | 0| 0.0 | 0 
2021-09-27 10:09:15,490 - INFO - compute | 1 | (1.0, 0.65) | 0 | 48 | (4113,) | 0| 0.0 | 0 
2021-09-27 10:09:15,536 - INFO - load | 1 | (1.0, 0.7000000000000001) | 0 | 148 | (8450,) | 0| 0.0 | 0 
2021-09-27 10:09:15,576 - INFO - load | 1 | (1.0, 0.75) | 0 | 1000 | (9994,) | 0| 0.0 | 0 
2021-09-27 10:09:15,615 - INFO - load | 1 | (1.0, 0.8) | 0 | 1000 | (9994,) | 0| 0.0 | 0 
2021-09-27 10:09:15,655 - INFO - load | 1 | (1.0, 0.8500000000000001) | 0 | 1000 | (9994,) | 0| 0.0 | 0 
2021-09-27 10:09:15,696 - INFO - load | 1 | (1.0, 0.9) | 0 | 1000 | (9994,) | 0| 0.0 | 0 
2021-09-27 10:09:15,736 - INFO - load | 1 | (1.0, 0.9500000000000001) | 0 | 1000 | (9994,) | 0| 0.0 | 0 
2021-09-27 10:09:15,775 - INFO - load | 1 | (1.0, 1.0) | 0 | 1000 | (9994,) | 0| 0.0 | 0 
