2021-09-27 02:35:11,739 - INFO - run algo
2021-09-27 02:35:12,034 - INFO - 9513
2021-09-27 02:35:12,043 - INFO - 10000
2021-09-27 02:35:20,080 - INFO - load:
2021-09-27 02:35:20,082 - INFO - Finish random requester set R and supplier set S 
                             percent_R=0.05, num_R=500, len_R=500 
                             percent_S=0.05, num_S=500, len_S=500
2021-09-27 02:35:29,720 - INFO - ********** (0.0, 0.0, 0.0)
2021-09-27 02:35:29,721 - INFO - max_history_budget=0, max_history_result=None
2021-09-27 02:35:30,301 - INFO - compute | 4 | (0.0, 0.0) | 500 | 0 | set() | 0.0| 0.0 | 0.0 
2021-09-27 02:35:30,741 - INFO - compute | 4 | (0.0, 0.0) | 500 | 0 | set() | 0.0| 0.0 | 0.0 
2021-09-27 02:35:31,203 - INFO - compute | 4 | (0.0, 0.0) | 500 | 0 | set() | 0.0| 0.0 | 0.0 
2021-09-27 02:35:31,678 - INFO - compute | 4 | (0.0, 0.0) | 500 | 0 | set() | 0.0| 0.0 | 0.0 
2021-09-27 02:35:31,678 - INFO - ********** (0.0, 0.1, 0.0)
2021-09-27 02:35:31,679 - INFO - max_history_budget=4, max_history_result=(set(), 0.0, 0.0)
2021-09-27 02:35:31,679 - INFO - load | 1 | (0.0, 0.1) | 500 | 0 | set() | 0.0| 0.0 | 0.0 
2021-09-27 02:35:31,680 - INFO - load | 2 | (0.0, 0.1) | 500 | 0 | set() | 0.0| 0.0 | 0.0 
2021-09-27 02:35:31,681 - INFO - load | 3 | (0.0, 0.1) | 500 | 0 | set() | 0.0| 0.0 | 0.0 
2021-09-27 02:35:31,681 - INFO - load | 4 | (0.0, 0.1) | 500 | 0 | set() | 0.0| 0.0 | 0.0 
2021-09-27 02:35:31,682 - INFO - ********** (0.0, 0.2, 0.0)
2021-09-27 02:35:31,683 - INFO - max_history_budget=4, max_history_result=(set(), 0.0, 0.0)
2021-09-27 02:35:31,683 - INFO - load | 1 | (0.0, 0.2) | 500 | 0 | set() | 0.0| 0.0 | 0.0 
2021-09-27 02:35:31,684 - INFO - load | 2 | (0.0, 0.2) | 500 | 0 | set() | 0.0| 0.0 | 0.0 
2021-09-27 02:35:31,684 - INFO - load | 3 | (0.0, 0.2) | 500 | 0 | set() | 0.0| 0.0 | 0.0 
2021-09-27 02:35:31,685 - INFO - load | 4 | (0.0, 0.2) | 500 | 0 | set() | 0.0| 0.0 | 0.0 
2021-09-27 02:35:31,685 - INFO - ********** (0.0, 0.30000000000000004, 0.0)
2021-09-27 02:35:31,686 - INFO - max_history_budget=4, max_history_result=(set(), 0.0, 0.0)
2021-09-27 02:35:31,686 - INFO - load | 1 | (0.0, 0.30000000000000004) | 500 | 0 | set() | 0.0| 0.0 | 0.0 
2021-09-27 02:35:31,687 - INFO - load | 2 | (0.0, 0.30000000000000004) | 500 | 0 | set() | 0.0| 0.0 | 0.0 
2021-09-27 02:35:31,688 - INFO - load | 3 | (0.0, 0.30000000000000004) | 500 | 0 | set() | 0.0| 0.0 | 0.0 
2021-09-27 02:35:31,688 - INFO - load | 4 | (0.0, 0.30000000000000004) | 500 | 0 | set() | 0.0| 0.0 | 0.0 
2021-09-27 02:35:31,688 - INFO - ********** (0.0, 0.4, 0.0)
2021-09-27 02:35:31,701 - INFO - max_history_budget=4, max_history_result=(set(), 0.0, 0.0)
2021-09-27 02:35:31,702 - INFO - load | 1 | (0.0, 0.4) | 500 | 0 | set() | 0.0| 0.0 | 0.0 
2021-09-27 02:35:31,702 - INFO - load | 2 | (0.0, 0.4) | 500 | 0 | set() | 0.0| 0.0 | 0.0 
2021-09-27 02:35:31,703 - INFO - load | 3 | (0.0, 0.4) | 500 | 0 | set() | 0.0| 0.0 | 0.0 
2021-09-27 02:35:31,703 - INFO - load | 4 | (0.0, 0.4) | 500 | 0 | set() | 0.0| 0.0 | 0.0 
2021-09-27 02:35:31,703 - INFO - ********** (0.0, 0.5, 0.0)
2021-09-27 02:35:31,704 - INFO - max_history_budget=4, max_history_result=(set(), 0.0, 0.0)
2021-09-27 02:35:31,704 - INFO - load | 1 | (0.0, 0.5) | 500 | 0 | set() | 0.0| 0.0 | 0.0 
2021-09-27 02:35:31,705 - INFO - load | 2 | (0.0, 0.5) | 500 | 0 | set() | 0.0| 0.0 | 0.0 
2021-09-27 02:35:31,705 - INFO - load | 3 | (0.0, 0.5) | 500 | 0 | set() | 0.0| 0.0 | 0.0 
2021-09-27 02:35:31,705 - INFO - load | 4 | (0.0, 0.5) | 500 | 0 | set() | 0.0| 0.0 | 0.0 
2021-09-27 02:35:31,706 - INFO - ********** (0.0, 0.6000000000000001, 0.0)
2021-09-27 02:35:31,706 - INFO - max_history_budget=4, max_history_result=(set(), 0.0, 0.0)
2021-09-27 02:35:31,707 - INFO - load | 1 | (0.0, 0.6000000000000001) | 500 | 0 | set() | 0.0| 0.0 | 0.0 
2021-09-27 02:35:31,707 - INFO - load | 2 | (0.0, 0.6000000000000001) | 500 | 0 | set() | 0.0| 0.0 | 0.0 
2021-09-27 02:35:31,709 - INFO - load | 3 | (0.0, 0.6000000000000001) | 500 | 0 | set() | 0.0| 0.0 | 0.0 
2021-09-27 02:35:31,709 - INFO - load | 4 | (0.0, 0.6000000000000001) | 500 | 0 | set() | 0.0| 0.0 | 0.0 
2021-09-27 02:35:31,709 - INFO - ********** (0.0, 0.7000000000000001, 0.0)
2021-09-27 02:35:31,710 - INFO - max_history_budget=4, max_history_result=(set(), 0.0, 0.0)
2021-09-27 02:35:31,711 - INFO - load | 1 | (0.0, 0.7000000000000001) | 500 | 0 | set() | 0.0| 0.0 | 0.0 
2021-09-27 02:35:31,711 - INFO - load | 2 | (0.0, 0.7000000000000001) | 500 | 0 | set() | 0.0| 0.0 | 0.0 
2021-09-27 02:35:31,711 - INFO - load | 3 | (0.0, 0.7000000000000001) | 500 | 0 | set() | 0.0| 0.0 | 0.0 
2021-09-27 02:35:31,712 - INFO - load | 4 | (0.0, 0.7000000000000001) | 500 | 0 | set() | 0.0| 0.0 | 0.0 
2021-09-27 02:35:31,712 - INFO - ********** (0.0, 0.8, 0.0)
2021-09-27 02:35:31,712 - INFO - max_history_budget=4, max_history_result=(set(), 0.0, 0.0)
2021-09-27 02:35:31,713 - INFO - load | 1 | (0.0, 0.8) | 500 | 0 | set() | 0.0| 0.0 | 0.0 
2021-09-27 02:35:31,713 - INFO - load | 2 | (0.0, 0.8) | 500 | 0 | set() | 0.0| 0.0 | 0.0 
2021-09-27 02:35:31,714 - INFO - load | 3 | (0.0, 0.8) | 500 | 0 | set() | 0.0| 0.0 | 0.0 
2021-09-27 02:35:31,714 - INFO - load | 4 | (0.0, 0.8) | 500 | 0 | set() | 0.0| 0.0 | 0.0 
2021-09-27 02:35:31,714 - INFO - ********** (0.0, 0.9, 0.0)
2021-09-27 02:35:31,715 - INFO - max_history_budget=4, max_history_result=(set(), 0.0, 0.0)
2021-09-27 02:35:31,715 - INFO - load | 1 | (0.0, 0.9) | 500 | 0 | set() | 0.0| 0.0 | 0.0 
2021-09-27 02:35:31,716 - INFO - load | 2 | (0.0, 0.9) | 500 | 0 | set() | 0.0| 0.0 | 0.0 
2021-09-27 02:35:31,716 - INFO - load | 3 | (0.0, 0.9) | 500 | 0 | set() | 0.0| 0.0 | 0.0 
2021-09-27 02:35:31,716 - INFO - load | 4 | (0.0, 0.9) | 500 | 0 | set() | 0.0| 0.0 | 0.0 
2021-09-27 02:35:31,716 - INFO - ********** (0.0, 1.0, 0.0)
2021-09-27 02:35:31,717 - INFO - max_history_budget=4, max_history_result=(set(), 0.0, 0.0)
2021-09-27 02:35:31,717 - INFO - load | 1 | (0.0, 1.0) | 500 | 0 | set() | 0.0| 0.0 | 0.0 
2021-09-27 02:35:31,718 - INFO - load | 2 | (0.0, 1.0) | 500 | 0 | set() | 0.0| 0.0 | 0.0 
2021-09-27 02:35:31,718 - INFO - load | 3 | (0.0, 1.0) | 500 | 0 | set() | 0.0| 0.0 | 0.0 
2021-09-27 02:35:31,719 - INFO - load | 4 | (0.0, 1.0) | 500 | 0 | set() | 0.0| 0.0 | 0.0 
2021-09-27 02:35:31,719 - INFO - ********** (0.1, 0.0, 0.0)
2021-09-27 02:35:31,719 - INFO - max_history_budget=4, max_history_result=(set(), 0.0, 0.0)
2021-09-27 02:35:31,720 - INFO - load | 1 | (0.1, 0.0) | 500 | 0 | set() | 0.0| 0.0 | 0.0 
2021-09-27 02:35:31,720 - INFO - load | 2 | (0.1, 0.0) | 500 | 0 | set() | 0.0| 0.0 | 0.0 
2021-09-27 02:35:31,721 - INFO - load | 3 | (0.1, 0.0) | 500 | 0 | set() | 0.0| 0.0 | 0.0 
2021-09-27 02:35:31,722 - INFO - load | 4 | (0.1, 0.0) | 500 | 0 | set() | 0.0| 0.0 | 0.0 
2021-09-27 02:35:31,722 - INFO - ********** (0.1, 0.1, 0.010000000000000002)
2021-09-27 02:35:31,723 - INFO - max_history_budget=4, max_history_result=(set(), 0.0, 0.0)
2021-09-27 02:35:31,724 - INFO - load | 1 | (0.1, 0.1) | 500 | 0 | set() | 0.0| 0.0 | 0.0 
2021-09-27 02:35:31,725 - INFO - load | 2 | (0.1, 0.1) | 500 | 0 | set() | 0.0| 0.0 | 0.0 
2021-09-27 02:35:31,726 - INFO - load | 3 | (0.1, 0.1) | 500 | 0 | set() | 0.0| 0.0 | 0.0 
2021-09-27 02:35:31,726 - INFO - load | 4 | (0.1, 0.1) | 500 | 0 | set() | 0.0| 0.0 | 0.0 
2021-09-27 02:35:31,727 - INFO - ********** (0.1, 0.2, 0.020000000000000004)
2021-09-27 02:35:31,728 - INFO - max_history_budget=4, max_history_result=(set(), 0.0, 0.0)
2021-09-27 02:35:31,729 - INFO - load | 1 | (0.1, 0.2) | 500 | 0 | set() | 0.0| 0.0 | 0.0 
2021-09-27 02:35:31,729 - INFO - load | 2 | (0.1, 0.2) | 500 | 0 | set() | 0.0| 0.0 | 0.0 
2021-09-27 02:35:31,730 - INFO - load | 3 | (0.1, 0.2) | 500 | 0 | set() | 0.0| 0.0 | 0.0 
2021-09-27 02:35:31,730 - INFO - load | 4 | (0.1, 0.2) | 500 | 0 | set() | 0.0| 0.0 | 0.0 
2021-09-27 02:35:31,730 - INFO - ********** (0.1, 0.30000000000000004, 0.030000000000000006)
2021-09-27 02:35:31,731 - INFO - max_history_budget=4, max_history_result=(set(), 0.0, 0.0)
2021-09-27 02:35:31,731 - INFO - load | 1 | (0.1, 0.30000000000000004) | 500 | 0 | set() | 0.0| 0.0 | 0.0 
2021-09-27 02:35:31,732 - INFO - load | 2 | (0.1, 0.30000000000000004) | 500 | 0 | set() | 0.0| 0.0 | 0.0 
2021-09-27 02:35:31,732 - INFO - load | 3 | (0.1, 0.30000000000000004) | 500 | 0 | set() | 0.0| 0.0 | 0.0 
2021-09-27 02:35:31,732 - INFO - load | 4 | (0.1, 0.30000000000000004) | 500 | 0 | set() | 0.0| 0.0 | 0.0 
2021-09-27 02:35:31,733 - INFO - ********** (0.1, 0.4, 0.04000000000000001)
2021-09-27 02:35:31,733 - INFO - max_history_budget=4, max_history_result=(set(), 0.0, 0.0)
2021-09-27 02:35:31,733 - INFO - load | 1 | (0.1, 0.4) | 500 | 0 | set() | 0.0| 0.0 | 0.0 
2021-09-27 02:35:31,734 - INFO - load | 2 | (0.1, 0.4) | 500 | 0 | set() | 0.0| 0.0 | 0.0 
2021-09-27 02:35:31,734 - INFO - load | 3 | (0.1, 0.4) | 500 | 0 | set() | 0.0| 0.0 | 0.0 
2021-09-27 02:35:31,735 - INFO - load | 4 | (0.1, 0.4) | 500 | 0 | set() | 0.0| 0.0 | 0.0 
2021-09-27 02:35:31,735 - INFO - ********** (0.1, 0.5, 0.05)
2021-09-27 02:35:31,735 - INFO - max_history_budget=4, max_history_result=(set(), 0.0, 0.0)
2021-09-27 02:35:31,736 - INFO - load | 1 | (0.1, 0.5) | 500 | 0 | set() | 0.0| 0.0 | 0.0 
2021-09-27 02:35:31,736 - INFO - load | 2 | (0.1, 0.5) | 500 | 0 | set() | 0.0| 0.0 | 0.0 
2021-09-27 02:35:31,737 - INFO - load | 3 | (0.1, 0.5) | 500 | 0 | set() | 0.0| 0.0 | 0.0 
2021-09-27 02:35:31,737 - INFO - load | 4 | (0.1, 0.5) | 500 | 0 | set() | 0.0| 0.0 | 0.0 
2021-09-27 02:35:31,737 - INFO - ********** (0.1, 0.6000000000000001, 0.06000000000000001)
2021-09-27 02:35:31,738 - INFO - max_history_budget=4, max_history_result=(set(), 0.0, 0.0)
2021-09-27 02:35:31,738 - INFO - load | 1 | (0.1, 0.6000000000000001) | 500 | 0 | set() | 0.0| 0.0 | 0.0 
2021-09-27 02:35:31,738 - INFO - load | 2 | (0.1, 0.6000000000000001) | 500 | 0 | set() | 0.0| 0.0 | 0.0 
2021-09-27 02:35:31,739 - INFO - load | 3 | (0.1, 0.6000000000000001) | 500 | 0 | set() | 0.0| 0.0 | 0.0 
2021-09-27 02:35:31,739 - INFO - load | 4 | (0.1, 0.6000000000000001) | 500 | 0 | set() | 0.0| 0.0 | 0.0 
2021-09-27 02:35:31,739 - INFO - ********** (0.1, 0.7000000000000001, 0.07)
2021-09-27 02:35:31,740 - INFO - max_history_budget=4, max_history_result=(set(), 0.0, 0.0)
2021-09-27 02:35:31,741 - INFO - load | 1 | (0.1, 0.7000000000000001) | 500 | 0 | set() | 0.0| 0.0 | 0.0 
2021-09-27 02:35:31,742 - INFO - load | 2 | (0.1, 0.7000000000000001) | 500 | 0 | set() | 0.0| 0.0 | 0.0 
2021-09-27 02:35:31,742 - INFO - load | 3 | (0.1, 0.7000000000000001) | 500 | 0 | set() | 0.0| 0.0 | 0.0 
2021-09-27 02:35:31,742 - INFO - load | 4 | (0.1, 0.7000000000000001) | 500 | 0 | set() | 0.0| 0.0 | 0.0 
2021-09-27 02:35:31,742 - INFO - ********** (0.1, 0.8, 0.08000000000000002)
2021-09-27 02:35:31,743 - INFO - max_history_budget=4, max_history_result=(set(), 0.0, 0.0)
2021-09-27 02:35:31,745 - INFO - load | 1 | (0.1, 0.8) | 500 | 0 | set() | 0.0| 0.0 | 0.0 
2021-09-27 02:35:31,746 - INFO - load | 2 | (0.1, 0.8) | 500 | 0 | set() | 0.0| 0.0 | 0.0 
2021-09-27 02:35:31,746 - INFO - load | 3 | (0.1, 0.8) | 500 | 0 | set() | 0.0| 0.0 | 0.0 
2021-09-27 02:35:31,747 - INFO - load | 4 | (0.1, 0.8) | 500 | 0 | set() | 0.0| 0.0 | 0.0 
2021-09-27 02:35:31,747 - INFO - ********** (0.1, 0.9, 0.09000000000000001)
2021-09-27 02:35:31,748 - INFO - max_history_budget=4, max_history_result=(set(), 0.0, 0.0)
2021-09-27 02:35:31,749 - INFO - load | 1 | (0.1, 0.9) | 500 | 0 | set() | 0.0| 0.0 | 0.0 
2021-09-27 02:35:31,749 - INFO - load | 2 | (0.1, 0.9) | 500 | 0 | set() | 0.0| 0.0 | 0.0 
2021-09-27 02:35:31,749 - INFO - load | 3 | (0.1, 0.9) | 500 | 0 | set() | 0.0| 0.0 | 0.0 
2021-09-27 02:35:31,750 - INFO - load | 4 | (0.1, 0.9) | 500 | 0 | set() | 0.0| 0.0 | 0.0 
2021-09-27 02:35:31,750 - INFO - ********** (0.1, 1.0, 0.1)
2021-09-27 02:35:31,750 - INFO - max_history_budget=4, max_history_result=(set(), 0.0, 0.0)
2021-09-27 02:35:31,751 - INFO - load | 1 | (0.1, 1.0) | 500 | 0 | set() | 0.0| 0.0 | 0.0 
2021-09-27 02:35:31,751 - INFO - load | 2 | (0.1, 1.0) | 500 | 0 | set() | 0.0| 0.0 | 0.0 
2021-09-27 02:35:31,752 - INFO - load | 3 | (0.1, 1.0) | 500 | 0 | set() | 0.0| 0.0 | 0.0 
2021-09-27 02:35:31,752 - INFO - load | 4 | (0.1, 1.0) | 500 | 0 | set() | 0.0| 0.0 | 0.0 
2021-09-27 02:35:31,752 - INFO - ********** (0.2, 0.0, 0.0)
2021-09-27 02:35:31,753 - INFO - max_history_budget=4, max_history_result=(set(), 0.0, 0.0)
2021-09-27 02:35:31,754 - INFO - load | 1 | (0.2, 0.0) | 500 | 0 | set() | 0.0| 0.0 | 0.0 
2021-09-27 02:35:31,754 - INFO - load | 2 | (0.2, 0.0) | 500 | 0 | set() | 0.0| 0.0 | 0.0 
2021-09-27 02:35:31,754 - INFO - load | 3 | (0.2, 0.0) | 500 | 0 | set() | 0.0| 0.0 | 0.0 
2021-09-27 02:35:31,755 - INFO - load | 4 | (0.2, 0.0) | 500 | 0 | set() | 0.0| 0.0 | 0.0 
2021-09-27 02:35:31,755 - INFO - ********** (0.2, 0.1, 0.020000000000000004)
2021-09-27 02:35:31,755 - INFO - max_history_budget=4, max_history_result=(set(), 0.0, 0.0)
2021-09-27 02:35:31,756 - INFO - load | 1 | (0.2, 0.1) | 500 | 0 | set() | 0.0| 0.0 | 0.0 
2021-09-27 02:35:31,756 - INFO - load | 2 | (0.2, 0.1) | 500 | 0 | set() | 0.0| 0.0 | 0.0 
2021-09-27 02:35:31,757 - INFO - load | 3 | (0.2, 0.1) | 500 | 0 | set() | 0.0| 0.0 | 0.0 
2021-09-27 02:35:31,757 - INFO - load | 4 | (0.2, 0.1) | 500 | 0 | set() | 0.0| 0.0 | 0.0 
2021-09-27 02:35:31,757 - INFO - ********** (0.2, 0.2, 0.04000000000000001)
2021-09-27 02:35:31,758 - INFO - max_history_budget=4, max_history_result=(set(), 0.0, 0.0)
2021-09-27 02:35:31,758 - INFO - load | 1 | (0.2, 0.2) | 500 | 0 | set() | 0.0| 0.0 | 0.0 
2021-09-27 02:35:31,759 - INFO - load | 2 | (0.2, 0.2) | 500 | 0 | set() | 0.0| 0.0 | 0.0 
2021-09-27 02:35:31,759 - INFO - load | 3 | (0.2, 0.2) | 500 | 0 | set() | 0.0| 0.0 | 0.0 
2021-09-27 02:35:31,759 - INFO - load | 4 | (0.2, 0.2) | 500 | 0 | set() | 0.0| 0.0 | 0.0 
2021-09-27 02:35:31,759 - INFO - ********** (0.2, 0.30000000000000004, 0.06000000000000001)
2021-09-27 02:35:31,760 - INFO - max_history_budget=4, max_history_result=(set(), 0.0, 0.0)
2021-09-27 02:35:31,760 - INFO - load | 1 | (0.2, 0.30000000000000004) | 500 | 0 | set() | 0.0| 0.0 | 0.0 
2021-09-27 02:35:31,761 - INFO - load | 2 | (0.2, 0.30000000000000004) | 500 | 0 | set() | 0.0| 0.0 | 0.0 
2021-09-27 02:35:31,761 - INFO - load | 3 | (0.2, 0.30000000000000004) | 500 | 0 | set() | 0.0| 0.0 | 0.0 
2021-09-27 02:35:31,762 - INFO - load | 4 | (0.2, 0.30000000000000004) | 500 | 0 | set() | 0.0| 0.0 | 0.0 
2021-09-27 02:35:31,762 - INFO - ********** (0.2, 0.4, 0.08000000000000002)
2021-09-27 02:35:31,763 - INFO - max_history_budget=4, max_history_result=(set(), 0.0, 0.0)
2021-09-27 02:35:31,764 - INFO - load | 1 | (0.2, 0.4) | 500 | 0 | set() | 0.0| 0.0 | 0.0 
2021-09-27 02:35:31,764 - INFO - load | 2 | (0.2, 0.4) | 500 | 0 | set() | 0.0| 0.0 | 0.0 
2021-09-27 02:35:31,765 - INFO - load | 3 | (0.2, 0.4) | 500 | 0 | set() | 0.0| 0.0 | 0.0 
2021-09-27 02:35:31,765 - INFO - load | 4 | (0.2, 0.4) | 500 | 0 | set() | 0.0| 0.0 | 0.0 
2021-09-27 02:35:31,765 - INFO - ********** (0.2, 0.5, 0.1)
2021-09-27 02:35:31,766 - INFO - max_history_budget=4, max_history_result=(set(), 0.0, 0.0)
2021-09-27 02:35:31,767 - INFO - load | 1 | (0.2, 0.5) | 500 | 0 | set() | 0.0| 0.0 | 0.0 
2021-09-27 02:35:31,767 - INFO - load | 2 | (0.2, 0.5) | 500 | 0 | set() | 0.0| 0.0 | 0.0 
2021-09-27 02:35:31,767 - INFO - load | 3 | (0.2, 0.5) | 500 | 0 | set() | 0.0| 0.0 | 0.0 
2021-09-27 02:35:31,768 - INFO - load | 4 | (0.2, 0.5) | 500 | 0 | set() | 0.0| 0.0 | 0.0 
2021-09-27 02:35:31,768 - INFO - ********** (0.2, 0.6000000000000001, 0.12000000000000002)
2021-09-27 02:35:31,769 - INFO - max_history_budget=4, max_history_result=(set(), 0.0, 0.0)
2021-09-27 02:35:31,770 - INFO - load | 1 | (0.2, 0.6000000000000001) | 500 | 0 | set() | 0.0| 0.0 | 0.0 
2021-09-27 02:35:31,770 - INFO - load | 2 | (0.2, 0.6000000000000001) | 500 | 0 | set() | 0.0| 0.0 | 0.0 
2021-09-27 02:35:31,770 - INFO - load | 3 | (0.2, 0.6000000000000001) | 500 | 0 | set() | 0.0| 0.0 | 0.0 
2021-09-27 02:35:31,771 - INFO - load | 4 | (0.2, 0.6000000000000001) | 500 | 0 | set() | 0.0| 0.0 | 0.0 
2021-09-27 02:35:31,771 - INFO - ********** (0.2, 0.7000000000000001, 0.14)
2021-09-27 02:35:31,771 - INFO - max_history_budget=4, max_history_result=(set(), 0.0, 0.0)
2021-09-27 02:35:31,772 - INFO - load | 1 | (0.2, 0.7000000000000001) | 500 | 0 | set() | 0.0| 0.0 | 0.0 
2021-09-27 02:35:31,772 - INFO - load | 2 | (0.2, 0.7000000000000001) | 500 | 0 | set() | 0.0| 0.0 | 0.0 
2021-09-27 02:35:31,773 - INFO - load | 3 | (0.2, 0.7000000000000001) | 500 | 0 | set() | 0.0| 0.0 | 0.0 
2021-09-27 02:35:31,773 - INFO - load | 4 | (0.2, 0.7000000000000001) | 500 | 0 | set() | 0.0| 0.0 | 0.0 
2021-09-27 02:35:31,773 - INFO - ********** (0.2, 0.8, 0.16000000000000003)
2021-09-27 02:35:31,774 - INFO - max_history_budget=4, max_history_result=(set(), 0.0, 0.0)
2021-09-27 02:35:31,774 - INFO - load | 1 | (0.2, 0.8) | 500 | 0 | set() | 0.0| 0.0 | 0.0 
2021-09-27 02:35:31,775 - INFO - load | 2 | (0.2, 0.8) | 500 | 0 | set() | 0.0| 0.0 | 0.0 
2021-09-27 02:35:31,775 - INFO - load | 3 | (0.2, 0.8) | 500 | 0 | set() | 0.0| 0.0 | 0.0 
2021-09-27 02:35:31,776 - INFO - load | 4 | (0.2, 0.8) | 500 | 0 | set() | 0.0| 0.0 | 0.0 
2021-09-27 02:35:31,776 - INFO - ********** (0.2, 0.9, 0.18000000000000002)
2021-09-27 02:35:31,776 - INFO - max_history_budget=4, max_history_result=(set(), 0.0, 0.0)
2021-09-27 02:35:31,777 - INFO - load | 1 | (0.2, 0.9) | 500 | 0 | set() | 0.0| 0.0 | 0.0 
2021-09-27 02:35:31,777 - INFO - load | 2 | (0.2, 0.9) | 500 | 0 | set() | 0.0| 0.0 | 0.0 
2021-09-27 02:35:31,777 - INFO - load | 3 | (0.2, 0.9) | 500 | 0 | set() | 0.0| 0.0 | 0.0 
2021-09-27 02:35:31,778 - INFO - load | 4 | (0.2, 0.9) | 500 | 0 | set() | 0.0| 0.0 | 0.0 
2021-09-27 02:35:31,778 - INFO - ********** (0.2, 1.0, 0.2)
2021-09-27 02:35:31,779 - INFO - max_history_budget=4, max_history_result=(set(), 0.0, 0.0)
2021-09-27 02:35:31,779 - INFO - load | 1 | (0.2, 1.0) | 500 | 0 | set() | 0.0| 0.0 | 0.0 
2021-09-27 02:35:31,780 - INFO - load | 2 | (0.2, 1.0) | 500 | 0 | set() | 0.0| 0.0 | 0.0 
2021-09-27 02:35:31,780 - INFO - load | 3 | (0.2, 1.0) | 500 | 0 | set() | 0.0| 0.0 | 0.0 
2021-09-27 02:35:31,781 - INFO - load | 4 | (0.2, 1.0) | 500 | 0 | set() | 0.0| 0.0 | 0.0 
2021-09-27 02:35:31,781 - INFO - ********** (0.30000000000000004, 0.0, 0.0)
2021-09-27 02:35:31,817 - INFO - max_history_budget=0, max_history_result=None
2021-09-27 02:35:31,887 - INFO - compute | 4 | (0.30000000000000004, 0.0) | 63 | 0 | set() | 0.0| 0.0 | 0.0 
2021-09-27 02:35:31,954 - INFO - compute | 4 | (0.30000000000000004, 0.0) | 63 | 0 | set() | 0.0| 0.0 | 0.0 
2021-09-27 02:35:32,023 - INFO - compute | 4 | (0.30000000000000004, 0.0) | 63 | 0 | set() | 0.0| 0.0 | 0.0 
2021-09-27 02:35:32,088 - INFO - compute | 4 | (0.30000000000000004, 0.0) | 63 | 0 | set() | 0.0| 0.0 | 0.0 
2021-09-27 02:35:32,088 - INFO - ********** (0.30000000000000004, 0.1, 0.030000000000000006)
2021-09-27 02:35:32,096 - INFO - max_history_budget=4, max_history_result=(set(), 0.0, 0.0)
2021-09-27 02:35:32,103 - INFO - load | 1 | (0.30000000000000004, 0.1) | 63 | 0 | set() | 0.0| 0.0 | 0.0 
2021-09-27 02:35:32,111 - INFO - load | 2 | (0.30000000000000004, 0.1) | 63 | 0 | set() | 0.0| 0.0 | 0.0 
2021-09-27 02:35:32,118 - INFO - load | 3 | (0.30000000000000004, 0.1) | 63 | 0 | set() | 0.0| 0.0 | 0.0 
2021-09-27 02:35:32,126 - INFO - load | 4 | (0.30000000000000004, 0.1) | 63 | 0 | set() | 0.0| 0.0 | 0.0 
2021-09-27 02:35:32,126 - INFO - ********** (0.30000000000000004, 0.2, 0.06000000000000001)
2021-09-27 02:35:32,134 - INFO - max_history_budget=4, max_history_result=(set(), 0.0, 0.0)
2021-09-27 02:35:32,141 - INFO - load | 1 | (0.30000000000000004, 0.2) | 63 | 0 | set() | 0.0| 0.0 | 0.0 
2021-09-27 02:35:32,149 - INFO - load | 2 | (0.30000000000000004, 0.2) | 63 | 0 | set() | 0.0| 0.0 | 0.0 
2021-09-27 02:35:32,156 - INFO - load | 3 | (0.30000000000000004, 0.2) | 63 | 0 | set() | 0.0| 0.0 | 0.0 
2021-09-27 02:35:32,164 - INFO - load | 4 | (0.30000000000000004, 0.2) | 63 | 0 | set() | 0.0| 0.0 | 0.0 
2021-09-27 02:35:32,164 - INFO - ********** (0.30000000000000004, 0.30000000000000004, 0.09000000000000002)
2021-09-27 02:35:32,172 - INFO - max_history_budget=4, max_history_result=(set(), 0.0, 0.0)
2021-09-27 02:35:32,179 - INFO - load | 1 | (0.30000000000000004, 0.30000000000000004) | 63 | 0 | set() | 0.0| 0.0 | 0.0 
2021-09-27 02:35:32,187 - INFO - load | 2 | (0.30000000000000004, 0.30000000000000004) | 63 | 0 | set() | 0.0| 0.0 | 0.0 
2021-09-27 02:35:32,194 - INFO - load | 3 | (0.30000000000000004, 0.30000000000000004) | 63 | 0 | set() | 0.0| 0.0 | 0.0 
2021-09-27 02:35:32,202 - INFO - load | 4 | (0.30000000000000004, 0.30000000000000004) | 63 | 0 | set() | 0.0| 0.0 | 0.0 
2021-09-27 02:35:32,202 - INFO - ********** (0.30000000000000004, 0.4, 0.12000000000000002)
2021-09-27 02:35:32,209 - INFO - max_history_budget=4, max_history_result=(set(), 0.0, 0.0)
2021-09-27 02:35:32,217 - INFO - load | 1 | (0.30000000000000004, 0.4) | 63 | 0 | set() | 0.0| 0.0 | 0.0 
2021-09-27 02:35:32,224 - INFO - load | 2 | (0.30000000000000004, 0.4) | 63 | 0 | set() | 0.0| 0.0 | 0.0 
2021-09-27 02:35:32,232 - INFO - load | 3 | (0.30000000000000004, 0.4) | 63 | 0 | set() | 0.0| 0.0 | 0.0 
2021-09-27 02:35:32,239 - INFO - load | 4 | (0.30000000000000004, 0.4) | 63 | 0 | set() | 0.0| 0.0 | 0.0 
2021-09-27 02:35:32,239 - INFO - ********** (0.30000000000000004, 0.5, 0.15000000000000002)
2021-09-27 02:35:32,247 - INFO - max_history_budget=4, max_history_result=(set(), 0.0, 0.0)
2021-09-27 02:35:32,254 - INFO - load | 1 | (0.30000000000000004, 0.5) | 63 | 0 | set() | 0.0| 0.0 | 0.0 
2021-09-27 02:35:32,262 - INFO - load | 2 | (0.30000000000000004, 0.5) | 63 | 0 | set() | 0.0| 0.0 | 0.0 
2021-09-27 02:35:32,270 - INFO - load | 3 | (0.30000000000000004, 0.5) | 63 | 0 | set() | 0.0| 0.0 | 0.0 
2021-09-27 02:35:32,284 - INFO - load | 4 | (0.30000000000000004, 0.5) | 63 | 0 | set() | 0.0| 0.0 | 0.0 
2021-09-27 02:35:32,284 - INFO - ********** (0.30000000000000004, 0.6000000000000001, 0.18000000000000005)
2021-09-27 02:35:32,292 - INFO - max_history_budget=4, max_history_result=(set(), 0.0, 0.0)
2021-09-27 02:35:32,299 - INFO - load | 1 | (0.30000000000000004, 0.6000000000000001) | 63 | 0 | set() | 0.0| 0.0 | 0.0 
2021-09-27 02:35:32,307 - INFO - load | 2 | (0.30000000000000004, 0.6000000000000001) | 63 | 0 | set() | 0.0| 0.0 | 0.0 
2021-09-27 02:35:32,315 - INFO - load | 3 | (0.30000000000000004, 0.6000000000000001) | 63 | 0 | set() | 0.0| 0.0 | 0.0 
2021-09-27 02:35:32,322 - INFO - load | 4 | (0.30000000000000004, 0.6000000000000001) | 63 | 0 | set() | 0.0| 0.0 | 0.0 
2021-09-27 02:35:32,322 - INFO - ********** (0.30000000000000004, 0.7000000000000001, 0.21000000000000005)
2021-09-27 02:35:32,330 - INFO - max_history_budget=4, max_history_result=(set(), 0.0, 0.0)
2021-09-27 02:35:32,337 - INFO - load | 1 | (0.30000000000000004, 0.7000000000000001) | 63 | 0 | set() | 0.0| 0.0 | 0.0 
2021-09-27 02:35:32,345 - INFO - load | 2 | (0.30000000000000004, 0.7000000000000001) | 63 | 0 | set() | 0.0| 0.0 | 0.0 
2021-09-27 02:35:32,352 - INFO - load | 3 | (0.30000000000000004, 0.7000000000000001) | 63 | 0 | set() | 0.0| 0.0 | 0.0 
2021-09-27 02:35:32,359 - INFO - load | 4 | (0.30000000000000004, 0.7000000000000001) | 63 | 0 | set() | 0.0| 0.0 | 0.0 
2021-09-27 02:35:32,359 - INFO - ********** (0.30000000000000004, 0.8, 0.24000000000000005)
2021-09-27 02:35:32,367 - INFO - max_history_budget=4, max_history_result=(set(), 0.0, 0.0)
2021-09-27 02:35:32,374 - INFO - load | 1 | (0.30000000000000004, 0.8) | 63 | 0 | set() | 0.0| 0.0 | 0.0 
2021-09-27 02:35:32,382 - INFO - load | 2 | (0.30000000000000004, 0.8) | 63 | 0 | set() | 0.0| 0.0 | 0.0 
2021-09-27 02:35:32,389 - INFO - load | 3 | (0.30000000000000004, 0.8) | 63 | 0 | set() | 0.0| 0.0 | 0.0 
2021-09-27 02:35:32,397 - INFO - load | 4 | (0.30000000000000004, 0.8) | 63 | 0 | set() | 0.0| 0.0 | 0.0 
2021-09-27 02:35:32,397 - INFO - ********** (0.30000000000000004, 0.9, 0.2700000000000001)
2021-09-27 02:35:32,404 - INFO - max_history_budget=4, max_history_result=(set(), 0.0, 0.0)
2021-09-27 02:35:32,412 - INFO - load | 1 | (0.30000000000000004, 0.9) | 63 | 0 | set() | 0.0| 0.0 | 0.0 
2021-09-27 02:35:32,419 - INFO - load | 2 | (0.30000000000000004, 0.9) | 63 | 0 | set() | 0.0| 0.0 | 0.0 
2021-09-27 02:35:32,427 - INFO - load | 3 | (0.30000000000000004, 0.9) | 63 | 0 | set() | 0.0| 0.0 | 0.0 
2021-09-27 02:35:32,434 - INFO - load | 4 | (0.30000000000000004, 0.9) | 63 | 0 | set() | 0.0| 0.0 | 0.0 
2021-09-27 02:35:32,434 - INFO - ********** (0.30000000000000004, 1.0, 0.30000000000000004)
2021-09-27 02:35:32,442 - INFO - max_history_budget=4, max_history_result=(set(), 0.0, 0.0)
2021-09-27 02:35:32,450 - INFO - load | 1 | (0.30000000000000004, 1.0) | 63 | 0 | set() | 0.0| 0.0 | 0.0 
2021-09-27 02:35:32,457 - INFO - load | 2 | (0.30000000000000004, 1.0) | 63 | 0 | set() | 0.0| 0.0 | 0.0 
2021-09-27 02:35:32,465 - INFO - load | 3 | (0.30000000000000004, 1.0) | 63 | 0 | set() | 0.0| 0.0 | 0.0 
2021-09-27 02:35:32,474 - INFO - load | 4 | (0.30000000000000004, 1.0) | 63 | 0 | set() | 0.0| 0.0 | 0.0 
2021-09-27 02:35:32,474 - INFO - ********** (0.4, 0.0, 0.0)
2021-09-27 02:35:32,513 - INFO - max_history_budget=0, max_history_result=None
2021-09-27 02:35:32,520 - INFO - compute | 4 | (0.4, 0.0) | 6 | 0 | set() | 0.0| 0.0 | 0.0 
2021-09-27 02:35:32,527 - INFO - compute | 4 | (0.4, 0.0) | 6 | 0 | set() | 0.0| 0.0 | 0.0 
2021-09-27 02:35:32,534 - INFO - compute | 4 | (0.4, 0.0) | 6 | 0 | set() | 0.0| 0.0 | 0.0 
2021-09-27 02:35:32,541 - INFO - compute | 4 | (0.4, 0.0) | 6 | 0 | set() | 0.0| 0.0 | 0.0 
2021-09-27 02:35:32,541 - INFO - ********** (0.4, 0.1, 0.04000000000000001)
2021-09-27 02:35:32,551 - INFO - max_history_budget=4, max_history_result=(set(), 0.0, 0.0)
2021-09-27 02:35:32,561 - INFO - load | 1 | (0.4, 0.1) | 6 | 0 | set() | 0.0| 0.0 | 0.0 
2021-09-27 02:35:32,571 - INFO - load | 2 | (0.4, 0.1) | 6 | 0 | set() | 0.0| 0.0 | 0.0 
2021-09-27 02:35:32,580 - INFO - load | 3 | (0.4, 0.1) | 6 | 0 | set() | 0.0| 0.0 | 0.0 
2021-09-27 02:35:32,590 - INFO - load | 4 | (0.4, 0.1) | 6 | 0 | set() | 0.0| 0.0 | 0.0 
2021-09-27 02:35:32,591 - INFO - ********** (0.4, 0.2, 0.08000000000000002)
2021-09-27 02:35:32,601 - INFO - max_history_budget=4, max_history_result=(set(), 0.0, 0.0)
2021-09-27 02:35:32,612 - INFO - load | 1 | (0.4, 0.2) | 6 | 0 | set() | 0.0| 0.0 | 0.0 
2021-09-27 02:35:32,623 - INFO - load | 2 | (0.4, 0.2) | 6 | 0 | set() | 0.0| 0.0 | 0.0 
2021-09-27 02:35:32,634 - INFO - load | 3 | (0.4, 0.2) | 6 | 0 | set() | 0.0| 0.0 | 0.0 
2021-09-27 02:35:32,644 - INFO - load | 4 | (0.4, 0.2) | 6 | 0 | set() | 0.0| 0.0 | 0.0 
2021-09-27 02:35:32,644 - INFO - ********** (0.4, 0.30000000000000004, 0.12000000000000002)
2021-09-27 02:35:32,653 - INFO - max_history_budget=4, max_history_result=(set(), 0.0, 0.0)
2021-09-27 02:35:32,664 - INFO - load | 1 | (0.4, 0.30000000000000004) | 6 | 0 | set() | 0.0| 0.0 | 0.0 
2021-09-27 02:35:32,674 - INFO - load | 2 | (0.4, 0.30000000000000004) | 6 | 0 | set() | 0.0| 0.0 | 0.0 
2021-09-27 02:35:32,684 - INFO - load | 3 | (0.4, 0.30000000000000004) | 6 | 0 | set() | 0.0| 0.0 | 0.0 
2021-09-27 02:35:32,693 - INFO - load | 4 | (0.4, 0.30000000000000004) | 6 | 0 | set() | 0.0| 0.0 | 0.0 
2021-09-27 02:35:32,693 - INFO - ********** (0.4, 0.4, 0.16000000000000003)
2021-09-27 02:35:32,703 - INFO - max_history_budget=4, max_history_result=(set(), 0.0, 0.0)
2021-09-27 02:35:32,713 - INFO - load | 1 | (0.4, 0.4) | 6 | 0 | set() | 0.0| 0.0 | 0.0 
2021-09-27 02:35:32,724 - INFO - load | 2 | (0.4, 0.4) | 6 | 0 | set() | 0.0| 0.0 | 0.0 
2021-09-27 02:35:32,734 - INFO - load | 3 | (0.4, 0.4) | 6 | 0 | set() | 0.0| 0.0 | 0.0 
2021-09-27 02:35:32,743 - INFO - load | 4 | (0.4, 0.4) | 6 | 0 | set() | 0.0| 0.0 | 0.0 
2021-09-27 02:35:32,743 - INFO - ********** (0.4, 0.5, 0.2)
2021-09-27 02:35:32,753 - INFO - max_history_budget=4, max_history_result=(set(), 0.0, 0.0)
2021-09-27 02:35:32,762 - INFO - load | 1 | (0.4, 0.5) | 6 | 0 | set() | 0.0| 0.0 | 0.0 
2021-09-27 02:35:32,771 - INFO - load | 2 | (0.4, 0.5) | 6 | 0 | set() | 0.0| 0.0 | 0.0 
2021-09-27 02:35:32,781 - INFO - load | 3 | (0.4, 0.5) | 6 | 0 | set() | 0.0| 0.0 | 0.0 
2021-09-27 02:35:32,790 - INFO - load | 4 | (0.4, 0.5) | 6 | 0 | set() | 0.0| 0.0 | 0.0 
2021-09-27 02:35:32,790 - INFO - ********** (0.4, 0.6000000000000001, 0.24000000000000005)
2021-09-27 02:35:32,799 - INFO - max_history_budget=4, max_history_result=(set(), 0.0, 0.0)
2021-09-27 02:35:32,809 - INFO - load | 1 | (0.4, 0.6000000000000001) | 6 | 0 | set() | 0.0| 0.0 | 0.0 
2021-09-27 02:35:32,818 - INFO - load | 2 | (0.4, 0.6000000000000001) | 6 | 0 | set() | 0.0| 0.0 | 0.0 
2021-09-27 02:35:32,828 - INFO - load | 3 | (0.4, 0.6000000000000001) | 6 | 0 | set() | 0.0| 0.0 | 0.0 
2021-09-27 02:35:32,839 - INFO - load | 4 | (0.4, 0.6000000000000001) | 6 | 0 | set() | 0.0| 0.0 | 0.0 
2021-09-27 02:35:32,839 - INFO - ********** (0.4, 0.7000000000000001, 0.28)
2021-09-27 02:35:32,849 - INFO - max_history_budget=4, max_history_result=(set(), 0.0, 0.0)
2021-09-27 02:35:32,860 - INFO - load | 1 | (0.4, 0.7000000000000001) | 6 | 0 | set() | 0.0| 0.0 | 0.0 
2021-09-27 02:35:32,870 - INFO - load | 2 | (0.4, 0.7000000000000001) | 6 | 0 | set() | 0.0| 0.0 | 0.0 
2021-09-27 02:35:32,881 - INFO - load | 3 | (0.4, 0.7000000000000001) | 6 | 0 | set() | 0.0| 0.0 | 0.0 
2021-09-27 02:35:32,891 - INFO - load | 4 | (0.4, 0.7000000000000001) | 6 | 0 | set() | 0.0| 0.0 | 0.0 
2021-09-27 02:35:32,891 - INFO - ********** (0.4, 0.8, 0.32000000000000006)
2021-09-27 02:35:32,901 - INFO - max_history_budget=4, max_history_result=(set(), 0.0, 0.0)
2021-09-27 02:35:32,912 - INFO - load | 1 | (0.4, 0.8) | 6 | 0 | set() | 0.0| 0.0 | 0.0 
2021-09-27 02:35:32,923 - INFO - load | 2 | (0.4, 0.8) | 6 | 0 | set() | 0.0| 0.0 | 0.0 
2021-09-27 02:35:32,934 - INFO - load | 3 | (0.4, 0.8) | 6 | 0 | set() | 0.0| 0.0 | 0.0 
2021-09-27 02:35:32,945 - INFO - load | 4 | (0.4, 0.8) | 6 | 0 | set() | 0.0| 0.0 | 0.0 
2021-09-27 02:35:32,945 - INFO - ********** (0.4, 0.9, 0.36000000000000004)
2021-09-27 02:35:32,956 - INFO - max_history_budget=4, max_history_result=(set(), 0.0, 0.0)
2021-09-27 02:35:32,967 - INFO - load | 1 | (0.4, 0.9) | 6 | 0 | set() | 0.0| 0.0 | 0.0 
2021-09-27 02:35:32,978 - INFO - load | 2 | (0.4, 0.9) | 6 | 0 | set() | 0.0| 0.0 | 0.0 
2021-09-27 02:35:32,989 - INFO - load | 3 | (0.4, 0.9) | 6 | 0 | set() | 0.0| 0.0 | 0.0 
2021-09-27 02:35:33,000 - INFO - load | 4 | (0.4, 0.9) | 6 | 0 | set() | 0.0| 0.0 | 0.0 
2021-09-27 02:35:33,000 - INFO - ********** (0.4, 1.0, 0.4)
2021-09-27 02:35:33,013 - INFO - max_history_budget=4, max_history_result=(set(), 0.0, 0.0)
2021-09-27 02:35:33,023 - INFO - load | 1 | (0.4, 1.0) | 6 | 0 | set() | 0.0| 0.0 | 0.0 
2021-09-27 02:35:33,035 - INFO - load | 2 | (0.4, 1.0) | 6 | 0 | set() | 0.0| 0.0 | 0.0 
2021-09-27 02:35:33,046 - INFO - load | 3 | (0.4, 1.0) | 6 | 0 | set() | 0.0| 0.0 | 0.0 
2021-09-27 02:35:33,056 - INFO - load | 4 | (0.4, 1.0) | 6 | 0 | set() | 0.0| 0.0 | 0.0 
2021-09-27 02:35:33,057 - INFO - ********** (0.5, 0.0, 0.0)
2021-09-27 02:35:33,104 - INFO - max_history_budget=0, max_history_result=None
2021-09-27 02:35:33,107 - INFO - compute | 4 | (0.5, 0.0) | 2 | 0 | set() | 0.0| 0.0 | 0.0 
2021-09-27 02:35:33,109 - INFO - compute | 4 | (0.5, 0.0) | 2 | 0 | set() | 0.0| 0.0 | 0.0 
2021-09-27 02:35:33,111 - INFO - compute | 4 | (0.5, 0.0) | 2 | 0 | set() | 0.0| 0.0 | 0.0 
2021-09-27 02:35:33,113 - INFO - compute | 4 | (0.5, 0.0) | 2 | 0 | set() | 0.0| 0.0 | 0.0 
2021-09-27 02:35:33,113 - INFO - ********** (0.5, 0.1, 0.05)
2021-09-27 02:35:33,125 - INFO - max_history_budget=4, max_history_result=(set(), 0.0, 0.0)
2021-09-27 02:35:33,137 - INFO - load | 1 | (0.5, 0.1) | 2 | 0 | set() | 0.0| 0.0 | 0.0 
2021-09-27 02:35:33,149 - INFO - load | 2 | (0.5, 0.1) | 2 | 0 | set() | 0.0| 0.0 | 0.0 
2021-09-27 02:35:33,160 - INFO - load | 3 | (0.5, 0.1) | 2 | 0 | set() | 0.0| 0.0 | 0.0 
2021-09-27 02:35:33,171 - INFO - load | 4 | (0.5, 0.1) | 2 | 0 | set() | 0.0| 0.0 | 0.0 
2021-09-27 02:35:33,171 - INFO - ********** (0.5, 0.2, 0.1)
2021-09-27 02:35:33,183 - INFO - max_history_budget=4, max_history_result=(set(), 0.0, 0.0)
2021-09-27 02:35:33,194 - INFO - load | 1 | (0.5, 0.2) | 2 | 0 | set() | 0.0| 0.0 | 0.0 
2021-09-27 02:35:33,206 - INFO - load | 2 | (0.5, 0.2) | 2 | 0 | set() | 0.0| 0.0 | 0.0 
2021-09-27 02:35:33,218 - INFO - load | 3 | (0.5, 0.2) | 2 | 0 | set() | 0.0| 0.0 | 0.0 
2021-09-27 02:35:33,229 - INFO - load | 4 | (0.5, 0.2) | 2 | 0 | set() | 0.0| 0.0 | 0.0 
2021-09-27 02:35:33,229 - INFO - ********** (0.5, 0.30000000000000004, 0.15000000000000002)
2021-09-27 02:35:33,241 - INFO - max_history_budget=4, max_history_result=(set(), 0.0, 0.0)
2021-09-27 02:35:33,252 - INFO - load | 1 | (0.5, 0.30000000000000004) | 2 | 0 | set() | 0.0| 0.0 | 0.0 
2021-09-27 02:35:33,264 - INFO - load | 2 | (0.5, 0.30000000000000004) | 2 | 0 | set() | 0.0| 0.0 | 0.0 
2021-09-27 02:35:33,276 - INFO - load | 3 | (0.5, 0.30000000000000004) | 2 | 0 | set() | 0.0| 0.0 | 0.0 
2021-09-27 02:35:33,288 - INFO - load | 4 | (0.5, 0.30000000000000004) | 2 | 0 | set() | 0.0| 0.0 | 0.0 
2021-09-27 02:35:33,288 - INFO - ********** (0.5, 0.4, 0.2)
2021-09-27 02:35:33,299 - INFO - max_history_budget=4, max_history_result=(set(), 0.0, 0.0)
2021-09-27 02:35:33,311 - INFO - load | 1 | (0.5, 0.4) | 2 | 0 | set() | 0.0| 0.0 | 0.0 
2021-09-27 02:35:33,322 - INFO - load | 2 | (0.5, 0.4) | 2 | 0 | set() | 0.0| 0.0 | 0.0 
2021-09-27 02:35:33,333 - INFO - load | 3 | (0.5, 0.4) | 2 | 0 | set() | 0.0| 0.0 | 0.0 
2021-09-27 02:35:33,344 - INFO - load | 4 | (0.5, 0.4) | 2 | 0 | set() | 0.0| 0.0 | 0.0 
2021-09-27 02:35:33,345 - INFO - ********** (0.5, 0.5, 0.25)
2021-09-27 02:35:33,356 - INFO - max_history_budget=4, max_history_result=(set(), 0.0, 0.0)
2021-09-27 02:35:33,367 - INFO - load | 1 | (0.5, 0.5) | 2 | 0 | set() | 0.0| 0.0 | 0.0 
2021-09-27 02:35:33,379 - INFO - load | 2 | (0.5, 0.5) | 2 | 0 | set() | 0.0| 0.0 | 0.0 
2021-09-27 02:35:33,390 - INFO - load | 3 | (0.5, 0.5) | 2 | 0 | set() | 0.0| 0.0 | 0.0 
2021-09-27 02:35:33,401 - INFO - load | 4 | (0.5, 0.5) | 2 | 0 | set() | 0.0| 0.0 | 0.0 
2021-09-27 02:35:33,401 - INFO - ********** (0.5, 0.6000000000000001, 0.30000000000000004)
2021-09-27 02:35:33,412 - INFO - max_history_budget=4, max_history_result=(set(), 0.0, 0.0)
2021-09-27 02:35:33,423 - INFO - load | 1 | (0.5, 0.6000000000000001) | 2 | 0 | set() | 0.0| 0.0 | 0.0 
2021-09-27 02:35:33,435 - INFO - load | 2 | (0.5, 0.6000000000000001) | 2 | 0 | set() | 0.0| 0.0 | 0.0 
2021-09-27 02:35:33,446 - INFO - load | 3 | (0.5, 0.6000000000000001) | 2 | 0 | set() | 0.0| 0.0 | 0.0 
2021-09-27 02:35:33,457 - INFO - load | 4 | (0.5, 0.6000000000000001) | 2 | 0 | set() | 0.0| 0.0 | 0.0 
2021-09-27 02:35:33,457 - INFO - ********** (0.5, 0.7000000000000001, 0.35000000000000003)
2021-09-27 02:35:33,468 - INFO - max_history_budget=4, max_history_result=(set(), 0.0, 0.0)
2021-09-27 02:35:33,479 - INFO - load | 1 | (0.5, 0.7000000000000001) | 2 | 0 | set() | 0.0| 0.0 | 0.0 
2021-09-27 02:35:33,491 - INFO - load | 2 | (0.5, 0.7000000000000001) | 2 | 0 | set() | 0.0| 0.0 | 0.0 
2021-09-27 02:35:33,502 - INFO - load | 3 | (0.5, 0.7000000000000001) | 2 | 0 | set() | 0.0| 0.0 | 0.0 
2021-09-27 02:35:33,513 - INFO - load | 4 | (0.5, 0.7000000000000001) | 2 | 0 | set() | 0.0| 0.0 | 0.0 
2021-09-27 02:35:33,513 - INFO - ********** (0.5, 0.8, 0.4)
2021-09-27 02:35:33,525 - INFO - max_history_budget=4, max_history_result=(set(), 0.0, 0.0)
2021-09-27 02:35:33,536 - INFO - load | 1 | (0.5, 0.8) | 2 | 0 | set() | 0.0| 0.0 | 0.0 
2021-09-27 02:35:33,547 - INFO - load | 2 | (0.5, 0.8) | 2 | 0 | set() | 0.0| 0.0 | 0.0 
2021-09-27 02:35:33,558 - INFO - load | 3 | (0.5, 0.8) | 2 | 0 | set() | 0.0| 0.0 | 0.0 
2021-09-27 02:35:33,570 - INFO - load | 4 | (0.5, 0.8) | 2 | 0 | set() | 0.0| 0.0 | 0.0 
2021-09-27 02:35:33,570 - INFO - ********** (0.5, 0.9, 0.45)
2021-09-27 02:35:33,622 - INFO - max_history_budget=0, max_history_result=None
2021-09-27 02:35:33,628 - INFO - compute | 4 | (0.5, 0.9) | 2 | 1 | {14} | 69.07613324323347| 3.4538066621616728 | 69.07613324323347 
2021-09-27 02:35:33,632 - INFO - compute | 4 | (0.5, 0.9) | 2 | 1 | {14} | 69.07613324323347| 3.4538066621616728 | 69.07613324323347 
2021-09-27 02:35:33,636 - INFO - compute | 4 | (0.5, 0.9) | 2 | 1 | {14} | 69.07613324323347| 3.4538066621616728 | 69.07613324323347 
2021-09-27 02:35:33,640 - INFO - compute | 4 | (0.5, 0.9) | 2 | 1 | {14} | 69.07613324323347| 3.4538066621616728 | 69.07613324323347 
2021-09-27 02:35:33,640 - INFO - ********** (0.5, 1.0, 0.5)
2021-09-27 02:35:33,691 - INFO - max_history_budget=0, max_history_result=None
2021-09-27 02:35:33,699 - INFO - compute | 4 | (0.5, 1.0) | 2 | 2 | {14} | 69.07613324323347| 0.0 | 69.07613324323347 
2021-09-27 02:35:33,708 - INFO - compute | 4 | (0.5, 1.0) | 2 | 2 | {857, 14} | 75.02654240887107| 0.0 | 75.02654240887107 
2021-09-27 02:35:33,714 - INFO - compute | 4 | (0.5, 1.0) | 2 | 2 | {857, 14} | 75.02654240887107| 0.0 | 75.02654240887107 
2021-09-27 02:35:33,720 - INFO - compute | 4 | (0.5, 1.0) | 2 | 2 | {857, 14} | 75.02654240887107| 0.0 | 75.02654240887107 
2021-09-27 02:35:33,721 - INFO - ********** (0.6000000000000001, 0.0, 0.0)
2021-09-27 02:35:33,773 - INFO - max_history_budget=0, max_history_result=None
2021-09-27 02:35:33,774 - INFO - compute | 4 | (0.6000000000000001, 0.0) | 1 | 0 | set() | 0.0| 0.0 | 0.0 
2021-09-27 02:35:33,775 - INFO - compute | 4 | (0.6000000000000001, 0.0) | 1 | 0 | set() | 0.0| 0.0 | 0.0 
2021-09-27 02:35:33,777 - INFO - compute | 4 | (0.6000000000000001, 0.0) | 1 | 0 | set() | 0.0| 0.0 | 0.0 
2021-09-27 02:35:33,778 - INFO - compute | 4 | (0.6000000000000001, 0.0) | 1 | 0 | set() | 0.0| 0.0 | 0.0 
2021-09-27 02:35:33,778 - INFO - ********** (0.6000000000000001, 0.1, 0.06000000000000001)
2021-09-27 02:35:33,791 - INFO - max_history_budget=4, max_history_result=(set(), 0.0, 0.0)
2021-09-27 02:35:33,804 - INFO - load | 1 | (0.6000000000000001, 0.1) | 1 | 0 | set() | 0.0| 0.0 | 0.0 
2021-09-27 02:35:33,817 - INFO - load | 2 | (0.6000000000000001, 0.1) | 1 | 0 | set() | 0.0| 0.0 | 0.0 
2021-09-27 02:35:33,830 - INFO - load | 3 | (0.6000000000000001, 0.1) | 1 | 0 | set() | 0.0| 0.0 | 0.0 
2021-09-27 02:35:33,843 - INFO - load | 4 | (0.6000000000000001, 0.1) | 1 | 0 | set() | 0.0| 0.0 | 0.0 
2021-09-27 02:35:33,843 - INFO - ********** (0.6000000000000001, 0.2, 0.12000000000000002)
2021-09-27 02:35:33,856 - INFO - max_history_budget=4, max_history_result=(set(), 0.0, 0.0)
2021-09-27 02:35:33,869 - INFO - load | 1 | (0.6000000000000001, 0.2) | 1 | 0 | set() | 0.0| 0.0 | 0.0 
2021-09-27 02:35:33,883 - INFO - load | 2 | (0.6000000000000001, 0.2) | 1 | 0 | set() | 0.0| 0.0 | 0.0 
2021-09-27 02:35:33,895 - INFO - load | 3 | (0.6000000000000001, 0.2) | 1 | 0 | set() | 0.0| 0.0 | 0.0 
2021-09-27 02:35:33,908 - INFO - load | 4 | (0.6000000000000001, 0.2) | 1 | 0 | set() | 0.0| 0.0 | 0.0 
2021-09-27 02:35:33,908 - INFO - ********** (0.6000000000000001, 0.30000000000000004, 0.18000000000000005)
2021-09-27 02:35:33,922 - INFO - max_history_budget=4, max_history_result=(set(), 0.0, 0.0)
2021-09-27 02:35:33,936 - INFO - load | 1 | (0.6000000000000001, 0.30000000000000004) | 1 | 0 | set() | 0.0| 0.0 | 0.0 
2021-09-27 02:35:33,950 - INFO - load | 2 | (0.6000000000000001, 0.30000000000000004) | 1 | 0 | set() | 0.0| 0.0 | 0.0 
2021-09-27 02:35:33,963 - INFO - load | 3 | (0.6000000000000001, 0.30000000000000004) | 1 | 0 | set() | 0.0| 0.0 | 0.0 
2021-09-27 02:35:33,977 - INFO - load | 4 | (0.6000000000000001, 0.30000000000000004) | 1 | 0 | set() | 0.0| 0.0 | 0.0 
2021-09-27 02:35:33,977 - INFO - ********** (0.6000000000000001, 0.4, 0.24000000000000005)
2021-09-27 02:35:33,990 - INFO - max_history_budget=4, max_history_result=(set(), 0.0, 0.0)
2021-09-27 02:35:34,003 - INFO - load | 1 | (0.6000000000000001, 0.4) | 1 | 0 | set() | 0.0| 0.0 | 0.0 
2021-09-27 02:35:34,018 - INFO - load | 2 | (0.6000000000000001, 0.4) | 1 | 0 | set() | 0.0| 0.0 | 0.0 
2021-09-27 02:35:34,031 - INFO - load | 3 | (0.6000000000000001, 0.4) | 1 | 0 | set() | 0.0| 0.0 | 0.0 
2021-09-27 02:35:34,045 - INFO - load | 4 | (0.6000000000000001, 0.4) | 1 | 0 | set() | 0.0| 0.0 | 0.0 
2021-09-27 02:35:34,045 - INFO - ********** (0.6000000000000001, 0.5, 0.30000000000000004)
2021-09-27 02:35:34,059 - INFO - max_history_budget=4, max_history_result=(set(), 0.0, 0.0)
2021-09-27 02:35:34,073 - INFO - load | 1 | (0.6000000000000001, 0.5) | 1 | 0 | set() | 0.0| 0.0 | 0.0 
2021-09-27 02:35:34,086 - INFO - load | 2 | (0.6000000000000001, 0.5) | 1 | 0 | set() | 0.0| 0.0 | 0.0 
2021-09-27 02:35:34,099 - INFO - load | 3 | (0.6000000000000001, 0.5) | 1 | 0 | set() | 0.0| 0.0 | 0.0 
2021-09-27 02:35:34,112 - INFO - load | 4 | (0.6000000000000001, 0.5) | 1 | 0 | set() | 0.0| 0.0 | 0.0 
2021-09-27 02:35:34,112 - INFO - ********** (0.6000000000000001, 0.6000000000000001, 0.3600000000000001)
2021-09-27 02:35:34,125 - INFO - max_history_budget=4, max_history_result=(set(), 0.0, 0.0)
2021-09-27 02:35:34,138 - INFO - load | 1 | (0.6000000000000001, 0.6000000000000001) | 1 | 0 | set() | 0.0| 0.0 | 0.0 
2021-09-27 02:35:34,151 - INFO - load | 2 | (0.6000000000000001, 0.6000000000000001) | 1 | 0 | set() | 0.0| 0.0 | 0.0 
2021-09-27 02:35:34,165 - INFO - load | 3 | (0.6000000000000001, 0.6000000000000001) | 1 | 0 | set() | 0.0| 0.0 | 0.0 
2021-09-27 02:35:34,177 - INFO - load | 4 | (0.6000000000000001, 0.6000000000000001) | 1 | 0 | set() | 0.0| 0.0 | 0.0 
2021-09-27 02:35:34,178 - INFO - ********** (0.6000000000000001, 0.7000000000000001, 0.4200000000000001)
2021-09-27 02:35:34,234 - INFO - max_history_budget=0, max_history_result=None
2021-09-27 02:35:34,237 - INFO - compute | 4 | (0.6000000000000001, 0.7000000000000001) | 1 | 1 | {14} | 41.37301818385144| 7.44714327309326 | 41.37301818385144 
2021-09-27 02:35:34,239 - INFO - compute | 4 | (0.6000000000000001, 0.7000000000000001) | 1 | 1 | {14} | 41.37301818385144| 7.44714327309326 | 41.37301818385144 
2021-09-27 02:35:34,241 - INFO - compute | 4 | (0.6000000000000001, 0.7000000000000001) | 1 | 1 | {14} | 41.37301818385144| 7.44714327309326 | 41.37301818385144 
2021-09-27 02:35:34,244 - INFO - compute | 4 | (0.6000000000000001, 0.7000000000000001) | 1 | 1 | {14} | 41.37301818385144| 7.44714327309326 | 41.37301818385144 
2021-09-27 02:35:34,244 - INFO - ********** (0.6000000000000001, 0.8, 0.4800000000000001)
2021-09-27 02:35:34,260 - INFO - max_history_budget=4, max_history_result=({14}, 41.37301818385144, 7.44714327309326)
2021-09-27 02:35:34,277 - INFO - load | 1 | (0.6000000000000001, 0.8) | 1 | 1 | {14} | 41.37301818385144| 4.964762182062173 | 41.37301818385144 
2021-09-27 02:35:34,293 - INFO - load | 2 | (0.6000000000000001, 0.8) | 1 | 1 | {14} | 41.37301818385144| 4.964762182062173 | 41.37301818385144 
2021-09-27 02:35:34,308 - INFO - load | 3 | (0.6000000000000001, 0.8) | 1 | 1 | {14} | 41.37301818385144| 4.964762182062173 | 41.37301818385144 
2021-09-27 02:35:34,323 - INFO - load | 4 | (0.6000000000000001, 0.8) | 1 | 1 | {14} | 41.37301818385144| 4.964762182062173 | 41.37301818385144 
2021-09-27 02:35:34,324 - INFO - ********** (0.6000000000000001, 0.9, 0.5400000000000001)
2021-09-27 02:35:34,386 - INFO - max_history_budget=0, max_history_result=None
2021-09-27 02:35:34,393 - INFO - compute | 4 | (0.6000000000000001, 0.9) | 1 | 4 | {14} | 41.37301818385144| 2.482381091031084 | 41.37301818385144 
2021-09-27 02:35:34,402 - INFO - compute | 4 | (0.6000000000000001, 0.9) | 1 | 4 | {296, 14} | 58.22869225875388| 3.4937215355252293 | 58.22869225875388 
2021-09-27 02:35:34,410 - INFO - compute | 4 | (0.6000000000000001, 0.9) | 1 | 4 | {296, 51, 14} | 65.12419528939579| 3.9074517173637435 | 65.12419528939579 
2021-09-27 02:35:34,418 - INFO - compute | 4 | (0.6000000000000001, 0.9) | 1 | 4 | {296, 857, 51, 14} | 67.42269629960975| 4.045361777976582 | 67.42269629960975 
2021-09-27 02:35:34,419 - INFO - ********** (0.6000000000000001, 1.0, 0.6000000000000001)
2021-09-27 02:35:34,482 - INFO - max_history_budget=0, max_history_result=None
2021-09-27 02:35:34,500 - INFO - compute | 4 | (0.6000000000000001, 1.0) | 1 | 14 | {14} | 41.37301818385144| 0.0 | 41.37301818385144 
2021-09-27 02:35:34,524 - INFO - compute | 4 | (0.6000000000000001, 1.0) | 1 | 14 | {91, 14} | 72.0196983200377| 0.0 | 72.0196983200377 
2021-09-27 02:35:34,555 - INFO - compute | 4 | (0.6000000000000001, 1.0) | 1 | 14 | {91, 14, 207} | 90.40770640174945| 0.0 | 90.40770640174945 
2021-09-27 02:35:34,590 - INFO - compute | 4 | (0.6000000000000001, 1.0) | 1 | 14 | {298, 91, 14, 207} | 105.73104646984258| 0.0 | 105.73104646984258 
2021-09-27 02:35:34,590 - INFO - ********** (0.7000000000000001, 0.0, 0.0)
2021-09-27 02:35:34,606 - INFO - max_history_budget=4, max_history_result=(set(), 0.0, 0.0)
2021-09-27 02:35:34,621 - INFO - load | 1 | (0.7000000000000001, 0.0) | 1 | 0 | set() | 0.0| 0.0 | 0.0 
2021-09-27 02:35:34,635 - INFO - load | 2 | (0.7000000000000001, 0.0) | 1 | 0 | set() | 0.0| 0.0 | 0.0 
2021-09-27 02:35:34,650 - INFO - load | 3 | (0.7000000000000001, 0.0) | 1 | 0 | set() | 0.0| 0.0 | 0.0 
2021-09-27 02:35:34,664 - INFO - load | 4 | (0.7000000000000001, 0.0) | 1 | 0 | set() | 0.0| 0.0 | 0.0 
2021-09-27 02:35:34,665 - INFO - ********** (0.7000000000000001, 0.1, 0.07)
2021-09-27 02:35:34,679 - INFO - max_history_budget=4, max_history_result=(set(), 0.0, 0.0)
2021-09-27 02:35:34,694 - INFO - load | 1 | (0.7000000000000001, 0.1) | 1 | 0 | set() | 0.0| 0.0 | 0.0 
2021-09-27 02:35:34,708 - INFO - load | 2 | (0.7000000000000001, 0.1) | 1 | 0 | set() | 0.0| 0.0 | 0.0 
2021-09-27 02:35:34,723 - INFO - load | 3 | (0.7000000000000001, 0.1) | 1 | 0 | set() | 0.0| 0.0 | 0.0 
2021-09-27 02:35:34,737 - INFO - load | 4 | (0.7000000000000001, 0.1) | 1 | 0 | set() | 0.0| 0.0 | 0.0 
2021-09-27 02:35:34,737 - INFO - ********** (0.7000000000000001, 0.2, 0.14)
2021-09-27 02:35:34,752 - INFO - max_history_budget=4, max_history_result=(set(), 0.0, 0.0)
2021-09-27 02:35:34,767 - INFO - load | 1 | (0.7000000000000001, 0.2) | 1 | 0 | set() | 0.0| 0.0 | 0.0 
2021-09-27 02:35:34,781 - INFO - load | 2 | (0.7000000000000001, 0.2) | 1 | 0 | set() | 0.0| 0.0 | 0.0 
2021-09-27 02:35:34,795 - INFO - load | 3 | (0.7000000000000001, 0.2) | 1 | 0 | set() | 0.0| 0.0 | 0.0 
2021-09-27 02:35:34,811 - INFO - load | 4 | (0.7000000000000001, 0.2) | 1 | 0 | set() | 0.0| 0.0 | 0.0 
2021-09-27 02:35:34,811 - INFO - ********** (0.7000000000000001, 0.30000000000000004, 0.21000000000000005)
2021-09-27 02:35:34,825 - INFO - max_history_budget=4, max_history_result=(set(), 0.0, 0.0)
2021-09-27 02:35:34,839 - INFO - load | 1 | (0.7000000000000001, 0.30000000000000004) | 1 | 0 | set() | 0.0| 0.0 | 0.0 
2021-09-27 02:35:34,854 - INFO - load | 2 | (0.7000000000000001, 0.30000000000000004) | 1 | 0 | set() | 0.0| 0.0 | 0.0 
2021-09-27 02:35:34,868 - INFO - load | 3 | (0.7000000000000001, 0.30000000000000004) | 1 | 0 | set() | 0.0| 0.0 | 0.0 
2021-09-27 02:35:34,882 - INFO - load | 4 | (0.7000000000000001, 0.30000000000000004) | 1 | 0 | set() | 0.0| 0.0 | 0.0 
2021-09-27 02:35:34,882 - INFO - ********** (0.7000000000000001, 0.4, 0.28)
2021-09-27 02:35:34,896 - INFO - max_history_budget=4, max_history_result=(set(), 0.0, 0.0)
2021-09-27 02:35:34,911 - INFO - load | 1 | (0.7000000000000001, 0.4) | 1 | 0 | set() | 0.0| 0.0 | 0.0 
2021-09-27 02:35:34,925 - INFO - load | 2 | (0.7000000000000001, 0.4) | 1 | 0 | set() | 0.0| 0.0 | 0.0 
2021-09-27 02:35:34,941 - INFO - load | 3 | (0.7000000000000001, 0.4) | 1 | 0 | set() | 0.0| 0.0 | 0.0 
2021-09-27 02:35:34,955 - INFO - load | 4 | (0.7000000000000001, 0.4) | 1 | 0 | set() | 0.0| 0.0 | 0.0 
2021-09-27 02:35:34,956 - INFO - ********** (0.7000000000000001, 0.5, 0.35000000000000003)
2021-09-27 02:35:34,970 - INFO - max_history_budget=4, max_history_result=(set(), 0.0, 0.0)
2021-09-27 02:35:34,984 - INFO - load | 1 | (0.7000000000000001, 0.5) | 1 | 0 | set() | 0.0| 0.0 | 0.0 
2021-09-27 02:35:34,998 - INFO - load | 2 | (0.7000000000000001, 0.5) | 1 | 0 | set() | 0.0| 0.0 | 0.0 
2021-09-27 02:35:35,013 - INFO - load | 3 | (0.7000000000000001, 0.5) | 1 | 0 | set() | 0.0| 0.0 | 0.0 
2021-09-27 02:35:35,027 - INFO - load | 4 | (0.7000000000000001, 0.5) | 1 | 0 | set() | 0.0| 0.0 | 0.0 
2021-09-27 02:35:35,027 - INFO - ********** (0.7000000000000001, 0.6000000000000001, 0.4200000000000001)
2021-09-27 02:35:35,042 - INFO - max_history_budget=4, max_history_result=({14}, 41.37301818385144, 7.44714327309326)
2021-09-27 02:35:35,056 - INFO - load | 1 | (0.7000000000000001, 0.6000000000000001) | 1 | 1 | {14} | 41.37301818385144| 11.584445091478402 | 41.37301818385144 
2021-09-27 02:35:35,072 - INFO - load | 2 | (0.7000000000000001, 0.6000000000000001) | 1 | 1 | {14} | 41.37301818385144| 11.584445091478402 | 41.37301818385144 
2021-09-27 02:35:35,087 - INFO - load | 3 | (0.7000000000000001, 0.6000000000000001) | 1 | 1 | {14} | 41.37301818385144| 11.584445091478402 | 41.37301818385144 
2021-09-27 02:35:35,101 - INFO - load | 4 | (0.7000000000000001, 0.6000000000000001) | 1 | 1 | {14} | 41.37301818385144| 11.584445091478402 | 41.37301818385144 
2021-09-27 02:35:35,101 - INFO - ********** (0.7000000000000001, 0.7000000000000001, 0.4900000000000001)
2021-09-27 02:35:35,169 - INFO - max_history_budget=0, max_history_result=None
2021-09-27 02:35:35,173 - INFO - compute | 4 | (0.7000000000000001, 0.7000000000000001) | 1 | 2 | {14} | 41.37301818385144| 8.688333818608802 | 41.37301818385144 
2021-09-27 02:35:35,178 - INFO - compute | 4 | (0.7000000000000001, 0.7000000000000001) | 1 | 2 | {857, 14} | 44.43768619747007| 9.331914101468714 | 44.43768619747007 
2021-09-27 02:35:35,181 - INFO - compute | 4 | (0.7000000000000001, 0.7000000000000001) | 1 | 2 | {857, 14} | 44.43768619747007| 9.331914101468714 | 44.43768619747007 
2021-09-27 02:35:35,184 - INFO - compute | 4 | (0.7000000000000001, 0.7000000000000001) | 1 | 2 | {857, 14} | 44.43768619747007| 9.331914101468714 | 44.43768619747007 
2021-09-27 02:35:35,184 - INFO - ********** (0.7000000000000001, 0.8, 0.56)
2021-09-27 02:35:35,253 - INFO - max_history_budget=0, max_history_result=None
2021-09-27 02:35:35,260 - INFO - compute | 4 | (0.7000000000000001, 0.8) | 1 | 5 | {14} | 41.37301818385144| 5.792222545739203 | 41.37301818385144 
2021-09-27 02:35:35,270 - INFO - compute | 4 | (0.7000000000000001, 0.8) | 1 | 5 | {296, 14} | 58.22869225875388| 8.152016916225545 | 58.22869225875388 
2021-09-27 02:35:35,281 - INFO - compute | 4 | (0.7000000000000001, 0.8) | 1 | 5 | {296, 529, 14} | 67.42269629960975| 9.439177481945366 | 67.42269629960975 
2021-09-27 02:35:35,291 - INFO - compute | 4 | (0.7000000000000001, 0.8) | 1 | 5 | {296, 529, 51, 14} | 74.31819933025167| 10.404547906235235 | 74.31819933025167 
2021-09-27 02:35:35,291 - INFO - ********** (0.7000000000000001, 0.9, 0.6300000000000001)
2021-09-27 02:35:35,372 - INFO - max_history_budget=0, max_history_result=None
2021-09-27 02:35:35,405 - INFO - compute | 4 | (0.7000000000000001, 0.9) | 1 | 23 | {14} | 41.37301818385144| 2.896111272869599 | 41.37301818385144 
2021-09-27 02:35:35,448 - INFO - compute | 4 | (0.7000000000000001, 0.9) | 1 | 23 | {18, 14} | 74.31819933025167| 5.202273953117613 | 74.31819933025167 
2021-09-27 02:35:35,508 - INFO - compute | 4 | (0.7000000000000001, 0.9) | 1 | 23 | {18, 91, 14} | 104.19871246303327| 7.293909872412324 | 104.19871246303327 
2021-09-27 02:35:35,570 - INFO - compute | 4 | (0.7000000000000001, 0.9) | 1 | 23 | {97, 18, 91, 14} | 130.24839057879157| 9.117387340515403 | 130.24839057879157 
2021-09-27 02:35:35,570 - INFO - ********** (0.7000000000000001, 1.0, 0.7000000000000001)
2021-09-27 02:35:35,643 - INFO - max_history_budget=0, max_history_result=None
2021-09-27 02:35:35,725 - INFO - compute | 4 | (0.7000000000000001, 1.0) | 1 | 74 | {14} | 41.37301818385144| 0.0 | 41.37301818385144 
2021-09-27 02:35:35,845 - INFO - compute | 4 | (0.7000000000000001, 1.0) | 1 | 74 | {18, 14} | 74.31819933025167| 0.0 | 74.31819933025167 
2021-09-27 02:35:36,012 - INFO - compute | 4 | (0.7000000000000001, 1.0) | 1 | 74 | {18, 91, 14} | 104.19871246303327| 0.0 | 104.19871246303327 
2021-09-27 02:35:36,206 - INFO - compute | 4 | (0.7000000000000001, 1.0) | 1 | 74 | {97, 18, 91, 14} | 130.24839057879157| 0.0 | 130.24839057879157 
2021-09-27 02:35:36,206 - INFO - ********** (0.8, 0.0, 0.0)
2021-09-27 02:35:36,280 - INFO - max_history_budget=0, max_history_result=None
2021-09-27 02:35:36,280 - INFO - compute | 4 | (0.8, 0.0) | 0 | 0 | set() | 0| 0.0 | 0 
2021-09-27 02:35:36,280 - INFO - compute | 4 | (0.8, 0.0) | 0 | 0 | set() | 0| 0.0 | 0 
2021-09-27 02:35:36,281 - INFO - compute | 4 | (0.8, 0.0) | 0 | 0 | set() | 0| 0.0 | 0 
2021-09-27 02:35:36,281 - INFO - compute | 4 | (0.8, 0.0) | 0 | 0 | set() | 0| 0.0 | 0 
2021-09-27 02:35:36,281 - INFO - ********** (0.8, 0.1, 0.08000000000000002)
2021-09-27 02:35:36,300 - INFO - max_history_budget=4, max_history_result=(set(), 0, 0.0)
2021-09-27 02:35:36,319 - INFO - load | 1 | (0.8, 0.1) | 0 | 0 | set() | 0| 0.0 | 0 
2021-09-27 02:35:36,337 - INFO - load | 2 | (0.8, 0.1) | 0 | 0 | set() | 0| 0.0 | 0 
2021-09-27 02:35:36,355 - INFO - load | 3 | (0.8, 0.1) | 0 | 0 | set() | 0| 0.0 | 0 
2021-09-27 02:35:36,374 - INFO - load | 4 | (0.8, 0.1) | 0 | 0 | set() | 0| 0.0 | 0 
2021-09-27 02:35:36,375 - INFO - ********** (0.8, 0.2, 0.16000000000000003)
2021-09-27 02:35:36,393 - INFO - max_history_budget=4, max_history_result=(set(), 0, 0.0)
2021-09-27 02:35:36,412 - INFO - load | 1 | (0.8, 0.2) | 0 | 0 | set() | 0| 0.0 | 0 
2021-09-27 02:35:36,433 - INFO - load | 2 | (0.8, 0.2) | 0 | 0 | set() | 0| 0.0 | 0 
2021-09-27 02:35:36,459 - INFO - load | 3 | (0.8, 0.2) | 0 | 0 | set() | 0| 0.0 | 0 
2021-09-27 02:35:36,478 - INFO - load | 4 | (0.8, 0.2) | 0 | 0 | set() | 0| 0.0 | 0 
2021-09-27 02:35:36,478 - INFO - ********** (0.8, 0.30000000000000004, 0.24000000000000005)
2021-09-27 02:35:36,497 - INFO - max_history_budget=4, max_history_result=(set(), 0, 0.0)
2021-09-27 02:35:36,514 - INFO - load | 1 | (0.8, 0.30000000000000004) | 0 | 0 | set() | 0| 0.0 | 0 
2021-09-27 02:35:36,531 - INFO - load | 2 | (0.8, 0.30000000000000004) | 0 | 0 | set() | 0| 0.0 | 0 
2021-09-27 02:35:36,549 - INFO - load | 3 | (0.8, 0.30000000000000004) | 0 | 0 | set() | 0| 0.0 | 0 
2021-09-27 02:35:36,579 - INFO - load | 4 | (0.8, 0.30000000000000004) | 0 | 0 | set() | 0| 0.0 | 0 
2021-09-27 02:35:36,579 - INFO - ********** (0.8, 0.4, 0.32000000000000006)
2021-09-27 02:35:36,597 - INFO - max_history_budget=4, max_history_result=(set(), 0, 0.0)
2021-09-27 02:35:36,616 - INFO - load | 1 | (0.8, 0.4) | 0 | 0 | set() | 0| 0.0 | 0 
2021-09-27 02:35:36,635 - INFO - load | 2 | (0.8, 0.4) | 0 | 0 | set() | 0| 0.0 | 0 
2021-09-27 02:35:36,653 - INFO - load | 3 | (0.8, 0.4) | 0 | 0 | set() | 0| 0.0 | 0 
2021-09-27 02:35:36,672 - INFO - load | 4 | (0.8, 0.4) | 0 | 0 | set() | 0| 0.0 | 0 
2021-09-27 02:35:36,672 - INFO - ********** (0.8, 0.5, 0.4)
2021-09-27 02:35:36,690 - INFO - max_history_budget=4, max_history_result=(set(), 0, 0.0)
2021-09-27 02:35:36,709 - INFO - load | 1 | (0.8, 0.5) | 0 | 0 | set() | 0| 0.0 | 0 
2021-09-27 02:35:36,727 - INFO - load | 2 | (0.8, 0.5) | 0 | 0 | set() | 0| 0.0 | 0 
2021-09-27 02:35:36,746 - INFO - load | 3 | (0.8, 0.5) | 0 | 0 | set() | 0| 0.0 | 0 
2021-09-27 02:35:36,764 - INFO - load | 4 | (0.8, 0.5) | 0 | 0 | set() | 0| 0.0 | 0 
2021-09-27 02:35:36,764 - INFO - ********** (0.8, 0.6000000000000001, 0.4800000000000001)
2021-09-27 02:35:36,842 - INFO - max_history_budget=0, max_history_result=None
2021-09-27 02:35:36,843 - INFO - compute | 4 | (0.8, 0.6000000000000001) | 0 | 1 | {14} | 0| 0.0 | 0 
2021-09-27 02:35:36,843 - INFO - compute | 4 | (0.8, 0.6000000000000001) | 0 | 1 | {14} | 0| 0.0 | 0 
2021-09-27 02:35:36,843 - INFO - compute | 4 | (0.8, 0.6000000000000001) | 0 | 1 | {14} | 0| 0.0 | 0 
2021-09-27 02:35:36,843 - INFO - compute | 4 | (0.8, 0.6000000000000001) | 0 | 1 | {14} | 0| 0.0 | 0 
2021-09-27 02:35:36,843 - INFO - ********** (0.8, 0.7000000000000001, 0.56)
2021-09-27 02:35:36,917 - INFO - max_history_budget=0, max_history_result=None
2021-09-27 02:35:36,918 - INFO - compute | 4 | (0.8, 0.7000000000000001) | 0 | 5 | {14} | 0| 0.0 | 0 
2021-09-27 02:35:36,918 - INFO - compute | 4 | (0.8, 0.7000000000000001) | 0 | 5 | {857, 14} | 0| 0.0 | 0 
2021-09-27 02:35:36,918 - INFO - compute | 4 | (0.8, 0.7000000000000001) | 0 | 5 | {857, 51, 14} | 0| 0.0 | 0 
2021-09-27 02:35:36,918 - INFO - compute | 4 | (0.8, 0.7000000000000001) | 0 | 5 | {857, 51, 14, 529} | 0| 0.0 | 0 
2021-09-27 02:35:36,918 - INFO - ********** (0.8, 0.8, 0.6400000000000001)
2021-09-27 02:35:36,992 - INFO - max_history_budget=0, max_history_result=None
2021-09-27 02:35:36,992 - INFO - compute | 4 | (0.8, 0.8) | 0 | 27 | {4671} | 0| 0.0 | 0 
2021-09-27 02:35:36,992 - INFO - compute | 4 | (0.8, 0.8) | 0 | 27 | {375, 4671} | 0| 0.0 | 0 
2021-09-27 02:35:36,992 - INFO - compute | 4 | (0.8, 0.8) | 0 | 27 | {51, 375, 4671} | 0| 0.0 | 0 
2021-09-27 02:35:36,992 - INFO - compute | 4 | (0.8, 0.8) | 0 | 27 | {113, 51, 375, 4671} | 0| 0.0 | 0 
2021-09-27 02:35:36,992 - INFO - ********** (0.8, 0.9, 0.7200000000000001)
2021-09-27 02:35:37,068 - INFO - max_history_budget=0, max_history_result=None
2021-09-27 02:35:37,068 - INFO - compute | 4 | (0.8, 0.9) | 0 | 115 | {764} | 0| 0.0 | 0 
2021-09-27 02:35:37,069 - INFO - compute | 4 | (0.8, 0.9) | 0 | 115 | {2809, 764} | 0| 0.0 | 0 
2021-09-27 02:35:37,069 - INFO - compute | 4 | (0.8, 0.9) | 0 | 115 | {2809, 764, 1781} | 0| 0.0 | 0 
2021-09-27 02:35:37,069 - INFO - compute | 4 | (0.8, 0.9) | 0 | 115 | {496, 2809, 764, 1781} | 0| 0.0 | 0 
2021-09-27 02:35:37,069 - INFO - ********** (0.8, 1.0, 0.8)
2021-09-27 02:35:37,145 - INFO - max_history_budget=0, max_history_result=None
2021-09-27 02:35:37,146 - INFO - compute | 4 | (0.8, 1.0) | 0 | 500 | {6143} | 0| 0.0 | 0 
2021-09-27 02:35:37,146 - INFO - compute | 4 | (0.8, 1.0) | 0 | 500 | {8180, 6143} | 0| 0.0 | 0 
2021-09-27 02:35:37,146 - INFO - compute | 4 | (0.8, 1.0) | 0 | 500 | {9202, 8180, 6143} | 0| 0.0 | 0 
2021-09-27 02:35:37,146 - INFO - compute | 4 | (0.8, 1.0) | 0 | 500 | {9202, 8180, 8174, 6143} | 0| 0.0 | 0 
2021-09-27 02:35:37,146 - INFO - ********** (0.9, 0.0, 0.0)
2021-09-27 02:35:37,165 - INFO - max_history_budget=4, max_history_result=(set(), 0, 0.0)
2021-09-27 02:35:37,184 - INFO - load | 1 | (0.9, 0.0) | 0 | 0 | set() | 0| 0.0 | 0 
2021-09-27 02:35:37,202 - INFO - load | 2 | (0.9, 0.0) | 0 | 0 | set() | 0| 0.0 | 0 
2021-09-27 02:35:37,220 - INFO - load | 3 | (0.9, 0.0) | 0 | 0 | set() | 0| 0.0 | 0 
2021-09-27 02:35:37,239 - INFO - load | 4 | (0.9, 0.0) | 0 | 0 | set() | 0| 0.0 | 0 
2021-09-27 02:35:37,239 - INFO - ********** (0.9, 0.1, 0.09000000000000001)
2021-09-27 02:35:37,258 - INFO - max_history_budget=4, max_history_result=(set(), 0, 0.0)
2021-09-27 02:35:37,278 - INFO - load | 1 | (0.9, 0.1) | 0 | 0 | set() | 0| 0.0 | 0 
2021-09-27 02:35:37,297 - INFO - load | 2 | (0.9, 0.1) | 0 | 0 | set() | 0| 0.0 | 0 
2021-09-27 02:35:37,316 - INFO - load | 3 | (0.9, 0.1) | 0 | 0 | set() | 0| 0.0 | 0 
2021-09-27 02:35:37,334 - INFO - load | 4 | (0.9, 0.1) | 0 | 0 | set() | 0| 0.0 | 0 
2021-09-27 02:35:37,334 - INFO - ********** (0.9, 0.2, 0.18000000000000002)
2021-09-27 02:35:37,351 - INFO - max_history_budget=4, max_history_result=(set(), 0, 0.0)
2021-09-27 02:35:37,369 - INFO - load | 1 | (0.9, 0.2) | 0 | 0 | set() | 0| 0.0 | 0 
2021-09-27 02:35:37,386 - INFO - load | 2 | (0.9, 0.2) | 0 | 0 | set() | 0| 0.0 | 0 
2021-09-27 02:35:37,405 - INFO - load | 3 | (0.9, 0.2) | 0 | 0 | set() | 0| 0.0 | 0 
2021-09-27 02:35:37,435 - INFO - load | 4 | (0.9, 0.2) | 0 | 0 | set() | 0| 0.0 | 0 
2021-09-27 02:35:37,435 - INFO - ********** (0.9, 0.30000000000000004, 0.2700000000000001)
2021-09-27 02:35:37,459 - INFO - max_history_budget=4, max_history_result=(set(), 0, 0.0)
2021-09-27 02:35:37,488 - INFO - load | 1 | (0.9, 0.30000000000000004) | 0 | 0 | set() | 0| 0.0 | 0 
2021-09-27 02:35:37,513 - INFO - load | 2 | (0.9, 0.30000000000000004) | 0 | 0 | set() | 0| 0.0 | 0 
2021-09-27 02:35:37,537 - INFO - load | 3 | (0.9, 0.30000000000000004) | 0 | 0 | set() | 0| 0.0 | 0 
2021-09-27 02:35:37,558 - INFO - load | 4 | (0.9, 0.30000000000000004) | 0 | 0 | set() | 0| 0.0 | 0 
2021-09-27 02:35:37,559 - INFO - ********** (0.9, 0.4, 0.36000000000000004)
2021-09-27 02:35:37,584 - INFO - max_history_budget=4, max_history_result=(set(), 0, 0.0)
2021-09-27 02:35:37,606 - INFO - load | 1 | (0.9, 0.4) | 0 | 0 | set() | 0| 0.0 | 0 
2021-09-27 02:35:37,628 - INFO - load | 2 | (0.9, 0.4) | 0 | 0 | set() | 0| 0.0 | 0 
2021-09-27 02:35:37,648 - INFO - load | 3 | (0.9, 0.4) | 0 | 0 | set() | 0| 0.0 | 0 
2021-09-27 02:35:37,666 - INFO - load | 4 | (0.9, 0.4) | 0 | 0 | set() | 0| 0.0 | 0 
2021-09-27 02:35:37,666 - INFO - ********** (0.9, 0.5, 0.45)
2021-09-27 02:35:37,685 - INFO - max_history_budget=4, max_history_result=({14}, 0, 0.0)
2021-09-27 02:35:37,704 - INFO - load | 1 | (0.9, 0.5) | 0 | 1 | {14} | 0| 0.0 | 0 
2021-09-27 02:35:37,724 - INFO - load | 2 | (0.9, 0.5) | 0 | 1 | {14} | 0| 0.0 | 0 
2021-09-27 02:35:37,745 - INFO - load | 3 | (0.9, 0.5) | 0 | 1 | {14} | 0| 0.0 | 0 
2021-09-27 02:35:37,765 - INFO - load | 4 | (0.9, 0.5) | 0 | 1 | {14} | 0| 0.0 | 0 
2021-09-27 02:35:37,765 - INFO - ********** (0.9, 0.6000000000000001, 0.5400000000000001)
2021-09-27 02:35:37,852 - INFO - max_history_budget=0, max_history_result=None
2021-09-27 02:35:37,852 - INFO - compute | 4 | (0.9, 0.6000000000000001) | 0 | 4 | {14} | 0| 0.0 | 0 
2021-09-27 02:35:37,852 - INFO - compute | 4 | (0.9, 0.6000000000000001) | 0 | 4 | {51, 14} | 0| 0.0 | 0 
2021-09-27 02:35:37,852 - INFO - compute | 4 | (0.9, 0.6000000000000001) | 0 | 4 | {857, 51, 14} | 0| 0.0 | 0 
2021-09-27 02:35:37,852 - INFO - compute | 4 | (0.9, 0.6000000000000001) | 0 | 4 | {296, 857, 51, 14} | 0| 0.0 | 0 
2021-09-27 02:35:37,852 - INFO - ********** (0.9, 0.7000000000000001, 0.6300000000000001)
2021-09-27 02:35:37,937 - INFO - max_history_budget=0, max_history_result=None
2021-09-27 02:35:37,937 - INFO - compute | 4 | (0.9, 0.7000000000000001) | 0 | 23 | {375} | 0| 0.0 | 0 
2021-09-27 02:35:37,937 - INFO - compute | 4 | (0.9, 0.7000000000000001) | 0 | 23 | {51, 375} | 0| 0.0 | 0 
2021-09-27 02:35:37,937 - INFO - compute | 4 | (0.9, 0.7000000000000001) | 0 | 23 | {113, 51, 375} | 0| 0.0 | 0 
2021-09-27 02:35:37,937 - INFO - compute | 4 | (0.9, 0.7000000000000001) | 0 | 23 | {113, 51, 302, 375} | 0| 0.0 | 0 
2021-09-27 02:35:37,937 - INFO - ********** (0.9, 0.8, 0.7200000000000001)
2021-09-27 02:35:37,958 - INFO - max_history_budget=4, max_history_result=({496, 2809, 764, 1781}, 0, 0.0)
2021-09-27 02:35:37,977 - INFO - load | 1 | (0.9, 0.8) | 0 | 115 | {764} | 0| 0.0 | 0 
2021-09-27 02:35:37,997 - INFO - load | 2 | (0.9, 0.8) | 0 | 115 | {2809, 764} | 0| 0.0 | 0 
2021-09-27 02:35:38,018 - INFO - load | 3 | (0.9, 0.8) | 0 | 115 | {2809, 764, 1781} | 0| 0.0 | 0 
2021-09-27 02:35:38,038 - INFO - load | 4 | (0.9, 0.8) | 0 | 115 | {496, 2809, 764, 1781} | 0| 0.0 | 0 
2021-09-27 02:35:38,038 - INFO - ********** (0.9, 0.9, 0.81)
2021-09-27 02:35:38,058 - INFO - max_history_budget=4, max_history_result=({9202, 8180, 8174, 6143}, 0, 0.0)
2021-09-27 02:35:38,077 - INFO - load | 1 | (0.9, 0.9) | 0 | 500 | {6143} | 0| 0.0 | 0 
2021-09-27 02:35:38,097 - INFO - load | 2 | (0.9, 0.9) | 0 | 500 | {8180, 6143} | 0| 0.0 | 0 
2021-09-27 02:35:38,116 - INFO - load | 3 | (0.9, 0.9) | 0 | 500 | {9202, 8180, 6143} | 0| 0.0 | 0 
2021-09-27 02:35:38,135 - INFO - load | 4 | (0.9, 0.9) | 0 | 500 | {9202, 8180, 8174, 6143} | 0| 0.0 | 0 
2021-09-27 02:35:38,136 - INFO - ********** (0.9, 1.0, 0.9)
2021-09-27 02:35:38,156 - INFO - max_history_budget=4, max_history_result=({9202, 8180, 8174, 6143}, 0, 0.0)
2021-09-27 02:35:38,175 - INFO - load | 1 | (0.9, 1.0) | 0 | 500 | {6143} | 0| 0.0 | 0 
2021-09-27 02:35:38,195 - INFO - load | 2 | (0.9, 1.0) | 0 | 500 | {8180, 6143} | 0| 0.0 | 0 
2021-09-27 02:35:38,214 - INFO - load | 3 | (0.9, 1.0) | 0 | 500 | {9202, 8180, 6143} | 0| 0.0 | 0 
2021-09-27 02:35:38,233 - INFO - load | 4 | (0.9, 1.0) | 0 | 500 | {9202, 8180, 8174, 6143} | 0| 0.0 | 0 
2021-09-27 02:35:38,233 - INFO - ********** (1.0, 0.0, 0.0)
2021-09-27 02:35:38,252 - INFO - max_history_budget=4, max_history_result=(set(), 0, 0.0)
2021-09-27 02:35:38,271 - INFO - load | 1 | (1.0, 0.0) | 0 | 0 | set() | 0| 0.0 | 0 
2021-09-27 02:35:38,290 - INFO - load | 2 | (1.0, 0.0) | 0 | 0 | set() | 0| 0.0 | 0 
2021-09-27 02:35:38,308 - INFO - load | 3 | (1.0, 0.0) | 0 | 0 | set() | 0| 0.0 | 0 
2021-09-27 02:35:38,327 - INFO - load | 4 | (1.0, 0.0) | 0 | 0 | set() | 0| 0.0 | 0 
2021-09-27 02:35:38,327 - INFO - ********** (1.0, 0.1, 0.1)
2021-09-27 02:35:38,345 - INFO - max_history_budget=4, max_history_result=(set(), 0, 0.0)
2021-09-27 02:35:38,364 - INFO - load | 1 | (1.0, 0.1) | 0 | 0 | set() | 0| 0.0 | 0 
2021-09-27 02:35:38,383 - INFO - load | 2 | (1.0, 0.1) | 0 | 0 | set() | 0| 0.0 | 0 
2021-09-27 02:35:38,402 - INFO - load | 3 | (1.0, 0.1) | 0 | 0 | set() | 0| 0.0 | 0 
2021-09-27 02:35:38,420 - INFO - load | 4 | (1.0, 0.1) | 0 | 0 | set() | 0| 0.0 | 0 
2021-09-27 02:35:38,420 - INFO - ********** (1.0, 0.2, 0.2)
2021-09-27 02:35:38,439 - INFO - max_history_budget=4, max_history_result=(set(), 0, 0.0)
2021-09-27 02:35:38,458 - INFO - load | 1 | (1.0, 0.2) | 0 | 0 | set() | 0| 0.0 | 0 
2021-09-27 02:35:38,477 - INFO - load | 2 | (1.0, 0.2) | 0 | 0 | set() | 0| 0.0 | 0 
2021-09-27 02:35:38,495 - INFO - load | 3 | (1.0, 0.2) | 0 | 0 | set() | 0| 0.0 | 0 
2021-09-27 02:35:38,514 - INFO - load | 4 | (1.0, 0.2) | 0 | 0 | set() | 0| 0.0 | 0 
2021-09-27 02:35:38,514 - INFO - ********** (1.0, 0.30000000000000004, 0.30000000000000004)
2021-09-27 02:35:38,533 - INFO - max_history_budget=4, max_history_result=(set(), 0, 0.0)
2021-09-27 02:35:38,551 - INFO - load | 1 | (1.0, 0.30000000000000004) | 0 | 0 | set() | 0| 0.0 | 0 
2021-09-27 02:35:38,570 - INFO - load | 2 | (1.0, 0.30000000000000004) | 0 | 0 | set() | 0| 0.0 | 0 
2021-09-27 02:35:38,589 - INFO - load | 3 | (1.0, 0.30000000000000004) | 0 | 0 | set() | 0| 0.0 | 0 
2021-09-27 02:35:38,609 - INFO - load | 4 | (1.0, 0.30000000000000004) | 0 | 0 | set() | 0| 0.0 | 0 
2021-09-27 02:35:38,609 - INFO - ********** (1.0, 0.4, 0.4)
2021-09-27 02:35:38,628 - INFO - max_history_budget=4, max_history_result=(set(), 0, 0.0)
2021-09-27 02:35:38,647 - INFO - load | 1 | (1.0, 0.4) | 0 | 0 | set() | 0| 0.0 | 0 
2021-09-27 02:35:38,666 - INFO - load | 2 | (1.0, 0.4) | 0 | 0 | set() | 0| 0.0 | 0 
2021-09-27 02:35:38,684 - INFO - load | 3 | (1.0, 0.4) | 0 | 0 | set() | 0| 0.0 | 0 
2021-09-27 02:35:38,702 - INFO - load | 4 | (1.0, 0.4) | 0 | 0 | set() | 0| 0.0 | 0 
2021-09-27 02:35:38,702 - INFO - ********** (1.0, 0.5, 0.5)
2021-09-27 02:35:38,793 - INFO - max_history_budget=0, max_history_result=None
2021-09-27 02:35:38,793 - INFO - compute | 4 | (1.0, 0.5) | 0 | 2 | {14} | 0| 0.0 | 0 
2021-09-27 02:35:38,793 - INFO - compute | 4 | (1.0, 0.5) | 0 | 2 | {857, 14} | 0| 0.0 | 0 
2021-09-27 02:35:38,793 - INFO - compute | 4 | (1.0, 0.5) | 0 | 2 | {857, 14} | 0| 0.0 | 0 
2021-09-27 02:35:38,793 - INFO - compute | 4 | (1.0, 0.5) | 0 | 2 | {857, 14} | 0| 0.0 | 0 
2021-09-27 02:35:38,793 - INFO - ********** (1.0, 0.6000000000000001, 0.6000000000000001)
2021-09-27 02:35:38,887 - INFO - max_history_budget=0, max_history_result=None
2021-09-27 02:35:38,887 - INFO - compute | 4 | (1.0, 0.6000000000000001) | 0 | 14 | {375} | 0| 0.0 | 0 
2021-09-27 02:35:38,887 - INFO - compute | 4 | (1.0, 0.6000000000000001) | 0 | 14 | {91, 375} | 0| 0.0 | 0 
2021-09-27 02:35:38,887 - INFO - compute | 4 | (1.0, 0.6000000000000001) | 0 | 14 | {857, 91, 375} | 0| 0.0 | 0 
2021-09-27 02:35:38,887 - INFO - compute | 4 | (1.0, 0.6000000000000001) | 0 | 14 | {857, 91, 343, 375} | 0| 0.0 | 0 
2021-09-27 02:35:38,888 - INFO - ********** (1.0, 0.7000000000000001, 0.7000000000000001)
2021-09-27 02:35:38,982 - INFO - max_history_budget=0, max_history_result=None
2021-09-27 02:35:38,982 - INFO - compute | 4 | (1.0, 0.7000000000000001) | 0 | 74 | {7420} | 0| 0.0 | 0 
2021-09-27 02:35:38,982 - INFO - compute | 4 | (1.0, 0.7000000000000001) | 0 | 74 | {7420, 1781} | 0| 0.0 | 0 
2021-09-27 02:35:38,982 - INFO - compute | 4 | (1.0, 0.7000000000000001) | 0 | 74 | {752, 7420, 1781} | 0| 0.0 | 0 
2021-09-27 02:35:38,982 - INFO - compute | 4 | (1.0, 0.7000000000000001) | 0 | 74 | {752, 496, 7420, 1781} | 0| 0.0 | 0 
2021-09-27 02:35:38,983 - INFO - ********** (1.0, 0.8, 0.8)
2021-09-27 02:35:39,002 - INFO - max_history_budget=4, max_history_result=({9202, 8180, 8174, 6143}, 0, 0.0)
2021-09-27 02:35:39,021 - INFO - load | 1 | (1.0, 0.8) | 0 | 500 | {6143} | 0| 0.0 | 0 
2021-09-27 02:35:39,040 - INFO - load | 2 | (1.0, 0.8) | 0 | 500 | {8180, 6143} | 0| 0.0 | 0 
2021-09-27 02:35:39,058 - INFO - load | 3 | (1.0, 0.8) | 0 | 500 | {9202, 8180, 6143} | 0| 0.0 | 0 
2021-09-27 02:35:39,077 - INFO - load | 4 | (1.0, 0.8) | 0 | 500 | {9202, 8180, 8174, 6143} | 0| 0.0 | 0 
2021-09-27 02:35:39,077 - INFO - ********** (1.0, 0.9, 0.9)
2021-09-27 02:35:39,096 - INFO - max_history_budget=4, max_history_result=({9202, 8180, 8174, 6143}, 0, 0.0)
2021-09-27 02:35:39,114 - INFO - load | 1 | (1.0, 0.9) | 0 | 500 | {6143} | 0| 0.0 | 0 
2021-09-27 02:35:39,133 - INFO - load | 2 | (1.0, 0.9) | 0 | 500 | {8180, 6143} | 0| 0.0 | 0 
2021-09-27 02:35:39,151 - INFO - load | 3 | (1.0, 0.9) | 0 | 500 | {9202, 8180, 6143} | 0| 0.0 | 0 
2021-09-27 02:35:39,170 - INFO - load | 4 | (1.0, 0.9) | 0 | 500 | {9202, 8180, 8174, 6143} | 0| 0.0 | 0 
2021-09-27 02:35:39,170 - INFO - ********** (1.0, 1.0, 1.0)
2021-09-27 02:35:39,189 - INFO - max_history_budget=4, max_history_result=({9202, 8180, 8174, 6143}, 0, 0.0)
2021-09-27 02:35:39,207 - INFO - load | 1 | (1.0, 1.0) | 0 | 500 | {6143} | 0| 0.0 | 0 
2021-09-27 02:35:39,226 - INFO - load | 2 | (1.0, 1.0) | 0 | 500 | {8180, 6143} | 0| 0.0 | 0 
2021-09-27 02:35:39,244 - INFO - load | 3 | (1.0, 1.0) | 0 | 500 | {9202, 8180, 6143} | 0| 0.0 | 0 
2021-09-27 02:35:39,263 - INFO - load | 4 | (1.0, 1.0) | 0 | 500 | {9202, 8180, 8174, 6143} | 0| 0.0 | 0 
