2021-09-27 02:40:02,942 - INFO - run algo
2021-09-27 02:40:03,235 - INFO - 9513
2021-09-27 02:40:03,244 - INFO - 10000
2021-09-27 02:40:10,469 - INFO - load:
2021-09-27 02:40:10,472 - INFO - Finish random requester set R and supplier set S 
                             percent_R=0.1, num_R=1000, len_R=1000 
                             percent_S=0.1, num_S=1000, len_S=1000
2021-09-27 02:40:19,955 - INFO - ********** (0.0, 0.0, 0.0)
2021-09-27 02:40:19,957 - INFO - max_history_budget=2, max_history_result=(set(), 0.0, 0.0)
2021-09-27 02:40:19,957 - INFO - load | 1 | (0.0, 0.0) | 1000 | 0 | set() | 0.0| 0.0 | 0.0 
2021-09-27 02:40:19,958 - INFO - load | 2 | (0.0, 0.0) | 1000 | 0 | set() | 0.0| 0.0 | 0.0 
2021-09-27 02:40:19,958 - INFO - ********** (0.0, 0.1, 0.0)
2021-09-27 02:40:19,959 - INFO - max_history_budget=2, max_history_result=(set(), 0.0, 0.0)
2021-09-27 02:40:19,960 - INFO - load | 1 | (0.0, 0.1) | 1000 | 0 | set() | 0.0| 0.0 | 0.0 
2021-09-27 02:40:19,960 - INFO - load | 2 | (0.0, 0.1) | 1000 | 0 | set() | 0.0| 0.0 | 0.0 
2021-09-27 02:40:19,960 - INFO - ********** (0.0, 0.2, 0.0)
2021-09-27 02:40:19,961 - INFO - max_history_budget=2, max_history_result=(set(), 0.0, 0.0)
2021-09-27 02:40:19,962 - INFO - load | 1 | (0.0, 0.2) | 1000 | 0 | set() | 0.0| 0.0 | 0.0 
2021-09-27 02:40:19,963 - INFO - load | 2 | (0.0, 0.2) | 1000 | 0 | set() | 0.0| 0.0 | 0.0 
2021-09-27 02:40:19,963 - INFO - ********** (0.0, 0.30000000000000004, 0.0)
2021-09-27 02:40:19,964 - INFO - max_history_budget=2, max_history_result=(set(), 0.0, 0.0)
2021-09-27 02:40:19,964 - INFO - load | 1 | (0.0, 0.30000000000000004) | 1000 | 0 | set() | 0.0| 0.0 | 0.0 
2021-09-27 02:40:19,965 - INFO - load | 2 | (0.0, 0.30000000000000004) | 1000 | 0 | set() | 0.0| 0.0 | 0.0 
2021-09-27 02:40:19,965 - INFO - ********** (0.0, 0.4, 0.0)
2021-09-27 02:40:19,966 - INFO - max_history_budget=2, max_history_result=(set(), 0.0, 0.0)
2021-09-27 02:40:19,967 - INFO - load | 1 | (0.0, 0.4) | 1000 | 0 | set() | 0.0| 0.0 | 0.0 
2021-09-27 02:40:19,967 - INFO - load | 2 | (0.0, 0.4) | 1000 | 0 | set() | 0.0| 0.0 | 0.0 
2021-09-27 02:40:19,967 - INFO - ********** (0.0, 0.5, 0.0)
2021-09-27 02:40:19,968 - INFO - max_history_budget=2, max_history_result=(set(), 0.0, 0.0)
2021-09-27 02:40:19,969 - INFO - load | 1 | (0.0, 0.5) | 1000 | 0 | set() | 0.0| 0.0 | 0.0 
2021-09-27 02:40:19,970 - INFO - load | 2 | (0.0, 0.5) | 1000 | 0 | set() | 0.0| 0.0 | 0.0 
2021-09-27 02:40:19,970 - INFO - ********** (0.0, 0.6000000000000001, 0.0)
2021-09-27 02:40:19,971 - INFO - max_history_budget=2, max_history_result=(set(), 0.0, 0.0)
2021-09-27 02:40:19,971 - INFO - load | 1 | (0.0, 0.6000000000000001) | 1000 | 0 | set() | 0.0| 0.0 | 0.0 
2021-09-27 02:40:19,972 - INFO - load | 2 | (0.0, 0.6000000000000001) | 1000 | 0 | set() | 0.0| 0.0 | 0.0 
2021-09-27 02:40:19,972 - INFO - ********** (0.0, 0.7000000000000001, 0.0)
2021-09-27 02:40:19,973 - INFO - max_history_budget=2, max_history_result=(set(), 0.0, 0.0)
2021-09-27 02:40:19,974 - INFO - load | 1 | (0.0, 0.7000000000000001) | 1000 | 0 | set() | 0.0| 0.0 | 0.0 
2021-09-27 02:40:19,974 - INFO - load | 2 | (0.0, 0.7000000000000001) | 1000 | 0 | set() | 0.0| 0.0 | 0.0 
2021-09-27 02:40:19,974 - INFO - ********** (0.0, 0.8, 0.0)
2021-09-27 02:40:19,976 - INFO - max_history_budget=2, max_history_result=(set(), 0.0, 0.0)
2021-09-27 02:40:19,976 - INFO - load | 1 | (0.0, 0.8) | 1000 | 0 | set() | 0.0| 0.0 | 0.0 
2021-09-27 02:40:19,977 - INFO - load | 2 | (0.0, 0.8) | 1000 | 0 | set() | 0.0| 0.0 | 0.0 
2021-09-27 02:40:19,977 - INFO - ********** (0.0, 0.9, 0.0)
2021-09-27 02:40:19,978 - INFO - max_history_budget=2, max_history_result=(set(), 0.0, 0.0)
2021-09-27 02:40:19,979 - INFO - load | 1 | (0.0, 0.9) | 1000 | 0 | set() | 0.0| 0.0 | 0.0 
2021-09-27 02:40:19,979 - INFO - load | 2 | (0.0, 0.9) | 1000 | 0 | set() | 0.0| 0.0 | 0.0 
2021-09-27 02:40:19,979 - INFO - ********** (0.0, 1.0, 0.0)
2021-09-27 02:40:19,980 - INFO - max_history_budget=2, max_history_result=(set(), 0.0, 0.0)
2021-09-27 02:40:19,981 - INFO - load | 1 | (0.0, 1.0) | 1000 | 0 | set() | 0.0| 0.0 | 0.0 
2021-09-27 02:40:19,982 - INFO - load | 2 | (0.0, 1.0) | 1000 | 0 | set() | 0.0| 0.0 | 0.0 
2021-09-27 02:40:19,982 - INFO - ********** (0.1, 0.0, 0.0)
2021-09-27 02:40:19,983 - INFO - max_history_budget=2, max_history_result=(set(), 0.0, 0.0)
2021-09-27 02:40:19,983 - INFO - load | 1 | (0.1, 0.0) | 1000 | 0 | set() | 0.0| 0.0 | 0.0 
2021-09-27 02:40:19,984 - INFO - load | 2 | (0.1, 0.0) | 1000 | 0 | set() | 0.0| 0.0 | 0.0 
2021-09-27 02:40:19,984 - INFO - ********** (0.1, 0.1, 0.010000000000000002)
2021-09-27 02:40:19,985 - INFO - max_history_budget=2, max_history_result=(set(), 0.0, 0.0)
2021-09-27 02:40:19,986 - INFO - load | 1 | (0.1, 0.1) | 1000 | 0 | set() | 0.0| 0.0 | 0.0 
2021-09-27 02:40:19,986 - INFO - load | 2 | (0.1, 0.1) | 1000 | 0 | set() | 0.0| 0.0 | 0.0 
2021-09-27 02:40:19,986 - INFO - ********** (0.1, 0.2, 0.020000000000000004)
2021-09-27 02:40:19,987 - INFO - max_history_budget=2, max_history_result=(set(), 0.0, 0.0)
2021-09-27 02:40:19,988 - INFO - load | 1 | (0.1, 0.2) | 1000 | 0 | set() | 0.0| 0.0 | 0.0 
2021-09-27 02:40:19,989 - INFO - load | 2 | (0.1, 0.2) | 1000 | 0 | set() | 0.0| 0.0 | 0.0 
2021-09-27 02:40:19,989 - INFO - ********** (0.1, 0.30000000000000004, 0.030000000000000006)
2021-09-27 02:40:19,990 - INFO - max_history_budget=2, max_history_result=(set(), 0.0, 0.0)
2021-09-27 02:40:19,991 - INFO - load | 1 | (0.1, 0.30000000000000004) | 1000 | 0 | set() | 0.0| 0.0 | 0.0 
2021-09-27 02:40:19,991 - INFO - load | 2 | (0.1, 0.30000000000000004) | 1000 | 0 | set() | 0.0| 0.0 | 0.0 
2021-09-27 02:40:19,991 - INFO - ********** (0.1, 0.4, 0.04000000000000001)
2021-09-27 02:40:19,992 - INFO - max_history_budget=2, max_history_result=(set(), 0.0, 0.0)
2021-09-27 02:40:19,993 - INFO - load | 1 | (0.1, 0.4) | 1000 | 0 | set() | 0.0| 0.0 | 0.0 
2021-09-27 02:40:19,994 - INFO - load | 2 | (0.1, 0.4) | 1000 | 0 | set() | 0.0| 0.0 | 0.0 
2021-09-27 02:40:19,994 - INFO - ********** (0.1, 0.5, 0.05)
2021-09-27 02:40:19,995 - INFO - max_history_budget=2, max_history_result=(set(), 0.0, 0.0)
2021-09-27 02:40:19,995 - INFO - load | 1 | (0.1, 0.5) | 1000 | 0 | set() | 0.0| 0.0 | 0.0 
2021-09-27 02:40:19,996 - INFO - load | 2 | (0.1, 0.5) | 1000 | 0 | set() | 0.0| 0.0 | 0.0 
2021-09-27 02:40:19,996 - INFO - ********** (0.1, 0.6000000000000001, 0.06000000000000001)
2021-09-27 02:40:19,997 - INFO - max_history_budget=2, max_history_result=(set(), 0.0, 0.0)
2021-09-27 02:40:19,998 - INFO - load | 1 | (0.1, 0.6000000000000001) | 1000 | 0 | set() | 0.0| 0.0 | 0.0 
2021-09-27 02:40:19,998 - INFO - load | 2 | (0.1, 0.6000000000000001) | 1000 | 0 | set() | 0.0| 0.0 | 0.0 
2021-09-27 02:40:19,998 - INFO - ********** (0.1, 0.7000000000000001, 0.07)
2021-09-27 02:40:20,000 - INFO - max_history_budget=2, max_history_result=(set(), 0.0, 0.0)
2021-09-27 02:40:20,000 - INFO - load | 1 | (0.1, 0.7000000000000001) | 1000 | 0 | set() | 0.0| 0.0 | 0.0 
2021-09-27 02:40:20,001 - INFO - load | 2 | (0.1, 0.7000000000000001) | 1000 | 0 | set() | 0.0| 0.0 | 0.0 
2021-09-27 02:40:20,001 - INFO - ********** (0.1, 0.8, 0.08000000000000002)
2021-09-27 02:40:20,002 - INFO - max_history_budget=2, max_history_result=(set(), 0.0, 0.0)
2021-09-27 02:40:20,003 - INFO - load | 1 | (0.1, 0.8) | 1000 | 0 | set() | 0.0| 0.0 | 0.0 
2021-09-27 02:40:20,004 - INFO - load | 2 | (0.1, 0.8) | 1000 | 0 | set() | 0.0| 0.0 | 0.0 
2021-09-27 02:40:20,005 - INFO - ********** (0.1, 0.9, 0.09000000000000001)
2021-09-27 02:40:20,007 - INFO - max_history_budget=2, max_history_result=(set(), 0.0, 0.0)
2021-09-27 02:40:20,008 - INFO - load | 1 | (0.1, 0.9) | 1000 | 0 | set() | 0.0| 0.0 | 0.0 
2021-09-27 02:40:20,009 - INFO - load | 2 | (0.1, 0.9) | 1000 | 0 | set() | 0.0| 0.0 | 0.0 
2021-09-27 02:40:20,009 - INFO - ********** (0.1, 1.0, 0.1)
2021-09-27 02:40:20,011 - INFO - max_history_budget=2, max_history_result=(set(), 0.0, 0.0)
2021-09-27 02:40:20,011 - INFO - load | 1 | (0.1, 1.0) | 1000 | 0 | set() | 0.0| 0.0 | 0.0 
2021-09-27 02:40:20,012 - INFO - load | 2 | (0.1, 1.0) | 1000 | 0 | set() | 0.0| 0.0 | 0.0 
2021-09-27 02:40:20,012 - INFO - ********** (0.2, 0.0, 0.0)
2021-09-27 02:40:20,013 - INFO - max_history_budget=2, max_history_result=(set(), 0.0, 0.0)
2021-09-27 02:40:20,014 - INFO - load | 1 | (0.2, 0.0) | 1000 | 0 | set() | 0.0| 0.0 | 0.0 
2021-09-27 02:40:20,015 - INFO - load | 2 | (0.2, 0.0) | 1000 | 0 | set() | 0.0| 0.0 | 0.0 
2021-09-27 02:40:20,015 - INFO - ********** (0.2, 0.1, 0.020000000000000004)
2021-09-27 02:40:20,016 - INFO - max_history_budget=2, max_history_result=(set(), 0.0, 0.0)
2021-09-27 02:40:20,017 - INFO - load | 1 | (0.2, 0.1) | 1000 | 0 | set() | 0.0| 0.0 | 0.0 
2021-09-27 02:40:20,017 - INFO - load | 2 | (0.2, 0.1) | 1000 | 0 | set() | 0.0| 0.0 | 0.0 
2021-09-27 02:40:20,017 - INFO - ********** (0.2, 0.2, 0.04000000000000001)
2021-09-27 02:40:20,019 - INFO - max_history_budget=2, max_history_result=(set(), 0.0, 0.0)
2021-09-27 02:40:20,020 - INFO - load | 1 | (0.2, 0.2) | 1000 | 0 | set() | 0.0| 0.0 | 0.0 
2021-09-27 02:40:20,020 - INFO - load | 2 | (0.2, 0.2) | 1000 | 0 | set() | 0.0| 0.0 | 0.0 
2021-09-27 02:40:20,020 - INFO - ********** (0.2, 0.30000000000000004, 0.06000000000000001)
2021-09-27 02:40:20,022 - INFO - max_history_budget=2, max_history_result=(set(), 0.0, 0.0)
2021-09-27 02:40:20,023 - INFO - load | 1 | (0.2, 0.30000000000000004) | 1000 | 0 | set() | 0.0| 0.0 | 0.0 
2021-09-27 02:40:20,024 - INFO - load | 2 | (0.2, 0.30000000000000004) | 1000 | 0 | set() | 0.0| 0.0 | 0.0 
2021-09-27 02:40:20,024 - INFO - ********** (0.2, 0.4, 0.08000000000000002)
2021-09-27 02:40:20,025 - INFO - max_history_budget=2, max_history_result=(set(), 0.0, 0.0)
2021-09-27 02:40:20,025 - INFO - load | 1 | (0.2, 0.4) | 1000 | 0 | set() | 0.0| 0.0 | 0.0 
2021-09-27 02:40:20,026 - INFO - load | 2 | (0.2, 0.4) | 1000 | 0 | set() | 0.0| 0.0 | 0.0 
2021-09-27 02:40:20,026 - INFO - ********** (0.2, 0.5, 0.1)
2021-09-27 02:40:20,027 - INFO - max_history_budget=2, max_history_result=(set(), 0.0, 0.0)
2021-09-27 02:40:20,028 - INFO - load | 1 | (0.2, 0.5) | 1000 | 0 | set() | 0.0| 0.0 | 0.0 
2021-09-27 02:40:20,028 - INFO - load | 2 | (0.2, 0.5) | 1000 | 0 | set() | 0.0| 0.0 | 0.0 
2021-09-27 02:40:20,028 - INFO - ********** (0.2, 0.6000000000000001, 0.12000000000000002)
2021-09-27 02:40:20,030 - INFO - max_history_budget=2, max_history_result=(set(), 0.0, 0.0)
2021-09-27 02:40:20,030 - INFO - load | 1 | (0.2, 0.6000000000000001) | 1000 | 0 | set() | 0.0| 0.0 | 0.0 
2021-09-27 02:40:20,031 - INFO - load | 2 | (0.2, 0.6000000000000001) | 1000 | 0 | set() | 0.0| 0.0 | 0.0 
2021-09-27 02:40:20,031 - INFO - ********** (0.2, 0.7000000000000001, 0.14)
2021-09-27 02:40:20,032 - INFO - max_history_budget=2, max_history_result=(set(), 0.0, 0.0)
2021-09-27 02:40:20,033 - INFO - load | 1 | (0.2, 0.7000000000000001) | 1000 | 0 | set() | 0.0| 0.0 | 0.0 
2021-09-27 02:40:20,034 - INFO - load | 2 | (0.2, 0.7000000000000001) | 1000 | 0 | set() | 0.0| 0.0 | 0.0 
2021-09-27 02:40:20,034 - INFO - ********** (0.2, 0.8, 0.16000000000000003)
2021-09-27 02:40:20,035 - INFO - max_history_budget=2, max_history_result=(set(), 0.0, 0.0)
2021-09-27 02:40:20,036 - INFO - load | 1 | (0.2, 0.8) | 1000 | 0 | set() | 0.0| 0.0 | 0.0 
2021-09-27 02:40:20,036 - INFO - load | 2 | (0.2, 0.8) | 1000 | 0 | set() | 0.0| 0.0 | 0.0 
2021-09-27 02:40:20,036 - INFO - ********** (0.2, 0.9, 0.18000000000000002)
2021-09-27 02:40:20,038 - INFO - max_history_budget=2, max_history_result=(set(), 0.0, 0.0)
2021-09-27 02:40:20,039 - INFO - load | 1 | (0.2, 0.9) | 1000 | 0 | set() | 0.0| 0.0 | 0.0 
2021-09-27 02:40:20,040 - INFO - load | 2 | (0.2, 0.9) | 1000 | 0 | set() | 0.0| 0.0 | 0.0 
2021-09-27 02:40:20,040 - INFO - ********** (0.2, 1.0, 0.2)
2021-09-27 02:40:20,043 - INFO - max_history_budget=2, max_history_result=(set(), 0.0, 0.0)
2021-09-27 02:40:20,044 - INFO - load | 1 | (0.2, 1.0) | 1000 | 0 | set() | 0.0| 0.0 | 0.0 
2021-09-27 02:40:20,045 - INFO - load | 2 | (0.2, 1.0) | 1000 | 0 | set() | 0.0| 0.0 | 0.0 
2021-09-27 02:40:20,046 - INFO - ********** (0.30000000000000004, 0.0, 0.0)
2021-09-27 02:40:20,073 - INFO - max_history_budget=2, max_history_result=(set(), 0.0, 0.0)
2021-09-27 02:40:20,093 - INFO - load | 1 | (0.30000000000000004, 0.0) | 136 | 0 | set() | 0.0| 0.0 | 0.0 
2021-09-27 02:40:20,117 - INFO - load | 2 | (0.30000000000000004, 0.0) | 136 | 0 | set() | 0.0| 0.0 | 0.0 
2021-09-27 02:40:20,118 - INFO - ********** (0.30000000000000004, 0.1, 0.030000000000000006)
2021-09-27 02:40:20,149 - INFO - max_history_budget=2, max_history_result=(set(), 0.0, 0.0)
2021-09-27 02:40:20,171 - INFO - load | 1 | (0.30000000000000004, 0.1) | 136 | 0 | set() | 0.0| 0.0 | 0.0 
2021-09-27 02:40:20,203 - INFO - load | 2 | (0.30000000000000004, 0.1) | 136 | 0 | set() | 0.0| 0.0 | 0.0 
2021-09-27 02:40:20,203 - INFO - ********** (0.30000000000000004, 0.2, 0.06000000000000001)
2021-09-27 02:40:20,235 - INFO - max_history_budget=2, max_history_result=(set(), 0.0, 0.0)
2021-09-27 02:40:20,257 - INFO - load | 1 | (0.30000000000000004, 0.2) | 136 | 0 | set() | 0.0| 0.0 | 0.0 
2021-09-27 02:40:20,279 - INFO - load | 2 | (0.30000000000000004, 0.2) | 136 | 0 | set() | 0.0| 0.0 | 0.0 
2021-09-27 02:40:20,279 - INFO - ********** (0.30000000000000004, 0.30000000000000004, 0.09000000000000002)
2021-09-27 02:40:20,296 - INFO - max_history_budget=2, max_history_result=(set(), 0.0, 0.0)
2021-09-27 02:40:20,314 - INFO - load | 1 | (0.30000000000000004, 0.30000000000000004) | 136 | 0 | set() | 0.0| 0.0 | 0.0 
2021-09-27 02:40:20,332 - INFO - load | 2 | (0.30000000000000004, 0.30000000000000004) | 136 | 0 | set() | 0.0| 0.0 | 0.0 
2021-09-27 02:40:20,332 - INFO - ********** (0.30000000000000004, 0.4, 0.12000000000000002)
2021-09-27 02:40:20,350 - INFO - max_history_budget=2, max_history_result=(set(), 0.0, 0.0)
2021-09-27 02:40:20,368 - INFO - load | 1 | (0.30000000000000004, 0.4) | 136 | 0 | set() | 0.0| 0.0 | 0.0 
2021-09-27 02:40:20,386 - INFO - load | 2 | (0.30000000000000004, 0.4) | 136 | 0 | set() | 0.0| 0.0 | 0.0 
2021-09-27 02:40:20,386 - INFO - ********** (0.30000000000000004, 0.5, 0.15000000000000002)
2021-09-27 02:40:20,404 - INFO - max_history_budget=2, max_history_result=(set(), 0.0, 0.0)
2021-09-27 02:40:20,447 - INFO - load | 1 | (0.30000000000000004, 0.5) | 136 | 0 | set() | 0.0| 0.0 | 0.0 
2021-09-27 02:40:20,527 - INFO - load | 2 | (0.30000000000000004, 0.5) | 136 | 0 | set() | 0.0| 0.0 | 0.0 
2021-09-27 02:40:20,527 - INFO - ********** (0.30000000000000004, 0.6000000000000001, 0.18000000000000005)
2021-09-27 02:40:20,623 - INFO - max_history_budget=2, max_history_result=(set(), 0.0, 0.0)
2021-09-27 02:40:20,660 - INFO - load | 1 | (0.30000000000000004, 0.6000000000000001) | 136 | 0 | set() | 0.0| 0.0 | 0.0 
2021-09-27 02:40:20,691 - INFO - load | 2 | (0.30000000000000004, 0.6000000000000001) | 136 | 0 | set() | 0.0| 0.0 | 0.0 
2021-09-27 02:40:20,691 - INFO - ********** (0.30000000000000004, 0.7000000000000001, 0.21000000000000005)
2021-09-27 02:40:20,756 - INFO - max_history_budget=2, max_history_result=(set(), 0.0, 0.0)
2021-09-27 02:40:20,872 - INFO - load | 1 | (0.30000000000000004, 0.7000000000000001) | 136 | 0 | set() | 0.0| 0.0 | 0.0 
2021-09-27 02:40:20,909 - INFO - load | 2 | (0.30000000000000004, 0.7000000000000001) | 136 | 0 | set() | 0.0| 0.0 | 0.0 
2021-09-27 02:40:20,909 - INFO - ********** (0.30000000000000004, 0.8, 0.24000000000000005)
2021-09-27 02:40:20,941 - INFO - max_history_budget=2, max_history_result=(set(), 0.0, 0.0)
2021-09-27 02:40:20,970 - INFO - load | 1 | (0.30000000000000004, 0.8) | 136 | 0 | set() | 0.0| 0.0 | 0.0 
2021-09-27 02:40:21,008 - INFO - load | 2 | (0.30000000000000004, 0.8) | 136 | 0 | set() | 0.0| 0.0 | 0.0 
2021-09-27 02:40:21,009 - INFO - ********** (0.30000000000000004, 0.9, 0.2700000000000001)
2021-09-27 02:40:21,050 - INFO - max_history_budget=2, max_history_result=(set(), 0.0, 0.0)
2021-09-27 02:40:21,080 - INFO - load | 1 | (0.30000000000000004, 0.9) | 136 | 2 | set() | 0.0| 0.0 | 0.0 
2021-09-27 02:40:21,104 - INFO - load | 2 | (0.30000000000000004, 0.9) | 136 | 2 | set() | 0.0| 0.0 | 0.0 
2021-09-27 02:40:21,104 - INFO - ********** (0.30000000000000004, 1.0, 0.30000000000000004)
2021-09-27 02:40:21,129 - INFO - max_history_budget=2, max_history_result=(set(), 0.0, 0.0)
2021-09-27 02:40:21,154 - INFO - load | 1 | (0.30000000000000004, 1.0) | 136 | 2 | set() | 0.0| 0.0 | 0.0 
2021-09-27 02:40:21,180 - INFO - load | 2 | (0.30000000000000004, 1.0) | 136 | 2 | set() | 0.0| 0.0 | 0.0 
2021-09-27 02:40:21,180 - INFO - ********** (0.4, 0.0, 0.0)
2021-09-27 02:40:21,204 - INFO - max_history_budget=2, max_history_result=(set(), 0.0, 0.0)
2021-09-27 02:40:21,228 - INFO - load | 1 | (0.4, 0.0) | 19 | 0 | set() | 0.0| 0.0 | 0.0 
2021-09-27 02:40:21,251 - INFO - load | 2 | (0.4, 0.0) | 19 | 0 | set() | 0.0| 0.0 | 0.0 
2021-09-27 02:40:21,251 - INFO - ********** (0.4, 0.1, 0.04000000000000001)
2021-09-27 02:40:21,274 - INFO - max_history_budget=2, max_history_result=(set(), 0.0, 0.0)
2021-09-27 02:40:21,297 - INFO - load | 1 | (0.4, 0.1) | 19 | 0 | set() | 0.0| 0.0 | 0.0 
2021-09-27 02:40:21,318 - INFO - load | 2 | (0.4, 0.1) | 19 | 0 | set() | 0.0| 0.0 | 0.0 
2021-09-27 02:40:21,318 - INFO - ********** (0.4, 0.2, 0.08000000000000002)
2021-09-27 02:40:21,341 - INFO - max_history_budget=2, max_history_result=(set(), 0.0, 0.0)
2021-09-27 02:40:21,364 - INFO - load | 1 | (0.4, 0.2) | 19 | 0 | set() | 0.0| 0.0 | 0.0 
2021-09-27 02:40:21,387 - INFO - load | 2 | (0.4, 0.2) | 19 | 0 | set() | 0.0| 0.0 | 0.0 
2021-09-27 02:40:21,387 - INFO - ********** (0.4, 0.30000000000000004, 0.12000000000000002)
2021-09-27 02:40:21,411 - INFO - max_history_budget=2, max_history_result=(set(), 0.0, 0.0)
2021-09-27 02:40:21,433 - INFO - load | 1 | (0.4, 0.30000000000000004) | 19 | 0 | set() | 0.0| 0.0 | 0.0 
2021-09-27 02:40:21,456 - INFO - load | 2 | (0.4, 0.30000000000000004) | 19 | 0 | set() | 0.0| 0.0 | 0.0 
2021-09-27 02:40:21,456 - INFO - ********** (0.4, 0.4, 0.16000000000000003)
2021-09-27 02:40:21,479 - INFO - max_history_budget=2, max_history_result=(set(), 0.0, 0.0)
2021-09-27 02:40:21,501 - INFO - load | 1 | (0.4, 0.4) | 19 | 0 | set() | 0.0| 0.0 | 0.0 
2021-09-27 02:40:21,523 - INFO - load | 2 | (0.4, 0.4) | 19 | 0 | set() | 0.0| 0.0 | 0.0 
2021-09-27 02:40:21,523 - INFO - ********** (0.4, 0.5, 0.2)
2021-09-27 02:40:21,546 - INFO - max_history_budget=2, max_history_result=(set(), 0.0, 0.0)
2021-09-27 02:40:21,568 - INFO - load | 1 | (0.4, 0.5) | 19 | 0 | set() | 0.0| 0.0 | 0.0 
2021-09-27 02:40:21,592 - INFO - load | 2 | (0.4, 0.5) | 19 | 0 | set() | 0.0| 0.0 | 0.0 
2021-09-27 02:40:21,592 - INFO - ********** (0.4, 0.6000000000000001, 0.24000000000000005)
2021-09-27 02:40:21,614 - INFO - max_history_budget=2, max_history_result=(set(), 0.0, 0.0)
2021-09-27 02:40:21,635 - INFO - load | 1 | (0.4, 0.6000000000000001) | 19 | 0 | set() | 0.0| 0.0 | 0.0 
2021-09-27 02:40:21,657 - INFO - load | 2 | (0.4, 0.6000000000000001) | 19 | 0 | set() | 0.0| 0.0 | 0.0 
2021-09-27 02:40:21,657 - INFO - ********** (0.4, 0.7000000000000001, 0.28)
2021-09-27 02:40:21,684 - INFO - max_history_budget=2, max_history_result=(set(), 0.0, 0.0)
2021-09-27 02:40:21,711 - INFO - load | 1 | (0.4, 0.7000000000000001) | 19 | 2 | set() | 0.0| 0.0 | 0.0 
2021-09-27 02:40:21,737 - INFO - load | 2 | (0.4, 0.7000000000000001) | 19 | 2 | set() | 0.0| 0.0 | 0.0 
2021-09-27 02:40:21,738 - INFO - ********** (0.4, 0.8, 0.32000000000000006)
2021-09-27 02:40:21,764 - INFO - max_history_budget=2, max_history_result=(set(), 0.0, 0.0)
2021-09-27 02:40:21,789 - INFO - load | 1 | (0.4, 0.8) | 19 | 3 | set() | 0.0| 0.0 | 0.0 
2021-09-27 02:40:21,815 - INFO - load | 2 | (0.4, 0.8) | 19 | 3 | set() | 0.0| 0.0 | 0.0 
2021-09-27 02:40:21,815 - INFO - ********** (0.4, 0.9, 0.36000000000000004)
2021-09-27 02:40:21,840 - INFO - max_history_budget=2, max_history_result=(set(), 0.0, 0.0)
2021-09-27 02:40:21,866 - INFO - load | 1 | (0.4, 0.9) | 19 | 3 | set() | 0.0| 0.0 | 0.0 
2021-09-27 02:40:21,893 - INFO - load | 2 | (0.4, 0.9) | 19 | 3 | set() | 0.0| 0.0 | 0.0 
2021-09-27 02:40:21,893 - INFO - ********** (0.4, 1.0, 0.4)
2021-09-27 02:40:21,922 - INFO - max_history_budget=2, max_history_result=(set(), 0.0, 0.0)
2021-09-27 02:40:21,947 - INFO - load | 1 | (0.4, 1.0) | 19 | 5 | set() | 0.0| 0.0 | 0.0 
2021-09-27 02:40:21,972 - INFO - load | 2 | (0.4, 1.0) | 19 | 5 | set() | 0.0| 0.0 | 0.0 
2021-09-27 02:40:21,972 - INFO - ********** (0.5, 0.0, 0.0)
2021-09-27 02:40:21,998 - INFO - max_history_budget=2, max_history_result=(set(), 0.0, 0.0)
2021-09-27 02:40:22,024 - INFO - load | 1 | (0.5, 0.0) | 4 | 0 | set() | 0.0| 0.0 | 0.0 
2021-09-27 02:40:22,050 - INFO - load | 2 | (0.5, 0.0) | 4 | 0 | set() | 0.0| 0.0 | 0.0 
2021-09-27 02:40:22,050 - INFO - ********** (0.5, 0.1, 0.05)
2021-09-27 02:40:22,075 - INFO - max_history_budget=2, max_history_result=(set(), 0.0, 0.0)
2021-09-27 02:40:22,100 - INFO - load | 1 | (0.5, 0.1) | 4 | 0 | set() | 0.0| 0.0 | 0.0 
2021-09-27 02:40:22,126 - INFO - load | 2 | (0.5, 0.1) | 4 | 0 | set() | 0.0| 0.0 | 0.0 
2021-09-27 02:40:22,126 - INFO - ********** (0.5, 0.2, 0.1)
2021-09-27 02:40:22,151 - INFO - max_history_budget=2, max_history_result=(set(), 0.0, 0.0)
2021-09-27 02:40:22,176 - INFO - load | 1 | (0.5, 0.2) | 4 | 0 | set() | 0.0| 0.0 | 0.0 
2021-09-27 02:40:22,205 - INFO - load | 2 | (0.5, 0.2) | 4 | 0 | set() | 0.0| 0.0 | 0.0 
2021-09-27 02:40:22,206 - INFO - ********** (0.5, 0.30000000000000004, 0.15000000000000002)
2021-09-27 02:40:22,234 - INFO - max_history_budget=2, max_history_result=(set(), 0.0, 0.0)
2021-09-27 02:40:22,262 - INFO - load | 1 | (0.5, 0.30000000000000004) | 4 | 0 | set() | 0.0| 0.0 | 0.0 
2021-09-27 02:40:22,289 - INFO - load | 2 | (0.5, 0.30000000000000004) | 4 | 0 | set() | 0.0| 0.0 | 0.0 
2021-09-27 02:40:22,289 - INFO - ********** (0.5, 0.4, 0.2)
2021-09-27 02:40:22,317 - INFO - max_history_budget=2, max_history_result=(set(), 0.0, 0.0)
2021-09-27 02:40:22,343 - INFO - load | 1 | (0.5, 0.4) | 4 | 0 | set() | 0.0| 0.0 | 0.0 
2021-09-27 02:40:22,370 - INFO - load | 2 | (0.5, 0.4) | 4 | 0 | set() | 0.0| 0.0 | 0.0 
2021-09-27 02:40:22,370 - INFO - ********** (0.5, 0.5, 0.25)
2021-09-27 02:40:22,399 - INFO - max_history_budget=2, max_history_result=(set(), 0.0, 0.0)
2021-09-27 02:40:22,429 - INFO - load | 1 | (0.5, 0.5) | 4 | 1 | set() | 0.0| 0.0 | 0.0 
2021-09-27 02:40:22,458 - INFO - load | 2 | (0.5, 0.5) | 4 | 1 | set() | 0.0| 0.0 | 0.0 
2021-09-27 02:40:22,458 - INFO - ********** (0.5, 0.6000000000000001, 0.30000000000000004)
2021-09-27 02:40:22,485 - INFO - max_history_budget=2, max_history_result=(set(), 0.0, 0.0)
2021-09-27 02:40:22,514 - INFO - load | 1 | (0.5, 0.6000000000000001) | 4 | 2 | set() | 0.0| 0.0 | 0.0 
2021-09-27 02:40:22,542 - INFO - load | 2 | (0.5, 0.6000000000000001) | 4 | 2 | set() | 0.0| 0.0 | 0.0 
2021-09-27 02:40:22,542 - INFO - ********** (0.5, 0.7000000000000001, 0.35000000000000003)
2021-09-27 02:40:22,571 - INFO - max_history_budget=2, max_history_result=(set(), 0.0, 0.0)
2021-09-27 02:40:22,600 - INFO - load | 1 | (0.5, 0.7000000000000001) | 4 | 3 | set() | 0.0| 0.0 | 0.0 
2021-09-27 02:40:22,629 - INFO - load | 2 | (0.5, 0.7000000000000001) | 4 | 3 | set() | 0.0| 0.0 | 0.0 
2021-09-27 02:40:22,629 - INFO - ********** (0.5, 0.8, 0.4)
2021-09-27 02:40:22,658 - INFO - max_history_budget=2, max_history_result=(set(), 0.0, 0.0)
2021-09-27 02:40:22,687 - INFO - load | 1 | (0.5, 0.8) | 4 | 5 | set() | 0.0| 0.0 | 0.0 
2021-09-27 02:40:22,715 - INFO - load | 2 | (0.5, 0.8) | 4 | 5 | set() | 0.0| 0.0 | 0.0 
2021-09-27 02:40:22,715 - INFO - ********** (0.5, 0.9, 0.45)
2021-09-27 02:40:22,744 - INFO - max_history_budget=2, max_history_result=(set(), 0.0, 0.0)
2021-09-27 02:40:22,773 - INFO - load | 1 | (0.5, 0.9) | 4 | 5 | set() | 0.0| 0.0 | 0.0 
2021-09-27 02:40:22,802 - INFO - load | 2 | (0.5, 0.9) | 4 | 5 | set() | 0.0| 0.0 | 0.0 
2021-09-27 02:40:22,802 - INFO - ********** (0.5, 1.0, 0.5)
2021-09-27 02:40:22,833 - INFO - max_history_budget=2, max_history_result=({857, 14}, 75.02654240887107, 0.0)
2021-09-27 02:40:22,862 - INFO - load | 1 | (0.5, 1.0) | 4 | 6 | {14} | 69.07613324323347| 0.0 | 69.07613324323347 
2021-09-27 02:40:22,891 - INFO - load | 2 | (0.5, 1.0) | 4 | 6 | {857, 14} | 75.02654240887107| 0.0 | 75.02654240887107 
2021-09-27 02:40:22,892 - INFO - ********** (0.6000000000000001, 0.0, 0.0)
2021-09-27 02:40:22,922 - INFO - max_history_budget=2, max_history_result=(set(), 0.0, 0.0)
2021-09-27 02:40:22,952 - INFO - load | 1 | (0.6000000000000001, 0.0) | 1 | 0 | set() | 0.0| 0.0 | 0.0 
2021-09-27 02:40:22,981 - INFO - load | 2 | (0.6000000000000001, 0.0) | 1 | 0 | set() | 0.0| 0.0 | 0.0 
2021-09-27 02:40:22,982 - INFO - ********** (0.6000000000000001, 0.1, 0.06000000000000001)
2021-09-27 02:40:23,014 - INFO - max_history_budget=2, max_history_result=(set(), 0.0, 0.0)
2021-09-27 02:40:23,043 - INFO - load | 1 | (0.6000000000000001, 0.1) | 1 | 0 | set() | 0.0| 0.0 | 0.0 
2021-09-27 02:40:23,073 - INFO - load | 2 | (0.6000000000000001, 0.1) | 1 | 0 | set() | 0.0| 0.0 | 0.0 
2021-09-27 02:40:23,073 - INFO - ********** (0.6000000000000001, 0.2, 0.12000000000000002)
2021-09-27 02:40:23,103 - INFO - max_history_budget=2, max_history_result=(set(), 0.0, 0.0)
2021-09-27 02:40:23,132 - INFO - load | 1 | (0.6000000000000001, 0.2) | 1 | 0 | set() | 0.0| 0.0 | 0.0 
2021-09-27 02:40:23,162 - INFO - load | 2 | (0.6000000000000001, 0.2) | 1 | 0 | set() | 0.0| 0.0 | 0.0 
2021-09-27 02:40:23,162 - INFO - ********** (0.6000000000000001, 0.30000000000000004, 0.18000000000000005)
2021-09-27 02:40:23,191 - INFO - max_history_budget=2, max_history_result=(set(), 0.0, 0.0)
2021-09-27 02:40:23,219 - INFO - load | 1 | (0.6000000000000001, 0.30000000000000004) | 1 | 0 | set() | 0.0| 0.0 | 0.0 
2021-09-27 02:40:23,249 - INFO - load | 2 | (0.6000000000000001, 0.30000000000000004) | 1 | 0 | set() | 0.0| 0.0 | 0.0 
2021-09-27 02:40:23,249 - INFO - ********** (0.6000000000000001, 0.4, 0.24000000000000005)
2021-09-27 02:40:23,279 - INFO - max_history_budget=2, max_history_result=(set(), 0.0, 0.0)
2021-09-27 02:40:23,308 - INFO - load | 1 | (0.6000000000000001, 0.4) | 1 | 0 | set() | 0.0| 0.0 | 0.0 
2021-09-27 02:40:23,338 - INFO - load | 2 | (0.6000000000000001, 0.4) | 1 | 0 | set() | 0.0| 0.0 | 0.0 
2021-09-27 02:40:23,338 - INFO - ********** (0.6000000000000001, 0.5, 0.30000000000000004)
2021-09-27 02:40:23,370 - INFO - max_history_budget=2, max_history_result=(set(), 0.0, 0.0)
2021-09-27 02:40:23,403 - INFO - load | 1 | (0.6000000000000001, 0.5) | 1 | 2 | set() | 0.0| 0.0 | 0.0 
2021-09-27 02:40:23,433 - INFO - load | 2 | (0.6000000000000001, 0.5) | 1 | 2 | set() | 0.0| 0.0 | 0.0 
2021-09-27 02:40:23,433 - INFO - ********** (0.6000000000000001, 0.6000000000000001, 0.3600000000000001)
2021-09-27 02:40:23,465 - INFO - max_history_budget=2, max_history_result=(set(), 0.0, 0.0)
2021-09-27 02:40:23,497 - INFO - load | 1 | (0.6000000000000001, 0.6000000000000001) | 1 | 3 | set() | 0.0| 0.0 | 0.0 
2021-09-27 02:40:23,529 - INFO - load | 2 | (0.6000000000000001, 0.6000000000000001) | 1 | 3 | set() | 0.0| 0.0 | 0.0 
2021-09-27 02:40:23,529 - INFO - ********** (0.6000000000000001, 0.7000000000000001, 0.4200000000000001)
2021-09-27 02:40:23,562 - INFO - max_history_budget=2, max_history_result=({14}, 41.37301818385144, 7.44714327309326)
2021-09-27 02:40:23,594 - INFO - load | 1 | (0.6000000000000001, 0.7000000000000001) | 1 | 5 | {14} | 41.37301818385144| 7.44714327309326 | 41.37301818385144 
2021-09-27 02:40:23,626 - INFO - load | 2 | (0.6000000000000001, 0.7000000000000001) | 1 | 5 | {14} | 41.37301818385144| 7.44714327309326 | 41.37301818385144 
2021-09-27 02:40:23,626 - INFO - ********** (0.6000000000000001, 0.8, 0.4800000000000001)
2021-09-27 02:40:23,659 - INFO - max_history_budget=2, max_history_result=({14}, 41.37301818385144, 7.44714327309326)
2021-09-27 02:40:23,692 - INFO - load | 1 | (0.6000000000000001, 0.8) | 1 | 5 | {14} | 41.37301818385144| 4.964762182062173 | 41.37301818385144 
2021-09-27 02:40:23,724 - INFO - load | 2 | (0.6000000000000001, 0.8) | 1 | 5 | {14} | 41.37301818385144| 4.964762182062173 | 41.37301818385144 
2021-09-27 02:40:23,724 - INFO - ********** (0.6000000000000001, 0.9, 0.5400000000000001)
2021-09-27 02:40:23,758 - INFO - max_history_budget=2, max_history_result=({296, 14}, 58.22869225875388, 3.4937215355252293)
2021-09-27 02:40:23,791 - INFO - load | 1 | (0.6000000000000001, 0.9) | 1 | 9 | {14} | 41.37301818385144| 2.482381091031084 | 41.37301818385144 
2021-09-27 02:40:23,824 - INFO - load | 2 | (0.6000000000000001, 0.9) | 1 | 9 | {296, 14} | 58.22869225875388| 3.4937215355252293 | 58.22869225875388 
2021-09-27 02:40:23,825 - INFO - ********** (0.6000000000000001, 1.0, 0.6000000000000001)
2021-09-27 02:40:23,859 - INFO - max_history_budget=2, max_history_result=({91, 14}, 72.0196983200377, 0.0)
2021-09-27 02:40:23,893 - INFO - load | 1 | (0.6000000000000001, 1.0) | 1 | 20 | {14} | 41.37301818385144| 0.0 | 41.37301818385144 
2021-09-27 02:40:23,928 - INFO - load | 2 | (0.6000000000000001, 1.0) | 1 | 20 | {91, 14} | 72.0196983200377| 0.0 | 72.0196983200377 
2021-09-27 02:40:23,928 - INFO - ********** (0.7000000000000001, 0.0, 0.0)
2021-09-27 02:40:23,959 - INFO - max_history_budget=2, max_history_result=(set(), 0.0, 0.0)
2021-09-27 02:40:23,988 - INFO - load | 1 | (0.7000000000000001, 0.0) | 1 | 0 | set() | 0.0| 0.0 | 0.0 
2021-09-27 02:40:24,019 - INFO - load | 2 | (0.7000000000000001, 0.0) | 1 | 0 | set() | 0.0| 0.0 | 0.0 
2021-09-27 02:40:24,019 - INFO - ********** (0.7000000000000001, 0.1, 0.07)
2021-09-27 02:40:24,049 - INFO - max_history_budget=2, max_history_result=(set(), 0.0, 0.0)
2021-09-27 02:40:24,078 - INFO - load | 1 | (0.7000000000000001, 0.1) | 1 | 0 | set() | 0.0| 0.0 | 0.0 
2021-09-27 02:40:24,108 - INFO - load | 2 | (0.7000000000000001, 0.1) | 1 | 0 | set() | 0.0| 0.0 | 0.0 
2021-09-27 02:40:24,108 - INFO - ********** (0.7000000000000001, 0.2, 0.14)
2021-09-27 02:40:24,138 - INFO - max_history_budget=2, max_history_result=(set(), 0.0, 0.0)
2021-09-27 02:40:24,168 - INFO - load | 1 | (0.7000000000000001, 0.2) | 1 | 0 | set() | 0.0| 0.0 | 0.0 
2021-09-27 02:40:24,197 - INFO - load | 2 | (0.7000000000000001, 0.2) | 1 | 0 | set() | 0.0| 0.0 | 0.0 
2021-09-27 02:40:24,197 - INFO - ********** (0.7000000000000001, 0.30000000000000004, 0.21000000000000005)
2021-09-27 02:40:24,228 - INFO - max_history_budget=2, max_history_result=(set(), 0.0, 0.0)
2021-09-27 02:40:24,257 - INFO - load | 1 | (0.7000000000000001, 0.30000000000000004) | 1 | 0 | set() | 0.0| 0.0 | 0.0 
2021-09-27 02:40:24,287 - INFO - load | 2 | (0.7000000000000001, 0.30000000000000004) | 1 | 0 | set() | 0.0| 0.0 | 0.0 
2021-09-27 02:40:24,287 - INFO - ********** (0.7000000000000001, 0.4, 0.28)
2021-09-27 02:40:24,319 - INFO - max_history_budget=2, max_history_result=(set(), 0.0, 0.0)
2021-09-27 02:40:24,352 - INFO - load | 1 | (0.7000000000000001, 0.4) | 1 | 2 | set() | 0.0| 0.0 | 0.0 
2021-09-27 02:40:24,383 - INFO - load | 2 | (0.7000000000000001, 0.4) | 1 | 2 | set() | 0.0| 0.0 | 0.0 
2021-09-27 02:40:24,383 - INFO - ********** (0.7000000000000001, 0.5, 0.35000000000000003)
2021-09-27 02:40:24,415 - INFO - max_history_budget=2, max_history_result=(set(), 0.0, 0.0)
2021-09-27 02:40:24,447 - INFO - load | 1 | (0.7000000000000001, 0.5) | 1 | 3 | set() | 0.0| 0.0 | 0.0 
2021-09-27 02:40:24,477 - INFO - load | 2 | (0.7000000000000001, 0.5) | 1 | 3 | set() | 0.0| 0.0 | 0.0 
2021-09-27 02:40:24,478 - INFO - ********** (0.7000000000000001, 0.6000000000000001, 0.4200000000000001)
2021-09-27 02:40:24,510 - INFO - max_history_budget=2, max_history_result=({14}, 41.37301818385144, 7.44714327309326)
2021-09-27 02:40:24,543 - INFO - load | 1 | (0.7000000000000001, 0.6000000000000001) | 1 | 5 | {14} | 41.37301818385144| 11.584445091478402 | 41.37301818385144 
2021-09-27 02:40:24,575 - INFO - load | 2 | (0.7000000000000001, 0.6000000000000001) | 1 | 5 | {14} | 41.37301818385144| 11.584445091478402 | 41.37301818385144 
2021-09-27 02:40:24,575 - INFO - ********** (0.7000000000000001, 0.7000000000000001, 0.4900000000000001)
2021-09-27 02:40:24,612 - INFO - max_history_budget=2, max_history_result=({857, 14}, 44.43768619747007, 9.331914101468714)
2021-09-27 02:40:24,649 - INFO - load | 1 | (0.7000000000000001, 0.7000000000000001) | 1 | 6 | {14} | 41.37301818385144| 8.688333818608802 | 41.37301818385144 
2021-09-27 02:40:24,685 - INFO - load | 2 | (0.7000000000000001, 0.7000000000000001) | 1 | 6 | {857, 14} | 44.43768619747007| 9.331914101468714 | 44.43768619747007 
2021-09-27 02:40:24,685 - INFO - ********** (0.7000000000000001, 0.8, 0.56)
2021-09-27 02:40:24,722 - INFO - max_history_budget=2, max_history_result=({296, 14}, 58.22869225875388, 8.152016916225545)
2021-09-27 02:40:24,759 - INFO - load | 1 | (0.7000000000000001, 0.8) | 1 | 12 | {14} | 41.37301818385144| 5.792222545739203 | 41.37301818385144 
2021-09-27 02:40:24,796 - INFO - load | 2 | (0.7000000000000001, 0.8) | 1 | 12 | {296, 14} | 58.22869225875388| 8.152016916225545 | 58.22869225875388 
2021-09-27 02:40:24,796 - INFO - ********** (0.7000000000000001, 0.9, 0.6300000000000001)
2021-09-27 02:40:24,832 - INFO - max_history_budget=2, max_history_result=({18, 14}, 74.31819933025167, 5.202273953117613)
2021-09-27 02:40:24,872 - INFO - load | 1 | (0.7000000000000001, 0.9) | 1 | 31 | {14} | 41.37301818385144| 2.896111272869599 | 41.37301818385144 
2021-09-27 02:40:24,910 - INFO - load | 2 | (0.7000000000000001, 0.9) | 1 | 31 | {18, 14} | 74.31819933025167| 5.202273953117613 | 74.31819933025167 
2021-09-27 02:40:24,910 - INFO - ********** (0.7000000000000001, 1.0, 0.7000000000000001)
2021-09-27 02:40:24,948 - INFO - max_history_budget=2, max_history_result=({18, 14}, 74.31819933025167, 0.0)
2021-09-27 02:40:24,985 - INFO - load | 1 | (0.7000000000000001, 1.0) | 1 | 148 | {14} | 41.37301818385144| 0.0 | 41.37301818385144 
2021-09-27 02:40:25,023 - INFO - load | 2 | (0.7000000000000001, 1.0) | 1 | 148 | {18, 14} | 74.31819933025167| 0.0 | 74.31819933025167 
2021-09-27 02:40:25,023 - INFO - ********** (0.8, 0.0, 0.0)
2021-09-27 02:40:25,062 - INFO - max_history_budget=2, max_history_result=(set(), 0, 0.0)
2021-09-27 02:40:25,099 - INFO - load | 1 | (0.8, 0.0) | 0 | 0 | set() | 0| 0.0 | 0 
2021-09-27 02:40:25,136 - INFO - load | 2 | (0.8, 0.0) | 0 | 0 | set() | 0| 0.0 | 0 
2021-09-27 02:40:25,136 - INFO - ********** (0.8, 0.1, 0.08000000000000002)
2021-09-27 02:40:25,175 - INFO - max_history_budget=2, max_history_result=(set(), 0, 0.0)
2021-09-27 02:40:25,213 - INFO - load | 1 | (0.8, 0.1) | 0 | 0 | set() | 0| 0.0 | 0 
2021-09-27 02:40:25,252 - INFO - load | 2 | (0.8, 0.1) | 0 | 0 | set() | 0| 0.0 | 0 
2021-09-27 02:40:25,252 - INFO - ********** (0.8, 0.2, 0.16000000000000003)
2021-09-27 02:40:25,291 - INFO - max_history_budget=2, max_history_result=(set(), 0, 0.0)
2021-09-27 02:40:25,330 - INFO - load | 1 | (0.8, 0.2) | 0 | 0 | set() | 0| 0.0 | 0 
2021-09-27 02:40:25,370 - INFO - load | 2 | (0.8, 0.2) | 0 | 0 | set() | 0| 0.0 | 0 
2021-09-27 02:40:25,371 - INFO - ********** (0.8, 0.30000000000000004, 0.24000000000000005)
2021-09-27 02:40:25,409 - INFO - max_history_budget=2, max_history_result=(set(), 0, 0.0)
2021-09-27 02:40:25,448 - INFO - load | 1 | (0.8, 0.30000000000000004) | 0 | 0 | set() | 0| 0.0 | 0 
2021-09-27 02:40:25,488 - INFO - load | 2 | (0.8, 0.30000000000000004) | 0 | 0 | set() | 0| 0.0 | 0 
2021-09-27 02:40:25,488 - INFO - ********** (0.8, 0.4, 0.32000000000000006)
2021-09-27 02:40:25,530 - INFO - max_history_budget=2, max_history_result=(set(), 0, 0.0)
2021-09-27 02:40:25,570 - INFO - load | 1 | (0.8, 0.4) | 0 | 3 | set() | 0| 0.0 | 0 
2021-09-27 02:40:25,610 - INFO - load | 2 | (0.8, 0.4) | 0 | 3 | set() | 0| 0.0 | 0 
2021-09-27 02:40:25,610 - INFO - ********** (0.8, 0.5, 0.4)
2021-09-27 02:40:25,653 - INFO - max_history_budget=2, max_history_result=(set(), 0, 0.0)
2021-09-27 02:40:25,692 - INFO - load | 1 | (0.8, 0.5) | 0 | 5 | set() | 0| 0.0 | 0 
2021-09-27 02:40:25,732 - INFO - load | 2 | (0.8, 0.5) | 0 | 5 | set() | 0| 0.0 | 0 
2021-09-27 02:40:25,732 - INFO - ********** (0.8, 0.6000000000000001, 0.4800000000000001)
2021-09-27 02:40:25,773 - INFO - max_history_budget=2, max_history_result=(set(), 0, 0.0)
2021-09-27 02:40:25,813 - INFO - load | 1 | (0.8, 0.6000000000000001) | 0 | 5 | set() | 0| 0.0 | 0 
2021-09-27 02:40:25,853 - INFO - load | 2 | (0.8, 0.6000000000000001) | 0 | 5 | set() | 0| 0.0 | 0 
2021-09-27 02:40:25,854 - INFO - ********** (0.8, 0.7000000000000001, 0.56)
2021-09-27 02:40:25,895 - INFO - max_history_budget=2, max_history_result=({857, 14}, 0, 0.0)
2021-09-27 02:40:25,937 - INFO - load | 1 | (0.8, 0.7000000000000001) | 0 | 12 | {14} | 0| 0.0 | 0 
2021-09-27 02:40:25,978 - INFO - load | 2 | (0.8, 0.7000000000000001) | 0 | 12 | {857, 14} | 0| 0.0 | 0 
2021-09-27 02:40:25,978 - INFO - ********** (0.8, 0.8, 0.6400000000000001)
2021-09-27 02:40:26,022 - INFO - max_history_budget=2, max_history_result=({4671, 375}, 0, 0.0)
2021-09-27 02:40:26,064 - INFO - load | 1 | (0.8, 0.8) | 0 | 37 | {4671} | 0| 0.0 | 0 
2021-09-27 02:40:26,105 - INFO - load | 2 | (0.8, 0.8) | 0 | 37 | {4671, 375} | 0| 0.0 | 0 
2021-09-27 02:40:26,105 - INFO - ********** (0.8, 0.9, 0.7200000000000001)
2021-09-27 02:40:26,147 - INFO - max_history_budget=2, max_history_result=({2809, 764}, 0, 0.0)
2021-09-27 02:40:26,190 - INFO - load | 1 | (0.8, 0.9) | 0 | 235 | {764} | 0| 0.0 | 0 
2021-09-27 02:40:26,232 - INFO - load | 2 | (0.8, 0.9) | 0 | 235 | {2809, 764} | 0| 0.0 | 0 
2021-09-27 02:40:26,232 - INFO - ********** (0.8, 1.0, 0.8)
2021-09-27 02:40:26,275 - INFO - max_history_budget=2, max_history_result=({8180, 6143}, 0, 0.0)
2021-09-27 02:40:26,318 - INFO - load | 1 | (0.8, 1.0) | 0 | 1000 | {6143} | 0| 0.0 | 0 
2021-09-27 02:40:26,361 - INFO - load | 2 | (0.8, 1.0) | 0 | 1000 | {8180, 6143} | 0| 0.0 | 0 
2021-09-27 02:40:26,361 - INFO - ********** (0.9, 0.0, 0.0)
2021-09-27 02:40:26,400 - INFO - max_history_budget=2, max_history_result=(set(), 0, 0.0)
2021-09-27 02:40:26,439 - INFO - load | 1 | (0.9, 0.0) | 0 | 0 | set() | 0| 0.0 | 0 
2021-09-27 02:40:26,477 - INFO - load | 2 | (0.9, 0.0) | 0 | 0 | set() | 0| 0.0 | 0 
2021-09-27 02:40:26,477 - INFO - ********** (0.9, 0.1, 0.09000000000000001)
2021-09-27 02:40:26,518 - INFO - max_history_budget=2, max_history_result=(set(), 0, 0.0)
2021-09-27 02:40:26,559 - INFO - load | 1 | (0.9, 0.1) | 0 | 0 | set() | 0| 0.0 | 0 
2021-09-27 02:40:26,598 - INFO - load | 2 | (0.9, 0.1) | 0 | 0 | set() | 0| 0.0 | 0 
2021-09-27 02:40:26,598 - INFO - ********** (0.9, 0.2, 0.18000000000000002)
2021-09-27 02:40:26,636 - INFO - max_history_budget=2, max_history_result=(set(), 0, 0.0)
2021-09-27 02:40:26,674 - INFO - load | 1 | (0.9, 0.2) | 0 | 0 | set() | 0| 0.0 | 0 
2021-09-27 02:40:26,713 - INFO - load | 2 | (0.9, 0.2) | 0 | 0 | set() | 0| 0.0 | 0 
2021-09-27 02:40:26,713 - INFO - ********** (0.9, 0.30000000000000004, 0.2700000000000001)
2021-09-27 02:40:26,759 - INFO - max_history_budget=2, max_history_result=(set(), 0, 0.0)
2021-09-27 02:40:26,802 - INFO - load | 1 | (0.9, 0.30000000000000004) | 0 | 2 | set() | 0| 0.0 | 0 
2021-09-27 02:40:26,846 - INFO - load | 2 | (0.9, 0.30000000000000004) | 0 | 2 | set() | 0| 0.0 | 0 
2021-09-27 02:40:26,846 - INFO - ********** (0.9, 0.4, 0.36000000000000004)
2021-09-27 02:40:26,885 - INFO - max_history_budget=2, max_history_result=(set(), 0, 0.0)
2021-09-27 02:40:26,926 - INFO - load | 1 | (0.9, 0.4) | 0 | 3 | set() | 0| 0.0 | 0 
2021-09-27 02:40:26,965 - INFO - load | 2 | (0.9, 0.4) | 0 | 3 | set() | 0| 0.0 | 0 
2021-09-27 02:40:26,965 - INFO - ********** (0.9, 0.5, 0.45)
2021-09-27 02:40:27,006 - INFO - max_history_budget=2, max_history_result=(set(), 0, 0.0)
2021-09-27 02:40:27,046 - INFO - load | 1 | (0.9, 0.5) | 0 | 5 | set() | 0| 0.0 | 0 
2021-09-27 02:40:27,088 - INFO - load | 2 | (0.9, 0.5) | 0 | 5 | set() | 0| 0.0 | 0 
2021-09-27 02:40:27,088 - INFO - ********** (0.9, 0.6000000000000001, 0.5400000000000001)
2021-09-27 02:40:27,133 - INFO - max_history_budget=2, max_history_result=({51, 14}, 0, 0.0)
2021-09-27 02:40:27,178 - INFO - load | 1 | (0.9, 0.6000000000000001) | 0 | 9 | {14} | 0| 0.0 | 0 
2021-09-27 02:40:27,223 - INFO - load | 2 | (0.9, 0.6000000000000001) | 0 | 9 | {51, 14} | 0| 0.0 | 0 
2021-09-27 02:40:27,223 - INFO - ********** (0.9, 0.7000000000000001, 0.6300000000000001)
2021-09-27 02:40:27,269 - INFO - max_history_budget=2, max_history_result=({51, 375}, 0, 0.0)
2021-09-27 02:40:27,314 - INFO - load | 1 | (0.9, 0.7000000000000001) | 0 | 31 | {375} | 0| 0.0 | 0 
2021-09-27 02:40:27,359 - INFO - load | 2 | (0.9, 0.7000000000000001) | 0 | 31 | {51, 375} | 0| 0.0 | 0 
2021-09-27 02:40:27,359 - INFO - ********** (0.9, 0.8, 0.7200000000000001)
2021-09-27 02:40:27,401 - INFO - max_history_budget=2, max_history_result=({2809, 764}, 0, 0.0)
2021-09-27 02:40:27,442 - INFO - load | 1 | (0.9, 0.8) | 0 | 235 | {764} | 0| 0.0 | 0 
2021-09-27 02:40:27,485 - INFO - load | 2 | (0.9, 0.8) | 0 | 235 | {2809, 764} | 0| 0.0 | 0 
2021-09-27 02:40:27,486 - INFO - ********** (0.9, 0.9, 0.81)
2021-09-27 02:40:27,531 - INFO - max_history_budget=2, max_history_result=({8180, 6143}, 0, 0.0)
2021-09-27 02:40:27,574 - INFO - load | 1 | (0.9, 0.9) | 0 | 1000 | {6143} | 0| 0.0 | 0 
2021-09-27 02:40:27,617 - INFO - load | 2 | (0.9, 0.9) | 0 | 1000 | {8180, 6143} | 0| 0.0 | 0 
2021-09-27 02:40:27,617 - INFO - ********** (0.9, 1.0, 0.9)
2021-09-27 02:40:27,661 - INFO - max_history_budget=2, max_history_result=({8180, 6143}, 0, 0.0)
2021-09-27 02:40:27,704 - INFO - load | 1 | (0.9, 1.0) | 0 | 1000 | {6143} | 0| 0.0 | 0 
2021-09-27 02:40:27,748 - INFO - load | 2 | (0.9, 1.0) | 0 | 1000 | {8180, 6143} | 0| 0.0 | 0 
2021-09-27 02:40:27,748 - INFO - ********** (1.0, 0.0, 0.0)
2021-09-27 02:40:27,790 - INFO - max_history_budget=2, max_history_result=(set(), 0, 0.0)
2021-09-27 02:40:27,835 - INFO - load | 1 | (1.0, 0.0) | 0 | 0 | set() | 0| 0.0 | 0 
2021-09-27 02:40:27,876 - INFO - load | 2 | (1.0, 0.0) | 0 | 0 | set() | 0| 0.0 | 0 
2021-09-27 02:40:27,876 - INFO - ********** (1.0, 0.1, 0.1)
2021-09-27 02:40:27,917 - INFO - max_history_budget=2, max_history_result=(set(), 0, 0.0)
2021-09-27 02:40:27,958 - INFO - load | 1 | (1.0, 0.1) | 0 | 0 | set() | 0| 0.0 | 0 
2021-09-27 02:40:28,000 - INFO - load | 2 | (1.0, 0.1) | 0 | 0 | set() | 0| 0.0 | 0 
2021-09-27 02:40:28,000 - INFO - ********** (1.0, 0.2, 0.2)
2021-09-27 02:40:28,042 - INFO - max_history_budget=2, max_history_result=(set(), 0, 0.0)
2021-09-27 02:40:28,081 - INFO - load | 1 | (1.0, 0.2) | 0 | 0 | set() | 0| 0.0 | 0 
2021-09-27 02:40:28,122 - INFO - load | 2 | (1.0, 0.2) | 0 | 0 | set() | 0| 0.0 | 0 
2021-09-27 02:40:28,122 - INFO - ********** (1.0, 0.30000000000000004, 0.30000000000000004)
2021-09-27 02:40:28,170 - INFO - max_history_budget=2, max_history_result=(set(), 0, 0.0)
2021-09-27 02:40:28,213 - INFO - load | 1 | (1.0, 0.30000000000000004) | 0 | 2 | set() | 0| 0.0 | 0 
2021-09-27 02:40:28,259 - INFO - load | 2 | (1.0, 0.30000000000000004) | 0 | 2 | set() | 0| 0.0 | 0 
2021-09-27 02:40:28,259 - INFO - ********** (1.0, 0.4, 0.4)
2021-09-27 02:40:28,301 - INFO - max_history_budget=2, max_history_result=(set(), 0, 0.0)
2021-09-27 02:40:28,342 - INFO - load | 1 | (1.0, 0.4) | 0 | 5 | set() | 0| 0.0 | 0 
2021-09-27 02:40:28,383 - INFO - load | 2 | (1.0, 0.4) | 0 | 5 | set() | 0| 0.0 | 0 
2021-09-27 02:40:28,384 - INFO - ********** (1.0, 0.5, 0.5)
2021-09-27 02:40:28,432 - INFO - max_history_budget=2, max_history_result=({857, 14}, 0, 0.0)
2021-09-27 02:40:28,481 - INFO - load | 1 | (1.0, 0.5) | 0 | 6 | {14} | 0| 0.0 | 0 
2021-09-27 02:40:28,532 - INFO - load | 2 | (1.0, 0.5) | 0 | 6 | {857, 14} | 0| 0.0 | 0 
2021-09-27 02:40:28,532 - INFO - ********** (1.0, 0.6000000000000001, 0.6000000000000001)
2021-09-27 02:40:28,582 - INFO - max_history_budget=2, max_history_result=({91, 375}, 0, 0.0)
2021-09-27 02:40:28,632 - INFO - load | 1 | (1.0, 0.6000000000000001) | 0 | 20 | {375} | 0| 0.0 | 0 
2021-09-27 02:40:28,682 - INFO - load | 2 | (1.0, 0.6000000000000001) | 0 | 20 | {91, 375} | 0| 0.0 | 0 
2021-09-27 02:40:28,682 - INFO - ********** (1.0, 0.7000000000000001, 0.7000000000000001)
2021-09-27 02:40:28,733 - INFO - max_history_budget=2, max_history_result=({7420, 1781}, 0, 0.0)
2021-09-27 02:40:28,783 - INFO - load | 1 | (1.0, 0.7000000000000001) | 0 | 148 | {7420} | 0| 0.0 | 0 
2021-09-27 02:40:28,835 - INFO - load | 2 | (1.0, 0.7000000000000001) | 0 | 148 | {7420, 1781} | 0| 0.0 | 0 
2021-09-27 02:40:28,835 - INFO - ********** (1.0, 0.8, 0.8)
2021-09-27 02:40:28,881 - INFO - max_history_budget=2, max_history_result=({8180, 6143}, 0, 0.0)
2021-09-27 02:40:28,924 - INFO - load | 1 | (1.0, 0.8) | 0 | 1000 | {6143} | 0| 0.0 | 0 
2021-09-27 02:40:28,967 - INFO - load | 2 | (1.0, 0.8) | 0 | 1000 | {8180, 6143} | 0| 0.0 | 0 
2021-09-27 02:40:28,967 - INFO - ********** (1.0, 0.9, 0.9)
2021-09-27 02:40:29,011 - INFO - max_history_budget=2, max_history_result=({8180, 6143}, 0, 0.0)
2021-09-27 02:40:29,054 - INFO - load | 1 | (1.0, 0.9) | 0 | 1000 | {6143} | 0| 0.0 | 0 
2021-09-27 02:40:29,094 - INFO - load | 2 | (1.0, 0.9) | 0 | 1000 | {8180, 6143} | 0| 0.0 | 0 
2021-09-27 02:40:29,094 - INFO - ********** (1.0, 1.0, 1.0)
2021-09-27 02:40:29,134 - INFO - max_history_budget=2, max_history_result=({8180, 6143}, 0, 0.0)
2021-09-27 02:40:29,176 - INFO - load | 1 | (1.0, 1.0) | 0 | 1000 | {6143} | 0| 0.0 | 0 
2021-09-27 02:40:29,217 - INFO - load | 2 | (1.0, 1.0) | 0 | 1000 | {8180, 6143} | 0| 0.0 | 0 
