2021-10-15 23:17:07,200 - INFO - run algo
2021-10-15 23:17:07,539 - INFO - 9513
2021-10-15 23:17:07,550 - INFO - 10000
2021-10-15 23:17:18,877 - INFO - load:
2021-10-15 23:17:18,883 - INFO - Finish random requester set R and supplier set S 
                             percent_R=0.1, num_R=1000, len_R=1000 
                             percent_S=0.1, num_S=1000, len_S=1000
2021-10-15 23:17:37,115 - INFO - compute | 1 | (0.0, 0.0) | 1000 | 0 | {17} | 96762| 0.0 | 13732.347520177147 
2021-10-15 23:17:37,117 - INFO - load | 1 | (0.0, 0.05) | 1000 | 0 | {17} | 96762| 0.0 | 13732.347520177147 
2021-10-15 23:17:37,119 - INFO - load | 1 | (0.0, 0.1) | 1000 | 0 | {17} | 96762| 0.0 | 13732.347520177147 
2021-10-15 23:17:37,120 - INFO - load | 1 | (0.0, 0.15000000000000002) | 1000 | 0 | {17} | 96762| 0.0 | 13732.347520177147 
2021-10-15 23:17:37,121 - INFO - load | 1 | (0.0, 0.2) | 1000 | 0 | {17} | 96762| 0.0 | 13732.347520177147 
2021-10-15 23:17:37,122 - INFO - load | 1 | (0.0, 0.25) | 1000 | 0 | {17} | 96762| 0.0 | 13732.347520177147 
2021-10-15 23:17:37,123 - INFO - load | 1 | (0.0, 0.30000000000000004) | 1000 | 0 | {17} | 96762| 0.0 | 13732.347520177147 
2021-10-15 23:17:37,124 - INFO - load | 1 | (0.0, 0.35000000000000003) | 1000 | 0 | {17} | 96762| 0.0 | 13732.347520177147 
2021-10-15 23:17:37,125 - INFO - load | 1 | (0.0, 0.4) | 1000 | 0 | {17} | 96762| 0.0 | 13732.347520177147 
2021-10-15 23:17:37,126 - INFO - load | 1 | (0.0, 0.45) | 1000 | 0 | {17} | 96762| 0.0 | 13732.347520177147 
2021-10-15 23:17:37,128 - INFO - load | 1 | (0.0, 0.5) | 1000 | 0 | {17} | 96762| 0.0 | 13732.347520177147 
2021-10-15 23:17:37,129 - INFO - load | 1 | (0.0, 0.55) | 1000 | 0 | {17} | 96762| 0.0 | 13732.347520177147 
2021-10-15 23:17:37,130 - INFO - load | 1 | (0.0, 0.6000000000000001) | 1000 | 0 | {17} | 96762| 0.0 | 13732.347520177147 
2021-10-15 23:17:37,131 - INFO - load | 1 | (0.0, 0.65) | 1000 | 0 | {17} | 96762| 0.0 | 13732.347520177147 
2021-10-15 23:17:37,132 - INFO - load | 1 | (0.0, 0.7000000000000001) | 1000 | 0 | {17} | 96762| 0.0 | 13732.347520177147 
2021-10-15 23:17:37,133 - INFO - load | 1 | (0.0, 0.75) | 1000 | 0 | {17} | 96762| 0.0 | 13732.347520177147 
2021-10-15 23:17:37,134 - INFO - load | 1 | (0.0, 0.8) | 1000 | 0 | {17} | 96762| 0.0 | 13732.347520177147 
2021-10-15 23:17:37,135 - INFO - load | 1 | (0.0, 0.8500000000000001) | 1000 | 0 | {17} | 96762| 0.0 | 13732.347520177147 
2021-10-15 23:17:37,136 - INFO - load | 1 | (0.0, 0.9) | 1000 | 0 | {17} | 96762| 0.0 | 13732.347520177147 
2021-10-15 23:17:37,137 - INFO - load | 1 | (0.0, 0.9500000000000001) | 1000 | 0 | {17} | 96762| 0.0 | 13732.347520177147 
2021-10-15 23:17:37,138 - INFO - load | 1 | (0.0, 1.0) | 1000 | 0 | {17} | 96762| 0.0 | 13732.347520177147 
2021-10-15 23:17:37,139 - INFO - load | 1 | (0.05, 0.0) | 1000 | 0 | {17} | 96762| 4838.1 | 13732.347520177147 
2021-10-15 23:17:37,140 - INFO - load | 1 | (0.05, 0.05) | 1000 | 0 | {17} | 96762| 4596.195 | 13732.347520177147 
2021-10-15 23:17:37,141 - INFO - load | 1 | (0.05, 0.1) | 1000 | 0 | {17} | 96762| 4354.29 | 13732.347520177147 
2021-10-15 23:17:37,143 - INFO - load | 1 | (0.05, 0.15000000000000002) | 1000 | 0 | {17} | 96762| 4112.385 | 13732.347520177147 
2021-10-15 23:17:37,144 - INFO - load | 1 | (0.05, 0.2) | 1000 | 0 | {17} | 96762| 3870.48 | 13732.347520177147 
2021-10-15 23:17:37,145 - INFO - load | 1 | (0.05, 0.25) | 1000 | 0 | {17} | 96762| 3628.5750000000007 | 13732.347520177147 
2021-10-15 23:17:37,146 - INFO - load | 1 | (0.05, 0.30000000000000004) | 1000 | 0 | {17} | 96762| 3386.6700000000005 | 13732.347520177147 
2021-10-15 23:17:37,147 - INFO - load | 1 | (0.05, 0.35000000000000003) | 1000 | 0 | {17} | 96762| 3144.7650000000003 | 13732.347520177147 
2021-10-15 23:17:37,148 - INFO - load | 1 | (0.05, 0.4) | 1000 | 0 | {17} | 96762| 2902.8599999999997 | 13732.347520177147 
2021-10-15 23:17:37,149 - INFO - load | 1 | (0.05, 0.45) | 1000 | 0 | {17} | 96762| 2660.955 | 13732.347520177147 
2021-10-15 23:17:37,150 - INFO - load | 1 | (0.05, 0.5) | 1000 | 0 | {17} | 96762| 2419.05 | 13732.347520177147 
2021-10-15 23:17:37,151 - INFO - load | 1 | (0.05, 0.55) | 1000 | 0 | {17} | 96762| 2177.145 | 13732.347520177147 
2021-10-15 23:17:37,152 - INFO - load | 1 | (0.05, 0.6000000000000001) | 1000 | 0 | {17} | 96762| 1935.2399999999998 | 13732.347520177147 
2021-10-15 23:17:37,153 - INFO - load | 1 | (0.05, 0.65) | 1000 | 0 | {17} | 96762| 1693.3350000000003 | 13732.347520177147 
2021-10-15 23:17:37,154 - INFO - load | 1 | (0.05, 0.7000000000000001) | 1000 | 0 | {17} | 96762| 1451.4299999999998 | 13732.347520177147 
2021-10-15 23:17:37,155 - INFO - load | 1 | (0.05, 0.75) | 1000 | 0 | {17} | 96762| 1209.5249999999996 | 13732.347520177147 
2021-10-15 23:17:37,156 - INFO - load | 1 | (0.05, 0.8) | 1000 | 0 | {17} | 96762| 967.6199999999995 | 13732.347520177147 
2021-10-15 23:17:37,157 - INFO - load | 1 | (0.05, 0.8500000000000001) | 1000 | 0 | {17} | 96762| 725.7149999999993 | 13732.347520177147 
2021-10-15 23:17:37,158 - INFO - load | 1 | (0.05, 0.9) | 1000 | 0 | {17} | 96762| 483.8099999999998 | 13732.347520177147 
2021-10-15 23:17:37,159 - INFO - load | 1 | (0.05, 0.9500000000000001) | 1000 | 0 | {17} | 96762| 241.90499999999955 | 13732.347520177147 
2021-10-15 23:17:37,160 - INFO - load | 1 | (0.05, 1.0) | 1000 | 0 | {17} | 96762| 0.0 | 13732.347520177147 
2021-10-15 23:17:37,161 - INFO - load | 1 | (0.1, 0.0) | 1000 | 0 | {17} | 96762| 9676.2 | 13732.347520177147 
2021-10-15 23:17:37,162 - INFO - load | 1 | (0.1, 0.05) | 1000 | 0 | {17} | 96762| 9192.39 | 13732.347520177147 
2021-10-15 23:17:37,163 - INFO - load | 1 | (0.1, 0.1) | 1000 | 0 | {17} | 96762| 8708.58 | 13732.347520177147 
2021-10-15 23:17:37,164 - INFO - load | 1 | (0.1, 0.15000000000000002) | 1000 | 0 | {17} | 96762| 8224.77 | 13732.347520177147 
2021-10-15 23:17:37,165 - INFO - load | 1 | (0.1, 0.2) | 1000 | 0 | {17} | 96762| 7740.96 | 13732.347520177147 
2021-10-15 23:17:37,166 - INFO - load | 1 | (0.1, 0.25) | 1000 | 0 | {17} | 96762| 7257.1500000000015 | 13732.347520177147 
2021-10-15 23:17:37,167 - INFO - load | 1 | (0.1, 0.30000000000000004) | 1000 | 0 | {17} | 96762| 6773.340000000001 | 13732.347520177147 
2021-10-15 23:17:37,168 - INFO - load | 1 | (0.1, 0.35000000000000003) | 1000 | 0 | {17} | 96762| 6289.530000000001 | 13732.347520177147 
2021-10-15 23:17:37,169 - INFO - load | 1 | (0.1, 0.4) | 1000 | 0 | {17} | 96762| 5805.719999999999 | 13732.347520177147 
2021-10-15 23:17:37,170 - INFO - load | 1 | (0.1, 0.45) | 1000 | 0 | {17} | 96762| 5321.91 | 13732.347520177147 
2021-10-15 23:17:37,171 - INFO - load | 1 | (0.1, 0.5) | 1000 | 0 | {17} | 96762| 4838.1 | 13732.347520177147 
2021-10-15 23:17:37,172 - INFO - load | 1 | (0.1, 0.55) | 1000 | 0 | {17} | 96762| 4354.29 | 13732.347520177147 
2021-10-15 23:17:37,173 - INFO - load | 1 | (0.1, 0.6000000000000001) | 1000 | 0 | {17} | 96762| 3870.4799999999996 | 13732.347520177147 
2021-10-15 23:17:37,175 - INFO - load | 1 | (0.1, 0.65) | 1000 | 0 | {17} | 96762| 3386.6700000000005 | 13732.347520177147 
2021-10-15 23:17:37,176 - INFO - load | 1 | (0.1, 0.7000000000000001) | 1000 | 0 | {17} | 96762| 2902.8599999999997 | 13732.347520177147 
2021-10-15 23:17:37,177 - INFO - load | 1 | (0.1, 0.75) | 1000 | 0 | {17} | 96762| 2419.0499999999993 | 13732.347520177147 
2021-10-15 23:17:37,178 - INFO - load | 1 | (0.1, 0.8) | 1000 | 0 | {17} | 96762| 1935.239999999999 | 13732.347520177147 
2021-10-15 23:17:37,179 - INFO - load | 1 | (0.1, 0.8500000000000001) | 1000 | 0 | {17} | 96762| 1451.4299999999987 | 13732.347520177147 
2021-10-15 23:17:37,180 - INFO - load | 1 | (0.1, 0.9) | 1000 | 0 | {17} | 96762| 967.6199999999995 | 13732.347520177147 
2021-10-15 23:17:37,181 - INFO - load | 1 | (0.1, 0.9500000000000001) | 1000 | 0 | {17} | 96762| 483.8099999999991 | 13732.347520177147 
2021-10-15 23:17:37,182 - INFO - load | 1 | (0.1, 1.0) | 1000 | 0 | {17} | 96762| 0.0 | 13732.347520177147 
2021-10-15 23:17:37,810 - INFO - compute | 1 | (0.15000000000000002, 0.0) | 214 | 0 | {17} | 18472| 2770.8000000000006 | 3377.9398093493232 
2021-10-15 23:17:37,844 - INFO - load | 1 | (0.15000000000000002, 0.05) | 214 | 0 | {17} | 18472| 2632.26 | 3377.9398093493232 
2021-10-15 23:17:37,877 - INFO - load | 1 | (0.15000000000000002, 0.1) | 214 | 0 | {17} | 18472| 2493.7200000000003 | 3377.9398093493232 
2021-10-15 23:17:37,912 - INFO - load | 1 | (0.15000000000000002, 0.15000000000000002) | 214 | 0 | {17} | 18472| 2355.18 | 3377.9398093493232 
2021-10-15 23:17:37,945 - INFO - load | 1 | (0.15000000000000002, 0.2) | 214 | 0 | {17} | 18472| 2216.6400000000003 | 3377.9398093493232 
2021-10-15 23:17:37,982 - INFO - load | 1 | (0.15000000000000002, 0.25) | 214 | 0 | {17} | 18472| 2078.1000000000004 | 3377.9398093493232 
2021-10-15 23:17:38,018 - INFO - load | 1 | (0.15000000000000002, 0.30000000000000004) | 214 | 0 | {17} | 18472| 1939.5600000000002 | 3377.9398093493232 
2021-10-15 23:17:38,051 - INFO - load | 1 | (0.15000000000000002, 0.35000000000000003) | 214 | 0 | {17} | 18472| 1801.02 | 3377.9398093493232 
2021-10-15 23:17:38,083 - INFO - load | 1 | (0.15000000000000002, 0.4) | 214 | 0 | {17} | 18472| 1662.4800000000002 | 3377.9398093493232 
2021-10-15 23:17:38,122 - INFO - load | 1 | (0.15000000000000002, 0.45) | 214 | 0 | {17} | 18472| 1523.94 | 3377.9398093493232 
2021-10-15 23:17:38,155 - INFO - load | 1 | (0.15000000000000002, 0.5) | 214 | 0 | {17} | 18472| 1385.4000000000003 | 3377.9398093493232 
2021-10-15 23:17:38,193 - INFO - load | 1 | (0.15000000000000002, 0.55) | 214 | 0 | {17} | 18472| 1246.8600000000001 | 3377.9398093493232 
2021-10-15 23:17:38,230 - INFO - load | 1 | (0.15000000000000002, 0.6000000000000001) | 214 | 0 | {17} | 18472| 1108.32 | 3377.9398093493232 
2021-10-15 23:17:38,264 - INFO - load | 1 | (0.15000000000000002, 0.65) | 214 | 0 | {17} | 18472| 969.7800000000001 | 3377.9398093493232 
2021-10-15 23:17:38,296 - INFO - load | 1 | (0.15000000000000002, 0.7000000000000001) | 214 | 0 | {17} | 18472| 831.24 | 3377.9398093493232 
2021-10-15 23:17:38,331 - INFO - load | 1 | (0.15000000000000002, 0.75) | 214 | 0 | {17} | 18472| 692.7000000000002 | 3377.9398093493232 
2021-10-15 23:17:38,364 - INFO - load | 1 | (0.15000000000000002, 0.8) | 214 | 0 | {17} | 18472| 554.16 | 3377.9398093493232 
2021-10-15 23:17:38,397 - INFO - load | 1 | (0.15000000000000002, 0.8500000000000001) | 214 | 0 | {17} | 18472| 415.61999999999983 | 3377.9398093493232 
2021-10-15 23:17:38,431 - INFO - load | 1 | (0.15000000000000002, 0.9) | 214 | 0 | {17} | 18472| 277.07999999999976 | 3377.9398093493232 
2021-10-15 23:17:38,464 - INFO - load | 1 | (0.15000000000000002, 0.9500000000000001) | 214 | 0 | {17} | 18472| 138.53999999999962 | 3377.9398093493232 
2021-10-15 23:17:38,495 - INFO - load | 1 | (0.15000000000000002, 1.0) | 214 | 0 | {17} | 18472| 0.0 | 3377.9398093493232 
2021-10-15 23:17:38,675 - INFO - compute | 1 | (0.2, 0.0) | 50 | 0 | {17} | 3380| 676.0 | 851.3481096698257 
2021-10-15 23:17:38,717 - INFO - load | 1 | (0.2, 0.05) | 50 | 0 | {17} | 3380| 642.2 | 851.3481096698257 
2021-10-15 23:17:38,758 - INFO - load | 1 | (0.2, 0.1) | 50 | 0 | {17} | 3380| 608.4 | 851.3481096698257 
2021-10-15 23:17:38,800 - INFO - load | 1 | (0.2, 0.15000000000000002) | 50 | 0 | {17} | 3380| 574.6 | 851.3481096698257 
2021-10-15 23:17:38,842 - INFO - load | 1 | (0.2, 0.2) | 50 | 0 | {17} | 3380| 540.8 | 851.3481096698257 
2021-10-15 23:17:38,882 - INFO - load | 1 | (0.2, 0.25) | 50 | 0 | {17} | 3380| 507.00000000000006 | 851.3481096698257 
2021-10-15 23:17:38,923 - INFO - load | 1 | (0.2, 0.30000000000000004) | 50 | 0 | {17} | 3380| 473.20000000000005 | 851.3481096698257 
2021-10-15 23:17:38,965 - INFO - load | 1 | (0.2, 0.35000000000000003) | 50 | 0 | {17} | 3380| 439.40000000000003 | 851.3481096698257 
2021-10-15 23:17:39,007 - INFO - load | 1 | (0.2, 0.4) | 50 | 0 | {17} | 3380| 405.59999999999997 | 851.3481096698257 
2021-10-15 23:17:39,049 - INFO - load | 1 | (0.2, 0.45) | 50 | 0 | {17} | 3380| 371.8 | 851.3481096698257 
2021-10-15 23:17:39,092 - INFO - load | 1 | (0.2, 0.5) | 50 | 0 | {17} | 3380| 338.0 | 851.3481096698257 
2021-10-15 23:17:39,134 - INFO - load | 1 | (0.2, 0.55) | 50 | 0 | {17} | 3380| 304.2 | 851.3481096698257 
2021-10-15 23:17:39,178 - INFO - load | 1 | (0.2, 0.6000000000000001) | 50 | 0 | {17} | 3380| 270.4 | 851.3481096698257 
2021-10-15 23:17:39,223 - INFO - load | 1 | (0.2, 0.65) | 50 | 0 | {17} | 3380| 236.60000000000002 | 851.3481096698257 
2021-10-15 23:17:39,264 - INFO - load | 1 | (0.2, 0.7000000000000001) | 50 | 0 | {17} | 3380| 202.79999999999998 | 851.3481096698257 
2021-10-15 23:17:39,306 - INFO - load | 1 | (0.2, 0.75) | 50 | 0 | {17} | 3380| 168.99999999999997 | 851.3481096698257 
2021-10-15 23:17:39,349 - INFO - load | 1 | (0.2, 0.8) | 50 | 0 | {17} | 3380| 135.19999999999993 | 851.3481096698257 
2021-10-15 23:17:39,392 - INFO - load | 1 | (0.2, 0.8500000000000001) | 50 | 0 | {17} | 3380| 101.3999999999999 | 851.3481096698257 
2021-10-15 23:17:39,433 - INFO - load | 1 | (0.2, 0.9) | 50 | 0 | {17} | 3380| 67.59999999999997 | 851.3481096698257 
2021-10-15 23:17:39,476 - INFO - load | 1 | (0.2, 0.9500000000000001) | 50 | 0 | {17} | 3380| 33.79999999999993 | 851.3481096698257 
2021-10-15 23:17:39,518 - INFO - load | 1 | (0.2, 1.0) | 50 | 0 | {17} | 3380| 0.0 | 851.3481096698257 
2021-10-15 23:17:39,629 - INFO - compute | 1 | (0.25, 0.0) | 21 | 0 | {17} | 1394| 348.5 | 408.22673006646244 
2021-10-15 23:17:39,686 - INFO - load | 1 | (0.25, 0.05) | 21 | 0 | {17} | 1394| 331.075 | 408.22673006646244 
2021-10-15 23:17:39,740 - INFO - load | 1 | (0.25, 0.1) | 21 | 0 | {17} | 1394| 313.65000000000003 | 408.22673006646244 
2021-10-15 23:17:39,791 - INFO - load | 1 | (0.25, 0.15000000000000002) | 21 | 0 | {17} | 1394| 296.22499999999997 | 408.22673006646244 
2021-10-15 23:17:39,843 - INFO - load | 1 | (0.25, 0.2) | 21 | 0 | {17} | 1394| 278.8 | 408.22673006646244 
2021-10-15 23:17:39,894 - INFO - load | 1 | (0.25, 0.25) | 21 | 0 | {17} | 1394| 261.375 | 408.22673006646244 
2021-10-15 23:17:39,944 - INFO - load | 1 | (0.25, 0.30000000000000004) | 21 | 0 | {17} | 1394| 243.95 | 408.22673006646244 
2021-10-15 23:17:39,994 - INFO - load | 1 | (0.25, 0.35000000000000003) | 21 | 0 | {17} | 1394| 226.52499999999998 | 408.22673006646244 
2021-10-15 23:17:40,043 - INFO - load | 1 | (0.25, 0.4) | 21 | 0 | {17} | 1394| 209.1 | 408.22673006646244 
2021-10-15 23:17:40,094 - INFO - load | 1 | (0.25, 0.45) | 21 | 0 | {17} | 1394| 191.675 | 408.22673006646244 
2021-10-15 23:17:40,142 - INFO - load | 1 | (0.25, 0.5) | 21 | 0 | {17} | 1394| 174.25 | 408.22673006646244 
2021-10-15 23:17:40,194 - INFO - load | 1 | (0.25, 0.55) | 21 | 0 | {17} | 1394| 156.825 | 408.22673006646244 
2021-10-15 23:17:40,248 - INFO - load | 1 | (0.25, 0.6000000000000001) | 21 | 0 | {17} | 1394| 139.39999999999998 | 408.22673006646244 
2021-10-15 23:17:40,298 - INFO - load | 1 | (0.25, 0.65) | 21 | 0 | {17} | 1394| 121.975 | 408.22673006646244 
2021-10-15 23:17:40,348 - INFO - load | 1 | (0.25, 0.7000000000000001) | 21 | 0 | {17} | 1394| 104.54999999999998 | 408.22673006646244 
2021-10-15 23:17:40,397 - INFO - load | 1 | (0.25, 0.75) | 21 | 0 | {17} | 1394| 87.125 | 408.22673006646244 
2021-10-15 23:17:40,448 - INFO - load | 1 | (0.25, 0.8) | 21 | 0 | {17} | 1394| 69.69999999999999 | 408.22673006646244 
2021-10-15 23:17:40,496 - INFO - load | 1 | (0.25, 0.8500000000000001) | 21 | 0 | {17} | 1394| 52.27499999999997 | 408.22673006646244 
2021-10-15 23:17:40,545 - INFO - load | 1 | (0.25, 0.9) | 21 | 0 | {17} | 1394| 34.849999999999994 | 408.22673006646244 
2021-10-15 23:17:40,596 - INFO - load | 1 | (0.25, 0.9500000000000001) | 21 | 0 | {17} | 1394| 17.424999999999976 | 408.22673006646244 
2021-10-15 23:17:40,644 - INFO - load | 1 | (0.25, 1.0) | 21 | 0 | {17} | 1394| 0.0 | 408.22673006646244 
2021-10-15 23:17:40,722 - INFO - compute | 1 | (0.30000000000000004, 0.0) | 7 | 0 | {17} | 356| 106.80000000000001 | 126.1706869749112 
2021-10-15 23:17:40,777 - INFO - load | 1 | (0.30000000000000004, 0.05) | 7 | 0 | {17} | 356| 101.46000000000001 | 126.1706869749112 
2021-10-15 23:17:40,832 - INFO - load | 1 | (0.30000000000000004, 0.1) | 7 | 0 | {17} | 356| 96.12 | 126.1706869749112 
2021-10-15 23:17:40,889 - INFO - load | 1 | (0.30000000000000004, 0.15000000000000002) | 7 | 0 | {17} | 356| 90.78 | 126.1706869749112 
2021-10-15 23:17:40,949 - INFO - load | 1 | (0.30000000000000004, 0.2) | 7 | 0 | {17} | 356| 85.44000000000001 | 126.1706869749112 
2021-10-15 23:17:41,009 - INFO - load | 1 | (0.30000000000000004, 0.25) | 7 | 0 | {17} | 356| 80.10000000000001 | 126.1706869749112 
2021-10-15 23:17:41,064 - INFO - load | 1 | (0.30000000000000004, 0.30000000000000004) | 7 | 0 | {17} | 356| 74.76 | 126.1706869749112 
2021-10-15 23:17:41,122 - INFO - load | 1 | (0.30000000000000004, 0.35000000000000003) | 7 | 0 | {17} | 356| 69.42 | 126.1706869749112 
2021-10-15 23:17:41,178 - INFO - load | 1 | (0.30000000000000004, 0.4) | 7 | 0 | {17} | 356| 64.08000000000001 | 126.1706869749112 
2021-10-15 23:17:41,236 - INFO - load | 1 | (0.30000000000000004, 0.45) | 7 | 0 | {17} | 356| 58.74 | 126.1706869749112 
2021-10-15 23:17:41,294 - INFO - load | 1 | (0.30000000000000004, 0.5) | 7 | 0 | {17} | 356| 53.400000000000006 | 126.1706869749112 
2021-10-15 23:17:41,352 - INFO - load | 1 | (0.30000000000000004, 0.55) | 7 | 0 | {17} | 356| 48.06 | 126.1706869749112 
2021-10-15 23:17:41,411 - INFO - load | 1 | (0.30000000000000004, 0.6000000000000001) | 7 | 0 | {17} | 356| 42.72 | 126.1706869749112 
2021-10-15 23:17:41,470 - INFO - load | 1 | (0.30000000000000004, 0.65) | 7 | 0 | {17} | 356| 37.38 | 126.1706869749112 
2021-10-15 23:17:41,526 - INFO - load | 1 | (0.30000000000000004, 0.7000000000000001) | 7 | 0 | {17} | 356| 32.04 | 126.1706869749112 
2021-10-15 23:17:41,582 - INFO - load | 1 | (0.30000000000000004, 0.75) | 7 | 0 | {17} | 356| 26.700000000000003 | 126.1706869749112 
2021-10-15 23:17:41,638 - INFO - load | 1 | (0.30000000000000004, 0.8) | 7 | 0 | {17} | 356| 21.36 | 126.1706869749112 
2021-10-15 23:17:41,695 - INFO - load | 1 | (0.30000000000000004, 0.8500000000000001) | 7 | 0 | {17} | 356| 16.019999999999996 | 126.1706869749112 
2021-10-15 23:17:41,752 - INFO - load | 1 | (0.30000000000000004, 0.9) | 7 | 0 | {17} | 356| 10.679999999999989 | 126.1706869749112 
2021-10-15 23:17:41,808 - INFO - load | 1 | (0.30000000000000004, 0.9500000000000001) | 7 | 0 | {17} | 356| 5.339999999999985 | 126.1706869749112 
2021-10-15 23:17:41,864 - INFO - load | 1 | (0.30000000000000004, 1.0) | 7 | 0 | {17} | 356| 0.0 | 126.1706869749112 
2021-10-15 23:17:41,940 - INFO - compute | 1 | (0.35000000000000003, 0.0) | 4 | 0 | {17} | 149| 52.150000000000006 | 61.46104519186676 
2021-10-15 23:17:42,008 - INFO - load | 1 | (0.35000000000000003, 0.05) | 4 | 0 | {17} | 149| 49.542500000000004 | 61.46104519186676 
2021-10-15 23:17:42,072 - INFO - load | 1 | (0.35000000000000003, 0.1) | 4 | 0 | {17} | 149| 46.93500000000001 | 61.46104519186676 
2021-10-15 23:17:42,138 - INFO - load | 1 | (0.35000000000000003, 0.15000000000000002) | 4 | 0 | {17} | 149| 44.32750000000001 | 61.46104519186676 
2021-10-15 23:17:42,207 - INFO - load | 1 | (0.35000000000000003, 0.2) | 4 | 0 | {17} | 149| 41.720000000000006 | 61.46104519186676 
2021-10-15 23:17:42,274 - INFO - load | 1 | (0.35000000000000003, 0.25) | 4 | 0 | {17} | 149| 39.112500000000004 | 61.46104519186676 
2021-10-15 23:17:42,345 - INFO - load | 1 | (0.35000000000000003, 0.30000000000000004) | 4 | 0 | {17} | 149| 36.505 | 61.46104519186676 
2021-10-15 23:17:42,412 - INFO - load | 1 | (0.35000000000000003, 0.35000000000000003) | 4 | 0 | {17} | 149| 33.8975 | 61.46104519186676 
2021-10-15 23:17:42,479 - INFO - load | 1 | (0.35000000000000003, 0.4) | 4 | 0 | {17} | 149| 31.290000000000003 | 61.46104519186676 
2021-10-15 23:17:42,543 - INFO - load | 1 | (0.35000000000000003, 0.45) | 4 | 0 | {17} | 149| 28.6825 | 61.46104519186676 
2021-10-15 23:17:42,605 - INFO - load | 1 | (0.35000000000000003, 0.5) | 4 | 0 | {17} | 149| 26.075000000000003 | 61.46104519186676 
2021-10-15 23:17:42,672 - INFO - load | 1 | (0.35000000000000003, 0.55) | 4 | 0 | {17} | 149| 23.4675 | 61.46104519186676 
2021-10-15 23:17:42,739 - INFO - load | 1 | (0.35000000000000003, 0.6000000000000001) | 4 | 0 | {17} | 149| 20.86 | 61.46104519186676 
2021-10-15 23:17:42,807 - INFO - load | 1 | (0.35000000000000003, 0.65) | 4 | 0 | {17} | 149| 18.2525 | 61.46104519186676 
2021-10-15 23:17:42,874 - INFO - load | 1 | (0.35000000000000003, 0.7000000000000001) | 4 | 0 | {17} | 149| 15.644999999999998 | 61.46104519186676 
2021-10-15 23:17:42,939 - INFO - load | 1 | (0.35000000000000003, 0.75) | 4 | 0 | {17} | 149| 13.037500000000003 | 61.46104519186676 
2021-10-15 23:17:43,007 - INFO - load | 1 | (0.35000000000000003, 0.8) | 4 | 0 | {17} | 149| 10.430000000000001 | 61.46104519186676 
2021-10-15 23:17:43,073 - INFO - load | 1 | (0.35000000000000003, 0.8500000000000001) | 4 | 0 | {17} | 149| 7.822499999999999 | 61.46104519186676 
2021-10-15 23:17:43,141 - INFO - load | 1 | (0.35000000000000003, 0.9) | 4 | 0 | {17} | 149| 5.214999999999996 | 61.46104519186676 
2021-10-15 23:17:43,206 - INFO - load | 1 | (0.35000000000000003, 0.9500000000000001) | 4 | 0 | {17} | 149| 2.607499999999994 | 61.46104519186676 
2021-10-15 23:17:43,292 - INFO - compute | 1 | (0.35000000000000003, 1.0) | 4 | 1 | {17} | 149| 0.0 | 61.46104519186676 
2021-10-15 23:17:43,375 - INFO - compute | 1 | (0.4, 0.0) | 3 | 0 | {17} | 88| 35.2 | 39.153535947432275 
2021-10-15 23:17:43,449 - INFO - load | 1 | (0.4, 0.05) | 3 | 0 | {17} | 88| 33.44 | 39.153535947432275 
2021-10-15 23:17:43,523 - INFO - load | 1 | (0.4, 0.1) | 3 | 0 | {17} | 88| 31.68 | 39.153535947432275 
2021-10-15 23:17:43,595 - INFO - load | 1 | (0.4, 0.15000000000000002) | 3 | 0 | {17} | 88| 29.92 | 39.153535947432275 
2021-10-15 23:17:43,668 - INFO - load | 1 | (0.4, 0.2) | 3 | 0 | {17} | 88| 28.16 | 39.153535947432275 
2021-10-15 23:17:43,742 - INFO - load | 1 | (0.4, 0.25) | 3 | 0 | {17} | 88| 26.400000000000006 | 39.153535947432275 
2021-10-15 23:17:43,814 - INFO - load | 1 | (0.4, 0.30000000000000004) | 3 | 0 | {17} | 88| 24.64 | 39.153535947432275 
2021-10-15 23:17:43,888 - INFO - load | 1 | (0.4, 0.35000000000000003) | 3 | 0 | {17} | 88| 22.880000000000003 | 39.153535947432275 
2021-10-15 23:17:43,962 - INFO - load | 1 | (0.4, 0.4) | 3 | 0 | {17} | 88| 21.119999999999997 | 39.153535947432275 
2021-10-15 23:17:44,038 - INFO - load | 1 | (0.4, 0.45) | 3 | 0 | {17} | 88| 19.36 | 39.153535947432275 
2021-10-15 23:17:44,112 - INFO - load | 1 | (0.4, 0.5) | 3 | 0 | {17} | 88| 17.6 | 39.153535947432275 
2021-10-15 23:17:44,188 - INFO - load | 1 | (0.4, 0.55) | 3 | 0 | {17} | 88| 15.84 | 39.153535947432275 
2021-10-15 23:17:44,262 - INFO - load | 1 | (0.4, 0.6000000000000001) | 3 | 0 | {17} | 88| 14.079999999999998 | 39.153535947432275 
2021-10-15 23:17:44,338 - INFO - load | 1 | (0.4, 0.65) | 3 | 0 | {17} | 88| 12.32 | 39.153535947432275 
2021-10-15 23:17:44,413 - INFO - load | 1 | (0.4, 0.7000000000000001) | 3 | 0 | {17} | 88| 10.559999999999999 | 39.153535947432275 
2021-10-15 23:17:44,490 - INFO - load | 1 | (0.4, 0.75) | 3 | 0 | {17} | 88| 8.799999999999997 | 39.153535947432275 
2021-10-15 23:17:44,560 - INFO - load | 1 | (0.4, 0.8) | 3 | 0 | {17} | 88| 7.0399999999999965 | 39.153535947432275 
2021-10-15 23:17:44,634 - INFO - load | 1 | (0.4, 0.8500000000000001) | 3 | 0 | {17} | 88| 5.279999999999995 | 39.153535947432275 
2021-10-15 23:17:44,720 - INFO - compute | 1 | (0.4, 0.9) | 3 | 1 | {17} | 88| 3.5199999999999982 | 39.153535947432275 
2021-10-15 23:17:44,807 - INFO - compute | 1 | (0.4, 0.9500000000000001) | 3 | 2 | {17} | 88| 1.7599999999999967 | 39.153535947432275 
2021-10-15 23:17:44,892 - INFO - load | 1 | (0.4, 1.0) | 3 | 2 | {17} | 88| 0.0 | 39.153535947432275 
2021-10-15 23:17:44,978 - INFO - compute | 1 | (0.45, 0.0) | 1 | 0 | {17} | 0| 0.0 | 0.0 
2021-10-15 23:17:45,060 - INFO - load | 1 | (0.45, 0.05) | 1 | 0 | {17} | 0| 0.0 | 0.0 
2021-10-15 23:17:45,143 - INFO - load | 1 | (0.45, 0.1) | 1 | 0 | {17} | 0| 0.0 | 0.0 
2021-10-15 23:17:45,226 - INFO - load | 1 | (0.45, 0.15000000000000002) | 1 | 0 | {17} | 0| 0.0 | 0.0 
2021-10-15 23:17:45,310 - INFO - load | 1 | (0.45, 0.2) | 1 | 0 | {17} | 0| 0.0 | 0.0 
2021-10-15 23:17:45,391 - INFO - load | 1 | (0.45, 0.25) | 1 | 0 | {17} | 0| 0.0 | 0.0 
2021-10-15 23:17:45,475 - INFO - load | 1 | (0.45, 0.30000000000000004) | 1 | 0 | {17} | 0| 0.0 | 0.0 
2021-10-15 23:17:45,558 - INFO - load | 1 | (0.45, 0.35000000000000003) | 1 | 0 | {17} | 0| 0.0 | 0.0 
2021-10-15 23:17:45,640 - INFO - load | 1 | (0.45, 0.4) | 1 | 0 | {17} | 0| 0.0 | 0.0 
2021-10-15 23:17:45,721 - INFO - load | 1 | (0.45, 0.45) | 1 | 0 | {17} | 0| 0.0 | 0.0 
2021-10-15 23:17:45,799 - INFO - load | 1 | (0.45, 0.5) | 1 | 0 | {17} | 0| 0.0 | 0.0 
2021-10-15 23:17:45,877 - INFO - load | 1 | (0.45, 0.55) | 1 | 0 | {17} | 0| 0.0 | 0.0 
2021-10-15 23:17:45,958 - INFO - load | 1 | (0.45, 0.6000000000000001) | 1 | 0 | {17} | 0| 0.0 | 0.0 
2021-10-15 23:17:46,041 - INFO - load | 1 | (0.45, 0.65) | 1 | 0 | {17} | 0| 0.0 | 0.0 
2021-10-15 23:17:46,125 - INFO - load | 1 | (0.45, 0.7000000000000001) | 1 | 0 | {17} | 0| 0.0 | 0.0 
2021-10-15 23:17:46,210 - INFO - load | 1 | (0.45, 0.75) | 1 | 0 | {17} | 0| 0.0 | 0.0 
2021-10-15 23:17:46,299 - INFO - compute | 1 | (0.45, 0.8) | 1 | 1 | {17} | 0| 0.0 | 0.0 
2021-10-15 23:17:46,392 - INFO - compute | 1 | (0.45, 0.8500000000000001) | 1 | 2 | {17} | 0| 0.0 | 0.0 
2021-10-15 23:17:46,481 - INFO - load | 1 | (0.45, 0.9) | 1 | 2 | {17} | 0| 0.0 | 0.0 
2021-10-15 23:17:46,578 - INFO - compute | 1 | (0.45, 0.9500000000000001) | 1 | 3 | {17} | 0| 0.0 | 0.0 
2021-10-15 23:17:46,664 - INFO - load | 1 | (0.45, 1.0) | 1 | 3 | {17} | 0| 0.0 | 0.0 
2021-10-15 23:17:46,745 - INFO - load | 1 | (0.5, 0.0) | 1 | 0 | {17} | 0| 0.0 | 0.0 
2021-10-15 23:17:46,827 - INFO - load | 1 | (0.5, 0.05) | 1 | 0 | {17} | 0| 0.0 | 0.0 
2021-10-15 23:17:46,906 - INFO - load | 1 | (0.5, 0.1) | 1 | 0 | {17} | 0| 0.0 | 0.0 
2021-10-15 23:17:46,991 - INFO - load | 1 | (0.5, 0.15000000000000002) | 1 | 0 | {17} | 0| 0.0 | 0.0 
2021-10-15 23:17:47,071 - INFO - load | 1 | (0.5, 0.2) | 1 | 0 | {17} | 0| 0.0 | 0.0 
2021-10-15 23:17:47,150 - INFO - load | 1 | (0.5, 0.25) | 1 | 0 | {17} | 0| 0.0 | 0.0 
2021-10-15 23:17:47,228 - INFO - load | 1 | (0.5, 0.30000000000000004) | 1 | 0 | {17} | 0| 0.0 | 0.0 
2021-10-15 23:17:47,310 - INFO - load | 1 | (0.5, 0.35000000000000003) | 1 | 0 | {17} | 0| 0.0 | 0.0 
2021-10-15 23:17:47,390 - INFO - load | 1 | (0.5, 0.4) | 1 | 0 | {17} | 0| 0.0 | 0.0 
2021-10-15 23:17:47,469 - INFO - load | 1 | (0.5, 0.45) | 1 | 0 | {17} | 0| 0.0 | 0.0 
2021-10-15 23:17:47,547 - INFO - load | 1 | (0.5, 0.5) | 1 | 0 | {17} | 0| 0.0 | 0.0 
2021-10-15 23:17:47,626 - INFO - load | 1 | (0.5, 0.55) | 1 | 0 | {17} | 0| 0.0 | 0.0 
2021-10-15 23:17:47,705 - INFO - load | 1 | (0.5, 0.6000000000000001) | 1 | 0 | {17} | 0| 0.0 | 0.0 
2021-10-15 23:17:47,786 - INFO - load | 1 | (0.5, 0.65) | 1 | 0 | {17} | 0| 0.0 | 0.0 
2021-10-15 23:17:47,872 - INFO - load | 1 | (0.5, 0.7000000000000001) | 1 | 1 | {17} | 0| 0.0 | 0.0 
2021-10-15 23:17:47,957 - INFO - load | 1 | (0.5, 0.75) | 1 | 2 | {17} | 0| 0.0 | 0.0 
2021-10-15 23:17:48,045 - INFO - load | 1 | (0.5, 0.8) | 1 | 2 | {17} | 0| 0.0 | 0.0 
2021-10-15 23:17:48,134 - INFO - load | 1 | (0.5, 0.8500000000000001) | 1 | 3 | {17} | 0| 0.0 | 0.0 
2021-10-15 23:17:48,224 - INFO - load | 1 | (0.5, 0.9) | 1 | 3 | {17} | 0| 0.0 | 0.0 
2021-10-15 23:17:48,318 - INFO - load | 1 | (0.5, 0.9500000000000001) | 1 | 3 | {17} | 0| 0.0 | 0.0 
2021-10-15 23:17:48,443 - INFO - compute | 1 | (0.5, 1.0) | 1 | 4 | {17} | 0| 0.0 | 0.0 
2021-10-15 23:17:48,559 - INFO - load | 1 | (0.55, 0.0) | 1 | 0 | {17} | 0| 0.0 | 0.0 
2021-10-15 23:17:48,654 - INFO - load | 1 | (0.55, 0.05) | 1 | 0 | {17} | 0| 0.0 | 0.0 
2021-10-15 23:17:48,770 - INFO - load | 1 | (0.55, 0.1) | 1 | 0 | {17} | 0| 0.0 | 0.0 
2021-10-15 23:17:48,892 - INFO - load | 1 | (0.55, 0.15000000000000002) | 1 | 0 | {17} | 0| 0.0 | 0.0 
2021-10-15 23:17:49,016 - INFO - load | 1 | (0.55, 0.2) | 1 | 0 | {17} | 0| 0.0 | 0.0 
2021-10-15 23:17:49,132 - INFO - load | 1 | (0.55, 0.25) | 1 | 0 | {17} | 0| 0.0 | 0.0 
2021-10-15 23:17:49,249 - INFO - load | 1 | (0.55, 0.30000000000000004) | 1 | 0 | {17} | 0| 0.0 | 0.0 
2021-10-15 23:17:49,376 - INFO - load | 1 | (0.55, 0.35000000000000003) | 1 | 0 | {17} | 0| 0.0 | 0.0 
2021-10-15 23:17:49,485 - INFO - load | 1 | (0.55, 0.4) | 1 | 0 | {17} | 0| 0.0 | 0.0 
2021-10-15 23:17:49,595 - INFO - load | 1 | (0.55, 0.45) | 1 | 0 | {17} | 0| 0.0 | 0.0 
2021-10-15 23:17:49,703 - INFO - load | 1 | (0.55, 0.5) | 1 | 0 | {17} | 0| 0.0 | 0.0 
2021-10-15 23:17:49,802 - INFO - load | 1 | (0.55, 0.55) | 1 | 0 | {17} | 0| 0.0 | 0.0 
2021-10-15 23:17:49,895 - INFO - load | 1 | (0.55, 0.6000000000000001) | 1 | 0 | {17} | 0| 0.0 | 0.0 
2021-10-15 23:17:49,995 - INFO - load | 1 | (0.55, 0.65) | 1 | 1 | {17} | 0| 0.0 | 0.0 
2021-10-15 23:17:50,096 - INFO - load | 1 | (0.55, 0.7000000000000001) | 1 | 2 | {17} | 0| 0.0 | 0.0 
2021-10-15 23:17:50,202 - INFO - load | 1 | (0.55, 0.75) | 1 | 2 | {17} | 0| 0.0 | 0.0 
2021-10-15 23:17:50,305 - INFO - load | 1 | (0.55, 0.8) | 1 | 3 | {17} | 0| 0.0 | 0.0 
2021-10-15 23:17:50,409 - INFO - load | 1 | (0.55, 0.8500000000000001) | 1 | 3 | {17} | 0| 0.0 | 0.0 
2021-10-15 23:17:50,524 - INFO - load | 1 | (0.55, 0.9) | 1 | 4 | {17} | 0| 0.0 | 0.0 
2021-10-15 23:17:50,634 - INFO - load | 1 | (0.55, 0.9500000000000001) | 1 | 4 | {17} | 0| 0.0 | 0.0 
2021-10-15 23:17:50,758 - INFO - compute | 1 | (0.55, 1.0) | 1 | 5 | {17} | 0| 0.0 | 0.0 
2021-10-15 23:17:50,854 - INFO - load | 1 | (0.6000000000000001, 0.0) | 1 | 0 | {17} | 0| 0.0 | 0.0 
2021-10-15 23:17:50,949 - INFO - load | 1 | (0.6000000000000001, 0.05) | 1 | 0 | {17} | 0| 0.0 | 0.0 
2021-10-15 23:17:51,044 - INFO - load | 1 | (0.6000000000000001, 0.1) | 1 | 0 | {17} | 0| 0.0 | 0.0 
2021-10-15 23:17:51,139 - INFO - load | 1 | (0.6000000000000001, 0.15000000000000002) | 1 | 0 | {17} | 0| 0.0 | 0.0 
2021-10-15 23:17:51,230 - INFO - load | 1 | (0.6000000000000001, 0.2) | 1 | 0 | {17} | 0| 0.0 | 0.0 
2021-10-15 23:17:51,321 - INFO - load | 1 | (0.6000000000000001, 0.25) | 1 | 0 | {17} | 0| 0.0 | 0.0 
2021-10-15 23:17:51,416 - INFO - load | 1 | (0.6000000000000001, 0.30000000000000004) | 1 | 0 | {17} | 0| 0.0 | 0.0 
2021-10-15 23:17:51,510 - INFO - load | 1 | (0.6000000000000001, 0.35000000000000003) | 1 | 0 | {17} | 0| 0.0 | 0.0 
2021-10-15 23:17:51,613 - INFO - load | 1 | (0.6000000000000001, 0.4) | 1 | 0 | {17} | 0| 0.0 | 0.0 
2021-10-15 23:17:51,705 - INFO - load | 1 | (0.6000000000000001, 0.45) | 1 | 0 | {17} | 0| 0.0 | 0.0 
2021-10-15 23:17:51,796 - INFO - load | 1 | (0.6000000000000001, 0.5) | 1 | 0 | {17} | 0| 0.0 | 0.0 
2021-10-15 23:17:51,888 - INFO - load | 1 | (0.6000000000000001, 0.55) | 1 | 0 | {17} | 0| 0.0 | 0.0 
2021-10-15 23:17:51,987 - INFO - load | 1 | (0.6000000000000001, 0.6000000000000001) | 1 | 1 | {17} | 0| 0.0 | 0.0 
2021-10-15 23:17:52,109 - INFO - load | 1 | (0.6000000000000001, 0.65) | 1 | 2 | {17} | 0| 0.0 | 0.0 
2021-10-15 23:17:52,208 - INFO - load | 1 | (0.6000000000000001, 0.7000000000000001) | 1 | 3 | {17} | 0| 0.0 | 0.0 
2021-10-15 23:17:52,316 - INFO - load | 1 | (0.6000000000000001, 0.75) | 1 | 3 | {17} | 0| 0.0 | 0.0 
2021-10-15 23:17:52,417 - INFO - load | 1 | (0.6000000000000001, 0.8) | 1 | 3 | {17} | 0| 0.0 | 0.0 
2021-10-15 23:17:52,527 - INFO - load | 1 | (0.6000000000000001, 0.8500000000000001) | 1 | 4 | {17} | 0| 0.0 | 0.0 
2021-10-15 23:17:52,645 - INFO - load | 1 | (0.6000000000000001, 0.9) | 1 | 5 | {17} | 0| 0.0 | 0.0 
2021-10-15 23:17:52,768 - INFO - load | 1 | (0.6000000000000001, 0.9500000000000001) | 1 | 5 | {17} | 0| 0.0 | 0.0 
2021-10-15 23:17:52,885 - INFO - load | 1 | (0.6000000000000001, 1.0) | 1 | 5 | {17} | 0| 0.0 | 0.0 
2021-10-15 23:17:52,976 - INFO - load | 1 | (0.65, 0.0) | 1 | 0 | {17} | 0| 0.0 | 0.0 
2021-10-15 23:17:53,074 - INFO - load | 1 | (0.65, 0.05) | 1 | 0 | {17} | 0| 0.0 | 0.0 
2021-10-15 23:17:53,166 - INFO - load | 1 | (0.65, 0.1) | 1 | 0 | {17} | 0| 0.0 | 0.0 
2021-10-15 23:17:53,259 - INFO - load | 1 | (0.65, 0.15000000000000002) | 1 | 0 | {17} | 0| 0.0 | 0.0 
2021-10-15 23:17:53,356 - INFO - load | 1 | (0.65, 0.2) | 1 | 0 | {17} | 0| 0.0 | 0.0 
2021-10-15 23:17:53,450 - INFO - load | 1 | (0.65, 0.25) | 1 | 0 | {17} | 0| 0.0 | 0.0 
2021-10-15 23:17:53,544 - INFO - load | 1 | (0.65, 0.30000000000000004) | 1 | 0 | {17} | 0| 0.0 | 0.0 
2021-10-15 23:17:53,640 - INFO - load | 1 | (0.65, 0.35000000000000003) | 1 | 0 | {17} | 0| 0.0 | 0.0 
2021-10-15 23:17:53,730 - INFO - load | 1 | (0.65, 0.4) | 1 | 0 | {17} | 0| 0.0 | 0.0 
2021-10-15 23:17:53,825 - INFO - load | 1 | (0.65, 0.45) | 1 | 0 | {17} | 0| 0.0 | 0.0 
2021-10-15 23:17:53,924 - INFO - load | 1 | (0.65, 0.5) | 1 | 0 | {17} | 0| 0.0 | 0.0 
2021-10-15 23:17:54,027 - INFO - load | 1 | (0.65, 0.55) | 1 | 1 | {17} | 0| 0.0 | 0.0 
2021-10-15 23:17:54,129 - INFO - load | 1 | (0.65, 0.6000000000000001) | 1 | 2 | {17} | 0| 0.0 | 0.0 
2021-10-15 23:17:54,231 - INFO - load | 1 | (0.65, 0.65) | 1 | 3 | {17} | 0| 0.0 | 0.0 
2021-10-15 23:17:54,335 - INFO - load | 1 | (0.65, 0.7000000000000001) | 1 | 3 | {17} | 0| 0.0 | 0.0 
2021-10-15 23:17:54,442 - INFO - load | 1 | (0.65, 0.75) | 1 | 3 | {17} | 0| 0.0 | 0.0 
2021-10-15 23:17:54,557 - INFO - load | 1 | (0.65, 0.8) | 1 | 4 | {17} | 0| 0.0 | 0.0 
2021-10-15 23:17:54,682 - INFO - load | 1 | (0.65, 0.8500000000000001) | 1 | 5 | {17} | 0| 0.0 | 0.0 
2021-10-15 23:17:54,808 - INFO - load | 1 | (0.65, 0.9) | 1 | 5 | {17} | 0| 0.0 | 0.0 
2021-10-15 23:17:54,956 - INFO - load | 1 | (0.65, 0.9500000000000001) | 1 | 5 | {17} | 0| 0.0 | 0.0 
2021-10-15 23:17:55,120 - INFO - compute | 1 | (0.65, 1.0) | 1 | 7 | {17} | 0| 0.0 | 0.0 
2021-10-15 23:17:55,285 - INFO - compute | 1 | (0.7000000000000001, 0.0) | 0 | 0 | set() | 0| 0.0 | 0 
2021-10-15 23:17:55,447 - INFO - load | 1 | (0.7000000000000001, 0.05) | 0 | 0 | set() | 0| 0.0 | 0 
2021-10-15 23:17:55,607 - INFO - load | 1 | (0.7000000000000001, 0.1) | 0 | 0 | set() | 0| 0.0 | 0 
2021-10-15 23:17:55,766 - INFO - load | 1 | (0.7000000000000001, 0.15000000000000002) | 0 | 0 | set() | 0| 0.0 | 0 
2021-10-15 23:17:55,921 - INFO - load | 1 | (0.7000000000000001, 0.2) | 0 | 0 | set() | 0| 0.0 | 0 
2021-10-15 23:17:56,082 - INFO - load | 1 | (0.7000000000000001, 0.25) | 0 | 0 | set() | 0| 0.0 | 0 
2021-10-15 23:17:56,253 - INFO - load | 1 | (0.7000000000000001, 0.30000000000000004) | 0 | 0 | set() | 0| 0.0 | 0 
2021-10-15 23:17:56,424 - INFO - load | 1 | (0.7000000000000001, 0.35000000000000003) | 0 | 0 | set() | 0| 0.0 | 0 
2021-10-15 23:17:56,589 - INFO - load | 1 | (0.7000000000000001, 0.4) | 0 | 0 | set() | 0| 0.0 | 0 
2021-10-15 23:17:56,741 - INFO - load | 1 | (0.7000000000000001, 0.45) | 0 | 0 | set() | 0| 0.0 | 0 
2021-10-15 23:17:56,897 - INFO - compute | 1 | (0.7000000000000001, 0.5) | 0 | 1 | set() | 0| 0.0 | 0 
2021-10-15 23:17:57,060 - INFO - compute | 1 | (0.7000000000000001, 0.55) | 0 | 2 | set() | 0| 0.0 | 0 
2021-10-15 23:17:57,205 - INFO - compute | 1 | (0.7000000000000001, 0.6000000000000001) | 0 | 3 | set() | 0| 0.0 | 0 
2021-10-15 23:17:57,358 - INFO - load | 1 | (0.7000000000000001, 0.65) | 0 | 3 | set() | 0| 0.0 | 0 
2021-10-15 23:17:57,504 - INFO - load | 1 | (0.7000000000000001, 0.7000000000000001) | 0 | 3 | set() | 0| 0.0 | 0 
2021-10-15 23:17:57,650 - INFO - compute | 1 | (0.7000000000000001, 0.75) | 0 | 4 | set() | 0| 0.0 | 0 
2021-10-15 23:17:57,803 - INFO - compute | 1 | (0.7000000000000001, 0.8) | 0 | 5 | set() | 0| 0.0 | 0 
2021-10-15 23:17:57,954 - INFO - load | 1 | (0.7000000000000001, 0.8500000000000001) | 0 | 5 | set() | 0| 0.0 | 0 
2021-10-15 23:17:58,107 - INFO - compute | 1 | (0.7000000000000001, 0.9) | 0 | 6 | set() | 0| 0.0 | 0 
2021-10-15 23:17:58,258 - INFO - compute | 1 | (0.7000000000000001, 0.9500000000000001) | 0 | 8 | set() | 0| 0.0 | 0 
2021-10-15 23:17:58,398 - INFO - compute | 1 | (0.7000000000000001, 1.0) | 0 | 9 | set() | 0| 0.0 | 0 
2021-10-15 23:17:58,527 - INFO - load | 1 | (0.75, 0.0) | 0 | 0 | set() | 0| 0.0 | 0 
2021-10-15 23:17:58,670 - INFO - load | 1 | (0.75, 0.05) | 0 | 0 | set() | 0| 0.0 | 0 
2021-10-15 23:17:58,822 - INFO - load | 1 | (0.75, 0.1) | 0 | 0 | set() | 0| 0.0 | 0 
2021-10-15 23:17:58,966 - INFO - load | 1 | (0.75, 0.15000000000000002) | 0 | 0 | set() | 0| 0.0 | 0 
2021-10-15 23:17:59,109 - INFO - load | 1 | (0.75, 0.2) | 0 | 0 | set() | 0| 0.0 | 0 
2021-10-15 23:17:59,233 - INFO - load | 1 | (0.75, 0.25) | 0 | 0 | set() | 0| 0.0 | 0 
2021-10-15 23:17:59,377 - INFO - load | 1 | (0.75, 0.30000000000000004) | 0 | 0 | set() | 0| 0.0 | 0 
2021-10-15 23:17:59,516 - INFO - load | 1 | (0.75, 0.35000000000000003) | 0 | 0 | set() | 0| 0.0 | 0 
2021-10-15 23:17:59,633 - INFO - load | 1 | (0.75, 0.4) | 0 | 0 | set() | 0| 0.0 | 0 
2021-10-15 23:17:59,757 - INFO - load | 1 | (0.75, 0.45) | 0 | 0 | set() | 0| 0.0 | 0 
2021-10-15 23:17:59,884 - INFO - load | 1 | (0.75, 0.5) | 0 | 2 | set() | 0| 0.0 | 0 
2021-10-15 23:18:00,011 - INFO - load | 1 | (0.75, 0.55) | 0 | 2 | set() | 0| 0.0 | 0 
2021-10-15 23:18:00,138 - INFO - load | 1 | (0.75, 0.6000000000000001) | 0 | 3 | set() | 0| 0.0 | 0 
2021-10-15 23:18:00,262 - INFO - load | 1 | (0.75, 0.65) | 0 | 3 | set() | 0| 0.0 | 0 
2021-10-15 23:18:00,385 - INFO - load | 1 | (0.75, 0.7000000000000001) | 0 | 4 | set() | 0| 0.0 | 0 
2021-10-15 23:18:00,518 - INFO - load | 1 | (0.75, 0.75) | 0 | 5 | set() | 0| 0.0 | 0 
2021-10-15 23:18:00,658 - INFO - load | 1 | (0.75, 0.8) | 0 | 5 | set() | 0| 0.0 | 0 
2021-10-15 23:18:00,803 - INFO - load | 1 | (0.75, 0.8500000000000001) | 0 | 6 | set() | 0| 0.0 | 0 
2021-10-15 23:18:00,943 - INFO - load | 1 | (0.75, 0.9) | 0 | 8 | set() | 0| 0.0 | 0 
2021-10-15 23:18:01,094 - INFO - compute | 1 | (0.75, 0.9500000000000001) | 0 | 12 | set() | 0| 0.0 | 0 
2021-10-15 23:18:01,245 - INFO - compute | 1 | (0.75, 1.0) | 0 | 22 | set() | 0| 0.0 | 0 
2021-10-15 23:18:01,384 - INFO - load | 1 | (0.8, 0.0) | 0 | 0 | set() | 0| 0.0 | 0 
2021-10-15 23:18:01,513 - INFO - load | 1 | (0.8, 0.05) | 0 | 0 | set() | 0| 0.0 | 0 
2021-10-15 23:18:01,642 - INFO - load | 1 | (0.8, 0.1) | 0 | 0 | set() | 0| 0.0 | 0 
2021-10-15 23:18:01,787 - INFO - load | 1 | (0.8, 0.15000000000000002) | 0 | 0 | set() | 0| 0.0 | 0 
2021-10-15 23:18:01,908 - INFO - load | 1 | (0.8, 0.2) | 0 | 0 | set() | 0| 0.0 | 0 
2021-10-15 23:18:02,033 - INFO - load | 1 | (0.8, 0.25) | 0 | 0 | set() | 0| 0.0 | 0 
2021-10-15 23:18:02,156 - INFO - load | 1 | (0.8, 0.30000000000000004) | 0 | 0 | set() | 0| 0.0 | 0 
2021-10-15 23:18:02,285 - INFO - load | 1 | (0.8, 0.35000000000000003) | 0 | 0 | set() | 0| 0.0 | 0 
2021-10-15 23:18:02,415 - INFO - load | 1 | (0.8, 0.4) | 0 | 0 | set() | 0| 0.0 | 0 
2021-10-15 23:18:02,553 - INFO - load | 1 | (0.8, 0.45) | 0 | 1 | set() | 0| 0.0 | 0 
2021-10-15 23:18:02,700 - INFO - load | 1 | (0.8, 0.5) | 0 | 2 | set() | 0| 0.0 | 0 
2021-10-15 23:18:02,854 - INFO - load | 1 | (0.8, 0.55) | 0 | 3 | set() | 0| 0.0 | 0 
2021-10-15 23:18:03,012 - INFO - load | 1 | (0.8, 0.6000000000000001) | 0 | 3 | set() | 0| 0.0 | 0 
2021-10-15 23:18:03,147 - INFO - load | 1 | (0.8, 0.65) | 0 | 4 | set() | 0| 0.0 | 0 
2021-10-15 23:18:03,274 - INFO - load | 1 | (0.8, 0.7000000000000001) | 0 | 5 | set() | 0| 0.0 | 0 
2021-10-15 23:18:03,402 - INFO - load | 1 | (0.8, 0.75) | 0 | 5 | set() | 0| 0.0 | 0 
2021-10-15 23:18:03,532 - INFO - load | 1 | (0.8, 0.8) | 0 | 6 | set() | 0| 0.0 | 0 
2021-10-15 23:18:03,659 - INFO - load | 1 | (0.8, 0.8500000000000001) | 0 | 8 | set() | 0| 0.0 | 0 
2021-10-15 23:18:03,830 - INFO - compute | 1 | (0.8, 0.9) | 0 | 14 | set() | 0| 0.0 | 0 
2021-10-15 23:18:04,113 - INFO - compute | 1 | (0.8, 0.9500000000000001) | 0 | 24 | set() | 0| 0.0 | 0 
2021-10-15 23:18:04,305 - INFO - compute | 1 | (0.8, 1.0) | 0 | 58 | set() | 0| 0.0 | 0 
2021-10-15 23:18:04,439 - INFO - load | 1 | (0.8500000000000001, 0.0) | 0 | 0 | set() | 0| 0.0 | 0 
2021-10-15 23:18:04,568 - INFO - load | 1 | (0.8500000000000001, 0.05) | 0 | 0 | set() | 0| 0.0 | 0 
2021-10-15 23:18:04,704 - INFO - load | 1 | (0.8500000000000001, 0.1) | 0 | 0 | set() | 0| 0.0 | 0 
2021-10-15 23:18:04,858 - INFO - load | 1 | (0.8500000000000001, 0.15000000000000002) | 0 | 0 | set() | 0| 0.0 | 0 
2021-10-15 23:18:05,086 - INFO - load | 1 | (0.8500000000000001, 0.2) | 0 | 0 | set() | 0| 0.0 | 0 
2021-10-15 23:18:05,228 - INFO - load | 1 | (0.8500000000000001, 0.25) | 0 | 0 | set() | 0| 0.0 | 0 
2021-10-15 23:18:05,359 - INFO - load | 1 | (0.8500000000000001, 0.30000000000000004) | 0 | 0 | set() | 0| 0.0 | 0 
2021-10-15 23:18:05,480 - INFO - load | 1 | (0.8500000000000001, 0.35000000000000003) | 0 | 0 | set() | 0| 0.0 | 0 
2021-10-15 23:18:05,600 - INFO - load | 1 | (0.8500000000000001, 0.4) | 0 | 0 | set() | 0| 0.0 | 0 
2021-10-15 23:18:05,719 - INFO - load | 1 | (0.8500000000000001, 0.45) | 0 | 2 | set() | 0| 0.0 | 0 
2021-10-15 23:18:05,842 - INFO - load | 1 | (0.8500000000000001, 0.5) | 0 | 3 | set() | 0| 0.0 | 0 
2021-10-15 23:18:05,979 - INFO - load | 1 | (0.8500000000000001, 0.55) | 0 | 3 | set() | 0| 0.0 | 0 
2021-10-15 23:18:06,122 - INFO - load | 1 | (0.8500000000000001, 0.6000000000000001) | 0 | 4 | set() | 0| 0.0 | 0 
2021-10-15 23:18:06,258 - INFO - load | 1 | (0.8500000000000001, 0.65) | 0 | 5 | set() | 0| 0.0 | 0 
2021-10-15 23:18:06,389 - INFO - load | 1 | (0.8500000000000001, 0.7000000000000001) | 0 | 5 | set() | 0| 0.0 | 0 
2021-10-15 23:18:06,521 - INFO - load | 1 | (0.8500000000000001, 0.75) | 0 | 6 | set() | 0| 0.0 | 0 
2021-10-15 23:18:06,668 - INFO - load | 1 | (0.8500000000000001, 0.8) | 0 | 8 | set() | 0| 0.0 | 0 
2021-10-15 23:18:06,823 - INFO - compute | 1 | (0.8500000000000001, 0.8500000000000001) | 0 | 15 | set() | 0| 0.0 | 0 
2021-10-15 23:18:06,980 - INFO - compute | 1 | (0.8500000000000001, 0.9) | 0 | 25 | set() | 0| 0.0 | 0 
2021-10-15 23:18:07,129 - INFO - compute | 1 | (0.8500000000000001, 0.9500000000000001) | 0 | 66 | set() | 0| 0.0 | 0 
2021-10-15 23:18:07,280 - INFO - compute | 1 | (0.8500000000000001, 1.0) | 0 | 220 | set() | 0| 0.0 | 0 
2021-10-15 23:18:07,402 - INFO - load | 1 | (0.9, 0.0) | 0 | 0 | set() | 0| 0.0 | 0 
2021-10-15 23:18:07,527 - INFO - load | 1 | (0.9, 0.05) | 0 | 0 | set() | 0| 0.0 | 0 
2021-10-15 23:18:07,656 - INFO - load | 1 | (0.9, 0.1) | 0 | 0 | set() | 0| 0.0 | 0 
2021-10-15 23:18:07,777 - INFO - load | 1 | (0.9, 0.15000000000000002) | 0 | 0 | set() | 0| 0.0 | 0 
2021-10-15 23:18:07,897 - INFO - load | 1 | (0.9, 0.2) | 0 | 0 | set() | 0| 0.0 | 0 
2021-10-15 23:18:08,020 - INFO - load | 1 | (0.9, 0.25) | 0 | 0 | set() | 0| 0.0 | 0 
2021-10-15 23:18:08,162 - INFO - load | 1 | (0.9, 0.30000000000000004) | 0 | 0 | set() | 0| 0.0 | 0 
2021-10-15 23:18:08,280 - INFO - load | 1 | (0.9, 0.35000000000000003) | 0 | 0 | set() | 0| 0.0 | 0 
2021-10-15 23:18:08,404 - INFO - load | 1 | (0.9, 0.4) | 0 | 1 | set() | 0| 0.0 | 0 
2021-10-15 23:18:08,529 - INFO - load | 1 | (0.9, 0.45) | 0 | 2 | set() | 0| 0.0 | 0 
2021-10-15 23:18:08,657 - INFO - load | 1 | (0.9, 0.5) | 0 | 3 | set() | 0| 0.0 | 0 
2021-10-15 23:18:08,782 - INFO - load | 1 | (0.9, 0.55) | 0 | 4 | set() | 0| 0.0 | 0 
2021-10-15 23:18:08,906 - INFO - load | 1 | (0.9, 0.6000000000000001) | 0 | 5 | set() | 0| 0.0 | 0 
2021-10-15 23:18:09,032 - INFO - load | 1 | (0.9, 0.65) | 0 | 5 | set() | 0| 0.0 | 0 
2021-10-15 23:18:09,158 - INFO - load | 1 | (0.9, 0.7000000000000001) | 0 | 6 | set() | 0| 0.0 | 0 
2021-10-15 23:18:09,285 - INFO - load | 1 | (0.9, 0.75) | 0 | 8 | set() | 0| 0.0 | 0 
2021-10-15 23:18:09,427 - INFO - load | 1 | (0.9, 0.8) | 0 | 14 | set() | 0| 0.0 | 0 
2021-10-15 23:18:09,580 - INFO - load | 1 | (0.9, 0.8500000000000001) | 0 | 25 | set() | 0| 0.0 | 0 
2021-10-15 23:18:09,735 - INFO - compute | 1 | (0.9, 0.9) | 0 | 70 | set() | 0| 0.0 | 0 
2021-10-15 23:18:09,903 - INFO - compute | 1 | (0.9, 0.9500000000000001) | 0 | 261 | set() | 0| 0.0 | 0 
2021-10-15 23:18:10,069 - INFO - compute | 1 | (0.9, 1.0) | 0 | 1000 | set() | 0| 0.0 | 0 
2021-10-15 23:18:10,192 - INFO - load | 1 | (0.9500000000000001, 0.0) | 0 | 0 | set() | 0| 0.0 | 0 
2021-10-15 23:18:10,318 - INFO - load | 1 | (0.9500000000000001, 0.05) | 0 | 0 | set() | 0| 0.0 | 0 
2021-10-15 23:18:10,438 - INFO - load | 1 | (0.9500000000000001, 0.1) | 0 | 0 | set() | 0| 0.0 | 0 
2021-10-15 23:18:10,554 - INFO - load | 1 | (0.9500000000000001, 0.15000000000000002) | 0 | 0 | set() | 0| 0.0 | 0 
2021-10-15 23:18:10,670 - INFO - load | 1 | (0.9500000000000001, 0.2) | 0 | 0 | set() | 0| 0.0 | 0 
2021-10-15 23:18:10,793 - INFO - load | 1 | (0.9500000000000001, 0.25) | 0 | 0 | set() | 0| 0.0 | 0 
2021-10-15 23:18:10,914 - INFO - load | 1 | (0.9500000000000001, 0.30000000000000004) | 0 | 0 | set() | 0| 0.0 | 0 
2021-10-15 23:18:11,036 - INFO - load | 1 | (0.9500000000000001, 0.35000000000000003) | 0 | 0 | set() | 0| 0.0 | 0 
2021-10-15 23:18:11,163 - INFO - load | 1 | (0.9500000000000001, 0.4) | 0 | 2 | set() | 0| 0.0 | 0 
2021-10-15 23:18:11,291 - INFO - load | 1 | (0.9500000000000001, 0.45) | 0 | 3 | set() | 0| 0.0 | 0 
2021-10-15 23:18:11,417 - INFO - load | 1 | (0.9500000000000001, 0.5) | 0 | 3 | set() | 0| 0.0 | 0 
2021-10-15 23:18:11,544 - INFO - load | 1 | (0.9500000000000001, 0.55) | 0 | 4 | set() | 0| 0.0 | 0 
2021-10-15 23:18:11,670 - INFO - load | 1 | (0.9500000000000001, 0.6000000000000001) | 0 | 5 | set() | 0| 0.0 | 0 
2021-10-15 23:18:11,795 - INFO - load | 1 | (0.9500000000000001, 0.65) | 0 | 5 | set() | 0| 0.0 | 0 
2021-10-15 23:18:11,921 - INFO - load | 1 | (0.9500000000000001, 0.7000000000000001) | 0 | 8 | set() | 0| 0.0 | 0 
2021-10-15 23:18:12,059 - INFO - load | 1 | (0.9500000000000001, 0.75) | 0 | 12 | set() | 0| 0.0 | 0 
2021-10-15 23:18:12,201 - INFO - load | 1 | (0.9500000000000001, 0.8) | 0 | 24 | set() | 0| 0.0 | 0 
2021-10-15 23:18:12,354 - INFO - load | 1 | (0.9500000000000001, 0.8500000000000001) | 0 | 66 | set() | 0| 0.0 | 0 
2021-10-15 23:18:12,513 - INFO - load | 1 | (0.9500000000000001, 0.9) | 0 | 261 | set() | 0| 0.0 | 0 
2021-10-15 23:18:12,672 - INFO - load | 1 | (0.9500000000000001, 0.9500000000000001) | 0 | 1000 | set() | 0| 0.0 | 0 
2021-10-15 23:18:12,831 - INFO - load | 1 | (0.9500000000000001, 1.0) | 0 | 1000 | set() | 0| 0.0 | 0 
2021-10-15 23:18:12,955 - INFO - load | 1 | (1.0, 0.0) | 0 | 0 | set() | 0| 0.0 | 0 
2021-10-15 23:18:13,087 - INFO - load | 1 | (1.0, 0.05) | 0 | 0 | set() | 0| 0.0 | 0 
2021-10-15 23:18:13,212 - INFO - load | 1 | (1.0, 0.1) | 0 | 0 | set() | 0| 0.0 | 0 
2021-10-15 23:18:13,357 - INFO - load | 1 | (1.0, 0.15000000000000002) | 0 | 0 | set() | 0| 0.0 | 0 
2021-10-15 23:18:13,494 - INFO - load | 1 | (1.0, 0.2) | 0 | 0 | set() | 0| 0.0 | 0 
2021-10-15 23:18:13,611 - INFO - load | 1 | (1.0, 0.25) | 0 | 0 | set() | 0| 0.0 | 0 
2021-10-15 23:18:13,726 - INFO - load | 1 | (1.0, 0.30000000000000004) | 0 | 0 | set() | 0| 0.0 | 0 
2021-10-15 23:18:13,851 - INFO - load | 1 | (1.0, 0.35000000000000003) | 0 | 1 | set() | 0| 0.0 | 0 
2021-10-15 23:18:13,976 - INFO - load | 1 | (1.0, 0.4) | 0 | 2 | set() | 0| 0.0 | 0 
2021-10-15 23:18:14,104 - INFO - load | 1 | (1.0, 0.45) | 0 | 3 | set() | 0| 0.0 | 0 
2021-10-15 23:18:14,231 - INFO - load | 1 | (1.0, 0.5) | 0 | 4 | set() | 0| 0.0 | 0 
2021-10-15 23:18:14,362 - INFO - load | 1 | (1.0, 0.55) | 0 | 5 | set() | 0| 0.0 | 0 
2021-10-15 23:18:14,496 - INFO - load | 1 | (1.0, 0.6000000000000001) | 0 | 5 | set() | 0| 0.0 | 0 
2021-10-15 23:18:14,676 - INFO - compute | 1 | (1.0, 0.65) | 0 | 7 | set() | 0| 0.0 | 0 
2021-10-15 23:18:14,810 - INFO - load | 1 | (1.0, 0.7000000000000001) | 0 | 9 | set() | 0| 0.0 | 0 
2021-10-15 23:18:14,953 - INFO - load | 1 | (1.0, 0.75) | 0 | 22 | set() | 0| 0.0 | 0 
2021-10-15 23:18:15,104 - INFO - load | 1 | (1.0, 0.8) | 0 | 58 | set() | 0| 0.0 | 0 
2021-10-15 23:18:15,261 - INFO - load | 1 | (1.0, 0.8500000000000001) | 0 | 220 | set() | 0| 0.0 | 0 
2021-10-15 23:18:15,427 - INFO - load | 1 | (1.0, 0.9) | 0 | 1000 | set() | 0| 0.0 | 0 
2021-10-15 23:18:15,587 - INFO - load | 1 | (1.0, 0.9500000000000001) | 0 | 1000 | set() | 0| 0.0 | 0 
2021-10-15 23:18:15,747 - INFO - load | 1 | (1.0, 1.0) | 0 | 1000 | set() | 0| 0.0 | 0 
2021-10-15 23:18:19,369 - INFO - compute | 2 | (0.0, 0.0) | 1000 | 0 | {17, 14} | 160896| 0.0 | 22895.326626150272 
2021-10-15 23:18:19,371 - INFO - load | 2 | (0.0, 0.05) | 1000 | 0 | {17, 14} | 160896| 0.0 | 22895.326626150272 
2021-10-15 23:18:19,372 - INFO - load | 2 | (0.0, 0.1) | 1000 | 0 | {17, 14} | 160896| 0.0 | 22895.326626150272 
2021-10-15 23:18:19,373 - INFO - load | 2 | (0.0, 0.15000000000000002) | 1000 | 0 | {17, 14} | 160896| 0.0 | 22895.326626150272 
2021-10-15 23:18:19,374 - INFO - load | 2 | (0.0, 0.2) | 1000 | 0 | {17, 14} | 160896| 0.0 | 22895.326626150272 
2021-10-15 23:18:19,375 - INFO - load | 2 | (0.0, 0.25) | 1000 | 0 | {17, 14} | 160896| 0.0 | 22895.326626150272 
2021-10-15 23:18:19,376 - INFO - load | 2 | (0.0, 0.30000000000000004) | 1000 | 0 | {17, 14} | 160896| 0.0 | 22895.326626150272 
2021-10-15 23:18:19,377 - INFO - load | 2 | (0.0, 0.35000000000000003) | 1000 | 0 | {17, 14} | 160896| 0.0 | 22895.326626150272 
2021-10-15 23:18:19,379 - INFO - load | 2 | (0.0, 0.4) | 1000 | 0 | {17, 14} | 160896| 0.0 | 22895.326626150272 
2021-10-15 23:18:19,380 - INFO - load | 2 | (0.0, 0.45) | 1000 | 0 | {17, 14} | 160896| 0.0 | 22895.326626150272 
2021-10-15 23:18:19,381 - INFO - load | 2 | (0.0, 0.5) | 1000 | 0 | {17, 14} | 160896| 0.0 | 22895.326626150272 
2021-10-15 23:18:19,382 - INFO - load | 2 | (0.0, 0.55) | 1000 | 0 | {17, 14} | 160896| 0.0 | 22895.326626150272 
2021-10-15 23:18:19,383 - INFO - load | 2 | (0.0, 0.6000000000000001) | 1000 | 0 | {17, 14} | 160896| 0.0 | 22895.326626150272 
2021-10-15 23:18:19,384 - INFO - load | 2 | (0.0, 0.65) | 1000 | 0 | {17, 14} | 160896| 0.0 | 22895.326626150272 
2021-10-15 23:18:19,385 - INFO - load | 2 | (0.0, 0.7000000000000001) | 1000 | 0 | {17, 14} | 160896| 0.0 | 22895.326626150272 
2021-10-15 23:18:19,386 - INFO - load | 2 | (0.0, 0.75) | 1000 | 0 | {17, 14} | 160896| 0.0 | 22895.326626150272 
2021-10-15 23:18:19,387 - INFO - load | 2 | (0.0, 0.8) | 1000 | 0 | {17, 14} | 160896| 0.0 | 22895.326626150272 
2021-10-15 23:18:19,389 - INFO - load | 2 | (0.0, 0.8500000000000001) | 1000 | 0 | {17, 14} | 160896| 0.0 | 22895.326626150272 
2021-10-15 23:18:19,390 - INFO - load | 2 | (0.0, 0.9) | 1000 | 0 | {17, 14} | 160896| 0.0 | 22895.326626150272 
2021-10-15 23:18:19,391 - INFO - load | 2 | (0.0, 0.9500000000000001) | 1000 | 0 | {17, 14} | 160896| 0.0 | 22895.326626150272 
2021-10-15 23:18:19,392 - INFO - load | 2 | (0.0, 1.0) | 1000 | 0 | {17, 14} | 160896| 0.0 | 22895.326626150272 
2021-10-15 23:18:19,393 - INFO - load | 2 | (0.05, 0.0) | 1000 | 0 | {17, 14} | 160896| 8044.8 | 22895.326626150272 
2021-10-15 23:18:19,394 - INFO - load | 2 | (0.05, 0.05) | 1000 | 0 | {17, 14} | 160896| 7642.56 | 22895.326626150272 
2021-10-15 23:18:19,396 - INFO - load | 2 | (0.05, 0.1) | 1000 | 0 | {17, 14} | 160896| 7240.32 | 22895.326626150272 
2021-10-15 23:18:19,397 - INFO - load | 2 | (0.05, 0.15000000000000002) | 1000 | 0 | {17, 14} | 160896| 6838.080000000001 | 22895.326626150272 
2021-10-15 23:18:19,398 - INFO - load | 2 | (0.05, 0.2) | 1000 | 0 | {17, 14} | 160896| 6435.84 | 22895.326626150272 
2021-10-15 23:18:19,399 - INFO - load | 2 | (0.05, 0.25) | 1000 | 0 | {17, 14} | 160896| 6033.600000000001 | 22895.326626150272 
2021-10-15 23:18:19,401 - INFO - load | 2 | (0.05, 0.30000000000000004) | 1000 | 0 | {17, 14} | 160896| 5631.360000000001 | 22895.326626150272 
2021-10-15 23:18:19,402 - INFO - load | 2 | (0.05, 0.35000000000000003) | 1000 | 0 | {17, 14} | 160896| 5229.12 | 22895.326626150272 
2021-10-15 23:18:19,403 - INFO - load | 2 | (0.05, 0.4) | 1000 | 0 | {17, 14} | 160896| 4826.88 | 22895.326626150272 
2021-10-15 23:18:19,404 - INFO - load | 2 | (0.05, 0.45) | 1000 | 0 | {17, 14} | 160896| 4424.64 | 22895.326626150272 
2021-10-15 23:18:19,405 - INFO - load | 2 | (0.05, 0.5) | 1000 | 0 | {17, 14} | 160896| 4022.4 | 22895.326626150272 
2021-10-15 23:18:19,406 - INFO - load | 2 | (0.05, 0.55) | 1000 | 0 | {17, 14} | 160896| 3620.16 | 22895.326626150272 
2021-10-15 23:18:19,407 - INFO - load | 2 | (0.05, 0.6000000000000001) | 1000 | 0 | {17, 14} | 160896| 3217.9199999999996 | 22895.326626150272 
2021-10-15 23:18:19,408 - INFO - load | 2 | (0.05, 0.65) | 1000 | 0 | {17, 14} | 160896| 2815.6800000000003 | 22895.326626150272 
2021-10-15 23:18:19,409 - INFO - load | 2 | (0.05, 0.7000000000000001) | 1000 | 0 | {17, 14} | 160896| 2413.44 | 22895.326626150272 
2021-10-15 23:18:19,410 - INFO - load | 2 | (0.05, 0.75) | 1000 | 0 | {17, 14} | 160896| 2011.1999999999996 | 22895.326626150272 
2021-10-15 23:18:19,411 - INFO - load | 2 | (0.05, 0.8) | 1000 | 0 | {17, 14} | 160896| 1608.9599999999991 | 22895.326626150272 
2021-10-15 23:18:19,412 - INFO - load | 2 | (0.05, 0.8500000000000001) | 1000 | 0 | {17, 14} | 160896| 1206.719999999999 | 22895.326626150272 
2021-10-15 23:18:19,413 - INFO - load | 2 | (0.05, 0.9) | 1000 | 0 | {17, 14} | 160896| 804.4799999999996 | 22895.326626150272 
2021-10-15 23:18:19,414 - INFO - load | 2 | (0.05, 0.9500000000000001) | 1000 | 0 | {17, 14} | 160896| 402.2399999999992 | 22895.326626150272 
2021-10-15 23:18:19,415 - INFO - load | 2 | (0.05, 1.0) | 1000 | 0 | {17, 14} | 160896| 0.0 | 22895.326626150272 
2021-10-15 23:18:19,416 - INFO - load | 2 | (0.1, 0.0) | 1000 | 0 | {17, 14} | 160896| 16089.6 | 22895.326626150272 
2021-10-15 23:18:19,417 - INFO - load | 2 | (0.1, 0.05) | 1000 | 0 | {17, 14} | 160896| 15285.12 | 22895.326626150272 
2021-10-15 23:18:19,418 - INFO - load | 2 | (0.1, 0.1) | 1000 | 0 | {17, 14} | 160896| 14480.64 | 22895.326626150272 
2021-10-15 23:18:19,420 - INFO - load | 2 | (0.1, 0.15000000000000002) | 1000 | 0 | {17, 14} | 160896| 13676.160000000002 | 22895.326626150272 
2021-10-15 23:18:19,421 - INFO - load | 2 | (0.1, 0.2) | 1000 | 0 | {17, 14} | 160896| 12871.68 | 22895.326626150272 
2021-10-15 23:18:19,422 - INFO - load | 2 | (0.1, 0.25) | 1000 | 0 | {17, 14} | 160896| 12067.200000000003 | 22895.326626150272 
2021-10-15 23:18:19,423 - INFO - load | 2 | (0.1, 0.30000000000000004) | 1000 | 0 | {17, 14} | 160896| 11262.720000000001 | 22895.326626150272 
2021-10-15 23:18:19,424 - INFO - load | 2 | (0.1, 0.35000000000000003) | 1000 | 0 | {17, 14} | 160896| 10458.24 | 22895.326626150272 
2021-10-15 23:18:19,425 - INFO - load | 2 | (0.1, 0.4) | 1000 | 0 | {17, 14} | 160896| 9653.76 | 22895.326626150272 
2021-10-15 23:18:19,426 - INFO - load | 2 | (0.1, 0.45) | 1000 | 0 | {17, 14} | 160896| 8849.28 | 22895.326626150272 
2021-10-15 23:18:19,427 - INFO - load | 2 | (0.1, 0.5) | 1000 | 0 | {17, 14} | 160896| 8044.8 | 22895.326626150272 
2021-10-15 23:18:19,428 - INFO - load | 2 | (0.1, 0.55) | 1000 | 0 | {17, 14} | 160896| 7240.32 | 22895.326626150272 
2021-10-15 23:18:19,429 - INFO - load | 2 | (0.1, 0.6000000000000001) | 1000 | 0 | {17, 14} | 160896| 6435.839999999999 | 22895.326626150272 
2021-10-15 23:18:19,430 - INFO - load | 2 | (0.1, 0.65) | 1000 | 0 | {17, 14} | 160896| 5631.360000000001 | 22895.326626150272 
2021-10-15 23:18:19,431 - INFO - load | 2 | (0.1, 0.7000000000000001) | 1000 | 0 | {17, 14} | 160896| 4826.88 | 22895.326626150272 
2021-10-15 23:18:19,432 - INFO - load | 2 | (0.1, 0.75) | 1000 | 0 | {17, 14} | 160896| 4022.399999999999 | 22895.326626150272 
2021-10-15 23:18:19,433 - INFO - load | 2 | (0.1, 0.8) | 1000 | 0 | {17, 14} | 160896| 3217.9199999999983 | 22895.326626150272 
2021-10-15 23:18:19,435 - INFO - load | 2 | (0.1, 0.8500000000000001) | 1000 | 0 | {17, 14} | 160896| 2413.439999999998 | 22895.326626150272 
2021-10-15 23:18:19,436 - INFO - load | 2 | (0.1, 0.9) | 1000 | 0 | {17, 14} | 160896| 1608.9599999999991 | 22895.326626150272 
2021-10-15 23:18:19,437 - INFO - load | 2 | (0.1, 0.9500000000000001) | 1000 | 0 | {17, 14} | 160896| 804.4799999999984 | 22895.326626150272 
2021-10-15 23:18:19,438 - INFO - load | 2 | (0.1, 1.0) | 1000 | 0 | {17, 14} | 160896| 0.0 | 22895.326626150272 
2021-10-15 23:18:20,315 - INFO - compute | 2 | (0.15000000000000002, 0.0) | 214 | 0 | {17, 14} | 31052| 4657.800000000001 | 5723.723702333133 
2021-10-15 23:18:20,352 - INFO - load | 2 | (0.15000000000000002, 0.05) | 214 | 0 | {17, 14} | 31052| 4424.910000000001 | 5723.723702333133 
2021-10-15 23:18:20,383 - INFO - load | 2 | (0.15000000000000002, 0.1) | 214 | 0 | {17, 14} | 31052| 4192.02 | 5723.723702333133 
2021-10-15 23:18:20,414 - INFO - load | 2 | (0.15000000000000002, 0.15000000000000002) | 214 | 0 | {17, 14} | 31052| 3959.13 | 5723.723702333133 
2021-10-15 23:18:20,445 - INFO - load | 2 | (0.15000000000000002, 0.2) | 214 | 0 | {17, 14} | 31052| 3726.2400000000007 | 5723.723702333133 
2021-10-15 23:18:20,475 - INFO - load | 2 | (0.15000000000000002, 0.25) | 214 | 0 | {17, 14} | 31052| 3493.3500000000004 | 5723.723702333133 
2021-10-15 23:18:20,506 - INFO - load | 2 | (0.15000000000000002, 0.30000000000000004) | 214 | 0 | {17, 14} | 31052| 3260.4600000000005 | 5723.723702333133 
2021-10-15 23:18:20,538 - INFO - load | 2 | (0.15000000000000002, 0.35000000000000003) | 214 | 0 | {17, 14} | 31052| 3027.57 | 5723.723702333133 
2021-10-15 23:18:20,568 - INFO - load | 2 | (0.15000000000000002, 0.4) | 214 | 0 | {17, 14} | 31052| 2794.6800000000003 | 5723.723702333133 
2021-10-15 23:18:20,601 - INFO - load | 2 | (0.15000000000000002, 0.45) | 214 | 0 | {17, 14} | 31052| 2561.79 | 5723.723702333133 
2021-10-15 23:18:20,632 - INFO - load | 2 | (0.15000000000000002, 0.5) | 214 | 0 | {17, 14} | 31052| 2328.9000000000005 | 5723.723702333133 
2021-10-15 23:18:20,664 - INFO - load | 2 | (0.15000000000000002, 0.55) | 214 | 0 | {17, 14} | 31052| 2096.01 | 5723.723702333133 
2021-10-15 23:18:20,695 - INFO - load | 2 | (0.15000000000000002, 0.6000000000000001) | 214 | 0 | {17, 14} | 31052| 1863.12 | 5723.723702333133 
2021-10-15 23:18:20,725 - INFO - load | 2 | (0.15000000000000002, 0.65) | 214 | 0 | {17, 14} | 31052| 1630.2300000000002 | 5723.723702333133 
2021-10-15 23:18:20,758 - INFO - load | 2 | (0.15000000000000002, 0.7000000000000001) | 214 | 0 | {17, 14} | 31052| 1397.34 | 5723.723702333133 
2021-10-15 23:18:20,790 - INFO - load | 2 | (0.15000000000000002, 0.75) | 214 | 0 | {17, 14} | 31052| 1164.4500000000003 | 5723.723702333133 
2021-10-15 23:18:20,821 - INFO - load | 2 | (0.15000000000000002, 0.8) | 214 | 0 | {17, 14} | 31052| 931.56 | 5723.723702333133 
2021-10-15 23:18:20,852 - INFO - load | 2 | (0.15000000000000002, 0.8500000000000001) | 214 | 0 | {17, 14} | 31052| 698.6699999999997 | 5723.723702333133 
2021-10-15 23:18:20,884 - INFO - load | 2 | (0.15000000000000002, 0.9) | 214 | 0 | {17, 14} | 31052| 465.7799999999996 | 5723.723702333133 
2021-10-15 23:18:20,916 - INFO - load | 2 | (0.15000000000000002, 0.9500000000000001) | 214 | 0 | {17, 14} | 31052| 232.88999999999933 | 5723.723702333133 
2021-10-15 23:18:20,948 - INFO - load | 2 | (0.15000000000000002, 1.0) | 214 | 0 | {17, 14} | 31052| 0.0 | 5723.723702333133 
2021-10-15 23:18:21,191 - INFO - compute | 2 | (0.2, 0.0) | 50 | 0 | {17, 14} | 5943| 1188.6000000000001 | 1521.1265724027855 
2021-10-15 23:18:21,231 - INFO - load | 2 | (0.2, 0.05) | 50 | 0 | {17, 14} | 5943| 1129.17 | 1521.1265724027855 
2021-10-15 23:18:21,269 - INFO - load | 2 | (0.2, 0.1) | 50 | 0 | {17, 14} | 5943| 1069.74 | 1521.1265724027855 
2021-10-15 23:18:21,310 - INFO - load | 2 | (0.2, 0.15000000000000002) | 50 | 0 | {17, 14} | 5943| 1010.3100000000001 | 1521.1265724027855 
2021-10-15 23:18:21,350 - INFO - load | 2 | (0.2, 0.2) | 50 | 0 | {17, 14} | 5943| 950.88 | 1521.1265724027855 
2021-10-15 23:18:21,388 - INFO - load | 2 | (0.2, 0.25) | 50 | 0 | {17, 14} | 5943| 891.4500000000002 | 1521.1265724027855 
2021-10-15 23:18:21,436 - INFO - load | 2 | (0.2, 0.30000000000000004) | 50 | 0 | {17, 14} | 5943| 832.0200000000001 | 1521.1265724027855 
2021-10-15 23:18:21,474 - INFO - load | 2 | (0.2, 0.35000000000000003) | 50 | 0 | {17, 14} | 5943| 772.59 | 1521.1265724027855 
2021-10-15 23:18:21,516 - INFO - load | 2 | (0.2, 0.4) | 50 | 0 | {17, 14} | 5943| 713.16 | 1521.1265724027855 
2021-10-15 23:18:21,562 - INFO - load | 2 | (0.2, 0.45) | 50 | 0 | {17, 14} | 5943| 653.73 | 1521.1265724027855 
2021-10-15 23:18:21,601 - INFO - load | 2 | (0.2, 0.5) | 50 | 0 | {17, 14} | 5943| 594.3000000000001 | 1521.1265724027855 
2021-10-15 23:18:21,642 - INFO - load | 2 | (0.2, 0.55) | 50 | 0 | {17, 14} | 5943| 534.87 | 1521.1265724027855 
2021-10-15 23:18:21,681 - INFO - load | 2 | (0.2, 0.6000000000000001) | 50 | 0 | {17, 14} | 5943| 475.43999999999994 | 1521.1265724027855 
2021-10-15 23:18:21,720 - INFO - load | 2 | (0.2, 0.65) | 50 | 0 | {17, 14} | 5943| 416.01000000000005 | 1521.1265724027855 
2021-10-15 23:18:21,759 - INFO - load | 2 | (0.2, 0.7000000000000001) | 50 | 0 | {17, 14} | 5943| 356.58 | 1521.1265724027855 
2021-10-15 23:18:21,800 - INFO - load | 2 | (0.2, 0.75) | 50 | 0 | {17, 14} | 5943| 297.1499999999999 | 1521.1265724027855 
2021-10-15 23:18:21,839 - INFO - load | 2 | (0.2, 0.8) | 50 | 0 | {17, 14} | 5943| 237.71999999999989 | 1521.1265724027855 
2021-10-15 23:18:21,879 - INFO - load | 2 | (0.2, 0.8500000000000001) | 50 | 0 | {17, 14} | 5943| 178.28999999999982 | 1521.1265724027855 
2021-10-15 23:18:21,919 - INFO - load | 2 | (0.2, 0.9) | 50 | 0 | {17, 14} | 5943| 118.85999999999994 | 1521.1265724027855 
2021-10-15 23:18:21,958 - INFO - load | 2 | (0.2, 0.9500000000000001) | 50 | 0 | {17, 14} | 5943| 59.429999999999886 | 1521.1265724027855 
2021-10-15 23:18:21,998 - INFO - load | 2 | (0.2, 1.0) | 50 | 0 | {17, 14} | 5943| 0.0 | 1521.1265724027855 
2021-10-15 23:18:22,130 - INFO - compute | 2 | (0.25, 0.0) | 21 | 0 | {17, 14} | 2522| 630.5 | 759.0730565804329 
2021-10-15 23:18:22,179 - INFO - load | 2 | (0.25, 0.05) | 21 | 0 | {17, 14} | 2522| 598.975 | 759.0730565804329 
2021-10-15 23:18:22,227 - INFO - load | 2 | (0.25, 0.1) | 21 | 0 | {17, 14} | 2522| 567.45 | 759.0730565804329 
2021-10-15 23:18:22,274 - INFO - load | 2 | (0.25, 0.15000000000000002) | 21 | 0 | {17, 14} | 2522| 535.925 | 759.0730565804329 
2021-10-15 23:18:22,322 - INFO - load | 2 | (0.25, 0.2) | 21 | 0 | {17, 14} | 2522| 504.40000000000003 | 759.0730565804329 
2021-10-15 23:18:22,369 - INFO - load | 2 | (0.25, 0.25) | 21 | 0 | {17, 14} | 2522| 472.875 | 759.0730565804329 
2021-10-15 23:18:22,419 - INFO - load | 2 | (0.25, 0.30000000000000004) | 21 | 0 | {17, 14} | 2522| 441.34999999999997 | 759.0730565804329 
2021-10-15 23:18:22,468 - INFO - load | 2 | (0.25, 0.35000000000000003) | 21 | 0 | {17, 14} | 2522| 409.82499999999993 | 759.0730565804329 
2021-10-15 23:18:22,516 - INFO - load | 2 | (0.25, 0.4) | 21 | 0 | {17, 14} | 2522| 378.3 | 759.0730565804329 
2021-10-15 23:18:22,565 - INFO - load | 2 | (0.25, 0.45) | 21 | 0 | {17, 14} | 2522| 346.77500000000003 | 759.0730565804329 
2021-10-15 23:18:22,610 - INFO - load | 2 | (0.25, 0.5) | 21 | 0 | {17, 14} | 2522| 315.25 | 759.0730565804329 
2021-10-15 23:18:22,658 - INFO - load | 2 | (0.25, 0.55) | 21 | 0 | {17, 14} | 2522| 283.72499999999997 | 759.0730565804329 
2021-10-15 23:18:22,706 - INFO - load | 2 | (0.25, 0.6000000000000001) | 21 | 0 | {17, 14} | 2522| 252.19999999999993 | 759.0730565804329 
2021-10-15 23:18:22,752 - INFO - load | 2 | (0.25, 0.65) | 21 | 0 | {17, 14} | 2522| 220.67499999999998 | 759.0730565804329 
2021-10-15 23:18:22,801 - INFO - load | 2 | (0.25, 0.7000000000000001) | 21 | 0 | {17, 14} | 2522| 189.14999999999995 | 759.0730565804329 
2021-10-15 23:18:22,849 - INFO - load | 2 | (0.25, 0.75) | 21 | 0 | {17, 14} | 2522| 157.625 | 759.0730565804329 
2021-10-15 23:18:22,898 - INFO - load | 2 | (0.25, 0.8) | 21 | 0 | {17, 14} | 2522| 126.09999999999997 | 759.0730565804329 
2021-10-15 23:18:22,946 - INFO - load | 2 | (0.25, 0.8500000000000001) | 21 | 0 | {17, 14} | 2522| 94.57499999999995 | 759.0730565804329 
2021-10-15 23:18:22,993 - INFO - load | 2 | (0.25, 0.9) | 21 | 0 | {17, 14} | 2522| 63.04999999999998 | 759.0730565804329 
2021-10-15 23:18:23,041 - INFO - load | 2 | (0.25, 0.9500000000000001) | 21 | 0 | {17, 14} | 2522| 31.52499999999996 | 759.0730565804329 
2021-10-15 23:18:23,088 - INFO - load | 2 | (0.25, 1.0) | 21 | 0 | {17, 14} | 2522| 0.0 | 759.0730565804329 
2021-10-15 23:18:23,170 - INFO - compute | 2 | (0.30000000000000004, 0.0) | 7 | 0 | {17, 14} | 704| 211.20000000000005 | 263.6017433566214 
2021-10-15 23:18:23,225 - INFO - load | 2 | (0.30000000000000004, 0.05) | 7 | 0 | {17, 14} | 704| 200.64000000000001 | 263.6017433566214 
2021-10-15 23:18:23,280 - INFO - load | 2 | (0.30000000000000004, 0.1) | 7 | 0 | {17, 14} | 704| 190.08 | 263.6017433566214 
2021-10-15 23:18:23,336 - INFO - load | 2 | (0.30000000000000004, 0.15000000000000002) | 7 | 0 | {17, 14} | 704| 179.52 | 263.6017433566214 
2021-10-15 23:18:23,394 - INFO - load | 2 | (0.30000000000000004, 0.2) | 7 | 0 | {17, 14} | 704| 168.96000000000004 | 263.6017433566214 
2021-10-15 23:18:23,449 - INFO - load | 2 | (0.30000000000000004, 0.25) | 7 | 0 | {17, 14} | 704| 158.40000000000003 | 263.6017433566214 
2021-10-15 23:18:23,506 - INFO - load | 2 | (0.30000000000000004, 0.30000000000000004) | 7 | 0 | {17, 14} | 704| 147.84 | 263.6017433566214 
2021-10-15 23:18:23,561 - INFO - load | 2 | (0.30000000000000004, 0.35000000000000003) | 7 | 0 | {17, 14} | 704| 137.28 | 263.6017433566214 
2021-10-15 23:18:23,618 - INFO - load | 2 | (0.30000000000000004, 0.4) | 7 | 0 | {17, 14} | 704| 126.72000000000001 | 263.6017433566214 
2021-10-15 23:18:23,672 - INFO - load | 2 | (0.30000000000000004, 0.45) | 7 | 0 | {17, 14} | 704| 116.16000000000001 | 263.6017433566214 
2021-10-15 23:18:23,728 - INFO - load | 2 | (0.30000000000000004, 0.5) | 7 | 0 | {17, 14} | 704| 105.60000000000002 | 263.6017433566214 
2021-10-15 23:18:23,783 - INFO - load | 2 | (0.30000000000000004, 0.55) | 7 | 0 | {17, 14} | 704| 95.04 | 263.6017433566214 
2021-10-15 23:18:23,839 - INFO - load | 2 | (0.30000000000000004, 0.6000000000000001) | 7 | 0 | {17, 14} | 704| 84.47999999999999 | 263.6017433566214 
2021-10-15 23:18:23,894 - INFO - load | 2 | (0.30000000000000004, 0.65) | 7 | 0 | {17, 14} | 704| 73.92 | 263.6017433566214 
2021-10-15 23:18:23,951 - INFO - load | 2 | (0.30000000000000004, 0.7000000000000001) | 7 | 0 | {17, 14} | 704| 63.36 | 263.6017433566214 
2021-10-15 23:18:24,007 - INFO - load | 2 | (0.30000000000000004, 0.75) | 7 | 0 | {17, 14} | 704| 52.80000000000001 | 263.6017433566214 
2021-10-15 23:18:24,064 - INFO - load | 2 | (0.30000000000000004, 0.8) | 7 | 0 | {17, 14} | 704| 42.239999999999995 | 263.6017433566214 
2021-10-15 23:18:24,119 - INFO - load | 2 | (0.30000000000000004, 0.8500000000000001) | 7 | 0 | {17, 14} | 704| 31.67999999999999 | 263.6017433566214 
2021-10-15 23:18:24,176 - INFO - load | 2 | (0.30000000000000004, 0.9) | 7 | 0 | {17, 14} | 704| 21.11999999999998 | 263.6017433566214 
2021-10-15 23:18:24,230 - INFO - load | 2 | (0.30000000000000004, 0.9500000000000001) | 7 | 0 | {17, 14} | 704| 10.55999999999997 | 263.6017433566214 
2021-10-15 23:18:24,287 - INFO - load | 2 | (0.30000000000000004, 1.0) | 7 | 0 | {17, 14} | 704| 0.0 | 263.6017433566214 
2021-10-15 23:18:24,365 - INFO - compute | 2 | (0.35000000000000003, 0.0) | 4 | 0 | {17, 14} | 313| 109.55000000000001 | 141.3945858504606 
2021-10-15 23:18:24,431 - INFO - load | 2 | (0.35000000000000003, 0.05) | 4 | 0 | {17, 14} | 313| 104.0725 | 141.3945858504606 
2021-10-15 23:18:24,493 - INFO - load | 2 | (0.35000000000000003, 0.1) | 4 | 0 | {17, 14} | 313| 98.59500000000001 | 141.3945858504606 
2021-10-15 23:18:24,558 - INFO - load | 2 | (0.35000000000000003, 0.15000000000000002) | 4 | 0 | {17, 14} | 313| 93.1175 | 141.3945858504606 
2021-10-15 23:18:24,620 - INFO - load | 2 | (0.35000000000000003, 0.2) | 4 | 0 | {17, 14} | 313| 87.64000000000001 | 141.3945858504606 
2021-10-15 23:18:24,682 - INFO - load | 2 | (0.35000000000000003, 0.25) | 4 | 0 | {17, 14} | 313| 82.16250000000001 | 141.3945858504606 
2021-10-15 23:18:24,744 - INFO - load | 2 | (0.35000000000000003, 0.30000000000000004) | 4 | 0 | {17, 14} | 313| 76.685 | 141.3945858504606 
2021-10-15 23:18:24,807 - INFO - load | 2 | (0.35000000000000003, 0.35000000000000003) | 4 | 0 | {17, 14} | 313| 71.2075 | 141.3945858504606 
2021-10-15 23:18:24,869 - INFO - load | 2 | (0.35000000000000003, 0.4) | 4 | 0 | {17, 14} | 313| 65.73 | 141.3945858504606 
2021-10-15 23:18:24,939 - INFO - load | 2 | (0.35000000000000003, 0.45) | 4 | 0 | {17, 14} | 313| 60.252500000000005 | 141.3945858504606 
2021-10-15 23:18:25,002 - INFO - load | 2 | (0.35000000000000003, 0.5) | 4 | 0 | {17, 14} | 313| 54.775000000000006 | 141.3945858504606 
2021-10-15 23:18:25,065 - INFO - load | 2 | (0.35000000000000003, 0.55) | 4 | 0 | {17, 14} | 313| 49.2975 | 141.3945858504606 
2021-10-15 23:18:25,127 - INFO - load | 2 | (0.35000000000000003, 0.6000000000000001) | 4 | 0 | {17, 14} | 313| 43.81999999999999 | 141.3945858504606 
2021-10-15 23:18:25,189 - INFO - load | 2 | (0.35000000000000003, 0.65) | 4 | 0 | {17, 14} | 313| 38.3425 | 141.3945858504606 
2021-10-15 23:18:25,255 - INFO - load | 2 | (0.35000000000000003, 0.7000000000000001) | 4 | 0 | {17, 14} | 313| 32.864999999999995 | 141.3945858504606 
2021-10-15 23:18:25,317 - INFO - load | 2 | (0.35000000000000003, 0.75) | 4 | 0 | {17, 14} | 313| 27.387500000000006 | 141.3945858504606 
2021-10-15 23:18:25,381 - INFO - load | 2 | (0.35000000000000003, 0.8) | 4 | 0 | {17, 14} | 313| 21.910000000000004 | 141.3945858504606 
2021-10-15 23:18:25,446 - INFO - load | 2 | (0.35000000000000003, 0.8500000000000001) | 4 | 0 | {17, 14} | 313| 16.432499999999997 | 141.3945858504606 
2021-10-15 23:18:25,512 - INFO - load | 2 | (0.35000000000000003, 0.9) | 4 | 0 | {17, 14} | 313| 10.954999999999993 | 141.3945858504606 
2021-10-15 23:18:25,576 - INFO - load | 2 | (0.35000000000000003, 0.9500000000000001) | 4 | 0 | {17, 14} | 313| 5.477499999999988 | 141.3945858504606 
2021-10-15 23:18:25,662 - INFO - compute | 2 | (0.35000000000000003, 1.0) | 4 | 1 | {17, 14} | 313| 0.0 | 141.3945858504606 
2021-10-15 23:18:25,746 - INFO - compute | 2 | (0.4, 0.0) | 3 | 0 | {17, 14} | 190| 76.0 | 96.41387048873203 
2021-10-15 23:18:25,816 - INFO - load | 2 | (0.4, 0.05) | 3 | 0 | {17, 14} | 190| 72.2 | 96.41387048873203 
2021-10-15 23:18:25,887 - INFO - load | 2 | (0.4, 0.1) | 3 | 0 | {17, 14} | 190| 68.39999999999999 | 96.41387048873203 
2021-10-15 23:18:25,961 - INFO - load | 2 | (0.4, 0.15000000000000002) | 3 | 0 | {17, 14} | 190| 64.60000000000001 | 96.41387048873203 
2021-10-15 23:18:26,036 - INFO - load | 2 | (0.4, 0.2) | 3 | 0 | {17, 14} | 190| 60.800000000000004 | 96.41387048873203 
2021-10-15 23:18:26,107 - INFO - load | 2 | (0.4, 0.25) | 3 | 0 | {17, 14} | 190| 57.00000000000001 | 96.41387048873203 
2021-10-15 23:18:26,179 - INFO - load | 2 | (0.4, 0.30000000000000004) | 3 | 0 | {17, 14} | 190| 53.2 | 96.41387048873203 
2021-10-15 23:18:26,252 - INFO - load | 2 | (0.4, 0.35000000000000003) | 3 | 0 | {17, 14} | 190| 49.4 | 96.41387048873203 
2021-10-15 23:18:26,327 - INFO - load | 2 | (0.4, 0.4) | 3 | 0 | {17, 14} | 190| 45.6 | 96.41387048873203 
2021-10-15 23:18:26,402 - INFO - load | 2 | (0.4, 0.45) | 3 | 0 | {17, 14} | 190| 41.8 | 96.41387048873203 
2021-10-15 23:18:26,472 - INFO - load | 2 | (0.4, 0.5) | 3 | 0 | {17, 14} | 190| 38.0 | 96.41387048873203 
2021-10-15 23:18:26,543 - INFO - load | 2 | (0.4, 0.55) | 3 | 0 | {17, 14} | 190| 34.199999999999996 | 96.41387048873203 
2021-10-15 23:18:26,617 - INFO - load | 2 | (0.4, 0.6000000000000001) | 3 | 0 | {17, 14} | 190| 30.399999999999995 | 96.41387048873203 
2021-10-15 23:18:26,687 - INFO - load | 2 | (0.4, 0.65) | 3 | 0 | {17, 14} | 190| 26.6 | 96.41387048873203 
2021-10-15 23:18:26,760 - INFO - load | 2 | (0.4, 0.7000000000000001) | 3 | 0 | {17, 14} | 190| 22.8 | 96.41387048873203 
2021-10-15 23:18:26,832 - INFO - load | 2 | (0.4, 0.75) | 3 | 0 | {17, 14} | 190| 18.999999999999996 | 96.41387048873203 
2021-10-15 23:18:26,904 - INFO - load | 2 | (0.4, 0.8) | 3 | 0 | {17, 14} | 190| 15.199999999999992 | 96.41387048873203 
2021-10-15 23:18:26,976 - INFO - load | 2 | (0.4, 0.8500000000000001) | 3 | 0 | {17, 14} | 190| 11.39999999999999 | 96.41387048873203 
2021-10-15 23:18:27,075 - INFO - compute | 2 | (0.4, 0.9) | 3 | 1 | {17, 14} | 190| 7.599999999999996 | 96.41387048873203 
2021-10-15 23:18:27,175 - INFO - compute | 2 | (0.4, 0.9500000000000001) | 3 | 2 | {17, 14} | 190| 3.7999999999999927 | 96.41387048873203 
2021-10-15 23:18:27,255 - INFO - load | 2 | (0.4, 1.0) | 3 | 2 | {17, 14} | 190| 0.0 | 96.41387048873203 
2021-10-15 23:18:27,334 - INFO - compute | 2 | (0.45, 0.0) | 1 | 0 | {17} | 0| 0.0 | 0.0 
2021-10-15 23:18:27,415 - INFO - load | 2 | (0.45, 0.05) | 1 | 0 | {17} | 0| 0.0 | 0.0 
2021-10-15 23:18:27,502 - INFO - load | 2 | (0.45, 0.1) | 1 | 0 | {17} | 0| 0.0 | 0.0 
2021-10-15 23:18:27,582 - INFO - load | 2 | (0.45, 0.15000000000000002) | 1 | 0 | {17} | 0| 0.0 | 0.0 
2021-10-15 23:18:27,663 - INFO - load | 2 | (0.45, 0.2) | 1 | 0 | {17} | 0| 0.0 | 0.0 
2021-10-15 23:18:27,742 - INFO - load | 2 | (0.45, 0.25) | 1 | 0 | {17} | 0| 0.0 | 0.0 
2021-10-15 23:18:27,820 - INFO - load | 2 | (0.45, 0.30000000000000004) | 1 | 0 | {17} | 0| 0.0 | 0.0 
2021-10-15 23:18:27,899 - INFO - load | 2 | (0.45, 0.35000000000000003) | 1 | 0 | {17} | 0| 0.0 | 0.0 
2021-10-15 23:18:27,979 - INFO - load | 2 | (0.45, 0.4) | 1 | 0 | {17} | 0| 0.0 | 0.0 
2021-10-15 23:18:28,061 - INFO - load | 2 | (0.45, 0.45) | 1 | 0 | {17} | 0| 0.0 | 0.0 
2021-10-15 23:18:28,139 - INFO - load | 2 | (0.45, 0.5) | 1 | 0 | {17} | 0| 0.0 | 0.0 
2021-10-15 23:18:28,218 - INFO - load | 2 | (0.45, 0.55) | 1 | 0 | {17} | 0| 0.0 | 0.0 
2021-10-15 23:18:28,298 - INFO - load | 2 | (0.45, 0.6000000000000001) | 1 | 0 | {17} | 0| 0.0 | 0.0 
2021-10-15 23:18:28,375 - INFO - load | 2 | (0.45, 0.65) | 1 | 0 | {17} | 0| 0.0 | 0.0 
2021-10-15 23:18:28,456 - INFO - load | 2 | (0.45, 0.7000000000000001) | 1 | 0 | {17} | 0| 0.0 | 0.0 
2021-10-15 23:18:28,536 - INFO - load | 2 | (0.45, 0.75) | 1 | 0 | {17} | 0| 0.0 | 0.0 
2021-10-15 23:18:28,622 - INFO - compute | 2 | (0.45, 0.8) | 1 | 1 | {17} | 0| 0.0 | 0.0 
2021-10-15 23:18:28,709 - INFO - compute | 2 | (0.45, 0.8500000000000001) | 1 | 2 | {17} | 0| 0.0 | 0.0 
2021-10-15 23:18:28,796 - INFO - load | 2 | (0.45, 0.9) | 1 | 2 | {17} | 0| 0.0 | 0.0 
2021-10-15 23:18:28,886 - INFO - compute | 2 | (0.45, 0.9500000000000001) | 1 | 3 | {17} | 0| 0.0 | 0.0 
2021-10-15 23:18:28,974 - INFO - load | 2 | (0.45, 1.0) | 1 | 3 | {17} | 0| 0.0 | 0.0 
2021-10-15 23:18:29,056 - INFO - load | 2 | (0.5, 0.0) | 1 | 0 | {17} | 0| 0.0 | 0.0 
2021-10-15 23:18:29,135 - INFO - load | 2 | (0.5, 0.05) | 1 | 0 | {17} | 0| 0.0 | 0.0 
2021-10-15 23:18:29,214 - INFO - load | 2 | (0.5, 0.1) | 1 | 0 | {17} | 0| 0.0 | 0.0 
2021-10-15 23:18:29,295 - INFO - load | 2 | (0.5, 0.15000000000000002) | 1 | 0 | {17} | 0| 0.0 | 0.0 
2021-10-15 23:18:29,374 - INFO - load | 2 | (0.5, 0.2) | 1 | 0 | {17} | 0| 0.0 | 0.0 
2021-10-15 23:18:29,456 - INFO - load | 2 | (0.5, 0.25) | 1 | 0 | {17} | 0| 0.0 | 0.0 
2021-10-15 23:18:29,533 - INFO - load | 2 | (0.5, 0.30000000000000004) | 1 | 0 | {17} | 0| 0.0 | 0.0 
2021-10-15 23:18:29,611 - INFO - load | 2 | (0.5, 0.35000000000000003) | 1 | 0 | {17} | 0| 0.0 | 0.0 
2021-10-15 23:18:29,693 - INFO - load | 2 | (0.5, 0.4) | 1 | 0 | {17} | 0| 0.0 | 0.0 
2021-10-15 23:18:29,770 - INFO - load | 2 | (0.5, 0.45) | 1 | 0 | {17} | 0| 0.0 | 0.0 
2021-10-15 23:18:29,848 - INFO - load | 2 | (0.5, 0.5) | 1 | 0 | {17} | 0| 0.0 | 0.0 
2021-10-15 23:18:29,926 - INFO - load | 2 | (0.5, 0.55) | 1 | 0 | {17} | 0| 0.0 | 0.0 
2021-10-15 23:18:30,005 - INFO - load | 2 | (0.5, 0.6000000000000001) | 1 | 0 | {17} | 0| 0.0 | 0.0 
2021-10-15 23:18:30,084 - INFO - load | 2 | (0.5, 0.65) | 1 | 0 | {17} | 0| 0.0 | 0.0 
2021-10-15 23:18:30,169 - INFO - load | 2 | (0.5, 0.7000000000000001) | 1 | 1 | {17} | 0| 0.0 | 0.0 
2021-10-15 23:18:30,256 - INFO - load | 2 | (0.5, 0.75) | 1 | 2 | {17} | 0| 0.0 | 0.0 
2021-10-15 23:18:30,340 - INFO - load | 2 | (0.5, 0.8) | 1 | 2 | {17} | 0| 0.0 | 0.0 
2021-10-15 23:18:30,427 - INFO - load | 2 | (0.5, 0.8500000000000001) | 1 | 3 | {17} | 0| 0.0 | 0.0 
2021-10-15 23:18:30,514 - INFO - load | 2 | (0.5, 0.9) | 1 | 3 | {17} | 0| 0.0 | 0.0 
2021-10-15 23:18:30,602 - INFO - load | 2 | (0.5, 0.9500000000000001) | 1 | 3 | {17} | 0| 0.0 | 0.0 
2021-10-15 23:18:30,699 - INFO - compute | 2 | (0.5, 1.0) | 1 | 4 | {17} | 0| 0.0 | 0.0 
2021-10-15 23:18:30,779 - INFO - load | 2 | (0.55, 0.0) | 1 | 0 | {17} | 0| 0.0 | 0.0 
2021-10-15 23:18:30,859 - INFO - load | 2 | (0.55, 0.05) | 1 | 0 | {17} | 0| 0.0 | 0.0 
2021-10-15 23:18:30,938 - INFO - load | 2 | (0.55, 0.1) | 1 | 0 | {17} | 0| 0.0 | 0.0 
2021-10-15 23:18:31,017 - INFO - load | 2 | (0.55, 0.15000000000000002) | 1 | 0 | {17} | 0| 0.0 | 0.0 
2021-10-15 23:18:31,097 - INFO - load | 2 | (0.55, 0.2) | 1 | 0 | {17} | 0| 0.0 | 0.0 
2021-10-15 23:18:31,180 - INFO - load | 2 | (0.55, 0.25) | 1 | 0 | {17} | 0| 0.0 | 0.0 
2021-10-15 23:18:31,259 - INFO - load | 2 | (0.55, 0.30000000000000004) | 1 | 0 | {17} | 0| 0.0 | 0.0 
2021-10-15 23:18:31,337 - INFO - load | 2 | (0.55, 0.35000000000000003) | 1 | 0 | {17} | 0| 0.0 | 0.0 
2021-10-15 23:18:31,415 - INFO - load | 2 | (0.55, 0.4) | 1 | 0 | {17} | 0| 0.0 | 0.0 
2021-10-15 23:18:31,493 - INFO - load | 2 | (0.55, 0.45) | 1 | 0 | {17} | 0| 0.0 | 0.0 
2021-10-15 23:18:31,573 - INFO - load | 2 | (0.55, 0.5) | 1 | 0 | {17} | 0| 0.0 | 0.0 
2021-10-15 23:18:31,652 - INFO - load | 2 | (0.55, 0.55) | 1 | 0 | {17} | 0| 0.0 | 0.0 
2021-10-15 23:18:31,734 - INFO - load | 2 | (0.55, 0.6000000000000001) | 1 | 0 | {17} | 0| 0.0 | 0.0 
2021-10-15 23:18:31,819 - INFO - load | 2 | (0.55, 0.65) | 1 | 1 | {17} | 0| 0.0 | 0.0 
2021-10-15 23:18:31,903 - INFO - load | 2 | (0.55, 0.7000000000000001) | 1 | 2 | {17} | 0| 0.0 | 0.0 
2021-10-15 23:18:31,988 - INFO - load | 2 | (0.55, 0.75) | 1 | 2 | {17} | 0| 0.0 | 0.0 
2021-10-15 23:18:32,074 - INFO - load | 2 | (0.55, 0.8) | 1 | 3 | {17} | 0| 0.0 | 0.0 
2021-10-15 23:18:32,162 - INFO - load | 2 | (0.55, 0.8500000000000001) | 1 | 3 | {17} | 0| 0.0 | 0.0 
2021-10-15 23:18:32,257 - INFO - load | 2 | (0.55, 0.9) | 1 | 4 | {17} | 0| 0.0 | 0.0 
2021-10-15 23:18:32,354 - INFO - load | 2 | (0.55, 0.9500000000000001) | 1 | 4 | {17} | 0| 0.0 | 0.0 
2021-10-15 23:18:32,459 - INFO - compute | 2 | (0.55, 1.0) | 1 | 5 | {17} | 0| 0.0 | 0.0 
2021-10-15 23:18:32,539 - INFO - load | 2 | (0.6000000000000001, 0.0) | 1 | 0 | {17} | 0| 0.0 | 0.0 
2021-10-15 23:18:32,616 - INFO - load | 2 | (0.6000000000000001, 0.05) | 1 | 0 | {17} | 0| 0.0 | 0.0 
2021-10-15 23:18:32,695 - INFO - load | 2 | (0.6000000000000001, 0.1) | 1 | 0 | {17} | 0| 0.0 | 0.0 
2021-10-15 23:18:32,773 - INFO - load | 2 | (0.6000000000000001, 0.15000000000000002) | 1 | 0 | {17} | 0| 0.0 | 0.0 
2021-10-15 23:18:32,852 - INFO - load | 2 | (0.6000000000000001, 0.2) | 1 | 0 | {17} | 0| 0.0 | 0.0 
2021-10-15 23:18:32,928 - INFO - load | 2 | (0.6000000000000001, 0.25) | 1 | 0 | {17} | 0| 0.0 | 0.0 
2021-10-15 23:18:33,025 - INFO - load | 2 | (0.6000000000000001, 0.30000000000000004) | 1 | 0 | {17} | 0| 0.0 | 0.0 
2021-10-15 23:18:33,106 - INFO - load | 2 | (0.6000000000000001, 0.35000000000000003) | 1 | 0 | {17} | 0| 0.0 | 0.0 
2021-10-15 23:18:33,185 - INFO - load | 2 | (0.6000000000000001, 0.4) | 1 | 0 | {17} | 0| 0.0 | 0.0 
2021-10-15 23:18:33,275 - INFO - load | 2 | (0.6000000000000001, 0.45) | 1 | 0 | {17} | 0| 0.0 | 0.0 
2021-10-15 23:18:33,355 - INFO - load | 2 | (0.6000000000000001, 0.5) | 1 | 0 | {17} | 0| 0.0 | 0.0 
2021-10-15 23:18:33,445 - INFO - load | 2 | (0.6000000000000001, 0.55) | 1 | 0 | {17} | 0| 0.0 | 0.0 
2021-10-15 23:18:33,531 - INFO - load | 2 | (0.6000000000000001, 0.6000000000000001) | 1 | 1 | {17} | 0| 0.0 | 0.0 
2021-10-15 23:18:33,617 - INFO - load | 2 | (0.6000000000000001, 0.65) | 1 | 2 | {17} | 0| 0.0 | 0.0 
2021-10-15 23:18:33,704 - INFO - load | 2 | (0.6000000000000001, 0.7000000000000001) | 1 | 3 | {17} | 0| 0.0 | 0.0 
2021-10-15 23:18:33,789 - INFO - load | 2 | (0.6000000000000001, 0.75) | 1 | 3 | {17} | 0| 0.0 | 0.0 
2021-10-15 23:18:33,875 - INFO - load | 2 | (0.6000000000000001, 0.8) | 1 | 3 | {17} | 0| 0.0 | 0.0 
2021-10-15 23:18:33,968 - INFO - load | 2 | (0.6000000000000001, 0.8500000000000001) | 1 | 4 | {17} | 0| 0.0 | 0.0 
2021-10-15 23:18:34,077 - INFO - load | 2 | (0.6000000000000001, 0.9) | 1 | 5 | {17} | 0| 0.0 | 0.0 
2021-10-15 23:18:34,203 - INFO - load | 2 | (0.6000000000000001, 0.9500000000000001) | 1 | 5 | {17} | 0| 0.0 | 0.0 
2021-10-15 23:18:34,305 - INFO - load | 2 | (0.6000000000000001, 1.0) | 1 | 5 | {17} | 0| 0.0 | 0.0 
2021-10-15 23:18:34,386 - INFO - load | 2 | (0.65, 0.0) | 1 | 0 | {17} | 0| 0.0 | 0.0 
2021-10-15 23:18:34,467 - INFO - load | 2 | (0.65, 0.05) | 1 | 0 | {17} | 0| 0.0 | 0.0 
2021-10-15 23:18:34,546 - INFO - load | 2 | (0.65, 0.1) | 1 | 0 | {17} | 0| 0.0 | 0.0 
2021-10-15 23:18:34,627 - INFO - load | 2 | (0.65, 0.15000000000000002) | 1 | 0 | {17} | 0| 0.0 | 0.0 
2021-10-15 23:18:34,705 - INFO - load | 2 | (0.65, 0.2) | 1 | 0 | {17} | 0| 0.0 | 0.0 
2021-10-15 23:18:34,784 - INFO - load | 2 | (0.65, 0.25) | 1 | 0 | {17} | 0| 0.0 | 0.0 
2021-10-15 23:18:34,863 - INFO - load | 2 | (0.65, 0.30000000000000004) | 1 | 0 | {17} | 0| 0.0 | 0.0 
2021-10-15 23:18:34,945 - INFO - load | 2 | (0.65, 0.35000000000000003) | 1 | 0 | {17} | 0| 0.0 | 0.0 
2021-10-15 23:18:35,024 - INFO - load | 2 | (0.65, 0.4) | 1 | 0 | {17} | 0| 0.0 | 0.0 
2021-10-15 23:18:35,102 - INFO - load | 2 | (0.65, 0.45) | 1 | 0 | {17} | 0| 0.0 | 0.0 
2021-10-15 23:18:35,180 - INFO - load | 2 | (0.65, 0.5) | 1 | 0 | {17} | 0| 0.0 | 0.0 
2021-10-15 23:18:35,265 - INFO - load | 2 | (0.65, 0.55) | 1 | 1 | {17} | 0| 0.0 | 0.0 
2021-10-15 23:18:35,352 - INFO - load | 2 | (0.65, 0.6000000000000001) | 1 | 2 | {17} | 0| 0.0 | 0.0 
2021-10-15 23:18:35,437 - INFO - load | 2 | (0.65, 0.65) | 1 | 3 | {17} | 0| 0.0 | 0.0 
2021-10-15 23:18:35,523 - INFO - load | 2 | (0.65, 0.7000000000000001) | 1 | 3 | {17} | 0| 0.0 | 0.0 
2021-10-15 23:18:35,608 - INFO - load | 2 | (0.65, 0.75) | 1 | 3 | {17} | 0| 0.0 | 0.0 
2021-10-15 23:18:35,701 - INFO - load | 2 | (0.65, 0.8) | 1 | 4 | {17} | 0| 0.0 | 0.0 
2021-10-15 23:18:35,804 - INFO - load | 2 | (0.65, 0.8500000000000001) | 1 | 5 | {17} | 0| 0.0 | 0.0 
2021-10-15 23:18:35,919 - INFO - load | 2 | (0.65, 0.9) | 1 | 5 | {17} | 0| 0.0 | 0.0 
2021-10-15 23:18:36,031 - INFO - load | 2 | (0.65, 0.9500000000000001) | 1 | 5 | {17} | 0| 0.0 | 0.0 
2021-10-15 23:18:36,160 - INFO - compute | 2 | (0.65, 1.0) | 1 | 7 | {17} | 0| 0.0 | 0.0 
2021-10-15 23:18:36,275 - INFO - compute | 2 | (0.7000000000000001, 0.0) | 0 | 0 | set() | 0| 0.0 | 0 
2021-10-15 23:18:36,392 - INFO - load | 2 | (0.7000000000000001, 0.05) | 0 | 0 | set() | 0| 0.0 | 0 
2021-10-15 23:18:36,510 - INFO - load | 2 | (0.7000000000000001, 0.1) | 0 | 0 | set() | 0| 0.0 | 0 
2021-10-15 23:18:36,627 - INFO - load | 2 | (0.7000000000000001, 0.15000000000000002) | 0 | 0 | set() | 0| 0.0 | 0 
2021-10-15 23:18:36,746 - INFO - load | 2 | (0.7000000000000001, 0.2) | 0 | 0 | set() | 0| 0.0 | 0 
2021-10-15 23:18:36,898 - INFO - load | 2 | (0.7000000000000001, 0.25) | 0 | 0 | set() | 0| 0.0 | 0 
2021-10-15 23:18:37,040 - INFO - load | 2 | (0.7000000000000001, 0.30000000000000004) | 0 | 0 | set() | 0| 0.0 | 0 
2021-10-15 23:18:37,159 - INFO - load | 2 | (0.7000000000000001, 0.35000000000000003) | 0 | 0 | set() | 0| 0.0 | 0 
2021-10-15 23:18:37,285 - INFO - load | 2 | (0.7000000000000001, 0.4) | 0 | 0 | set() | 0| 0.0 | 0 
2021-10-15 23:18:37,406 - INFO - load | 2 | (0.7000000000000001, 0.45) | 0 | 0 | set() | 0| 0.0 | 0 
2021-10-15 23:18:37,527 - INFO - compute | 2 | (0.7000000000000001, 0.5) | 0 | 1 | set() | 0| 0.0 | 0 
2021-10-15 23:18:37,651 - INFO - compute | 2 | (0.7000000000000001, 0.55) | 0 | 2 | set() | 0| 0.0 | 0 
2021-10-15 23:18:37,812 - INFO - compute | 2 | (0.7000000000000001, 0.6000000000000001) | 0 | 3 | set() | 0| 0.0 | 0 
2021-10-15 23:18:38,011 - INFO - load | 2 | (0.7000000000000001, 0.65) | 0 | 3 | set() | 0| 0.0 | 0 
2021-10-15 23:18:38,176 - INFO - load | 2 | (0.7000000000000001, 0.7000000000000001) | 0 | 3 | set() | 0| 0.0 | 0 
2021-10-15 23:18:38,337 - INFO - compute | 2 | (0.7000000000000001, 0.75) | 0 | 4 | set() | 0| 0.0 | 0 
2021-10-15 23:18:38,495 - INFO - compute | 2 | (0.7000000000000001, 0.8) | 0 | 5 | set() | 0| 0.0 | 0 
2021-10-15 23:18:38,653 - INFO - load | 2 | (0.7000000000000001, 0.8500000000000001) | 0 | 5 | set() | 0| 0.0 | 0 
2021-10-15 23:18:38,786 - INFO - compute | 2 | (0.7000000000000001, 0.9) | 0 | 6 | set() | 0| 0.0 | 0 
2021-10-15 23:18:38,910 - INFO - compute | 2 | (0.7000000000000001, 0.9500000000000001) | 0 | 8 | set() | 0| 0.0 | 0 
2021-10-15 23:18:39,039 - INFO - compute | 2 | (0.7000000000000001, 1.0) | 0 | 9 | set() | 0| 0.0 | 0 
2021-10-15 23:18:39,158 - INFO - load | 2 | (0.75, 0.0) | 0 | 0 | set() | 0| 0.0 | 0 
2021-10-15 23:18:39,274 - INFO - load | 2 | (0.75, 0.05) | 0 | 0 | set() | 0| 0.0 | 0 
2021-10-15 23:18:39,392 - INFO - load | 2 | (0.75, 0.1) | 0 | 0 | set() | 0| 0.0 | 0 
2021-10-15 23:18:39,509 - INFO - load | 2 | (0.75, 0.15000000000000002) | 0 | 0 | set() | 0| 0.0 | 0 
2021-10-15 23:18:39,629 - INFO - load | 2 | (0.75, 0.2) | 0 | 0 | set() | 0| 0.0 | 0 
2021-10-15 23:18:39,748 - INFO - load | 2 | (0.75, 0.25) | 0 | 0 | set() | 0| 0.0 | 0 
2021-10-15 23:18:39,864 - INFO - load | 2 | (0.75, 0.30000000000000004) | 0 | 0 | set() | 0| 0.0 | 0 
2021-10-15 23:18:39,985 - INFO - load | 2 | (0.75, 0.35000000000000003) | 0 | 0 | set() | 0| 0.0 | 0 
2021-10-15 23:18:40,104 - INFO - load | 2 | (0.75, 0.4) | 0 | 0 | set() | 0| 0.0 | 0 
2021-10-15 23:18:40,226 - INFO - load | 2 | (0.75, 0.45) | 0 | 0 | set() | 0| 0.0 | 0 
2021-10-15 23:18:40,352 - INFO - load | 2 | (0.75, 0.5) | 0 | 2 | set() | 0| 0.0 | 0 
2021-10-15 23:18:40,476 - INFO - load | 2 | (0.75, 0.55) | 0 | 2 | set() | 0| 0.0 | 0 
2021-10-15 23:18:40,599 - INFO - load | 2 | (0.75, 0.6000000000000001) | 0 | 3 | set() | 0| 0.0 | 0 
2021-10-15 23:18:40,725 - INFO - load | 2 | (0.75, 0.65) | 0 | 3 | set() | 0| 0.0 | 0 
2021-10-15 23:18:40,851 - INFO - load | 2 | (0.75, 0.7000000000000001) | 0 | 4 | set() | 0| 0.0 | 0 
2021-10-15 23:18:40,975 - INFO - load | 2 | (0.75, 0.75) | 0 | 5 | set() | 0| 0.0 | 0 
2021-10-15 23:18:41,099 - INFO - load | 2 | (0.75, 0.8) | 0 | 5 | set() | 0| 0.0 | 0 
2021-10-15 23:18:41,228 - INFO - load | 2 | (0.75, 0.8500000000000001) | 0 | 6 | set() | 0| 0.0 | 0 
2021-10-15 23:18:41,358 - INFO - load | 2 | (0.75, 0.9) | 0 | 8 | set() | 0| 0.0 | 0 
2021-10-15 23:18:41,493 - INFO - compute | 2 | (0.75, 0.9500000000000001) | 0 | 12 | set() | 0| 0.0 | 0 
2021-10-15 23:18:41,626 - INFO - compute | 2 | (0.75, 1.0) | 0 | 22 | set() | 0| 0.0 | 0 
2021-10-15 23:18:41,743 - INFO - load | 2 | (0.8, 0.0) | 0 | 0 | set() | 0| 0.0 | 0 
2021-10-15 23:18:41,860 - INFO - load | 2 | (0.8, 0.05) | 0 | 0 | set() | 0| 0.0 | 0 
2021-10-15 23:18:41,980 - INFO - load | 2 | (0.8, 0.1) | 0 | 0 | set() | 0| 0.0 | 0 
2021-10-15 23:18:42,100 - INFO - load | 2 | (0.8, 0.15000000000000002) | 0 | 0 | set() | 0| 0.0 | 0 
2021-10-15 23:18:42,218 - INFO - load | 2 | (0.8, 0.2) | 0 | 0 | set() | 0| 0.0 | 0 
2021-10-15 23:18:42,336 - INFO - load | 2 | (0.8, 0.25) | 0 | 0 | set() | 0| 0.0 | 0 
2021-10-15 23:18:42,453 - INFO - load | 2 | (0.8, 0.30000000000000004) | 0 | 0 | set() | 0| 0.0 | 0 
2021-10-15 23:18:42,572 - INFO - load | 2 | (0.8, 0.35000000000000003) | 0 | 0 | set() | 0| 0.0 | 0 
2021-10-15 23:18:42,689 - INFO - load | 2 | (0.8, 0.4) | 0 | 0 | set() | 0| 0.0 | 0 
2021-10-15 23:18:42,810 - INFO - load | 2 | (0.8, 0.45) | 0 | 1 | set() | 0| 0.0 | 0 
2021-10-15 23:18:42,935 - INFO - load | 2 | (0.8, 0.5) | 0 | 2 | set() | 0| 0.0 | 0 
2021-10-15 23:18:43,062 - INFO - load | 2 | (0.8, 0.55) | 0 | 3 | set() | 0| 0.0 | 0 
2021-10-15 23:18:43,185 - INFO - load | 2 | (0.8, 0.6000000000000001) | 0 | 3 | set() | 0| 0.0 | 0 
2021-10-15 23:18:43,312 - INFO - load | 2 | (0.8, 0.65) | 0 | 4 | set() | 0| 0.0 | 0 
2021-10-15 23:18:43,439 - INFO - load | 2 | (0.8, 0.7000000000000001) | 0 | 5 | set() | 0| 0.0 | 0 
2021-10-15 23:18:43,561 - INFO - load | 2 | (0.8, 0.75) | 0 | 5 | set() | 0| 0.0 | 0 
2021-10-15 23:18:43,684 - INFO - load | 2 | (0.8, 0.8) | 0 | 6 | set() | 0| 0.0 | 0 
2021-10-15 23:18:43,807 - INFO - load | 2 | (0.8, 0.8500000000000001) | 0 | 8 | set() | 0| 0.0 | 0 
2021-10-15 23:18:43,947 - INFO - compute | 2 | (0.8, 0.9) | 0 | 14 | set() | 0| 0.0 | 0 
2021-10-15 23:18:44,090 - INFO - compute | 2 | (0.8, 0.9500000000000001) | 0 | 24 | set() | 0| 0.0 | 0 
2021-10-15 23:18:44,233 - INFO - compute | 2 | (0.8, 1.0) | 0 | 58 | set() | 0| 0.0 | 0 
2021-10-15 23:18:44,352 - INFO - load | 2 | (0.8500000000000001, 0.0) | 0 | 0 | set() | 0| 0.0 | 0 
2021-10-15 23:18:44,473 - INFO - load | 2 | (0.8500000000000001, 0.05) | 0 | 0 | set() | 0| 0.0 | 0 
2021-10-15 23:18:44,590 - INFO - load | 2 | (0.8500000000000001, 0.1) | 0 | 0 | set() | 0| 0.0 | 0 
2021-10-15 23:18:44,710 - INFO - load | 2 | (0.8500000000000001, 0.15000000000000002) | 0 | 0 | set() | 0| 0.0 | 0 
2021-10-15 23:18:44,836 - INFO - load | 2 | (0.8500000000000001, 0.2) | 0 | 0 | set() | 0| 0.0 | 0 
2021-10-15 23:18:44,965 - INFO - load | 2 | (0.8500000000000001, 0.25) | 0 | 0 | set() | 0| 0.0 | 0 
2021-10-15 23:18:45,088 - INFO - load | 2 | (0.8500000000000001, 0.30000000000000004) | 0 | 0 | set() | 0| 0.0 | 0 
2021-10-15 23:18:45,211 - INFO - load | 2 | (0.8500000000000001, 0.35000000000000003) | 0 | 0 | set() | 0| 0.0 | 0 
2021-10-15 23:18:45,330 - INFO - load | 2 | (0.8500000000000001, 0.4) | 0 | 0 | set() | 0| 0.0 | 0 
2021-10-15 23:18:45,453 - INFO - load | 2 | (0.8500000000000001, 0.45) | 0 | 2 | set() | 0| 0.0 | 0 
2021-10-15 23:18:45,575 - INFO - load | 2 | (0.8500000000000001, 0.5) | 0 | 3 | set() | 0| 0.0 | 0 
2021-10-15 23:18:45,698 - INFO - load | 2 | (0.8500000000000001, 0.55) | 0 | 3 | set() | 0| 0.0 | 0 
2021-10-15 23:18:45,824 - INFO - load | 2 | (0.8500000000000001, 0.6000000000000001) | 0 | 4 | set() | 0| 0.0 | 0 
2021-10-15 23:18:45,949 - INFO - load | 2 | (0.8500000000000001, 0.65) | 0 | 5 | set() | 0| 0.0 | 0 
2021-10-15 23:18:46,073 - INFO - load | 2 | (0.8500000000000001, 0.7000000000000001) | 0 | 5 | set() | 0| 0.0 | 0 
2021-10-15 23:18:46,203 - INFO - load | 2 | (0.8500000000000001, 0.75) | 0 | 6 | set() | 0| 0.0 | 0 
2021-10-15 23:18:46,326 - INFO - load | 2 | (0.8500000000000001, 0.8) | 0 | 8 | set() | 0| 0.0 | 0 
2021-10-15 23:18:46,475 - INFO - compute | 2 | (0.8500000000000001, 0.8500000000000001) | 0 | 15 | set() | 0| 0.0 | 0 
2021-10-15 23:18:46,624 - INFO - compute | 2 | (0.8500000000000001, 0.9) | 0 | 25 | set() | 0| 0.0 | 0 
2021-10-15 23:18:46,773 - INFO - compute | 2 | (0.8500000000000001, 0.9500000000000001) | 0 | 66 | set() | 0| 0.0 | 0 
2021-10-15 23:18:46,922 - INFO - compute | 2 | (0.8500000000000001, 1.0) | 0 | 220 | set() | 0| 0.0 | 0 
2021-10-15 23:18:47,044 - INFO - load | 2 | (0.9, 0.0) | 0 | 0 | set() | 0| 0.0 | 0 
2021-10-15 23:18:47,165 - INFO - load | 2 | (0.9, 0.05) | 0 | 0 | set() | 0| 0.0 | 0 
2021-10-15 23:18:47,285 - INFO - load | 2 | (0.9, 0.1) | 0 | 0 | set() | 0| 0.0 | 0 
2021-10-15 23:18:47,402 - INFO - load | 2 | (0.9, 0.15000000000000002) | 0 | 0 | set() | 0| 0.0 | 0 
2021-10-15 23:18:47,521 - INFO - load | 2 | (0.9, 0.2) | 0 | 0 | set() | 0| 0.0 | 0 
2021-10-15 23:18:47,639 - INFO - load | 2 | (0.9, 0.25) | 0 | 0 | set() | 0| 0.0 | 0 
2021-10-15 23:18:47,762 - INFO - load | 2 | (0.9, 0.30000000000000004) | 0 | 0 | set() | 0| 0.0 | 0 
2021-10-15 23:18:47,882 - INFO - load | 2 | (0.9, 0.35000000000000003) | 0 | 0 | set() | 0| 0.0 | 0 
2021-10-15 23:18:48,006 - INFO - load | 2 | (0.9, 0.4) | 0 | 1 | set() | 0| 0.0 | 0 
2021-10-15 23:18:48,127 - INFO - load | 2 | (0.9, 0.45) | 0 | 2 | set() | 0| 0.0 | 0 
2021-10-15 23:18:48,247 - INFO - load | 2 | (0.9, 0.5) | 0 | 3 | set() | 0| 0.0 | 0 
2021-10-15 23:18:48,374 - INFO - load | 2 | (0.9, 0.55) | 0 | 4 | set() | 0| 0.0 | 0 
2021-10-15 23:18:48,500 - INFO - load | 2 | (0.9, 0.6000000000000001) | 0 | 5 | set() | 0| 0.0 | 0 
2021-10-15 23:18:48,626 - INFO - load | 2 | (0.9, 0.65) | 0 | 5 | set() | 0| 0.0 | 0 
2021-10-15 23:18:48,750 - INFO - load | 2 | (0.9, 0.7000000000000001) | 0 | 6 | set() | 0| 0.0 | 0 
2021-10-15 23:18:48,877 - INFO - load | 2 | (0.9, 0.75) | 0 | 8 | set() | 0| 0.0 | 0 
2021-10-15 23:18:49,017 - INFO - load | 2 | (0.9, 0.8) | 0 | 14 | set() | 0| 0.0 | 0 
2021-10-15 23:18:49,167 - INFO - load | 2 | (0.9, 0.8500000000000001) | 0 | 25 | set() | 0| 0.0 | 0 
2021-10-15 23:18:49,324 - INFO - compute | 2 | (0.9, 0.9) | 0 | 70 | set() | 0| 0.0 | 0 
2021-10-15 23:18:49,478 - INFO - compute | 2 | (0.9, 0.9500000000000001) | 0 | 261 | set() | 0| 0.0 | 0 
2021-10-15 23:18:49,633 - INFO - compute | 2 | (0.9, 1.0) | 0 | 1000 | set() | 0| 0.0 | 0 
2021-10-15 23:18:49,751 - INFO - load | 2 | (0.9500000000000001, 0.0) | 0 | 0 | set() | 0| 0.0 | 0 
2021-10-15 23:18:49,867 - INFO - load | 2 | (0.9500000000000001, 0.05) | 0 | 0 | set() | 0| 0.0 | 0 
2021-10-15 23:18:49,984 - INFO - load | 2 | (0.9500000000000001, 0.1) | 0 | 0 | set() | 0| 0.0 | 0 
2021-10-15 23:18:50,101 - INFO - load | 2 | (0.9500000000000001, 0.15000000000000002) | 0 | 0 | set() | 0| 0.0 | 0 
2021-10-15 23:18:50,220 - INFO - load | 2 | (0.9500000000000001, 0.2) | 0 | 0 | set() | 0| 0.0 | 0 
2021-10-15 23:18:50,337 - INFO - load | 2 | (0.9500000000000001, 0.25) | 0 | 0 | set() | 0| 0.0 | 0 
2021-10-15 23:18:50,454 - INFO - load | 2 | (0.9500000000000001, 0.30000000000000004) | 0 | 0 | set() | 0| 0.0 | 0 
2021-10-15 23:18:50,570 - INFO - load | 2 | (0.9500000000000001, 0.35000000000000003) | 0 | 0 | set() | 0| 0.0 | 0 
2021-10-15 23:18:50,696 - INFO - load | 2 | (0.9500000000000001, 0.4) | 0 | 2 | set() | 0| 0.0 | 0 
2021-10-15 23:18:50,818 - INFO - load | 2 | (0.9500000000000001, 0.45) | 0 | 3 | set() | 0| 0.0 | 0 
2021-10-15 23:18:50,939 - INFO - load | 2 | (0.9500000000000001, 0.5) | 0 | 3 | set() | 0| 0.0 | 0 
2021-10-15 23:18:51,062 - INFO - load | 2 | (0.9500000000000001, 0.55) | 0 | 4 | set() | 0| 0.0 | 0 
2021-10-15 23:18:51,185 - INFO - load | 2 | (0.9500000000000001, 0.6000000000000001) | 0 | 5 | set() | 0| 0.0 | 0 
2021-10-15 23:18:51,309 - INFO - load | 2 | (0.9500000000000001, 0.65) | 0 | 5 | set() | 0| 0.0 | 0 
2021-10-15 23:18:51,432 - INFO - load | 2 | (0.9500000000000001, 0.7000000000000001) | 0 | 8 | set() | 0| 0.0 | 0 
2021-10-15 23:18:51,564 - INFO - load | 2 | (0.9500000000000001, 0.75) | 0 | 12 | set() | 0| 0.0 | 0 
2021-10-15 23:18:51,704 - INFO - load | 2 | (0.9500000000000001, 0.8) | 0 | 24 | set() | 0| 0.0 | 0 
2021-10-15 23:18:51,853 - INFO - load | 2 | (0.9500000000000001, 0.8500000000000001) | 0 | 66 | set() | 0| 0.0 | 0 
2021-10-15 23:18:52,011 - INFO - load | 2 | (0.9500000000000001, 0.9) | 0 | 261 | set() | 0| 0.0 | 0 
2021-10-15 23:18:52,168 - INFO - load | 2 | (0.9500000000000001, 0.9500000000000001) | 0 | 1000 | set() | 0| 0.0 | 0 
2021-10-15 23:18:52,324 - INFO - load | 2 | (0.9500000000000001, 1.0) | 0 | 1000 | set() | 0| 0.0 | 0 
2021-10-15 23:18:52,440 - INFO - load | 2 | (1.0, 0.0) | 0 | 0 | set() | 0| 0.0 | 0 
2021-10-15 23:18:52,556 - INFO - load | 2 | (1.0, 0.05) | 0 | 0 | set() | 0| 0.0 | 0 
2021-10-15 23:18:52,675 - INFO - load | 2 | (1.0, 0.1) | 0 | 0 | set() | 0| 0.0 | 0 
2021-10-15 23:18:52,794 - INFO - load | 2 | (1.0, 0.15000000000000002) | 0 | 0 | set() | 0| 0.0 | 0 
2021-10-15 23:18:52,914 - INFO - load | 2 | (1.0, 0.2) | 0 | 0 | set() | 0| 0.0 | 0 
2021-10-15 23:18:53,032 - INFO - load | 2 | (1.0, 0.25) | 0 | 0 | set() | 0| 0.0 | 0 
2021-10-15 23:18:53,149 - INFO - load | 2 | (1.0, 0.30000000000000004) | 0 | 0 | set() | 0| 0.0 | 0 
2021-10-15 23:18:53,269 - INFO - load | 2 | (1.0, 0.35000000000000003) | 0 | 1 | set() | 0| 0.0 | 0 
2021-10-15 23:18:53,401 - INFO - load | 2 | (1.0, 0.4) | 0 | 2 | set() | 0| 0.0 | 0 
2021-10-15 23:18:53,530 - INFO - load | 2 | (1.0, 0.45) | 0 | 3 | set() | 0| 0.0 | 0 
2021-10-15 23:18:53,654 - INFO - load | 2 | (1.0, 0.5) | 0 | 4 | set() | 0| 0.0 | 0 
2021-10-15 23:18:53,777 - INFO - load | 2 | (1.0, 0.55) | 0 | 5 | set() | 0| 0.0 | 0 
2021-10-15 23:18:53,902 - INFO - load | 2 | (1.0, 0.6000000000000001) | 0 | 5 | set() | 0| 0.0 | 0 
2021-10-15 23:18:54,073 - INFO - compute | 2 | (1.0, 0.65) | 0 | 7 | set() | 0| 0.0 | 0 
2021-10-15 23:18:54,199 - INFO - load | 2 | (1.0, 0.7000000000000001) | 0 | 9 | set() | 0| 0.0 | 0 
2021-10-15 23:18:54,336 - INFO - load | 2 | (1.0, 0.75) | 0 | 22 | set() | 0| 0.0 | 0 
2021-10-15 23:18:54,480 - INFO - load | 2 | (1.0, 0.8) | 0 | 58 | set() | 0| 0.0 | 0 
2021-10-15 23:18:54,628 - INFO - load | 2 | (1.0, 0.8500000000000001) | 0 | 220 | set() | 0| 0.0 | 0 
2021-10-15 23:18:54,787 - INFO - load | 2 | (1.0, 0.9) | 0 | 1000 | set() | 0| 0.0 | 0 
2021-10-15 23:18:54,951 - INFO - load | 2 | (1.0, 0.9500000000000001) | 0 | 1000 | set() | 0| 0.0 | 0 
2021-10-15 23:18:55,105 - INFO - load | 2 | (1.0, 1.0) | 0 | 1000 | set() | 0| 0.0 | 0 
