0	0.3	(0.0,0.30000000000000004)	109,	455		109	455		172, 109	876		172, 109	876		17, 172, 109	1279		17, 172, 109	1279		17, 172, 109	1279		17, 172, 109	1279
0	0.4	(0.0,0.4)	109,	455		109	455		172, 109	876		172, 109	876		17, 172, 109	1279		17, 172, 109	1279		17, 172, 109	1279		17, 172, 109	1279
0	0.5	(0.0,0.5)	49,	751		49	751		205, 49	1267		49, 205	1267		172, 205, 49	1646		49, 109, 205	1352		74, 172, 205, 49	1961		49, 109, 172, 205	1731
0	0.6	(0.0,0.6000000000000001)	49,	751		49	751		167, 49	1351		49, 169	1295		167, 169, 49	1895		49, 169, 167	1895		65, 167, 169, 49	2405		65, 49, 169, 167	2405
0	0.7	(0.0,0.7000000000000001)	49,	751		49	751		49, 125	1398		49, 125	1398		169, 49, 125	1942		49, 169, 125	1942		167, 169, 49, 125	2428		49, 169, 125, 167	2428
0	0.8	(0.0,0.8)	150,	914		150	914		1, 150	1668		1, 150	1668		1, 150, 61	2242		1, 150, 49	2236		1, 150, 61, 125	2815		1, 125, 150, 49	2785
0	0.9	(0.0,0.9)	150,	914		150	914		1, 150	1668		46, 150	1568		1, 150, 149	2302		46, 1, 150	2246		1, 150, 149, 49	2870		46, 1, 150, 49	2780
0	1	(0.0,1.0)	150,	914		150	914		1, 150	1668		46, 150	1568		1, 150, 149	2302		46, 1, 150	2246		1, 150, 149, 49	2870		46, 1, 150, 49	2780
0.1	0.3	(0.1,0.30000000000000004)	109,	441		109	441		172, 109	831		172, 109	831		17, 172, 109	1207		17, 172, 109	1207		17, 172, 109	1207		17, 172, 109	1207
0.1	0.4	(0.1,0.4)	109,	441		109	441		172, 109	831		172, 109	831		17, 172, 109	1207		17, 172, 109	1207		17, 172, 109	1207		17, 172, 109	1207
0.1	0.5	(0.1,0.5)	49,	702		49	702		205, 49	1200		49, 205	1200		172, 205, 49	1551		49, 109, 205	1283		74, 172, 205, 49	1853		49, 109, 172, 205	1634
0.1	0.6	(0.1,0.6000000000000001)	49,	702		49	702		167, 49	1261		49, 169	1219		167, 169, 49	1778		49, 169, 167	1778		65, 167, 169, 49	2266		65, 49, 169, 167	2266
0.1	0.7	(0.1,0.7000000000000001)	49,	702		49	702		49, 125	1320		49, 125	1320		169, 49, 125	1837		49, 169, 125	1837		169, 49, 205, 125	2294		49, 169, 125, 167	2290
0.1	0.8	(0.1,0.8)	150,	857		150	857		1, 150	1562		1, 150	1562		1, 150, 125	2113		1, 150, 49	2094		1, 150, 61, 125	2661		1, 125, 150, 49	2622
0.1	0.9	(0.1,0.9)	150,	857		150	857		1, 150	1562		46, 150	1476		1, 150, 149	2167		46, 1, 150	2111		1, 150, 149, 49	2699		46, 1, 150, 49	2611
0.1	1	(0.1,1.0)	150,	857		150	857		1, 150	1562		46, 150	1476		1, 150, 149	2167		46, 1, 150	2111		1, 150, 149, 49	2699		46, 1, 150, 49	2611
0.2	0.3	(0.2,0.30000000000000004)	109,	393		109	393		172, 109	742		172, 109	742		17, 172, 109	1069		17, 172, 109	1069		17, 172, 109	1069		17, 172, 109	1069
0.2	0.4	(0.2,0.4)	109,	393		109	393		172, 109	742		172, 109	742		17, 172, 109	1069		17, 172, 109	1069		17, 172, 109	1069		17, 172, 109	1069
0.2	0.5	(0.2,0.5)	49,	599		49	599		205, 49	1043		49, 205	1043		172, 205, 49	1357		49, 109, 205	1116		74, 172, 205, 49	1628		49, 109, 172, 205	1430
0.2	0.6	(0.2,0.6000000000000001)	49,	599		49	599		167, 49	1098		49, 169	1050		167, 169, 49	1549		49, 169, 167	1549		65, 167, 169, 49	1978		65, 49, 169, 167	1978
0.2	0.7	(0.2,0.7000000000000001)	49,	599		49	599		49, 125	1145		49, 125	1145		169, 49, 125	1596		49, 169, 125	1596		169, 49, 205, 125	2002		49, 169, 125, 167	2001
0.2	0.8	(0.2,0.8)	150,	762		150	762		150, 49	1361		49, 150	1361		1, 150, 61	1856		49, 150, 1	1815		1, 150, 61, 125	2344		49, 125, 150, 1	2283
0.2	0.9	(0.2,0.9)	150,	762		150	762		150, 49	1361		46, 150	1295		150, 149, 49	1910		46, 49, 150	1821		1, 150, 149, 49	2364		46, 49, 150, 1	2264
0.2	1	(0.2,1.0)	150,	762		150	762		150, 49	1361		46, 150	1295		150, 149, 49	1910		46, 49, 150	1821		1, 150, 149, 49	2364		46, 49, 150, 1	2264
0.3	0.3	(0.30000000000000004,0.30000000000000004)	109,	259		109	259		17, 109	477		17, 109	477		17, 172, 109	693		17, 172, 109	693		17, 172, 109	693		17, 172, 109	693
0.3	0.4	(0.30000000000000004,0.4)	109,	259		109	259		17, 109	477		17, 109	477		17, 172, 109	693		17, 172, 109	693		17, 172, 109	693		17, 172, 109	693
0.3	0.5	(0.30000000000000004,0.5)	49,	421		49	421		205, 49	716		49, 205	716		172, 205, 49	902		49, 109, 205	765		172, 205, 17, 49	1046		49, 109, 205, 17	909
0.3	0.6	(0.30000000000000004,0.6000000000000001)	49,	421		49	421		169, 49	729		49, 169	729		167, 169, 49	1026		49, 169, 167	1026		167, 169, 205, 49	1295		49, 169, 205, 167	1295
0.3	0.7	(0.30000000000000004,0.7000000000000001)	49,	421		49	421		49, 125	730		49, 169	729		169, 49, 125	1038		49, 169, 125	1038		169, 49, 205, 125	1307		49, 169, 125, 167	1276
0.3	0.8	(0.30000000000000004,0.8)	150,	440		150	440		150, 49	861		49, 150	861		150, 49, 205	1156		49, 150, 1	1154		1, 150, 49, 205	1449		49, 169, 150, 1	1430
0.3	0.9	(0.30000000000000004,0.9)	150,	440		150	440		150, 49	861		46, 150	796		150, 149, 49	1175		46, 49, 150	1163		1, 150, 149, 49	1468		46, 49, 150, 1	1450
0.3	1	(0.30000000000000004,1.0)	150,	440		150	440		150, 49	861		46, 150	796		150, 149, 49	1175		46, 49, 150	1163		1, 150, 149, 49	1468		46, 49, 150, 1	1450
0.4	0.3	(0.4,0.30000000000000004)	109,	187		109	187		17, 109	332		17, 109	332		17, 172, 109	470		17, 172, 109	470		17, 172, 109	470		17, 172, 109	470
0.4	0.4	(0.4,0.4)	109,	187		109	187		17, 109	332		17, 109	332		17, 172, 109	470		17, 172, 109	470		17, 172, 109	470		17, 172, 109	470
0.4	0.5	(0.4,0.5)	49,	292		49	292		205, 49	505		49, 205	505		172, 205, 49	620		49, 109, 205	541		172, 205, 17, 49	714		49, 109, 205, 17	635
0.4	0.6	(0.4,0.6000000000000001)	49,	292		49	292		205, 49	505		49, 169	500		169, 205, 49	695		49, 169, 205	695		167, 169, 205, 49	879		49, 109, 169, 205	731
0.4	0.7	(0.4,0.7000000000000001)	49,	292		49	292		49, 205	505		49, 169	500		49, 205, 125	706		49, 169, 205	695		169, 49, 205, 125	896		49, 125, 169, 205	896
0.4	0.8	(0.4,0.8)	49,	292		49	292		150, 49	568		49, 1	499		150, 49, 205	781		49, 150, 1	775		1, 150, 49, 205	988		169, 49, 150, 1	963
0.4	0.9	(0.4,0.9)	49,	292		49	292		150, 49	568		49, 1	499		150, 149, 49	783		46, 49, 1	738		1, 150, 149, 49	990		46, 49, 150, 1	970
0.4	1	(0.4,1.0)	49,	292		49	292		150, 49	568		49, 1	499		150, 149, 49	783		46, 49, 1	738		1, 150, 149, 49	990		46, 49, 150, 1	970
0.5	0.3	(0.5,0.30000000000000004)	109,	73		109	73		17, 109	125		17, 109	125		17, 172, 109	173		17, 172, 109	173		17, 172, 109	173		17, 172, 109	173
0.5	0.4	(0.5,0.4)	109,	73		109	73		17, 109	125		17, 109	125		17, 172, 109	173		17, 172, 109	173		17, 172, 109	173		17, 172, 109	173
0.5	0.5	(0.5,0.5)	49,	107		49	107		205, 49	189		49, 205	189		172, 205, 49	229		49, 109, 205	203		161, 172, 205, 49	264		49, 109, 161, 205	238
0.5	0.6	(0.5,0.6000000000000001)	49,	107		49	107		205, 49	189		49, 205	189		167, 205, 49	255		49, 169, 205	246		167, 169, 205, 49	312		49, 109, 169, 205	260
0.5	0.7	(0.5,0.7000000000000001)	49,	107		49	107		49, 205	189		49, 205	189		167, 49, 205	255		49, 169, 205	246		167, 169, 49, 205	312		49, 109, 169, 205	260
0.5	0.8	(0.5,0.8)	49,	107		49	107		150, 49	201		49, 1	180		150, 49, 205	283		49, 150, 1	274		1, 150, 49, 205	356		49, 150, 205, 1	356
0.5	0.9	(0.5,0.9)	49,	107		49	107		150, 49	201		49, 1	180		150, 49, 205	283		49, 150, 1	274		1, 150, 49, 205	356		46, 49, 150, 1	333
0.5	1	(0.5,1.0)	49,	107		49	107		150, 49	201		49, 1	180		150, 49, 205	283		49, 150, 1	274		1, 150, 49, 205	356		46, 49, 150, 1	333
0.6	0.3	(0.6000000000000001,0.30000000000000004)	109,	11		109	11		17, 109	20		17, 109	20		17, 172, 109	23		17, 172, 109	23		17, 172, 109	23		17, 172, 109	23
0.6	0.4	(0.6000000000000001,0.4)	109,	11		109	11		17, 109	20		17, 109	20		17, 172, 109	23		17, 172, 109	23		17, 172, 109	23		17, 172, 109	23
0.6	0.5	(0.6000000000000001,0.5)	49,	22		49	22		205, 49	35		49, 205	35		205, 49, 146	43		49, 109, 205	37		205, 17, 49, 146	49		49, 109, 205, 146	45
0.6	0.6	(0.6000000000000001,0.6000000000000001)	49,	22		49	22		169, 49	37		49, 169	37		169, 205, 49	49		49, 169, 31	42		169, 205, 17, 49	55		49, 169, 205, 31	54
0.6	0.7	(0.6000000000000001,0.7000000000000001)	49,	22		49	22		169, 49	37		49, 169	37		169, 49, 205	49		49, 169, 205	49		33, 169, 49, 205	58		49, 169, 205, 31	54
0.6	0.8	(0.6000000000000001,0.8)	49,	22		49	22		1, 169	38		49, 1	36		1, 169, 49	51		49, 169, 1	51		1, 169, 49, 205	63		49, 169, 1, 47	57
0.6	0.9	(0.6000000000000001,0.9)	49,	22		49	22		46, 49	39		49, 1	36		1, 46, 49	53		46, 49, 1	53		1, 46, 49, 205	65		46, 49, 169, 1	57
0.6	1	(0.6000000000000001,1.0)	49,	22		49	22		46, 49	39		49, 1	36		1, 46, 49	53		46, 49, 1	53		1, 46, 49, 205	65		46, 49, 169, 1	57
0.7	0.3	(0.7000000000000001,0.30000000000000004)	109,	11		109	11		17, 109	20		17, 109	20		17, 172, 109	23		17, 172, 109	23		17, 172, 109	23		17, 172, 109	23
0.7	0.4	(0.7000000000000001,0.4)	109,	11		109	11		17, 109	20		17, 109	20		17, 172, 109	23		17, 172, 109	23		17, 172, 109	23		17, 172, 109	23
0.7	0.5	(0.7000000000000001,0.5)	49,	22		49	22		205, 49	35		49, 205	35		205, 49, 146	43		49, 109, 205	37		205, 17, 49, 146	49		49, 109, 205, 146	45
0.7	0.6	(0.7000000000000001,0.6000000000000001)	49,	22		49	22		169, 49	37		49, 169	37		169, 205, 49	49		49, 169, 31	42		169, 205, 17, 49	55		49, 169, 205, 31	54
0.7	0.7	(0.7000000000000001,0.7000000000000001)	49,	22		49	22		169, 49	37		49, 169	37		169, 49, 205	49		49, 169, 205	49		33, 169, 49, 205	58		49, 169, 205, 31	54
0.7	0.8	(0.7000000000000001,0.8)	49,	22		49	22		1, 169	38		49, 1	36		1, 169, 49	51		49, 169, 1	51		1, 169, 49, 205	63		49, 169, 1, 47	57
0.7	0.9	(0.7000000000000001,0.9)	49,	22		49	22		46, 49	39		49, 1	36		1, 46, 49	53		46, 49, 1	53		1, 46, 49, 205	65		46, 49, 169, 1	57
0.7	1	(0.7000000000000001,1.0)	49,	22		49	22		46, 49	39		49, 1	36		1, 46, 49	53		46, 49, 1	53		1, 46, 49, 205	65		46, 49, 169, 1	57
