-136.5	-136.5	-262.8	-262.8	-383.7	-383.7	-383.7	-383.7	
-182.0	-182.0	-350.40000000000003	-350.40000000000003	-511.6	-511.6	-511.6	-511.6	
-375.5	-375.5	-633.5	-633.5	-823.0	-676.0	-980.5	-865.5	
-450.59999999999997	-450.59999999999997	-810.6	-777.0	-1137.0	-1137.0	-1443.0	-1443.0	
-525.6999999999999	-525.6999999999999	-978.5999999999999	-978.5999999999999	-1359.3999999999999	-1359.3999999999999	-1699.6	-1699.6	
-731.2	-731.2	-1334.4	-1334.4	-1793.6000000000001	-1788.8000000000002	-2252.0	-2228.0	
-822.6	-822.6	-1501.2	-1411.2	-2071.8	-2021.4	-2583.0	-2502.0	
-914.0	-914.0	-1668.0	-1568.0	-2302.0	-2246.0	-2870.0	-2780.0	
-88.19999999999999	-88.19999999999999	-166.2	-166.2	-241.39999999999998	-241.39999999999998	-241.39999999999998	-241.39999999999998	
-132.3	-132.3	-249.30000000000004	-249.30000000000004	-362.1000000000001	-362.1000000000001	-362.1000000000001	-362.1000000000001	
-280.8	-280.8	-480.0	-480.0	-620.4000000000001	-513.2	-741.2	-653.6	
-351.0	-351.0	-630.5	-609.5	-889.0	-889.0	-1133.0	-1133.0	
-421.2	-421.2	-792.0	-792.0	-1102.2	-1102.2	-1376.3999999999999	-1374.0	
-599.9000000000001	-599.9000000000001	-1093.4	-1093.4	-1479.1000000000001	-1465.8000000000002	-1862.7000000000003	-1835.4	
-685.6	-685.6	-1249.6000000000001	-1180.8	-1733.6000000000001	-1688.8000000000002	-2159.2000000000003	-2088.8	
-771.3000000000001	-771.3000000000001	-1405.8	-1328.4	-1950.3	-1899.9	-2429.1	-2349.9	
-39.29999999999999	-39.29999999999999	-74.19999999999999	-74.19999999999999	-106.89999999999998	-106.89999999999998	-106.89999999999998	-106.89999999999998	
-78.60000000000001	-78.60000000000001	-148.4	-148.4	-213.8	-213.8	-213.8	-213.8	
-179.7	-179.7	-312.9	-312.9	-407.09999999999997	-334.8	-488.4	-429.0	
-239.59999999999997	-239.59999999999997	-439.2	-419.99999999999994	-619.5999999999999	-619.5999999999999	-791.1999999999999	-791.1999999999999	
-299.49999999999994	-299.49999999999994	-572.4999999999999	-572.4999999999999	-797.9999999999999	-797.9999999999999	-1000.9999999999999	-1000.4999999999999	
-457.20000000000005	-457.20000000000005	-816.6000000000001	-816.6000000000001	-1113.6000000000001	-1089.0000000000002	-1406.4000000000003	-1369.8000000000002	
-533.4	-533.4	-952.6999999999999	-906.4999999999999	-1337.0	-1274.6999999999998	-1654.8	-1584.8	
-609.6	-609.6	-1088.8	-1036.0	-1528.0	-1456.8000000000002	-1891.2	-1811.2	
0.0	0.0	0.0	0.0	0.0	0.0	0.0	0.0	
-25.90000000000001	-25.90000000000001	-47.70000000000002	-47.70000000000002	-69.30000000000003	-69.30000000000003	-69.30000000000003	-69.30000000000003	
-84.2	-84.2	-143.20000000000002	-143.20000000000002	-180.4	-153.0	-209.20000000000002	-181.8	
-126.3	-126.3	-218.7	-218.7	-307.8	-307.8	-388.5	-388.5	
-168.39999999999998	-168.39999999999998	-292.0	-291.59999999999997	-415.2	-415.2	-522.8	-510.4	
-220.0	-220.0	-430.5	-430.5	-578.0	-577.0	-724.5	-715.0	
-264.00000000000006	-264.00000000000006	-516.6	-477.6000000000001	-705.0000000000001	-697.8000000000001	-880.8000000000002	-870.0000000000001	
-308.0	-308.0	-602.6999999999999	-557.1999999999999	-822.5	-814.0999999999999	-1027.6	-1014.9999999999999	
18.700000000000006	18.700000000000006	33.20000000000001	33.20000000000001	47.000000000000014	47.000000000000014	47.000000000000014	47.000000000000014	
0.0	0.0	0.0	0.0	0.0	0.0	0.0	0.0	
-29.199999999999992	-29.199999999999992	-50.499999999999986	-50.499999999999986	-61.999999999999986	-54.09999999999999	-71.39999999999998	-63.499999999999986	
-58.399999999999984	-58.399999999999984	-100.99999999999997	-99.99999999999997	-138.99999999999997	-138.99999999999997	-175.79999999999995	-146.19999999999996	
-87.59999999999998	-87.59999999999998	-151.49999999999997	-149.99999999999997	-211.79999999999995	-208.49999999999994	-268.79999999999995	-268.79999999999995	
-116.80000000000001	-116.80000000000001	-227.20000000000002	-199.60000000000002	-312.40000000000003	-310.0	-395.20000000000005	-385.20000000000005	
-146.0	-146.0	-284.0	-249.5	-391.5	-369.0	-495.0	-485.0	
-175.2	-175.2	-340.8	-299.4	-469.79999999999995	-442.8	-594.0	-582.0	
14.600000000000001	14.600000000000001	25.0	25.0	34.6	34.6	34.6	34.6	
7.299999999999998	7.299999999999998	12.499999999999996	12.499999999999996	17.299999999999997	17.299999999999997	17.299999999999997	17.299999999999997	
0.0	0.0	0.0	0.0	0.0	0.0	0.0	0.0	
-10.699999999999998	-10.699999999999998	-18.899999999999995	-18.899999999999995	-25.499999999999993	-24.599999999999994	-31.199999999999992	-25.999999999999993	
-21.399999999999995	-21.399999999999995	-37.79999999999999	-37.79999999999999	-50.999999999999986	-49.19999999999999	-62.399999999999984	-51.999999999999986	
-32.1	-32.1	-60.30000000000001	-54.00000000000001	-84.9	-82.20000000000002	-106.80000000000001	-106.80000000000001	
-42.800000000000004	-42.800000000000004	-80.4	-72.0	-113.2	-109.60000000000001	-142.4	-133.20000000000002	
-53.5	-53.5	-100.5	-90.0	-141.5	-137.0	-178.0	-166.5	
3.3	3.3	6.0	6.0	6.8999999999999995	6.8999999999999995	6.8999999999999995	6.8999999999999995	
2.1999999999999993	2.1999999999999993	3.999999999999999	3.999999999999999	4.599999999999999	4.599999999999999	4.599999999999999	4.599999999999999	
2.1999999999999993	2.1999999999999993	3.499999999999999	3.499999999999999	4.299999999999999	3.6999999999999993	4.899999999999999	4.499999999999999	
0.0	0.0	0.0	0.0	0.0	0.0	0.0	0.0	
-2.1999999999999993	-2.1999999999999993	-3.6999999999999993	-3.6999999999999993	-4.899999999999999	-4.899999999999999	-5.799999999999999	-5.399999999999999	
-4.400000000000001	-4.400000000000001	-7.600000000000002	-7.200000000000003	-10.200000000000003	-10.200000000000003	-12.600000000000005	-11.400000000000004	
-6.600000000000001	-6.600000000000001	-11.700000000000001	-10.8	-15.900000000000002	-15.900000000000002	-19.500000000000004	-17.1	
-8.8	-8.8	-15.600000000000001	-14.4	-21.200000000000003	-21.200000000000003	-26.0	-22.8	
4.3999999999999995	4.3999999999999995	7.999999999999999	7.999999999999999	9.2	9.2	9.2	9.2	
3.2999999999999994	3.2999999999999994	5.999999999999998	5.999999999999998	6.899999999999999	6.899999999999999	6.899999999999999	6.899999999999999	
4.399999999999999	4.399999999999999	6.999999999999998	6.999999999999998	8.599999999999998	7.399999999999999	9.799999999999997	8.999999999999998	
2.1999999999999993	2.1999999999999993	3.6999999999999993	3.6999999999999993	4.899999999999999	4.199999999999999	5.499999999999999	5.399999999999999	
0.0	0.0	0.0	0.0	0.0	0.0	0.0	0.0	
-2.200000000000002	-2.200000000000002	-3.8000000000000034	-3.600000000000003	-5.100000000000005	-5.100000000000005	-6.300000000000006	-5.700000000000005	
-4.400000000000001	-4.400000000000001	-7.8000000000000025	-7.200000000000003	-10.600000000000003	-10.600000000000003	-13.000000000000004	-11.400000000000004	
-6.600000000000001	-6.600000000000001	-11.700000000000001	-10.8	-15.900000000000002	-15.900000000000002	-19.500000000000004	-17.1	
